/home/jimmy/anaconda3/envs/diffae_bw/lib/python3.10/site-packages/lightning_fabric/__init__.py:41: pkg_resources is deprecated as an API. See https://setuptools.pypa.io/en/latest/pkg_resources.html. The pkg_resources package is slated for removal as early as 2025-11-30. Refrain from using this package or pin to Setuptools<81.
使用自動混合精度: torch.bfloat16
[設定] Log 檔案已設為: QATcode/cache_method/L1_L2_cosine/logs/similarity_model_input_blocks_13.log
2026-01-26 12:09:54,232 [INFO] Using 100 steps
2026-01-26 12:09:54,232 [INFO] Using 100 steps
2026-01-26 12:09:54,232 [INFO] Using 50000 evaluation samples
2026-01-26 12:09:54,232 [INFO] Using 50000 evaluation samples
2026-01-26 12:09:54,232 [INFO] Cache enabled: False, method: Res, threshold: 0.1
2026-01-26 12:09:54,232 [INFO] Cache enabled: False, method: Res, threshold: 0.1
2026-01-26 12:09:54,232 [INFO] Quantitative analysis enabled: False, samples: 10
2026-01-26 12:09:54,232 [INFO] Quantitative analysis enabled: False, samples: 10
2026-01-26 12:09:54,232 [INFO] Log file: QATcode/cache_method/L1_L2_cosine/logs/similarity_model_input_blocks_13.log
2026-01-26 12:09:54,232 [INFO] Log file: QATcode/cache_method/L1_L2_cosine/logs/similarity_model_input_blocks_13.log
2026-01-26 12:09:54,232 [INFO] ==================================================
2026-01-26 12:09:54,232 [INFO] ==================================================
2026-01-26 12:09:54,232 [INFO] Diff-AE EfficientDM Step 7 : 生成圖片
2026-01-26 12:09:54,232 [INFO] Diff-AE EfficientDM Step 7 : 生成圖片
2026-01-26 12:09:54,232 [INFO] ==================================================
2026-01-26 12:09:54,232 [INFO] ==================================================
2026-01-26 12:09:54,232 [INFO] 使用設備: cuda
2026-01-26 12:09:54,232 [INFO] 使用設備: cuda
2026-01-26 12:09:54,232 [INFO] === 新功能狀態 ===
2026-01-26 12:09:54,232 [INFO] === 新功能狀態 ===
2026-01-26 12:09:54,232 [INFO] 載入 Diff-AE 模型: checkpoints/ffhq128_autoenc_latent/last.ckpt
2026-01-26 12:09:54,232 [INFO] 載入 Diff-AE 模型: checkpoints/ffhq128_autoenc_latent/last.ckpt
Seed set to 0
Model params: 174.19 M
loading pretrain ... 130M
step: 1019986
loading latent stats ...
2026-01-26 12:09:57,149 [INFO] Diff-AE 模型載入完成
2026-01-26 12:09:57,149 [INFO] Diff-AE 模型載入完成
2026-01-26 12:09:57,193 [INFO] 執行 'load_diffae_model' 完成，耗時: 2.96 秒
2026-01-26 12:09:57,193 [INFO] 執行 'load_diffae_model' 完成，耗時: 2.96 秒
2026-01-26 12:09:57,193 [INFO] ✅ Diff-AE 模型載入成功
2026-01-26 12:09:57,193 [INFO] ✅ Diff-AE 模型載入成功
2026-01-26 12:09:57,193 [INFO] base_model.conf.train_mode: TrainMode.latent_diffusion
2026-01-26 12:09:57,193 [INFO] base_model.conf.train_mode: TrainMode.latent_diffusion
2026-01-26 12:09:57,193 [INFO] === 創建 LoRA 量化模型 ===
2026-01-26 12:09:57,193 [INFO] === 創建 LoRA 量化模型 ===
2026-01-26 12:09:57,193 [INFO] === 開始 UNet LoRA 量化改造 ===
2026-01-26 12:09:57,193 [INFO] === 開始 UNet LoRA 量化改造 ===
2026-01-26 12:09:57,193 [INFO] 改造模組: time_embed
2026-01-26 12:09:57,193 [INFO] 改造模組: time_embed
2026-01-26 12:09:57,193 [INFO]   跳過量化特殊模組: 0
2026-01-26 12:09:57,193 [INFO]   跳過量化特殊模組: 0
2026-01-26 12:09:57,197 [INFO]   跳過量化特殊模組: 2
2026-01-26 12:09:57,197 [INFO]   跳過量化特殊模組: 2
2026-01-26 12:09:57,203 [INFO] 改造模組: input_blocks
2026-01-26 12:09:57,203 [INFO] 改造模組: input_blocks
2026-01-26 12:09:57,203 [INFO]   跳過量化特殊模組: 0
2026-01-26 12:09:57,203 [INFO]   跳過量化特殊模組: 0
2026-01-26 12:09:57,203 [INFO]   替換層 2 -> QuantModule_DiffAE_LoRA
2026-01-26 12:09:57,203 [INFO]   替換層 2 -> QuantModule_DiffAE_LoRA
2026-01-26 12:09:57,300 [INFO]   替換層 1 -> QuantModule_DiffAE_LoRA
2026-01-26 12:09:57,300 [INFO]   替換層 1 -> QuantModule_DiffAE_LoRA
2026-01-26 12:09:57,307 [INFO]   替換層 1 -> QuantModule_DiffAE_LoRA
2026-01-26 12:09:57,307 [INFO]   替換層 1 -> QuantModule_DiffAE_LoRA
2026-01-26 12:09:57,313 [INFO]   替換層 3 -> QuantModule_DiffAE_LoRA
2026-01-26 12:09:57,313 [INFO]   替換層 3 -> QuantModule_DiffAE_LoRA
2026-01-26 12:09:57,318 [INFO]   替換層 2 -> QuantModule_DiffAE_LoRA
2026-01-26 12:09:57,318 [INFO]   替換層 2 -> QuantModule_DiffAE_LoRA
2026-01-26 12:09:57,323 [INFO]   替換層 1 -> QuantModule_DiffAE_LoRA
2026-01-26 12:09:57,323 [INFO]   替換層 1 -> QuantModule_DiffAE_LoRA
2026-01-26 12:09:57,329 [INFO]   替換層 1 -> QuantModule_DiffAE_LoRA
2026-01-26 12:09:57,329 [INFO]   替換層 1 -> QuantModule_DiffAE_LoRA
2026-01-26 12:09:57,334 [INFO]   替換層 3 -> QuantModule_DiffAE_LoRA
2026-01-26 12:09:57,334 [INFO]   替換層 3 -> QuantModule_DiffAE_LoRA
2026-01-26 12:09:57,340 [INFO]   替換層 2 -> QuantModule_DiffAE_LoRA
2026-01-26 12:09:57,340 [INFO]   替換層 2 -> QuantModule_DiffAE_LoRA
2026-01-26 12:09:57,341 [INFO]   替換層 1 -> QuantModule_DiffAE_LoRA
2026-01-26 12:09:57,341 [INFO]   替換層 1 -> QuantModule_DiffAE_LoRA
2026-01-26 12:09:57,341 [INFO]   替換層 1 -> QuantModule_DiffAE_LoRA
2026-01-26 12:09:57,341 [INFO]   替換層 1 -> QuantModule_DiffAE_LoRA
2026-01-26 12:09:57,342 [INFO]   替換層 3 -> QuantModule_DiffAE_LoRA
2026-01-26 12:09:57,342 [INFO]   替換層 3 -> QuantModule_DiffAE_LoRA
2026-01-26 12:09:57,342 [INFO]   替換層 2 -> QuantModule_DiffAE_LoRA
2026-01-26 12:09:57,342 [INFO]   替換層 2 -> QuantModule_DiffAE_LoRA
2026-01-26 12:09:57,343 [INFO]   替換層 1 -> QuantModule_DiffAE_LoRA
2026-01-26 12:09:57,343 [INFO]   替換層 1 -> QuantModule_DiffAE_LoRA
2026-01-26 12:09:57,343 [INFO]   替換層 1 -> QuantModule_DiffAE_LoRA
2026-01-26 12:09:57,343 [INFO]   替換層 1 -> QuantModule_DiffAE_LoRA
2026-01-26 12:09:57,344 [INFO]   替換層 3 -> QuantModule_DiffAE_LoRA
2026-01-26 12:09:57,344 [INFO]   替換層 3 -> QuantModule_DiffAE_LoRA
2026-01-26 12:09:57,344 [INFO]   替換層 2 -> QuantModule_DiffAE_LoRA
2026-01-26 12:09:57,344 [INFO]   替換層 2 -> QuantModule_DiffAE_LoRA
2026-01-26 12:09:57,345 [INFO]   替換層 1 -> QuantModule_DiffAE_LoRA
2026-01-26 12:09:57,345 [INFO]   替換層 1 -> QuantModule_DiffAE_LoRA
2026-01-26 12:09:57,346 [INFO]   替換層 1 -> QuantModule_DiffAE_LoRA
2026-01-26 12:09:57,346 [INFO]   替換層 1 -> QuantModule_DiffAE_LoRA
2026-01-26 12:09:57,346 [INFO]   替換層 3 -> QuantModule_DiffAE_LoRA
2026-01-26 12:09:57,346 [INFO]   替換層 3 -> QuantModule_DiffAE_LoRA
2026-01-26 12:09:57,347 [INFO]   替換層 2 -> QuantModule_DiffAE_LoRA
2026-01-26 12:09:57,347 [INFO]   替換層 2 -> QuantModule_DiffAE_LoRA
2026-01-26 12:09:57,347 [INFO]   替換層 1 -> QuantModule_DiffAE_LoRA
2026-01-26 12:09:57,347 [INFO]   替換層 1 -> QuantModule_DiffAE_LoRA
2026-01-26 12:09:57,348 [INFO]   替換層 1 -> QuantModule_DiffAE_LoRA
2026-01-26 12:09:57,348 [INFO]   替換層 1 -> QuantModule_DiffAE_LoRA
2026-01-26 12:09:57,349 [INFO]   替換層 3 -> QuantModule_DiffAE_LoRA
2026-01-26 12:09:57,349 [INFO]   替換層 3 -> QuantModule_DiffAE_LoRA
2026-01-26 12:09:57,349 [INFO]   替換層 2 -> QuantModule_DiffAE_LoRA
2026-01-26 12:09:57,349 [INFO]   替換層 2 -> QuantModule_DiffAE_LoRA
2026-01-26 12:09:57,350 [INFO]   替換層 1 -> QuantModule_DiffAE_LoRA
2026-01-26 12:09:57,350 [INFO]   替換層 1 -> QuantModule_DiffAE_LoRA
2026-01-26 12:09:57,351 [INFO]   替換層 1 -> QuantModule_DiffAE_LoRA
2026-01-26 12:09:57,351 [INFO]   替換層 1 -> QuantModule_DiffAE_LoRA
2026-01-26 12:09:57,352 [INFO]   替換層 3 -> QuantModule_DiffAE_LoRA
2026-01-26 12:09:57,352 [INFO]   替換層 3 -> QuantModule_DiffAE_LoRA
2026-01-26 12:09:57,353 [INFO]   跳過量化 skip connection: skip_connection
2026-01-26 12:09:57,353 [INFO]   跳過量化 skip connection: skip_connection
2026-01-26 12:09:57,353 [INFO]   替換層 2 -> QuantModule_DiffAE_LoRA
2026-01-26 12:09:57,353 [INFO]   替換層 2 -> QuantModule_DiffAE_LoRA
2026-01-26 12:09:57,355 [INFO]   替換層 1 -> QuantModule_DiffAE_LoRA
2026-01-26 12:09:57,355 [INFO]   替換層 1 -> QuantModule_DiffAE_LoRA
2026-01-26 12:09:57,356 [INFO]   替換層 1 -> QuantModule_DiffAE_LoRA
2026-01-26 12:09:57,356 [INFO]   替換層 1 -> QuantModule_DiffAE_LoRA
2026-01-26 12:09:57,356 [INFO]   替換層 3 -> QuantModule_DiffAE_LoRA
2026-01-26 12:09:57,356 [INFO]   替換層 3 -> QuantModule_DiffAE_LoRA
2026-01-26 12:09:57,358 [INFO]   替換層 2 -> QuantModule_DiffAE_LoRA
2026-01-26 12:09:57,358 [INFO]   替換層 2 -> QuantModule_DiffAE_LoRA
2026-01-26 12:09:57,359 [INFO]   替換層 1 -> QuantModule_DiffAE_LoRA
2026-01-26 12:09:57,359 [INFO]   替換層 1 -> QuantModule_DiffAE_LoRA
2026-01-26 12:09:57,360 [INFO]   替換層 1 -> QuantModule_DiffAE_LoRA
2026-01-26 12:09:57,360 [INFO]   替換層 1 -> QuantModule_DiffAE_LoRA
2026-01-26 12:09:57,361 [INFO]   替換層 3 -> QuantModule_DiffAE_LoRA
2026-01-26 12:09:57,361 [INFO]   替換層 3 -> QuantModule_DiffAE_LoRA
2026-01-26 12:09:57,362 [INFO]   替換層 2 -> QuantModule_DiffAE_LoRA
2026-01-26 12:09:57,362 [INFO]   替換層 2 -> QuantModule_DiffAE_LoRA
2026-01-26 12:09:57,365 [INFO]   替換層 1 -> QuantModule_DiffAE_LoRA
2026-01-26 12:09:57,365 [INFO]   替換層 1 -> QuantModule_DiffAE_LoRA
2026-01-26 12:09:57,366 [INFO]   替換層 1 -> QuantModule_DiffAE_LoRA
2026-01-26 12:09:57,366 [INFO]   替換層 1 -> QuantModule_DiffAE_LoRA
2026-01-26 12:09:57,367 [INFO]   替換層 3 -> QuantModule_DiffAE_LoRA
2026-01-26 12:09:57,367 [INFO]   替換層 3 -> QuantModule_DiffAE_LoRA
2026-01-26 12:09:57,370 [INFO]   跳過量化 skip connection: skip_connection
2026-01-26 12:09:57,370 [INFO]   跳過量化 skip connection: skip_connection
2026-01-26 12:09:57,371 [INFO]   替換層 2 -> QuantModule_DiffAE_LoRA
2026-01-26 12:09:57,371 [INFO]   替換層 2 -> QuantModule_DiffAE_LoRA
2026-01-26 12:09:57,374 [INFO]   替換層 1 -> QuantModule_DiffAE_LoRA
2026-01-26 12:09:57,374 [INFO]   替換層 1 -> QuantModule_DiffAE_LoRA
2026-01-26 12:09:57,378 [INFO]   替換層 1 -> QuantModule_DiffAE_LoRA
2026-01-26 12:09:57,379 [INFO]   替換層 3 -> QuantModule_DiffAE_LoRA
2026-01-26 12:09:57,378 [INFO]   替換層 1 -> QuantModule_DiffAE_LoRA
2026-01-26 12:09:57,379 [INFO]   替換層 3 -> QuantModule_DiffAE_LoRA
2026-01-26 12:09:57,382 [INFO]   替換層 2 -> QuantModule_DiffAE_LoRA
2026-01-26 12:09:57,382 [INFO]   替換層 2 -> QuantModule_DiffAE_LoRA
2026-01-26 12:09:57,386 [INFO]   替換層 1 -> QuantModule_DiffAE_LoRA
2026-01-26 12:09:57,386 [INFO]   替換層 1 -> QuantModule_DiffAE_LoRA
2026-01-26 12:09:57,387 [INFO]   替換層 1 -> QuantModule_DiffAE_LoRA
2026-01-26 12:09:57,387 [INFO]   替換層 1 -> QuantModule_DiffAE_LoRA
2026-01-26 12:09:57,388 [INFO]   替換層 3 -> QuantModule_DiffAE_LoRA
2026-01-26 12:09:57,388 [INFO]   替換層 3 -> QuantModule_DiffAE_LoRA
2026-01-26 12:09:57,391 [INFO]   替換層 2 -> QuantModule_DiffAE_LoRA
2026-01-26 12:09:57,391 [INFO]   替換層 2 -> QuantModule_DiffAE_LoRA
2026-01-26 12:09:57,396 [INFO]   替換層 1 -> QuantModule_DiffAE_LoRA
2026-01-26 12:09:57,396 [INFO]   替換層 1 -> QuantModule_DiffAE_LoRA
2026-01-26 12:09:57,399 [INFO]   替換層 1 -> QuantModule_DiffAE_LoRA
2026-01-26 12:09:57,399 [INFO]   替換層 1 -> QuantModule_DiffAE_LoRA
2026-01-26 12:09:57,400 [INFO]   替換層 3 -> QuantModule_DiffAE_LoRA
2026-01-26 12:09:57,400 [INFO]   替換層 3 -> QuantModule_DiffAE_LoRA
2026-01-26 12:09:57,406 [INFO]   跳過量化 skip connection: skip_connection
2026-01-26 12:09:57,406 [INFO]   跳過量化 skip connection: skip_connection
2026-01-26 12:09:57,406 [INFO]   替換層 2 -> QuantModule_DiffAE_LoRA
2026-01-26 12:09:57,406 [INFO]   替換層 2 -> QuantModule_DiffAE_LoRA
2026-01-26 12:09:57,416 [INFO]   替換層 1 -> QuantModule_DiffAE_LoRA
2026-01-26 12:09:57,416 [INFO]   替換層 1 -> QuantModule_DiffAE_LoRA
2026-01-26 12:09:57,421 [INFO]   替換層 1 -> QuantModule_DiffAE_LoRA
2026-01-26 12:09:57,421 [INFO]   替換層 1 -> QuantModule_DiffAE_LoRA
2026-01-26 12:09:57,427 [INFO]   替換層 3 -> QuantModule_DiffAE_LoRA
2026-01-26 12:09:57,427 [INFO]   替換層 3 -> QuantModule_DiffAE_LoRA
2026-01-26 12:09:57,434 [INFO] 改造模組: middle_block
2026-01-26 12:09:57,434 [INFO] 改造模組: middle_block
2026-01-26 12:09:57,434 [INFO]   替換層 2 -> QuantModule_DiffAE_LoRA
2026-01-26 12:09:57,434 [INFO]   替換層 2 -> QuantModule_DiffAE_LoRA
2026-01-26 12:09:57,446 [INFO]   替換層 1 -> QuantModule_DiffAE_LoRA
2026-01-26 12:09:57,446 [INFO]   替換層 1 -> QuantModule_DiffAE_LoRA
2026-01-26 12:09:57,451 [INFO]   替換層 1 -> QuantModule_DiffAE_LoRA
2026-01-26 12:09:57,451 [INFO]   替換層 1 -> QuantModule_DiffAE_LoRA
2026-01-26 12:09:57,456 [INFO]   替換層 3 -> QuantModule_DiffAE_LoRA
2026-01-26 12:09:57,456 [INFO]   替換層 3 -> QuantModule_DiffAE_LoRA
2026-01-26 12:09:57,468 [INFO]   替換層 2 -> QuantModule_DiffAE_LoRA
2026-01-26 12:09:57,468 [INFO]   替換層 2 -> QuantModule_DiffAE_LoRA
2026-01-26 12:09:57,481 [INFO]   替換層 1 -> QuantModule_DiffAE_LoRA
2026-01-26 12:09:57,481 [INFO]   替換層 1 -> QuantModule_DiffAE_LoRA
2026-01-26 12:09:57,486 [INFO]   替換層 1 -> QuantModule_DiffAE_LoRA
2026-01-26 12:09:57,486 [INFO]   替換層 1 -> QuantModule_DiffAE_LoRA
2026-01-26 12:09:57,489 [INFO]   替換層 3 -> QuantModule_DiffAE_LoRA
2026-01-26 12:09:57,489 [INFO]   替換層 3 -> QuantModule_DiffAE_LoRA
2026-01-26 12:09:57,501 [INFO] 改造模組: output_blocks
2026-01-26 12:09:57,501 [INFO]   替換層 2 -> QuantModule_DiffAE_LoRA
2026-01-26 12:09:57,501 [INFO] 改造模組: output_blocks
2026-01-26 12:09:57,501 [INFO]   替換層 2 -> QuantModule_DiffAE_LoRA
2026-01-26 12:09:57,521 [INFO]   替換層 1 -> QuantModule_DiffAE_LoRA
2026-01-26 12:09:57,521 [INFO]   替換層 1 -> QuantModule_DiffAE_LoRA
2026-01-26 12:09:57,526 [INFO]   替換層 1 -> QuantModule_DiffAE_LoRA
2026-01-26 12:09:57,526 [INFO]   替換層 1 -> QuantModule_DiffAE_LoRA
2026-01-26 12:09:57,531 [INFO]   替換層 3 -> QuantModule_DiffAE_LoRA
2026-01-26 12:09:57,531 [INFO]   替換層 3 -> QuantModule_DiffAE_LoRA
2026-01-26 12:09:57,537 [INFO]   跳過量化 skip connection: skip_connection
2026-01-26 12:09:57,538 [INFO]   替換層 2 -> QuantModule_DiffAE_LoRA
2026-01-26 12:09:57,537 [INFO]   跳過量化 skip connection: skip_connection
2026-01-26 12:09:57,538 [INFO]   替換層 2 -> QuantModule_DiffAE_LoRA
2026-01-26 12:09:57,553 [INFO]   替換層 1 -> QuantModule_DiffAE_LoRA
2026-01-26 12:09:57,553 [INFO]   替換層 1 -> QuantModule_DiffAE_LoRA
2026-01-26 12:09:57,561 [INFO]   替換層 1 -> QuantModule_DiffAE_LoRA
2026-01-26 12:09:57,561 [INFO]   替換層 1 -> QuantModule_DiffAE_LoRA
2026-01-26 12:09:57,566 [INFO]   替換層 3 -> QuantModule_DiffAE_LoRA
2026-01-26 12:09:57,566 [INFO]   替換層 3 -> QuantModule_DiffAE_LoRA
2026-01-26 12:09:57,577 [INFO]   跳過量化 skip connection: skip_connection
2026-01-26 12:09:57,577 [INFO]   替換層 2 -> QuantModule_DiffAE_LoRA
2026-01-26 12:09:57,577 [INFO]   跳過量化 skip connection: skip_connection
2026-01-26 12:09:57,577 [INFO]   替換層 2 -> QuantModule_DiffAE_LoRA
2026-01-26 12:09:57,591 [INFO]   替換層 1 -> QuantModule_DiffAE_LoRA
2026-01-26 12:09:57,591 [INFO]   替換層 1 -> QuantModule_DiffAE_LoRA
2026-01-26 12:09:57,597 [INFO]   替換層 1 -> QuantModule_DiffAE_LoRA
2026-01-26 12:09:57,597 [INFO]   替換層 1 -> QuantModule_DiffAE_LoRA
2026-01-26 12:09:57,601 [INFO]   替換層 3 -> QuantModule_DiffAE_LoRA
2026-01-26 12:09:57,601 [INFO]   替換層 3 -> QuantModule_DiffAE_LoRA
2026-01-26 12:09:57,607 [INFO]   跳過量化 skip connection: skip_connection
2026-01-26 12:09:57,608 [INFO]   替換層 2 -> QuantModule_DiffAE_LoRA
2026-01-26 12:09:57,607 [INFO]   跳過量化 skip connection: skip_connection
2026-01-26 12:09:57,608 [INFO]   替換層 2 -> QuantModule_DiffAE_LoRA
2026-01-26 12:09:57,619 [INFO]   替換層 1 -> QuantModule_DiffAE_LoRA
2026-01-26 12:09:57,619 [INFO]   替換層 1 -> QuantModule_DiffAE_LoRA
2026-01-26 12:09:57,624 [INFO]   替換層 1 -> QuantModule_DiffAE_LoRA
2026-01-26 12:09:57,624 [INFO]   替換層 1 -> QuantModule_DiffAE_LoRA
2026-01-26 12:09:57,632 [INFO]   替換層 3 -> QuantModule_DiffAE_LoRA
2026-01-26 12:09:57,632 [INFO]   替換層 3 -> QuantModule_DiffAE_LoRA
2026-01-26 12:09:57,641 [INFO]   替換層 2 -> QuantModule_DiffAE_LoRA
2026-01-26 12:09:57,641 [INFO]   替換層 2 -> QuantModule_DiffAE_LoRA
2026-01-26 12:09:57,652 [INFO]   替換層 1 -> QuantModule_DiffAE_LoRA
2026-01-26 12:09:57,652 [INFO]   替換層 1 -> QuantModule_DiffAE_LoRA
2026-01-26 12:09:57,657 [INFO]   替換層 1 -> QuantModule_DiffAE_LoRA
2026-01-26 12:09:57,660 [INFO]   替換層 3 -> QuantModule_DiffAE_LoRA
2026-01-26 12:09:57,657 [INFO]   替換層 1 -> QuantModule_DiffAE_LoRA
2026-01-26 12:09:57,660 [INFO]   替換層 3 -> QuantModule_DiffAE_LoRA
2026-01-26 12:09:57,664 [INFO]   跳過量化 skip connection: skip_connection
2026-01-26 12:09:57,664 [INFO]   跳過量化 skip connection: skip_connection
2026-01-26 12:09:57,664 [INFO]   替換層 2 -> QuantModule_DiffAE_LoRA
2026-01-26 12:09:57,664 [INFO]   替換層 2 -> QuantModule_DiffAE_LoRA
2026-01-26 12:09:57,672 [INFO]   替換層 1 -> QuantModule_DiffAE_LoRA
2026-01-26 12:09:57,672 [INFO]   替換層 1 -> QuantModule_DiffAE_LoRA
2026-01-26 12:09:57,678 [INFO]   替換層 1 -> QuantModule_DiffAE_LoRA
2026-01-26 12:09:57,678 [INFO]   替換層 1 -> QuantModule_DiffAE_LoRA
2026-01-26 12:09:57,681 [INFO]   替換層 3 -> QuantModule_DiffAE_LoRA
2026-01-26 12:09:57,681 [INFO]   替換層 3 -> QuantModule_DiffAE_LoRA
2026-01-26 12:09:57,690 [INFO]   跳過量化 skip connection: skip_connection
2026-01-26 12:09:57,690 [INFO]   跳過量化 skip connection: skip_connection
2026-01-26 12:09:57,690 [INFO]   替換層 2 -> QuantModule_DiffAE_LoRA
2026-01-26 12:09:57,690 [INFO]   替換層 2 -> QuantModule_DiffAE_LoRA
2026-01-26 12:09:57,699 [INFO]   替換層 1 -> QuantModule_DiffAE_LoRA
2026-01-26 12:09:57,699 [INFO]   替換層 1 -> QuantModule_DiffAE_LoRA
2026-01-26 12:09:57,707 [INFO]   替換層 1 -> QuantModule_DiffAE_LoRA
2026-01-26 12:09:57,707 [INFO]   替換層 1 -> QuantModule_DiffAE_LoRA
2026-01-26 12:09:57,711 [INFO]   替換層 3 -> QuantModule_DiffAE_LoRA
2026-01-26 12:09:57,711 [INFO]   替換層 3 -> QuantModule_DiffAE_LoRA
2026-01-26 12:09:57,720 [INFO]   跳過量化 skip connection: skip_connection
2026-01-26 12:09:57,720 [INFO]   跳過量化 skip connection: skip_connection
2026-01-26 12:09:57,720 [INFO]   替換層 2 -> QuantModule_DiffAE_LoRA
2026-01-26 12:09:57,720 [INFO]   替換層 2 -> QuantModule_DiffAE_LoRA
2026-01-26 12:09:57,728 [INFO]   替換層 1 -> QuantModule_DiffAE_LoRA
2026-01-26 12:09:57,728 [INFO]   替換層 1 -> QuantModule_DiffAE_LoRA
2026-01-26 12:09:57,734 [INFO]   替換層 1 -> QuantModule_DiffAE_LoRA
2026-01-26 12:09:57,734 [INFO]   替換層 1 -> QuantModule_DiffAE_LoRA
2026-01-26 12:09:57,738 [INFO]   替換層 3 -> QuantModule_DiffAE_LoRA
2026-01-26 12:09:57,738 [INFO]   替換層 3 -> QuantModule_DiffAE_LoRA
2026-01-26 12:09:57,745 [INFO]   替換層 2 -> QuantModule_DiffAE_LoRA
2026-01-26 12:09:57,745 [INFO]   替換層 2 -> QuantModule_DiffAE_LoRA
2026-01-26 12:09:57,749 [INFO]   替換層 1 -> QuantModule_DiffAE_LoRA
2026-01-26 12:09:57,749 [INFO]   替換層 1 -> QuantModule_DiffAE_LoRA
2026-01-26 12:09:57,752 [INFO]   替換層 1 -> QuantModule_DiffAE_LoRA
2026-01-26 12:09:57,752 [INFO]   替換層 1 -> QuantModule_DiffAE_LoRA
2026-01-26 12:09:57,752 [INFO]   替換層 3 -> QuantModule_DiffAE_LoRA
2026-01-26 12:09:57,752 [INFO]   替換層 3 -> QuantModule_DiffAE_LoRA
2026-01-26 12:09:57,754 [INFO]   跳過量化 skip connection: skip_connection
2026-01-26 12:09:57,754 [INFO]   跳過量化 skip connection: skip_connection
2026-01-26 12:09:57,754 [INFO]   替換層 2 -> QuantModule_DiffAE_LoRA
2026-01-26 12:09:57,754 [INFO]   替換層 2 -> QuantModule_DiffAE_LoRA
2026-01-26 12:09:57,758 [INFO]   替換層 1 -> QuantModule_DiffAE_LoRA
2026-01-26 12:09:57,758 [INFO]   替換層 1 -> QuantModule_DiffAE_LoRA
2026-01-26 12:09:57,762 [INFO]   替換層 1 -> QuantModule_DiffAE_LoRA
2026-01-26 12:09:57,762 [INFO]   替換層 1 -> QuantModule_DiffAE_LoRA
2026-01-26 12:09:57,766 [INFO]   替換層 3 -> QuantModule_DiffAE_LoRA
2026-01-26 12:09:57,766 [INFO]   替換層 3 -> QuantModule_DiffAE_LoRA
2026-01-26 12:09:57,767 [INFO]   跳過量化 skip connection: skip_connection
2026-01-26 12:09:57,767 [INFO]   跳過量化 skip connection: skip_connection
2026-01-26 12:09:57,767 [INFO]   替換層 2 -> QuantModule_DiffAE_LoRA
2026-01-26 12:09:57,767 [INFO]   替換層 2 -> QuantModule_DiffAE_LoRA
2026-01-26 12:09:57,770 [INFO]   替換層 1 -> QuantModule_DiffAE_LoRA
2026-01-26 12:09:57,770 [INFO]   替換層 1 -> QuantModule_DiffAE_LoRA
2026-01-26 12:09:57,771 [INFO]   替換層 1 -> QuantModule_DiffAE_LoRA
2026-01-26 12:09:57,771 [INFO]   替換層 1 -> QuantModule_DiffAE_LoRA
2026-01-26 12:09:57,771 [INFO]   替換層 3 -> QuantModule_DiffAE_LoRA
2026-01-26 12:09:57,771 [INFO]   替換層 3 -> QuantModule_DiffAE_LoRA
2026-01-26 12:09:57,773 [INFO]   跳過量化 skip connection: skip_connection
2026-01-26 12:09:57,773 [INFO]   跳過量化 skip connection: skip_connection
2026-01-26 12:09:57,773 [INFO]   替換層 2 -> QuantModule_DiffAE_LoRA
2026-01-26 12:09:57,773 [INFO]   替換層 2 -> QuantModule_DiffAE_LoRA
2026-01-26 12:09:57,775 [INFO]   替換層 1 -> QuantModule_DiffAE_LoRA
2026-01-26 12:09:57,775 [INFO]   替換層 1 -> QuantModule_DiffAE_LoRA
2026-01-26 12:09:57,775 [INFO]   替換層 1 -> QuantModule_DiffAE_LoRA
2026-01-26 12:09:57,775 [INFO]   替換層 1 -> QuantModule_DiffAE_LoRA
2026-01-26 12:09:57,776 [INFO]   替換層 3 -> QuantModule_DiffAE_LoRA
2026-01-26 12:09:57,776 [INFO]   替換層 3 -> QuantModule_DiffAE_LoRA
2026-01-26 12:09:57,778 [INFO]   替換層 2 -> QuantModule_DiffAE_LoRA
2026-01-26 12:09:57,778 [INFO]   替換層 2 -> QuantModule_DiffAE_LoRA
2026-01-26 12:09:57,779 [INFO]   替換層 1 -> QuantModule_DiffAE_LoRA
2026-01-26 12:09:57,779 [INFO]   替換層 1 -> QuantModule_DiffAE_LoRA
2026-01-26 12:09:57,780 [INFO]   替換層 1 -> QuantModule_DiffAE_LoRA
2026-01-26 12:09:57,780 [INFO]   替換層 1 -> QuantModule_DiffAE_LoRA
2026-01-26 12:09:57,780 [INFO]   替換層 3 -> QuantModule_DiffAE_LoRA
2026-01-26 12:09:57,780 [INFO]   替換層 3 -> QuantModule_DiffAE_LoRA
2026-01-26 12:09:57,781 [INFO]   跳過量化 skip connection: skip_connection
2026-01-26 12:09:57,781 [INFO]   跳過量化 skip connection: skip_connection
2026-01-26 12:09:57,781 [INFO]   替換層 2 -> QuantModule_DiffAE_LoRA
2026-01-26 12:09:57,781 [INFO]   替換層 2 -> QuantModule_DiffAE_LoRA
2026-01-26 12:09:57,782 [INFO]   替換層 1 -> QuantModule_DiffAE_LoRA
2026-01-26 12:09:57,782 [INFO]   替換層 1 -> QuantModule_DiffAE_LoRA
2026-01-26 12:09:57,783 [INFO]   替換層 1 -> QuantModule_DiffAE_LoRA
2026-01-26 12:09:57,783 [INFO]   替換層 1 -> QuantModule_DiffAE_LoRA
2026-01-26 12:09:57,783 [INFO]   替換層 3 -> QuantModule_DiffAE_LoRA
2026-01-26 12:09:57,783 [INFO]   替換層 3 -> QuantModule_DiffAE_LoRA
2026-01-26 12:09:57,784 [INFO]   跳過量化 skip connection: skip_connection
2026-01-26 12:09:57,784 [INFO]   跳過量化 skip connection: skip_connection
2026-01-26 12:09:57,784 [INFO]   替換層 2 -> QuantModule_DiffAE_LoRA
2026-01-26 12:09:57,784 [INFO]   替換層 2 -> QuantModule_DiffAE_LoRA
2026-01-26 12:09:57,785 [INFO]   替換層 1 -> QuantModule_DiffAE_LoRA
2026-01-26 12:09:57,785 [INFO]   替換層 1 -> QuantModule_DiffAE_LoRA
2026-01-26 12:09:57,785 [INFO]   替換層 1 -> QuantModule_DiffAE_LoRA
2026-01-26 12:09:57,785 [INFO]   替換層 1 -> QuantModule_DiffAE_LoRA
2026-01-26 12:09:57,786 [INFO]   替換層 3 -> QuantModule_DiffAE_LoRA
2026-01-26 12:09:57,786 [INFO]   替換層 3 -> QuantModule_DiffAE_LoRA
2026-01-26 12:09:57,786 [INFO]   跳過量化 skip connection: skip_connection
2026-01-26 12:09:57,786 [INFO]   跳過量化 skip connection: skip_connection
2026-01-26 12:09:57,786 [INFO]   替換層 2 -> QuantModule_DiffAE_LoRA
2026-01-26 12:09:57,786 [INFO]   替換層 2 -> QuantModule_DiffAE_LoRA
2026-01-26 12:09:57,787 [INFO]   替換層 1 -> QuantModule_DiffAE_LoRA
2026-01-26 12:09:57,787 [INFO]   替換層 1 -> QuantModule_DiffAE_LoRA
2026-01-26 12:09:57,787 [INFO]   替換層 1 -> QuantModule_DiffAE_LoRA
2026-01-26 12:09:57,787 [INFO]   替換層 1 -> QuantModule_DiffAE_LoRA
2026-01-26 12:09:57,788 [INFO]   替換層 3 -> QuantModule_DiffAE_LoRA
2026-01-26 12:09:57,788 [INFO]   替換層 3 -> QuantModule_DiffAE_LoRA
2026-01-26 12:09:57,789 [INFO]   替換層 2 -> QuantModule_DiffAE_LoRA
2026-01-26 12:09:57,789 [INFO]   替換層 2 -> QuantModule_DiffAE_LoRA
2026-01-26 12:09:57,790 [INFO]   替換層 1 -> QuantModule_DiffAE_LoRA
2026-01-26 12:09:57,790 [INFO]   替換層 1 -> QuantModule_DiffAE_LoRA
2026-01-26 12:09:57,790 [INFO]   替換層 1 -> QuantModule_DiffAE_LoRA
2026-01-26 12:09:57,790 [INFO]   替換層 1 -> QuantModule_DiffAE_LoRA
2026-01-26 12:09:57,791 [INFO]   替換層 3 -> QuantModule_DiffAE_LoRA
2026-01-26 12:09:57,791 [INFO]   替換層 3 -> QuantModule_DiffAE_LoRA
2026-01-26 12:09:57,791 [INFO]   跳過量化 skip connection: skip_connection
2026-01-26 12:09:57,791 [INFO]   跳過量化 skip connection: skip_connection
2026-01-26 12:09:57,791 [INFO]   替換層 2 -> QuantModule_DiffAE_LoRA
2026-01-26 12:09:57,791 [INFO]   替換層 2 -> QuantModule_DiffAE_LoRA
2026-01-26 12:09:57,792 [INFO]   替換層 1 -> QuantModule_DiffAE_LoRA
2026-01-26 12:09:57,792 [INFO]   替換層 1 -> QuantModule_DiffAE_LoRA
2026-01-26 12:09:57,793 [INFO]   替換層 1 -> QuantModule_DiffAE_LoRA
2026-01-26 12:09:57,793 [INFO]   替換層 1 -> QuantModule_DiffAE_LoRA
2026-01-26 12:09:57,793 [INFO]   替換層 3 -> QuantModule_DiffAE_LoRA
2026-01-26 12:09:57,793 [INFO]   替換層 3 -> QuantModule_DiffAE_LoRA
2026-01-26 12:09:57,794 [INFO]   跳過量化 skip connection: skip_connection
2026-01-26 12:09:57,794 [INFO]   跳過量化 skip connection: skip_connection
2026-01-26 12:09:57,794 [INFO]   替換層 2 -> QuantModule_DiffAE_LoRA
2026-01-26 12:09:57,794 [INFO]   替換層 2 -> QuantModule_DiffAE_LoRA
2026-01-26 12:09:57,795 [INFO]   替換層 1 -> QuantModule_DiffAE_LoRA
2026-01-26 12:09:57,795 [INFO]   替換層 1 -> QuantModule_DiffAE_LoRA
2026-01-26 12:09:57,795 [INFO]   替換層 1 -> QuantModule_DiffAE_LoRA
2026-01-26 12:09:57,795 [INFO]   替換層 1 -> QuantModule_DiffAE_LoRA
2026-01-26 12:09:57,796 [INFO]   替換層 3 -> QuantModule_DiffAE_LoRA
2026-01-26 12:09:57,796 [INFO]   替換層 3 -> QuantModule_DiffAE_LoRA
2026-01-26 12:09:57,796 [INFO]   跳過量化 skip connection: skip_connection
2026-01-26 12:09:57,796 [INFO]   跳過量化 skip connection: skip_connection
2026-01-26 12:09:57,797 [INFO] 改造模組: out
2026-01-26 12:09:57,797 [INFO] 改造模組: out
2026-01-26 12:09:57,797 [INFO]   跳過量化特殊模組: 2
2026-01-26 12:09:57,797 [INFO]   跳過量化特殊模組: 2
2026-01-26 12:09:57,799 [INFO] 執行 'create_float_quantized_model' 完成，耗時: 0.61 秒
2026-01-26 12:09:57,799 [INFO] 執行 'create_float_quantized_model' 完成，耗時: 0.61 秒
2026-01-26 12:09:57,921 [INFO] 載入校準資料...
2026-01-26 12:09:57,921 [INFO] 載入校準資料...
2026-01-26 12:09:58,234 [INFO] ✅ 載入真實校準資料成功
2026-01-26 12:09:58,234 [INFO] ✅ 載入真實校準資料成功
2026-01-26 12:09:58,237 [INFO] ==================================================
2026-01-26 12:09:58,237 [INFO] 5. Setting first and last layers to 8-bit...
2026-01-26 12:09:58,237 [INFO] ==================================================
2026-01-26 12:09:58,237 [INFO] 5. Setting first and last layers to 8-bit...
2026-01-26 12:09:58,239 [INFO] 找到 144 個量化模組
2026-01-26 12:09:58,239 [INFO] 找到 144 個量化模組
2026-01-26 12:09:58,239 [INFO] ✅ 首尾層 8-bit 設定完成
2026-01-26 12:09:58,239 [INFO] ✅ 首尾層 8-bit 設定完成
2026-01-26 12:09:58,239 [INFO] ✅ 量化模型創建成功
2026-01-26 12:09:58,239 [INFO] set quant state to True, True for layer 1
2026-01-26 12:09:58,239 [INFO] set quant state to True, True for layer 2
2026-01-26 12:09:58,239 [INFO] set quant state to True, False for layer 3
2026-01-26 12:09:58,239 [INFO] ✅ 量化模型創建成功
2026-01-26 12:09:58,239 [INFO] set quant state to True, True for layer 1
2026-01-26 12:09:58,239 [INFO] set quant state to True, True for layer 2
2026-01-26 12:09:58,239 [INFO] set quant state to True, False for layer 3
2026-01-26 12:09:58,240 [INFO] set quant state to True, True for layer 144
2026-01-26 12:09:58,240 [INFO] set quant state to True, True for layer 144
2026-01-26 12:09:59,340 [INFO] ✅ 量化模型載入成功
2026-01-26 12:09:59,340 [INFO] === 初始化新功能模組 ===
2026-01-26 12:09:59,340 [INFO] ✅ 量化模型載入成功
2026-01-26 12:09:59,340 [INFO] === 初始化新功能模組 ===
local seed: 0
2026-01-26 12:09:59,366 [INFO] ✅ 基礎模型設定完成
train data: 70001
val data: 70001
2026-01-26 12:09:59,366 [INFO] ✅ 基礎模型設定完成
on train dataloader start ...
mean: tensor(-0.0606, device='cuda:0') std: tensor(0.0755, device='cuda:0')
2026-01-26 12:09:59,411 [INFO] ==================================================
2026-01-26 12:09:59,411 [INFO] 啟用 Similarity Analysis (L1/L2/Cosine)
2026-01-26 12:09:59,411 [INFO] FID 評估樣本數: 128
2026-01-26 12:09:59,411 [INFO] 實際收集樣本數: 20 (用於加速)
2026-01-26 12:09:59,411 [INFO] 擴散步數: 100
2026-01-26 12:09:59,411 [INFO] ==================================================
2026-01-26 12:09:59,411 [INFO] ==================================================
2026-01-26 12:09:59,411 [INFO] 啟用 Similarity Analysis (L1/L2/Cosine)
2026-01-26 12:09:59,411 [INFO] FID 評估樣本數: 128
2026-01-26 12:09:59,411 [INFO] 實際收集樣本數: 20 (用於加速)
2026-01-26 12:09:59,411 [INFO] 擴散步數: 100
2026-01-26 12:09:59,411 [INFO] ==================================================
2026-01-26 12:09:59,412 [INFO] [Similarity] 註冊 block hook: model.input_blocks.13
2026-01-26 12:09:59,412 [INFO] [Similarity] 註冊 block hook: model.input_blocks.13
2026-01-26 12:09:59,413 [INFO] [Similarity] 註冊 model step hook 完成
2026-01-26 12:09:59,413 [INFO] [Similarity] 註冊 model step hook 完成
generating images:   0%|          | 0/4 [00:00<?, ?it/s]/home/jimmy/diffae/./diffusion/base.py:329: FutureWarning: `torch.cuda.amp.autocast(args...)` is deprecated. Please use `torch.amp.autocast('cuda', args...)` instead.
  with autocast(self.conf.fp16):
2026-01-26 12:10:16,590 [INFO] [Similarity] Batch 0 完成，已收集 20 個樣本
2026-01-26 12:10:16,590 [INFO] [Similarity] Batch 0 完成，已收集 20 個樣本
generating images:  25%|██▌       | 1/4 [00:17<00:52, 17.48s/it]2026-01-26 12:10:33,820 [INFO] [Similarity] Batch 1 完成，已收集 20 個樣本
2026-01-26 12:10:33,820 [INFO] [Similarity] Batch 1 完成，已收集 20 個樣本
generating images:  50%|█████     | 2/4 [00:34<00:34, 17.41s/it]2026-01-26 12:10:51,181 [INFO] [Similarity] Batch 2 完成，已收集 20 個樣本
2026-01-26 12:10:51,181 [INFO] [Similarity] Batch 2 完成，已收集 20 個樣本
generating images:  75%|███████▌  | 3/4 [00:52<00:17, 17.34s/it]2026-01-26 12:11:07,175 [INFO] [Similarity] 已收集 80 个样本，停止数据收集（目标: 80）
2026-01-26 12:11:07,175 [INFO] [Similarity] 已收集 80 个样本，停止数据收集（目标: 80）
2026-01-26 12:11:08,450 [INFO] [Similarity] Batch 3 完成，已收集 20 個樣本
2026-01-26 12:11:08,450 [INFO] [Similarity] Batch 3 完成，已收集 20 個樣本
2026-01-26 12:11:08,753 [INFO] [Similarity] FID@128 100 steps score: 0
generating images: 100%|██████████| 4/4 [01:09<00:00, 17.30s/it]generating images: 100%|██████████| 4/4 [01:09<00:00, 17.33s/it]
2026-01-26 12:11:08,753 [INFO] [Similarity] FID@128 100 steps score: 0
2026-01-26 12:11:08,754 [INFO] [Similarity] model.input_blocks.13 cosine: min=0.787919, max=1.000000, diag_mean=1.000000, off_diag_mean=0.948516, off_diag_std=0.044603
2026-01-26 12:11:08,754 [INFO] [Similarity] model.input_blocks.13 cosine: min=0.787919, max=1.000000, diag_mean=1.000000, off_diag_mean=0.948516, off_diag_std=0.044603
2026-01-26 12:11:09,559 [INFO] ✅ Similarity Analysis 完成
2026-01-26 12:11:09,559 [INFO] ✅ Similarity Analysis 完成
2026-01-26 12:11:09,597 [INFO] 執行 'main_float_model' 完成，耗時: 75.37 秒
2026-01-26 12:11:09,597 [INFO] 執行 'main_float_model' 完成，耗時: 75.37 秒
/home/jimmy/anaconda3/envs/diffae_bw/lib/python3.10/site-packages/torchmetrics/utilities/imports.py:21: UserWarning: pkg_resources is deprecated as an API. See https://setuptools.pypa.io/en/latest/pkg_resources.html. The pkg_resources package is slated for removal as early as 2025-11-30. Refrain from using this package or pin to Setuptools<81.
  from pkg_resources import DistributionNotFound, get_distribution
使用自動混合精度: torch.bfloat16
[設定] Log 檔案已設為: QATcode/cache_method/L1_L2_cosine/logs/similarity_model_input_blocks_13.log
2026-03-20 19:16:56,839 [INFO] Using 100 steps
2026-03-20 19:16:56,839 [INFO] Using 100 steps
2026-03-20 19:16:56,839 [INFO] Using 50000 evaluation samples
2026-03-20 19:16:56,839 [INFO] Using 50000 evaluation samples
2026-03-20 19:16:56,839 [INFO] Cache enabled: False, method: Res, threshold: 0.1
2026-03-20 19:16:56,839 [INFO] Cache enabled: False, method: Res, threshold: 0.1
2026-03-20 19:16:56,839 [INFO] Quantitative analysis enabled: False, samples: 10
2026-03-20 19:16:56,839 [INFO] Quantitative analysis enabled: False, samples: 10
2026-03-20 19:16:56,839 [INFO] Log file: QATcode/cache_method/L1_L2_cosine/logs/similarity_model_input_blocks_13.log
2026-03-20 19:16:56,839 [INFO] Log file: QATcode/cache_method/L1_L2_cosine/logs/similarity_model_input_blocks_13.log
2026-03-20 19:16:56,839 [INFO] ==================================================
2026-03-20 19:16:56,839 [INFO] ==================================================
2026-03-20 19:16:56,839 [INFO] Diff-AE EfficientDM Step 7 : 生成圖片
2026-03-20 19:16:56,839 [INFO] Diff-AE EfficientDM Step 7 : 生成圖片
2026-03-20 19:16:56,839 [INFO] ==================================================
2026-03-20 19:16:56,839 [INFO] ==================================================
2026-03-20 19:16:56,839 [INFO] 使用設備: cuda
2026-03-20 19:16:56,839 [INFO] 使用設備: cuda
2026-03-20 19:16:56,839 [INFO] === 新功能狀態 ===
2026-03-20 19:16:56,839 [INFO] === 新功能狀態 ===
2026-03-20 19:16:56,839 [INFO] 載入 Diff-AE 模型: checkpoints/ffhq128_autoenc_latent/last.ckpt
2026-03-20 19:16:56,839 [INFO] 載入 Diff-AE 模型: checkpoints/ffhq128_autoenc_latent/last.ckpt
Global seed set to 0
2026-03-20 19:16:58,637 [INFO] Diff-AE 模型載入完成
2026-03-20 19:16:58,637 [INFO] Diff-AE 模型載入完成
2026-03-20 19:16:58,688 [INFO] 執行 'load_diffae_model' 完成，耗時: 1.85 秒
2026-03-20 19:16:58,688 [INFO] 執行 'load_diffae_model' 完成，耗時: 1.85 秒
2026-03-20 19:16:58,689 [INFO] ✅ Diff-AE 模型載入成功
2026-03-20 19:16:58,689 [INFO] ✅ Diff-AE 模型載入成功
2026-03-20 19:16:58,689 [INFO] base_model.conf.train_mode: TrainMode.latent_diffusion
2026-03-20 19:16:58,689 [INFO] base_model.conf.train_mode: TrainMode.latent_diffusion
2026-03-20 19:16:58,689 [INFO] === 創建 LoRA 量化模型 ===
2026-03-20 19:16:58,689 [INFO] === 創建 LoRA 量化模型 ===
2026-03-20 19:16:58,689 [INFO] === 開始 UNet LoRA 量化改造 ===
2026-03-20 19:16:58,689 [INFO] === 開始 UNet LoRA 量化改造 ===
2026-03-20 19:16:58,689 [INFO] 改造模組: time_embed
2026-03-20 19:16:58,689 [INFO] 改造模組: time_embed
2026-03-20 19:16:58,689 [INFO]   跳過量化特殊模組: 0
2026-03-20 19:16:58,689 [INFO]   跳過量化特殊模組: 0
2026-03-20 19:16:58,689 [INFO]   跳過量化特殊模組: 2
2026-03-20 19:16:58,689 [INFO]   跳過量化特殊模組: 2
2026-03-20 19:16:58,689 [INFO] 改造模組: input_blocks
2026-03-20 19:16:58,689 [INFO] 改造模組: input_blocks
2026-03-20 19:16:58,689 [INFO]   跳過量化特殊模組: 0
2026-03-20 19:16:58,689 [INFO]   跳過量化特殊模組: 0
2026-03-20 19:16:58,689 [INFO]   替換層 2 -> QuantModule_DiffAE_LoRA
2026-03-20 19:16:58,689 [INFO]   替換層 2 -> QuantModule_DiffAE_LoRA
2026-03-20 19:16:58,754 [INFO]   替換層 1 -> QuantModule_DiffAE_LoRA
2026-03-20 19:16:58,754 [INFO]   替換層 1 -> QuantModule_DiffAE_LoRA
2026-03-20 19:16:58,755 [INFO]   替換層 1 -> QuantModule_DiffAE_LoRA
2026-03-20 19:16:58,755 [INFO]   替換層 1 -> QuantModule_DiffAE_LoRA
2026-03-20 19:16:58,755 [INFO]   替換層 3 -> QuantModule_DiffAE_LoRA
2026-03-20 19:16:58,755 [INFO]   替換層 3 -> QuantModule_DiffAE_LoRA
2026-03-20 19:16:58,756 [INFO]   替換層 2 -> QuantModule_DiffAE_LoRA
2026-03-20 19:16:58,756 [INFO]   替換層 2 -> QuantModule_DiffAE_LoRA
2026-03-20 19:16:58,757 [INFO]   替換層 1 -> QuantModule_DiffAE_LoRA
2026-03-20 19:16:58,757 [INFO]   替換層 1 -> QuantModule_DiffAE_LoRA
2026-03-20 19:16:58,758 [INFO]   替換層 1 -> QuantModule_DiffAE_LoRA
2026-03-20 19:16:58,758 [INFO]   替換層 1 -> QuantModule_DiffAE_LoRA
2026-03-20 19:16:58,758 [INFO]   替換層 3 -> QuantModule_DiffAE_LoRA
2026-03-20 19:16:58,758 [INFO]   替換層 3 -> QuantModule_DiffAE_LoRA
2026-03-20 19:16:58,759 [INFO]   替換層 2 -> QuantModule_DiffAE_LoRA
2026-03-20 19:16:58,759 [INFO]   替換層 2 -> QuantModule_DiffAE_LoRA
2026-03-20 19:16:58,760 [INFO]   替換層 1 -> QuantModule_DiffAE_LoRA
2026-03-20 19:16:58,760 [INFO]   替換層 1 -> QuantModule_DiffAE_LoRA
2026-03-20 19:16:58,761 [INFO]   替換層 1 -> QuantModule_DiffAE_LoRA
2026-03-20 19:16:58,761 [INFO]   替換層 1 -> QuantModule_DiffAE_LoRA
2026-03-20 19:16:58,762 [INFO]   替換層 3 -> QuantModule_DiffAE_LoRA
2026-03-20 19:16:58,762 [INFO]   替換層 3 -> QuantModule_DiffAE_LoRA
2026-03-20 19:16:58,763 [INFO]   替換層 2 -> QuantModule_DiffAE_LoRA
2026-03-20 19:16:58,763 [INFO]   替換層 2 -> QuantModule_DiffAE_LoRA
2026-03-20 19:16:58,764 [INFO]   替換層 1 -> QuantModule_DiffAE_LoRA
2026-03-20 19:16:58,764 [INFO]   替換層 1 -> QuantModule_DiffAE_LoRA
2026-03-20 19:16:58,765 [INFO]   替換層 1 -> QuantModule_DiffAE_LoRA
2026-03-20 19:16:58,765 [INFO]   替換層 1 -> QuantModule_DiffAE_LoRA
2026-03-20 19:16:58,765 [INFO]   替換層 3 -> QuantModule_DiffAE_LoRA
2026-03-20 19:16:58,765 [INFO]   替換層 3 -> QuantModule_DiffAE_LoRA
2026-03-20 19:16:58,766 [INFO]   替換層 2 -> QuantModule_DiffAE_LoRA
2026-03-20 19:16:58,766 [INFO]   替換層 2 -> QuantModule_DiffAE_LoRA
2026-03-20 19:16:58,767 [INFO]   替換層 1 -> QuantModule_DiffAE_LoRA
2026-03-20 19:16:58,767 [INFO]   替換層 1 -> QuantModule_DiffAE_LoRA
2026-03-20 19:16:58,768 [INFO]   替換層 1 -> QuantModule_DiffAE_LoRA
2026-03-20 19:16:58,768 [INFO]   替換層 1 -> QuantModule_DiffAE_LoRA
2026-03-20 19:16:58,768 [INFO]   替換層 3 -> QuantModule_DiffAE_LoRA
2026-03-20 19:16:58,768 [INFO]   替換層 3 -> QuantModule_DiffAE_LoRA
2026-03-20 19:16:58,769 [INFO]   替換層 2 -> QuantModule_DiffAE_LoRA
2026-03-20 19:16:58,769 [INFO]   替換層 2 -> QuantModule_DiffAE_LoRA
2026-03-20 19:16:58,770 [INFO]   替換層 1 -> QuantModule_DiffAE_LoRA
2026-03-20 19:16:58,770 [INFO]   替換層 1 -> QuantModule_DiffAE_LoRA
2026-03-20 19:16:58,771 [INFO]   替換層 1 -> QuantModule_DiffAE_LoRA
2026-03-20 19:16:58,771 [INFO]   替換層 1 -> QuantModule_DiffAE_LoRA
2026-03-20 19:16:58,771 [INFO]   替換層 3 -> QuantModule_DiffAE_LoRA
2026-03-20 19:16:58,771 [INFO]   替換層 3 -> QuantModule_DiffAE_LoRA
2026-03-20 19:16:58,772 [INFO]   替換層 2 -> QuantModule_DiffAE_LoRA
2026-03-20 19:16:58,772 [INFO]   替換層 2 -> QuantModule_DiffAE_LoRA
2026-03-20 19:16:58,773 [INFO]   替換層 1 -> QuantModule_DiffAE_LoRA
2026-03-20 19:16:58,773 [INFO]   替換層 1 -> QuantModule_DiffAE_LoRA
2026-03-20 19:16:58,775 [INFO]   替換層 1 -> QuantModule_DiffAE_LoRA
2026-03-20 19:16:58,775 [INFO]   替換層 1 -> QuantModule_DiffAE_LoRA
2026-03-20 19:16:58,776 [INFO]   替換層 3 -> QuantModule_DiffAE_LoRA
2026-03-20 19:16:58,776 [INFO]   替換層 3 -> QuantModule_DiffAE_LoRA
2026-03-20 19:16:58,778 [INFO]   跳過量化 skip connection: skip_connection
2026-03-20 19:16:58,778 [INFO]   跳過量化 skip connection: skip_connection
2026-03-20 19:16:58,778 [INFO]   替換層 2 -> QuantModule_DiffAE_LoRA
2026-03-20 19:16:58,778 [INFO]   替換層 2 -> QuantModule_DiffAE_LoRA
2026-03-20 19:16:58,780 [INFO]   替換層 1 -> QuantModule_DiffAE_LoRA
2026-03-20 19:16:58,780 [INFO]   替換層 1 -> QuantModule_DiffAE_LoRA
2026-03-20 19:16:58,781 [INFO]   替換層 1 -> QuantModule_DiffAE_LoRA
2026-03-20 19:16:58,781 [INFO]   替換層 1 -> QuantModule_DiffAE_LoRA
2026-03-20 19:16:58,782 [INFO]   替換層 3 -> QuantModule_DiffAE_LoRA
2026-03-20 19:16:58,782 [INFO]   替換層 3 -> QuantModule_DiffAE_LoRA
2026-03-20 19:16:58,784 [INFO]   替換層 2 -> QuantModule_DiffAE_LoRA
2026-03-20 19:16:58,784 [INFO]   替換層 2 -> QuantModule_DiffAE_LoRA
2026-03-20 19:16:58,786 [INFO]   替換層 1 -> QuantModule_DiffAE_LoRA
2026-03-20 19:16:58,786 [INFO]   替換層 1 -> QuantModule_DiffAE_LoRA
2026-03-20 19:16:58,787 [INFO]   替換層 1 -> QuantModule_DiffAE_LoRA
2026-03-20 19:16:58,787 [INFO]   替換層 1 -> QuantModule_DiffAE_LoRA
2026-03-20 19:16:58,788 [INFO]   替換層 3 -> QuantModule_DiffAE_LoRA
2026-03-20 19:16:58,788 [INFO]   替換層 3 -> QuantModule_DiffAE_LoRA
2026-03-20 19:16:58,790 [INFO]   替換層 2 -> QuantModule_DiffAE_LoRA
2026-03-20 19:16:58,790 [INFO]   替換層 2 -> QuantModule_DiffAE_LoRA
2026-03-20 19:16:58,793 [INFO]   替換層 1 -> QuantModule_DiffAE_LoRA
2026-03-20 19:16:58,793 [INFO]   替換層 1 -> QuantModule_DiffAE_LoRA
2026-03-20 19:16:58,795 [INFO]   替換層 1 -> QuantModule_DiffAE_LoRA
2026-03-20 19:16:58,795 [INFO]   替換層 1 -> QuantModule_DiffAE_LoRA
2026-03-20 19:16:58,796 [INFO]   替換層 3 -> QuantModule_DiffAE_LoRA
2026-03-20 19:16:58,796 [INFO]   替換層 3 -> QuantModule_DiffAE_LoRA
2026-03-20 19:16:58,802 [INFO]   跳過量化 skip connection: skip_connection
2026-03-20 19:16:58,802 [INFO]   跳過量化 skip connection: skip_connection
2026-03-20 19:16:58,802 [INFO]   替換層 2 -> QuantModule_DiffAE_LoRA
2026-03-20 19:16:58,802 [INFO]   替換層 2 -> QuantModule_DiffAE_LoRA
2026-03-20 19:16:58,807 [INFO]   替換層 1 -> QuantModule_DiffAE_LoRA
2026-03-20 19:16:58,807 [INFO]   替換層 1 -> QuantModule_DiffAE_LoRA
2026-03-20 19:16:58,809 [INFO]   替換層 1 -> QuantModule_DiffAE_LoRA
2026-03-20 19:16:58,809 [INFO]   替換層 1 -> QuantModule_DiffAE_LoRA
2026-03-20 19:16:58,810 [INFO]   替換層 3 -> QuantModule_DiffAE_LoRA
2026-03-20 19:16:58,810 [INFO]   替換層 3 -> QuantModule_DiffAE_LoRA
2026-03-20 19:16:58,815 [INFO]   替換層 2 -> QuantModule_DiffAE_LoRA
2026-03-20 19:16:58,815 [INFO]   替換層 2 -> QuantModule_DiffAE_LoRA
2026-03-20 19:16:58,821 [INFO]   替換層 1 -> QuantModule_DiffAE_LoRA
2026-03-20 19:16:58,821 [INFO]   替換層 1 -> QuantModule_DiffAE_LoRA
2026-03-20 19:16:58,823 [INFO]   替換層 1 -> QuantModule_DiffAE_LoRA
2026-03-20 19:16:58,823 [INFO]   替換層 1 -> QuantModule_DiffAE_LoRA
2026-03-20 19:16:58,824 [INFO]   替換層 3 -> QuantModule_DiffAE_LoRA
2026-03-20 19:16:58,824 [INFO]   替換層 3 -> QuantModule_DiffAE_LoRA
2026-03-20 19:16:58,829 [INFO]   替換層 2 -> QuantModule_DiffAE_LoRA
2026-03-20 19:16:58,829 [INFO]   替換層 2 -> QuantModule_DiffAE_LoRA
2026-03-20 19:16:58,837 [INFO]   替換層 1 -> QuantModule_DiffAE_LoRA
2026-03-20 19:16:58,837 [INFO]   替換層 1 -> QuantModule_DiffAE_LoRA
2026-03-20 19:16:58,839 [INFO]   替換層 1 -> QuantModule_DiffAE_LoRA
2026-03-20 19:16:58,839 [INFO]   替換層 1 -> QuantModule_DiffAE_LoRA
2026-03-20 19:16:58,840 [INFO]   替換層 3 -> QuantModule_DiffAE_LoRA
2026-03-20 19:16:58,840 [INFO]   替換層 3 -> QuantModule_DiffAE_LoRA
2026-03-20 19:16:58,851 [INFO]   跳過量化 skip connection: skip_connection
2026-03-20 19:16:58,851 [INFO]   跳過量化 skip connection: skip_connection
2026-03-20 19:16:58,852 [INFO]   替換層 2 -> QuantModule_DiffAE_LoRA
2026-03-20 19:16:58,852 [INFO]   替換層 2 -> QuantModule_DiffAE_LoRA
2026-03-20 19:16:58,861 [INFO]   替換層 1 -> QuantModule_DiffAE_LoRA
2026-03-20 19:16:58,861 [INFO]   替換層 1 -> QuantModule_DiffAE_LoRA
2026-03-20 19:16:58,863 [INFO]   替換層 1 -> QuantModule_DiffAE_LoRA
2026-03-20 19:16:58,863 [INFO]   替換層 1 -> QuantModule_DiffAE_LoRA
2026-03-20 19:16:58,865 [INFO]   替換層 3 -> QuantModule_DiffAE_LoRA
2026-03-20 19:16:58,865 [INFO]   替換層 3 -> QuantModule_DiffAE_LoRA
2026-03-20 19:16:58,874 [INFO] 改造模組: middle_block
2026-03-20 19:16:58,874 [INFO] 改造模組: middle_block
2026-03-20 19:16:58,875 [INFO]   替換層 2 -> QuantModule_DiffAE_LoRA
2026-03-20 19:16:58,875 [INFO]   替換層 2 -> QuantModule_DiffAE_LoRA
2026-03-20 19:16:58,883 [INFO]   替換層 1 -> QuantModule_DiffAE_LoRA
2026-03-20 19:16:58,883 [INFO]   替換層 1 -> QuantModule_DiffAE_LoRA
2026-03-20 19:16:58,886 [INFO]   替換層 1 -> QuantModule_DiffAE_LoRA
2026-03-20 19:16:58,886 [INFO]   替換層 1 -> QuantModule_DiffAE_LoRA
2026-03-20 19:16:58,887 [INFO]   替換層 3 -> QuantModule_DiffAE_LoRA
2026-03-20 19:16:58,887 [INFO]   替換層 3 -> QuantModule_DiffAE_LoRA
2026-03-20 19:16:58,897 [INFO]   替換層 2 -> QuantModule_DiffAE_LoRA
2026-03-20 19:16:58,897 [INFO]   替換層 2 -> QuantModule_DiffAE_LoRA
2026-03-20 19:16:58,906 [INFO]   替換層 1 -> QuantModule_DiffAE_LoRA
2026-03-20 19:16:58,906 [INFO]   替換層 1 -> QuantModule_DiffAE_LoRA
2026-03-20 19:16:58,909 [INFO]   替換層 1 -> QuantModule_DiffAE_LoRA
2026-03-20 19:16:58,909 [INFO]   替換層 1 -> QuantModule_DiffAE_LoRA
2026-03-20 19:16:58,910 [INFO]   替換層 3 -> QuantModule_DiffAE_LoRA
2026-03-20 19:16:58,910 [INFO]   替換層 3 -> QuantModule_DiffAE_LoRA
2026-03-20 19:16:58,919 [INFO] 改造模組: output_blocks
2026-03-20 19:16:58,919 [INFO] 改造模組: output_blocks
2026-03-20 19:16:58,919 [INFO]   替換層 2 -> QuantModule_DiffAE_LoRA
2026-03-20 19:16:58,919 [INFO]   替換層 2 -> QuantModule_DiffAE_LoRA
2026-03-20 19:16:58,933 [INFO]   替換層 1 -> QuantModule_DiffAE_LoRA
2026-03-20 19:16:58,933 [INFO]   替換層 1 -> QuantModule_DiffAE_LoRA
2026-03-20 19:16:58,935 [INFO]   替換層 1 -> QuantModule_DiffAE_LoRA
2026-03-20 19:16:58,935 [INFO]   替換層 1 -> QuantModule_DiffAE_LoRA
2026-03-20 19:16:58,937 [INFO]   替換層 3 -> QuantModule_DiffAE_LoRA
2026-03-20 19:16:58,937 [INFO]   替換層 3 -> QuantModule_DiffAE_LoRA
2026-03-20 19:16:58,946 [INFO]   跳過量化 skip connection: skip_connection
2026-03-20 19:16:58,946 [INFO]   跳過量化 skip connection: skip_connection
2026-03-20 19:16:58,947 [INFO]   替換層 2 -> QuantModule_DiffAE_LoRA
2026-03-20 19:16:58,947 [INFO]   替換層 2 -> QuantModule_DiffAE_LoRA
2026-03-20 19:16:58,963 [INFO]   替換層 1 -> QuantModule_DiffAE_LoRA
2026-03-20 19:16:58,963 [INFO]   替換層 1 -> QuantModule_DiffAE_LoRA
2026-03-20 19:16:58,965 [INFO]   替換層 1 -> QuantModule_DiffAE_LoRA
2026-03-20 19:16:58,965 [INFO]   替換層 1 -> QuantModule_DiffAE_LoRA
2026-03-20 19:16:58,966 [INFO]   替換層 3 -> QuantModule_DiffAE_LoRA
2026-03-20 19:16:58,966 [INFO]   替換層 3 -> QuantModule_DiffAE_LoRA
2026-03-20 19:16:58,974 [INFO]   跳過量化 skip connection: skip_connection
2026-03-20 19:16:58,974 [INFO]   跳過量化 skip connection: skip_connection
2026-03-20 19:16:58,974 [INFO]   替換層 2 -> QuantModule_DiffAE_LoRA
2026-03-20 19:16:58,974 [INFO]   替換層 2 -> QuantModule_DiffAE_LoRA
2026-03-20 19:16:58,987 [INFO]   替換層 1 -> QuantModule_DiffAE_LoRA
2026-03-20 19:16:58,987 [INFO]   替換層 1 -> QuantModule_DiffAE_LoRA
2026-03-20 19:16:58,990 [INFO]   替換層 1 -> QuantModule_DiffAE_LoRA
2026-03-20 19:16:58,990 [INFO]   替換層 1 -> QuantModule_DiffAE_LoRA
2026-03-20 19:16:58,991 [INFO]   替換層 3 -> QuantModule_DiffAE_LoRA
2026-03-20 19:16:58,991 [INFO]   替換層 3 -> QuantModule_DiffAE_LoRA
2026-03-20 19:16:59,002 [INFO]   跳過量化 skip connection: skip_connection
2026-03-20 19:16:59,002 [INFO]   跳過量化 skip connection: skip_connection
2026-03-20 19:16:59,003 [INFO]   替換層 2 -> QuantModule_DiffAE_LoRA
2026-03-20 19:16:59,003 [INFO]   替換層 2 -> QuantModule_DiffAE_LoRA
2026-03-20 19:16:59,010 [INFO]   替換層 1 -> QuantModule_DiffAE_LoRA
2026-03-20 19:16:59,010 [INFO]   替換層 1 -> QuantModule_DiffAE_LoRA
2026-03-20 19:16:59,012 [INFO]   替換層 1 -> QuantModule_DiffAE_LoRA
2026-03-20 19:16:59,012 [INFO]   替換層 1 -> QuantModule_DiffAE_LoRA
2026-03-20 19:16:59,013 [INFO]   替換層 3 -> QuantModule_DiffAE_LoRA
2026-03-20 19:16:59,013 [INFO]   替換層 3 -> QuantModule_DiffAE_LoRA
2026-03-20 19:16:59,022 [INFO]   替換層 2 -> QuantModule_DiffAE_LoRA
2026-03-20 19:16:59,022 [INFO]   替換層 2 -> QuantModule_DiffAE_LoRA
2026-03-20 19:16:59,032 [INFO]   替換層 1 -> QuantModule_DiffAE_LoRA
2026-03-20 19:16:59,032 [INFO]   替換層 1 -> QuantModule_DiffAE_LoRA
2026-03-20 19:16:59,034 [INFO]   替換層 1 -> QuantModule_DiffAE_LoRA
2026-03-20 19:16:59,034 [INFO]   替換層 1 -> QuantModule_DiffAE_LoRA
2026-03-20 19:16:59,035 [INFO]   替換層 3 -> QuantModule_DiffAE_LoRA
2026-03-20 19:16:59,035 [INFO]   替換層 3 -> QuantModule_DiffAE_LoRA
2026-03-20 19:16:59,040 [INFO]   跳過量化 skip connection: skip_connection
2026-03-20 19:16:59,040 [INFO]   跳過量化 skip connection: skip_connection
2026-03-20 19:16:59,040 [INFO]   替換層 2 -> QuantModule_DiffAE_LoRA
2026-03-20 19:16:59,040 [INFO]   替換層 2 -> QuantModule_DiffAE_LoRA
2026-03-20 19:16:59,050 [INFO]   替換層 1 -> QuantModule_DiffAE_LoRA
2026-03-20 19:16:59,050 [INFO]   替換層 1 -> QuantModule_DiffAE_LoRA
2026-03-20 19:16:59,052 [INFO]   替換層 1 -> QuantModule_DiffAE_LoRA
2026-03-20 19:16:59,052 [INFO]   替換層 1 -> QuantModule_DiffAE_LoRA
2026-03-20 19:16:59,053 [INFO]   替換層 3 -> QuantModule_DiffAE_LoRA
2026-03-20 19:16:59,053 [INFO]   替換層 3 -> QuantModule_DiffAE_LoRA
2026-03-20 19:16:59,058 [INFO]   跳過量化 skip connection: skip_connection
2026-03-20 19:16:59,058 [INFO]   跳過量化 skip connection: skip_connection
2026-03-20 19:16:59,058 [INFO]   替換層 2 -> QuantModule_DiffAE_LoRA
2026-03-20 19:16:59,058 [INFO]   替換層 2 -> QuantModule_DiffAE_LoRA
2026-03-20 19:16:59,065 [INFO]   替換層 1 -> QuantModule_DiffAE_LoRA
2026-03-20 19:16:59,065 [INFO]   替換層 1 -> QuantModule_DiffAE_LoRA
2026-03-20 19:16:59,067 [INFO]   替換層 1 -> QuantModule_DiffAE_LoRA
2026-03-20 19:16:59,067 [INFO]   替換層 1 -> QuantModule_DiffAE_LoRA
2026-03-20 19:16:59,068 [INFO]   替換層 3 -> QuantModule_DiffAE_LoRA
2026-03-20 19:16:59,068 [INFO]   替換層 3 -> QuantModule_DiffAE_LoRA
2026-03-20 19:16:59,072 [INFO]   跳過量化 skip connection: skip_connection
2026-03-20 19:16:59,072 [INFO]   跳過量化 skip connection: skip_connection
2026-03-20 19:16:59,072 [INFO]   替換層 2 -> QuantModule_DiffAE_LoRA
2026-03-20 19:16:59,072 [INFO]   替換層 2 -> QuantModule_DiffAE_LoRA
2026-03-20 19:16:59,076 [INFO]   替換層 1 -> QuantModule_DiffAE_LoRA
2026-03-20 19:16:59,076 [INFO]   替換層 1 -> QuantModule_DiffAE_LoRA
2026-03-20 19:16:59,078 [INFO]   替換層 1 -> QuantModule_DiffAE_LoRA
2026-03-20 19:16:59,078 [INFO]   替換層 1 -> QuantModule_DiffAE_LoRA
2026-03-20 19:16:59,079 [INFO]   替換層 3 -> QuantModule_DiffAE_LoRA
2026-03-20 19:16:59,079 [INFO]   替換層 3 -> QuantModule_DiffAE_LoRA
2026-03-20 19:16:59,085 [INFO]   替換層 2 -> QuantModule_DiffAE_LoRA
2026-03-20 19:16:59,085 [INFO]   替換層 2 -> QuantModule_DiffAE_LoRA
2026-03-20 19:16:59,091 [INFO]   替換層 1 -> QuantModule_DiffAE_LoRA
2026-03-20 19:16:59,091 [INFO]   替換層 1 -> QuantModule_DiffAE_LoRA
2026-03-20 19:16:59,093 [INFO]   替換層 1 -> QuantModule_DiffAE_LoRA
2026-03-20 19:16:59,093 [INFO]   替換層 1 -> QuantModule_DiffAE_LoRA
2026-03-20 19:16:59,093 [INFO]   替換層 3 -> QuantModule_DiffAE_LoRA
2026-03-20 19:16:59,093 [INFO]   替換層 3 -> QuantModule_DiffAE_LoRA
2026-03-20 19:16:59,096 [INFO]   跳過量化 skip connection: skip_connection
2026-03-20 19:16:59,096 [INFO]   跳過量化 skip connection: skip_connection
2026-03-20 19:16:59,096 [INFO]   替換層 2 -> QuantModule_DiffAE_LoRA
2026-03-20 19:16:59,096 [INFO]   替換層 2 -> QuantModule_DiffAE_LoRA
2026-03-20 19:16:59,102 [INFO]   替換層 1 -> QuantModule_DiffAE_LoRA
2026-03-20 19:16:59,102 [INFO]   替換層 1 -> QuantModule_DiffAE_LoRA
2026-03-20 19:16:59,103 [INFO]   替換層 1 -> QuantModule_DiffAE_LoRA
2026-03-20 19:16:59,103 [INFO]   替換層 1 -> QuantModule_DiffAE_LoRA
2026-03-20 19:16:59,103 [INFO]   替換層 3 -> QuantModule_DiffAE_LoRA
2026-03-20 19:16:59,103 [INFO]   替換層 3 -> QuantModule_DiffAE_LoRA
2026-03-20 19:16:59,105 [INFO]   跳過量化 skip connection: skip_connection
2026-03-20 19:16:59,105 [INFO]   跳過量化 skip connection: skip_connection
2026-03-20 19:16:59,105 [INFO]   替換層 2 -> QuantModule_DiffAE_LoRA
2026-03-20 19:16:59,105 [INFO]   替換層 2 -> QuantModule_DiffAE_LoRA
2026-03-20 19:16:59,109 [INFO]   替換層 1 -> QuantModule_DiffAE_LoRA
2026-03-20 19:16:59,109 [INFO]   替換層 1 -> QuantModule_DiffAE_LoRA
2026-03-20 19:16:59,110 [INFO]   替換層 1 -> QuantModule_DiffAE_LoRA
2026-03-20 19:16:59,110 [INFO]   替換層 1 -> QuantModule_DiffAE_LoRA
2026-03-20 19:16:59,111 [INFO]   替換層 3 -> QuantModule_DiffAE_LoRA
2026-03-20 19:16:59,111 [INFO]   替換層 3 -> QuantModule_DiffAE_LoRA
2026-03-20 19:16:59,113 [INFO]   跳過量化 skip connection: skip_connection
2026-03-20 19:16:59,113 [INFO]   跳過量化 skip connection: skip_connection
2026-03-20 19:16:59,113 [INFO]   替換層 2 -> QuantModule_DiffAE_LoRA
2026-03-20 19:16:59,113 [INFO]   替換層 2 -> QuantModule_DiffAE_LoRA
2026-03-20 19:16:59,115 [INFO]   替換層 1 -> QuantModule_DiffAE_LoRA
2026-03-20 19:16:59,115 [INFO]   替換層 1 -> QuantModule_DiffAE_LoRA
2026-03-20 19:16:59,116 [INFO]   替換層 1 -> QuantModule_DiffAE_LoRA
2026-03-20 19:16:59,116 [INFO]   替換層 1 -> QuantModule_DiffAE_LoRA
2026-03-20 19:16:59,117 [INFO]   替換層 3 -> QuantModule_DiffAE_LoRA
2026-03-20 19:16:59,117 [INFO]   替換層 3 -> QuantModule_DiffAE_LoRA
2026-03-20 19:16:59,120 [INFO]   替換層 2 -> QuantModule_DiffAE_LoRA
2026-03-20 19:16:59,120 [INFO]   替換層 2 -> QuantModule_DiffAE_LoRA
2026-03-20 19:16:59,122 [INFO]   替換層 1 -> QuantModule_DiffAE_LoRA
2026-03-20 19:16:59,122 [INFO]   替換層 1 -> QuantModule_DiffAE_LoRA
2026-03-20 19:16:59,122 [INFO]   替換層 1 -> QuantModule_DiffAE_LoRA
2026-03-20 19:16:59,122 [INFO]   替換層 1 -> QuantModule_DiffAE_LoRA
2026-03-20 19:16:59,123 [INFO]   替換層 3 -> QuantModule_DiffAE_LoRA
2026-03-20 19:16:59,123 [INFO]   替換層 3 -> QuantModule_DiffAE_LoRA
2026-03-20 19:16:59,123 [INFO]   跳過量化 skip connection: skip_connection
2026-03-20 19:16:59,123 [INFO]   跳過量化 skip connection: skip_connection
2026-03-20 19:16:59,124 [INFO]   替換層 2 -> QuantModule_DiffAE_LoRA
2026-03-20 19:16:59,124 [INFO]   替換層 2 -> QuantModule_DiffAE_LoRA
2026-03-20 19:16:59,125 [INFO]   替換層 1 -> QuantModule_DiffAE_LoRA
2026-03-20 19:16:59,125 [INFO]   替換層 1 -> QuantModule_DiffAE_LoRA
2026-03-20 19:16:59,126 [INFO]   替換層 1 -> QuantModule_DiffAE_LoRA
2026-03-20 19:16:59,126 [INFO]   替換層 1 -> QuantModule_DiffAE_LoRA
2026-03-20 19:16:59,126 [INFO]   替換層 3 -> QuantModule_DiffAE_LoRA
2026-03-20 19:16:59,126 [INFO]   替換層 3 -> QuantModule_DiffAE_LoRA
2026-03-20 19:16:59,127 [INFO]   跳過量化 skip connection: skip_connection
2026-03-20 19:16:59,127 [INFO]   跳過量化 skip connection: skip_connection
2026-03-20 19:16:59,127 [INFO]   替換層 2 -> QuantModule_DiffAE_LoRA
2026-03-20 19:16:59,127 [INFO]   替換層 2 -> QuantModule_DiffAE_LoRA
2026-03-20 19:16:59,128 [INFO]   替換層 1 -> QuantModule_DiffAE_LoRA
2026-03-20 19:16:59,128 [INFO]   替換層 1 -> QuantModule_DiffAE_LoRA
2026-03-20 19:16:59,129 [INFO]   替換層 1 -> QuantModule_DiffAE_LoRA
2026-03-20 19:16:59,129 [INFO]   替換層 1 -> QuantModule_DiffAE_LoRA
2026-03-20 19:16:59,129 [INFO]   替換層 3 -> QuantModule_DiffAE_LoRA
2026-03-20 19:16:59,129 [INFO]   替換層 3 -> QuantModule_DiffAE_LoRA
2026-03-20 19:16:59,130 [INFO]   跳過量化 skip connection: skip_connection
2026-03-20 19:16:59,130 [INFO]   跳過量化 skip connection: skip_connection
2026-03-20 19:16:59,131 [INFO]   替換層 2 -> QuantModule_DiffAE_LoRA
2026-03-20 19:16:59,131 [INFO]   替換層 2 -> QuantModule_DiffAE_LoRA
2026-03-20 19:16:59,131 [INFO]   替換層 1 -> QuantModule_DiffAE_LoRA
2026-03-20 19:16:59,131 [INFO]   替換層 1 -> QuantModule_DiffAE_LoRA
2026-03-20 19:16:59,132 [INFO]   替換層 1 -> QuantModule_DiffAE_LoRA
2026-03-20 19:16:59,132 [INFO]   替換層 1 -> QuantModule_DiffAE_LoRA
2026-03-20 19:16:59,132 [INFO]   替換層 3 -> QuantModule_DiffAE_LoRA
2026-03-20 19:16:59,132 [INFO]   替換層 3 -> QuantModule_DiffAE_LoRA
2026-03-20 19:16:59,133 [INFO]   替換層 2 -> QuantModule_DiffAE_LoRA
2026-03-20 19:16:59,133 [INFO]   替換層 2 -> QuantModule_DiffAE_LoRA
2026-03-20 19:16:59,135 [INFO]   替換層 1 -> QuantModule_DiffAE_LoRA
2026-03-20 19:16:59,135 [INFO]   替換層 1 -> QuantModule_DiffAE_LoRA
2026-03-20 19:16:59,135 [INFO]   替換層 1 -> QuantModule_DiffAE_LoRA
2026-03-20 19:16:59,135 [INFO]   替換層 1 -> QuantModule_DiffAE_LoRA
2026-03-20 19:16:59,136 [INFO]   替換層 3 -> QuantModule_DiffAE_LoRA
2026-03-20 19:16:59,136 [INFO]   替換層 3 -> QuantModule_DiffAE_LoRA
2026-03-20 19:16:59,137 [INFO]   跳過量化 skip connection: skip_connection
2026-03-20 19:16:59,137 [INFO]   跳過量化 skip connection: skip_connection
2026-03-20 19:16:59,137 [INFO]   替換層 2 -> QuantModule_DiffAE_LoRA
2026-03-20 19:16:59,137 [INFO]   替換層 2 -> QuantModule_DiffAE_LoRA
2026-03-20 19:16:59,138 [INFO]   替換層 1 -> QuantModule_DiffAE_LoRA
2026-03-20 19:16:59,138 [INFO]   替換層 1 -> QuantModule_DiffAE_LoRA
2026-03-20 19:16:59,139 [INFO]   替換層 1 -> QuantModule_DiffAE_LoRA
2026-03-20 19:16:59,139 [INFO]   替換層 1 -> QuantModule_DiffAE_LoRA
2026-03-20 19:16:59,139 [INFO]   替換層 3 -> QuantModule_DiffAE_LoRA
2026-03-20 19:16:59,139 [INFO]   替換層 3 -> QuantModule_DiffAE_LoRA
2026-03-20 19:16:59,140 [INFO]   跳過量化 skip connection: skip_connection
2026-03-20 19:16:59,140 [INFO]   跳過量化 skip connection: skip_connection
2026-03-20 19:16:59,140 [INFO]   替換層 2 -> QuantModule_DiffAE_LoRA
2026-03-20 19:16:59,140 [INFO]   替換層 2 -> QuantModule_DiffAE_LoRA
2026-03-20 19:16:59,141 [INFO]   替換層 1 -> QuantModule_DiffAE_LoRA
2026-03-20 19:16:59,141 [INFO]   替換層 1 -> QuantModule_DiffAE_LoRA
2026-03-20 19:16:59,142 [INFO]   替換層 1 -> QuantModule_DiffAE_LoRA
2026-03-20 19:16:59,142 [INFO]   替換層 1 -> QuantModule_DiffAE_LoRA
2026-03-20 19:16:59,142 [INFO]   替換層 3 -> QuantModule_DiffAE_LoRA
2026-03-20 19:16:59,142 [INFO]   替換層 3 -> QuantModule_DiffAE_LoRA
2026-03-20 19:16:59,143 [INFO]   跳過量化 skip connection: skip_connection
2026-03-20 19:16:59,143 [INFO]   跳過量化 skip connection: skip_connection
2026-03-20 19:16:59,143 [INFO] 改造模組: out
2026-03-20 19:16:59,143 [INFO] 改造模組: out
2026-03-20 19:16:59,143 [INFO]   跳過量化特殊模組: 2
2026-03-20 19:16:59,143 [INFO]   跳過量化特殊模組: 2
2026-03-20 19:16:59,147 [INFO] 執行 'create_float_quantized_model' 完成，耗時: 0.46 秒
2026-03-20 19:16:59,147 [INFO] 執行 'create_float_quantized_model' 完成，耗時: 0.46 秒
2026-03-20 19:16:59,239 [INFO] 載入校準資料...
2026-03-20 19:16:59,239 [INFO] 載入校準資料...
2026-03-20 19:16:59,420 [INFO] ✅ 載入真實校準資料成功
2026-03-20 19:16:59,420 [INFO] ✅ 載入真實校準資料成功
2026-03-20 19:16:59,422 [INFO] ==================================================
2026-03-20 19:16:59,422 [INFO] ==================================================
2026-03-20 19:16:59,422 [INFO] 5. Setting first and last layers to 8-bit...
2026-03-20 19:16:59,422 [INFO] 5. Setting first and last layers to 8-bit...
2026-03-20 19:16:59,424 [INFO] 找到 144 個量化模組
2026-03-20 19:16:59,424 [INFO] 找到 144 個量化模組
2026-03-20 19:16:59,424 [INFO] ✅ 首尾層 8-bit 設定完成
2026-03-20 19:16:59,424 [INFO] ✅ 首尾層 8-bit 設定完成
2026-03-20 19:16:59,424 [INFO] ✅ 量化模型創建成功
2026-03-20 19:16:59,424 [INFO] ✅ 量化模型創建成功
2026-03-20 19:16:59,424 [INFO] set quant state to True, True for layer 1
2026-03-20 19:16:59,424 [INFO] set quant state to True, True for layer 1
2026-03-20 19:16:59,424 [INFO] set quant state to True, True for layer 2
2026-03-20 19:16:59,424 [INFO] set quant state to True, True for layer 2
2026-03-20 19:16:59,424 [INFO] set quant state to True, False for layer 3
2026-03-20 19:16:59,424 [INFO] set quant state to True, False for layer 3
2026-03-20 19:16:59,425 [INFO] set quant state to True, True for layer 144
2026-03-20 19:16:59,425 [INFO] set quant state to True, True for layer 144
2026-03-20 19:17:00,368 [INFO] EMA(load from ema_model.model.*): provided=1822 effective_loaded=1822 missing=280 unexpected=0
2026-03-20 19:17:00,368 [INFO] EMA(load from ema_model.model.*): provided=1822 effective_loaded=1822 missing=280 unexpected=0
2026-03-20 19:17:00,368 [WARNING] EMA missing keys (前10): ['model.input_blocks.1.0.in_layers.2.intn_dequantizer.delta', 'model.input_blocks.1.0.in_layers.2.intn_dequantizer.zero_point', 'model.input_blocks.1.0.emb_layers.1.intn_dequantizer.delta', 'model.input_blocks.1.0.emb_layers.1.intn_dequantizer.zero_point', 'model.input_blocks.1.0.cond_emb_layers.1.intn_dequantizer.delta', 'model.input_blocks.1.0.cond_emb_layers.1.intn_dequantizer.zero_point', 'model.input_blocks.1.0.out_layers.3.intn_dequantizer.delta', 'model.input_blocks.1.0.out_layers.3.intn_dequantizer.zero_point', 'model.input_blocks.2.0.in_layers.2.intn_dequantizer.delta', 'model.input_blocks.2.0.in_layers.2.intn_dequantizer.zero_point']
2026-03-20 19:17:00,368 [WARNING] EMA missing keys (前10): ['model.input_blocks.1.0.in_layers.2.intn_dequantizer.delta', 'model.input_blocks.1.0.in_layers.2.intn_dequantizer.zero_point', 'model.input_blocks.1.0.emb_layers.1.intn_dequantizer.delta', 'model.input_blocks.1.0.emb_layers.1.intn_dequantizer.zero_point', 'model.input_blocks.1.0.cond_emb_layers.1.intn_dequantizer.delta', 'model.input_blocks.1.0.cond_emb_layers.1.intn_dequantizer.zero_point', 'model.input_blocks.1.0.out_layers.3.intn_dequantizer.delta', 'model.input_blocks.1.0.out_layers.3.intn_dequantizer.zero_point', 'model.input_blocks.2.0.in_layers.2.intn_dequantizer.delta', 'model.input_blocks.2.0.in_layers.2.intn_dequantizer.zero_point']
2026-03-20 19:17:00,424 [INFO] MODEL(load from model.model.*): provided=1822 effective_loaded=1822 missing=280 unexpected=0
2026-03-20 19:17:00,424 [INFO] MODEL(load from model.model.*): provided=1822 effective_loaded=1822 missing=280 unexpected=0
2026-03-20 19:17:00,425 [INFO] ✅ 量化模型載入成功
2026-03-20 19:17:00,425 [INFO] ✅ 量化模型載入成功
2026-03-20 19:17:00,425 [INFO] === 初始化新功能模組 ===
2026-03-20 19:17:00,425 [INFO] === 初始化新功能模組 ===
2026-03-20 19:17:00,454 [INFO] ✅ 基礎模型設定完成
2026-03-20 19:17:00,454 [INFO] ✅ 基礎模型設定完成
2026-03-20 19:17:00,484 [INFO] ==================================================
2026-03-20 19:17:00,484 [INFO] ==================================================
2026-03-20 19:17:00,484 [INFO] 啟用 Similarity Analysis (L1/L2/Cosine)
2026-03-20 19:17:00,484 [INFO] 啟用 Similarity Analysis (L1/L2/Cosine)
2026-03-20 19:17:00,484 [INFO] FID 評估樣本數: 128
2026-03-20 19:17:00,484 [INFO] FID 評估樣本數: 128
2026-03-20 19:17:00,484 [INFO] 實際收集樣本數: 20 (用於加速)
2026-03-20 19:17:00,484 [INFO] 實際收集樣本數: 20 (用於加速)
2026-03-20 19:17:00,484 [INFO] 擴散步數: 100
2026-03-20 19:17:00,484 [INFO] 擴散步數: 100
2026-03-20 19:17:00,484 [INFO] ==================================================
2026-03-20 19:17:00,484 [INFO] ==================================================
2026-03-20 19:17:00,485 [INFO] [Similarity] 註冊 block hook: model.input_blocks.13
2026-03-20 19:17:00,485 [INFO] [Similarity] 註冊 block hook: model.input_blocks.13
2026-03-20 19:17:00,486 [INFO] [Similarity] 註冊 model step hook 完成
2026-03-20 19:17:00,486 [INFO] [Similarity] 註冊 model step hook 完成
Model params: 174.19 M
loading pretrain ... 130M
step: 1019986
loading latent stats ...
local seed: 0
train data: 70001
val data: 70001
on train dataloader start ...
mean: tensor(-0.0606, device='cuda:0') std: tensor(0.0755, device='cuda:0')
generating images:   0%|          | 0/4 [00:00<?, ?it/s]/home/jimmy/diffae/./diffusion/base.py:329: FutureWarning: `torch.cuda.amp.autocast(args...)` is deprecated. Please use `torch.amp.autocast('cuda', args...)` instead.
  with autocast(self.conf.fp16):
2026-03-20 19:17:17,487 [INFO] [Similarity] Batch 0 完成，已收集 20 個樣本
2026-03-20 19:17:17,487 [INFO] [Similarity] Batch 0 完成，已收集 20 個樣本
generating images:  25%|██▌       | 1/4 [00:17<00:51, 17.10s/it]2026-03-20 19:17:34,453 [INFO] [Similarity] Batch 1 完成，已收集 20 個樣本
2026-03-20 19:17:34,453 [INFO] [Similarity] Batch 1 完成，已收集 20 個樣本
generating images:  50%|█████     | 2/4 [00:34<00:34, 17.02s/it]2026-03-20 19:17:51,408 [INFO] [Similarity] Batch 2 完成，已收集 20 個樣本
2026-03-20 19:17:51,408 [INFO] [Similarity] Batch 2 完成，已收集 20 個樣本
generating images:  75%|███████▌  | 3/4 [00:51<00:16, 16.99s/it]2026-03-20 19:18:07,182 [INFO] [Similarity] 已收集 80 个样本，停止数据收集（目标: 80）
2026-03-20 19:18:07,182 [INFO] [Similarity] 已收集 80 个样本，停止数据收集（目标: 80）
2026-03-20 19:18:08,381 [INFO] [Similarity] Batch 3 完成，已收集 20 個樣本
2026-03-20 19:18:08,381 [INFO] [Similarity] Batch 3 完成，已收集 20 個樣本
generating images: 100%|██████████| 4/4 [01:07<00:00, 16.98s/it]generating images: 100%|██████████| 4/4 [01:07<00:00, 17.00s/it]
2026-03-20 19:18:08,485 [INFO] [Similarity] FID@128 100 steps score: 0
2026-03-20 19:18:08,485 [INFO] [Similarity] FID@128 100 steps score: 0
2026-03-20 19:18:08,486 [INFO] [Similarity] model.input_blocks.13 cosine: min=0.790164, max=1.000000, diag_mean=1.000000, off_diag_mean=0.949712, off_diag_std=0.043456
2026-03-20 19:18:08,486 [INFO] [Similarity] model.input_blocks.13 cosine: min=0.790164, max=1.000000, diag_mean=1.000000, off_diag_mean=0.949712, off_diag_std=0.043456
2026-03-20 19:18:09,238 [INFO] ✅ Similarity Analysis 完成
2026-03-20 19:18:09,238 [INFO] ✅ Similarity Analysis 完成
2026-03-20 19:18:09,277 [INFO] 執行 'main_float_model' 完成，耗時: 72.44 秒
2026-03-20 19:18:09,277 [INFO] 執行 'main_float_model' 完成，耗時: 72.44 秒
