/home/jimmy/anaconda3/envs/diffae_bw/lib/python3.10/site-packages/lightning_fabric/__init__.py:41: pkg_resources is deprecated as an API. See https://setuptools.pypa.io/en/latest/pkg_resources.html. The pkg_resources package is slated for removal as early as 2025-11-30. Refrain from using this package or pin to Setuptools<81.
使用自動混合精度: torch.bfloat16
[設定] Log 檔案已設為: QATcode/cache_method/L1_L2_cosine/logs/similarity_model_output_blocks_11.log
2026-01-26 12:29:24,478 [INFO] Using 100 steps
2026-01-26 12:29:24,478 [INFO] Using 100 steps
2026-01-26 12:29:24,478 [INFO] Using 50000 evaluation samples
2026-01-26 12:29:24,478 [INFO] Using 50000 evaluation samples
2026-01-26 12:29:24,478 [INFO] Cache enabled: False, method: Res, threshold: 0.1
2026-01-26 12:29:24,478 [INFO] Cache enabled: False, method: Res, threshold: 0.1
2026-01-26 12:29:24,478 [INFO] Quantitative analysis enabled: False, samples: 10
2026-01-26 12:29:24,478 [INFO] Quantitative analysis enabled: False, samples: 10
2026-01-26 12:29:24,478 [INFO] Log file: QATcode/cache_method/L1_L2_cosine/logs/similarity_model_output_blocks_11.log
2026-01-26 12:29:24,478 [INFO] Log file: QATcode/cache_method/L1_L2_cosine/logs/similarity_model_output_blocks_11.log
2026-01-26 12:29:24,478 [INFO] ==================================================
2026-01-26 12:29:24,478 [INFO] ==================================================
2026-01-26 12:29:24,478 [INFO] Diff-AE EfficientDM Step 7 : 生成圖片
2026-01-26 12:29:24,478 [INFO] Diff-AE EfficientDM Step 7 : 生成圖片
2026-01-26 12:29:24,478 [INFO] ==================================================
2026-01-26 12:29:24,478 [INFO] ==================================================
2026-01-26 12:29:24,478 [INFO] 使用設備: cuda
2026-01-26 12:29:24,478 [INFO] 使用設備: cuda
2026-01-26 12:29:24,478 [INFO] === 新功能狀態 ===
2026-01-26 12:29:24,478 [INFO] === 新功能狀態 ===
2026-01-26 12:29:24,478 [INFO] 載入 Diff-AE 模型: checkpoints/ffhq128_autoenc_latent/last.ckpt
2026-01-26 12:29:24,478 [INFO] 載入 Diff-AE 模型: checkpoints/ffhq128_autoenc_latent/last.ckpt
Seed set to 0
Model params: 174.19 M
loading pretrain ... 130M
step: 1019986
loading latent stats ...
2026-01-26 12:29:27,431 [INFO] Diff-AE 模型載入完成
2026-01-26 12:29:27,431 [INFO] Diff-AE 模型載入完成
2026-01-26 12:29:27,476 [INFO] 執行 'load_diffae_model' 完成，耗時: 3.00 秒
2026-01-26 12:29:27,476 [INFO] ✅ Diff-AE 模型載入成功
2026-01-26 12:29:27,476 [INFO] base_model.conf.train_mode: TrainMode.latent_diffusion
2026-01-26 12:29:27,476 [INFO] 執行 'load_diffae_model' 完成，耗時: 3.00 秒
2026-01-26 12:29:27,476 [INFO] ✅ Diff-AE 模型載入成功
2026-01-26 12:29:27,476 [INFO] === 創建 LoRA 量化模型 ===
2026-01-26 12:29:27,476 [INFO] base_model.conf.train_mode: TrainMode.latent_diffusion
2026-01-26 12:29:27,476 [INFO] === 創建 LoRA 量化模型 ===
2026-01-26 12:29:27,476 [INFO] === 開始 UNet LoRA 量化改造 ===
2026-01-26 12:29:27,476 [INFO] 改造模組: time_embed
2026-01-26 12:29:27,476 [INFO] === 開始 UNet LoRA 量化改造 ===
2026-01-26 12:29:27,476 [INFO] 改造模組: time_embed
2026-01-26 12:29:27,476 [INFO]   跳過量化特殊模組: 0
2026-01-26 12:29:27,476 [INFO]   跳過量化特殊模組: 0
2026-01-26 12:29:27,480 [INFO]   跳過量化特殊模組: 2
2026-01-26 12:29:27,485 [INFO] 改造模組: input_blocks
2026-01-26 12:29:27,485 [INFO]   跳過量化特殊模組: 0
2026-01-26 12:29:27,486 [INFO]   替換層 2 -> QuantModule_DiffAE_LoRA
2026-01-26 12:29:27,480 [INFO]   跳過量化特殊模組: 2
2026-01-26 12:29:27,485 [INFO] 改造模組: input_blocks
2026-01-26 12:29:27,485 [INFO]   跳過量化特殊模組: 0
2026-01-26 12:29:27,486 [INFO]   替換層 2 -> QuantModule_DiffAE_LoRA
2026-01-26 12:29:27,568 [INFO]   替換層 1 -> QuantModule_DiffAE_LoRA
2026-01-26 12:29:27,568 [INFO]   替換層 1 -> QuantModule_DiffAE_LoRA
2026-01-26 12:29:27,578 [INFO]   替換層 1 -> QuantModule_DiffAE_LoRA
2026-01-26 12:29:27,578 [INFO]   替換層 1 -> QuantModule_DiffAE_LoRA
2026-01-26 12:29:27,582 [INFO]   替換層 3 -> QuantModule_DiffAE_LoRA
2026-01-26 12:29:27,582 [INFO]   替換層 3 -> QuantModule_DiffAE_LoRA
2026-01-26 12:29:27,587 [INFO]   替換層 2 -> QuantModule_DiffAE_LoRA
2026-01-26 12:29:27,587 [INFO]   替換層 2 -> QuantModule_DiffAE_LoRA
2026-01-26 12:29:27,593 [INFO]   替換層 1 -> QuantModule_DiffAE_LoRA
2026-01-26 12:29:27,593 [INFO]   替換層 1 -> QuantModule_DiffAE_LoRA
2026-01-26 12:29:27,598 [INFO]   替換層 1 -> QuantModule_DiffAE_LoRA
2026-01-26 12:29:27,598 [INFO]   替換層 1 -> QuantModule_DiffAE_LoRA
2026-01-26 12:29:27,601 [INFO]   替換層 3 -> QuantModule_DiffAE_LoRA
2026-01-26 12:29:27,601 [INFO]   替換層 3 -> QuantModule_DiffAE_LoRA
2026-01-26 12:29:27,607 [INFO]   替換層 2 -> QuantModule_DiffAE_LoRA
2026-01-26 12:29:27,607 [INFO]   替換層 2 -> QuantModule_DiffAE_LoRA
2026-01-26 12:29:27,616 [INFO]   替換層 1 -> QuantModule_DiffAE_LoRA
2026-01-26 12:29:27,616 [INFO]   替換層 1 -> QuantModule_DiffAE_LoRA
2026-01-26 12:29:27,620 [INFO]   替換層 1 -> QuantModule_DiffAE_LoRA
2026-01-26 12:29:27,626 [INFO]   替換層 3 -> QuantModule_DiffAE_LoRA
2026-01-26 12:29:27,620 [INFO]   替換層 1 -> QuantModule_DiffAE_LoRA
2026-01-26 12:29:27,626 [INFO]   替換層 3 -> QuantModule_DiffAE_LoRA
2026-01-26 12:29:27,632 [INFO]   替換層 2 -> QuantModule_DiffAE_LoRA
2026-01-26 12:29:27,632 [INFO]   替換層 2 -> QuantModule_DiffAE_LoRA
2026-01-26 12:29:27,633 [INFO]   替換層 1 -> QuantModule_DiffAE_LoRA
2026-01-26 12:29:27,633 [INFO]   替換層 1 -> QuantModule_DiffAE_LoRA
2026-01-26 12:29:27,633 [INFO]   替換層 1 -> QuantModule_DiffAE_LoRA
2026-01-26 12:29:27,633 [INFO]   替換層 1 -> QuantModule_DiffAE_LoRA
2026-01-26 12:29:27,634 [INFO]   替換層 3 -> QuantModule_DiffAE_LoRA
2026-01-26 12:29:27,634 [INFO]   替換層 3 -> QuantModule_DiffAE_LoRA
2026-01-26 12:29:27,634 [INFO]   替換層 2 -> QuantModule_DiffAE_LoRA
2026-01-26 12:29:27,634 [INFO]   替換層 2 -> QuantModule_DiffAE_LoRA
2026-01-26 12:29:27,635 [INFO]   替換層 1 -> QuantModule_DiffAE_LoRA
2026-01-26 12:29:27,635 [INFO]   替換層 1 -> QuantModule_DiffAE_LoRA
2026-01-26 12:29:27,636 [INFO]   替換層 1 -> QuantModule_DiffAE_LoRA
2026-01-26 12:29:27,636 [INFO]   替換層 1 -> QuantModule_DiffAE_LoRA
2026-01-26 12:29:27,636 [INFO]   替換層 3 -> QuantModule_DiffAE_LoRA
2026-01-26 12:29:27,636 [INFO]   替換層 3 -> QuantModule_DiffAE_LoRA
2026-01-26 12:29:27,637 [INFO]   替換層 2 -> QuantModule_DiffAE_LoRA
2026-01-26 12:29:27,637 [INFO]   替換層 2 -> QuantModule_DiffAE_LoRA
2026-01-26 12:29:27,637 [INFO]   替換層 1 -> QuantModule_DiffAE_LoRA
2026-01-26 12:29:27,637 [INFO]   替換層 1 -> QuantModule_DiffAE_LoRA
2026-01-26 12:29:27,638 [INFO]   替換層 1 -> QuantModule_DiffAE_LoRA
2026-01-26 12:29:27,638 [INFO]   替換層 1 -> QuantModule_DiffAE_LoRA
2026-01-26 12:29:27,638 [INFO]   替換層 3 -> QuantModule_DiffAE_LoRA
2026-01-26 12:29:27,638 [INFO]   替換層 3 -> QuantModule_DiffAE_LoRA
2026-01-26 12:29:27,639 [INFO]   替換層 2 -> QuantModule_DiffAE_LoRA
2026-01-26 12:29:27,639 [INFO]   替換層 2 -> QuantModule_DiffAE_LoRA
2026-01-26 12:29:27,640 [INFO]   替換層 1 -> QuantModule_DiffAE_LoRA
2026-01-26 12:29:27,640 [INFO]   替換層 1 -> QuantModule_DiffAE_LoRA
2026-01-26 12:29:27,641 [INFO]   替換層 1 -> QuantModule_DiffAE_LoRA
2026-01-26 12:29:27,641 [INFO]   替換層 1 -> QuantModule_DiffAE_LoRA
2026-01-26 12:29:27,641 [INFO]   替換層 3 -> QuantModule_DiffAE_LoRA
2026-01-26 12:29:27,641 [INFO]   替換層 3 -> QuantModule_DiffAE_LoRA
2026-01-26 12:29:27,643 [INFO]   跳過量化 skip connection: skip_connection
2026-01-26 12:29:27,643 [INFO]   跳過量化 skip connection: skip_connection
2026-01-26 12:29:27,643 [INFO]   替換層 2 -> QuantModule_DiffAE_LoRA
2026-01-26 12:29:27,643 [INFO]   替換層 2 -> QuantModule_DiffAE_LoRA
2026-01-26 12:29:27,645 [INFO]   替換層 1 -> QuantModule_DiffAE_LoRA
2026-01-26 12:29:27,645 [INFO]   替換層 1 -> QuantModule_DiffAE_LoRA
2026-01-26 12:29:27,645 [INFO]   替換層 1 -> QuantModule_DiffAE_LoRA
2026-01-26 12:29:27,645 [INFO]   替換層 1 -> QuantModule_DiffAE_LoRA
2026-01-26 12:29:27,646 [INFO]   替換層 3 -> QuantModule_DiffAE_LoRA
2026-01-26 12:29:27,646 [INFO]   替換層 3 -> QuantModule_DiffAE_LoRA
2026-01-26 12:29:27,648 [INFO]   替換層 2 -> QuantModule_DiffAE_LoRA
2026-01-26 12:29:27,648 [INFO]   替換層 2 -> QuantModule_DiffAE_LoRA
2026-01-26 12:29:27,649 [INFO]   替換層 1 -> QuantModule_DiffAE_LoRA
2026-01-26 12:29:27,649 [INFO]   替換層 1 -> QuantModule_DiffAE_LoRA
2026-01-26 12:29:27,650 [INFO]   替換層 1 -> QuantModule_DiffAE_LoRA
2026-01-26 12:29:27,650 [INFO]   替換層 1 -> QuantModule_DiffAE_LoRA
2026-01-26 12:29:27,651 [INFO]   替換層 3 -> QuantModule_DiffAE_LoRA
2026-01-26 12:29:27,651 [INFO]   替換層 3 -> QuantModule_DiffAE_LoRA
2026-01-26 12:29:27,652 [INFO]   替換層 2 -> QuantModule_DiffAE_LoRA
2026-01-26 12:29:27,652 [INFO]   替換層 2 -> QuantModule_DiffAE_LoRA
2026-01-26 12:29:27,660 [INFO]   替換層 1 -> QuantModule_DiffAE_LoRA
2026-01-26 12:29:27,660 [INFO]   替換層 1 -> QuantModule_DiffAE_LoRA
2026-01-26 12:29:27,664 [INFO]   替換層 1 -> QuantModule_DiffAE_LoRA
2026-01-26 12:29:27,664 [INFO]   替換層 1 -> QuantModule_DiffAE_LoRA
2026-01-26 12:29:27,668 [INFO]   替換層 3 -> QuantModule_DiffAE_LoRA
2026-01-26 12:29:27,668 [INFO]   替換層 3 -> QuantModule_DiffAE_LoRA
2026-01-26 12:29:27,676 [INFO]   跳過量化 skip connection: skip_connection
2026-01-26 12:29:27,676 [INFO]   跳過量化 skip connection: skip_connection
2026-01-26 12:29:27,676 [INFO]   替換層 2 -> QuantModule_DiffAE_LoRA
2026-01-26 12:29:27,676 [INFO]   替換層 2 -> QuantModule_DiffAE_LoRA
2026-01-26 12:29:27,681 [INFO]   替換層 1 -> QuantModule_DiffAE_LoRA
2026-01-26 12:29:27,681 [INFO]   替換層 1 -> QuantModule_DiffAE_LoRA
2026-01-26 12:29:27,684 [INFO]   替換層 1 -> QuantModule_DiffAE_LoRA
2026-01-26 12:29:27,684 [INFO]   替換層 1 -> QuantModule_DiffAE_LoRA
2026-01-26 12:29:27,685 [INFO]   替換層 3 -> QuantModule_DiffAE_LoRA
2026-01-26 12:29:27,685 [INFO]   替換層 3 -> QuantModule_DiffAE_LoRA
2026-01-26 12:29:27,688 [INFO]   替換層 2 -> QuantModule_DiffAE_LoRA
2026-01-26 12:29:27,688 [INFO]   替換層 2 -> QuantModule_DiffAE_LoRA
2026-01-26 12:29:27,694 [INFO]   替換層 1 -> QuantModule_DiffAE_LoRA
2026-01-26 12:29:27,694 [INFO]   替換層 1 -> QuantModule_DiffAE_LoRA
2026-01-26 12:29:27,696 [INFO]   替換層 1 -> QuantModule_DiffAE_LoRA
2026-01-26 12:29:27,696 [INFO]   替換層 1 -> QuantModule_DiffAE_LoRA
2026-01-26 12:29:27,697 [INFO]   替換層 3 -> QuantModule_DiffAE_LoRA
2026-01-26 12:29:27,697 [INFO]   替換層 3 -> QuantModule_DiffAE_LoRA
2026-01-26 12:29:27,701 [INFO]   替換層 2 -> QuantModule_DiffAE_LoRA
2026-01-26 12:29:27,701 [INFO]   替換層 2 -> QuantModule_DiffAE_LoRA
2026-01-26 12:29:27,707 [INFO]   替換層 1 -> QuantModule_DiffAE_LoRA
2026-01-26 12:29:27,707 [INFO]   替換層 1 -> QuantModule_DiffAE_LoRA
2026-01-26 12:29:27,714 [INFO]   替換層 1 -> QuantModule_DiffAE_LoRA
2026-01-26 12:29:27,714 [INFO]   替換層 1 -> QuantModule_DiffAE_LoRA
2026-01-26 12:29:27,721 [INFO]   替換層 3 -> QuantModule_DiffAE_LoRA
2026-01-26 12:29:27,721 [INFO]   替換層 3 -> QuantModule_DiffAE_LoRA
2026-01-26 12:29:27,731 [INFO]   跳過量化 skip connection: skip_connection
2026-01-26 12:29:27,731 [INFO]   跳過量化 skip connection: skip_connection
2026-01-26 12:29:27,731 [INFO]   替換層 2 -> QuantModule_DiffAE_LoRA
2026-01-26 12:29:27,731 [INFO]   替換層 2 -> QuantModule_DiffAE_LoRA
2026-01-26 12:29:27,740 [INFO]   替換層 1 -> QuantModule_DiffAE_LoRA
2026-01-26 12:29:27,740 [INFO]   替換層 1 -> QuantModule_DiffAE_LoRA
2026-01-26 12:29:27,744 [INFO]   替換層 1 -> QuantModule_DiffAE_LoRA
2026-01-26 12:29:27,744 [INFO]   替換層 1 -> QuantModule_DiffAE_LoRA
2026-01-26 12:29:27,750 [INFO]   替換層 3 -> QuantModule_DiffAE_LoRA
2026-01-26 12:29:27,750 [INFO]   替換層 3 -> QuantModule_DiffAE_LoRA
2026-01-26 12:29:27,765 [INFO] 改造模組: middle_block
2026-01-26 12:29:27,765 [INFO]   替換層 2 -> QuantModule_DiffAE_LoRA
2026-01-26 12:29:27,765 [INFO] 改造模組: middle_block
2026-01-26 12:29:27,765 [INFO]   替換層 2 -> QuantModule_DiffAE_LoRA
2026-01-26 12:29:27,773 [INFO]   替換層 1 -> QuantModule_DiffAE_LoRA
2026-01-26 12:29:27,773 [INFO]   替換層 1 -> QuantModule_DiffAE_LoRA
2026-01-26 12:29:27,781 [INFO]   替換層 1 -> QuantModule_DiffAE_LoRA
2026-01-26 12:29:27,781 [INFO]   替換層 1 -> QuantModule_DiffAE_LoRA
2026-01-26 12:29:27,787 [INFO]   替換層 3 -> QuantModule_DiffAE_LoRA
2026-01-26 12:29:27,787 [INFO]   替換層 3 -> QuantModule_DiffAE_LoRA
2026-01-26 12:29:27,795 [INFO]   替換層 2 -> QuantModule_DiffAE_LoRA
2026-01-26 12:29:27,795 [INFO]   替換層 2 -> QuantModule_DiffAE_LoRA
2026-01-26 12:29:27,806 [INFO]   替換層 1 -> QuantModule_DiffAE_LoRA
2026-01-26 12:29:27,806 [INFO]   替換層 1 -> QuantModule_DiffAE_LoRA
2026-01-26 12:29:27,811 [INFO]   替換層 1 -> QuantModule_DiffAE_LoRA
2026-01-26 12:29:27,811 [INFO]   替換層 1 -> QuantModule_DiffAE_LoRA
2026-01-26 12:29:27,817 [INFO]   替換層 3 -> QuantModule_DiffAE_LoRA
2026-01-26 12:29:27,817 [INFO]   替換層 3 -> QuantModule_DiffAE_LoRA
2026-01-26 12:29:27,829 [INFO] 改造模組: output_blocks
2026-01-26 12:29:27,829 [INFO]   替換層 2 -> QuantModule_DiffAE_LoRA
2026-01-26 12:29:27,829 [INFO] 改造模組: output_blocks
2026-01-26 12:29:27,829 [INFO]   替換層 2 -> QuantModule_DiffAE_LoRA
2026-01-26 12:29:27,847 [INFO]   替換層 1 -> QuantModule_DiffAE_LoRA
2026-01-26 12:29:27,847 [INFO]   替換層 1 -> QuantModule_DiffAE_LoRA
2026-01-26 12:29:27,852 [INFO]   替換層 1 -> QuantModule_DiffAE_LoRA
2026-01-26 12:29:27,852 [INFO]   替換層 1 -> QuantModule_DiffAE_LoRA
2026-01-26 12:29:27,857 [INFO]   替換層 3 -> QuantModule_DiffAE_LoRA
2026-01-26 12:29:27,857 [INFO]   替換層 3 -> QuantModule_DiffAE_LoRA
2026-01-26 12:29:27,870 [INFO]   跳過量化 skip connection: skip_connection
2026-01-26 12:29:27,870 [INFO]   替換層 2 -> QuantModule_DiffAE_LoRA
2026-01-26 12:29:27,870 [INFO]   跳過量化 skip connection: skip_connection
2026-01-26 12:29:27,870 [INFO]   替換層 2 -> QuantModule_DiffAE_LoRA
2026-01-26 12:29:27,885 [INFO]   替換層 1 -> QuantModule_DiffAE_LoRA
2026-01-26 12:29:27,885 [INFO]   替換層 1 -> QuantModule_DiffAE_LoRA
2026-01-26 12:29:27,889 [INFO]   替換層 1 -> QuantModule_DiffAE_LoRA
2026-01-26 12:29:27,889 [INFO]   替換層 1 -> QuantModule_DiffAE_LoRA
2026-01-26 12:29:27,895 [INFO]   替換層 3 -> QuantModule_DiffAE_LoRA
2026-01-26 12:29:27,895 [INFO]   替換層 3 -> QuantModule_DiffAE_LoRA
2026-01-26 12:29:27,902 [INFO]   跳過量化 skip connection: skip_connection
2026-01-26 12:29:27,902 [INFO]   跳過量化 skip connection: skip_connection
2026-01-26 12:29:27,902 [INFO]   替換層 2 -> QuantModule_DiffAE_LoRA
2026-01-26 12:29:27,902 [INFO]   替換層 2 -> QuantModule_DiffAE_LoRA
2026-01-26 12:29:27,915 [INFO]   替換層 1 -> QuantModule_DiffAE_LoRA
2026-01-26 12:29:27,915 [INFO]   替換層 1 -> QuantModule_DiffAE_LoRA
2026-01-26 12:29:27,920 [INFO]   替換層 1 -> QuantModule_DiffAE_LoRA
2026-01-26 12:29:27,920 [INFO]   替換層 1 -> QuantModule_DiffAE_LoRA
2026-01-26 12:29:27,923 [INFO]   替換層 3 -> QuantModule_DiffAE_LoRA
2026-01-26 12:29:27,923 [INFO]   替換層 3 -> QuantModule_DiffAE_LoRA
2026-01-26 12:29:27,934 [INFO]   跳過量化 skip connection: skip_connection
2026-01-26 12:29:27,934 [INFO]   跳過量化 skip connection: skip_connection
2026-01-26 12:29:27,935 [INFO]   替換層 2 -> QuantModule_DiffAE_LoRA
2026-01-26 12:29:27,935 [INFO]   替換層 2 -> QuantModule_DiffAE_LoRA
2026-01-26 12:29:27,942 [INFO]   替換層 1 -> QuantModule_DiffAE_LoRA
2026-01-26 12:29:27,942 [INFO]   替換層 1 -> QuantModule_DiffAE_LoRA
2026-01-26 12:29:27,945 [INFO]   替換層 1 -> QuantModule_DiffAE_LoRA
2026-01-26 12:29:27,945 [INFO]   替換層 1 -> QuantModule_DiffAE_LoRA
2026-01-26 12:29:27,947 [INFO]   替換層 3 -> QuantModule_DiffAE_LoRA
2026-01-26 12:29:27,947 [INFO]   替換層 3 -> QuantModule_DiffAE_LoRA
2026-01-26 12:29:27,953 [INFO]   替換層 2 -> QuantModule_DiffAE_LoRA
2026-01-26 12:29:27,953 [INFO]   替換層 2 -> QuantModule_DiffAE_LoRA
2026-01-26 12:29:27,967 [INFO]   替換層 1 -> QuantModule_DiffAE_LoRA
2026-01-26 12:29:27,967 [INFO]   替換層 1 -> QuantModule_DiffAE_LoRA
2026-01-26 12:29:27,975 [INFO]   替換層 1 -> QuantModule_DiffAE_LoRA
2026-01-26 12:29:27,975 [INFO]   替換層 1 -> QuantModule_DiffAE_LoRA
2026-01-26 12:29:27,979 [INFO]   替換層 3 -> QuantModule_DiffAE_LoRA
2026-01-26 12:29:27,979 [INFO]   替換層 3 -> QuantModule_DiffAE_LoRA
2026-01-26 12:29:27,988 [INFO]   跳過量化 skip connection: skip_connection
2026-01-26 12:29:27,988 [INFO]   跳過量化 skip connection: skip_connection
2026-01-26 12:29:27,988 [INFO]   替換層 2 -> QuantModule_DiffAE_LoRA
2026-01-26 12:29:27,988 [INFO]   替換層 2 -> QuantModule_DiffAE_LoRA
2026-01-26 12:29:27,999 [INFO]   替換層 1 -> QuantModule_DiffAE_LoRA
2026-01-26 12:29:27,999 [INFO]   替換層 1 -> QuantModule_DiffAE_LoRA
2026-01-26 12:29:28,007 [INFO]   替換層 1 -> QuantModule_DiffAE_LoRA
2026-01-26 12:29:28,007 [INFO]   替換層 1 -> QuantModule_DiffAE_LoRA
2026-01-26 12:29:28,013 [INFO]   替換層 3 -> QuantModule_DiffAE_LoRA
2026-01-26 12:29:28,013 [INFO]   替換層 3 -> QuantModule_DiffAE_LoRA
2026-01-26 12:29:28,021 [INFO]   跳過量化 skip connection: skip_connection
2026-01-26 12:29:28,021 [INFO]   跳過量化 skip connection: skip_connection
2026-01-26 12:29:28,021 [INFO]   替換層 2 -> QuantModule_DiffAE_LoRA
2026-01-26 12:29:28,021 [INFO]   替換層 2 -> QuantModule_DiffAE_LoRA
2026-01-26 12:29:28,030 [INFO]   替換層 1 -> QuantModule_DiffAE_LoRA
2026-01-26 12:29:28,030 [INFO]   替換層 1 -> QuantModule_DiffAE_LoRA
2026-01-26 12:29:28,034 [INFO]   替換層 1 -> QuantModule_DiffAE_LoRA
2026-01-26 12:29:28,034 [INFO]   替換層 1 -> QuantModule_DiffAE_LoRA
2026-01-26 12:29:28,040 [INFO]   替換層 3 -> QuantModule_DiffAE_LoRA
2026-01-26 12:29:28,040 [INFO]   替換層 3 -> QuantModule_DiffAE_LoRA
2026-01-26 12:29:28,044 [INFO]   跳過量化 skip connection: skip_connection
2026-01-26 12:29:28,044 [INFO]   跳過量化 skip connection: skip_connection
2026-01-26 12:29:28,044 [INFO]   替換層 2 -> QuantModule_DiffAE_LoRA
2026-01-26 12:29:28,044 [INFO]   替換層 2 -> QuantModule_DiffAE_LoRA
2026-01-26 12:29:28,051 [INFO]   替換層 1 -> QuantModule_DiffAE_LoRA
2026-01-26 12:29:28,051 [INFO]   替換層 1 -> QuantModule_DiffAE_LoRA
2026-01-26 12:29:28,055 [INFO]   替換層 1 -> QuantModule_DiffAE_LoRA
2026-01-26 12:29:28,055 [INFO]   替換層 1 -> QuantModule_DiffAE_LoRA
2026-01-26 12:29:28,056 [INFO]   替換層 3 -> QuantModule_DiffAE_LoRA
2026-01-26 12:29:28,056 [INFO]   替換層 3 -> QuantModule_DiffAE_LoRA
2026-01-26 12:29:28,060 [INFO]   替換層 2 -> QuantModule_DiffAE_LoRA
2026-01-26 12:29:28,060 [INFO]   替換層 2 -> QuantModule_DiffAE_LoRA
2026-01-26 12:29:28,066 [INFO]   替換層 1 -> QuantModule_DiffAE_LoRA
2026-01-26 12:29:28,066 [INFO]   替換層 1 -> QuantModule_DiffAE_LoRA
2026-01-26 12:29:28,069 [INFO]   替換層 1 -> QuantModule_DiffAE_LoRA
2026-01-26 12:29:28,069 [INFO]   替換層 1 -> QuantModule_DiffAE_LoRA
2026-01-26 12:29:28,073 [INFO]   替換層 3 -> QuantModule_DiffAE_LoRA
2026-01-26 12:29:28,073 [INFO]   替換層 3 -> QuantModule_DiffAE_LoRA
2026-01-26 12:29:28,075 [INFO]   跳過量化 skip connection: skip_connection
2026-01-26 12:29:28,075 [INFO]   跳過量化 skip connection: skip_connection
2026-01-26 12:29:28,075 [INFO]   替換層 2 -> QuantModule_DiffAE_LoRA
2026-01-26 12:29:28,075 [INFO]   替換層 2 -> QuantModule_DiffAE_LoRA
2026-01-26 12:29:28,079 [INFO]   替換層 1 -> QuantModule_DiffAE_LoRA
2026-01-26 12:29:28,079 [INFO]   替換層 1 -> QuantModule_DiffAE_LoRA
2026-01-26 12:29:28,080 [INFO]   替換層 1 -> QuantModule_DiffAE_LoRA
2026-01-26 12:29:28,080 [INFO]   替換層 1 -> QuantModule_DiffAE_LoRA
2026-01-26 12:29:28,081 [INFO]   替換層 3 -> QuantModule_DiffAE_LoRA
2026-01-26 12:29:28,081 [INFO]   替換層 3 -> QuantModule_DiffAE_LoRA
2026-01-26 12:29:28,082 [INFO]   跳過量化 skip connection: skip_connection
2026-01-26 12:29:28,082 [INFO]   跳過量化 skip connection: skip_connection
2026-01-26 12:29:28,082 [INFO]   替換層 2 -> QuantModule_DiffAE_LoRA
2026-01-26 12:29:28,082 [INFO]   替換層 2 -> QuantModule_DiffAE_LoRA
2026-01-26 12:29:28,085 [INFO]   替換層 1 -> QuantModule_DiffAE_LoRA
2026-01-26 12:29:28,085 [INFO]   替換層 1 -> QuantModule_DiffAE_LoRA
2026-01-26 12:29:28,087 [INFO]   替換層 1 -> QuantModule_DiffAE_LoRA
2026-01-26 12:29:28,087 [INFO]   替換層 1 -> QuantModule_DiffAE_LoRA
2026-01-26 12:29:28,088 [INFO]   替換層 3 -> QuantModule_DiffAE_LoRA
2026-01-26 12:29:28,088 [INFO]   替換層 3 -> QuantModule_DiffAE_LoRA
2026-01-26 12:29:28,089 [INFO]   跳過量化 skip connection: skip_connection
2026-01-26 12:29:28,089 [INFO]   跳過量化 skip connection: skip_connection
2026-01-26 12:29:28,089 [INFO]   替換層 2 -> QuantModule_DiffAE_LoRA
2026-01-26 12:29:28,089 [INFO]   替換層 2 -> QuantModule_DiffAE_LoRA
2026-01-26 12:29:28,091 [INFO]   替換層 1 -> QuantModule_DiffAE_LoRA
2026-01-26 12:29:28,091 [INFO]   替換層 1 -> QuantModule_DiffAE_LoRA
2026-01-26 12:29:28,092 [INFO]   替換層 1 -> QuantModule_DiffAE_LoRA
2026-01-26 12:29:28,092 [INFO]   替換層 1 -> QuantModule_DiffAE_LoRA
2026-01-26 12:29:28,092 [INFO]   替換層 3 -> QuantModule_DiffAE_LoRA
2026-01-26 12:29:28,092 [INFO]   替換層 3 -> QuantModule_DiffAE_LoRA
2026-01-26 12:29:28,094 [INFO]   替換層 2 -> QuantModule_DiffAE_LoRA
2026-01-26 12:29:28,094 [INFO]   替換層 2 -> QuantModule_DiffAE_LoRA
2026-01-26 12:29:28,097 [INFO]   替換層 1 -> QuantModule_DiffAE_LoRA
2026-01-26 12:29:28,097 [INFO]   替換層 1 -> QuantModule_DiffAE_LoRA
2026-01-26 12:29:28,098 [INFO]   替換層 1 -> QuantModule_DiffAE_LoRA
2026-01-26 12:29:28,098 [INFO]   替換層 1 -> QuantModule_DiffAE_LoRA
2026-01-26 12:29:28,098 [INFO]   替換層 3 -> QuantModule_DiffAE_LoRA
2026-01-26 12:29:28,098 [INFO]   替換層 3 -> QuantModule_DiffAE_LoRA
2026-01-26 12:29:28,099 [INFO]   跳過量化 skip connection: skip_connection
2026-01-26 12:29:28,099 [INFO]   跳過量化 skip connection: skip_connection
2026-01-26 12:29:28,099 [INFO]   替換層 2 -> QuantModule_DiffAE_LoRA
2026-01-26 12:29:28,099 [INFO]   替換層 2 -> QuantModule_DiffAE_LoRA
2026-01-26 12:29:28,100 [INFO]   替換層 1 -> QuantModule_DiffAE_LoRA
2026-01-26 12:29:28,100 [INFO]   替換層 1 -> QuantModule_DiffAE_LoRA
2026-01-26 12:29:28,101 [INFO]   替換層 1 -> QuantModule_DiffAE_LoRA
2026-01-26 12:29:28,101 [INFO]   替換層 1 -> QuantModule_DiffAE_LoRA
2026-01-26 12:29:28,101 [INFO]   替換層 3 -> QuantModule_DiffAE_LoRA
2026-01-26 12:29:28,101 [INFO]   替換層 3 -> QuantModule_DiffAE_LoRA
2026-01-26 12:29:28,102 [INFO]   跳過量化 skip connection: skip_connection
2026-01-26 12:29:28,102 [INFO]   跳過量化 skip connection: skip_connection
2026-01-26 12:29:28,102 [INFO]   替換層 2 -> QuantModule_DiffAE_LoRA
2026-01-26 12:29:28,102 [INFO]   替換層 2 -> QuantModule_DiffAE_LoRA
2026-01-26 12:29:28,103 [INFO]   替換層 1 -> QuantModule_DiffAE_LoRA
2026-01-26 12:29:28,103 [INFO]   替換層 1 -> QuantModule_DiffAE_LoRA
2026-01-26 12:29:28,104 [INFO]   替換層 1 -> QuantModule_DiffAE_LoRA
2026-01-26 12:29:28,104 [INFO]   替換層 1 -> QuantModule_DiffAE_LoRA
2026-01-26 12:29:28,104 [INFO]   替換層 3 -> QuantModule_DiffAE_LoRA
2026-01-26 12:29:28,104 [INFO]   替換層 3 -> QuantModule_DiffAE_LoRA
2026-01-26 12:29:28,105 [INFO]   跳過量化 skip connection: skip_connection
2026-01-26 12:29:28,105 [INFO]   跳過量化 skip connection: skip_connection
2026-01-26 12:29:28,105 [INFO]   替換層 2 -> QuantModule_DiffAE_LoRA
2026-01-26 12:29:28,105 [INFO]   替換層 2 -> QuantModule_DiffAE_LoRA
2026-01-26 12:29:28,105 [INFO]   替換層 1 -> QuantModule_DiffAE_LoRA
2026-01-26 12:29:28,105 [INFO]   替換層 1 -> QuantModule_DiffAE_LoRA
2026-01-26 12:29:28,106 [INFO]   替換層 1 -> QuantModule_DiffAE_LoRA
2026-01-26 12:29:28,106 [INFO]   替換層 1 -> QuantModule_DiffAE_LoRA
2026-01-26 12:29:28,106 [INFO]   替換層 3 -> QuantModule_DiffAE_LoRA
2026-01-26 12:29:28,106 [INFO]   替換層 3 -> QuantModule_DiffAE_LoRA
2026-01-26 12:29:28,107 [INFO]   替換層 2 -> QuantModule_DiffAE_LoRA
2026-01-26 12:29:28,107 [INFO]   替換層 2 -> QuantModule_DiffAE_LoRA
2026-01-26 12:29:28,108 [INFO]   替換層 1 -> QuantModule_DiffAE_LoRA
2026-01-26 12:29:28,108 [INFO]   替換層 1 -> QuantModule_DiffAE_LoRA
2026-01-26 12:29:28,108 [INFO]   替換層 1 -> QuantModule_DiffAE_LoRA
2026-01-26 12:29:28,108 [INFO]   替換層 1 -> QuantModule_DiffAE_LoRA
2026-01-26 12:29:28,109 [INFO]   替換層 3 -> QuantModule_DiffAE_LoRA
2026-01-26 12:29:28,109 [INFO]   替換層 3 -> QuantModule_DiffAE_LoRA
2026-01-26 12:29:28,109 [INFO]   跳過量化 skip connection: skip_connection
2026-01-26 12:29:28,109 [INFO]   跳過量化 skip connection: skip_connection
2026-01-26 12:29:28,109 [INFO]   替換層 2 -> QuantModule_DiffAE_LoRA
2026-01-26 12:29:28,109 [INFO]   替換層 2 -> QuantModule_DiffAE_LoRA
2026-01-26 12:29:28,111 [INFO]   替換層 1 -> QuantModule_DiffAE_LoRA
2026-01-26 12:29:28,111 [INFO]   替換層 1 -> QuantModule_DiffAE_LoRA
2026-01-26 12:29:28,111 [INFO]   替換層 1 -> QuantModule_DiffAE_LoRA
2026-01-26 12:29:28,111 [INFO]   替換層 1 -> QuantModule_DiffAE_LoRA
2026-01-26 12:29:28,112 [INFO]   替換層 3 -> QuantModule_DiffAE_LoRA
2026-01-26 12:29:28,112 [INFO]   替換層 3 -> QuantModule_DiffAE_LoRA
2026-01-26 12:29:28,112 [INFO]   跳過量化 skip connection: skip_connection
2026-01-26 12:29:28,112 [INFO]   跳過量化 skip connection: skip_connection
2026-01-26 12:29:28,112 [INFO]   替換層 2 -> QuantModule_DiffAE_LoRA
2026-01-26 12:29:28,112 [INFO]   替換層 2 -> QuantModule_DiffAE_LoRA
2026-01-26 12:29:28,113 [INFO]   替換層 1 -> QuantModule_DiffAE_LoRA
2026-01-26 12:29:28,113 [INFO]   替換層 1 -> QuantModule_DiffAE_LoRA
2026-01-26 12:29:28,116 [INFO]   替換層 1 -> QuantModule_DiffAE_LoRA
2026-01-26 12:29:28,116 [INFO]   替換層 1 -> QuantModule_DiffAE_LoRA
2026-01-26 12:29:28,116 [INFO]   替換層 3 -> QuantModule_DiffAE_LoRA
2026-01-26 12:29:28,116 [INFO]   替換層 3 -> QuantModule_DiffAE_LoRA
2026-01-26 12:29:28,117 [INFO]   跳過量化 skip connection: skip_connection
2026-01-26 12:29:28,117 [INFO]   跳過量化 skip connection: skip_connection
2026-01-26 12:29:28,117 [INFO] 改造模組: out
2026-01-26 12:29:28,117 [INFO] 改造模組: out
2026-01-26 12:29:28,117 [INFO]   跳過量化特殊模組: 2
2026-01-26 12:29:28,117 [INFO]   跳過量化特殊模組: 2
2026-01-26 12:29:28,120 [INFO] 執行 'create_float_quantized_model' 完成，耗時: 0.64 秒
2026-01-26 12:29:28,120 [INFO] 執行 'create_float_quantized_model' 完成，耗時: 0.64 秒
2026-01-26 12:29:28,248 [INFO] 載入校準資料...
2026-01-26 12:29:28,248 [INFO] 載入校準資料...
2026-01-26 12:29:28,534 [INFO] ✅ 載入真實校準資料成功
2026-01-26 12:29:28,534 [INFO] ✅ 載入真實校準資料成功
2026-01-26 12:29:28,537 [INFO] ==================================================
2026-01-26 12:29:28,537 [INFO] 5. Setting first and last layers to 8-bit...
2026-01-26 12:29:28,537 [INFO] ==================================================
2026-01-26 12:29:28,537 [INFO] 5. Setting first and last layers to 8-bit...
2026-01-26 12:29:28,539 [INFO] 找到 144 個量化模組
2026-01-26 12:29:28,539 [INFO] ✅ 首尾層 8-bit 設定完成
2026-01-26 12:29:28,539 [INFO] 找到 144 個量化模組
2026-01-26 12:29:28,539 [INFO] ✅ 首尾層 8-bit 設定完成
2026-01-26 12:29:28,539 [INFO] ✅ 量化模型創建成功
2026-01-26 12:29:28,539 [INFO] set quant state to True, True for layer 1
2026-01-26 12:29:28,539 [INFO] set quant state to True, True for layer 2
2026-01-26 12:29:28,539 [INFO] set quant state to True, False for layer 3
2026-01-26 12:29:28,539 [INFO] ✅ 量化模型創建成功
2026-01-26 12:29:28,539 [INFO] set quant state to True, True for layer 1
2026-01-26 12:29:28,539 [INFO] set quant state to True, True for layer 2
2026-01-26 12:29:28,539 [INFO] set quant state to True, False for layer 3
2026-01-26 12:29:28,540 [INFO] set quant state to True, True for layer 144
2026-01-26 12:29:28,540 [INFO] set quant state to True, True for layer 144
2026-01-26 12:29:29,657 [INFO] ✅ 量化模型載入成功
2026-01-26 12:29:29,658 [INFO] === 初始化新功能模組 ===
2026-01-26 12:29:29,657 [INFO] ✅ 量化模型載入成功
2026-01-26 12:29:29,658 [INFO] === 初始化新功能模組 ===
local seed: 0
train data: 70001
val data: 70001
2026-01-26 12:29:29,683 [INFO] ✅ 基礎模型設定完成
2026-01-26 12:29:29,683 [INFO] ✅ 基礎模型設定完成
on train dataloader start ...
mean: tensor(-0.0606, device='cuda:0') std: tensor(0.0755, device='cuda:0')
2026-01-26 12:29:29,727 [INFO] ==================================================
2026-01-26 12:29:29,727 [INFO] 啟用 Similarity Analysis (L1/L2/Cosine)
2026-01-26 12:29:29,727 [INFO] FID 評估樣本數: 128
2026-01-26 12:29:29,727 [INFO] 實際收集樣本數: 20 (用於加速)
2026-01-26 12:29:29,727 [INFO] ==================================================
2026-01-26 12:29:29,727 [INFO] 啟用 Similarity Analysis (L1/L2/Cosine)
2026-01-26 12:29:29,727 [INFO] FID 評估樣本數: 128
2026-01-26 12:29:29,727 [INFO] 實際收集樣本數: 20 (用於加速)
2026-01-26 12:29:29,727 [INFO] 擴散步數: 100
2026-01-26 12:29:29,727 [INFO] ==================================================
2026-01-26 12:29:29,727 [INFO] 擴散步數: 100
2026-01-26 12:29:29,727 [INFO] ==================================================
2026-01-26 12:29:29,728 [INFO] [Similarity] 註冊 block hook: model.output_blocks.11
2026-01-26 12:29:29,728 [INFO] [Similarity] 註冊 block hook: model.output_blocks.11
2026-01-26 12:29:29,728 [INFO] [Similarity] 註冊 model step hook 完成
2026-01-26 12:29:29,728 [INFO] [Similarity] 註冊 model step hook 完成
generating images:   0%|          | 0/4 [00:00<?, ?it/s]/home/jimmy/diffae/./diffusion/base.py:329: FutureWarning: `torch.cuda.amp.autocast(args...)` is deprecated. Please use `torch.amp.autocast('cuda', args...)` instead.
  with autocast(self.conf.fp16):
2026-01-26 12:30:07,602 [INFO] [Similarity] Batch 0 完成，已收集 20 個樣本
2026-01-26 12:30:07,602 [INFO] [Similarity] Batch 0 完成，已收集 20 個樣本
generating images:  25%|██▌       | 1/4 [00:38<01:55, 38.35s/it]2026-01-26 12:30:45,770 [INFO] [Similarity] Batch 1 完成，已收集 20 個樣本
2026-01-26 12:30:45,770 [INFO] [Similarity] Batch 1 完成，已收集 20 個樣本
generating images:  50%|█████     | 2/4 [01:16<01:16, 38.33s/it]2026-01-26 12:31:24,083 [INFO] [Similarity] Batch 2 完成，已收集 20 個樣本
2026-01-26 12:31:24,083 [INFO] [Similarity] Batch 2 完成，已收集 20 個樣本
generating images:  75%|███████▌  | 3/4 [01:55<00:38, 38.35s/it]2026-01-26 12:31:40,471 [INFO] [Similarity] 已收集 80 个样本，停止数据收集（目标: 80）
2026-01-26 12:31:40,471 [INFO] [Similarity] 已收集 80 个样本，停止数据收集（目标: 80）
2026-01-26 12:32:02,478 [INFO] [Similarity] Batch 3 完成，已收集 20 個樣本
2026-01-26 12:32:02,478 [INFO] [Similarity] Batch 3 完成，已收集 20 個樣本
2026-01-26 12:32:03,025 [INFO] [Similarity] FID@128 100 steps score: 0
generating images: 100%|██████████| 4/4 [02:33<00:00, 38.31s/it]generating images: 100%|██████████| 4/4 [02:33<00:00, 38.32s/it]
2026-01-26 12:32:03,025 [INFO] [Similarity] FID@128 100 steps score: 0
2026-01-26 12:32:03,027 [INFO] [Similarity] model.output_blocks.11 cosine: min=0.083401, max=1.000000, diag_mean=1.000000, off_diag_mean=0.831506, off_diag_std=0.169151
2026-01-26 12:32:03,027 [INFO] [Similarity] model.output_blocks.11 cosine: min=0.083401, max=1.000000, diag_mean=1.000000, off_diag_mean=0.831506, off_diag_std=0.169151
2026-01-26 12:32:04,123 [INFO] ✅ Similarity Analysis 完成
2026-01-26 12:32:04,123 [INFO] ✅ Similarity Analysis 完成
2026-01-26 12:32:04,194 [INFO] 執行 'main_float_model' 完成，耗時: 159.72 秒
2026-01-26 12:32:04,194 [INFO] 執行 'main_float_model' 完成，耗時: 159.72 秒
/home/jimmy/anaconda3/envs/diffae_bw/lib/python3.10/site-packages/torchmetrics/utilities/imports.py:21: UserWarning: pkg_resources is deprecated as an API. See https://setuptools.pypa.io/en/latest/pkg_resources.html. The pkg_resources package is slated for removal as early as 2025-11-30. Refrain from using this package or pin to Setuptools<81.
  from pkg_resources import DistributionNotFound, get_distribution
使用自動混合精度: torch.bfloat16
[設定] Log 檔案已設為: QATcode/cache_method/L1_L2_cosine/logs/similarity_model_output_blocks_11.log
2026-03-20 19:35:51,163 [INFO] Using 100 steps
2026-03-20 19:35:51,163 [INFO] Using 100 steps
2026-03-20 19:35:51,163 [INFO] Using 50000 evaluation samples
2026-03-20 19:35:51,163 [INFO] Using 50000 evaluation samples
2026-03-20 19:35:51,163 [INFO] Cache enabled: False, method: Res, threshold: 0.1
2026-03-20 19:35:51,163 [INFO] Cache enabled: False, method: Res, threshold: 0.1
2026-03-20 19:35:51,163 [INFO] Quantitative analysis enabled: False, samples: 10
2026-03-20 19:35:51,163 [INFO] Quantitative analysis enabled: False, samples: 10
2026-03-20 19:35:51,163 [INFO] Log file: QATcode/cache_method/L1_L2_cosine/logs/similarity_model_output_blocks_11.log
2026-03-20 19:35:51,163 [INFO] Log file: QATcode/cache_method/L1_L2_cosine/logs/similarity_model_output_blocks_11.log
2026-03-20 19:35:51,163 [INFO] ==================================================
2026-03-20 19:35:51,163 [INFO] ==================================================
2026-03-20 19:35:51,163 [INFO] Diff-AE EfficientDM Step 7 : 生成圖片
2026-03-20 19:35:51,163 [INFO] Diff-AE EfficientDM Step 7 : 生成圖片
2026-03-20 19:35:51,163 [INFO] ==================================================
2026-03-20 19:35:51,163 [INFO] ==================================================
2026-03-20 19:35:51,163 [INFO] 使用設備: cuda
2026-03-20 19:35:51,163 [INFO] 使用設備: cuda
2026-03-20 19:35:51,163 [INFO] === 新功能狀態 ===
2026-03-20 19:35:51,163 [INFO] === 新功能狀態 ===
2026-03-20 19:35:51,163 [INFO] 載入 Diff-AE 模型: checkpoints/ffhq128_autoenc_latent/last.ckpt
2026-03-20 19:35:51,163 [INFO] 載入 Diff-AE 模型: checkpoints/ffhq128_autoenc_latent/last.ckpt
Global seed set to 0
2026-03-20 19:35:52,939 [INFO] Diff-AE 模型載入完成
2026-03-20 19:35:52,939 [INFO] Diff-AE 模型載入完成
2026-03-20 19:35:52,978 [INFO] 執行 'load_diffae_model' 完成，耗時: 1.82 秒
2026-03-20 19:35:52,978 [INFO] 執行 'load_diffae_model' 完成，耗時: 1.82 秒
2026-03-20 19:35:52,978 [INFO] ✅ Diff-AE 模型載入成功
2026-03-20 19:35:52,978 [INFO] ✅ Diff-AE 模型載入成功
2026-03-20 19:35:52,978 [INFO] base_model.conf.train_mode: TrainMode.latent_diffusion
2026-03-20 19:35:52,978 [INFO] base_model.conf.train_mode: TrainMode.latent_diffusion
2026-03-20 19:35:52,978 [INFO] === 創建 LoRA 量化模型 ===
2026-03-20 19:35:52,978 [INFO] === 創建 LoRA 量化模型 ===
2026-03-20 19:35:52,978 [INFO] === 開始 UNet LoRA 量化改造 ===
2026-03-20 19:35:52,978 [INFO] === 開始 UNet LoRA 量化改造 ===
2026-03-20 19:35:52,978 [INFO] 改造模組: time_embed
2026-03-20 19:35:52,978 [INFO] 改造模組: time_embed
2026-03-20 19:35:52,978 [INFO]   跳過量化特殊模組: 0
2026-03-20 19:35:52,978 [INFO]   跳過量化特殊模組: 0
2026-03-20 19:35:52,979 [INFO]   跳過量化特殊模組: 2
2026-03-20 19:35:52,979 [INFO]   跳過量化特殊模組: 2
2026-03-20 19:35:52,979 [INFO] 改造模組: input_blocks
2026-03-20 19:35:52,979 [INFO] 改造模組: input_blocks
2026-03-20 19:35:52,979 [INFO]   跳過量化特殊模組: 0
2026-03-20 19:35:52,979 [INFO]   跳過量化特殊模組: 0
2026-03-20 19:35:52,979 [INFO]   替換層 2 -> QuantModule_DiffAE_LoRA
2026-03-20 19:35:52,979 [INFO]   替換層 2 -> QuantModule_DiffAE_LoRA
2026-03-20 19:35:53,041 [INFO]   替換層 1 -> QuantModule_DiffAE_LoRA
2026-03-20 19:35:53,041 [INFO]   替換層 1 -> QuantModule_DiffAE_LoRA
2026-03-20 19:35:53,041 [INFO]   替換層 1 -> QuantModule_DiffAE_LoRA
2026-03-20 19:35:53,041 [INFO]   替換層 1 -> QuantModule_DiffAE_LoRA
2026-03-20 19:35:53,042 [INFO]   替換層 3 -> QuantModule_DiffAE_LoRA
2026-03-20 19:35:53,042 [INFO]   替換層 3 -> QuantModule_DiffAE_LoRA
2026-03-20 19:35:53,043 [INFO]   替換層 2 -> QuantModule_DiffAE_LoRA
2026-03-20 19:35:53,043 [INFO]   替換層 2 -> QuantModule_DiffAE_LoRA
2026-03-20 19:35:53,044 [INFO]   替換層 1 -> QuantModule_DiffAE_LoRA
2026-03-20 19:35:53,044 [INFO]   替換層 1 -> QuantModule_DiffAE_LoRA
2026-03-20 19:35:53,044 [INFO]   替換層 1 -> QuantModule_DiffAE_LoRA
2026-03-20 19:35:53,044 [INFO]   替換層 1 -> QuantModule_DiffAE_LoRA
2026-03-20 19:35:53,045 [INFO]   替換層 3 -> QuantModule_DiffAE_LoRA
2026-03-20 19:35:53,045 [INFO]   替換層 3 -> QuantModule_DiffAE_LoRA
2026-03-20 19:35:53,046 [INFO]   替換層 2 -> QuantModule_DiffAE_LoRA
2026-03-20 19:35:53,046 [INFO]   替換層 2 -> QuantModule_DiffAE_LoRA
2026-03-20 19:35:53,047 [INFO]   替換層 1 -> QuantModule_DiffAE_LoRA
2026-03-20 19:35:53,047 [INFO]   替換層 1 -> QuantModule_DiffAE_LoRA
2026-03-20 19:35:53,047 [INFO]   替換層 1 -> QuantModule_DiffAE_LoRA
2026-03-20 19:35:53,047 [INFO]   替換層 1 -> QuantModule_DiffAE_LoRA
2026-03-20 19:35:53,048 [INFO]   替換層 3 -> QuantModule_DiffAE_LoRA
2026-03-20 19:35:53,048 [INFO]   替換層 3 -> QuantModule_DiffAE_LoRA
2026-03-20 19:35:53,048 [INFO]   替換層 2 -> QuantModule_DiffAE_LoRA
2026-03-20 19:35:53,048 [INFO]   替換層 2 -> QuantModule_DiffAE_LoRA
2026-03-20 19:35:53,049 [INFO]   替換層 1 -> QuantModule_DiffAE_LoRA
2026-03-20 19:35:53,049 [INFO]   替換層 1 -> QuantModule_DiffAE_LoRA
2026-03-20 19:35:53,050 [INFO]   替換層 1 -> QuantModule_DiffAE_LoRA
2026-03-20 19:35:53,050 [INFO]   替換層 1 -> QuantModule_DiffAE_LoRA
2026-03-20 19:35:53,050 [INFO]   替換層 3 -> QuantModule_DiffAE_LoRA
2026-03-20 19:35:53,050 [INFO]   替換層 3 -> QuantModule_DiffAE_LoRA
2026-03-20 19:35:53,051 [INFO]   替換層 2 -> QuantModule_DiffAE_LoRA
2026-03-20 19:35:53,051 [INFO]   替換層 2 -> QuantModule_DiffAE_LoRA
2026-03-20 19:35:53,052 [INFO]   替換層 1 -> QuantModule_DiffAE_LoRA
2026-03-20 19:35:53,052 [INFO]   替換層 1 -> QuantModule_DiffAE_LoRA
2026-03-20 19:35:53,053 [INFO]   替換層 1 -> QuantModule_DiffAE_LoRA
2026-03-20 19:35:53,053 [INFO]   替換層 1 -> QuantModule_DiffAE_LoRA
2026-03-20 19:35:53,053 [INFO]   替換層 3 -> QuantModule_DiffAE_LoRA
2026-03-20 19:35:53,053 [INFO]   替換層 3 -> QuantModule_DiffAE_LoRA
2026-03-20 19:35:53,054 [INFO]   替換層 2 -> QuantModule_DiffAE_LoRA
2026-03-20 19:35:53,054 [INFO]   替換層 2 -> QuantModule_DiffAE_LoRA
2026-03-20 19:35:53,055 [INFO]   替換層 1 -> QuantModule_DiffAE_LoRA
2026-03-20 19:35:53,055 [INFO]   替換層 1 -> QuantModule_DiffAE_LoRA
2026-03-20 19:35:53,056 [INFO]   替換層 1 -> QuantModule_DiffAE_LoRA
2026-03-20 19:35:53,056 [INFO]   替換層 1 -> QuantModule_DiffAE_LoRA
2026-03-20 19:35:53,056 [INFO]   替換層 3 -> QuantModule_DiffAE_LoRA
2026-03-20 19:35:53,056 [INFO]   替換層 3 -> QuantModule_DiffAE_LoRA
2026-03-20 19:35:53,057 [INFO]   替換層 2 -> QuantModule_DiffAE_LoRA
2026-03-20 19:35:53,057 [INFO]   替換層 2 -> QuantModule_DiffAE_LoRA
2026-03-20 19:35:53,058 [INFO]   替換層 1 -> QuantModule_DiffAE_LoRA
2026-03-20 19:35:53,058 [INFO]   替換層 1 -> QuantModule_DiffAE_LoRA
2026-03-20 19:35:53,059 [INFO]   替換層 1 -> QuantModule_DiffAE_LoRA
2026-03-20 19:35:53,059 [INFO]   替換層 1 -> QuantModule_DiffAE_LoRA
2026-03-20 19:35:53,060 [INFO]   替換層 3 -> QuantModule_DiffAE_LoRA
2026-03-20 19:35:53,060 [INFO]   替換層 3 -> QuantModule_DiffAE_LoRA
2026-03-20 19:35:53,062 [INFO]   跳過量化 skip connection: skip_connection
2026-03-20 19:35:53,062 [INFO]   跳過量化 skip connection: skip_connection
2026-03-20 19:35:53,062 [INFO]   替換層 2 -> QuantModule_DiffAE_LoRA
2026-03-20 19:35:53,062 [INFO]   替換層 2 -> QuantModule_DiffAE_LoRA
2026-03-20 19:35:53,065 [INFO]   替換層 1 -> QuantModule_DiffAE_LoRA
2026-03-20 19:35:53,065 [INFO]   替換層 1 -> QuantModule_DiffAE_LoRA
2026-03-20 19:35:53,066 [INFO]   替換層 1 -> QuantModule_DiffAE_LoRA
2026-03-20 19:35:53,066 [INFO]   替換層 1 -> QuantModule_DiffAE_LoRA
2026-03-20 19:35:53,067 [INFO]   替換層 3 -> QuantModule_DiffAE_LoRA
2026-03-20 19:35:53,067 [INFO]   替換層 3 -> QuantModule_DiffAE_LoRA
2026-03-20 19:35:53,069 [INFO]   替換層 2 -> QuantModule_DiffAE_LoRA
2026-03-20 19:35:53,069 [INFO]   替換層 2 -> QuantModule_DiffAE_LoRA
2026-03-20 19:35:53,072 [INFO]   替換層 1 -> QuantModule_DiffAE_LoRA
2026-03-20 19:35:53,072 [INFO]   替換層 1 -> QuantModule_DiffAE_LoRA
2026-03-20 19:35:53,073 [INFO]   替換層 1 -> QuantModule_DiffAE_LoRA
2026-03-20 19:35:53,073 [INFO]   替換層 1 -> QuantModule_DiffAE_LoRA
2026-03-20 19:35:53,073 [INFO]   替換層 3 -> QuantModule_DiffAE_LoRA
2026-03-20 19:35:53,073 [INFO]   替換層 3 -> QuantModule_DiffAE_LoRA
2026-03-20 19:35:53,076 [INFO]   替換層 2 -> QuantModule_DiffAE_LoRA
2026-03-20 19:35:53,076 [INFO]   替換層 2 -> QuantModule_DiffAE_LoRA
2026-03-20 19:35:53,079 [INFO]   替換層 1 -> QuantModule_DiffAE_LoRA
2026-03-20 19:35:53,079 [INFO]   替換層 1 -> QuantModule_DiffAE_LoRA
2026-03-20 19:35:53,081 [INFO]   替換層 1 -> QuantModule_DiffAE_LoRA
2026-03-20 19:35:53,081 [INFO]   替換層 1 -> QuantModule_DiffAE_LoRA
2026-03-20 19:35:53,082 [INFO]   替換層 3 -> QuantModule_DiffAE_LoRA
2026-03-20 19:35:53,082 [INFO]   替換層 3 -> QuantModule_DiffAE_LoRA
2026-03-20 19:35:53,087 [INFO]   跳過量化 skip connection: skip_connection
2026-03-20 19:35:53,087 [INFO]   跳過量化 skip connection: skip_connection
2026-03-20 19:35:53,087 [INFO]   替換層 2 -> QuantModule_DiffAE_LoRA
2026-03-20 19:35:53,087 [INFO]   替換層 2 -> QuantModule_DiffAE_LoRA
2026-03-20 19:35:53,092 [INFO]   替換層 1 -> QuantModule_DiffAE_LoRA
2026-03-20 19:35:53,092 [INFO]   替換層 1 -> QuantModule_DiffAE_LoRA
2026-03-20 19:35:53,093 [INFO]   替換層 1 -> QuantModule_DiffAE_LoRA
2026-03-20 19:35:53,093 [INFO]   替換層 1 -> QuantModule_DiffAE_LoRA
2026-03-20 19:35:53,094 [INFO]   替換層 3 -> QuantModule_DiffAE_LoRA
2026-03-20 19:35:53,094 [INFO]   替換層 3 -> QuantModule_DiffAE_LoRA
2026-03-20 19:35:53,099 [INFO]   替換層 2 -> QuantModule_DiffAE_LoRA
2026-03-20 19:35:53,099 [INFO]   替換層 2 -> QuantModule_DiffAE_LoRA
2026-03-20 19:35:53,103 [INFO]   替換層 1 -> QuantModule_DiffAE_LoRA
2026-03-20 19:35:53,103 [INFO]   替換層 1 -> QuantModule_DiffAE_LoRA
2026-03-20 19:35:53,105 [INFO]   替換層 1 -> QuantModule_DiffAE_LoRA
2026-03-20 19:35:53,105 [INFO]   替換層 1 -> QuantModule_DiffAE_LoRA
2026-03-20 19:35:53,106 [INFO]   替換層 3 -> QuantModule_DiffAE_LoRA
2026-03-20 19:35:53,106 [INFO]   替換層 3 -> QuantModule_DiffAE_LoRA
2026-03-20 19:35:53,111 [INFO]   替換層 2 -> QuantModule_DiffAE_LoRA
2026-03-20 19:35:53,111 [INFO]   替換層 2 -> QuantModule_DiffAE_LoRA
2026-03-20 19:35:53,117 [INFO]   替換層 1 -> QuantModule_DiffAE_LoRA
2026-03-20 19:35:53,117 [INFO]   替換層 1 -> QuantModule_DiffAE_LoRA
2026-03-20 19:35:53,119 [INFO]   替換層 1 -> QuantModule_DiffAE_LoRA
2026-03-20 19:35:53,119 [INFO]   替換層 1 -> QuantModule_DiffAE_LoRA
2026-03-20 19:35:53,120 [INFO]   替換層 3 -> QuantModule_DiffAE_LoRA
2026-03-20 19:35:53,120 [INFO]   替換層 3 -> QuantModule_DiffAE_LoRA
2026-03-20 19:35:53,127 [INFO]   跳過量化 skip connection: skip_connection
2026-03-20 19:35:53,127 [INFO]   跳過量化 skip connection: skip_connection
2026-03-20 19:35:53,127 [INFO]   替換層 2 -> QuantModule_DiffAE_LoRA
2026-03-20 19:35:53,127 [INFO]   替換層 2 -> QuantModule_DiffAE_LoRA
2026-03-20 19:35:53,135 [INFO]   替換層 1 -> QuantModule_DiffAE_LoRA
2026-03-20 19:35:53,135 [INFO]   替換層 1 -> QuantModule_DiffAE_LoRA
2026-03-20 19:35:53,137 [INFO]   替換層 1 -> QuantModule_DiffAE_LoRA
2026-03-20 19:35:53,137 [INFO]   替換層 1 -> QuantModule_DiffAE_LoRA
2026-03-20 19:35:53,138 [INFO]   替換層 3 -> QuantModule_DiffAE_LoRA
2026-03-20 19:35:53,138 [INFO]   替換層 3 -> QuantModule_DiffAE_LoRA
2026-03-20 19:35:53,145 [INFO] 改造模組: middle_block
2026-03-20 19:35:53,145 [INFO] 改造模組: middle_block
2026-03-20 19:35:53,145 [INFO]   替換層 2 -> QuantModule_DiffAE_LoRA
2026-03-20 19:35:53,145 [INFO]   替換層 2 -> QuantModule_DiffAE_LoRA
2026-03-20 19:35:53,152 [INFO]   替換層 1 -> QuantModule_DiffAE_LoRA
2026-03-20 19:35:53,152 [INFO]   替換層 1 -> QuantModule_DiffAE_LoRA
2026-03-20 19:35:53,154 [INFO]   替換層 1 -> QuantModule_DiffAE_LoRA
2026-03-20 19:35:53,154 [INFO]   替換層 1 -> QuantModule_DiffAE_LoRA
2026-03-20 19:35:53,155 [INFO]   替換層 3 -> QuantModule_DiffAE_LoRA
2026-03-20 19:35:53,155 [INFO]   替換層 3 -> QuantModule_DiffAE_LoRA
2026-03-20 19:35:53,162 [INFO]   替換層 2 -> QuantModule_DiffAE_LoRA
2026-03-20 19:35:53,162 [INFO]   替換層 2 -> QuantModule_DiffAE_LoRA
2026-03-20 19:35:53,169 [INFO]   替換層 1 -> QuantModule_DiffAE_LoRA
2026-03-20 19:35:53,169 [INFO]   替換層 1 -> QuantModule_DiffAE_LoRA
2026-03-20 19:35:53,171 [INFO]   替換層 1 -> QuantModule_DiffAE_LoRA
2026-03-20 19:35:53,171 [INFO]   替換層 1 -> QuantModule_DiffAE_LoRA
2026-03-20 19:35:53,172 [INFO]   替換層 3 -> QuantModule_DiffAE_LoRA
2026-03-20 19:35:53,172 [INFO]   替換層 3 -> QuantModule_DiffAE_LoRA
2026-03-20 19:35:53,179 [INFO] 改造模組: output_blocks
2026-03-20 19:35:53,179 [INFO] 改造模組: output_blocks
2026-03-20 19:35:53,179 [INFO]   替換層 2 -> QuantModule_DiffAE_LoRA
2026-03-20 19:35:53,179 [INFO]   替換層 2 -> QuantModule_DiffAE_LoRA
2026-03-20 19:35:53,193 [INFO]   替換層 1 -> QuantModule_DiffAE_LoRA
2026-03-20 19:35:53,193 [INFO]   替換層 1 -> QuantModule_DiffAE_LoRA
2026-03-20 19:35:53,194 [INFO]   替換層 1 -> QuantModule_DiffAE_LoRA
2026-03-20 19:35:53,194 [INFO]   替換層 1 -> QuantModule_DiffAE_LoRA
2026-03-20 19:35:53,196 [INFO]   替換層 3 -> QuantModule_DiffAE_LoRA
2026-03-20 19:35:53,196 [INFO]   替換層 3 -> QuantModule_DiffAE_LoRA
2026-03-20 19:35:53,204 [INFO]   跳過量化 skip connection: skip_connection
2026-03-20 19:35:53,204 [INFO]   跳過量化 skip connection: skip_connection
2026-03-20 19:35:53,205 [INFO]   替換層 2 -> QuantModule_DiffAE_LoRA
2026-03-20 19:35:53,205 [INFO]   替換層 2 -> QuantModule_DiffAE_LoRA
2026-03-20 19:35:53,218 [INFO]   替換層 1 -> QuantModule_DiffAE_LoRA
2026-03-20 19:35:53,218 [INFO]   替換層 1 -> QuantModule_DiffAE_LoRA
2026-03-20 19:35:53,220 [INFO]   替換層 1 -> QuantModule_DiffAE_LoRA
2026-03-20 19:35:53,220 [INFO]   替換層 1 -> QuantModule_DiffAE_LoRA
2026-03-20 19:35:53,221 [INFO]   替換層 3 -> QuantModule_DiffAE_LoRA
2026-03-20 19:35:53,221 [INFO]   替換層 3 -> QuantModule_DiffAE_LoRA
2026-03-20 19:35:53,228 [INFO]   跳過量化 skip connection: skip_connection
2026-03-20 19:35:53,228 [INFO]   跳過量化 skip connection: skip_connection
2026-03-20 19:35:53,228 [INFO]   替換層 2 -> QuantModule_DiffAE_LoRA
2026-03-20 19:35:53,228 [INFO]   替換層 2 -> QuantModule_DiffAE_LoRA
2026-03-20 19:35:53,241 [INFO]   替換層 1 -> QuantModule_DiffAE_LoRA
2026-03-20 19:35:53,241 [INFO]   替換層 1 -> QuantModule_DiffAE_LoRA
2026-03-20 19:35:53,243 [INFO]   替換層 1 -> QuantModule_DiffAE_LoRA
2026-03-20 19:35:53,243 [INFO]   替換層 1 -> QuantModule_DiffAE_LoRA
2026-03-20 19:35:53,244 [INFO]   替換層 3 -> QuantModule_DiffAE_LoRA
2026-03-20 19:35:53,244 [INFO]   替換層 3 -> QuantModule_DiffAE_LoRA
2026-03-20 19:35:53,252 [INFO]   跳過量化 skip connection: skip_connection
2026-03-20 19:35:53,252 [INFO]   跳過量化 skip connection: skip_connection
2026-03-20 19:35:53,252 [INFO]   替換層 2 -> QuantModule_DiffAE_LoRA
2026-03-20 19:35:53,252 [INFO]   替換層 2 -> QuantModule_DiffAE_LoRA
2026-03-20 19:35:53,258 [INFO]   替換層 1 -> QuantModule_DiffAE_LoRA
2026-03-20 19:35:53,258 [INFO]   替換層 1 -> QuantModule_DiffAE_LoRA
2026-03-20 19:35:53,260 [INFO]   替換層 1 -> QuantModule_DiffAE_LoRA
2026-03-20 19:35:53,260 [INFO]   替換層 1 -> QuantModule_DiffAE_LoRA
2026-03-20 19:35:53,262 [INFO]   替換層 3 -> QuantModule_DiffAE_LoRA
2026-03-20 19:35:53,262 [INFO]   替換層 3 -> QuantModule_DiffAE_LoRA
2026-03-20 19:35:53,268 [INFO]   替換層 2 -> QuantModule_DiffAE_LoRA
2026-03-20 19:35:53,268 [INFO]   替換層 2 -> QuantModule_DiffAE_LoRA
2026-03-20 19:35:53,277 [INFO]   替換層 1 -> QuantModule_DiffAE_LoRA
2026-03-20 19:35:53,277 [INFO]   替換層 1 -> QuantModule_DiffAE_LoRA
2026-03-20 19:35:53,279 [INFO]   替換層 1 -> QuantModule_DiffAE_LoRA
2026-03-20 19:35:53,279 [INFO]   替換層 1 -> QuantModule_DiffAE_LoRA
2026-03-20 19:35:53,280 [INFO]   替換層 3 -> QuantModule_DiffAE_LoRA
2026-03-20 19:35:53,280 [INFO]   替換層 3 -> QuantModule_DiffAE_LoRA
2026-03-20 19:35:53,284 [INFO]   跳過量化 skip connection: skip_connection
2026-03-20 19:35:53,284 [INFO]   跳過量化 skip connection: skip_connection
2026-03-20 19:35:53,284 [INFO]   替換層 2 -> QuantModule_DiffAE_LoRA
2026-03-20 19:35:53,284 [INFO]   替換層 2 -> QuantModule_DiffAE_LoRA
2026-03-20 19:35:53,291 [INFO]   替換層 1 -> QuantModule_DiffAE_LoRA
2026-03-20 19:35:53,291 [INFO]   替換層 1 -> QuantModule_DiffAE_LoRA
2026-03-20 19:35:53,293 [INFO]   替換層 1 -> QuantModule_DiffAE_LoRA
2026-03-20 19:35:53,293 [INFO]   替換層 1 -> QuantModule_DiffAE_LoRA
2026-03-20 19:35:53,294 [INFO]   替換層 3 -> QuantModule_DiffAE_LoRA
2026-03-20 19:35:53,294 [INFO]   替換層 3 -> QuantModule_DiffAE_LoRA
2026-03-20 19:35:53,298 [INFO]   跳過量化 skip connection: skip_connection
2026-03-20 19:35:53,298 [INFO]   跳過量化 skip connection: skip_connection
2026-03-20 19:35:53,298 [INFO]   替換層 2 -> QuantModule_DiffAE_LoRA
2026-03-20 19:35:53,298 [INFO]   替換層 2 -> QuantModule_DiffAE_LoRA
2026-03-20 19:35:53,305 [INFO]   替換層 1 -> QuantModule_DiffAE_LoRA
2026-03-20 19:35:53,305 [INFO]   替換層 1 -> QuantModule_DiffAE_LoRA
2026-03-20 19:35:53,306 [INFO]   替換層 1 -> QuantModule_DiffAE_LoRA
2026-03-20 19:35:53,306 [INFO]   替換層 1 -> QuantModule_DiffAE_LoRA
2026-03-20 19:35:53,307 [INFO]   替換層 3 -> QuantModule_DiffAE_LoRA
2026-03-20 19:35:53,307 [INFO]   替換層 3 -> QuantModule_DiffAE_LoRA
2026-03-20 19:35:53,311 [INFO]   跳過量化 skip connection: skip_connection
2026-03-20 19:35:53,311 [INFO]   跳過量化 skip connection: skip_connection
2026-03-20 19:35:53,311 [INFO]   替換層 2 -> QuantModule_DiffAE_LoRA
2026-03-20 19:35:53,311 [INFO]   替換層 2 -> QuantModule_DiffAE_LoRA
2026-03-20 19:35:53,315 [INFO]   替換層 1 -> QuantModule_DiffAE_LoRA
2026-03-20 19:35:53,315 [INFO]   替換層 1 -> QuantModule_DiffAE_LoRA
2026-03-20 19:35:53,317 [INFO]   替換層 1 -> QuantModule_DiffAE_LoRA
2026-03-20 19:35:53,317 [INFO]   替換層 1 -> QuantModule_DiffAE_LoRA
2026-03-20 19:35:53,318 [INFO]   替換層 3 -> QuantModule_DiffAE_LoRA
2026-03-20 19:35:53,318 [INFO]   替換層 3 -> QuantModule_DiffAE_LoRA
2026-03-20 19:35:53,321 [INFO]   替換層 2 -> QuantModule_DiffAE_LoRA
2026-03-20 19:35:53,321 [INFO]   替換層 2 -> QuantModule_DiffAE_LoRA
2026-03-20 19:35:53,326 [INFO]   替換層 1 -> QuantModule_DiffAE_LoRA
2026-03-20 19:35:53,326 [INFO]   替換層 1 -> QuantModule_DiffAE_LoRA
2026-03-20 19:35:53,327 [INFO]   替換層 1 -> QuantModule_DiffAE_LoRA
2026-03-20 19:35:53,327 [INFO]   替換層 1 -> QuantModule_DiffAE_LoRA
2026-03-20 19:35:53,328 [INFO]   替換層 3 -> QuantModule_DiffAE_LoRA
2026-03-20 19:35:53,328 [INFO]   替換層 3 -> QuantModule_DiffAE_LoRA
2026-03-20 19:35:53,330 [INFO]   跳過量化 skip connection: skip_connection
2026-03-20 19:35:53,330 [INFO]   跳過量化 skip connection: skip_connection
2026-03-20 19:35:53,330 [INFO]   替換層 2 -> QuantModule_DiffAE_LoRA
2026-03-20 19:35:53,330 [INFO]   替換層 2 -> QuantModule_DiffAE_LoRA
2026-03-20 19:35:53,335 [INFO]   替換層 1 -> QuantModule_DiffAE_LoRA
2026-03-20 19:35:53,335 [INFO]   替換層 1 -> QuantModule_DiffAE_LoRA
2026-03-20 19:35:53,336 [INFO]   替換層 1 -> QuantModule_DiffAE_LoRA
2026-03-20 19:35:53,336 [INFO]   替換層 1 -> QuantModule_DiffAE_LoRA
2026-03-20 19:35:53,336 [INFO]   替換層 3 -> QuantModule_DiffAE_LoRA
2026-03-20 19:35:53,336 [INFO]   替換層 3 -> QuantModule_DiffAE_LoRA
2026-03-20 19:35:53,338 [INFO]   跳過量化 skip connection: skip_connection
2026-03-20 19:35:53,338 [INFO]   跳過量化 skip connection: skip_connection
2026-03-20 19:35:53,338 [INFO]   替換層 2 -> QuantModule_DiffAE_LoRA
2026-03-20 19:35:53,338 [INFO]   替換層 2 -> QuantModule_DiffAE_LoRA
2026-03-20 19:35:53,341 [INFO]   替換層 1 -> QuantModule_DiffAE_LoRA
2026-03-20 19:35:53,341 [INFO]   替換層 1 -> QuantModule_DiffAE_LoRA
2026-03-20 19:35:53,342 [INFO]   替換層 1 -> QuantModule_DiffAE_LoRA
2026-03-20 19:35:53,342 [INFO]   替換層 1 -> QuantModule_DiffAE_LoRA
2026-03-20 19:35:53,343 [INFO]   替換層 3 -> QuantModule_DiffAE_LoRA
2026-03-20 19:35:53,343 [INFO]   替換層 3 -> QuantModule_DiffAE_LoRA
2026-03-20 19:35:53,345 [INFO]   跳過量化 skip connection: skip_connection
2026-03-20 19:35:53,345 [INFO]   跳過量化 skip connection: skip_connection
2026-03-20 19:35:53,345 [INFO]   替換層 2 -> QuantModule_DiffAE_LoRA
2026-03-20 19:35:53,345 [INFO]   替換層 2 -> QuantModule_DiffAE_LoRA
2026-03-20 19:35:53,347 [INFO]   替換層 1 -> QuantModule_DiffAE_LoRA
2026-03-20 19:35:53,347 [INFO]   替換層 1 -> QuantModule_DiffAE_LoRA
2026-03-20 19:35:53,348 [INFO]   替換層 1 -> QuantModule_DiffAE_LoRA
2026-03-20 19:35:53,348 [INFO]   替換層 1 -> QuantModule_DiffAE_LoRA
2026-03-20 19:35:53,349 [INFO]   替換層 3 -> QuantModule_DiffAE_LoRA
2026-03-20 19:35:53,349 [INFO]   替換層 3 -> QuantModule_DiffAE_LoRA
2026-03-20 19:35:53,351 [INFO]   替換層 2 -> QuantModule_DiffAE_LoRA
2026-03-20 19:35:53,351 [INFO]   替換層 2 -> QuantModule_DiffAE_LoRA
2026-03-20 19:35:53,353 [INFO]   替換層 1 -> QuantModule_DiffAE_LoRA
2026-03-20 19:35:53,353 [INFO]   替換層 1 -> QuantModule_DiffAE_LoRA
2026-03-20 19:35:53,353 [INFO]   替換層 1 -> QuantModule_DiffAE_LoRA
2026-03-20 19:35:53,353 [INFO]   替換層 1 -> QuantModule_DiffAE_LoRA
2026-03-20 19:35:53,354 [INFO]   替換層 3 -> QuantModule_DiffAE_LoRA
2026-03-20 19:35:53,354 [INFO]   替換層 3 -> QuantModule_DiffAE_LoRA
2026-03-20 19:35:53,354 [INFO]   跳過量化 skip connection: skip_connection
2026-03-20 19:35:53,354 [INFO]   跳過量化 skip connection: skip_connection
2026-03-20 19:35:53,354 [INFO]   替換層 2 -> QuantModule_DiffAE_LoRA
2026-03-20 19:35:53,354 [INFO]   替換層 2 -> QuantModule_DiffAE_LoRA
2026-03-20 19:35:53,356 [INFO]   替換層 1 -> QuantModule_DiffAE_LoRA
2026-03-20 19:35:53,356 [INFO]   替換層 1 -> QuantModule_DiffAE_LoRA
2026-03-20 19:35:53,356 [INFO]   替換層 1 -> QuantModule_DiffAE_LoRA
2026-03-20 19:35:53,356 [INFO]   替換層 1 -> QuantModule_DiffAE_LoRA
2026-03-20 19:35:53,357 [INFO]   替換層 3 -> QuantModule_DiffAE_LoRA
2026-03-20 19:35:53,357 [INFO]   替換層 3 -> QuantModule_DiffAE_LoRA
2026-03-20 19:35:53,358 [INFO]   跳過量化 skip connection: skip_connection
2026-03-20 19:35:53,358 [INFO]   跳過量化 skip connection: skip_connection
2026-03-20 19:35:53,358 [INFO]   替換層 2 -> QuantModule_DiffAE_LoRA
2026-03-20 19:35:53,358 [INFO]   替換層 2 -> QuantModule_DiffAE_LoRA
2026-03-20 19:35:53,359 [INFO]   替換層 1 -> QuantModule_DiffAE_LoRA
2026-03-20 19:35:53,359 [INFO]   替換層 1 -> QuantModule_DiffAE_LoRA
2026-03-20 19:35:53,359 [INFO]   替換層 1 -> QuantModule_DiffAE_LoRA
2026-03-20 19:35:53,359 [INFO]   替換層 1 -> QuantModule_DiffAE_LoRA
2026-03-20 19:35:53,360 [INFO]   替換層 3 -> QuantModule_DiffAE_LoRA
2026-03-20 19:35:53,360 [INFO]   替換層 3 -> QuantModule_DiffAE_LoRA
2026-03-20 19:35:53,361 [INFO]   跳過量化 skip connection: skip_connection
2026-03-20 19:35:53,361 [INFO]   跳過量化 skip connection: skip_connection
2026-03-20 19:35:53,361 [INFO]   替換層 2 -> QuantModule_DiffAE_LoRA
2026-03-20 19:35:53,361 [INFO]   替換層 2 -> QuantModule_DiffAE_LoRA
2026-03-20 19:35:53,362 [INFO]   替換層 1 -> QuantModule_DiffAE_LoRA
2026-03-20 19:35:53,362 [INFO]   替換層 1 -> QuantModule_DiffAE_LoRA
2026-03-20 19:35:53,362 [INFO]   替換層 1 -> QuantModule_DiffAE_LoRA
2026-03-20 19:35:53,362 [INFO]   替換層 1 -> QuantModule_DiffAE_LoRA
2026-03-20 19:35:53,363 [INFO]   替換層 3 -> QuantModule_DiffAE_LoRA
2026-03-20 19:35:53,363 [INFO]   替換層 3 -> QuantModule_DiffAE_LoRA
2026-03-20 19:35:53,364 [INFO]   替換層 2 -> QuantModule_DiffAE_LoRA
2026-03-20 19:35:53,364 [INFO]   替換層 2 -> QuantModule_DiffAE_LoRA
2026-03-20 19:35:53,365 [INFO]   替換層 1 -> QuantModule_DiffAE_LoRA
2026-03-20 19:35:53,365 [INFO]   替換層 1 -> QuantModule_DiffAE_LoRA
2026-03-20 19:35:53,365 [INFO]   替換層 1 -> QuantModule_DiffAE_LoRA
2026-03-20 19:35:53,365 [INFO]   替換層 1 -> QuantModule_DiffAE_LoRA
2026-03-20 19:35:53,366 [INFO]   替換層 3 -> QuantModule_DiffAE_LoRA
2026-03-20 19:35:53,366 [INFO]   替換層 3 -> QuantModule_DiffAE_LoRA
2026-03-20 19:35:53,367 [INFO]   跳過量化 skip connection: skip_connection
2026-03-20 19:35:53,367 [INFO]   跳過量化 skip connection: skip_connection
2026-03-20 19:35:53,367 [INFO]   替換層 2 -> QuantModule_DiffAE_LoRA
2026-03-20 19:35:53,367 [INFO]   替換層 2 -> QuantModule_DiffAE_LoRA
2026-03-20 19:35:53,368 [INFO]   替換層 1 -> QuantModule_DiffAE_LoRA
2026-03-20 19:35:53,368 [INFO]   替換層 1 -> QuantModule_DiffAE_LoRA
2026-03-20 19:35:53,369 [INFO]   替換層 1 -> QuantModule_DiffAE_LoRA
2026-03-20 19:35:53,369 [INFO]   替換層 1 -> QuantModule_DiffAE_LoRA
2026-03-20 19:35:53,369 [INFO]   替換層 3 -> QuantModule_DiffAE_LoRA
2026-03-20 19:35:53,369 [INFO]   替換層 3 -> QuantModule_DiffAE_LoRA
2026-03-20 19:35:53,370 [INFO]   跳過量化 skip connection: skip_connection
2026-03-20 19:35:53,370 [INFO]   跳過量化 skip connection: skip_connection
2026-03-20 19:35:53,370 [INFO]   替換層 2 -> QuantModule_DiffAE_LoRA
2026-03-20 19:35:53,370 [INFO]   替換層 2 -> QuantModule_DiffAE_LoRA
2026-03-20 19:35:53,372 [INFO]   替換層 1 -> QuantModule_DiffAE_LoRA
2026-03-20 19:35:53,372 [INFO]   替換層 1 -> QuantModule_DiffAE_LoRA
2026-03-20 19:35:53,372 [INFO]   替換層 1 -> QuantModule_DiffAE_LoRA
2026-03-20 19:35:53,372 [INFO]   替換層 1 -> QuantModule_DiffAE_LoRA
2026-03-20 19:35:53,373 [INFO]   替換層 3 -> QuantModule_DiffAE_LoRA
2026-03-20 19:35:53,373 [INFO]   替換層 3 -> QuantModule_DiffAE_LoRA
2026-03-20 19:35:53,373 [INFO]   跳過量化 skip connection: skip_connection
2026-03-20 19:35:53,373 [INFO]   跳過量化 skip connection: skip_connection
2026-03-20 19:35:53,374 [INFO] 改造模組: out
2026-03-20 19:35:53,374 [INFO] 改造模組: out
2026-03-20 19:35:53,374 [INFO]   跳過量化特殊模組: 2
2026-03-20 19:35:53,374 [INFO]   跳過量化特殊模組: 2
2026-03-20 19:35:53,377 [INFO] 執行 'create_float_quantized_model' 完成，耗時: 0.40 秒
2026-03-20 19:35:53,377 [INFO] 執行 'create_float_quantized_model' 完成，耗時: 0.40 秒
2026-03-20 19:35:53,463 [INFO] 載入校準資料...
2026-03-20 19:35:53,463 [INFO] 載入校準資料...
2026-03-20 19:35:53,681 [INFO] ✅ 載入真實校準資料成功
2026-03-20 19:35:53,681 [INFO] ✅ 載入真實校準資料成功
2026-03-20 19:35:53,683 [INFO] ==================================================
2026-03-20 19:35:53,683 [INFO] ==================================================
2026-03-20 19:35:53,683 [INFO] 5. Setting first and last layers to 8-bit...
2026-03-20 19:35:53,683 [INFO] 5. Setting first and last layers to 8-bit...
2026-03-20 19:35:53,685 [INFO] 找到 144 個量化模組
2026-03-20 19:35:53,685 [INFO] 找到 144 個量化模組
2026-03-20 19:35:53,685 [INFO] ✅ 首尾層 8-bit 設定完成
2026-03-20 19:35:53,685 [INFO] ✅ 首尾層 8-bit 設定完成
2026-03-20 19:35:53,685 [INFO] ✅ 量化模型創建成功
2026-03-20 19:35:53,685 [INFO] ✅ 量化模型創建成功
2026-03-20 19:35:53,685 [INFO] set quant state to True, True for layer 1
2026-03-20 19:35:53,685 [INFO] set quant state to True, True for layer 1
2026-03-20 19:35:53,685 [INFO] set quant state to True, True for layer 2
2026-03-20 19:35:53,685 [INFO] set quant state to True, True for layer 2
2026-03-20 19:35:53,685 [INFO] set quant state to True, False for layer 3
2026-03-20 19:35:53,685 [INFO] set quant state to True, False for layer 3
2026-03-20 19:35:53,687 [INFO] set quant state to True, True for layer 144
2026-03-20 19:35:53,687 [INFO] set quant state to True, True for layer 144
2026-03-20 19:35:54,607 [INFO] EMA(load from ema_model.model.*): provided=1822 effective_loaded=1822 missing=280 unexpected=0
2026-03-20 19:35:54,607 [INFO] EMA(load from ema_model.model.*): provided=1822 effective_loaded=1822 missing=280 unexpected=0
2026-03-20 19:35:54,607 [WARNING] EMA missing keys (前10): ['model.input_blocks.1.0.in_layers.2.intn_dequantizer.delta', 'model.input_blocks.1.0.in_layers.2.intn_dequantizer.zero_point', 'model.input_blocks.1.0.emb_layers.1.intn_dequantizer.delta', 'model.input_blocks.1.0.emb_layers.1.intn_dequantizer.zero_point', 'model.input_blocks.1.0.cond_emb_layers.1.intn_dequantizer.delta', 'model.input_blocks.1.0.cond_emb_layers.1.intn_dequantizer.zero_point', 'model.input_blocks.1.0.out_layers.3.intn_dequantizer.delta', 'model.input_blocks.1.0.out_layers.3.intn_dequantizer.zero_point', 'model.input_blocks.2.0.in_layers.2.intn_dequantizer.delta', 'model.input_blocks.2.0.in_layers.2.intn_dequantizer.zero_point']
2026-03-20 19:35:54,607 [WARNING] EMA missing keys (前10): ['model.input_blocks.1.0.in_layers.2.intn_dequantizer.delta', 'model.input_blocks.1.0.in_layers.2.intn_dequantizer.zero_point', 'model.input_blocks.1.0.emb_layers.1.intn_dequantizer.delta', 'model.input_blocks.1.0.emb_layers.1.intn_dequantizer.zero_point', 'model.input_blocks.1.0.cond_emb_layers.1.intn_dequantizer.delta', 'model.input_blocks.1.0.cond_emb_layers.1.intn_dequantizer.zero_point', 'model.input_blocks.1.0.out_layers.3.intn_dequantizer.delta', 'model.input_blocks.1.0.out_layers.3.intn_dequantizer.zero_point', 'model.input_blocks.2.0.in_layers.2.intn_dequantizer.delta', 'model.input_blocks.2.0.in_layers.2.intn_dequantizer.zero_point']
2026-03-20 19:35:54,663 [INFO] MODEL(load from model.model.*): provided=1822 effective_loaded=1822 missing=280 unexpected=0
2026-03-20 19:35:54,663 [INFO] MODEL(load from model.model.*): provided=1822 effective_loaded=1822 missing=280 unexpected=0
2026-03-20 19:35:54,663 [INFO] ✅ 量化模型載入成功
2026-03-20 19:35:54,663 [INFO] ✅ 量化模型載入成功
2026-03-20 19:35:54,663 [INFO] === 初始化新功能模組 ===
2026-03-20 19:35:54,663 [INFO] === 初始化新功能模組 ===
2026-03-20 19:35:54,690 [INFO] ✅ 基礎模型設定完成
2026-03-20 19:35:54,690 [INFO] ✅ 基礎模型設定完成
2026-03-20 19:35:54,716 [INFO] ==================================================
2026-03-20 19:35:54,716 [INFO] ==================================================
2026-03-20 19:35:54,716 [INFO] 啟用 Similarity Analysis (L1/L2/Cosine)
2026-03-20 19:35:54,716 [INFO] 啟用 Similarity Analysis (L1/L2/Cosine)
2026-03-20 19:35:54,716 [INFO] FID 評估樣本數: 128
2026-03-20 19:35:54,716 [INFO] FID 評估樣本數: 128
2026-03-20 19:35:54,716 [INFO] 實際收集樣本數: 20 (用於加速)
2026-03-20 19:35:54,716 [INFO] 實際收集樣本數: 20 (用於加速)
2026-03-20 19:35:54,716 [INFO] 擴散步數: 100
2026-03-20 19:35:54,716 [INFO] 擴散步數: 100
2026-03-20 19:35:54,716 [INFO] ==================================================
2026-03-20 19:35:54,716 [INFO] ==================================================
2026-03-20 19:35:54,718 [INFO] [Similarity] 註冊 block hook: model.output_blocks.11
2026-03-20 19:35:54,718 [INFO] [Similarity] 註冊 block hook: model.output_blocks.11
2026-03-20 19:35:54,718 [INFO] [Similarity] 註冊 model step hook 完成
2026-03-20 19:35:54,718 [INFO] [Similarity] 註冊 model step hook 完成
Model params: 174.19 M
loading pretrain ... 130M
step: 1019986
loading latent stats ...
local seed: 0
train data: 70001
val data: 70001
on train dataloader start ...
mean: tensor(-0.0606, device='cuda:0') std: tensor(0.0755, device='cuda:0')
generating images:   0%|          | 0/4 [00:00<?, ?it/s]/home/jimmy/diffae/./diffusion/base.py:329: FutureWarning: `torch.cuda.amp.autocast(args...)` is deprecated. Please use `torch.amp.autocast('cuda', args...)` instead.
  with autocast(self.conf.fp16):
2026-03-20 19:36:32,609 [INFO] [Similarity] Batch 0 完成，已收集 20 個樣本
2026-03-20 19:36:32,609 [INFO] [Similarity] Batch 0 完成，已收集 20 個樣本
generating images:  25%|██▌       | 1/4 [00:38<01:54, 38.25s/it]2026-03-20 19:37:10,738 [INFO] [Similarity] Batch 1 完成，已收集 20 個樣本
2026-03-20 19:37:10,738 [INFO] [Similarity] Batch 1 完成，已收集 20 個樣本
generating images:  50%|█████     | 2/4 [01:16<01:16, 38.19s/it]2026-03-20 19:37:48,881 [INFO] [Similarity] Batch 2 完成，已收集 20 個樣本
2026-03-20 19:37:48,881 [INFO] [Similarity] Batch 2 完成，已收集 20 個樣本
generating images:  75%|███████▌  | 3/4 [01:54<00:38, 38.16s/it]2026-03-20 19:38:04,913 [INFO] [Similarity] 已收集 80 个样本，停止数据收集（目标: 80）
2026-03-20 19:38:04,913 [INFO] [Similarity] 已收集 80 个样本，停止数据收集（目标: 80）
2026-03-20 19:38:27,023 [INFO] [Similarity] Batch 3 完成，已收集 20 個樣本
2026-03-20 19:38:27,023 [INFO] [Similarity] Batch 3 完成，已收集 20 個樣本
generating images: 100%|██████████| 4/4 [02:32<00:00, 38.15s/it]generating images: 100%|██████████| 4/4 [02:32<00:00, 38.17s/it]
2026-03-20 19:38:27,386 [INFO] [Similarity] FID@128 100 steps score: 0
2026-03-20 19:38:27,386 [INFO] [Similarity] FID@128 100 steps score: 0
2026-03-20 19:38:27,387 [INFO] [Similarity] model.output_blocks.11 cosine: min=0.044238, max=1.000000, diag_mean=1.000000, off_diag_mean=0.828210, off_diag_std=0.173371
2026-03-20 19:38:27,387 [INFO] [Similarity] model.output_blocks.11 cosine: min=0.044238, max=1.000000, diag_mean=1.000000, off_diag_mean=0.828210, off_diag_std=0.173371
2026-03-20 19:38:28,420 [INFO] ✅ Similarity Analysis 完成
2026-03-20 19:38:28,420 [INFO] ✅ Similarity Analysis 完成
2026-03-20 19:38:28,494 [INFO] 執行 'main_float_model' 完成，耗時: 157.33 秒
2026-03-20 19:38:28,494 [INFO] 執行 'main_float_model' 完成，耗時: 157.33 秒
