/home/jimmy/anaconda3/envs/diffae_bw/lib/python3.10/site-packages/lightning_fabric/__init__.py:41: pkg_resources is deprecated as an API. See https://setuptools.pypa.io/en/latest/pkg_resources.html. The pkg_resources package is slated for removal as early as 2025-11-30. Refrain from using this package or pin to Setuptools<81.
使用自動混合精度: torch.bfloat16
[設定] Log 檔案已設為: QATcode/cache_method/L1_L2_cosine/logs/similarity_model_input_blocks_4.log
2026-01-26 11:57:35,738 [INFO] Using 100 steps
2026-01-26 11:57:35,738 [INFO] Using 50000 evaluation samples
2026-01-26 11:57:35,738 [INFO] Cache enabled: False, method: Res, threshold: 0.1
2026-01-26 11:57:35,738 [INFO] Quantitative analysis enabled: False, samples: 10
2026-01-26 11:57:35,738 [INFO] Log file: QATcode/cache_method/L1_L2_cosine/logs/similarity_model_input_blocks_4.log
2026-01-26 11:57:35,738 [INFO] ==================================================
2026-01-26 11:57:35,738 [INFO] Diff-AE EfficientDM Step 7 : 生成圖片
2026-01-26 11:57:35,738 [INFO] ==================================================
2026-01-26 11:57:35,738 [INFO] Using 100 steps
2026-01-26 11:57:35,738 [INFO] Using 50000 evaluation samples
2026-01-26 11:57:35,738 [INFO] Cache enabled: False, method: Res, threshold: 0.1
2026-01-26 11:57:35,738 [INFO] Quantitative analysis enabled: False, samples: 10
2026-01-26 11:57:35,738 [INFO] Log file: QATcode/cache_method/L1_L2_cosine/logs/similarity_model_input_blocks_4.log
2026-01-26 11:57:35,738 [INFO] ==================================================
2026-01-26 11:57:35,738 [INFO] Diff-AE EfficientDM Step 7 : 生成圖片
2026-01-26 11:57:35,738 [INFO] ==================================================
2026-01-26 11:57:35,738 [INFO] 使用設備: cuda
2026-01-26 11:57:35,738 [INFO] 使用設備: cuda
2026-01-26 11:57:35,738 [INFO] === 新功能狀態 ===
2026-01-26 11:57:35,738 [INFO] === 新功能狀態 ===
2026-01-26 11:57:35,738 [INFO] 載入 Diff-AE 模型: checkpoints/ffhq128_autoenc_latent/last.ckpt
2026-01-26 11:57:35,738 [INFO] 載入 Diff-AE 模型: checkpoints/ffhq128_autoenc_latent/last.ckpt
Seed set to 0
Model params: 174.19 M
loading pretrain ... 130M
step: 1019986
loading latent stats ...
2026-01-26 11:57:38,556 [INFO] Diff-AE 模型載入完成
2026-01-26 11:57:38,556 [INFO] Diff-AE 模型載入完成
2026-01-26 11:57:38,600 [INFO] 執行 'load_diffae_model' 完成，耗時: 2.86 秒
2026-01-26 11:57:38,601 [INFO] ✅ Diff-AE 模型載入成功
2026-01-26 11:57:38,601 [INFO] base_model.conf.train_mode: TrainMode.latent_diffusion
2026-01-26 11:57:38,601 [INFO] === 創建 LoRA 量化模型 ===
2026-01-26 11:57:38,600 [INFO] 執行 'load_diffae_model' 完成，耗時: 2.86 秒
2026-01-26 11:57:38,601 [INFO] ✅ Diff-AE 模型載入成功
2026-01-26 11:57:38,601 [INFO] base_model.conf.train_mode: TrainMode.latent_diffusion
2026-01-26 11:57:38,601 [INFO] === 創建 LoRA 量化模型 ===
2026-01-26 11:57:38,601 [INFO] === 開始 UNet LoRA 量化改造 ===
2026-01-26 11:57:38,601 [INFO] === 開始 UNet LoRA 量化改造 ===
2026-01-26 11:57:38,601 [INFO] 改造模組: time_embed
2026-01-26 11:57:38,601 [INFO]   跳過量化特殊模組: 0
2026-01-26 11:57:38,601 [INFO] 改造模組: time_embed
2026-01-26 11:57:38,601 [INFO]   跳過量化特殊模組: 0
2026-01-26 11:57:38,603 [INFO]   跳過量化特殊模組: 2
2026-01-26 11:57:38,604 [INFO] 改造模組: input_blocks
2026-01-26 11:57:38,604 [INFO]   跳過量化特殊模組: 0
2026-01-26 11:57:38,604 [INFO]   替換層 2 -> QuantModule_DiffAE_LoRA
2026-01-26 11:57:38,603 [INFO]   跳過量化特殊模組: 2
2026-01-26 11:57:38,604 [INFO] 改造模組: input_blocks
2026-01-26 11:57:38,604 [INFO]   跳過量化特殊模組: 0
2026-01-26 11:57:38,604 [INFO]   替換層 2 -> QuantModule_DiffAE_LoRA
2026-01-26 11:57:38,680 [INFO]   替換層 1 -> QuantModule_DiffAE_LoRA
2026-01-26 11:57:38,684 [INFO]   替換層 1 -> QuantModule_DiffAE_LoRA
2026-01-26 11:57:38,680 [INFO]   替換層 1 -> QuantModule_DiffAE_LoRA
2026-01-26 11:57:38,684 [INFO]   替換層 1 -> QuantModule_DiffAE_LoRA
2026-01-26 11:57:38,690 [INFO]   替換層 3 -> QuantModule_DiffAE_LoRA
2026-01-26 11:57:38,690 [INFO]   替換層 3 -> QuantModule_DiffAE_LoRA
2026-01-26 11:57:38,697 [INFO]   替換層 2 -> QuantModule_DiffAE_LoRA
2026-01-26 11:57:38,697 [INFO]   替換層 2 -> QuantModule_DiffAE_LoRA
2026-01-26 11:57:38,703 [INFO]   替換層 1 -> QuantModule_DiffAE_LoRA
2026-01-26 11:57:38,703 [INFO]   替換層 1 -> QuantModule_DiffAE_LoRA
2026-01-26 11:57:38,708 [INFO]   替換層 1 -> QuantModule_DiffAE_LoRA
2026-01-26 11:57:38,708 [INFO]   替換層 1 -> QuantModule_DiffAE_LoRA
2026-01-26 11:57:38,714 [INFO]   替換層 3 -> QuantModule_DiffAE_LoRA
2026-01-26 11:57:38,714 [INFO]   替換層 3 -> QuantModule_DiffAE_LoRA
2026-01-26 11:57:38,722 [INFO]   替換層 2 -> QuantModule_DiffAE_LoRA
2026-01-26 11:57:38,722 [INFO]   替換層 2 -> QuantModule_DiffAE_LoRA
2026-01-26 11:57:38,727 [INFO]   替換層 1 -> QuantModule_DiffAE_LoRA
2026-01-26 11:57:38,727 [INFO]   替換層 1 -> QuantModule_DiffAE_LoRA
2026-01-26 11:57:38,731 [INFO]   替換層 1 -> QuantModule_DiffAE_LoRA
2026-01-26 11:57:38,731 [INFO]   替換層 1 -> QuantModule_DiffAE_LoRA
2026-01-26 11:57:38,732 [INFO]   替換層 3 -> QuantModule_DiffAE_LoRA
2026-01-26 11:57:38,732 [INFO]   替換層 3 -> QuantModule_DiffAE_LoRA
2026-01-26 11:57:38,732 [INFO]   替換層 2 -> QuantModule_DiffAE_LoRA
2026-01-26 11:57:38,732 [INFO]   替換層 2 -> QuantModule_DiffAE_LoRA
2026-01-26 11:57:38,733 [INFO]   替換層 1 -> QuantModule_DiffAE_LoRA
2026-01-26 11:57:38,733 [INFO]   替換層 1 -> QuantModule_DiffAE_LoRA
2026-01-26 11:57:38,734 [INFO]   替換層 1 -> QuantModule_DiffAE_LoRA
2026-01-26 11:57:38,734 [INFO]   替換層 1 -> QuantModule_DiffAE_LoRA
2026-01-26 11:57:38,735 [INFO]   替換層 3 -> QuantModule_DiffAE_LoRA
2026-01-26 11:57:38,735 [INFO]   替換層 3 -> QuantModule_DiffAE_LoRA
2026-01-26 11:57:38,735 [INFO]   替換層 2 -> QuantModule_DiffAE_LoRA
2026-01-26 11:57:38,735 [INFO]   替換層 2 -> QuantModule_DiffAE_LoRA
2026-01-26 11:57:38,736 [INFO]   替換層 1 -> QuantModule_DiffAE_LoRA
2026-01-26 11:57:38,736 [INFO]   替換層 1 -> QuantModule_DiffAE_LoRA
2026-01-26 11:57:38,737 [INFO]   替換層 1 -> QuantModule_DiffAE_LoRA
2026-01-26 11:57:38,737 [INFO]   替換層 1 -> QuantModule_DiffAE_LoRA
2026-01-26 11:57:38,738 [INFO]   替換層 3 -> QuantModule_DiffAE_LoRA
2026-01-26 11:57:38,738 [INFO]   替換層 3 -> QuantModule_DiffAE_LoRA
2026-01-26 11:57:38,739 [INFO]   替換層 2 -> QuantModule_DiffAE_LoRA
2026-01-26 11:57:38,739 [INFO]   替換層 2 -> QuantModule_DiffAE_LoRA
2026-01-26 11:57:38,740 [INFO]   替換層 1 -> QuantModule_DiffAE_LoRA
2026-01-26 11:57:38,740 [INFO]   替換層 1 -> QuantModule_DiffAE_LoRA
2026-01-26 11:57:38,740 [INFO]   替換層 1 -> QuantModule_DiffAE_LoRA
2026-01-26 11:57:38,740 [INFO]   替換層 1 -> QuantModule_DiffAE_LoRA
2026-01-26 11:57:38,741 [INFO]   替換層 3 -> QuantModule_DiffAE_LoRA
2026-01-26 11:57:38,741 [INFO]   替換層 3 -> QuantModule_DiffAE_LoRA
2026-01-26 11:57:38,742 [INFO]   替換層 2 -> QuantModule_DiffAE_LoRA
2026-01-26 11:57:38,742 [INFO]   替換層 2 -> QuantModule_DiffAE_LoRA
2026-01-26 11:57:38,743 [INFO]   替換層 1 -> QuantModule_DiffAE_LoRA
2026-01-26 11:57:38,743 [INFO]   替換層 1 -> QuantModule_DiffAE_LoRA
2026-01-26 11:57:38,744 [INFO]   替換層 1 -> QuantModule_DiffAE_LoRA
2026-01-26 11:57:38,744 [INFO]   替換層 1 -> QuantModule_DiffAE_LoRA
2026-01-26 11:57:38,748 [INFO]   替換層 3 -> QuantModule_DiffAE_LoRA
2026-01-26 11:57:38,748 [INFO]   替換層 3 -> QuantModule_DiffAE_LoRA
2026-01-26 11:57:38,753 [INFO]   跳過量化 skip connection: skip_connection
2026-01-26 11:57:38,753 [INFO]   跳過量化 skip connection: skip_connection
2026-01-26 11:57:38,753 [INFO]   替換層 2 -> QuantModule_DiffAE_LoRA
2026-01-26 11:57:38,753 [INFO]   替換層 2 -> QuantModule_DiffAE_LoRA
2026-01-26 11:57:38,759 [INFO]   替換層 1 -> QuantModule_DiffAE_LoRA
2026-01-26 11:57:38,759 [INFO]   替換層 1 -> QuantModule_DiffAE_LoRA
2026-01-26 11:57:38,763 [INFO]   替換層 1 -> QuantModule_DiffAE_LoRA
2026-01-26 11:57:38,763 [INFO]   替換層 1 -> QuantModule_DiffAE_LoRA
2026-01-26 11:57:38,769 [INFO]   替換層 3 -> QuantModule_DiffAE_LoRA
2026-01-26 11:57:38,769 [INFO]   替換層 3 -> QuantModule_DiffAE_LoRA
2026-01-26 11:57:38,776 [INFO]   替換層 2 -> QuantModule_DiffAE_LoRA
2026-01-26 11:57:38,776 [INFO]   替換層 2 -> QuantModule_DiffAE_LoRA
2026-01-26 11:57:38,779 [INFO]   替換層 1 -> QuantModule_DiffAE_LoRA
2026-01-26 11:57:38,779 [INFO]   替換層 1 -> QuantModule_DiffAE_LoRA
2026-01-26 11:57:38,780 [INFO]   替換層 1 -> QuantModule_DiffAE_LoRA
2026-01-26 11:57:38,780 [INFO]   替換層 1 -> QuantModule_DiffAE_LoRA
2026-01-26 11:57:38,781 [INFO]   替換層 3 -> QuantModule_DiffAE_LoRA
2026-01-26 11:57:38,781 [INFO]   替換層 3 -> QuantModule_DiffAE_LoRA
2026-01-26 11:57:38,783 [INFO]   替換層 2 -> QuantModule_DiffAE_LoRA
2026-01-26 11:57:38,783 [INFO]   替換層 2 -> QuantModule_DiffAE_LoRA
2026-01-26 11:57:38,786 [INFO]   替換層 1 -> QuantModule_DiffAE_LoRA
2026-01-26 11:57:38,786 [INFO]   替換層 1 -> QuantModule_DiffAE_LoRA
2026-01-26 11:57:38,789 [INFO]   替換層 1 -> QuantModule_DiffAE_LoRA
2026-01-26 11:57:38,794 [INFO]   替換層 3 -> QuantModule_DiffAE_LoRA
2026-01-26 11:57:38,789 [INFO]   替換層 1 -> QuantModule_DiffAE_LoRA
2026-01-26 11:57:38,794 [INFO]   替換層 3 -> QuantModule_DiffAE_LoRA
2026-01-26 11:57:38,801 [INFO]   跳過量化 skip connection: skip_connection
2026-01-26 11:57:38,801 [INFO]   跳過量化 skip connection: skip_connection
2026-01-26 11:57:38,801 [INFO]   替換層 2 -> QuantModule_DiffAE_LoRA
2026-01-26 11:57:38,801 [INFO]   替換層 2 -> QuantModule_DiffAE_LoRA
2026-01-26 11:57:38,807 [INFO]   替換層 1 -> QuantModule_DiffAE_LoRA
2026-01-26 11:57:38,807 [INFO]   替換層 1 -> QuantModule_DiffAE_LoRA
2026-01-26 11:57:38,811 [INFO]   替換層 1 -> QuantModule_DiffAE_LoRA
2026-01-26 11:57:38,811 [INFO]   替換層 1 -> QuantModule_DiffAE_LoRA
2026-01-26 11:57:38,817 [INFO]   替換層 3 -> QuantModule_DiffAE_LoRA
2026-01-26 11:57:38,817 [INFO]   替換層 3 -> QuantModule_DiffAE_LoRA
2026-01-26 11:57:38,826 [INFO]   替換層 2 -> QuantModule_DiffAE_LoRA
2026-01-26 11:57:38,826 [INFO]   替換層 2 -> QuantModule_DiffAE_LoRA
2026-01-26 11:57:38,831 [INFO]   替換層 1 -> QuantModule_DiffAE_LoRA
2026-01-26 11:57:38,831 [INFO]   替換層 1 -> QuantModule_DiffAE_LoRA
2026-01-26 11:57:38,835 [INFO]   替換層 1 -> QuantModule_DiffAE_LoRA
2026-01-26 11:57:38,835 [INFO]   替換層 1 -> QuantModule_DiffAE_LoRA
2026-01-26 11:57:38,838 [INFO]   替換層 3 -> QuantModule_DiffAE_LoRA
2026-01-26 11:57:38,838 [INFO]   替換層 3 -> QuantModule_DiffAE_LoRA
2026-01-26 11:57:38,847 [INFO]   替換層 2 -> QuantModule_DiffAE_LoRA
2026-01-26 11:57:38,847 [INFO]   替換層 2 -> QuantModule_DiffAE_LoRA
2026-01-26 11:57:38,854 [INFO]   替換層 1 -> QuantModule_DiffAE_LoRA
2026-01-26 11:57:38,854 [INFO]   替換層 1 -> QuantModule_DiffAE_LoRA
2026-01-26 11:57:38,857 [INFO]   替換層 1 -> QuantModule_DiffAE_LoRA
2026-01-26 11:57:38,857 [INFO]   替換層 1 -> QuantModule_DiffAE_LoRA
2026-01-26 11:57:38,865 [INFO]   替換層 3 -> QuantModule_DiffAE_LoRA
2026-01-26 11:57:38,865 [INFO]   替換層 3 -> QuantModule_DiffAE_LoRA
2026-01-26 11:57:38,874 [INFO]   跳過量化 skip connection: skip_connection
2026-01-26 11:57:38,874 [INFO]   跳過量化 skip connection: skip_connection
2026-01-26 11:57:38,875 [INFO]   替換層 2 -> QuantModule_DiffAE_LoRA
2026-01-26 11:57:38,875 [INFO]   替換層 2 -> QuantModule_DiffAE_LoRA
2026-01-26 11:57:38,885 [INFO]   替換層 1 -> QuantModule_DiffAE_LoRA
2026-01-26 11:57:38,885 [INFO]   替換層 1 -> QuantModule_DiffAE_LoRA
2026-01-26 11:57:38,894 [INFO]   替換層 1 -> QuantModule_DiffAE_LoRA
2026-01-26 11:57:38,894 [INFO]   替換層 1 -> QuantModule_DiffAE_LoRA
2026-01-26 11:57:38,901 [INFO]   替換層 3 -> QuantModule_DiffAE_LoRA
2026-01-26 11:57:38,901 [INFO]   替換層 3 -> QuantModule_DiffAE_LoRA
2026-01-26 11:57:38,914 [INFO] 改造模組: middle_block
2026-01-26 11:57:38,914 [INFO] 改造模組: middle_block
2026-01-26 11:57:38,914 [INFO]   替換層 2 -> QuantModule_DiffAE_LoRA
2026-01-26 11:57:38,914 [INFO]   替換層 2 -> QuantModule_DiffAE_LoRA
2026-01-26 11:57:38,920 [INFO]   替換層 1 -> QuantModule_DiffAE_LoRA
2026-01-26 11:57:38,920 [INFO]   替換層 1 -> QuantModule_DiffAE_LoRA
2026-01-26 11:57:38,925 [INFO]   替換層 1 -> QuantModule_DiffAE_LoRA
2026-01-26 11:57:38,925 [INFO]   替換層 1 -> QuantModule_DiffAE_LoRA
2026-01-26 11:57:38,931 [INFO]   替換層 3 -> QuantModule_DiffAE_LoRA
2026-01-26 11:57:38,931 [INFO]   替換層 3 -> QuantModule_DiffAE_LoRA
2026-01-26 11:57:38,940 [INFO]   替換層 2 -> QuantModule_DiffAE_LoRA
2026-01-26 11:57:38,940 [INFO]   替換層 2 -> QuantModule_DiffAE_LoRA
2026-01-26 11:57:38,953 [INFO]   替換層 1 -> QuantModule_DiffAE_LoRA
2026-01-26 11:57:38,953 [INFO]   替換層 1 -> QuantModule_DiffAE_LoRA
2026-01-26 11:57:38,960 [INFO]   替換層 1 -> QuantModule_DiffAE_LoRA
2026-01-26 11:57:38,960 [INFO]   替換層 1 -> QuantModule_DiffAE_LoRA
2026-01-26 11:57:38,966 [INFO]   替換層 3 -> QuantModule_DiffAE_LoRA
2026-01-26 11:57:38,966 [INFO]   替換層 3 -> QuantModule_DiffAE_LoRA
2026-01-26 11:57:38,978 [INFO] 改造模組: output_blocks
2026-01-26 11:57:38,978 [INFO] 改造模組: output_blocks
2026-01-26 11:57:38,979 [INFO]   替換層 2 -> QuantModule_DiffAE_LoRA
2026-01-26 11:57:38,979 [INFO]   替換層 2 -> QuantModule_DiffAE_LoRA
2026-01-26 11:57:38,996 [INFO]   替換層 1 -> QuantModule_DiffAE_LoRA
2026-01-26 11:57:38,996 [INFO]   替換層 1 -> QuantModule_DiffAE_LoRA
2026-01-26 11:57:39,001 [INFO]   替換層 1 -> QuantModule_DiffAE_LoRA
2026-01-26 11:57:39,002 [INFO]   替換層 3 -> QuantModule_DiffAE_LoRA
2026-01-26 11:57:39,001 [INFO]   替換層 1 -> QuantModule_DiffAE_LoRA
2026-01-26 11:57:39,002 [INFO]   替換層 3 -> QuantModule_DiffAE_LoRA
2026-01-26 11:57:39,009 [INFO]   跳過量化 skip connection: skip_connection
2026-01-26 11:57:39,009 [INFO]   替換層 2 -> QuantModule_DiffAE_LoRA
2026-01-26 11:57:39,009 [INFO]   跳過量化 skip connection: skip_connection
2026-01-26 11:57:39,009 [INFO]   替換層 2 -> QuantModule_DiffAE_LoRA
2026-01-26 11:57:39,027 [INFO]   替換層 1 -> QuantModule_DiffAE_LoRA
2026-01-26 11:57:39,027 [INFO]   替換層 1 -> QuantModule_DiffAE_LoRA
2026-01-26 11:57:39,034 [INFO]   替換層 1 -> QuantModule_DiffAE_LoRA
2026-01-26 11:57:39,034 [INFO]   替換層 1 -> QuantModule_DiffAE_LoRA
2026-01-26 11:57:39,036 [INFO]   替換層 3 -> QuantModule_DiffAE_LoRA
2026-01-26 11:57:39,036 [INFO]   替換層 3 -> QuantModule_DiffAE_LoRA
2026-01-26 11:57:39,046 [INFO]   跳過量化 skip connection: skip_connection
2026-01-26 11:57:39,046 [INFO]   替換層 2 -> QuantModule_DiffAE_LoRA
2026-01-26 11:57:39,046 [INFO]   跳過量化 skip connection: skip_connection
2026-01-26 11:57:39,046 [INFO]   替換層 2 -> QuantModule_DiffAE_LoRA
2026-01-26 11:57:39,059 [INFO]   替換層 1 -> QuantModule_DiffAE_LoRA
2026-01-26 11:57:39,059 [INFO]   替換層 1 -> QuantModule_DiffAE_LoRA
2026-01-26 11:57:39,065 [INFO]   替換層 1 -> QuantModule_DiffAE_LoRA
2026-01-26 11:57:39,065 [INFO]   替換層 1 -> QuantModule_DiffAE_LoRA
2026-01-26 11:57:39,069 [INFO]   替換層 3 -> QuantModule_DiffAE_LoRA
2026-01-26 11:57:39,069 [INFO]   替換層 3 -> QuantModule_DiffAE_LoRA
2026-01-26 11:57:39,079 [INFO]   跳過量化 skip connection: skip_connection
2026-01-26 11:57:39,079 [INFO]   跳過量化 skip connection: skip_connection
2026-01-26 11:57:39,079 [INFO]   替換層 2 -> QuantModule_DiffAE_LoRA
2026-01-26 11:57:39,079 [INFO]   替換層 2 -> QuantModule_DiffAE_LoRA
2026-01-26 11:57:39,089 [INFO]   替換層 1 -> QuantModule_DiffAE_LoRA
2026-01-26 11:57:39,089 [INFO]   替換層 1 -> QuantModule_DiffAE_LoRA
2026-01-26 11:57:39,095 [INFO]   替換層 1 -> QuantModule_DiffAE_LoRA
2026-01-26 11:57:39,095 [INFO]   替換層 1 -> QuantModule_DiffAE_LoRA
2026-01-26 11:57:39,099 [INFO]   替換層 3 -> QuantModule_DiffAE_LoRA
2026-01-26 11:57:39,099 [INFO]   替換層 3 -> QuantModule_DiffAE_LoRA
2026-01-26 11:57:39,111 [INFO]   替換層 2 -> QuantModule_DiffAE_LoRA
2026-01-26 11:57:39,111 [INFO]   替換層 2 -> QuantModule_DiffAE_LoRA
2026-01-26 11:57:39,124 [INFO]   替換層 1 -> QuantModule_DiffAE_LoRA
2026-01-26 11:57:39,124 [INFO]   替換層 1 -> QuantModule_DiffAE_LoRA
2026-01-26 11:57:39,130 [INFO]   替換層 1 -> QuantModule_DiffAE_LoRA
2026-01-26 11:57:39,130 [INFO]   替換層 1 -> QuantModule_DiffAE_LoRA
2026-01-26 11:57:39,134 [INFO]   替換層 3 -> QuantModule_DiffAE_LoRA
2026-01-26 11:57:39,134 [INFO]   替換層 3 -> QuantModule_DiffAE_LoRA
2026-01-26 11:57:39,139 [INFO]   跳過量化 skip connection: skip_connection
2026-01-26 11:57:39,139 [INFO]   跳過量化 skip connection: skip_connection
2026-01-26 11:57:39,139 [INFO]   替換層 2 -> QuantModule_DiffAE_LoRA
2026-01-26 11:57:39,139 [INFO]   替換層 2 -> QuantModule_DiffAE_LoRA
2026-01-26 11:57:39,150 [INFO]   替換層 1 -> QuantModule_DiffAE_LoRA
2026-01-26 11:57:39,150 [INFO]   替換層 1 -> QuantModule_DiffAE_LoRA
2026-01-26 11:57:39,156 [INFO]   替換層 1 -> QuantModule_DiffAE_LoRA
2026-01-26 11:57:39,156 [INFO]   替換層 1 -> QuantModule_DiffAE_LoRA
2026-01-26 11:57:39,164 [INFO]   替換層 3 -> QuantModule_DiffAE_LoRA
2026-01-26 11:57:39,164 [INFO]   替換層 3 -> QuantModule_DiffAE_LoRA
2026-01-26 11:57:39,172 [INFO]   跳過量化 skip connection: skip_connection
2026-01-26 11:57:39,172 [INFO]   跳過量化 skip connection: skip_connection
2026-01-26 11:57:39,172 [INFO]   替換層 2 -> QuantModule_DiffAE_LoRA
2026-01-26 11:57:39,172 [INFO]   替換層 2 -> QuantModule_DiffAE_LoRA
2026-01-26 11:57:39,184 [INFO]   替換層 1 -> QuantModule_DiffAE_LoRA
2026-01-26 11:57:39,184 [INFO]   替換層 1 -> QuantModule_DiffAE_LoRA
2026-01-26 11:57:39,190 [INFO]   替換層 1 -> QuantModule_DiffAE_LoRA
2026-01-26 11:57:39,190 [INFO]   替換層 1 -> QuantModule_DiffAE_LoRA
2026-01-26 11:57:39,194 [INFO]   替換層 3 -> QuantModule_DiffAE_LoRA
2026-01-26 11:57:39,194 [INFO]   替換層 3 -> QuantModule_DiffAE_LoRA
2026-01-26 11:57:39,204 [INFO]   跳過量化 skip connection: skip_connection
2026-01-26 11:57:39,204 [INFO]   跳過量化 skip connection: skip_connection
2026-01-26 11:57:39,204 [INFO]   替換層 2 -> QuantModule_DiffAE_LoRA
2026-01-26 11:57:39,204 [INFO]   替換層 2 -> QuantModule_DiffAE_LoRA
2026-01-26 11:57:39,211 [INFO]   替換層 1 -> QuantModule_DiffAE_LoRA
2026-01-26 11:57:39,211 [INFO]   替換層 1 -> QuantModule_DiffAE_LoRA
2026-01-26 11:57:39,215 [INFO]   替換層 1 -> QuantModule_DiffAE_LoRA
2026-01-26 11:57:39,215 [INFO]   替換層 1 -> QuantModule_DiffAE_LoRA
2026-01-26 11:57:39,219 [INFO]   替換層 3 -> QuantModule_DiffAE_LoRA
2026-01-26 11:57:39,219 [INFO]   替換層 3 -> QuantModule_DiffAE_LoRA
2026-01-26 11:57:39,228 [INFO]   替換層 2 -> QuantModule_DiffAE_LoRA
2026-01-26 11:57:39,228 [INFO]   替換層 2 -> QuantModule_DiffAE_LoRA
2026-01-26 11:57:39,233 [INFO]   替換層 1 -> QuantModule_DiffAE_LoRA
2026-01-26 11:57:39,233 [INFO]   替換層 1 -> QuantModule_DiffAE_LoRA
2026-01-26 11:57:39,237 [INFO]   替換層 1 -> QuantModule_DiffAE_LoRA
2026-01-26 11:57:39,237 [INFO]   替換層 1 -> QuantModule_DiffAE_LoRA
2026-01-26 11:57:39,242 [INFO]   替換層 3 -> QuantModule_DiffAE_LoRA
2026-01-26 11:57:39,242 [INFO]   替換層 3 -> QuantModule_DiffAE_LoRA
2026-01-26 11:57:39,248 [INFO]   跳過量化 skip connection: skip_connection
2026-01-26 11:57:39,248 [INFO]   跳過量化 skip connection: skip_connection
2026-01-26 11:57:39,249 [INFO]   替換層 2 -> QuantModule_DiffAE_LoRA
2026-01-26 11:57:39,249 [INFO]   替換層 2 -> QuantModule_DiffAE_LoRA
2026-01-26 11:57:39,252 [INFO]   替換層 1 -> QuantModule_DiffAE_LoRA
2026-01-26 11:57:39,252 [INFO]   替換層 1 -> QuantModule_DiffAE_LoRA
2026-01-26 11:57:39,256 [INFO]   替換層 1 -> QuantModule_DiffAE_LoRA
2026-01-26 11:57:39,256 [INFO]   替換層 1 -> QuantModule_DiffAE_LoRA
2026-01-26 11:57:39,262 [INFO]   替換層 3 -> QuantModule_DiffAE_LoRA
2026-01-26 11:57:39,262 [INFO]   替換層 3 -> QuantModule_DiffAE_LoRA
2026-01-26 11:57:39,265 [INFO]   跳過量化 skip connection: skip_connection
2026-01-26 11:57:39,265 [INFO]   跳過量化 skip connection: skip_connection
2026-01-26 11:57:39,265 [INFO]   替換層 2 -> QuantModule_DiffAE_LoRA
2026-01-26 11:57:39,265 [INFO]   替換層 2 -> QuantModule_DiffAE_LoRA
2026-01-26 11:57:39,267 [INFO]   替換層 1 -> QuantModule_DiffAE_LoRA
2026-01-26 11:57:39,267 [INFO]   替換層 1 -> QuantModule_DiffAE_LoRA
2026-01-26 11:57:39,268 [INFO]   替換層 1 -> QuantModule_DiffAE_LoRA
2026-01-26 11:57:39,268 [INFO]   替換層 1 -> QuantModule_DiffAE_LoRA
2026-01-26 11:57:39,269 [INFO]   替換層 3 -> QuantModule_DiffAE_LoRA
2026-01-26 11:57:39,269 [INFO]   替換層 3 -> QuantModule_DiffAE_LoRA
2026-01-26 11:57:39,271 [INFO]   跳過量化 skip connection: skip_connection
2026-01-26 11:57:39,271 [INFO]   跳過量化 skip connection: skip_connection
2026-01-26 11:57:39,271 [INFO]   替換層 2 -> QuantModule_DiffAE_LoRA
2026-01-26 11:57:39,271 [INFO]   替換層 2 -> QuantModule_DiffAE_LoRA
2026-01-26 11:57:39,272 [INFO]   替換層 1 -> QuantModule_DiffAE_LoRA
2026-01-26 11:57:39,272 [INFO]   替換層 1 -> QuantModule_DiffAE_LoRA
2026-01-26 11:57:39,273 [INFO]   替換層 1 -> QuantModule_DiffAE_LoRA
2026-01-26 11:57:39,273 [INFO]   替換層 1 -> QuantModule_DiffAE_LoRA
2026-01-26 11:57:39,274 [INFO]   替換層 3 -> QuantModule_DiffAE_LoRA
2026-01-26 11:57:39,274 [INFO]   替換層 3 -> QuantModule_DiffAE_LoRA
2026-01-26 11:57:39,275 [INFO]   替換層 2 -> QuantModule_DiffAE_LoRA
2026-01-26 11:57:39,275 [INFO]   替換層 2 -> QuantModule_DiffAE_LoRA
2026-01-26 11:57:39,277 [INFO]   替換層 1 -> QuantModule_DiffAE_LoRA
2026-01-26 11:57:39,277 [INFO]   替換層 1 -> QuantModule_DiffAE_LoRA
2026-01-26 11:57:39,277 [INFO]   替換層 1 -> QuantModule_DiffAE_LoRA
2026-01-26 11:57:39,277 [INFO]   替換層 1 -> QuantModule_DiffAE_LoRA
2026-01-26 11:57:39,278 [INFO]   替換層 3 -> QuantModule_DiffAE_LoRA
2026-01-26 11:57:39,278 [INFO]   替換層 3 -> QuantModule_DiffAE_LoRA
2026-01-26 11:57:39,278 [INFO]   跳過量化 skip connection: skip_connection
2026-01-26 11:57:39,278 [INFO]   跳過量化 skip connection: skip_connection
2026-01-26 11:57:39,279 [INFO]   替換層 2 -> QuantModule_DiffAE_LoRA
2026-01-26 11:57:39,279 [INFO]   替換層 2 -> QuantModule_DiffAE_LoRA
2026-01-26 11:57:39,280 [INFO]   替換層 1 -> QuantModule_DiffAE_LoRA
2026-01-26 11:57:39,280 [INFO]   替換層 1 -> QuantModule_DiffAE_LoRA
2026-01-26 11:57:39,280 [INFO]   替換層 1 -> QuantModule_DiffAE_LoRA
2026-01-26 11:57:39,280 [INFO]   替換層 1 -> QuantModule_DiffAE_LoRA
2026-01-26 11:57:39,281 [INFO]   替換層 3 -> QuantModule_DiffAE_LoRA
2026-01-26 11:57:39,281 [INFO]   替換層 3 -> QuantModule_DiffAE_LoRA
2026-01-26 11:57:39,281 [INFO]   跳過量化 skip connection: skip_connection
2026-01-26 11:57:39,281 [INFO]   跳過量化 skip connection: skip_connection
2026-01-26 11:57:39,282 [INFO]   替換層 2 -> QuantModule_DiffAE_LoRA
2026-01-26 11:57:39,282 [INFO]   替換層 2 -> QuantModule_DiffAE_LoRA
2026-01-26 11:57:39,283 [INFO]   替換層 1 -> QuantModule_DiffAE_LoRA
2026-01-26 11:57:39,283 [INFO]   替換層 1 -> QuantModule_DiffAE_LoRA
2026-01-26 11:57:39,283 [INFO]   替換層 1 -> QuantModule_DiffAE_LoRA
2026-01-26 11:57:39,283 [INFO]   替換層 1 -> QuantModule_DiffAE_LoRA
2026-01-26 11:57:39,284 [INFO]   替換層 3 -> QuantModule_DiffAE_LoRA
2026-01-26 11:57:39,284 [INFO]   替換層 3 -> QuantModule_DiffAE_LoRA
2026-01-26 11:57:39,284 [INFO]   跳過量化 skip connection: skip_connection
2026-01-26 11:57:39,284 [INFO]   跳過量化 skip connection: skip_connection
2026-01-26 11:57:39,284 [INFO]   替換層 2 -> QuantModule_DiffAE_LoRA
2026-01-26 11:57:39,284 [INFO]   替換層 2 -> QuantModule_DiffAE_LoRA
2026-01-26 11:57:39,285 [INFO]   替換層 1 -> QuantModule_DiffAE_LoRA
2026-01-26 11:57:39,285 [INFO]   替換層 1 -> QuantModule_DiffAE_LoRA
2026-01-26 11:57:39,286 [INFO]   替換層 1 -> QuantModule_DiffAE_LoRA
2026-01-26 11:57:39,286 [INFO]   替換層 1 -> QuantModule_DiffAE_LoRA
2026-01-26 11:57:39,286 [INFO]   替換層 3 -> QuantModule_DiffAE_LoRA
2026-01-26 11:57:39,286 [INFO]   替換層 3 -> QuantModule_DiffAE_LoRA
2026-01-26 11:57:39,287 [INFO]   替換層 2 -> QuantModule_DiffAE_LoRA
2026-01-26 11:57:39,287 [INFO]   替換層 2 -> QuantModule_DiffAE_LoRA
2026-01-26 11:57:39,288 [INFO]   替換層 1 -> QuantModule_DiffAE_LoRA
2026-01-26 11:57:39,288 [INFO]   替換層 1 -> QuantModule_DiffAE_LoRA
2026-01-26 11:57:39,288 [INFO]   替換層 1 -> QuantModule_DiffAE_LoRA
2026-01-26 11:57:39,288 [INFO]   替換層 1 -> QuantModule_DiffAE_LoRA
2026-01-26 11:57:39,289 [INFO]   替換層 3 -> QuantModule_DiffAE_LoRA
2026-01-26 11:57:39,289 [INFO]   替換層 3 -> QuantModule_DiffAE_LoRA
2026-01-26 11:57:39,289 [INFO]   跳過量化 skip connection: skip_connection
2026-01-26 11:57:39,289 [INFO]   跳過量化 skip connection: skip_connection
2026-01-26 11:57:39,289 [INFO]   替換層 2 -> QuantModule_DiffAE_LoRA
2026-01-26 11:57:39,289 [INFO]   替換層 2 -> QuantModule_DiffAE_LoRA
2026-01-26 11:57:39,290 [INFO]   替換層 1 -> QuantModule_DiffAE_LoRA
2026-01-26 11:57:39,290 [INFO]   替換層 1 -> QuantModule_DiffAE_LoRA
2026-01-26 11:57:39,291 [INFO]   替換層 1 -> QuantModule_DiffAE_LoRA
2026-01-26 11:57:39,291 [INFO]   替換層 1 -> QuantModule_DiffAE_LoRA
2026-01-26 11:57:39,292 [INFO]   替換層 3 -> QuantModule_DiffAE_LoRA
2026-01-26 11:57:39,292 [INFO]   替換層 3 -> QuantModule_DiffAE_LoRA
2026-01-26 11:57:39,292 [INFO]   跳過量化 skip connection: skip_connection
2026-01-26 11:57:39,292 [INFO]   跳過量化 skip connection: skip_connection
2026-01-26 11:57:39,292 [INFO]   替換層 2 -> QuantModule_DiffAE_LoRA
2026-01-26 11:57:39,292 [INFO]   替換層 2 -> QuantModule_DiffAE_LoRA
2026-01-26 11:57:39,293 [INFO]   替換層 1 -> QuantModule_DiffAE_LoRA
2026-01-26 11:57:39,293 [INFO]   替換層 1 -> QuantModule_DiffAE_LoRA
2026-01-26 11:57:39,294 [INFO]   替換層 1 -> QuantModule_DiffAE_LoRA
2026-01-26 11:57:39,294 [INFO]   替換層 1 -> QuantModule_DiffAE_LoRA
2026-01-26 11:57:39,294 [INFO]   替換層 3 -> QuantModule_DiffAE_LoRA
2026-01-26 11:57:39,294 [INFO]   替換層 3 -> QuantModule_DiffAE_LoRA
2026-01-26 11:57:39,295 [INFO]   跳過量化 skip connection: skip_connection
2026-01-26 11:57:39,295 [INFO]   跳過量化 skip connection: skip_connection
2026-01-26 11:57:39,295 [INFO] 改造模組: out
2026-01-26 11:57:39,295 [INFO] 改造模組: out
2026-01-26 11:57:39,295 [INFO]   跳過量化特殊模組: 2
2026-01-26 11:57:39,295 [INFO]   跳過量化特殊模組: 2
2026-01-26 11:57:39,298 [INFO] 執行 'create_float_quantized_model' 完成，耗時: 0.70 秒
2026-01-26 11:57:39,298 [INFO] 執行 'create_float_quantized_model' 完成，耗時: 0.70 秒
2026-01-26 11:57:39,430 [INFO] 載入校準資料...
2026-01-26 11:57:39,430 [INFO] 載入校準資料...
2026-01-26 11:57:39,743 [INFO] ✅ 載入真實校準資料成功
2026-01-26 11:57:39,743 [INFO] ✅ 載入真實校準資料成功
2026-01-26 11:57:39,745 [INFO] ==================================================
2026-01-26 11:57:39,745 [INFO] 5. Setting first and last layers to 8-bit...
2026-01-26 11:57:39,745 [INFO] ==================================================
2026-01-26 11:57:39,745 [INFO] 5. Setting first and last layers to 8-bit...
2026-01-26 11:57:39,746 [INFO] 找到 144 個量化模組
2026-01-26 11:57:39,746 [INFO] ✅ 首尾層 8-bit 設定完成
2026-01-26 11:57:39,746 [INFO] 找到 144 個量化模組
2026-01-26 11:57:39,746 [INFO] ✅ 首尾層 8-bit 設定完成
2026-01-26 11:57:39,747 [INFO] ✅ 量化模型創建成功
2026-01-26 11:57:39,747 [INFO] ✅ 量化模型創建成功
2026-01-26 11:57:39,747 [INFO] set quant state to True, True for layer 1
2026-01-26 11:57:39,747 [INFO] set quant state to True, True for layer 1
2026-01-26 11:57:39,747 [INFO] set quant state to True, True for layer 2
2026-01-26 11:57:39,747 [INFO] set quant state to True, True for layer 2
2026-01-26 11:57:39,747 [INFO] set quant state to True, False for layer 3
2026-01-26 11:57:39,747 [INFO] set quant state to True, False for layer 3
2026-01-26 11:57:39,748 [INFO] set quant state to True, True for layer 144
2026-01-26 11:57:39,748 [INFO] set quant state to True, True for layer 144
2026-01-26 11:57:40,823 [INFO] ✅ 量化模型載入成功
2026-01-26 11:57:40,823 [INFO] === 初始化新功能模組 ===
2026-01-26 11:57:40,823 [INFO] ✅ 量化模型載入成功
2026-01-26 11:57:40,823 [INFO] === 初始化新功能模組 ===
local seed: 0
train data: 70001
val data: 70001
2026-01-26 11:57:40,848 [INFO] ✅ 基礎模型設定完成
2026-01-26 11:57:40,848 [INFO] ✅ 基礎模型設定完成
on train dataloader start ...
mean: tensor(-0.0606, device='cuda:0') std: tensor(0.0755, device='cuda:0')
2026-01-26 11:57:40,907 [INFO] ==================================================
2026-01-26 11:57:40,907 [INFO] 啟用 Similarity Analysis (L1/L2/Cosine)
2026-01-26 11:57:40,907 [INFO] FID 評估樣本數: 128
2026-01-26 11:57:40,907 [INFO] 實際收集樣本數: 20 (用於加速)
2026-01-26 11:57:40,907 [INFO] 擴散步數: 100
2026-01-26 11:57:40,907 [INFO] ==================================================
2026-01-26 11:57:40,907 [INFO] ==================================================
2026-01-26 11:57:40,907 [INFO] 啟用 Similarity Analysis (L1/L2/Cosine)
2026-01-26 11:57:40,907 [INFO] FID 評估樣本數: 128
2026-01-26 11:57:40,907 [INFO] 實際收集樣本數: 20 (用於加速)
2026-01-26 11:57:40,907 [INFO] 擴散步數: 100
2026-01-26 11:57:40,907 [INFO] ==================================================
2026-01-26 11:57:40,907 [INFO] [Similarity] 註冊 block hook: model.input_blocks.4
2026-01-26 11:57:40,907 [INFO] [Similarity] 註冊 block hook: model.input_blocks.4
2026-01-26 11:57:40,908 [INFO] [Similarity] 註冊 model step hook 完成
2026-01-26 11:57:40,908 [INFO] [Similarity] 註冊 model step hook 完成
generating images:   0%|          | 0/4 [00:00<?, ?it/s]/home/jimmy/diffae/./diffusion/base.py:329: FutureWarning: `torch.cuda.amp.autocast(args...)` is deprecated. Please use `torch.amp.autocast('cuda', args...)` instead.
  with autocast(self.conf.fp16):
2026-01-26 11:58:01,171 [INFO] [Similarity] Batch 0 完成，已收集 20 個樣本
2026-01-26 11:58:01,171 [INFO] [Similarity] Batch 0 完成，已收集 20 個樣本
generating images:  25%|██▌       | 1/4 [00:20<01:01, 20.65s/it]2026-01-26 11:58:21,597 [INFO] [Similarity] Batch 1 完成，已收集 20 個樣本
2026-01-26 11:58:21,597 [INFO] [Similarity] Batch 1 完成，已收集 20 個樣本
generating images:  50%|█████     | 2/4 [00:41<00:41, 20.56s/it]2026-01-26 11:58:42,096 [INFO] [Similarity] Batch 2 完成，已收集 20 個樣本
2026-01-26 11:58:42,096 [INFO] [Similarity] Batch 2 完成，已收集 20 個樣本
generating images:  75%|███████▌  | 3/4 [01:01<00:20, 20.46s/it]2026-01-26 11:58:58,053 [INFO] [Similarity] 已收集 80 个样本，停止数据收集（目标: 80）
2026-01-26 11:58:58,053 [INFO] [Similarity] 已收集 80 个样本，停止数据收集（目标: 80）
2026-01-26 11:59:02,466 [INFO] [Similarity] Batch 3 完成，已收集 20 個樣本
2026-01-26 11:59:02,466 [INFO] [Similarity] Batch 3 完成，已收集 20 個樣本
generating images: 100%|██████████| 4/4 [01:21<00:00, 20.42s/it]generating images: 100%|██████████| 4/4 [01:21<00:00, 20.46s/it]
2026-01-26 11:59:02,751 [INFO] [Similarity] FID@128 100 steps score: 0
2026-01-26 11:59:02,751 [INFO] [Similarity] FID@128 100 steps score: 0
2026-01-26 11:59:02,753 [INFO] [Similarity] model.input_blocks.4 cosine: min=0.181299, max=1.000000, diag_mean=1.000000, off_diag_mean=0.863193, off_diag_std=0.156697
2026-01-26 11:59:02,753 [INFO] [Similarity] model.input_blocks.4 cosine: min=0.181299, max=1.000000, diag_mean=1.000000, off_diag_mean=0.863193, off_diag_std=0.156697
2026-01-26 11:59:03,850 [INFO] ✅ Similarity Analysis 完成
2026-01-26 11:59:03,850 [INFO] ✅ Similarity Analysis 完成
2026-01-26 11:59:03,893 [INFO] 執行 'main_float_model' 完成，耗時: 88.15 秒
2026-01-26 11:59:03,893 [INFO] 執行 'main_float_model' 完成，耗時: 88.15 秒
/home/jimmy/anaconda3/envs/diffae_bw/lib/python3.10/site-packages/torchmetrics/utilities/imports.py:21: UserWarning: pkg_resources is deprecated as an API. See https://setuptools.pypa.io/en/latest/pkg_resources.html. The pkg_resources package is slated for removal as early as 2025-11-30. Refrain from using this package or pin to Setuptools<81.
  from pkg_resources import DistributionNotFound, get_distribution
使用自動混合精度: torch.bfloat16
[設定] Log 檔案已設為: QATcode/cache_method/L1_L2_cosine/logs/similarity_model_input_blocks_4.log
2026-03-20 19:04:59,563 [INFO] Using 100 steps
2026-03-20 19:04:59,563 [INFO] Using 100 steps
2026-03-20 19:04:59,563 [INFO] Using 50000 evaluation samples
2026-03-20 19:04:59,563 [INFO] Using 50000 evaluation samples
2026-03-20 19:04:59,563 [INFO] Cache enabled: False, method: Res, threshold: 0.1
2026-03-20 19:04:59,563 [INFO] Cache enabled: False, method: Res, threshold: 0.1
2026-03-20 19:04:59,563 [INFO] Quantitative analysis enabled: False, samples: 10
2026-03-20 19:04:59,563 [INFO] Quantitative analysis enabled: False, samples: 10
2026-03-20 19:04:59,563 [INFO] Log file: QATcode/cache_method/L1_L2_cosine/logs/similarity_model_input_blocks_4.log
2026-03-20 19:04:59,563 [INFO] Log file: QATcode/cache_method/L1_L2_cosine/logs/similarity_model_input_blocks_4.log
2026-03-20 19:04:59,563 [INFO] ==================================================
2026-03-20 19:04:59,563 [INFO] ==================================================
2026-03-20 19:04:59,563 [INFO] Diff-AE EfficientDM Step 7 : 生成圖片
2026-03-20 19:04:59,563 [INFO] Diff-AE EfficientDM Step 7 : 生成圖片
2026-03-20 19:04:59,563 [INFO] ==================================================
2026-03-20 19:04:59,563 [INFO] ==================================================
2026-03-20 19:04:59,563 [INFO] 使用設備: cuda
2026-03-20 19:04:59,563 [INFO] 使用設備: cuda
2026-03-20 19:04:59,563 [INFO] === 新功能狀態 ===
2026-03-20 19:04:59,563 [INFO] === 新功能狀態 ===
2026-03-20 19:04:59,563 [INFO] 載入 Diff-AE 模型: checkpoints/ffhq128_autoenc_latent/last.ckpt
2026-03-20 19:04:59,563 [INFO] 載入 Diff-AE 模型: checkpoints/ffhq128_autoenc_latent/last.ckpt
Global seed set to 0
2026-03-20 19:05:01,381 [INFO] Diff-AE 模型載入完成
2026-03-20 19:05:01,381 [INFO] Diff-AE 模型載入完成
2026-03-20 19:05:01,436 [INFO] 執行 'load_diffae_model' 完成，耗時: 1.87 秒
2026-03-20 19:05:01,436 [INFO] 執行 'load_diffae_model' 完成，耗時: 1.87 秒
2026-03-20 19:05:01,437 [INFO] ✅ Diff-AE 模型載入成功
2026-03-20 19:05:01,437 [INFO] ✅ Diff-AE 模型載入成功
2026-03-20 19:05:01,437 [INFO] base_model.conf.train_mode: TrainMode.latent_diffusion
2026-03-20 19:05:01,437 [INFO] base_model.conf.train_mode: TrainMode.latent_diffusion
2026-03-20 19:05:01,437 [INFO] === 創建 LoRA 量化模型 ===
2026-03-20 19:05:01,437 [INFO] === 創建 LoRA 量化模型 ===
2026-03-20 19:05:01,437 [INFO] === 開始 UNet LoRA 量化改造 ===
2026-03-20 19:05:01,437 [INFO] === 開始 UNet LoRA 量化改造 ===
2026-03-20 19:05:01,437 [INFO] 改造模組: time_embed
2026-03-20 19:05:01,437 [INFO] 改造模組: time_embed
2026-03-20 19:05:01,437 [INFO]   跳過量化特殊模組: 0
2026-03-20 19:05:01,437 [INFO]   跳過量化特殊模組: 0
2026-03-20 19:05:01,437 [INFO]   跳過量化特殊模組: 2
2026-03-20 19:05:01,437 [INFO]   跳過量化特殊模組: 2
2026-03-20 19:05:01,437 [INFO] 改造模組: input_blocks
2026-03-20 19:05:01,437 [INFO] 改造模組: input_blocks
2026-03-20 19:05:01,437 [INFO]   跳過量化特殊模組: 0
2026-03-20 19:05:01,437 [INFO]   跳過量化特殊模組: 0
2026-03-20 19:05:01,438 [INFO]   替換層 2 -> QuantModule_DiffAE_LoRA
2026-03-20 19:05:01,438 [INFO]   替換層 2 -> QuantModule_DiffAE_LoRA
2026-03-20 19:05:01,507 [INFO]   替換層 1 -> QuantModule_DiffAE_LoRA
2026-03-20 19:05:01,507 [INFO]   替換層 1 -> QuantModule_DiffAE_LoRA
2026-03-20 19:05:01,508 [INFO]   替換層 1 -> QuantModule_DiffAE_LoRA
2026-03-20 19:05:01,508 [INFO]   替換層 1 -> QuantModule_DiffAE_LoRA
2026-03-20 19:05:01,509 [INFO]   替換層 3 -> QuantModule_DiffAE_LoRA
2026-03-20 19:05:01,509 [INFO]   替換層 3 -> QuantModule_DiffAE_LoRA
2026-03-20 19:05:01,509 [INFO]   替換層 2 -> QuantModule_DiffAE_LoRA
2026-03-20 19:05:01,509 [INFO]   替換層 2 -> QuantModule_DiffAE_LoRA
2026-03-20 19:05:01,510 [INFO]   替換層 1 -> QuantModule_DiffAE_LoRA
2026-03-20 19:05:01,510 [INFO]   替換層 1 -> QuantModule_DiffAE_LoRA
2026-03-20 19:05:01,511 [INFO]   替換層 1 -> QuantModule_DiffAE_LoRA
2026-03-20 19:05:01,511 [INFO]   替換層 1 -> QuantModule_DiffAE_LoRA
2026-03-20 19:05:01,511 [INFO]   替換層 3 -> QuantModule_DiffAE_LoRA
2026-03-20 19:05:01,511 [INFO]   替換層 3 -> QuantModule_DiffAE_LoRA
2026-03-20 19:05:01,512 [INFO]   替換層 2 -> QuantModule_DiffAE_LoRA
2026-03-20 19:05:01,512 [INFO]   替換層 2 -> QuantModule_DiffAE_LoRA
2026-03-20 19:05:01,512 [INFO]   替換層 1 -> QuantModule_DiffAE_LoRA
2026-03-20 19:05:01,512 [INFO]   替換層 1 -> QuantModule_DiffAE_LoRA
2026-03-20 19:05:01,513 [INFO]   替換層 1 -> QuantModule_DiffAE_LoRA
2026-03-20 19:05:01,513 [INFO]   替換層 1 -> QuantModule_DiffAE_LoRA
2026-03-20 19:05:01,513 [INFO]   替換層 3 -> QuantModule_DiffAE_LoRA
2026-03-20 19:05:01,513 [INFO]   替換層 3 -> QuantModule_DiffAE_LoRA
2026-03-20 19:05:01,514 [INFO]   替換層 2 -> QuantModule_DiffAE_LoRA
2026-03-20 19:05:01,514 [INFO]   替換層 2 -> QuantModule_DiffAE_LoRA
2026-03-20 19:05:01,515 [INFO]   替換層 1 -> QuantModule_DiffAE_LoRA
2026-03-20 19:05:01,515 [INFO]   替換層 1 -> QuantModule_DiffAE_LoRA
2026-03-20 19:05:01,516 [INFO]   替換層 1 -> QuantModule_DiffAE_LoRA
2026-03-20 19:05:01,516 [INFO]   替換層 1 -> QuantModule_DiffAE_LoRA
2026-03-20 19:05:01,516 [INFO]   替換層 3 -> QuantModule_DiffAE_LoRA
2026-03-20 19:05:01,516 [INFO]   替換層 3 -> QuantModule_DiffAE_LoRA
2026-03-20 19:05:01,517 [INFO]   替換層 2 -> QuantModule_DiffAE_LoRA
2026-03-20 19:05:01,517 [INFO]   替換層 2 -> QuantModule_DiffAE_LoRA
2026-03-20 19:05:01,518 [INFO]   替換層 1 -> QuantModule_DiffAE_LoRA
2026-03-20 19:05:01,518 [INFO]   替換層 1 -> QuantModule_DiffAE_LoRA
2026-03-20 19:05:01,518 [INFO]   替換層 1 -> QuantModule_DiffAE_LoRA
2026-03-20 19:05:01,518 [INFO]   替換層 1 -> QuantModule_DiffAE_LoRA
2026-03-20 19:05:01,519 [INFO]   替換層 3 -> QuantModule_DiffAE_LoRA
2026-03-20 19:05:01,519 [INFO]   替換層 3 -> QuantModule_DiffAE_LoRA
2026-03-20 19:05:01,519 [INFO]   替換層 2 -> QuantModule_DiffAE_LoRA
2026-03-20 19:05:01,519 [INFO]   替換層 2 -> QuantModule_DiffAE_LoRA
2026-03-20 19:05:01,520 [INFO]   替換層 1 -> QuantModule_DiffAE_LoRA
2026-03-20 19:05:01,520 [INFO]   替換層 1 -> QuantModule_DiffAE_LoRA
2026-03-20 19:05:01,521 [INFO]   替換層 1 -> QuantModule_DiffAE_LoRA
2026-03-20 19:05:01,521 [INFO]   替換層 1 -> QuantModule_DiffAE_LoRA
2026-03-20 19:05:01,521 [INFO]   替換層 3 -> QuantModule_DiffAE_LoRA
2026-03-20 19:05:01,521 [INFO]   替換層 3 -> QuantModule_DiffAE_LoRA
2026-03-20 19:05:01,522 [INFO]   替換層 2 -> QuantModule_DiffAE_LoRA
2026-03-20 19:05:01,522 [INFO]   替換層 2 -> QuantModule_DiffAE_LoRA
2026-03-20 19:05:01,523 [INFO]   替換層 1 -> QuantModule_DiffAE_LoRA
2026-03-20 19:05:01,523 [INFO]   替換層 1 -> QuantModule_DiffAE_LoRA
2026-03-20 19:05:01,524 [INFO]   替換層 1 -> QuantModule_DiffAE_LoRA
2026-03-20 19:05:01,524 [INFO]   替換層 1 -> QuantModule_DiffAE_LoRA
2026-03-20 19:05:01,524 [INFO]   替換層 3 -> QuantModule_DiffAE_LoRA
2026-03-20 19:05:01,524 [INFO]   替換層 3 -> QuantModule_DiffAE_LoRA
2026-03-20 19:05:01,527 [INFO]   跳過量化 skip connection: skip_connection
2026-03-20 19:05:01,527 [INFO]   跳過量化 skip connection: skip_connection
2026-03-20 19:05:01,527 [INFO]   替換層 2 -> QuantModule_DiffAE_LoRA
2026-03-20 19:05:01,527 [INFO]   替換層 2 -> QuantModule_DiffAE_LoRA
2026-03-20 19:05:01,529 [INFO]   替換層 1 -> QuantModule_DiffAE_LoRA
2026-03-20 19:05:01,529 [INFO]   替換層 1 -> QuantModule_DiffAE_LoRA
2026-03-20 19:05:01,530 [INFO]   替換層 1 -> QuantModule_DiffAE_LoRA
2026-03-20 19:05:01,530 [INFO]   替換層 1 -> QuantModule_DiffAE_LoRA
2026-03-20 19:05:01,531 [INFO]   替換層 3 -> QuantModule_DiffAE_LoRA
2026-03-20 19:05:01,531 [INFO]   替換層 3 -> QuantModule_DiffAE_LoRA
2026-03-20 19:05:01,533 [INFO]   替換層 2 -> QuantModule_DiffAE_LoRA
2026-03-20 19:05:01,533 [INFO]   替換層 2 -> QuantModule_DiffAE_LoRA
2026-03-20 19:05:01,535 [INFO]   替換層 1 -> QuantModule_DiffAE_LoRA
2026-03-20 19:05:01,535 [INFO]   替換層 1 -> QuantModule_DiffAE_LoRA
2026-03-20 19:05:01,536 [INFO]   替換層 1 -> QuantModule_DiffAE_LoRA
2026-03-20 19:05:01,536 [INFO]   替換層 1 -> QuantModule_DiffAE_LoRA
2026-03-20 19:05:01,537 [INFO]   替換層 3 -> QuantModule_DiffAE_LoRA
2026-03-20 19:05:01,537 [INFO]   替換層 3 -> QuantModule_DiffAE_LoRA
2026-03-20 19:05:01,539 [INFO]   替換層 2 -> QuantModule_DiffAE_LoRA
2026-03-20 19:05:01,539 [INFO]   替換層 2 -> QuantModule_DiffAE_LoRA
2026-03-20 19:05:01,543 [INFO]   替換層 1 -> QuantModule_DiffAE_LoRA
2026-03-20 19:05:01,543 [INFO]   替換層 1 -> QuantModule_DiffAE_LoRA
2026-03-20 19:05:01,544 [INFO]   替換層 1 -> QuantModule_DiffAE_LoRA
2026-03-20 19:05:01,544 [INFO]   替換層 1 -> QuantModule_DiffAE_LoRA
2026-03-20 19:05:01,545 [INFO]   替換層 3 -> QuantModule_DiffAE_LoRA
2026-03-20 19:05:01,545 [INFO]   替換層 3 -> QuantModule_DiffAE_LoRA
2026-03-20 19:05:01,550 [INFO]   跳過量化 skip connection: skip_connection
2026-03-20 19:05:01,550 [INFO]   跳過量化 skip connection: skip_connection
2026-03-20 19:05:01,550 [INFO]   替換層 2 -> QuantModule_DiffAE_LoRA
2026-03-20 19:05:01,550 [INFO]   替換層 2 -> QuantModule_DiffAE_LoRA
2026-03-20 19:05:01,555 [INFO]   替換層 1 -> QuantModule_DiffAE_LoRA
2026-03-20 19:05:01,555 [INFO]   替換層 1 -> QuantModule_DiffAE_LoRA
2026-03-20 19:05:01,556 [INFO]   替換層 1 -> QuantModule_DiffAE_LoRA
2026-03-20 19:05:01,556 [INFO]   替換層 1 -> QuantModule_DiffAE_LoRA
2026-03-20 19:05:01,557 [INFO]   替換層 3 -> QuantModule_DiffAE_LoRA
2026-03-20 19:05:01,557 [INFO]   替換層 3 -> QuantModule_DiffAE_LoRA
2026-03-20 19:05:01,562 [INFO]   替換層 2 -> QuantModule_DiffAE_LoRA
2026-03-20 19:05:01,562 [INFO]   替換層 2 -> QuantModule_DiffAE_LoRA
2026-03-20 19:05:01,566 [INFO]   替換層 1 -> QuantModule_DiffAE_LoRA
2026-03-20 19:05:01,566 [INFO]   替換層 1 -> QuantModule_DiffAE_LoRA
2026-03-20 19:05:01,568 [INFO]   替換層 1 -> QuantModule_DiffAE_LoRA
2026-03-20 19:05:01,568 [INFO]   替換層 1 -> QuantModule_DiffAE_LoRA
2026-03-20 19:05:01,568 [INFO]   替換層 3 -> QuantModule_DiffAE_LoRA
2026-03-20 19:05:01,568 [INFO]   替換層 3 -> QuantModule_DiffAE_LoRA
2026-03-20 19:05:01,573 [INFO]   替換層 2 -> QuantModule_DiffAE_LoRA
2026-03-20 19:05:01,573 [INFO]   替換層 2 -> QuantModule_DiffAE_LoRA
2026-03-20 19:05:01,580 [INFO]   替換層 1 -> QuantModule_DiffAE_LoRA
2026-03-20 19:05:01,580 [INFO]   替換層 1 -> QuantModule_DiffAE_LoRA
2026-03-20 19:05:01,582 [INFO]   替換層 1 -> QuantModule_DiffAE_LoRA
2026-03-20 19:05:01,582 [INFO]   替換層 1 -> QuantModule_DiffAE_LoRA
2026-03-20 19:05:01,583 [INFO]   替換層 3 -> QuantModule_DiffAE_LoRA
2026-03-20 19:05:01,583 [INFO]   替換層 3 -> QuantModule_DiffAE_LoRA
2026-03-20 19:05:01,590 [INFO]   跳過量化 skip connection: skip_connection
2026-03-20 19:05:01,590 [INFO]   跳過量化 skip connection: skip_connection
2026-03-20 19:05:01,590 [INFO]   替換層 2 -> QuantModule_DiffAE_LoRA
2026-03-20 19:05:01,590 [INFO]   替換層 2 -> QuantModule_DiffAE_LoRA
2026-03-20 19:05:01,596 [INFO]   替換層 1 -> QuantModule_DiffAE_LoRA
2026-03-20 19:05:01,596 [INFO]   替換層 1 -> QuantModule_DiffAE_LoRA
2026-03-20 19:05:01,598 [INFO]   替換層 1 -> QuantModule_DiffAE_LoRA
2026-03-20 19:05:01,598 [INFO]   替換層 1 -> QuantModule_DiffAE_LoRA
2026-03-20 19:05:01,599 [INFO]   替換層 3 -> QuantModule_DiffAE_LoRA
2026-03-20 19:05:01,599 [INFO]   替換層 3 -> QuantModule_DiffAE_LoRA
2026-03-20 19:05:01,608 [INFO] 改造模組: middle_block
2026-03-20 19:05:01,608 [INFO] 改造模組: middle_block
2026-03-20 19:05:01,608 [INFO]   替換層 2 -> QuantModule_DiffAE_LoRA
2026-03-20 19:05:01,608 [INFO]   替換層 2 -> QuantModule_DiffAE_LoRA
2026-03-20 19:05:01,615 [INFO]   替換層 1 -> QuantModule_DiffAE_LoRA
2026-03-20 19:05:01,615 [INFO]   替換層 1 -> QuantModule_DiffAE_LoRA
2026-03-20 19:05:01,617 [INFO]   替換層 1 -> QuantModule_DiffAE_LoRA
2026-03-20 19:05:01,617 [INFO]   替換層 1 -> QuantModule_DiffAE_LoRA
2026-03-20 19:05:01,618 [INFO]   替換層 3 -> QuantModule_DiffAE_LoRA
2026-03-20 19:05:01,618 [INFO]   替換層 3 -> QuantModule_DiffAE_LoRA
2026-03-20 19:05:01,625 [INFO]   替換層 2 -> QuantModule_DiffAE_LoRA
2026-03-20 19:05:01,625 [INFO]   替換層 2 -> QuantModule_DiffAE_LoRA
2026-03-20 19:05:01,633 [INFO]   替換層 1 -> QuantModule_DiffAE_LoRA
2026-03-20 19:05:01,633 [INFO]   替換層 1 -> QuantModule_DiffAE_LoRA
2026-03-20 19:05:01,635 [INFO]   替換層 1 -> QuantModule_DiffAE_LoRA
2026-03-20 19:05:01,635 [INFO]   替換層 1 -> QuantModule_DiffAE_LoRA
2026-03-20 19:05:01,636 [INFO]   替換層 3 -> QuantModule_DiffAE_LoRA
2026-03-20 19:05:01,636 [INFO]   替換層 3 -> QuantModule_DiffAE_LoRA
2026-03-20 19:05:01,645 [INFO] 改造模組: output_blocks
2026-03-20 19:05:01,645 [INFO] 改造模組: output_blocks
2026-03-20 19:05:01,645 [INFO]   替換層 2 -> QuantModule_DiffAE_LoRA
2026-03-20 19:05:01,645 [INFO]   替換層 2 -> QuantModule_DiffAE_LoRA
2026-03-20 19:05:01,662 [INFO]   替換層 1 -> QuantModule_DiffAE_LoRA
2026-03-20 19:05:01,662 [INFO]   替換層 1 -> QuantModule_DiffAE_LoRA
2026-03-20 19:05:01,664 [INFO]   替換層 1 -> QuantModule_DiffAE_LoRA
2026-03-20 19:05:01,664 [INFO]   替換層 1 -> QuantModule_DiffAE_LoRA
2026-03-20 19:05:01,665 [INFO]   替換層 3 -> QuantModule_DiffAE_LoRA
2026-03-20 19:05:01,665 [INFO]   替換層 3 -> QuantModule_DiffAE_LoRA
2026-03-20 19:05:01,673 [INFO]   跳過量化 skip connection: skip_connection
2026-03-20 19:05:01,673 [INFO]   跳過量化 skip connection: skip_connection
2026-03-20 19:05:01,673 [INFO]   替換層 2 -> QuantModule_DiffAE_LoRA
2026-03-20 19:05:01,673 [INFO]   替換層 2 -> QuantModule_DiffAE_LoRA
2026-03-20 19:05:01,690 [INFO]   替換層 1 -> QuantModule_DiffAE_LoRA
2026-03-20 19:05:01,690 [INFO]   替換層 1 -> QuantModule_DiffAE_LoRA
2026-03-20 19:05:01,692 [INFO]   替換層 1 -> QuantModule_DiffAE_LoRA
2026-03-20 19:05:01,692 [INFO]   替換層 1 -> QuantModule_DiffAE_LoRA
2026-03-20 19:05:01,693 [INFO]   替換層 3 -> QuantModule_DiffAE_LoRA
2026-03-20 19:05:01,693 [INFO]   替換層 3 -> QuantModule_DiffAE_LoRA
2026-03-20 19:05:01,700 [INFO]   跳過量化 skip connection: skip_connection
2026-03-20 19:05:01,700 [INFO]   跳過量化 skip connection: skip_connection
2026-03-20 19:05:01,700 [INFO]   替換層 2 -> QuantModule_DiffAE_LoRA
2026-03-20 19:05:01,700 [INFO]   替換層 2 -> QuantModule_DiffAE_LoRA
2026-03-20 19:05:01,712 [INFO]   替換層 1 -> QuantModule_DiffAE_LoRA
2026-03-20 19:05:01,712 [INFO]   替換層 1 -> QuantModule_DiffAE_LoRA
2026-03-20 19:05:01,714 [INFO]   替換層 1 -> QuantModule_DiffAE_LoRA
2026-03-20 19:05:01,714 [INFO]   替換層 1 -> QuantModule_DiffAE_LoRA
2026-03-20 19:05:01,715 [INFO]   替換層 3 -> QuantModule_DiffAE_LoRA
2026-03-20 19:05:01,715 [INFO]   替換層 3 -> QuantModule_DiffAE_LoRA
2026-03-20 19:05:01,722 [INFO]   跳過量化 skip connection: skip_connection
2026-03-20 19:05:01,722 [INFO]   跳過量化 skip connection: skip_connection
2026-03-20 19:05:01,722 [INFO]   替換層 2 -> QuantModule_DiffAE_LoRA
2026-03-20 19:05:01,722 [INFO]   替換層 2 -> QuantModule_DiffAE_LoRA
2026-03-20 19:05:01,729 [INFO]   替換層 1 -> QuantModule_DiffAE_LoRA
2026-03-20 19:05:01,729 [INFO]   替換層 1 -> QuantModule_DiffAE_LoRA
2026-03-20 19:05:01,731 [INFO]   替換層 1 -> QuantModule_DiffAE_LoRA
2026-03-20 19:05:01,731 [INFO]   替換層 1 -> QuantModule_DiffAE_LoRA
2026-03-20 19:05:01,732 [INFO]   替換層 3 -> QuantModule_DiffAE_LoRA
2026-03-20 19:05:01,732 [INFO]   替換層 3 -> QuantModule_DiffAE_LoRA
2026-03-20 19:05:01,739 [INFO]   替換層 2 -> QuantModule_DiffAE_LoRA
2026-03-20 19:05:01,739 [INFO]   替換層 2 -> QuantModule_DiffAE_LoRA
2026-03-20 19:05:01,748 [INFO]   替換層 1 -> QuantModule_DiffAE_LoRA
2026-03-20 19:05:01,748 [INFO]   替換層 1 -> QuantModule_DiffAE_LoRA
2026-03-20 19:05:01,750 [INFO]   替換層 1 -> QuantModule_DiffAE_LoRA
2026-03-20 19:05:01,750 [INFO]   替換層 1 -> QuantModule_DiffAE_LoRA
2026-03-20 19:05:01,751 [INFO]   替換層 3 -> QuantModule_DiffAE_LoRA
2026-03-20 19:05:01,751 [INFO]   替換層 3 -> QuantModule_DiffAE_LoRA
2026-03-20 19:05:01,755 [INFO]   跳過量化 skip connection: skip_connection
2026-03-20 19:05:01,755 [INFO]   跳過量化 skip connection: skip_connection
2026-03-20 19:05:01,755 [INFO]   替換層 2 -> QuantModule_DiffAE_LoRA
2026-03-20 19:05:01,755 [INFO]   替換層 2 -> QuantModule_DiffAE_LoRA
2026-03-20 19:05:01,764 [INFO]   替換層 1 -> QuantModule_DiffAE_LoRA
2026-03-20 19:05:01,764 [INFO]   替換層 1 -> QuantModule_DiffAE_LoRA
2026-03-20 19:05:01,766 [INFO]   替換層 1 -> QuantModule_DiffAE_LoRA
2026-03-20 19:05:01,766 [INFO]   替換層 1 -> QuantModule_DiffAE_LoRA
2026-03-20 19:05:01,767 [INFO]   替換層 3 -> QuantModule_DiffAE_LoRA
2026-03-20 19:05:01,767 [INFO]   替換層 3 -> QuantModule_DiffAE_LoRA
2026-03-20 19:05:01,771 [INFO]   跳過量化 skip connection: skip_connection
2026-03-20 19:05:01,771 [INFO]   跳過量化 skip connection: skip_connection
2026-03-20 19:05:01,771 [INFO]   替換層 2 -> QuantModule_DiffAE_LoRA
2026-03-20 19:05:01,771 [INFO]   替換層 2 -> QuantModule_DiffAE_LoRA
2026-03-20 19:05:01,778 [INFO]   替換層 1 -> QuantModule_DiffAE_LoRA
2026-03-20 19:05:01,778 [INFO]   替換層 1 -> QuantModule_DiffAE_LoRA
2026-03-20 19:05:01,779 [INFO]   替換層 1 -> QuantModule_DiffAE_LoRA
2026-03-20 19:05:01,779 [INFO]   替換層 1 -> QuantModule_DiffAE_LoRA
2026-03-20 19:05:01,780 [INFO]   替換層 3 -> QuantModule_DiffAE_LoRA
2026-03-20 19:05:01,780 [INFO]   替換層 3 -> QuantModule_DiffAE_LoRA
2026-03-20 19:05:01,784 [INFO]   跳過量化 skip connection: skip_connection
2026-03-20 19:05:01,784 [INFO]   跳過量化 skip connection: skip_connection
2026-03-20 19:05:01,784 [INFO]   替換層 2 -> QuantModule_DiffAE_LoRA
2026-03-20 19:05:01,784 [INFO]   替換層 2 -> QuantModule_DiffAE_LoRA
2026-03-20 19:05:01,788 [INFO]   替換層 1 -> QuantModule_DiffAE_LoRA
2026-03-20 19:05:01,788 [INFO]   替換層 1 -> QuantModule_DiffAE_LoRA
2026-03-20 19:05:01,790 [INFO]   替換層 1 -> QuantModule_DiffAE_LoRA
2026-03-20 19:05:01,790 [INFO]   替換層 1 -> QuantModule_DiffAE_LoRA
2026-03-20 19:05:01,791 [INFO]   替換層 3 -> QuantModule_DiffAE_LoRA
2026-03-20 19:05:01,791 [INFO]   替換層 3 -> QuantModule_DiffAE_LoRA
2026-03-20 19:05:01,796 [INFO]   替換層 2 -> QuantModule_DiffAE_LoRA
2026-03-20 19:05:01,796 [INFO]   替換層 2 -> QuantModule_DiffAE_LoRA
2026-03-20 19:05:01,802 [INFO]   替換層 1 -> QuantModule_DiffAE_LoRA
2026-03-20 19:05:01,802 [INFO]   替換層 1 -> QuantModule_DiffAE_LoRA
2026-03-20 19:05:01,803 [INFO]   替換層 1 -> QuantModule_DiffAE_LoRA
2026-03-20 19:05:01,803 [INFO]   替換層 1 -> QuantModule_DiffAE_LoRA
2026-03-20 19:05:01,803 [INFO]   替換層 3 -> QuantModule_DiffAE_LoRA
2026-03-20 19:05:01,803 [INFO]   替換層 3 -> QuantModule_DiffAE_LoRA
2026-03-20 19:05:01,805 [INFO]   跳過量化 skip connection: skip_connection
2026-03-20 19:05:01,805 [INFO]   跳過量化 skip connection: skip_connection
2026-03-20 19:05:01,805 [INFO]   替換層 2 -> QuantModule_DiffAE_LoRA
2026-03-20 19:05:01,805 [INFO]   替換層 2 -> QuantModule_DiffAE_LoRA
2026-03-20 19:05:01,810 [INFO]   替換層 1 -> QuantModule_DiffAE_LoRA
2026-03-20 19:05:01,810 [INFO]   替換層 1 -> QuantModule_DiffAE_LoRA
2026-03-20 19:05:01,811 [INFO]   替換層 1 -> QuantModule_DiffAE_LoRA
2026-03-20 19:05:01,811 [INFO]   替換層 1 -> QuantModule_DiffAE_LoRA
2026-03-20 19:05:01,812 [INFO]   替換層 3 -> QuantModule_DiffAE_LoRA
2026-03-20 19:05:01,812 [INFO]   替換層 3 -> QuantModule_DiffAE_LoRA
2026-03-20 19:05:01,814 [INFO]   跳過量化 skip connection: skip_connection
2026-03-20 19:05:01,814 [INFO]   跳過量化 skip connection: skip_connection
2026-03-20 19:05:01,814 [INFO]   替換層 2 -> QuantModule_DiffAE_LoRA
2026-03-20 19:05:01,814 [INFO]   替換層 2 -> QuantModule_DiffAE_LoRA
2026-03-20 19:05:01,817 [INFO]   替換層 1 -> QuantModule_DiffAE_LoRA
2026-03-20 19:05:01,817 [INFO]   替換層 1 -> QuantModule_DiffAE_LoRA
2026-03-20 19:05:01,818 [INFO]   替換層 1 -> QuantModule_DiffAE_LoRA
2026-03-20 19:05:01,818 [INFO]   替換層 1 -> QuantModule_DiffAE_LoRA
2026-03-20 19:05:01,819 [INFO]   替換層 3 -> QuantModule_DiffAE_LoRA
2026-03-20 19:05:01,819 [INFO]   替換層 3 -> QuantModule_DiffAE_LoRA
2026-03-20 19:05:01,821 [INFO]   跳過量化 skip connection: skip_connection
2026-03-20 19:05:01,821 [INFO]   跳過量化 skip connection: skip_connection
2026-03-20 19:05:01,821 [INFO]   替換層 2 -> QuantModule_DiffAE_LoRA
2026-03-20 19:05:01,821 [INFO]   替換層 2 -> QuantModule_DiffAE_LoRA
2026-03-20 19:05:01,823 [INFO]   替換層 1 -> QuantModule_DiffAE_LoRA
2026-03-20 19:05:01,823 [INFO]   替換層 1 -> QuantModule_DiffAE_LoRA
2026-03-20 19:05:01,824 [INFO]   替換層 1 -> QuantModule_DiffAE_LoRA
2026-03-20 19:05:01,824 [INFO]   替換層 1 -> QuantModule_DiffAE_LoRA
2026-03-20 19:05:01,826 [INFO]   替換層 3 -> QuantModule_DiffAE_LoRA
2026-03-20 19:05:01,826 [INFO]   替換層 3 -> QuantModule_DiffAE_LoRA
2026-03-20 19:05:01,828 [INFO]   替換層 2 -> QuantModule_DiffAE_LoRA
2026-03-20 19:05:01,828 [INFO]   替換層 2 -> QuantModule_DiffAE_LoRA
2026-03-20 19:05:01,830 [INFO]   替換層 1 -> QuantModule_DiffAE_LoRA
2026-03-20 19:05:01,830 [INFO]   替換層 1 -> QuantModule_DiffAE_LoRA
2026-03-20 19:05:01,831 [INFO]   替換層 1 -> QuantModule_DiffAE_LoRA
2026-03-20 19:05:01,831 [INFO]   替換層 1 -> QuantModule_DiffAE_LoRA
2026-03-20 19:05:01,831 [INFO]   替換層 3 -> QuantModule_DiffAE_LoRA
2026-03-20 19:05:01,831 [INFO]   替換層 3 -> QuantModule_DiffAE_LoRA
2026-03-20 19:05:01,832 [INFO]   跳過量化 skip connection: skip_connection
2026-03-20 19:05:01,832 [INFO]   跳過量化 skip connection: skip_connection
2026-03-20 19:05:01,832 [INFO]   替換層 2 -> QuantModule_DiffAE_LoRA
2026-03-20 19:05:01,832 [INFO]   替換層 2 -> QuantModule_DiffAE_LoRA
2026-03-20 19:05:01,833 [INFO]   替換層 1 -> QuantModule_DiffAE_LoRA
2026-03-20 19:05:01,833 [INFO]   替換層 1 -> QuantModule_DiffAE_LoRA
2026-03-20 19:05:01,834 [INFO]   替換層 1 -> QuantModule_DiffAE_LoRA
2026-03-20 19:05:01,834 [INFO]   替換層 1 -> QuantModule_DiffAE_LoRA
2026-03-20 19:05:01,834 [INFO]   替換層 3 -> QuantModule_DiffAE_LoRA
2026-03-20 19:05:01,834 [INFO]   替換層 3 -> QuantModule_DiffAE_LoRA
2026-03-20 19:05:01,835 [INFO]   跳過量化 skip connection: skip_connection
2026-03-20 19:05:01,835 [INFO]   跳過量化 skip connection: skip_connection
2026-03-20 19:05:01,835 [INFO]   替換層 2 -> QuantModule_DiffAE_LoRA
2026-03-20 19:05:01,835 [INFO]   替換層 2 -> QuantModule_DiffAE_LoRA
2026-03-20 19:05:01,836 [INFO]   替換層 1 -> QuantModule_DiffAE_LoRA
2026-03-20 19:05:01,836 [INFO]   替換層 1 -> QuantModule_DiffAE_LoRA
2026-03-20 19:05:01,836 [INFO]   替換層 1 -> QuantModule_DiffAE_LoRA
2026-03-20 19:05:01,836 [INFO]   替換層 1 -> QuantModule_DiffAE_LoRA
2026-03-20 19:05:01,837 [INFO]   替換層 3 -> QuantModule_DiffAE_LoRA
2026-03-20 19:05:01,837 [INFO]   替換層 3 -> QuantModule_DiffAE_LoRA
2026-03-20 19:05:01,838 [INFO]   跳過量化 skip connection: skip_connection
2026-03-20 19:05:01,838 [INFO]   跳過量化 skip connection: skip_connection
2026-03-20 19:05:01,838 [INFO]   替換層 2 -> QuantModule_DiffAE_LoRA
2026-03-20 19:05:01,838 [INFO]   替換層 2 -> QuantModule_DiffAE_LoRA
2026-03-20 19:05:01,838 [INFO]   替換層 1 -> QuantModule_DiffAE_LoRA
2026-03-20 19:05:01,838 [INFO]   替換層 1 -> QuantModule_DiffAE_LoRA
2026-03-20 19:05:01,839 [INFO]   替換層 1 -> QuantModule_DiffAE_LoRA
2026-03-20 19:05:01,839 [INFO]   替換層 1 -> QuantModule_DiffAE_LoRA
2026-03-20 19:05:01,840 [INFO]   替換層 3 -> QuantModule_DiffAE_LoRA
2026-03-20 19:05:01,840 [INFO]   替換層 3 -> QuantModule_DiffAE_LoRA
2026-03-20 19:05:01,840 [INFO]   替換層 2 -> QuantModule_DiffAE_LoRA
2026-03-20 19:05:01,840 [INFO]   替換層 2 -> QuantModule_DiffAE_LoRA
2026-03-20 19:05:01,842 [INFO]   替換層 1 -> QuantModule_DiffAE_LoRA
2026-03-20 19:05:01,842 [INFO]   替換層 1 -> QuantModule_DiffAE_LoRA
2026-03-20 19:05:01,842 [INFO]   替換層 1 -> QuantModule_DiffAE_LoRA
2026-03-20 19:05:01,842 [INFO]   替換層 1 -> QuantModule_DiffAE_LoRA
2026-03-20 19:05:01,843 [INFO]   替換層 3 -> QuantModule_DiffAE_LoRA
2026-03-20 19:05:01,843 [INFO]   替換層 3 -> QuantModule_DiffAE_LoRA
2026-03-20 19:05:01,844 [INFO]   跳過量化 skip connection: skip_connection
2026-03-20 19:05:01,844 [INFO]   跳過量化 skip connection: skip_connection
2026-03-20 19:05:01,844 [INFO]   替換層 2 -> QuantModule_DiffAE_LoRA
2026-03-20 19:05:01,844 [INFO]   替換層 2 -> QuantModule_DiffAE_LoRA
2026-03-20 19:05:01,845 [INFO]   替換層 1 -> QuantModule_DiffAE_LoRA
2026-03-20 19:05:01,845 [INFO]   替換層 1 -> QuantModule_DiffAE_LoRA
2026-03-20 19:05:01,846 [INFO]   替換層 1 -> QuantModule_DiffAE_LoRA
2026-03-20 19:05:01,846 [INFO]   替換層 1 -> QuantModule_DiffAE_LoRA
2026-03-20 19:05:01,847 [INFO]   替換層 3 -> QuantModule_DiffAE_LoRA
2026-03-20 19:05:01,847 [INFO]   替換層 3 -> QuantModule_DiffAE_LoRA
2026-03-20 19:05:01,847 [INFO]   跳過量化 skip connection: skip_connection
2026-03-20 19:05:01,847 [INFO]   跳過量化 skip connection: skip_connection
2026-03-20 19:05:01,847 [INFO]   替換層 2 -> QuantModule_DiffAE_LoRA
2026-03-20 19:05:01,847 [INFO]   替換層 2 -> QuantModule_DiffAE_LoRA
2026-03-20 19:05:01,849 [INFO]   替換層 1 -> QuantModule_DiffAE_LoRA
2026-03-20 19:05:01,849 [INFO]   替換層 1 -> QuantModule_DiffAE_LoRA
2026-03-20 19:05:01,849 [INFO]   替換層 1 -> QuantModule_DiffAE_LoRA
2026-03-20 19:05:01,849 [INFO]   替換層 1 -> QuantModule_DiffAE_LoRA
2026-03-20 19:05:01,850 [INFO]   替換層 3 -> QuantModule_DiffAE_LoRA
2026-03-20 19:05:01,850 [INFO]   替換層 3 -> QuantModule_DiffAE_LoRA
2026-03-20 19:05:01,851 [INFO]   跳過量化 skip connection: skip_connection
2026-03-20 19:05:01,851 [INFO]   跳過量化 skip connection: skip_connection
2026-03-20 19:05:01,851 [INFO] 改造模組: out
2026-03-20 19:05:01,851 [INFO] 改造模組: out
2026-03-20 19:05:01,851 [INFO]   跳過量化特殊模組: 2
2026-03-20 19:05:01,851 [INFO]   跳過量化特殊模組: 2
2026-03-20 19:05:01,854 [INFO] 執行 'create_float_quantized_model' 完成，耗時: 0.42 秒
2026-03-20 19:05:01,854 [INFO] 執行 'create_float_quantized_model' 完成，耗時: 0.42 秒
2026-03-20 19:05:01,942 [INFO] 載入校準資料...
2026-03-20 19:05:01,942 [INFO] 載入校準資料...
2026-03-20 19:05:02,166 [INFO] ✅ 載入真實校準資料成功
2026-03-20 19:05:02,166 [INFO] ✅ 載入真實校準資料成功
2026-03-20 19:05:02,169 [INFO] ==================================================
2026-03-20 19:05:02,169 [INFO] ==================================================
2026-03-20 19:05:02,169 [INFO] 5. Setting first and last layers to 8-bit...
2026-03-20 19:05:02,169 [INFO] 5. Setting first and last layers to 8-bit...
2026-03-20 19:05:02,170 [INFO] 找到 144 個量化模組
2026-03-20 19:05:02,170 [INFO] 找到 144 個量化模組
2026-03-20 19:05:02,171 [INFO] ✅ 首尾層 8-bit 設定完成
2026-03-20 19:05:02,171 [INFO] ✅ 首尾層 8-bit 設定完成
2026-03-20 19:05:02,171 [INFO] ✅ 量化模型創建成功
2026-03-20 19:05:02,171 [INFO] ✅ 量化模型創建成功
2026-03-20 19:05:02,171 [INFO] set quant state to True, True for layer 1
2026-03-20 19:05:02,171 [INFO] set quant state to True, True for layer 1
2026-03-20 19:05:02,171 [INFO] set quant state to True, True for layer 2
2026-03-20 19:05:02,171 [INFO] set quant state to True, True for layer 2
2026-03-20 19:05:02,171 [INFO] set quant state to True, False for layer 3
2026-03-20 19:05:02,171 [INFO] set quant state to True, False for layer 3
2026-03-20 19:05:02,172 [INFO] set quant state to True, True for layer 144
2026-03-20 19:05:02,172 [INFO] set quant state to True, True for layer 144
2026-03-20 19:05:03,115 [INFO] EMA(load from ema_model.model.*): provided=1822 effective_loaded=1822 missing=280 unexpected=0
2026-03-20 19:05:03,115 [INFO] EMA(load from ema_model.model.*): provided=1822 effective_loaded=1822 missing=280 unexpected=0
2026-03-20 19:05:03,116 [WARNING] EMA missing keys (前10): ['model.input_blocks.1.0.in_layers.2.intn_dequantizer.delta', 'model.input_blocks.1.0.in_layers.2.intn_dequantizer.zero_point', 'model.input_blocks.1.0.emb_layers.1.intn_dequantizer.delta', 'model.input_blocks.1.0.emb_layers.1.intn_dequantizer.zero_point', 'model.input_blocks.1.0.cond_emb_layers.1.intn_dequantizer.delta', 'model.input_blocks.1.0.cond_emb_layers.1.intn_dequantizer.zero_point', 'model.input_blocks.1.0.out_layers.3.intn_dequantizer.delta', 'model.input_blocks.1.0.out_layers.3.intn_dequantizer.zero_point', 'model.input_blocks.2.0.in_layers.2.intn_dequantizer.delta', 'model.input_blocks.2.0.in_layers.2.intn_dequantizer.zero_point']
2026-03-20 19:05:03,116 [WARNING] EMA missing keys (前10): ['model.input_blocks.1.0.in_layers.2.intn_dequantizer.delta', 'model.input_blocks.1.0.in_layers.2.intn_dequantizer.zero_point', 'model.input_blocks.1.0.emb_layers.1.intn_dequantizer.delta', 'model.input_blocks.1.0.emb_layers.1.intn_dequantizer.zero_point', 'model.input_blocks.1.0.cond_emb_layers.1.intn_dequantizer.delta', 'model.input_blocks.1.0.cond_emb_layers.1.intn_dequantizer.zero_point', 'model.input_blocks.1.0.out_layers.3.intn_dequantizer.delta', 'model.input_blocks.1.0.out_layers.3.intn_dequantizer.zero_point', 'model.input_blocks.2.0.in_layers.2.intn_dequantizer.delta', 'model.input_blocks.2.0.in_layers.2.intn_dequantizer.zero_point']
2026-03-20 19:05:03,171 [INFO] MODEL(load from model.model.*): provided=1822 effective_loaded=1822 missing=280 unexpected=0
2026-03-20 19:05:03,171 [INFO] MODEL(load from model.model.*): provided=1822 effective_loaded=1822 missing=280 unexpected=0
2026-03-20 19:05:03,171 [INFO] ✅ 量化模型載入成功
2026-03-20 19:05:03,171 [INFO] ✅ 量化模型載入成功
2026-03-20 19:05:03,171 [INFO] === 初始化新功能模組 ===
2026-03-20 19:05:03,171 [INFO] === 初始化新功能模組 ===
2026-03-20 19:05:03,201 [INFO] ✅ 基礎模型設定完成
2026-03-20 19:05:03,201 [INFO] ✅ 基礎模型設定完成
2026-03-20 19:05:03,234 [INFO] ==================================================
2026-03-20 19:05:03,234 [INFO] ==================================================
2026-03-20 19:05:03,234 [INFO] 啟用 Similarity Analysis (L1/L2/Cosine)
2026-03-20 19:05:03,234 [INFO] 啟用 Similarity Analysis (L1/L2/Cosine)
2026-03-20 19:05:03,234 [INFO] FID 評估樣本數: 128
2026-03-20 19:05:03,234 [INFO] FID 評估樣本數: 128
2026-03-20 19:05:03,234 [INFO] 實際收集樣本數: 20 (用於加速)
2026-03-20 19:05:03,234 [INFO] 實際收集樣本數: 20 (用於加速)
2026-03-20 19:05:03,234 [INFO] 擴散步數: 100
2026-03-20 19:05:03,234 [INFO] 擴散步數: 100
2026-03-20 19:05:03,234 [INFO] ==================================================
2026-03-20 19:05:03,234 [INFO] ==================================================
2026-03-20 19:05:03,235 [INFO] [Similarity] 註冊 block hook: model.input_blocks.4
2026-03-20 19:05:03,235 [INFO] [Similarity] 註冊 block hook: model.input_blocks.4
2026-03-20 19:05:03,236 [INFO] [Similarity] 註冊 model step hook 完成
2026-03-20 19:05:03,236 [INFO] [Similarity] 註冊 model step hook 完成
Model params: 174.19 M
loading pretrain ... 130M
step: 1019986
loading latent stats ...
local seed: 0
train data: 70001
val data: 70001
on train dataloader start ...
mean: tensor(-0.0606, device='cuda:0') std: tensor(0.0755, device='cuda:0')
generating images:   0%|          | 0/4 [00:00<?, ?it/s]/home/jimmy/diffae/./diffusion/base.py:329: FutureWarning: `torch.cuda.amp.autocast(args...)` is deprecated. Please use `torch.amp.autocast('cuda', args...)` instead.
  with autocast(self.conf.fp16):
2026-03-20 19:05:23,434 [INFO] [Similarity] Batch 0 完成，已收集 20 個樣本
2026-03-20 19:05:23,434 [INFO] [Similarity] Batch 0 完成，已收集 20 個樣本
generating images:  25%|██▌       | 1/4 [00:20<01:01, 20.35s/it]2026-03-20 19:05:43,620 [INFO] [Similarity] Batch 1 完成，已收集 20 個樣本
2026-03-20 19:05:43,620 [INFO] [Similarity] Batch 1 完成，已收集 20 個樣本
generating images:  50%|█████     | 2/4 [00:40<00:40, 20.25s/it]2026-03-20 19:06:03,811 [INFO] [Similarity] Batch 2 完成，已收集 20 個樣本
2026-03-20 19:06:03,811 [INFO] [Similarity] Batch 2 完成，已收集 20 個樣本
generating images:  75%|███████▌  | 3/4 [01:00<00:20, 20.22s/it]2026-03-20 19:06:19,635 [INFO] [Similarity] 已收集 80 个样本，停止数据收集（目标: 80）
2026-03-20 19:06:19,635 [INFO] [Similarity] 已收集 80 个样本，停止数据收集（目标: 80）
2026-03-20 19:06:24,024 [INFO] [Similarity] Batch 3 完成，已收集 20 個樣本
2026-03-20 19:06:24,024 [INFO] [Similarity] Batch 3 完成，已收集 20 個樣本
generating images: 100%|██████████| 4/4 [01:20<00:00, 20.22s/it]generating images: 100%|██████████| 4/4 [01:20<00:00, 20.23s/it]
2026-03-20 19:06:24,170 [INFO] [Similarity] FID@128 100 steps score: 0
2026-03-20 19:06:24,170 [INFO] [Similarity] FID@128 100 steps score: 0
2026-03-20 19:06:24,171 [INFO] [Similarity] model.input_blocks.4 cosine: min=0.145985, max=1.000000, diag_mean=1.000000, off_diag_mean=0.859593, off_diag_std=0.160983
2026-03-20 19:06:24,171 [INFO] [Similarity] model.input_blocks.4 cosine: min=0.145985, max=1.000000, diag_mean=1.000000, off_diag_mean=0.859593, off_diag_std=0.160983
2026-03-20 19:06:25,151 [INFO] ✅ Similarity Analysis 完成
2026-03-20 19:06:25,151 [INFO] ✅ Similarity Analysis 完成
2026-03-20 19:06:25,201 [INFO] 執行 'main_float_model' 完成，耗時: 85.64 秒
2026-03-20 19:06:25,201 [INFO] 執行 'main_float_model' 完成，耗時: 85.64 秒
