/home/jimmy/anaconda3/envs/diffae_bw/lib/python3.10/site-packages/lightning_fabric/__init__.py:41: pkg_resources is deprecated as an API. See https://setuptools.pypa.io/en/latest/pkg_resources.html. The pkg_resources package is slated for removal as early as 2025-11-30. Refrain from using this package or pin to Setuptools<81.
使用自動混合精度: torch.bfloat16
[設定] Log 檔案已設為: QATcode/cache_method/L1_L2_cosine/logs/similarity_model_input_blocks_9.log
2026-01-26 12:04:41,349 [INFO] Using 100 steps
2026-01-26 12:04:41,349 [INFO] Using 50000 evaluation samples
2026-01-26 12:04:41,349 [INFO] Cache enabled: False, method: Res, threshold: 0.1
2026-01-26 12:04:41,349 [INFO] Quantitative analysis enabled: False, samples: 10
2026-01-26 12:04:41,349 [INFO] Log file: QATcode/cache_method/L1_L2_cosine/logs/similarity_model_input_blocks_9.log
2026-01-26 12:04:41,349 [INFO] ==================================================
2026-01-26 12:04:41,349 [INFO] Diff-AE EfficientDM Step 7 : 生成圖片
2026-01-26 12:04:41,349 [INFO] ==================================================
2026-01-26 12:04:41,349 [INFO] 使用設備: cuda
2026-01-26 12:04:41,349 [INFO] Using 100 steps
2026-01-26 12:04:41,349 [INFO] Using 50000 evaluation samples
2026-01-26 12:04:41,349 [INFO] Cache enabled: False, method: Res, threshold: 0.1
2026-01-26 12:04:41,349 [INFO] Quantitative analysis enabled: False, samples: 10
2026-01-26 12:04:41,349 [INFO] Log file: QATcode/cache_method/L1_L2_cosine/logs/similarity_model_input_blocks_9.log
2026-01-26 12:04:41,349 [INFO] ==================================================
2026-01-26 12:04:41,349 [INFO] Diff-AE EfficientDM Step 7 : 生成圖片
2026-01-26 12:04:41,349 [INFO] === 新功能狀態 ===
2026-01-26 12:04:41,349 [INFO] ==================================================
2026-01-26 12:04:41,349 [INFO] 使用設備: cuda
2026-01-26 12:04:41,349 [INFO] === 新功能狀態 ===
2026-01-26 12:04:41,349 [INFO] 載入 Diff-AE 模型: checkpoints/ffhq128_autoenc_latent/last.ckpt
2026-01-26 12:04:41,349 [INFO] 載入 Diff-AE 模型: checkpoints/ffhq128_autoenc_latent/last.ckpt
Seed set to 0
Model params: 174.19 M
loading pretrain ... 130M
step: 1019986
loading latent stats ...
2026-01-26 12:04:44,224 [INFO] Diff-AE 模型載入完成
2026-01-26 12:04:44,224 [INFO] Diff-AE 模型載入完成
2026-01-26 12:04:44,269 [INFO] 執行 'load_diffae_model' 完成，耗時: 2.92 秒
2026-01-26 12:04:44,270 [INFO] ✅ Diff-AE 模型載入成功
2026-01-26 12:04:44,270 [INFO] base_model.conf.train_mode: TrainMode.latent_diffusion
2026-01-26 12:04:44,270 [INFO] === 創建 LoRA 量化模型 ===
2026-01-26 12:04:44,269 [INFO] 執行 'load_diffae_model' 完成，耗時: 2.92 秒
2026-01-26 12:04:44,270 [INFO] ✅ Diff-AE 模型載入成功
2026-01-26 12:04:44,270 [INFO] base_model.conf.train_mode: TrainMode.latent_diffusion
2026-01-26 12:04:44,270 [INFO] === 創建 LoRA 量化模型 ===
2026-01-26 12:04:44,270 [INFO] === 開始 UNet LoRA 量化改造 ===
2026-01-26 12:04:44,270 [INFO] === 開始 UNet LoRA 量化改造 ===
2026-01-26 12:04:44,270 [INFO] 改造模組: time_embed
2026-01-26 12:04:44,270 [INFO]   跳過量化特殊模組: 0
2026-01-26 12:04:44,270 [INFO] 改造模組: time_embed
2026-01-26 12:04:44,270 [INFO]   跳過量化特殊模組: 0
2026-01-26 12:04:44,276 [INFO]   跳過量化特殊模組: 2
2026-01-26 12:04:44,276 [INFO]   跳過量化特殊模組: 2
2026-01-26 12:04:44,282 [INFO] 改造模組: input_blocks
2026-01-26 12:04:44,282 [INFO]   跳過量化特殊模組: 0
2026-01-26 12:04:44,282 [INFO]   替換層 2 -> QuantModule_DiffAE_LoRA
2026-01-26 12:04:44,282 [INFO] 改造模組: input_blocks
2026-01-26 12:04:44,282 [INFO]   跳過量化特殊模組: 0
2026-01-26 12:04:44,282 [INFO]   替換層 2 -> QuantModule_DiffAE_LoRA
2026-01-26 12:04:44,362 [INFO]   替換層 1 -> QuantModule_DiffAE_LoRA
2026-01-26 12:04:44,362 [INFO]   替換層 1 -> QuantModule_DiffAE_LoRA
2026-01-26 12:04:44,368 [INFO]   替換層 1 -> QuantModule_DiffAE_LoRA
2026-01-26 12:04:44,368 [INFO]   替換層 1 -> QuantModule_DiffAE_LoRA
2026-01-26 12:04:44,372 [INFO]   替換層 3 -> QuantModule_DiffAE_LoRA
2026-01-26 12:04:44,372 [INFO]   替換層 3 -> QuantModule_DiffAE_LoRA
2026-01-26 12:04:44,378 [INFO]   替換層 2 -> QuantModule_DiffAE_LoRA
2026-01-26 12:04:44,378 [INFO]   替換層 2 -> QuantModule_DiffAE_LoRA
2026-01-26 12:04:44,384 [INFO]   替換層 1 -> QuantModule_DiffAE_LoRA
2026-01-26 12:04:44,384 [INFO]   替換層 1 -> QuantModule_DiffAE_LoRA
2026-01-26 12:04:44,390 [INFO]   替換層 1 -> QuantModule_DiffAE_LoRA
2026-01-26 12:04:44,390 [INFO]   替換層 1 -> QuantModule_DiffAE_LoRA
2026-01-26 12:04:44,391 [INFO]   替換層 3 -> QuantModule_DiffAE_LoRA
2026-01-26 12:04:44,391 [INFO]   替換層 3 -> QuantModule_DiffAE_LoRA
2026-01-26 12:04:44,391 [INFO]   替換層 2 -> QuantModule_DiffAE_LoRA
2026-01-26 12:04:44,391 [INFO]   替換層 2 -> QuantModule_DiffAE_LoRA
2026-01-26 12:04:44,392 [INFO]   替換層 1 -> QuantModule_DiffAE_LoRA
2026-01-26 12:04:44,392 [INFO]   替換層 1 -> QuantModule_DiffAE_LoRA
2026-01-26 12:04:44,392 [INFO]   替換層 1 -> QuantModule_DiffAE_LoRA
2026-01-26 12:04:44,392 [INFO]   替換層 1 -> QuantModule_DiffAE_LoRA
2026-01-26 12:04:44,393 [INFO]   替換層 3 -> QuantModule_DiffAE_LoRA
2026-01-26 12:04:44,393 [INFO]   替換層 3 -> QuantModule_DiffAE_LoRA
2026-01-26 12:04:44,394 [INFO]   替換層 2 -> QuantModule_DiffAE_LoRA
2026-01-26 12:04:44,394 [INFO]   替換層 2 -> QuantModule_DiffAE_LoRA
2026-01-26 12:04:44,394 [INFO]   替換層 1 -> QuantModule_DiffAE_LoRA
2026-01-26 12:04:44,394 [INFO]   替換層 1 -> QuantModule_DiffAE_LoRA
2026-01-26 12:04:44,395 [INFO]   替換層 1 -> QuantModule_DiffAE_LoRA
2026-01-26 12:04:44,395 [INFO]   替換層 1 -> QuantModule_DiffAE_LoRA
2026-01-26 12:04:44,395 [INFO]   替換層 3 -> QuantModule_DiffAE_LoRA
2026-01-26 12:04:44,395 [INFO]   替換層 3 -> QuantModule_DiffAE_LoRA
2026-01-26 12:04:44,396 [INFO]   替換層 2 -> QuantModule_DiffAE_LoRA
2026-01-26 12:04:44,396 [INFO]   替換層 2 -> QuantModule_DiffAE_LoRA
2026-01-26 12:04:44,396 [INFO]   替換層 1 -> QuantModule_DiffAE_LoRA
2026-01-26 12:04:44,396 [INFO]   替換層 1 -> QuantModule_DiffAE_LoRA
2026-01-26 12:04:44,397 [INFO]   替換層 1 -> QuantModule_DiffAE_LoRA
2026-01-26 12:04:44,397 [INFO]   替換層 1 -> QuantModule_DiffAE_LoRA
2026-01-26 12:04:44,397 [INFO]   替換層 3 -> QuantModule_DiffAE_LoRA
2026-01-26 12:04:44,397 [INFO]   替換層 3 -> QuantModule_DiffAE_LoRA
2026-01-26 12:04:44,398 [INFO]   替換層 2 -> QuantModule_DiffAE_LoRA
2026-01-26 12:04:44,398 [INFO]   替換層 2 -> QuantModule_DiffAE_LoRA
2026-01-26 12:04:44,399 [INFO]   替換層 1 -> QuantModule_DiffAE_LoRA
2026-01-26 12:04:44,399 [INFO]   替換層 1 -> QuantModule_DiffAE_LoRA
2026-01-26 12:04:44,399 [INFO]   替換層 1 -> QuantModule_DiffAE_LoRA
2026-01-26 12:04:44,399 [INFO]   替換層 1 -> QuantModule_DiffAE_LoRA
2026-01-26 12:04:44,400 [INFO]   替換層 3 -> QuantModule_DiffAE_LoRA
2026-01-26 12:04:44,400 [INFO]   替換層 3 -> QuantModule_DiffAE_LoRA
2026-01-26 12:04:44,400 [INFO]   替換層 2 -> QuantModule_DiffAE_LoRA
2026-01-26 12:04:44,400 [INFO]   替換層 2 -> QuantModule_DiffAE_LoRA
2026-01-26 12:04:44,401 [INFO]   替換層 1 -> QuantModule_DiffAE_LoRA
2026-01-26 12:04:44,401 [INFO]   替換層 1 -> QuantModule_DiffAE_LoRA
2026-01-26 12:04:44,402 [INFO]   替換層 1 -> QuantModule_DiffAE_LoRA
2026-01-26 12:04:44,402 [INFO]   替換層 1 -> QuantModule_DiffAE_LoRA
2026-01-26 12:04:44,403 [INFO]   替換層 3 -> QuantModule_DiffAE_LoRA
2026-01-26 12:04:44,403 [INFO]   替換層 3 -> QuantModule_DiffAE_LoRA
2026-01-26 12:04:44,404 [INFO]   跳過量化 skip connection: skip_connection
2026-01-26 12:04:44,404 [INFO]   跳過量化 skip connection: skip_connection
2026-01-26 12:04:44,404 [INFO]   替換層 2 -> QuantModule_DiffAE_LoRA
2026-01-26 12:04:44,404 [INFO]   替換層 2 -> QuantModule_DiffAE_LoRA
2026-01-26 12:04:44,406 [INFO]   替換層 1 -> QuantModule_DiffAE_LoRA
2026-01-26 12:04:44,406 [INFO]   替換層 1 -> QuantModule_DiffAE_LoRA
2026-01-26 12:04:44,407 [INFO]   替換層 1 -> QuantModule_DiffAE_LoRA
2026-01-26 12:04:44,407 [INFO]   替換層 1 -> QuantModule_DiffAE_LoRA
2026-01-26 12:04:44,407 [INFO]   替換層 3 -> QuantModule_DiffAE_LoRA
2026-01-26 12:04:44,407 [INFO]   替換層 3 -> QuantModule_DiffAE_LoRA
2026-01-26 12:04:44,409 [INFO]   替換層 2 -> QuantModule_DiffAE_LoRA
2026-01-26 12:04:44,409 [INFO]   替換層 2 -> QuantModule_DiffAE_LoRA
2026-01-26 12:04:44,411 [INFO]   替換層 1 -> QuantModule_DiffAE_LoRA
2026-01-26 12:04:44,411 [INFO]   替換層 1 -> QuantModule_DiffAE_LoRA
2026-01-26 12:04:44,412 [INFO]   替換層 1 -> QuantModule_DiffAE_LoRA
2026-01-26 12:04:44,412 [INFO]   替換層 1 -> QuantModule_DiffAE_LoRA
2026-01-26 12:04:44,412 [INFO]   替換層 3 -> QuantModule_DiffAE_LoRA
2026-01-26 12:04:44,412 [INFO]   替換層 3 -> QuantModule_DiffAE_LoRA
2026-01-26 12:04:44,414 [INFO]   替換層 2 -> QuantModule_DiffAE_LoRA
2026-01-26 12:04:44,414 [INFO]   替換層 2 -> QuantModule_DiffAE_LoRA
2026-01-26 12:04:44,416 [INFO]   替換層 1 -> QuantModule_DiffAE_LoRA
2026-01-26 12:04:44,416 [INFO]   替換層 1 -> QuantModule_DiffAE_LoRA
2026-01-26 12:04:44,417 [INFO]   替換層 1 -> QuantModule_DiffAE_LoRA
2026-01-26 12:04:44,417 [INFO]   替換層 1 -> QuantModule_DiffAE_LoRA
2026-01-26 12:04:44,418 [INFO]   替換層 3 -> QuantModule_DiffAE_LoRA
2026-01-26 12:04:44,418 [INFO]   替換層 3 -> QuantModule_DiffAE_LoRA
2026-01-26 12:04:44,422 [INFO]   跳過量化 skip connection: skip_connection
2026-01-26 12:04:44,422 [INFO]   替換層 2 -> QuantModule_DiffAE_LoRA
2026-01-26 12:04:44,422 [INFO]   跳過量化 skip connection: skip_connection
2026-01-26 12:04:44,422 [INFO]   替換層 2 -> QuantModule_DiffAE_LoRA
2026-01-26 12:04:44,425 [INFO]   替換層 1 -> QuantModule_DiffAE_LoRA
2026-01-26 12:04:44,425 [INFO]   替換層 1 -> QuantModule_DiffAE_LoRA
2026-01-26 12:04:44,428 [INFO]   替換層 1 -> QuantModule_DiffAE_LoRA
2026-01-26 12:04:44,428 [INFO]   替換層 1 -> QuantModule_DiffAE_LoRA
2026-01-26 12:04:44,429 [INFO]   替換層 3 -> QuantModule_DiffAE_LoRA
2026-01-26 12:04:44,429 [INFO]   替換層 3 -> QuantModule_DiffAE_LoRA
2026-01-26 12:04:44,432 [INFO]   替換層 2 -> QuantModule_DiffAE_LoRA
2026-01-26 12:04:44,432 [INFO]   替換層 2 -> QuantModule_DiffAE_LoRA
2026-01-26 12:04:44,436 [INFO]   替換層 1 -> QuantModule_DiffAE_LoRA
2026-01-26 12:04:44,436 [INFO]   替換層 1 -> QuantModule_DiffAE_LoRA
2026-01-26 12:04:44,440 [INFO]   替換層 1 -> QuantModule_DiffAE_LoRA
2026-01-26 12:04:44,440 [INFO]   替換層 1 -> QuantModule_DiffAE_LoRA
2026-01-26 12:04:44,446 [INFO]   替換層 3 -> QuantModule_DiffAE_LoRA
2026-01-26 12:04:44,446 [INFO]   替換層 3 -> QuantModule_DiffAE_LoRA
2026-01-26 12:04:44,450 [INFO]   替換層 2 -> QuantModule_DiffAE_LoRA
2026-01-26 12:04:44,450 [INFO]   替換層 2 -> QuantModule_DiffAE_LoRA
2026-01-26 12:04:44,457 [INFO]   替換層 1 -> QuantModule_DiffAE_LoRA
2026-01-26 12:04:44,457 [INFO]   替換層 1 -> QuantModule_DiffAE_LoRA
2026-01-26 12:04:44,465 [INFO]   替換層 1 -> QuantModule_DiffAE_LoRA
2026-01-26 12:04:44,467 [INFO]   替換層 3 -> QuantModule_DiffAE_LoRA
2026-01-26 12:04:44,465 [INFO]   替換層 1 -> QuantModule_DiffAE_LoRA
2026-01-26 12:04:44,467 [INFO]   替換層 3 -> QuantModule_DiffAE_LoRA
2026-01-26 12:04:44,474 [INFO]   跳過量化 skip connection: skip_connection
2026-01-26 12:04:44,474 [INFO]   跳過量化 skip connection: skip_connection
2026-01-26 12:04:44,474 [INFO]   替換層 2 -> QuantModule_DiffAE_LoRA
2026-01-26 12:04:44,474 [INFO]   替換層 2 -> QuantModule_DiffAE_LoRA
2026-01-26 12:04:44,484 [INFO]   替換層 1 -> QuantModule_DiffAE_LoRA
2026-01-26 12:04:44,484 [INFO]   替換層 1 -> QuantModule_DiffAE_LoRA
2026-01-26 12:04:44,489 [INFO]   替換層 1 -> QuantModule_DiffAE_LoRA
2026-01-26 12:04:44,489 [INFO]   替換層 1 -> QuantModule_DiffAE_LoRA
2026-01-26 12:04:44,494 [INFO]   替換層 3 -> QuantModule_DiffAE_LoRA
2026-01-26 12:04:44,494 [INFO]   替換層 3 -> QuantModule_DiffAE_LoRA
2026-01-26 12:04:44,509 [INFO] 改造模組: middle_block
2026-01-26 12:04:44,509 [INFO] 改造模組: middle_block
2026-01-26 12:04:44,509 [INFO]   替換層 2 -> QuantModule_DiffAE_LoRA
2026-01-26 12:04:44,509 [INFO]   替換層 2 -> QuantModule_DiffAE_LoRA
2026-01-26 12:04:44,517 [INFO]   替換層 1 -> QuantModule_DiffAE_LoRA
2026-01-26 12:04:44,517 [INFO]   替換層 1 -> QuantModule_DiffAE_LoRA
2026-01-26 12:04:44,522 [INFO]   替換層 1 -> QuantModule_DiffAE_LoRA
2026-01-26 12:04:44,522 [INFO]   替換層 1 -> QuantModule_DiffAE_LoRA
2026-01-26 12:04:44,526 [INFO]   替換層 3 -> QuantModule_DiffAE_LoRA
2026-01-26 12:04:44,526 [INFO]   替換層 3 -> QuantModule_DiffAE_LoRA
2026-01-26 12:04:44,532 [INFO]   替換層 2 -> QuantModule_DiffAE_LoRA
2026-01-26 12:04:44,532 [INFO]   替換層 2 -> QuantModule_DiffAE_LoRA
2026-01-26 12:04:44,542 [INFO]   替換層 1 -> QuantModule_DiffAE_LoRA
2026-01-26 12:04:44,542 [INFO]   替換層 1 -> QuantModule_DiffAE_LoRA
2026-01-26 12:04:44,550 [INFO]   替換層 1 -> QuantModule_DiffAE_LoRA
2026-01-26 12:04:44,553 [INFO]   替換層 3 -> QuantModule_DiffAE_LoRA
2026-01-26 12:04:44,550 [INFO]   替換層 1 -> QuantModule_DiffAE_LoRA
2026-01-26 12:04:44,553 [INFO]   替換層 3 -> QuantModule_DiffAE_LoRA
2026-01-26 12:04:44,561 [INFO] 改造模組: output_blocks
2026-01-26 12:04:44,561 [INFO]   替換層 2 -> QuantModule_DiffAE_LoRA
2026-01-26 12:04:44,561 [INFO] 改造模組: output_blocks
2026-01-26 12:04:44,561 [INFO]   替換層 2 -> QuantModule_DiffAE_LoRA
2026-01-26 12:04:44,578 [INFO]   替換層 1 -> QuantModule_DiffAE_LoRA
2026-01-26 12:04:44,578 [INFO]   替換層 1 -> QuantModule_DiffAE_LoRA
2026-01-26 12:04:44,586 [INFO]   替換層 1 -> QuantModule_DiffAE_LoRA
2026-01-26 12:04:44,586 [INFO]   替換層 1 -> QuantModule_DiffAE_LoRA
2026-01-26 12:04:44,591 [INFO]   替換層 3 -> QuantModule_DiffAE_LoRA
2026-01-26 12:04:44,591 [INFO]   替換層 3 -> QuantModule_DiffAE_LoRA
2026-01-26 12:04:44,602 [INFO]   跳過量化 skip connection: skip_connection
2026-01-26 12:04:44,602 [INFO]   替換層 2 -> QuantModule_DiffAE_LoRA
2026-01-26 12:04:44,602 [INFO]   跳過量化 skip connection: skip_connection
2026-01-26 12:04:44,602 [INFO]   替換層 2 -> QuantModule_DiffAE_LoRA
2026-01-26 12:04:44,618 [INFO]   替換層 1 -> QuantModule_DiffAE_LoRA
2026-01-26 12:04:44,618 [INFO]   替換層 1 -> QuantModule_DiffAE_LoRA
2026-01-26 12:04:44,625 [INFO]   替換層 1 -> QuantModule_DiffAE_LoRA
2026-01-26 12:04:44,625 [INFO]   替換層 1 -> QuantModule_DiffAE_LoRA
2026-01-26 12:04:44,629 [INFO]   替換層 3 -> QuantModule_DiffAE_LoRA
2026-01-26 12:04:44,629 [INFO]   替換層 3 -> QuantModule_DiffAE_LoRA
2026-01-26 12:04:44,641 [INFO]   跳過量化 skip connection: skip_connection
2026-01-26 12:04:44,641 [INFO]   替換層 2 -> QuantModule_DiffAE_LoRA
2026-01-26 12:04:44,641 [INFO]   跳過量化 skip connection: skip_connection
2026-01-26 12:04:44,641 [INFO]   替換層 2 -> QuantModule_DiffAE_LoRA
2026-01-26 12:04:44,656 [INFO]   替換層 1 -> QuantModule_DiffAE_LoRA
2026-01-26 12:04:44,656 [INFO]   替換層 1 -> QuantModule_DiffAE_LoRA
2026-01-26 12:04:44,661 [INFO]   替換層 1 -> QuantModule_DiffAE_LoRA
2026-01-26 12:04:44,661 [INFO]   替換層 1 -> QuantModule_DiffAE_LoRA
2026-01-26 12:04:44,666 [INFO]   替換層 3 -> QuantModule_DiffAE_LoRA
2026-01-26 12:04:44,666 [INFO]   替換層 3 -> QuantModule_DiffAE_LoRA
2026-01-26 12:04:44,677 [INFO]   跳過量化 skip connection: skip_connection
2026-01-26 12:04:44,677 [INFO]   替換層 2 -> QuantModule_DiffAE_LoRA
2026-01-26 12:04:44,677 [INFO]   跳過量化 skip connection: skip_connection
2026-01-26 12:04:44,677 [INFO]   替換層 2 -> QuantModule_DiffAE_LoRA
2026-01-26 12:04:44,690 [INFO]   替換層 1 -> QuantModule_DiffAE_LoRA
2026-01-26 12:04:44,690 [INFO]   替換層 1 -> QuantModule_DiffAE_LoRA
2026-01-26 12:04:44,695 [INFO]   替換層 1 -> QuantModule_DiffAE_LoRA
2026-01-26 12:04:44,695 [INFO]   替換層 1 -> QuantModule_DiffAE_LoRA
2026-01-26 12:04:44,701 [INFO]   替換層 3 -> QuantModule_DiffAE_LoRA
2026-01-26 12:04:44,701 [INFO]   替換層 3 -> QuantModule_DiffAE_LoRA
2026-01-26 12:04:44,709 [INFO]   替換層 2 -> QuantModule_DiffAE_LoRA
2026-01-26 12:04:44,709 [INFO]   替換層 2 -> QuantModule_DiffAE_LoRA
2026-01-26 12:04:44,720 [INFO]   替換層 1 -> QuantModule_DiffAE_LoRA
2026-01-26 12:04:44,720 [INFO]   替換層 1 -> QuantModule_DiffAE_LoRA
2026-01-26 12:04:44,726 [INFO]   替換層 1 -> QuantModule_DiffAE_LoRA
2026-01-26 12:04:44,726 [INFO]   替換層 1 -> QuantModule_DiffAE_LoRA
2026-01-26 12:04:44,730 [INFO]   替換層 3 -> QuantModule_DiffAE_LoRA
2026-01-26 12:04:44,730 [INFO]   替換層 3 -> QuantModule_DiffAE_LoRA
2026-01-26 12:04:44,735 [INFO]   跳過量化 skip connection: skip_connection
2026-01-26 12:04:44,735 [INFO]   跳過量化 skip connection: skip_connection
2026-01-26 12:04:44,735 [INFO]   替換層 2 -> QuantModule_DiffAE_LoRA
2026-01-26 12:04:44,735 [INFO]   替換層 2 -> QuantModule_DiffAE_LoRA
2026-01-26 12:04:44,748 [INFO]   替換層 1 -> QuantModule_DiffAE_LoRA
2026-01-26 12:04:44,748 [INFO]   替換層 1 -> QuantModule_DiffAE_LoRA
2026-01-26 12:04:44,754 [INFO]   替換層 1 -> QuantModule_DiffAE_LoRA
2026-01-26 12:04:44,754 [INFO]   替換層 1 -> QuantModule_DiffAE_LoRA
2026-01-26 12:04:44,759 [INFO]   替換層 3 -> QuantModule_DiffAE_LoRA
2026-01-26 12:04:44,759 [INFO]   替換層 3 -> QuantModule_DiffAE_LoRA
2026-01-26 12:04:44,768 [INFO]   跳過量化 skip connection: skip_connection
2026-01-26 12:04:44,768 [INFO]   跳過量化 skip connection: skip_connection
2026-01-26 12:04:44,769 [INFO]   替換層 2 -> QuantModule_DiffAE_LoRA
2026-01-26 12:04:44,769 [INFO]   替換層 2 -> QuantModule_DiffAE_LoRA
2026-01-26 12:04:44,780 [INFO]   替換層 1 -> QuantModule_DiffAE_LoRA
2026-01-26 12:04:44,780 [INFO]   替換層 1 -> QuantModule_DiffAE_LoRA
2026-01-26 12:04:44,787 [INFO]   替換層 1 -> QuantModule_DiffAE_LoRA
2026-01-26 12:04:44,790 [INFO]   替換層 3 -> QuantModule_DiffAE_LoRA
2026-01-26 12:04:44,787 [INFO]   替換層 1 -> QuantModule_DiffAE_LoRA
2026-01-26 12:04:44,790 [INFO]   替換層 3 -> QuantModule_DiffAE_LoRA
2026-01-26 12:04:44,799 [INFO]   跳過量化 skip connection: skip_connection
2026-01-26 12:04:44,799 [INFO]   跳過量化 skip connection: skip_connection
2026-01-26 12:04:44,799 [INFO]   替換層 2 -> QuantModule_DiffAE_LoRA
2026-01-26 12:04:44,799 [INFO]   替換層 2 -> QuantModule_DiffAE_LoRA
2026-01-26 12:04:44,806 [INFO]   替換層 1 -> QuantModule_DiffAE_LoRA
2026-01-26 12:04:44,806 [INFO]   替換層 1 -> QuantModule_DiffAE_LoRA
2026-01-26 12:04:44,810 [INFO]   替換層 1 -> QuantModule_DiffAE_LoRA
2026-01-26 12:04:44,810 [INFO]   替換層 1 -> QuantModule_DiffAE_LoRA
2026-01-26 12:04:44,815 [INFO]   替換層 3 -> QuantModule_DiffAE_LoRA
2026-01-26 12:04:44,815 [INFO]   替換層 3 -> QuantModule_DiffAE_LoRA
2026-01-26 12:04:44,819 [INFO]   替換層 2 -> QuantModule_DiffAE_LoRA
2026-01-26 12:04:44,819 [INFO]   替換層 2 -> QuantModule_DiffAE_LoRA
2026-01-26 12:04:44,824 [INFO]   替換層 1 -> QuantModule_DiffAE_LoRA
2026-01-26 12:04:44,824 [INFO]   替換層 1 -> QuantModule_DiffAE_LoRA
2026-01-26 12:04:44,828 [INFO]   替換層 1 -> QuantModule_DiffAE_LoRA
2026-01-26 12:04:44,828 [INFO]   替換層 1 -> QuantModule_DiffAE_LoRA
2026-01-26 12:04:44,834 [INFO]   替換層 3 -> QuantModule_DiffAE_LoRA
2026-01-26 12:04:44,834 [INFO]   替換層 3 -> QuantModule_DiffAE_LoRA
2026-01-26 12:04:44,836 [INFO]   跳過量化 skip connection: skip_connection
2026-01-26 12:04:44,836 [INFO]   跳過量化 skip connection: skip_connection
2026-01-26 12:04:44,836 [INFO]   替換層 2 -> QuantModule_DiffAE_LoRA
2026-01-26 12:04:44,836 [INFO]   替換層 2 -> QuantModule_DiffAE_LoRA
2026-01-26 12:04:44,840 [INFO]   替換層 1 -> QuantModule_DiffAE_LoRA
2026-01-26 12:04:44,840 [INFO]   替換層 1 -> QuantModule_DiffAE_LoRA
2026-01-26 12:04:44,841 [INFO]   替換層 1 -> QuantModule_DiffAE_LoRA
2026-01-26 12:04:44,841 [INFO]   替換層 1 -> QuantModule_DiffAE_LoRA
2026-01-26 12:04:44,843 [INFO]   替換層 3 -> QuantModule_DiffAE_LoRA
2026-01-26 12:04:44,843 [INFO]   替換層 3 -> QuantModule_DiffAE_LoRA
2026-01-26 12:04:44,844 [INFO]   跳過量化 skip connection: skip_connection
2026-01-26 12:04:44,844 [INFO]   跳過量化 skip connection: skip_connection
2026-01-26 12:04:44,845 [INFO]   替換層 2 -> QuantModule_DiffAE_LoRA
2026-01-26 12:04:44,845 [INFO]   替換層 2 -> QuantModule_DiffAE_LoRA
2026-01-26 12:04:44,847 [INFO]   替換層 1 -> QuantModule_DiffAE_LoRA
2026-01-26 12:04:44,847 [INFO]   替換層 1 -> QuantModule_DiffAE_LoRA
2026-01-26 12:04:44,848 [INFO]   替換層 1 -> QuantModule_DiffAE_LoRA
2026-01-26 12:04:44,848 [INFO]   替換層 1 -> QuantModule_DiffAE_LoRA
2026-01-26 12:04:44,849 [INFO]   替換層 3 -> QuantModule_DiffAE_LoRA
2026-01-26 12:04:44,849 [INFO]   替換層 3 -> QuantModule_DiffAE_LoRA
2026-01-26 12:04:44,850 [INFO]   跳過量化 skip connection: skip_connection
2026-01-26 12:04:44,850 [INFO]   跳過量化 skip connection: skip_connection
2026-01-26 12:04:44,850 [INFO]   替換層 2 -> QuantModule_DiffAE_LoRA
2026-01-26 12:04:44,850 [INFO]   替換層 2 -> QuantModule_DiffAE_LoRA
2026-01-26 12:04:44,852 [INFO]   替換層 1 -> QuantModule_DiffAE_LoRA
2026-01-26 12:04:44,852 [INFO]   替換層 1 -> QuantModule_DiffAE_LoRA
2026-01-26 12:04:44,853 [INFO]   替換層 1 -> QuantModule_DiffAE_LoRA
2026-01-26 12:04:44,853 [INFO]   替換層 1 -> QuantModule_DiffAE_LoRA
2026-01-26 12:04:44,853 [INFO]   替換層 3 -> QuantModule_DiffAE_LoRA
2026-01-26 12:04:44,853 [INFO]   替換層 3 -> QuantModule_DiffAE_LoRA
2026-01-26 12:04:44,855 [INFO]   替換層 2 -> QuantModule_DiffAE_LoRA
2026-01-26 12:04:44,855 [INFO]   替換層 2 -> QuantModule_DiffAE_LoRA
2026-01-26 12:04:44,857 [INFO]   替換層 1 -> QuantModule_DiffAE_LoRA
2026-01-26 12:04:44,857 [INFO]   替換層 1 -> QuantModule_DiffAE_LoRA
2026-01-26 12:04:44,857 [INFO]   替換層 1 -> QuantModule_DiffAE_LoRA
2026-01-26 12:04:44,857 [INFO]   替換層 1 -> QuantModule_DiffAE_LoRA
2026-01-26 12:04:44,857 [INFO]   替換層 3 -> QuantModule_DiffAE_LoRA
2026-01-26 12:04:44,857 [INFO]   替換層 3 -> QuantModule_DiffAE_LoRA
2026-01-26 12:04:44,858 [INFO]   跳過量化 skip connection: skip_connection
2026-01-26 12:04:44,858 [INFO]   跳過量化 skip connection: skip_connection
2026-01-26 12:04:44,858 [INFO]   替換層 2 -> QuantModule_DiffAE_LoRA
2026-01-26 12:04:44,858 [INFO]   替換層 2 -> QuantModule_DiffAE_LoRA
2026-01-26 12:04:44,859 [INFO]   替換層 1 -> QuantModule_DiffAE_LoRA
2026-01-26 12:04:44,859 [INFO]   替換層 1 -> QuantModule_DiffAE_LoRA
2026-01-26 12:04:44,860 [INFO]   替換層 1 -> QuantModule_DiffAE_LoRA
2026-01-26 12:04:44,860 [INFO]   替換層 1 -> QuantModule_DiffAE_LoRA
2026-01-26 12:04:44,860 [INFO]   替換層 3 -> QuantModule_DiffAE_LoRA
2026-01-26 12:04:44,860 [INFO]   替換層 3 -> QuantModule_DiffAE_LoRA
2026-01-26 12:04:44,861 [INFO]   跳過量化 skip connection: skip_connection
2026-01-26 12:04:44,861 [INFO]   跳過量化 skip connection: skip_connection
2026-01-26 12:04:44,861 [INFO]   替換層 2 -> QuantModule_DiffAE_LoRA
2026-01-26 12:04:44,861 [INFO]   替換層 2 -> QuantModule_DiffAE_LoRA
2026-01-26 12:04:44,862 [INFO]   替換層 1 -> QuantModule_DiffAE_LoRA
2026-01-26 12:04:44,862 [INFO]   替換層 1 -> QuantModule_DiffAE_LoRA
2026-01-26 12:04:44,863 [INFO]   替換層 1 -> QuantModule_DiffAE_LoRA
2026-01-26 12:04:44,863 [INFO]   替換層 1 -> QuantModule_DiffAE_LoRA
2026-01-26 12:04:44,863 [INFO]   替換層 3 -> QuantModule_DiffAE_LoRA
2026-01-26 12:04:44,863 [INFO]   替換層 3 -> QuantModule_DiffAE_LoRA
2026-01-26 12:04:44,864 [INFO]   跳過量化 skip connection: skip_connection
2026-01-26 12:04:44,864 [INFO]   跳過量化 skip connection: skip_connection
2026-01-26 12:04:44,864 [INFO]   替換層 2 -> QuantModule_DiffAE_LoRA
2026-01-26 12:04:44,864 [INFO]   替換層 2 -> QuantModule_DiffAE_LoRA
2026-01-26 12:04:44,864 [INFO]   替換層 1 -> QuantModule_DiffAE_LoRA
2026-01-26 12:04:44,864 [INFO]   替換層 1 -> QuantModule_DiffAE_LoRA
2026-01-26 12:04:44,865 [INFO]   替換層 1 -> QuantModule_DiffAE_LoRA
2026-01-26 12:04:44,865 [INFO]   替換層 1 -> QuantModule_DiffAE_LoRA
2026-01-26 12:04:44,865 [INFO]   替換層 3 -> QuantModule_DiffAE_LoRA
2026-01-26 12:04:44,865 [INFO]   替換層 3 -> QuantModule_DiffAE_LoRA
2026-01-26 12:04:44,866 [INFO]   替換層 2 -> QuantModule_DiffAE_LoRA
2026-01-26 12:04:44,866 [INFO]   替換層 2 -> QuantModule_DiffAE_LoRA
2026-01-26 12:04:44,867 [INFO]   替換層 1 -> QuantModule_DiffAE_LoRA
2026-01-26 12:04:44,867 [INFO]   替換層 1 -> QuantModule_DiffAE_LoRA
2026-01-26 12:04:44,868 [INFO]   替換層 1 -> QuantModule_DiffAE_LoRA
2026-01-26 12:04:44,868 [INFO]   替換層 1 -> QuantModule_DiffAE_LoRA
2026-01-26 12:04:44,868 [INFO]   替換層 3 -> QuantModule_DiffAE_LoRA
2026-01-26 12:04:44,868 [INFO]   替換層 3 -> QuantModule_DiffAE_LoRA
2026-01-26 12:04:44,869 [INFO]   跳過量化 skip connection: skip_connection
2026-01-26 12:04:44,869 [INFO]   跳過量化 skip connection: skip_connection
2026-01-26 12:04:44,869 [INFO]   替換層 2 -> QuantModule_DiffAE_LoRA
2026-01-26 12:04:44,869 [INFO]   替換層 2 -> QuantModule_DiffAE_LoRA
2026-01-26 12:04:44,870 [INFO]   替換層 1 -> QuantModule_DiffAE_LoRA
2026-01-26 12:04:44,870 [INFO]   替換層 1 -> QuantModule_DiffAE_LoRA
2026-01-26 12:04:44,870 [INFO]   替換層 1 -> QuantModule_DiffAE_LoRA
2026-01-26 12:04:44,870 [INFO]   替換層 1 -> QuantModule_DiffAE_LoRA
2026-01-26 12:04:44,871 [INFO]   替換層 3 -> QuantModule_DiffAE_LoRA
2026-01-26 12:04:44,871 [INFO]   替換層 3 -> QuantModule_DiffAE_LoRA
2026-01-26 12:04:44,871 [INFO]   跳過量化 skip connection: skip_connection
2026-01-26 12:04:44,871 [INFO]   跳過量化 skip connection: skip_connection
2026-01-26 12:04:44,871 [INFO]   替換層 2 -> QuantModule_DiffAE_LoRA
2026-01-26 12:04:44,871 [INFO]   替換層 2 -> QuantModule_DiffAE_LoRA
2026-01-26 12:04:44,873 [INFO]   替換層 1 -> QuantModule_DiffAE_LoRA
2026-01-26 12:04:44,873 [INFO]   替換層 1 -> QuantModule_DiffAE_LoRA
2026-01-26 12:04:44,873 [INFO]   替換層 1 -> QuantModule_DiffAE_LoRA
2026-01-26 12:04:44,873 [INFO]   替換層 1 -> QuantModule_DiffAE_LoRA
2026-01-26 12:04:44,873 [INFO]   替換層 3 -> QuantModule_DiffAE_LoRA
2026-01-26 12:04:44,873 [INFO]   替換層 3 -> QuantModule_DiffAE_LoRA
2026-01-26 12:04:44,874 [INFO]   跳過量化 skip connection: skip_connection
2026-01-26 12:04:44,874 [INFO]   跳過量化 skip connection: skip_connection
2026-01-26 12:04:44,874 [INFO] 改造模組: out
2026-01-26 12:04:44,874 [INFO] 改造模組: out
2026-01-26 12:04:44,874 [INFO]   跳過量化特殊模組: 2
2026-01-26 12:04:44,874 [INFO]   跳過量化特殊模組: 2
2026-01-26 12:04:44,877 [INFO] 執行 'create_float_quantized_model' 完成，耗時: 0.61 秒
2026-01-26 12:04:44,877 [INFO] 執行 'create_float_quantized_model' 完成，耗時: 0.61 秒
2026-01-26 12:04:44,998 [INFO] 載入校準資料...
2026-01-26 12:04:44,998 [INFO] 載入校準資料...
2026-01-26 12:04:45,379 [INFO] ✅ 載入真實校準資料成功
2026-01-26 12:04:45,379 [INFO] ✅ 載入真實校準資料成功
2026-01-26 12:04:45,381 [INFO] ==================================================
2026-01-26 12:04:45,381 [INFO] ==================================================
2026-01-26 12:04:45,381 [INFO] 5. Setting first and last layers to 8-bit...
2026-01-26 12:04:45,381 [INFO] 5. Setting first and last layers to 8-bit...
2026-01-26 12:04:45,382 [INFO] 找到 144 個量化模組
2026-01-26 12:04:45,382 [INFO] 找到 144 個量化模組
2026-01-26 12:04:45,382 [INFO] ✅ 首尾層 8-bit 設定完成
2026-01-26 12:04:45,382 [INFO] ✅ 首尾層 8-bit 設定完成
2026-01-26 12:04:45,382 [INFO] ✅ 量化模型創建成功
2026-01-26 12:04:45,382 [INFO] ✅ 量化模型創建成功
2026-01-26 12:04:45,382 [INFO] set quant state to True, True for layer 1
2026-01-26 12:04:45,382 [INFO] set quant state to True, True for layer 1
2026-01-26 12:04:45,382 [INFO] set quant state to True, True for layer 2
2026-01-26 12:04:45,382 [INFO] set quant state to True, True for layer 2
2026-01-26 12:04:45,382 [INFO] set quant state to True, False for layer 3
2026-01-26 12:04:45,382 [INFO] set quant state to True, False for layer 3
2026-01-26 12:04:45,383 [INFO] set quant state to True, True for layer 144
2026-01-26 12:04:45,383 [INFO] set quant state to True, True for layer 144
2026-01-26 12:04:46,523 [INFO] ✅ 量化模型載入成功
2026-01-26 12:04:46,524 [INFO] === 初始化新功能模組 ===
2026-01-26 12:04:46,523 [INFO] ✅ 量化模型載入成功
2026-01-26 12:04:46,524 [INFO] === 初始化新功能模組 ===
local seed: 0
train data: 70001
val data: 70001
2026-01-26 12:04:46,549 [INFO] ✅ 基礎模型設定完成
2026-01-26 12:04:46,549 [INFO] ✅ 基礎模型設定完成
on train dataloader start ...
mean: tensor(-0.0606, device='cuda:0') std: tensor(0.0755, device='cuda:0')
2026-01-26 12:04:46,609 [INFO] ==================================================
2026-01-26 12:04:46,609 [INFO] 啟用 Similarity Analysis (L1/L2/Cosine)
2026-01-26 12:04:46,609 [INFO] ==================================================
2026-01-26 12:04:46,609 [INFO] 啟用 Similarity Analysis (L1/L2/Cosine)
2026-01-26 12:04:46,609 [INFO] FID 評估樣本數: 128
2026-01-26 12:04:46,609 [INFO] FID 評估樣本數: 128
2026-01-26 12:04:46,609 [INFO] 實際收集樣本數: 20 (用於加速)
2026-01-26 12:04:46,609 [INFO] 擴散步數: 100
2026-01-26 12:04:46,609 [INFO] ==================================================
2026-01-26 12:04:46,609 [INFO] 實際收集樣本數: 20 (用於加速)
2026-01-26 12:04:46,609 [INFO] 擴散步數: 100
2026-01-26 12:04:46,609 [INFO] ==================================================
2026-01-26 12:04:46,609 [INFO] [Similarity] 註冊 block hook: model.input_blocks.9
2026-01-26 12:04:46,609 [INFO] [Similarity] 註冊 block hook: model.input_blocks.9
2026-01-26 12:04:46,610 [INFO] [Similarity] 註冊 model step hook 完成
2026-01-26 12:04:46,610 [INFO] [Similarity] 註冊 model step hook 完成
generating images:   0%|          | 0/4 [00:00<?, ?it/s]/home/jimmy/diffae/./diffusion/base.py:329: FutureWarning: `torch.cuda.amp.autocast(args...)` is deprecated. Please use `torch.amp.autocast('cuda', args...)` instead.
  with autocast(self.conf.fp16):
2026-01-26 12:05:03,899 [INFO] [Similarity] Batch 0 完成，已收集 20 個樣本
2026-01-26 12:05:03,899 [INFO] [Similarity] Batch 0 完成，已收集 20 個樣本
generating images:  25%|██▌       | 1/4 [00:17<00:52, 17.62s/it]2026-01-26 12:05:21,287 [INFO] [Similarity] Batch 1 完成，已收集 20 個樣本
2026-01-26 12:05:21,287 [INFO] [Similarity] Batch 1 完成，已收集 20 個樣本
generating images:  50%|█████     | 2/4 [00:35<00:34, 17.50s/it]2026-01-26 12:05:38,695 [INFO] [Similarity] Batch 2 完成，已收集 20 個樣本
2026-01-26 12:05:38,695 [INFO] [Similarity] Batch 2 完成，已收集 20 個樣本
generating images:  75%|███████▌  | 3/4 [00:52<00:17, 17.44s/it]2026-01-26 12:05:54,678 [INFO] [Similarity] 已收集 80 个样本，停止数据收集（目标: 80）
2026-01-26 12:05:54,678 [INFO] [Similarity] 已收集 80 个样本，停止数据收集（目标: 80）
2026-01-26 12:05:56,091 [INFO] [Similarity] Batch 3 完成，已收集 20 個樣本
2026-01-26 12:05:56,091 [INFO] [Similarity] Batch 3 完成，已收集 20 個樣本
generating images: 100%|██████████| 4/4 [01:09<00:00, 17.41s/it]2026-01-26 12:05:56,384 [INFO] [Similarity] FID@128 100 steps score: 0
generating images: 100%|██████████| 4/4 [01:09<00:00, 17.44s/it]
2026-01-26 12:05:56,384 [INFO] [Similarity] FID@128 100 steps score: 0
2026-01-26 12:05:56,386 [INFO] [Similarity] model.input_blocks.9 cosine: min=0.143501, max=1.000000, diag_mean=1.000000, off_diag_mean=0.777826, off_diag_std=0.198594
2026-01-26 12:05:56,386 [INFO] [Similarity] model.input_blocks.9 cosine: min=0.143501, max=1.000000, diag_mean=1.000000, off_diag_mean=0.777826, off_diag_std=0.198594
2026-01-26 12:05:57,501 [INFO] ✅ Similarity Analysis 完成
2026-01-26 12:05:57,501 [INFO] ✅ Similarity Analysis 完成
2026-01-26 12:05:57,540 [INFO] 執行 'main_float_model' 完成，耗時: 76.19 秒
2026-01-26 12:05:57,540 [INFO] 執行 'main_float_model' 完成，耗時: 76.19 秒
/home/jimmy/anaconda3/envs/diffae_bw/lib/python3.10/site-packages/torchmetrics/utilities/imports.py:21: UserWarning: pkg_resources is deprecated as an API. See https://setuptools.pypa.io/en/latest/pkg_resources.html. The pkg_resources package is slated for removal as early as 2025-11-30. Refrain from using this package or pin to Setuptools<81.
  from pkg_resources import DistributionNotFound, get_distribution
使用自動混合精度: torch.bfloat16
[設定] Log 檔案已設為: QATcode/cache_method/L1_L2_cosine/logs/similarity_model_input_blocks_9.log
2026-03-20 19:11:52,721 [INFO] Using 100 steps
2026-03-20 19:11:52,721 [INFO] Using 100 steps
2026-03-20 19:11:52,721 [INFO] Using 50000 evaluation samples
2026-03-20 19:11:52,721 [INFO] Using 50000 evaluation samples
2026-03-20 19:11:52,721 [INFO] Cache enabled: False, method: Res, threshold: 0.1
2026-03-20 19:11:52,721 [INFO] Cache enabled: False, method: Res, threshold: 0.1
2026-03-20 19:11:52,721 [INFO] Quantitative analysis enabled: False, samples: 10
2026-03-20 19:11:52,721 [INFO] Quantitative analysis enabled: False, samples: 10
2026-03-20 19:11:52,721 [INFO] Log file: QATcode/cache_method/L1_L2_cosine/logs/similarity_model_input_blocks_9.log
2026-03-20 19:11:52,721 [INFO] Log file: QATcode/cache_method/L1_L2_cosine/logs/similarity_model_input_blocks_9.log
2026-03-20 19:11:52,721 [INFO] ==================================================
2026-03-20 19:11:52,721 [INFO] ==================================================
2026-03-20 19:11:52,721 [INFO] Diff-AE EfficientDM Step 7 : 生成圖片
2026-03-20 19:11:52,721 [INFO] Diff-AE EfficientDM Step 7 : 生成圖片
2026-03-20 19:11:52,721 [INFO] ==================================================
2026-03-20 19:11:52,721 [INFO] ==================================================
2026-03-20 19:11:52,721 [INFO] 使用設備: cuda
2026-03-20 19:11:52,721 [INFO] 使用設備: cuda
2026-03-20 19:11:52,721 [INFO] === 新功能狀態 ===
2026-03-20 19:11:52,721 [INFO] === 新功能狀態 ===
2026-03-20 19:11:52,721 [INFO] 載入 Diff-AE 模型: checkpoints/ffhq128_autoenc_latent/last.ckpt
2026-03-20 19:11:52,721 [INFO] 載入 Diff-AE 模型: checkpoints/ffhq128_autoenc_latent/last.ckpt
Global seed set to 0
2026-03-20 19:11:54,566 [INFO] Diff-AE 模型載入完成
2026-03-20 19:11:54,566 [INFO] Diff-AE 模型載入完成
2026-03-20 19:11:54,615 [INFO] 執行 'load_diffae_model' 完成，耗時: 1.89 秒
2026-03-20 19:11:54,615 [INFO] 執行 'load_diffae_model' 完成，耗時: 1.89 秒
2026-03-20 19:11:54,615 [INFO] ✅ Diff-AE 模型載入成功
2026-03-20 19:11:54,615 [INFO] ✅ Diff-AE 模型載入成功
2026-03-20 19:11:54,616 [INFO] base_model.conf.train_mode: TrainMode.latent_diffusion
2026-03-20 19:11:54,616 [INFO] base_model.conf.train_mode: TrainMode.latent_diffusion
2026-03-20 19:11:54,616 [INFO] === 創建 LoRA 量化模型 ===
2026-03-20 19:11:54,616 [INFO] === 創建 LoRA 量化模型 ===
2026-03-20 19:11:54,616 [INFO] === 開始 UNet LoRA 量化改造 ===
2026-03-20 19:11:54,616 [INFO] === 開始 UNet LoRA 量化改造 ===
2026-03-20 19:11:54,616 [INFO] 改造模組: time_embed
2026-03-20 19:11:54,616 [INFO] 改造模組: time_embed
2026-03-20 19:11:54,616 [INFO]   跳過量化特殊模組: 0
2026-03-20 19:11:54,616 [INFO]   跳過量化特殊模組: 0
2026-03-20 19:11:54,616 [INFO]   跳過量化特殊模組: 2
2026-03-20 19:11:54,616 [INFO]   跳過量化特殊模組: 2
2026-03-20 19:11:54,616 [INFO] 改造模組: input_blocks
2026-03-20 19:11:54,616 [INFO] 改造模組: input_blocks
2026-03-20 19:11:54,616 [INFO]   跳過量化特殊模組: 0
2026-03-20 19:11:54,616 [INFO]   跳過量化特殊模組: 0
2026-03-20 19:11:54,616 [INFO]   替換層 2 -> QuantModule_DiffAE_LoRA
2026-03-20 19:11:54,616 [INFO]   替換層 2 -> QuantModule_DiffAE_LoRA
2026-03-20 19:11:54,680 [INFO]   替換層 1 -> QuantModule_DiffAE_LoRA
2026-03-20 19:11:54,680 [INFO]   替換層 1 -> QuantModule_DiffAE_LoRA
2026-03-20 19:11:54,682 [INFO]   替換層 1 -> QuantModule_DiffAE_LoRA
2026-03-20 19:11:54,682 [INFO]   替換層 1 -> QuantModule_DiffAE_LoRA
2026-03-20 19:11:54,682 [INFO]   替換層 3 -> QuantModule_DiffAE_LoRA
2026-03-20 19:11:54,682 [INFO]   替換層 3 -> QuantModule_DiffAE_LoRA
2026-03-20 19:11:54,683 [INFO]   替換層 2 -> QuantModule_DiffAE_LoRA
2026-03-20 19:11:54,683 [INFO]   替換層 2 -> QuantModule_DiffAE_LoRA
2026-03-20 19:11:54,684 [INFO]   替換層 1 -> QuantModule_DiffAE_LoRA
2026-03-20 19:11:54,684 [INFO]   替換層 1 -> QuantModule_DiffAE_LoRA
2026-03-20 19:11:54,685 [INFO]   替換層 1 -> QuantModule_DiffAE_LoRA
2026-03-20 19:11:54,685 [INFO]   替換層 1 -> QuantModule_DiffAE_LoRA
2026-03-20 19:11:54,686 [INFO]   替換層 3 -> QuantModule_DiffAE_LoRA
2026-03-20 19:11:54,686 [INFO]   替換層 3 -> QuantModule_DiffAE_LoRA
2026-03-20 19:11:54,687 [INFO]   替換層 2 -> QuantModule_DiffAE_LoRA
2026-03-20 19:11:54,687 [INFO]   替換層 2 -> QuantModule_DiffAE_LoRA
2026-03-20 19:11:54,688 [INFO]   替換層 1 -> QuantModule_DiffAE_LoRA
2026-03-20 19:11:54,688 [INFO]   替換層 1 -> QuantModule_DiffAE_LoRA
2026-03-20 19:11:54,689 [INFO]   替換層 1 -> QuantModule_DiffAE_LoRA
2026-03-20 19:11:54,689 [INFO]   替換層 1 -> QuantModule_DiffAE_LoRA
2026-03-20 19:11:54,690 [INFO]   替換層 3 -> QuantModule_DiffAE_LoRA
2026-03-20 19:11:54,690 [INFO]   替換層 3 -> QuantModule_DiffAE_LoRA
2026-03-20 19:11:54,691 [INFO]   替換層 2 -> QuantModule_DiffAE_LoRA
2026-03-20 19:11:54,691 [INFO]   替換層 2 -> QuantModule_DiffAE_LoRA
2026-03-20 19:11:54,692 [INFO]   替換層 1 -> QuantModule_DiffAE_LoRA
2026-03-20 19:11:54,692 [INFO]   替換層 1 -> QuantModule_DiffAE_LoRA
2026-03-20 19:11:54,693 [INFO]   替換層 1 -> QuantModule_DiffAE_LoRA
2026-03-20 19:11:54,693 [INFO]   替換層 1 -> QuantModule_DiffAE_LoRA
2026-03-20 19:11:54,693 [INFO]   替換層 3 -> QuantModule_DiffAE_LoRA
2026-03-20 19:11:54,693 [INFO]   替換層 3 -> QuantModule_DiffAE_LoRA
2026-03-20 19:11:54,694 [INFO]   替換層 2 -> QuantModule_DiffAE_LoRA
2026-03-20 19:11:54,694 [INFO]   替換層 2 -> QuantModule_DiffAE_LoRA
2026-03-20 19:11:54,695 [INFO]   替換層 1 -> QuantModule_DiffAE_LoRA
2026-03-20 19:11:54,695 [INFO]   替換層 1 -> QuantModule_DiffAE_LoRA
2026-03-20 19:11:54,696 [INFO]   替換層 1 -> QuantModule_DiffAE_LoRA
2026-03-20 19:11:54,696 [INFO]   替換層 1 -> QuantModule_DiffAE_LoRA
2026-03-20 19:11:54,697 [INFO]   替換層 3 -> QuantModule_DiffAE_LoRA
2026-03-20 19:11:54,697 [INFO]   替換層 3 -> QuantModule_DiffAE_LoRA
2026-03-20 19:11:54,698 [INFO]   替換層 2 -> QuantModule_DiffAE_LoRA
2026-03-20 19:11:54,698 [INFO]   替換層 2 -> QuantModule_DiffAE_LoRA
2026-03-20 19:11:54,699 [INFO]   替換層 1 -> QuantModule_DiffAE_LoRA
2026-03-20 19:11:54,699 [INFO]   替換層 1 -> QuantModule_DiffAE_LoRA
2026-03-20 19:11:54,700 [INFO]   替換層 1 -> QuantModule_DiffAE_LoRA
2026-03-20 19:11:54,700 [INFO]   替換層 1 -> QuantModule_DiffAE_LoRA
2026-03-20 19:11:54,700 [INFO]   替換層 3 -> QuantModule_DiffAE_LoRA
2026-03-20 19:11:54,700 [INFO]   替換層 3 -> QuantModule_DiffAE_LoRA
2026-03-20 19:11:54,701 [INFO]   替換層 2 -> QuantModule_DiffAE_LoRA
2026-03-20 19:11:54,701 [INFO]   替換層 2 -> QuantModule_DiffAE_LoRA
2026-03-20 19:11:54,703 [INFO]   替換層 1 -> QuantModule_DiffAE_LoRA
2026-03-20 19:11:54,703 [INFO]   替換層 1 -> QuantModule_DiffAE_LoRA
2026-03-20 19:11:54,705 [INFO]   替換層 1 -> QuantModule_DiffAE_LoRA
2026-03-20 19:11:54,705 [INFO]   替換層 1 -> QuantModule_DiffAE_LoRA
2026-03-20 19:11:54,706 [INFO]   替換層 3 -> QuantModule_DiffAE_LoRA
2026-03-20 19:11:54,706 [INFO]   替換層 3 -> QuantModule_DiffAE_LoRA
2026-03-20 19:11:54,708 [INFO]   跳過量化 skip connection: skip_connection
2026-03-20 19:11:54,708 [INFO]   跳過量化 skip connection: skip_connection
2026-03-20 19:11:54,708 [INFO]   替換層 2 -> QuantModule_DiffAE_LoRA
2026-03-20 19:11:54,708 [INFO]   替換層 2 -> QuantModule_DiffAE_LoRA
2026-03-20 19:11:54,711 [INFO]   替換層 1 -> QuantModule_DiffAE_LoRA
2026-03-20 19:11:54,711 [INFO]   替換層 1 -> QuantModule_DiffAE_LoRA
2026-03-20 19:11:54,712 [INFO]   替換層 1 -> QuantModule_DiffAE_LoRA
2026-03-20 19:11:54,712 [INFO]   替換層 1 -> QuantModule_DiffAE_LoRA
2026-03-20 19:11:54,713 [INFO]   替換層 3 -> QuantModule_DiffAE_LoRA
2026-03-20 19:11:54,713 [INFO]   替換層 3 -> QuantModule_DiffAE_LoRA
2026-03-20 19:11:54,715 [INFO]   替換層 2 -> QuantModule_DiffAE_LoRA
2026-03-20 19:11:54,715 [INFO]   替換層 2 -> QuantModule_DiffAE_LoRA
2026-03-20 19:11:54,717 [INFO]   替換層 1 -> QuantModule_DiffAE_LoRA
2026-03-20 19:11:54,717 [INFO]   替換層 1 -> QuantModule_DiffAE_LoRA
2026-03-20 19:11:54,719 [INFO]   替換層 1 -> QuantModule_DiffAE_LoRA
2026-03-20 19:11:54,719 [INFO]   替換層 1 -> QuantModule_DiffAE_LoRA
2026-03-20 19:11:54,719 [INFO]   替換層 3 -> QuantModule_DiffAE_LoRA
2026-03-20 19:11:54,719 [INFO]   替換層 3 -> QuantModule_DiffAE_LoRA
2026-03-20 19:11:54,722 [INFO]   替換層 2 -> QuantModule_DiffAE_LoRA
2026-03-20 19:11:54,722 [INFO]   替換層 2 -> QuantModule_DiffAE_LoRA
2026-03-20 19:11:54,725 [INFO]   替換層 1 -> QuantModule_DiffAE_LoRA
2026-03-20 19:11:54,725 [INFO]   替換層 1 -> QuantModule_DiffAE_LoRA
2026-03-20 19:11:54,727 [INFO]   替換層 1 -> QuantModule_DiffAE_LoRA
2026-03-20 19:11:54,727 [INFO]   替換層 1 -> QuantModule_DiffAE_LoRA
2026-03-20 19:11:54,727 [INFO]   替換層 3 -> QuantModule_DiffAE_LoRA
2026-03-20 19:11:54,727 [INFO]   替換層 3 -> QuantModule_DiffAE_LoRA
2026-03-20 19:11:54,732 [INFO]   跳過量化 skip connection: skip_connection
2026-03-20 19:11:54,732 [INFO]   跳過量化 skip connection: skip_connection
2026-03-20 19:11:54,732 [INFO]   替換層 2 -> QuantModule_DiffAE_LoRA
2026-03-20 19:11:54,732 [INFO]   替換層 2 -> QuantModule_DiffAE_LoRA
2026-03-20 19:11:54,737 [INFO]   替換層 1 -> QuantModule_DiffAE_LoRA
2026-03-20 19:11:54,737 [INFO]   替換層 1 -> QuantModule_DiffAE_LoRA
2026-03-20 19:11:54,738 [INFO]   替換層 1 -> QuantModule_DiffAE_LoRA
2026-03-20 19:11:54,738 [INFO]   替換層 1 -> QuantModule_DiffAE_LoRA
2026-03-20 19:11:54,739 [INFO]   替換層 3 -> QuantModule_DiffAE_LoRA
2026-03-20 19:11:54,739 [INFO]   替換層 3 -> QuantModule_DiffAE_LoRA
2026-03-20 19:11:54,744 [INFO]   替換層 2 -> QuantModule_DiffAE_LoRA
2026-03-20 19:11:54,744 [INFO]   替換層 2 -> QuantModule_DiffAE_LoRA
2026-03-20 19:11:54,748 [INFO]   替換層 1 -> QuantModule_DiffAE_LoRA
2026-03-20 19:11:54,748 [INFO]   替換層 1 -> QuantModule_DiffAE_LoRA
2026-03-20 19:11:54,750 [INFO]   替換層 1 -> QuantModule_DiffAE_LoRA
2026-03-20 19:11:54,750 [INFO]   替換層 1 -> QuantModule_DiffAE_LoRA
2026-03-20 19:11:54,751 [INFO]   替換層 3 -> QuantModule_DiffAE_LoRA
2026-03-20 19:11:54,751 [INFO]   替換層 3 -> QuantModule_DiffAE_LoRA
2026-03-20 19:11:54,756 [INFO]   替換層 2 -> QuantModule_DiffAE_LoRA
2026-03-20 19:11:54,756 [INFO]   替換層 2 -> QuantModule_DiffAE_LoRA
2026-03-20 19:11:54,761 [INFO]   替換層 1 -> QuantModule_DiffAE_LoRA
2026-03-20 19:11:54,761 [INFO]   替換層 1 -> QuantModule_DiffAE_LoRA
2026-03-20 19:11:54,763 [INFO]   替換層 1 -> QuantModule_DiffAE_LoRA
2026-03-20 19:11:54,763 [INFO]   替換層 1 -> QuantModule_DiffAE_LoRA
2026-03-20 19:11:54,764 [INFO]   替換層 3 -> QuantModule_DiffAE_LoRA
2026-03-20 19:11:54,764 [INFO]   替換層 3 -> QuantModule_DiffAE_LoRA
2026-03-20 19:11:54,771 [INFO]   跳過量化 skip connection: skip_connection
2026-03-20 19:11:54,771 [INFO]   跳過量化 skip connection: skip_connection
2026-03-20 19:11:54,771 [INFO]   替換層 2 -> QuantModule_DiffAE_LoRA
2026-03-20 19:11:54,771 [INFO]   替換層 2 -> QuantModule_DiffAE_LoRA
2026-03-20 19:11:54,781 [INFO]   替換層 1 -> QuantModule_DiffAE_LoRA
2026-03-20 19:11:54,781 [INFO]   替換層 1 -> QuantModule_DiffAE_LoRA
2026-03-20 19:11:54,783 [INFO]   替換層 1 -> QuantModule_DiffAE_LoRA
2026-03-20 19:11:54,783 [INFO]   替換層 1 -> QuantModule_DiffAE_LoRA
2026-03-20 19:11:54,785 [INFO]   替換層 3 -> QuantModule_DiffAE_LoRA
2026-03-20 19:11:54,785 [INFO]   替換層 3 -> QuantModule_DiffAE_LoRA
2026-03-20 19:11:54,792 [INFO] 改造模組: middle_block
2026-03-20 19:11:54,792 [INFO] 改造模組: middle_block
2026-03-20 19:11:54,792 [INFO]   替換層 2 -> QuantModule_DiffAE_LoRA
2026-03-20 19:11:54,792 [INFO]   替換層 2 -> QuantModule_DiffAE_LoRA
2026-03-20 19:11:54,802 [INFO]   替換層 1 -> QuantModule_DiffAE_LoRA
2026-03-20 19:11:54,802 [INFO]   替換層 1 -> QuantModule_DiffAE_LoRA
2026-03-20 19:11:54,805 [INFO]   替換層 1 -> QuantModule_DiffAE_LoRA
2026-03-20 19:11:54,805 [INFO]   替換層 1 -> QuantModule_DiffAE_LoRA
2026-03-20 19:11:54,806 [INFO]   替換層 3 -> QuantModule_DiffAE_LoRA
2026-03-20 19:11:54,806 [INFO]   替換層 3 -> QuantModule_DiffAE_LoRA
2026-03-20 19:11:54,814 [INFO]   替換層 2 -> QuantModule_DiffAE_LoRA
2026-03-20 19:11:54,814 [INFO]   替換層 2 -> QuantModule_DiffAE_LoRA
2026-03-20 19:11:54,823 [INFO]   替換層 1 -> QuantModule_DiffAE_LoRA
2026-03-20 19:11:54,823 [INFO]   替換層 1 -> QuantModule_DiffAE_LoRA
2026-03-20 19:11:54,825 [INFO]   替換層 1 -> QuantModule_DiffAE_LoRA
2026-03-20 19:11:54,825 [INFO]   替換層 1 -> QuantModule_DiffAE_LoRA
2026-03-20 19:11:54,826 [INFO]   替換層 3 -> QuantModule_DiffAE_LoRA
2026-03-20 19:11:54,826 [INFO]   替換層 3 -> QuantModule_DiffAE_LoRA
2026-03-20 19:11:54,834 [INFO] 改造模組: output_blocks
2026-03-20 19:11:54,834 [INFO] 改造模組: output_blocks
2026-03-20 19:11:54,835 [INFO]   替換層 2 -> QuantModule_DiffAE_LoRA
2026-03-20 19:11:54,835 [INFO]   替換層 2 -> QuantModule_DiffAE_LoRA
2026-03-20 19:11:54,848 [INFO]   替換層 1 -> QuantModule_DiffAE_LoRA
2026-03-20 19:11:54,848 [INFO]   替換層 1 -> QuantModule_DiffAE_LoRA
2026-03-20 19:11:54,850 [INFO]   替換層 1 -> QuantModule_DiffAE_LoRA
2026-03-20 19:11:54,850 [INFO]   替換層 1 -> QuantModule_DiffAE_LoRA
2026-03-20 19:11:54,852 [INFO]   替換層 3 -> QuantModule_DiffAE_LoRA
2026-03-20 19:11:54,852 [INFO]   替換層 3 -> QuantModule_DiffAE_LoRA
2026-03-20 19:11:54,859 [INFO]   跳過量化 skip connection: skip_connection
2026-03-20 19:11:54,859 [INFO]   跳過量化 skip connection: skip_connection
2026-03-20 19:11:54,859 [INFO]   替換層 2 -> QuantModule_DiffAE_LoRA
2026-03-20 19:11:54,859 [INFO]   替換層 2 -> QuantModule_DiffAE_LoRA
2026-03-20 19:11:54,872 [INFO]   替換層 1 -> QuantModule_DiffAE_LoRA
2026-03-20 19:11:54,872 [INFO]   替換層 1 -> QuantModule_DiffAE_LoRA
2026-03-20 19:11:54,875 [INFO]   替換層 1 -> QuantModule_DiffAE_LoRA
2026-03-20 19:11:54,875 [INFO]   替換層 1 -> QuantModule_DiffAE_LoRA
2026-03-20 19:11:54,876 [INFO]   替換層 3 -> QuantModule_DiffAE_LoRA
2026-03-20 19:11:54,876 [INFO]   替換層 3 -> QuantModule_DiffAE_LoRA
2026-03-20 19:11:54,884 [INFO]   跳過量化 skip connection: skip_connection
2026-03-20 19:11:54,884 [INFO]   跳過量化 skip connection: skip_connection
2026-03-20 19:11:54,884 [INFO]   替換層 2 -> QuantModule_DiffAE_LoRA
2026-03-20 19:11:54,884 [INFO]   替換層 2 -> QuantModule_DiffAE_LoRA
2026-03-20 19:11:54,898 [INFO]   替換層 1 -> QuantModule_DiffAE_LoRA
2026-03-20 19:11:54,898 [INFO]   替換層 1 -> QuantModule_DiffAE_LoRA
2026-03-20 19:11:54,900 [INFO]   替換層 1 -> QuantModule_DiffAE_LoRA
2026-03-20 19:11:54,900 [INFO]   替換層 1 -> QuantModule_DiffAE_LoRA
2026-03-20 19:11:54,901 [INFO]   替換層 3 -> QuantModule_DiffAE_LoRA
2026-03-20 19:11:54,901 [INFO]   替換層 3 -> QuantModule_DiffAE_LoRA
2026-03-20 19:11:54,910 [INFO]   跳過量化 skip connection: skip_connection
2026-03-20 19:11:54,910 [INFO]   跳過量化 skip connection: skip_connection
2026-03-20 19:11:54,911 [INFO]   替換層 2 -> QuantModule_DiffAE_LoRA
2026-03-20 19:11:54,911 [INFO]   替換層 2 -> QuantModule_DiffAE_LoRA
2026-03-20 19:11:54,919 [INFO]   替換層 1 -> QuantModule_DiffAE_LoRA
2026-03-20 19:11:54,919 [INFO]   替換層 1 -> QuantModule_DiffAE_LoRA
2026-03-20 19:11:54,921 [INFO]   替換層 1 -> QuantModule_DiffAE_LoRA
2026-03-20 19:11:54,921 [INFO]   替換層 1 -> QuantModule_DiffAE_LoRA
2026-03-20 19:11:54,922 [INFO]   替換層 3 -> QuantModule_DiffAE_LoRA
2026-03-20 19:11:54,922 [INFO]   替換層 3 -> QuantModule_DiffAE_LoRA
2026-03-20 19:11:54,930 [INFO]   替換層 2 -> QuantModule_DiffAE_LoRA
2026-03-20 19:11:54,930 [INFO]   替換層 2 -> QuantModule_DiffAE_LoRA
2026-03-20 19:11:54,941 [INFO]   替換層 1 -> QuantModule_DiffAE_LoRA
2026-03-20 19:11:54,941 [INFO]   替換層 1 -> QuantModule_DiffAE_LoRA
2026-03-20 19:11:54,943 [INFO]   替換層 1 -> QuantModule_DiffAE_LoRA
2026-03-20 19:11:54,943 [INFO]   替換層 1 -> QuantModule_DiffAE_LoRA
2026-03-20 19:11:54,944 [INFO]   替換層 3 -> QuantModule_DiffAE_LoRA
2026-03-20 19:11:54,944 [INFO]   替換層 3 -> QuantModule_DiffAE_LoRA
2026-03-20 19:11:54,948 [INFO]   跳過量化 skip connection: skip_connection
2026-03-20 19:11:54,948 [INFO]   跳過量化 skip connection: skip_connection
2026-03-20 19:11:54,948 [INFO]   替換層 2 -> QuantModule_DiffAE_LoRA
2026-03-20 19:11:54,948 [INFO]   替換層 2 -> QuantModule_DiffAE_LoRA
2026-03-20 19:11:54,957 [INFO]   替換層 1 -> QuantModule_DiffAE_LoRA
2026-03-20 19:11:54,957 [INFO]   替換層 1 -> QuantModule_DiffAE_LoRA
2026-03-20 19:11:54,959 [INFO]   替換層 1 -> QuantModule_DiffAE_LoRA
2026-03-20 19:11:54,959 [INFO]   替換層 1 -> QuantModule_DiffAE_LoRA
2026-03-20 19:11:54,960 [INFO]   替換層 3 -> QuantModule_DiffAE_LoRA
2026-03-20 19:11:54,960 [INFO]   替換層 3 -> QuantModule_DiffAE_LoRA
2026-03-20 19:11:54,966 [INFO]   跳過量化 skip connection: skip_connection
2026-03-20 19:11:54,966 [INFO]   跳過量化 skip connection: skip_connection
2026-03-20 19:11:54,966 [INFO]   替換層 2 -> QuantModule_DiffAE_LoRA
2026-03-20 19:11:54,966 [INFO]   替換層 2 -> QuantModule_DiffAE_LoRA
2026-03-20 19:11:54,973 [INFO]   替換層 1 -> QuantModule_DiffAE_LoRA
2026-03-20 19:11:54,973 [INFO]   替換層 1 -> QuantModule_DiffAE_LoRA
2026-03-20 19:11:54,974 [INFO]   替換層 1 -> QuantModule_DiffAE_LoRA
2026-03-20 19:11:54,974 [INFO]   替換層 1 -> QuantModule_DiffAE_LoRA
2026-03-20 19:11:54,975 [INFO]   替換層 3 -> QuantModule_DiffAE_LoRA
2026-03-20 19:11:54,975 [INFO]   替換層 3 -> QuantModule_DiffAE_LoRA
2026-03-20 19:11:54,980 [INFO]   跳過量化 skip connection: skip_connection
2026-03-20 19:11:54,980 [INFO]   跳過量化 skip connection: skip_connection
2026-03-20 19:11:54,980 [INFO]   替換層 2 -> QuantModule_DiffAE_LoRA
2026-03-20 19:11:54,980 [INFO]   替換層 2 -> QuantModule_DiffAE_LoRA
2026-03-20 19:11:54,985 [INFO]   替換層 1 -> QuantModule_DiffAE_LoRA
2026-03-20 19:11:54,985 [INFO]   替換層 1 -> QuantModule_DiffAE_LoRA
2026-03-20 19:11:54,988 [INFO]   替換層 1 -> QuantModule_DiffAE_LoRA
2026-03-20 19:11:54,988 [INFO]   替換層 1 -> QuantModule_DiffAE_LoRA
2026-03-20 19:11:54,989 [INFO]   替換層 3 -> QuantModule_DiffAE_LoRA
2026-03-20 19:11:54,989 [INFO]   替換層 3 -> QuantModule_DiffAE_LoRA
2026-03-20 19:11:54,994 [INFO]   替換層 2 -> QuantModule_DiffAE_LoRA
2026-03-20 19:11:54,994 [INFO]   替換層 2 -> QuantModule_DiffAE_LoRA
2026-03-20 19:11:55,001 [INFO]   替換層 1 -> QuantModule_DiffAE_LoRA
2026-03-20 19:11:55,001 [INFO]   替換層 1 -> QuantModule_DiffAE_LoRA
2026-03-20 19:11:55,002 [INFO]   替換層 1 -> QuantModule_DiffAE_LoRA
2026-03-20 19:11:55,002 [INFO]   替換層 1 -> QuantModule_DiffAE_LoRA
2026-03-20 19:11:55,003 [INFO]   替換層 3 -> QuantModule_DiffAE_LoRA
2026-03-20 19:11:55,003 [INFO]   替換層 3 -> QuantModule_DiffAE_LoRA
2026-03-20 19:11:55,005 [INFO]   跳過量化 skip connection: skip_connection
2026-03-20 19:11:55,005 [INFO]   跳過量化 skip connection: skip_connection
2026-03-20 19:11:55,005 [INFO]   替換層 2 -> QuantModule_DiffAE_LoRA
2026-03-20 19:11:55,005 [INFO]   替換層 2 -> QuantModule_DiffAE_LoRA
2026-03-20 19:11:55,009 [INFO]   替換層 1 -> QuantModule_DiffAE_LoRA
2026-03-20 19:11:55,009 [INFO]   替換層 1 -> QuantModule_DiffAE_LoRA
2026-03-20 19:11:55,010 [INFO]   替換層 1 -> QuantModule_DiffAE_LoRA
2026-03-20 19:11:55,010 [INFO]   替換層 1 -> QuantModule_DiffAE_LoRA
2026-03-20 19:11:55,011 [INFO]   替換層 3 -> QuantModule_DiffAE_LoRA
2026-03-20 19:11:55,011 [INFO]   替換層 3 -> QuantModule_DiffAE_LoRA
2026-03-20 19:11:55,013 [INFO]   跳過量化 skip connection: skip_connection
2026-03-20 19:11:55,013 [INFO]   跳過量化 skip connection: skip_connection
2026-03-20 19:11:55,013 [INFO]   替換層 2 -> QuantModule_DiffAE_LoRA
2026-03-20 19:11:55,013 [INFO]   替換層 2 -> QuantModule_DiffAE_LoRA
2026-03-20 19:11:55,016 [INFO]   替換層 1 -> QuantModule_DiffAE_LoRA
2026-03-20 19:11:55,016 [INFO]   替換層 1 -> QuantModule_DiffAE_LoRA
2026-03-20 19:11:55,017 [INFO]   替換層 1 -> QuantModule_DiffAE_LoRA
2026-03-20 19:11:55,017 [INFO]   替換層 1 -> QuantModule_DiffAE_LoRA
2026-03-20 19:11:55,018 [INFO]   替換層 3 -> QuantModule_DiffAE_LoRA
2026-03-20 19:11:55,018 [INFO]   替換層 3 -> QuantModule_DiffAE_LoRA
2026-03-20 19:11:55,020 [INFO]   跳過量化 skip connection: skip_connection
2026-03-20 19:11:55,020 [INFO]   跳過量化 skip connection: skip_connection
2026-03-20 19:11:55,020 [INFO]   替換層 2 -> QuantModule_DiffAE_LoRA
2026-03-20 19:11:55,020 [INFO]   替換層 2 -> QuantModule_DiffAE_LoRA
2026-03-20 19:11:55,022 [INFO]   替換層 1 -> QuantModule_DiffAE_LoRA
2026-03-20 19:11:55,022 [INFO]   替換層 1 -> QuantModule_DiffAE_LoRA
2026-03-20 19:11:55,023 [INFO]   替換層 1 -> QuantModule_DiffAE_LoRA
2026-03-20 19:11:55,023 [INFO]   替換層 1 -> QuantModule_DiffAE_LoRA
2026-03-20 19:11:55,024 [INFO]   替換層 3 -> QuantModule_DiffAE_LoRA
2026-03-20 19:11:55,024 [INFO]   替換層 3 -> QuantModule_DiffAE_LoRA
2026-03-20 19:11:55,026 [INFO]   替換層 2 -> QuantModule_DiffAE_LoRA
2026-03-20 19:11:55,026 [INFO]   替換層 2 -> QuantModule_DiffAE_LoRA
2026-03-20 19:11:55,028 [INFO]   替換層 1 -> QuantModule_DiffAE_LoRA
2026-03-20 19:11:55,028 [INFO]   替換層 1 -> QuantModule_DiffAE_LoRA
2026-03-20 19:11:55,029 [INFO]   替換層 1 -> QuantModule_DiffAE_LoRA
2026-03-20 19:11:55,029 [INFO]   替換層 1 -> QuantModule_DiffAE_LoRA
2026-03-20 19:11:55,029 [INFO]   替換層 3 -> QuantModule_DiffAE_LoRA
2026-03-20 19:11:55,029 [INFO]   替換層 3 -> QuantModule_DiffAE_LoRA
2026-03-20 19:11:55,030 [INFO]   跳過量化 skip connection: skip_connection
2026-03-20 19:11:55,030 [INFO]   跳過量化 skip connection: skip_connection
2026-03-20 19:11:55,030 [INFO]   替換層 2 -> QuantModule_DiffAE_LoRA
2026-03-20 19:11:55,030 [INFO]   替換層 2 -> QuantModule_DiffAE_LoRA
2026-03-20 19:11:55,031 [INFO]   替換層 1 -> QuantModule_DiffAE_LoRA
2026-03-20 19:11:55,031 [INFO]   替換層 1 -> QuantModule_DiffAE_LoRA
2026-03-20 19:11:55,032 [INFO]   替換層 1 -> QuantModule_DiffAE_LoRA
2026-03-20 19:11:55,032 [INFO]   替換層 1 -> QuantModule_DiffAE_LoRA
2026-03-20 19:11:55,032 [INFO]   替換層 3 -> QuantModule_DiffAE_LoRA
2026-03-20 19:11:55,032 [INFO]   替換層 3 -> QuantModule_DiffAE_LoRA
2026-03-20 19:11:55,033 [INFO]   跳過量化 skip connection: skip_connection
2026-03-20 19:11:55,033 [INFO]   跳過量化 skip connection: skip_connection
2026-03-20 19:11:55,033 [INFO]   替換層 2 -> QuantModule_DiffAE_LoRA
2026-03-20 19:11:55,033 [INFO]   替換層 2 -> QuantModule_DiffAE_LoRA
2026-03-20 19:11:55,034 [INFO]   替換層 1 -> QuantModule_DiffAE_LoRA
2026-03-20 19:11:55,034 [INFO]   替換層 1 -> QuantModule_DiffAE_LoRA
2026-03-20 19:11:55,035 [INFO]   替換層 1 -> QuantModule_DiffAE_LoRA
2026-03-20 19:11:55,035 [INFO]   替換層 1 -> QuantModule_DiffAE_LoRA
2026-03-20 19:11:55,035 [INFO]   替換層 3 -> QuantModule_DiffAE_LoRA
2026-03-20 19:11:55,035 [INFO]   替換層 3 -> QuantModule_DiffAE_LoRA
2026-03-20 19:11:55,036 [INFO]   跳過量化 skip connection: skip_connection
2026-03-20 19:11:55,036 [INFO]   跳過量化 skip connection: skip_connection
2026-03-20 19:11:55,036 [INFO]   替換層 2 -> QuantModule_DiffAE_LoRA
2026-03-20 19:11:55,036 [INFO]   替換層 2 -> QuantModule_DiffAE_LoRA
2026-03-20 19:11:55,037 [INFO]   替換層 1 -> QuantModule_DiffAE_LoRA
2026-03-20 19:11:55,037 [INFO]   替換層 1 -> QuantModule_DiffAE_LoRA
2026-03-20 19:11:55,037 [INFO]   替換層 1 -> QuantModule_DiffAE_LoRA
2026-03-20 19:11:55,037 [INFO]   替換層 1 -> QuantModule_DiffAE_LoRA
2026-03-20 19:11:55,038 [INFO]   替換層 3 -> QuantModule_DiffAE_LoRA
2026-03-20 19:11:55,038 [INFO]   替換層 3 -> QuantModule_DiffAE_LoRA
2026-03-20 19:11:55,039 [INFO]   替換層 2 -> QuantModule_DiffAE_LoRA
2026-03-20 19:11:55,039 [INFO]   替換層 2 -> QuantModule_DiffAE_LoRA
2026-03-20 19:11:55,040 [INFO]   替換層 1 -> QuantModule_DiffAE_LoRA
2026-03-20 19:11:55,040 [INFO]   替換層 1 -> QuantModule_DiffAE_LoRA
2026-03-20 19:11:55,041 [INFO]   替換層 1 -> QuantModule_DiffAE_LoRA
2026-03-20 19:11:55,041 [INFO]   替換層 1 -> QuantModule_DiffAE_LoRA
2026-03-20 19:11:55,041 [INFO]   替換層 3 -> QuantModule_DiffAE_LoRA
2026-03-20 19:11:55,041 [INFO]   替換層 3 -> QuantModule_DiffAE_LoRA
2026-03-20 19:11:55,042 [INFO]   跳過量化 skip connection: skip_connection
2026-03-20 19:11:55,042 [INFO]   跳過量化 skip connection: skip_connection
2026-03-20 19:11:55,042 [INFO]   替換層 2 -> QuantModule_DiffAE_LoRA
2026-03-20 19:11:55,042 [INFO]   替換層 2 -> QuantModule_DiffAE_LoRA
2026-03-20 19:11:55,043 [INFO]   替換層 1 -> QuantModule_DiffAE_LoRA
2026-03-20 19:11:55,043 [INFO]   替換層 1 -> QuantModule_DiffAE_LoRA
2026-03-20 19:11:55,044 [INFO]   替換層 1 -> QuantModule_DiffAE_LoRA
2026-03-20 19:11:55,044 [INFO]   替換層 1 -> QuantModule_DiffAE_LoRA
2026-03-20 19:11:55,044 [INFO]   替換層 3 -> QuantModule_DiffAE_LoRA
2026-03-20 19:11:55,044 [INFO]   替換層 3 -> QuantModule_DiffAE_LoRA
2026-03-20 19:11:55,045 [INFO]   跳過量化 skip connection: skip_connection
2026-03-20 19:11:55,045 [INFO]   跳過量化 skip connection: skip_connection
2026-03-20 19:11:55,045 [INFO]   替換層 2 -> QuantModule_DiffAE_LoRA
2026-03-20 19:11:55,045 [INFO]   替換層 2 -> QuantModule_DiffAE_LoRA
2026-03-20 19:11:55,046 [INFO]   替換層 1 -> QuantModule_DiffAE_LoRA
2026-03-20 19:11:55,046 [INFO]   替換層 1 -> QuantModule_DiffAE_LoRA
2026-03-20 19:11:55,047 [INFO]   替換層 1 -> QuantModule_DiffAE_LoRA
2026-03-20 19:11:55,047 [INFO]   替換層 1 -> QuantModule_DiffAE_LoRA
2026-03-20 19:11:55,047 [INFO]   替換層 3 -> QuantModule_DiffAE_LoRA
2026-03-20 19:11:55,047 [INFO]   替換層 3 -> QuantModule_DiffAE_LoRA
2026-03-20 19:11:55,048 [INFO]   跳過量化 skip connection: skip_connection
2026-03-20 19:11:55,048 [INFO]   跳過量化 skip connection: skip_connection
2026-03-20 19:11:55,048 [INFO] 改造模組: out
2026-03-20 19:11:55,048 [INFO] 改造模組: out
2026-03-20 19:11:55,048 [INFO]   跳過量化特殊模組: 2
2026-03-20 19:11:55,048 [INFO]   跳過量化特殊模組: 2
2026-03-20 19:11:55,052 [INFO] 執行 'create_float_quantized_model' 完成，耗時: 0.44 秒
2026-03-20 19:11:55,052 [INFO] 執行 'create_float_quantized_model' 完成，耗時: 0.44 秒
2026-03-20 19:11:55,141 [INFO] 載入校準資料...
2026-03-20 19:11:55,141 [INFO] 載入校準資料...
2026-03-20 19:11:55,330 [INFO] ✅ 載入真實校準資料成功
2026-03-20 19:11:55,330 [INFO] ✅ 載入真實校準資料成功
2026-03-20 19:11:55,333 [INFO] ==================================================
2026-03-20 19:11:55,333 [INFO] ==================================================
2026-03-20 19:11:55,333 [INFO] 5. Setting first and last layers to 8-bit...
2026-03-20 19:11:55,333 [INFO] 5. Setting first and last layers to 8-bit...
2026-03-20 19:11:55,334 [INFO] 找到 144 個量化模組
2026-03-20 19:11:55,334 [INFO] 找到 144 個量化模組
2026-03-20 19:11:55,335 [INFO] ✅ 首尾層 8-bit 設定完成
2026-03-20 19:11:55,335 [INFO] ✅ 首尾層 8-bit 設定完成
2026-03-20 19:11:55,335 [INFO] ✅ 量化模型創建成功
2026-03-20 19:11:55,335 [INFO] ✅ 量化模型創建成功
2026-03-20 19:11:55,335 [INFO] set quant state to True, True for layer 1
2026-03-20 19:11:55,335 [INFO] set quant state to True, True for layer 1
2026-03-20 19:11:55,335 [INFO] set quant state to True, True for layer 2
2026-03-20 19:11:55,335 [INFO] set quant state to True, True for layer 2
2026-03-20 19:11:55,335 [INFO] set quant state to True, False for layer 3
2026-03-20 19:11:55,335 [INFO] set quant state to True, False for layer 3
2026-03-20 19:11:55,336 [INFO] set quant state to True, True for layer 144
2026-03-20 19:11:55,336 [INFO] set quant state to True, True for layer 144
2026-03-20 19:11:56,282 [INFO] EMA(load from ema_model.model.*): provided=1822 effective_loaded=1822 missing=280 unexpected=0
2026-03-20 19:11:56,282 [INFO] EMA(load from ema_model.model.*): provided=1822 effective_loaded=1822 missing=280 unexpected=0
2026-03-20 19:11:56,282 [WARNING] EMA missing keys (前10): ['model.input_blocks.1.0.in_layers.2.intn_dequantizer.delta', 'model.input_blocks.1.0.in_layers.2.intn_dequantizer.zero_point', 'model.input_blocks.1.0.emb_layers.1.intn_dequantizer.delta', 'model.input_blocks.1.0.emb_layers.1.intn_dequantizer.zero_point', 'model.input_blocks.1.0.cond_emb_layers.1.intn_dequantizer.delta', 'model.input_blocks.1.0.cond_emb_layers.1.intn_dequantizer.zero_point', 'model.input_blocks.1.0.out_layers.3.intn_dequantizer.delta', 'model.input_blocks.1.0.out_layers.3.intn_dequantizer.zero_point', 'model.input_blocks.2.0.in_layers.2.intn_dequantizer.delta', 'model.input_blocks.2.0.in_layers.2.intn_dequantizer.zero_point']
2026-03-20 19:11:56,282 [WARNING] EMA missing keys (前10): ['model.input_blocks.1.0.in_layers.2.intn_dequantizer.delta', 'model.input_blocks.1.0.in_layers.2.intn_dequantizer.zero_point', 'model.input_blocks.1.0.emb_layers.1.intn_dequantizer.delta', 'model.input_blocks.1.0.emb_layers.1.intn_dequantizer.zero_point', 'model.input_blocks.1.0.cond_emb_layers.1.intn_dequantizer.delta', 'model.input_blocks.1.0.cond_emb_layers.1.intn_dequantizer.zero_point', 'model.input_blocks.1.0.out_layers.3.intn_dequantizer.delta', 'model.input_blocks.1.0.out_layers.3.intn_dequantizer.zero_point', 'model.input_blocks.2.0.in_layers.2.intn_dequantizer.delta', 'model.input_blocks.2.0.in_layers.2.intn_dequantizer.zero_point']
2026-03-20 19:11:56,338 [INFO] MODEL(load from model.model.*): provided=1822 effective_loaded=1822 missing=280 unexpected=0
2026-03-20 19:11:56,338 [INFO] MODEL(load from model.model.*): provided=1822 effective_loaded=1822 missing=280 unexpected=0
2026-03-20 19:11:56,339 [INFO] ✅ 量化模型載入成功
2026-03-20 19:11:56,339 [INFO] ✅ 量化模型載入成功
2026-03-20 19:11:56,339 [INFO] === 初始化新功能模組 ===
2026-03-20 19:11:56,339 [INFO] === 初始化新功能模組 ===
2026-03-20 19:11:56,366 [INFO] ✅ 基礎模型設定完成
2026-03-20 19:11:56,366 [INFO] ✅ 基礎模型設定完成
2026-03-20 19:11:56,390 [INFO] ==================================================
2026-03-20 19:11:56,390 [INFO] ==================================================
2026-03-20 19:11:56,390 [INFO] 啟用 Similarity Analysis (L1/L2/Cosine)
2026-03-20 19:11:56,390 [INFO] 啟用 Similarity Analysis (L1/L2/Cosine)
2026-03-20 19:11:56,390 [INFO] FID 評估樣本數: 128
2026-03-20 19:11:56,390 [INFO] FID 評估樣本數: 128
2026-03-20 19:11:56,390 [INFO] 實際收集樣本數: 20 (用於加速)
2026-03-20 19:11:56,390 [INFO] 實際收集樣本數: 20 (用於加速)
2026-03-20 19:11:56,390 [INFO] 擴散步數: 100
2026-03-20 19:11:56,390 [INFO] 擴散步數: 100
2026-03-20 19:11:56,390 [INFO] ==================================================
2026-03-20 19:11:56,390 [INFO] ==================================================
2026-03-20 19:11:56,390 [INFO] [Similarity] 註冊 block hook: model.input_blocks.9
2026-03-20 19:11:56,390 [INFO] [Similarity] 註冊 block hook: model.input_blocks.9
2026-03-20 19:11:56,392 [INFO] [Similarity] 註冊 model step hook 完成
2026-03-20 19:11:56,392 [INFO] [Similarity] 註冊 model step hook 完成
Model params: 174.19 M
loading pretrain ... 130M
step: 1019986
loading latent stats ...
local seed: 0
train data: 70001
val data: 70001
on train dataloader start ...
mean: tensor(-0.0606, device='cuda:0') std: tensor(0.0755, device='cuda:0')
generating images:   0%|          | 0/4 [00:00<?, ?it/s]/home/jimmy/diffae/./diffusion/base.py:329: FutureWarning: `torch.cuda.amp.autocast(args...)` is deprecated. Please use `torch.amp.autocast('cuda', args...)` instead.
  with autocast(self.conf.fp16):
2026-03-20 19:12:13,559 [INFO] [Similarity] Batch 0 完成，已收集 20 個樣本
2026-03-20 19:12:13,559 [INFO] [Similarity] Batch 0 完成，已收集 20 個樣本
generating images:  25%|██▌       | 1/4 [00:17<00:51, 17.29s/it]2026-03-20 19:12:30,708 [INFO] [Similarity] Batch 1 完成，已收集 20 個樣本
2026-03-20 19:12:30,708 [INFO] [Similarity] Batch 1 完成，已收集 20 個樣本
generating images:  50%|█████     | 2/4 [00:34<00:34, 17.21s/it]2026-03-20 19:12:47,854 [INFO] [Similarity] Batch 2 完成，已收集 20 個樣本
2026-03-20 19:12:47,854 [INFO] [Similarity] Batch 2 完成，已收集 20 個樣本
generating images:  75%|███████▌  | 3/4 [00:51<00:17, 17.18s/it]2026-03-20 19:13:03,643 [INFO] [Similarity] 已收集 80 个样本，停止数据收集（目标: 80）
2026-03-20 19:13:03,643 [INFO] [Similarity] 已收集 80 个样本，停止数据收集（目标: 80）
2026-03-20 19:13:05,006 [INFO] [Similarity] Batch 3 完成，已收集 20 個樣本
2026-03-20 19:13:05,006 [INFO] [Similarity] Batch 3 完成，已收集 20 個樣本
generating images: 100%|██████████| 4/4 [01:08<00:00, 17.17s/it]generating images: 100%|██████████| 4/4 [01:08<00:00, 17.18s/it]
2026-03-20 19:13:05,131 [INFO] [Similarity] FID@128 100 steps score: 0
2026-03-20 19:13:05,131 [INFO] [Similarity] FID@128 100 steps score: 0
2026-03-20 19:13:05,132 [INFO] [Similarity] model.input_blocks.9 cosine: min=0.134246, max=1.000000, diag_mean=1.000000, off_diag_mean=0.777829, off_diag_std=0.198507
2026-03-20 19:13:05,132 [INFO] [Similarity] model.input_blocks.9 cosine: min=0.134246, max=1.000000, diag_mean=1.000000, off_diag_mean=0.777829, off_diag_std=0.198507
2026-03-20 19:13:06,211 [INFO] ✅ Similarity Analysis 完成
2026-03-20 19:13:06,211 [INFO] ✅ Similarity Analysis 完成
2026-03-20 19:13:06,258 [INFO] 執行 'main_float_model' 完成，耗時: 73.54 秒
2026-03-20 19:13:06,258 [INFO] 執行 'main_float_model' 完成，耗時: 73.54 秒
