/home/jimmy/anaconda3/envs/diffae_bw/lib/python3.10/site-packages/lightning_fabric/__init__.py:41: pkg_resources is deprecated as an API. See https://setuptools.pypa.io/en/latest/pkg_resources.html. The pkg_resources package is slated for removal as early as 2025-11-30. Refrain from using this package or pin to Setuptools<81.
使用自動混合精度: torch.bfloat16
[設定] Log 檔案已設為: QATcode/cache_method/L1_L2_cosine/logs/similarity_model_output_blocks_7.log
2026-01-26 12:23:07,790 [INFO] Using 100 steps
2026-01-26 12:23:07,790 [INFO] Using 50000 evaluation samples
2026-01-26 12:23:07,790 [INFO] Cache enabled: False, method: Res, threshold: 0.1
2026-01-26 12:23:07,790 [INFO] Quantitative analysis enabled: False, samples: 10
2026-01-26 12:23:07,790 [INFO] Log file: QATcode/cache_method/L1_L2_cosine/logs/similarity_model_output_blocks_7.log
2026-01-26 12:23:07,790 [INFO] Using 100 steps
2026-01-26 12:23:07,790 [INFO] Using 50000 evaluation samples
2026-01-26 12:23:07,790 [INFO] Cache enabled: False, method: Res, threshold: 0.1
2026-01-26 12:23:07,790 [INFO] Quantitative analysis enabled: False, samples: 10
2026-01-26 12:23:07,790 [INFO] Log file: QATcode/cache_method/L1_L2_cosine/logs/similarity_model_output_blocks_7.log
2026-01-26 12:23:07,790 [INFO] ==================================================
2026-01-26 12:23:07,790 [INFO] ==================================================
2026-01-26 12:23:07,790 [INFO] Diff-AE EfficientDM Step 7 : 生成圖片
2026-01-26 12:23:07,790 [INFO] Diff-AE EfficientDM Step 7 : 生成圖片
2026-01-26 12:23:07,790 [INFO] ==================================================
2026-01-26 12:23:07,790 [INFO] ==================================================
2026-01-26 12:23:07,790 [INFO] 使用設備: cuda
2026-01-26 12:23:07,790 [INFO] 使用設備: cuda
2026-01-26 12:23:07,790 [INFO] === 新功能狀態 ===
2026-01-26 12:23:07,790 [INFO] === 新功能狀態 ===
2026-01-26 12:23:07,790 [INFO] 載入 Diff-AE 模型: checkpoints/ffhq128_autoenc_latent/last.ckpt
2026-01-26 12:23:07,790 [INFO] 載入 Diff-AE 模型: checkpoints/ffhq128_autoenc_latent/last.ckpt
Seed set to 0
Model params: 174.19 M
loading pretrain ... 130M
step: 1019986
loading latent stats ...
2026-01-26 12:23:10,753 [INFO] Diff-AE 模型載入完成
2026-01-26 12:23:10,753 [INFO] Diff-AE 模型載入完成
2026-01-26 12:23:10,797 [INFO] 執行 'load_diffae_model' 完成，耗時: 3.01 秒
2026-01-26 12:23:10,797 [INFO] ✅ Diff-AE 模型載入成功
2026-01-26 12:23:10,797 [INFO] base_model.conf.train_mode: TrainMode.latent_diffusion
2026-01-26 12:23:10,797 [INFO] === 創建 LoRA 量化模型 ===
2026-01-26 12:23:10,797 [INFO] 執行 'load_diffae_model' 完成，耗時: 3.01 秒
2026-01-26 12:23:10,797 [INFO] ✅ Diff-AE 模型載入成功
2026-01-26 12:23:10,797 [INFO] base_model.conf.train_mode: TrainMode.latent_diffusion
2026-01-26 12:23:10,797 [INFO] === 創建 LoRA 量化模型 ===
2026-01-26 12:23:10,798 [INFO] === 開始 UNet LoRA 量化改造 ===
2026-01-26 12:23:10,798 [INFO] === 開始 UNet LoRA 量化改造 ===
2026-01-26 12:23:10,798 [INFO] 改造模組: time_embed
2026-01-26 12:23:10,798 [INFO]   跳過量化特殊模組: 0
2026-01-26 12:23:10,798 [INFO] 改造模組: time_embed
2026-01-26 12:23:10,798 [INFO]   跳過量化特殊模組: 0
2026-01-26 12:23:10,801 [INFO]   跳過量化特殊模組: 2
2026-01-26 12:23:10,801 [INFO]   跳過量化特殊模組: 2
2026-01-26 12:23:10,806 [INFO] 改造模組: input_blocks
2026-01-26 12:23:10,806 [INFO]   跳過量化特殊模組: 0
2026-01-26 12:23:10,807 [INFO]   替換層 2 -> QuantModule_DiffAE_LoRA
2026-01-26 12:23:10,806 [INFO] 改造模組: input_blocks
2026-01-26 12:23:10,806 [INFO]   跳過量化特殊模組: 0
2026-01-26 12:23:10,807 [INFO]   替換層 2 -> QuantModule_DiffAE_LoRA
2026-01-26 12:23:10,883 [INFO]   替換層 1 -> QuantModule_DiffAE_LoRA
2026-01-26 12:23:10,883 [INFO]   替換層 1 -> QuantModule_DiffAE_LoRA
2026-01-26 12:23:10,890 [INFO]   替換層 1 -> QuantModule_DiffAE_LoRA
2026-01-26 12:23:10,890 [INFO]   替換層 1 -> QuantModule_DiffAE_LoRA
2026-01-26 12:23:10,893 [INFO]   替換層 3 -> QuantModule_DiffAE_LoRA
2026-01-26 12:23:10,893 [INFO]   替換層 3 -> QuantModule_DiffAE_LoRA
2026-01-26 12:23:10,900 [INFO]   替換層 2 -> QuantModule_DiffAE_LoRA
2026-01-26 12:23:10,900 [INFO]   替換層 2 -> QuantModule_DiffAE_LoRA
2026-01-26 12:23:10,901 [INFO]   替換層 1 -> QuantModule_DiffAE_LoRA
2026-01-26 12:23:10,901 [INFO]   替換層 1 -> QuantModule_DiffAE_LoRA
2026-01-26 12:23:10,902 [INFO]   替換層 1 -> QuantModule_DiffAE_LoRA
2026-01-26 12:23:10,902 [INFO]   替換層 1 -> QuantModule_DiffAE_LoRA
2026-01-26 12:23:10,902 [INFO]   替換層 3 -> QuantModule_DiffAE_LoRA
2026-01-26 12:23:10,902 [INFO]   替換層 3 -> QuantModule_DiffAE_LoRA
2026-01-26 12:23:10,903 [INFO]   替換層 2 -> QuantModule_DiffAE_LoRA
2026-01-26 12:23:10,903 [INFO]   替換層 2 -> QuantModule_DiffAE_LoRA
2026-01-26 12:23:10,904 [INFO]   替換層 1 -> QuantModule_DiffAE_LoRA
2026-01-26 12:23:10,904 [INFO]   替換層 1 -> QuantModule_DiffAE_LoRA
2026-01-26 12:23:10,905 [INFO]   替換層 1 -> QuantModule_DiffAE_LoRA
2026-01-26 12:23:10,905 [INFO]   替換層 1 -> QuantModule_DiffAE_LoRA
2026-01-26 12:23:10,905 [INFO]   替換層 3 -> QuantModule_DiffAE_LoRA
2026-01-26 12:23:10,905 [INFO]   替換層 3 -> QuantModule_DiffAE_LoRA
2026-01-26 12:23:10,906 [INFO]   替換層 2 -> QuantModule_DiffAE_LoRA
2026-01-26 12:23:10,906 [INFO]   替換層 2 -> QuantModule_DiffAE_LoRA
2026-01-26 12:23:10,907 [INFO]   替換層 1 -> QuantModule_DiffAE_LoRA
2026-01-26 12:23:10,907 [INFO]   替換層 1 -> QuantModule_DiffAE_LoRA
2026-01-26 12:23:10,908 [INFO]   替換層 1 -> QuantModule_DiffAE_LoRA
2026-01-26 12:23:10,908 [INFO]   替換層 1 -> QuantModule_DiffAE_LoRA
2026-01-26 12:23:10,908 [INFO]   替換層 3 -> QuantModule_DiffAE_LoRA
2026-01-26 12:23:10,908 [INFO]   替換層 3 -> QuantModule_DiffAE_LoRA
2026-01-26 12:23:10,909 [INFO]   替換層 2 -> QuantModule_DiffAE_LoRA
2026-01-26 12:23:10,909 [INFO]   替換層 2 -> QuantModule_DiffAE_LoRA
2026-01-26 12:23:10,910 [INFO]   替換層 1 -> QuantModule_DiffAE_LoRA
2026-01-26 12:23:10,910 [INFO]   替換層 1 -> QuantModule_DiffAE_LoRA
2026-01-26 12:23:10,911 [INFO]   替換層 1 -> QuantModule_DiffAE_LoRA
2026-01-26 12:23:10,911 [INFO]   替換層 1 -> QuantModule_DiffAE_LoRA
2026-01-26 12:23:10,911 [INFO]   替換層 3 -> QuantModule_DiffAE_LoRA
2026-01-26 12:23:10,911 [INFO]   替換層 3 -> QuantModule_DiffAE_LoRA
2026-01-26 12:23:10,912 [INFO]   替換層 2 -> QuantModule_DiffAE_LoRA
2026-01-26 12:23:10,912 [INFO]   替換層 2 -> QuantModule_DiffAE_LoRA
2026-01-26 12:23:10,913 [INFO]   替換層 1 -> QuantModule_DiffAE_LoRA
2026-01-26 12:23:10,913 [INFO]   替換層 1 -> QuantModule_DiffAE_LoRA
2026-01-26 12:23:10,914 [INFO]   替換層 1 -> QuantModule_DiffAE_LoRA
2026-01-26 12:23:10,914 [INFO]   替換層 1 -> QuantModule_DiffAE_LoRA
2026-01-26 12:23:10,914 [INFO]   替換層 3 -> QuantModule_DiffAE_LoRA
2026-01-26 12:23:10,914 [INFO]   替換層 3 -> QuantModule_DiffAE_LoRA
2026-01-26 12:23:10,915 [INFO]   替換層 2 -> QuantModule_DiffAE_LoRA
2026-01-26 12:23:10,915 [INFO]   替換層 2 -> QuantModule_DiffAE_LoRA
2026-01-26 12:23:10,917 [INFO]   替換層 1 -> QuantModule_DiffAE_LoRA
2026-01-26 12:23:10,917 [INFO]   替換層 1 -> QuantModule_DiffAE_LoRA
2026-01-26 12:23:10,918 [INFO]   替換層 1 -> QuantModule_DiffAE_LoRA
2026-01-26 12:23:10,918 [INFO]   替換層 1 -> QuantModule_DiffAE_LoRA
2026-01-26 12:23:10,919 [INFO]   替換層 3 -> QuantModule_DiffAE_LoRA
2026-01-26 12:23:10,919 [INFO]   替換層 3 -> QuantModule_DiffAE_LoRA
2026-01-26 12:23:10,921 [INFO]   跳過量化 skip connection: skip_connection
2026-01-26 12:23:10,921 [INFO]   替換層 2 -> QuantModule_DiffAE_LoRA
2026-01-26 12:23:10,921 [INFO]   跳過量化 skip connection: skip_connection
2026-01-26 12:23:10,921 [INFO]   替換層 2 -> QuantModule_DiffAE_LoRA
2026-01-26 12:23:10,923 [INFO]   替換層 1 -> QuantModule_DiffAE_LoRA
2026-01-26 12:23:10,923 [INFO]   替換層 1 -> QuantModule_DiffAE_LoRA
2026-01-26 12:23:10,924 [INFO]   替換層 1 -> QuantModule_DiffAE_LoRA
2026-01-26 12:23:10,924 [INFO]   替換層 1 -> QuantModule_DiffAE_LoRA
2026-01-26 12:23:10,925 [INFO]   替換層 3 -> QuantModule_DiffAE_LoRA
2026-01-26 12:23:10,925 [INFO]   替換層 3 -> QuantModule_DiffAE_LoRA
2026-01-26 12:23:10,927 [INFO]   替換層 2 -> QuantModule_DiffAE_LoRA
2026-01-26 12:23:10,927 [INFO]   替換層 2 -> QuantModule_DiffAE_LoRA
2026-01-26 12:23:10,930 [INFO]   替換層 1 -> QuantModule_DiffAE_LoRA
2026-01-26 12:23:10,930 [INFO]   替換層 1 -> QuantModule_DiffAE_LoRA
2026-01-26 12:23:10,931 [INFO]   替換層 1 -> QuantModule_DiffAE_LoRA
2026-01-26 12:23:10,931 [INFO]   替換層 1 -> QuantModule_DiffAE_LoRA
2026-01-26 12:23:10,932 [INFO]   替換層 3 -> QuantModule_DiffAE_LoRA
2026-01-26 12:23:10,932 [INFO]   替換層 3 -> QuantModule_DiffAE_LoRA
2026-01-26 12:23:10,934 [INFO]   替換層 2 -> QuantModule_DiffAE_LoRA
2026-01-26 12:23:10,934 [INFO]   替換層 2 -> QuantModule_DiffAE_LoRA
2026-01-26 12:23:10,937 [INFO]   替換層 1 -> QuantModule_DiffAE_LoRA
2026-01-26 12:23:10,937 [INFO]   替換層 1 -> QuantModule_DiffAE_LoRA
2026-01-26 12:23:10,939 [INFO]   替換層 1 -> QuantModule_DiffAE_LoRA
2026-01-26 12:23:10,939 [INFO]   替換層 1 -> QuantModule_DiffAE_LoRA
2026-01-26 12:23:10,940 [INFO]   替換層 3 -> QuantModule_DiffAE_LoRA
2026-01-26 12:23:10,940 [INFO]   替換層 3 -> QuantModule_DiffAE_LoRA
2026-01-26 12:23:10,944 [INFO]   跳過量化 skip connection: skip_connection
2026-01-26 12:23:10,944 [INFO]   跳過量化 skip connection: skip_connection
2026-01-26 12:23:10,944 [INFO]   替換層 2 -> QuantModule_DiffAE_LoRA
2026-01-26 12:23:10,944 [INFO]   替換層 2 -> QuantModule_DiffAE_LoRA
2026-01-26 12:23:10,949 [INFO]   替換層 1 -> QuantModule_DiffAE_LoRA
2026-01-26 12:23:10,949 [INFO]   替換層 1 -> QuantModule_DiffAE_LoRA
2026-01-26 12:23:10,953 [INFO]   替換層 1 -> QuantModule_DiffAE_LoRA
2026-01-26 12:23:10,953 [INFO]   替換層 1 -> QuantModule_DiffAE_LoRA
2026-01-26 12:23:10,954 [INFO]   替換層 3 -> QuantModule_DiffAE_LoRA
2026-01-26 12:23:10,954 [INFO]   替換層 3 -> QuantModule_DiffAE_LoRA
2026-01-26 12:23:10,957 [INFO]   替換層 2 -> QuantModule_DiffAE_LoRA
2026-01-26 12:23:10,957 [INFO]   替換層 2 -> QuantModule_DiffAE_LoRA
2026-01-26 12:23:10,963 [INFO]   替換層 1 -> QuantModule_DiffAE_LoRA
2026-01-26 12:23:10,963 [INFO]   替換層 1 -> QuantModule_DiffAE_LoRA
2026-01-26 12:23:10,967 [INFO]   替換層 1 -> QuantModule_DiffAE_LoRA
2026-01-26 12:23:10,967 [INFO]   替換層 1 -> QuantModule_DiffAE_LoRA
2026-01-26 12:23:10,972 [INFO]   替換層 3 -> QuantModule_DiffAE_LoRA
2026-01-26 12:23:10,972 [INFO]   替換層 3 -> QuantModule_DiffAE_LoRA
2026-01-26 12:23:10,977 [INFO]   替換層 2 -> QuantModule_DiffAE_LoRA
2026-01-26 12:23:10,977 [INFO]   替換層 2 -> QuantModule_DiffAE_LoRA
2026-01-26 12:23:10,984 [INFO]   替換層 1 -> QuantModule_DiffAE_LoRA
2026-01-26 12:23:10,984 [INFO]   替換層 1 -> QuantModule_DiffAE_LoRA
2026-01-26 12:23:10,988 [INFO]   替換層 1 -> QuantModule_DiffAE_LoRA
2026-01-26 12:23:10,988 [INFO]   替換層 1 -> QuantModule_DiffAE_LoRA
2026-01-26 12:23:10,997 [INFO]   替換層 3 -> QuantModule_DiffAE_LoRA
2026-01-26 12:23:10,997 [INFO]   替換層 3 -> QuantModule_DiffAE_LoRA
2026-01-26 12:23:11,010 [INFO]   跳過量化 skip connection: skip_connection
2026-01-26 12:23:11,010 [INFO]   跳過量化 skip connection: skip_connection
2026-01-26 12:23:11,010 [INFO]   替換層 2 -> QuantModule_DiffAE_LoRA
2026-01-26 12:23:11,010 [INFO]   替換層 2 -> QuantModule_DiffAE_LoRA
2026-01-26 12:23:11,018 [INFO]   替換層 1 -> QuantModule_DiffAE_LoRA
2026-01-26 12:23:11,018 [INFO]   替換層 1 -> QuantModule_DiffAE_LoRA
2026-01-26 12:23:11,025 [INFO]   替換層 1 -> QuantModule_DiffAE_LoRA
2026-01-26 12:23:11,025 [INFO]   替換層 1 -> QuantModule_DiffAE_LoRA
2026-01-26 12:23:11,032 [INFO]   替換層 3 -> QuantModule_DiffAE_LoRA
2026-01-26 12:23:11,032 [INFO]   替換層 3 -> QuantModule_DiffAE_LoRA
2026-01-26 12:23:11,041 [INFO] 改造模組: middle_block
2026-01-26 12:23:11,041 [INFO] 改造模組: middle_block
2026-01-26 12:23:11,041 [INFO]   替換層 2 -> QuantModule_DiffAE_LoRA
2026-01-26 12:23:11,041 [INFO]   替換層 2 -> QuantModule_DiffAE_LoRA
2026-01-26 12:23:11,051 [INFO]   替換層 1 -> QuantModule_DiffAE_LoRA
2026-01-26 12:23:11,051 [INFO]   替換層 1 -> QuantModule_DiffAE_LoRA
2026-01-26 12:23:11,059 [INFO]   替換層 1 -> QuantModule_DiffAE_LoRA
2026-01-26 12:23:11,059 [INFO]   替換層 1 -> QuantModule_DiffAE_LoRA
2026-01-26 12:23:11,060 [INFO]   替換層 3 -> QuantModule_DiffAE_LoRA
2026-01-26 12:23:11,060 [INFO]   替換層 3 -> QuantModule_DiffAE_LoRA
2026-01-26 12:23:11,067 [INFO]   替換層 2 -> QuantModule_DiffAE_LoRA
2026-01-26 12:23:11,067 [INFO]   替換層 2 -> QuantModule_DiffAE_LoRA
2026-01-26 12:23:11,077 [INFO]   替換層 1 -> QuantModule_DiffAE_LoRA
2026-01-26 12:23:11,077 [INFO]   替換層 1 -> QuantModule_DiffAE_LoRA
2026-01-26 12:23:11,085 [INFO]   替換層 1 -> QuantModule_DiffAE_LoRA
2026-01-26 12:23:11,085 [INFO]   替換層 1 -> QuantModule_DiffAE_LoRA
2026-01-26 12:23:11,089 [INFO]   替換層 3 -> QuantModule_DiffAE_LoRA
2026-01-26 12:23:11,089 [INFO]   替換層 3 -> QuantModule_DiffAE_LoRA
2026-01-26 12:23:11,101 [INFO] 改造模組: output_blocks
2026-01-26 12:23:11,101 [INFO]   替換層 2 -> QuantModule_DiffAE_LoRA
2026-01-26 12:23:11,101 [INFO] 改造模組: output_blocks
2026-01-26 12:23:11,101 [INFO]   替換層 2 -> QuantModule_DiffAE_LoRA
2026-01-26 12:23:11,116 [INFO]   替換層 1 -> QuantModule_DiffAE_LoRA
2026-01-26 12:23:11,116 [INFO]   替換層 1 -> QuantModule_DiffAE_LoRA
2026-01-26 12:23:11,121 [INFO]   替換層 1 -> QuantModule_DiffAE_LoRA
2026-01-26 12:23:11,121 [INFO]   替換層 1 -> QuantModule_DiffAE_LoRA
2026-01-26 12:23:11,126 [INFO]   替換層 3 -> QuantModule_DiffAE_LoRA
2026-01-26 12:23:11,126 [INFO]   替換層 3 -> QuantModule_DiffAE_LoRA
2026-01-26 12:23:11,138 [INFO]   跳過量化 skip connection: skip_connection
2026-01-26 12:23:11,138 [INFO]   替換層 2 -> QuantModule_DiffAE_LoRA
2026-01-26 12:23:11,138 [INFO]   跳過量化 skip connection: skip_connection
2026-01-26 12:23:11,138 [INFO]   替換層 2 -> QuantModule_DiffAE_LoRA
2026-01-26 12:23:11,150 [INFO]   替換層 1 -> QuantModule_DiffAE_LoRA
2026-01-26 12:23:11,150 [INFO]   替換層 1 -> QuantModule_DiffAE_LoRA
2026-01-26 12:23:11,157 [INFO]   替換層 1 -> QuantModule_DiffAE_LoRA
2026-01-26 12:23:11,157 [INFO]   替換層 1 -> QuantModule_DiffAE_LoRA
2026-01-26 12:23:11,161 [INFO]   替換層 3 -> QuantModule_DiffAE_LoRA
2026-01-26 12:23:11,161 [INFO]   替換層 3 -> QuantModule_DiffAE_LoRA
2026-01-26 12:23:11,172 [INFO]   跳過量化 skip connection: skip_connection
2026-01-26 12:23:11,172 [INFO]   替換層 2 -> QuantModule_DiffAE_LoRA
2026-01-26 12:23:11,172 [INFO]   跳過量化 skip connection: skip_connection
2026-01-26 12:23:11,172 [INFO]   替換層 2 -> QuantModule_DiffAE_LoRA
2026-01-26 12:23:11,187 [INFO]   替換層 1 -> QuantModule_DiffAE_LoRA
2026-01-26 12:23:11,187 [INFO]   替換層 1 -> QuantModule_DiffAE_LoRA
2026-01-26 12:23:11,192 [INFO]   替換層 1 -> QuantModule_DiffAE_LoRA
2026-01-26 12:23:11,192 [INFO]   替換層 1 -> QuantModule_DiffAE_LoRA
2026-01-26 12:23:11,197 [INFO]   替換層 3 -> QuantModule_DiffAE_LoRA
2026-01-26 12:23:11,197 [INFO]   替換層 3 -> QuantModule_DiffAE_LoRA
2026-01-26 12:23:11,203 [INFO]   跳過量化 skip connection: skip_connection
2026-01-26 12:23:11,203 [INFO]   跳過量化 skip connection: skip_connection
2026-01-26 12:23:11,203 [INFO]   替換層 2 -> QuantModule_DiffAE_LoRA
2026-01-26 12:23:11,203 [INFO]   替換層 2 -> QuantModule_DiffAE_LoRA
2026-01-26 12:23:11,214 [INFO]   替換層 1 -> QuantModule_DiffAE_LoRA
2026-01-26 12:23:11,214 [INFO]   替換層 1 -> QuantModule_DiffAE_LoRA
2026-01-26 12:23:11,221 [INFO]   替換層 1 -> QuantModule_DiffAE_LoRA
2026-01-26 12:23:11,221 [INFO]   替換層 1 -> QuantModule_DiffAE_LoRA
2026-01-26 12:23:11,224 [INFO]   替換層 3 -> QuantModule_DiffAE_LoRA
2026-01-26 12:23:11,224 [INFO]   替換層 3 -> QuantModule_DiffAE_LoRA
2026-01-26 12:23:11,230 [INFO]   替換層 2 -> QuantModule_DiffAE_LoRA
2026-01-26 12:23:11,230 [INFO]   替換層 2 -> QuantModule_DiffAE_LoRA
2026-01-26 12:23:11,241 [INFO]   替換層 1 -> QuantModule_DiffAE_LoRA
2026-01-26 12:23:11,241 [INFO]   替換層 1 -> QuantModule_DiffAE_LoRA
2026-01-26 12:23:11,247 [INFO]   替換層 1 -> QuantModule_DiffAE_LoRA
2026-01-26 12:23:11,247 [INFO]   替換層 1 -> QuantModule_DiffAE_LoRA
2026-01-26 12:23:11,249 [INFO]   替換層 3 -> QuantModule_DiffAE_LoRA
2026-01-26 12:23:11,249 [INFO]   替換層 3 -> QuantModule_DiffAE_LoRA
2026-01-26 12:23:11,254 [INFO]   跳過量化 skip connection: skip_connection
2026-01-26 12:23:11,254 [INFO]   跳過量化 skip connection: skip_connection
2026-01-26 12:23:11,254 [INFO]   替換層 2 -> QuantModule_DiffAE_LoRA
2026-01-26 12:23:11,254 [INFO]   替換層 2 -> QuantModule_DiffAE_LoRA
2026-01-26 12:23:11,266 [INFO]   替換層 1 -> QuantModule_DiffAE_LoRA
2026-01-26 12:23:11,266 [INFO]   替換層 1 -> QuantModule_DiffAE_LoRA
2026-01-26 12:23:11,274 [INFO]   替換層 1 -> QuantModule_DiffAE_LoRA
2026-01-26 12:23:11,274 [INFO]   替換層 1 -> QuantModule_DiffAE_LoRA
2026-01-26 12:23:11,275 [INFO]   替換層 3 -> QuantModule_DiffAE_LoRA
2026-01-26 12:23:11,275 [INFO]   替換層 3 -> QuantModule_DiffAE_LoRA
2026-01-26 12:23:11,279 [INFO]   跳過量化 skip connection: skip_connection
2026-01-26 12:23:11,279 [INFO]   跳過量化 skip connection: skip_connection
2026-01-26 12:23:11,279 [INFO]   替換層 2 -> QuantModule_DiffAE_LoRA
2026-01-26 12:23:11,279 [INFO]   替換層 2 -> QuantModule_DiffAE_LoRA
2026-01-26 12:23:11,286 [INFO]   替換層 1 -> QuantModule_DiffAE_LoRA
2026-01-26 12:23:11,286 [INFO]   替換層 1 -> QuantModule_DiffAE_LoRA
2026-01-26 12:23:11,290 [INFO]   替換層 1 -> QuantModule_DiffAE_LoRA
2026-01-26 12:23:11,290 [INFO]   替換層 1 -> QuantModule_DiffAE_LoRA
2026-01-26 12:23:11,295 [INFO]   替換層 3 -> QuantModule_DiffAE_LoRA
2026-01-26 12:23:11,295 [INFO]   替換層 3 -> QuantModule_DiffAE_LoRA
2026-01-26 12:23:11,298 [INFO]   跳過量化 skip connection: skip_connection
2026-01-26 12:23:11,298 [INFO]   替換層 2 -> QuantModule_DiffAE_LoRA
2026-01-26 12:23:11,298 [INFO]   跳過量化 skip connection: skip_connection
2026-01-26 12:23:11,298 [INFO]   替換層 2 -> QuantModule_DiffAE_LoRA
2026-01-26 12:23:11,303 [INFO]   替換層 1 -> QuantModule_DiffAE_LoRA
2026-01-26 12:23:11,304 [INFO]   替換層 1 -> QuantModule_DiffAE_LoRA
2026-01-26 12:23:11,305 [INFO]   替換層 3 -> QuantModule_DiffAE_LoRA
2026-01-26 12:23:11,303 [INFO]   替換層 1 -> QuantModule_DiffAE_LoRA
2026-01-26 12:23:11,304 [INFO]   替換層 1 -> QuantModule_DiffAE_LoRA
2026-01-26 12:23:11,305 [INFO]   替換層 3 -> QuantModule_DiffAE_LoRA
2026-01-26 12:23:11,309 [INFO]   替換層 2 -> QuantModule_DiffAE_LoRA
2026-01-26 12:23:11,309 [INFO]   替換層 2 -> QuantModule_DiffAE_LoRA
2026-01-26 12:23:11,313 [INFO]   替換層 1 -> QuantModule_DiffAE_LoRA
2026-01-26 12:23:11,314 [INFO]   替換層 1 -> QuantModule_DiffAE_LoRA
2026-01-26 12:23:11,314 [INFO]   替換層 3 -> QuantModule_DiffAE_LoRA
2026-01-26 12:23:11,313 [INFO]   替換層 1 -> QuantModule_DiffAE_LoRA
2026-01-26 12:23:11,314 [INFO]   替換層 1 -> QuantModule_DiffAE_LoRA
2026-01-26 12:23:11,314 [INFO]   替換層 3 -> QuantModule_DiffAE_LoRA
2026-01-26 12:23:11,316 [INFO]   跳過量化 skip connection: skip_connection
2026-01-26 12:23:11,316 [INFO]   跳過量化 skip connection: skip_connection
2026-01-26 12:23:11,316 [INFO]   替換層 2 -> QuantModule_DiffAE_LoRA
2026-01-26 12:23:11,316 [INFO]   替換層 2 -> QuantModule_DiffAE_LoRA
2026-01-26 12:23:11,320 [INFO]   替換層 1 -> QuantModule_DiffAE_LoRA
2026-01-26 12:23:11,320 [INFO]   替換層 1 -> QuantModule_DiffAE_LoRA
2026-01-26 12:23:11,323 [INFO]   替換層 1 -> QuantModule_DiffAE_LoRA
2026-01-26 12:23:11,324 [INFO]   替換層 3 -> QuantModule_DiffAE_LoRA
2026-01-26 12:23:11,325 [INFO]   跳過量化 skip connection: skip_connection
2026-01-26 12:23:11,325 [INFO]   替換層 2 -> QuantModule_DiffAE_LoRA
2026-01-26 12:23:11,323 [INFO]   替換層 1 -> QuantModule_DiffAE_LoRA
2026-01-26 12:23:11,324 [INFO]   替換層 3 -> QuantModule_DiffAE_LoRA
2026-01-26 12:23:11,325 [INFO]   跳過量化 skip connection: skip_connection
2026-01-26 12:23:11,325 [INFO]   替換層 2 -> QuantModule_DiffAE_LoRA
2026-01-26 12:23:11,328 [INFO]   替換層 1 -> QuantModule_DiffAE_LoRA
2026-01-26 12:23:11,328 [INFO]   替換層 1 -> QuantModule_DiffAE_LoRA
2026-01-26 12:23:11,329 [INFO]   替換層 1 -> QuantModule_DiffAE_LoRA
2026-01-26 12:23:11,329 [INFO]   替換層 1 -> QuantModule_DiffAE_LoRA
2026-01-26 12:23:11,329 [INFO]   替換層 3 -> QuantModule_DiffAE_LoRA
2026-01-26 12:23:11,329 [INFO]   替換層 3 -> QuantModule_DiffAE_LoRA
2026-01-26 12:23:11,331 [INFO]   跳過量化 skip connection: skip_connection
2026-01-26 12:23:11,331 [INFO]   跳過量化 skip connection: skip_connection
2026-01-26 12:23:11,331 [INFO]   替換層 2 -> QuantModule_DiffAE_LoRA
2026-01-26 12:23:11,331 [INFO]   替換層 2 -> QuantModule_DiffAE_LoRA
2026-01-26 12:23:11,333 [INFO]   替換層 1 -> QuantModule_DiffAE_LoRA
2026-01-26 12:23:11,333 [INFO]   替換層 1 -> QuantModule_DiffAE_LoRA
2026-01-26 12:23:11,333 [INFO]   替換層 1 -> QuantModule_DiffAE_LoRA
2026-01-26 12:23:11,333 [INFO]   替換層 1 -> QuantModule_DiffAE_LoRA
2026-01-26 12:23:11,334 [INFO]   替換層 3 -> QuantModule_DiffAE_LoRA
2026-01-26 12:23:11,334 [INFO]   替換層 3 -> QuantModule_DiffAE_LoRA
2026-01-26 12:23:11,336 [INFO]   替換層 2 -> QuantModule_DiffAE_LoRA
2026-01-26 12:23:11,336 [INFO]   替換層 2 -> QuantModule_DiffAE_LoRA
2026-01-26 12:23:11,337 [INFO]   替換層 1 -> QuantModule_DiffAE_LoRA
2026-01-26 12:23:11,337 [INFO]   替換層 1 -> QuantModule_DiffAE_LoRA
2026-01-26 12:23:11,338 [INFO]   替換層 1 -> QuantModule_DiffAE_LoRA
2026-01-26 12:23:11,338 [INFO]   替換層 1 -> QuantModule_DiffAE_LoRA
2026-01-26 12:23:11,338 [INFO]   替換層 3 -> QuantModule_DiffAE_LoRA
2026-01-26 12:23:11,338 [INFO]   替換層 3 -> QuantModule_DiffAE_LoRA
2026-01-26 12:23:11,339 [INFO]   跳過量化 skip connection: skip_connection
2026-01-26 12:23:11,339 [INFO]   跳過量化 skip connection: skip_connection
2026-01-26 12:23:11,339 [INFO]   替換層 2 -> QuantModule_DiffAE_LoRA
2026-01-26 12:23:11,339 [INFO]   替換層 2 -> QuantModule_DiffAE_LoRA
2026-01-26 12:23:11,340 [INFO]   替換層 1 -> QuantModule_DiffAE_LoRA
2026-01-26 12:23:11,340 [INFO]   替換層 1 -> QuantModule_DiffAE_LoRA
2026-01-26 12:23:11,341 [INFO]   替換層 1 -> QuantModule_DiffAE_LoRA
2026-01-26 12:23:11,341 [INFO]   替換層 1 -> QuantModule_DiffAE_LoRA
2026-01-26 12:23:11,341 [INFO]   替換層 3 -> QuantModule_DiffAE_LoRA
2026-01-26 12:23:11,341 [INFO]   替換層 3 -> QuantModule_DiffAE_LoRA
2026-01-26 12:23:11,342 [INFO]   跳過量化 skip connection: skip_connection
2026-01-26 12:23:11,342 [INFO]   跳過量化 skip connection: skip_connection
2026-01-26 12:23:11,342 [INFO]   替換層 2 -> QuantModule_DiffAE_LoRA
2026-01-26 12:23:11,342 [INFO]   替換層 2 -> QuantModule_DiffAE_LoRA
2026-01-26 12:23:11,343 [INFO]   替換層 1 -> QuantModule_DiffAE_LoRA
2026-01-26 12:23:11,343 [INFO]   替換層 1 -> QuantModule_DiffAE_LoRA
2026-01-26 12:23:11,343 [INFO]   替換層 1 -> QuantModule_DiffAE_LoRA
2026-01-26 12:23:11,343 [INFO]   替換層 1 -> QuantModule_DiffAE_LoRA
2026-01-26 12:23:11,344 [INFO]   替換層 3 -> QuantModule_DiffAE_LoRA
2026-01-26 12:23:11,344 [INFO]   替換層 3 -> QuantModule_DiffAE_LoRA
2026-01-26 12:23:11,344 [INFO]   跳過量化 skip connection: skip_connection
2026-01-26 12:23:11,344 [INFO]   跳過量化 skip connection: skip_connection
2026-01-26 12:23:11,344 [INFO]   替換層 2 -> QuantModule_DiffAE_LoRA
2026-01-26 12:23:11,344 [INFO]   替換層 2 -> QuantModule_DiffAE_LoRA
2026-01-26 12:23:11,345 [INFO]   替換層 1 -> QuantModule_DiffAE_LoRA
2026-01-26 12:23:11,345 [INFO]   替換層 1 -> QuantModule_DiffAE_LoRA
2026-01-26 12:23:11,346 [INFO]   替換層 1 -> QuantModule_DiffAE_LoRA
2026-01-26 12:23:11,346 [INFO]   替換層 1 -> QuantModule_DiffAE_LoRA
2026-01-26 12:23:11,346 [INFO]   替換層 3 -> QuantModule_DiffAE_LoRA
2026-01-26 12:23:11,346 [INFO]   替換層 3 -> QuantModule_DiffAE_LoRA
2026-01-26 12:23:11,347 [INFO]   替換層 2 -> QuantModule_DiffAE_LoRA
2026-01-26 12:23:11,347 [INFO]   替換層 2 -> QuantModule_DiffAE_LoRA
2026-01-26 12:23:11,348 [INFO]   替換層 1 -> QuantModule_DiffAE_LoRA
2026-01-26 12:23:11,348 [INFO]   替換層 1 -> QuantModule_DiffAE_LoRA
2026-01-26 12:23:11,348 [INFO]   替換層 1 -> QuantModule_DiffAE_LoRA
2026-01-26 12:23:11,348 [INFO]   替換層 1 -> QuantModule_DiffAE_LoRA
2026-01-26 12:23:11,349 [INFO]   替換層 3 -> QuantModule_DiffAE_LoRA
2026-01-26 12:23:11,349 [INFO]   替換層 3 -> QuantModule_DiffAE_LoRA
2026-01-26 12:23:11,349 [INFO]   跳過量化 skip connection: skip_connection
2026-01-26 12:23:11,349 [INFO]   跳過量化 skip connection: skip_connection
2026-01-26 12:23:11,349 [INFO]   替換層 2 -> QuantModule_DiffAE_LoRA
2026-01-26 12:23:11,349 [INFO]   替換層 2 -> QuantModule_DiffAE_LoRA
2026-01-26 12:23:11,350 [INFO]   替換層 1 -> QuantModule_DiffAE_LoRA
2026-01-26 12:23:11,350 [INFO]   替換層 1 -> QuantModule_DiffAE_LoRA
2026-01-26 12:23:11,351 [INFO]   替換層 1 -> QuantModule_DiffAE_LoRA
2026-01-26 12:23:11,351 [INFO]   替換層 1 -> QuantModule_DiffAE_LoRA
2026-01-26 12:23:11,351 [INFO]   替換層 3 -> QuantModule_DiffAE_LoRA
2026-01-26 12:23:11,351 [INFO]   替換層 3 -> QuantModule_DiffAE_LoRA
2026-01-26 12:23:11,352 [INFO]   跳過量化 skip connection: skip_connection
2026-01-26 12:23:11,352 [INFO]   跳過量化 skip connection: skip_connection
2026-01-26 12:23:11,352 [INFO]   替換層 2 -> QuantModule_DiffAE_LoRA
2026-01-26 12:23:11,352 [INFO]   替換層 2 -> QuantModule_DiffAE_LoRA
2026-01-26 12:23:11,353 [INFO]   替換層 1 -> QuantModule_DiffAE_LoRA
2026-01-26 12:23:11,353 [INFO]   替換層 1 -> QuantModule_DiffAE_LoRA
2026-01-26 12:23:11,354 [INFO]   替換層 1 -> QuantModule_DiffAE_LoRA
2026-01-26 12:23:11,354 [INFO]   替換層 1 -> QuantModule_DiffAE_LoRA
2026-01-26 12:23:11,354 [INFO]   替換層 3 -> QuantModule_DiffAE_LoRA
2026-01-26 12:23:11,354 [INFO]   替換層 3 -> QuantModule_DiffAE_LoRA
2026-01-26 12:23:11,355 [INFO]   跳過量化 skip connection: skip_connection
2026-01-26 12:23:11,355 [INFO]   跳過量化 skip connection: skip_connection
2026-01-26 12:23:11,355 [INFO] 改造模組: out
2026-01-26 12:23:11,355 [INFO] 改造模組: out
2026-01-26 12:23:11,355 [INFO]   跳過量化特殊模組: 2
2026-01-26 12:23:11,355 [INFO]   跳過量化特殊模組: 2
2026-01-26 12:23:11,358 [INFO] 執行 'create_float_quantized_model' 完成，耗時: 0.56 秒
2026-01-26 12:23:11,358 [INFO] 執行 'create_float_quantized_model' 完成，耗時: 0.56 秒
2026-01-26 12:23:11,476 [INFO] 載入校準資料...
2026-01-26 12:23:11,476 [INFO] 載入校準資料...
2026-01-26 12:23:11,771 [INFO] ✅ 載入真實校準資料成功
2026-01-26 12:23:11,771 [INFO] ✅ 載入真實校準資料成功
2026-01-26 12:23:11,773 [INFO] ==================================================
2026-01-26 12:23:11,773 [INFO] ==================================================
2026-01-26 12:23:11,774 [INFO] 5. Setting first and last layers to 8-bit...
2026-01-26 12:23:11,774 [INFO] 5. Setting first and last layers to 8-bit...
2026-01-26 12:23:11,775 [INFO] 找到 144 個量化模組
2026-01-26 12:23:11,775 [INFO] 找到 144 個量化模組
2026-01-26 12:23:11,775 [INFO] ✅ 首尾層 8-bit 設定完成
2026-01-26 12:23:11,775 [INFO] ✅ 首尾層 8-bit 設定完成
2026-01-26 12:23:11,775 [INFO] ✅ 量化模型創建成功
2026-01-26 12:23:11,775 [INFO] set quant state to True, True for layer 1
2026-01-26 12:23:11,775 [INFO] ✅ 量化模型創建成功
2026-01-26 12:23:11,775 [INFO] set quant state to True, True for layer 1
2026-01-26 12:23:11,775 [INFO] set quant state to True, True for layer 2
2026-01-26 12:23:11,775 [INFO] set quant state to True, True for layer 2
2026-01-26 12:23:11,775 [INFO] set quant state to True, False for layer 3
2026-01-26 12:23:11,775 [INFO] set quant state to True, False for layer 3
2026-01-26 12:23:11,776 [INFO] set quant state to True, True for layer 144
2026-01-26 12:23:11,776 [INFO] set quant state to True, True for layer 144
2026-01-26 12:23:12,971 [INFO] ✅ 量化模型載入成功
2026-01-26 12:23:12,971 [INFO] ✅ 量化模型載入成功
2026-01-26 12:23:12,971 [INFO] === 初始化新功能模組 ===
2026-01-26 12:23:12,971 [INFO] === 初始化新功能模組 ===
2026-01-26 12:23:12,997 [INFO] ✅ 基礎模型設定完成
local seed: 0
train data: 70001
val data: 70001
2026-01-26 12:23:12,997 [INFO] ✅ 基礎模型設定完成
on train dataloader start ...
mean: tensor(-0.0606, device='cuda:0') std: tensor(0.0755, device='cuda:0')
2026-01-26 12:23:13,043 [INFO] ==================================================
2026-01-26 12:23:13,043 [INFO] 啟用 Similarity Analysis (L1/L2/Cosine)
2026-01-26 12:23:13,043 [INFO] FID 評估樣本數: 128
2026-01-26 12:23:13,043 [INFO] 實際收集樣本數: 20 (用於加速)
2026-01-26 12:23:13,043 [INFO] ==================================================
2026-01-26 12:23:13,043 [INFO] 啟用 Similarity Analysis (L1/L2/Cosine)
2026-01-26 12:23:13,043 [INFO] FID 評估樣本數: 128
2026-01-26 12:23:13,043 [INFO] 實際收集樣本數: 20 (用於加速)
2026-01-26 12:23:13,043 [INFO] 擴散步數: 100
2026-01-26 12:23:13,043 [INFO] 擴散步數: 100
2026-01-26 12:23:13,043 [INFO] ==================================================
2026-01-26 12:23:13,043 [INFO] ==================================================
2026-01-26 12:23:13,044 [INFO] [Similarity] 註冊 block hook: model.output_blocks.7
2026-01-26 12:23:13,044 [INFO] [Similarity] 註冊 block hook: model.output_blocks.7
2026-01-26 12:23:13,044 [INFO] [Similarity] 註冊 model step hook 完成
2026-01-26 12:23:13,044 [INFO] [Similarity] 註冊 model step hook 完成
generating images:   0%|          | 0/4 [00:00<?, ?it/s]/home/jimmy/diffae/./diffusion/base.py:329: FutureWarning: `torch.cuda.amp.autocast(args...)` is deprecated. Please use `torch.amp.autocast('cuda', args...)` instead.
  with autocast(self.conf.fp16):
2026-01-26 12:23:31,427 [INFO] [Similarity] Batch 0 完成，已收集 20 個樣本
2026-01-26 12:23:31,427 [INFO] [Similarity] Batch 0 完成，已收集 20 個樣本
generating images:  25%|██▌       | 1/4 [00:18<00:56, 18.72s/it]2026-01-26 12:23:49,905 [INFO] [Similarity] Batch 1 完成，已收集 20 個樣本
2026-01-26 12:23:49,905 [INFO] [Similarity] Batch 1 完成，已收集 20 個樣本
generating images:  50%|█████     | 2/4 [00:37<00:37, 18.65s/it]2026-01-26 12:24:08,511 [INFO] [Similarity] Batch 2 完成，已收集 20 個樣本
2026-01-26 12:24:08,511 [INFO] [Similarity] Batch 2 完成，已收集 20 個樣本
generating images:  75%|███████▌  | 3/4 [00:55<00:18, 18.57s/it]2026-01-26 12:24:24,497 [INFO] [Similarity] 已收集 80 个样本，停止数据收集（目标: 80）
2026-01-26 12:24:24,497 [INFO] [Similarity] 已收集 80 个样本，停止数据收集（目标: 80）
2026-01-26 12:24:26,998 [INFO] [Similarity] Batch 3 完成，已收集 20 個樣本
2026-01-26 12:24:26,998 [INFO] [Similarity] Batch 3 完成，已收集 20 個樣本
generating images: 100%|██████████| 4/4 [01:14<00:00, 18.51s/it]generating images: 100%|██████████| 4/4 [01:14<00:00, 18.56s/it]
2026-01-26 12:24:27,274 [INFO] [Similarity] FID@128 100 steps score: 0
2026-01-26 12:24:27,274 [INFO] [Similarity] FID@128 100 steps score: 0
2026-01-26 12:24:27,275 [INFO] [Similarity] model.output_blocks.7 cosine: min=0.288326, max=1.000000, diag_mean=1.000000, off_diag_mean=0.869161, off_diag_std=0.125939
2026-01-26 12:24:27,275 [INFO] [Similarity] model.output_blocks.7 cosine: min=0.288326, max=1.000000, diag_mean=1.000000, off_diag_mean=0.869161, off_diag_std=0.125939
2026-01-26 12:24:28,393 [INFO] ✅ Similarity Analysis 完成
2026-01-26 12:24:28,393 [INFO] ✅ Similarity Analysis 完成
2026-01-26 12:24:28,437 [INFO] 執行 'main_float_model' 完成，耗時: 80.65 秒
2026-01-26 12:24:28,437 [INFO] 執行 'main_float_model' 完成，耗時: 80.65 秒
/home/jimmy/anaconda3/envs/diffae_bw/lib/python3.10/site-packages/torchmetrics/utilities/imports.py:21: UserWarning: pkg_resources is deprecated as an API. See https://setuptools.pypa.io/en/latest/pkg_resources.html. The pkg_resources package is slated for removal as early as 2025-11-30. Refrain from using this package or pin to Setuptools<81.
  from pkg_resources import DistributionNotFound, get_distribution
使用自動混合精度: torch.bfloat16
[設定] Log 檔案已設為: QATcode/cache_method/L1_L2_cosine/logs/similarity_model_output_blocks_7.log
2026-03-20 19:29:44,724 [INFO] Using 100 steps
2026-03-20 19:29:44,724 [INFO] Using 100 steps
2026-03-20 19:29:44,724 [INFO] Using 50000 evaluation samples
2026-03-20 19:29:44,724 [INFO] Using 50000 evaluation samples
2026-03-20 19:29:44,725 [INFO] Cache enabled: False, method: Res, threshold: 0.1
2026-03-20 19:29:44,725 [INFO] Cache enabled: False, method: Res, threshold: 0.1
2026-03-20 19:29:44,725 [INFO] Quantitative analysis enabled: False, samples: 10
2026-03-20 19:29:44,725 [INFO] Quantitative analysis enabled: False, samples: 10
2026-03-20 19:29:44,725 [INFO] Log file: QATcode/cache_method/L1_L2_cosine/logs/similarity_model_output_blocks_7.log
2026-03-20 19:29:44,725 [INFO] Log file: QATcode/cache_method/L1_L2_cosine/logs/similarity_model_output_blocks_7.log
2026-03-20 19:29:44,725 [INFO] ==================================================
2026-03-20 19:29:44,725 [INFO] ==================================================
2026-03-20 19:29:44,725 [INFO] Diff-AE EfficientDM Step 7 : 生成圖片
2026-03-20 19:29:44,725 [INFO] Diff-AE EfficientDM Step 7 : 生成圖片
2026-03-20 19:29:44,725 [INFO] ==================================================
2026-03-20 19:29:44,725 [INFO] ==================================================
2026-03-20 19:29:44,725 [INFO] 使用設備: cuda
2026-03-20 19:29:44,725 [INFO] 使用設備: cuda
2026-03-20 19:29:44,725 [INFO] === 新功能狀態 ===
2026-03-20 19:29:44,725 [INFO] === 新功能狀態 ===
2026-03-20 19:29:44,725 [INFO] 載入 Diff-AE 模型: checkpoints/ffhq128_autoenc_latent/last.ckpt
2026-03-20 19:29:44,725 [INFO] 載入 Diff-AE 模型: checkpoints/ffhq128_autoenc_latent/last.ckpt
Global seed set to 0
2026-03-20 19:29:46,522 [INFO] Diff-AE 模型載入完成
2026-03-20 19:29:46,522 [INFO] Diff-AE 模型載入完成
2026-03-20 19:29:46,560 [INFO] 執行 'load_diffae_model' 完成，耗時: 1.84 秒
2026-03-20 19:29:46,560 [INFO] 執行 'load_diffae_model' 完成，耗時: 1.84 秒
2026-03-20 19:29:46,561 [INFO] ✅ Diff-AE 模型載入成功
2026-03-20 19:29:46,561 [INFO] ✅ Diff-AE 模型載入成功
2026-03-20 19:29:46,561 [INFO] base_model.conf.train_mode: TrainMode.latent_diffusion
2026-03-20 19:29:46,561 [INFO] base_model.conf.train_mode: TrainMode.latent_diffusion
2026-03-20 19:29:46,561 [INFO] === 創建 LoRA 量化模型 ===
2026-03-20 19:29:46,561 [INFO] === 創建 LoRA 量化模型 ===
2026-03-20 19:29:46,561 [INFO] === 開始 UNet LoRA 量化改造 ===
2026-03-20 19:29:46,561 [INFO] === 開始 UNet LoRA 量化改造 ===
2026-03-20 19:29:46,561 [INFO] 改造模組: time_embed
2026-03-20 19:29:46,561 [INFO] 改造模組: time_embed
2026-03-20 19:29:46,561 [INFO]   跳過量化特殊模組: 0
2026-03-20 19:29:46,561 [INFO]   跳過量化特殊模組: 0
2026-03-20 19:29:46,561 [INFO]   跳過量化特殊模組: 2
2026-03-20 19:29:46,561 [INFO]   跳過量化特殊模組: 2
2026-03-20 19:29:46,561 [INFO] 改造模組: input_blocks
2026-03-20 19:29:46,561 [INFO] 改造模組: input_blocks
2026-03-20 19:29:46,561 [INFO]   跳過量化特殊模組: 0
2026-03-20 19:29:46,561 [INFO]   跳過量化特殊模組: 0
2026-03-20 19:29:46,562 [INFO]   替換層 2 -> QuantModule_DiffAE_LoRA
2026-03-20 19:29:46,562 [INFO]   替換層 2 -> QuantModule_DiffAE_LoRA
2026-03-20 19:29:46,623 [INFO]   替換層 1 -> QuantModule_DiffAE_LoRA
2026-03-20 19:29:46,623 [INFO]   替換層 1 -> QuantModule_DiffAE_LoRA
2026-03-20 19:29:46,624 [INFO]   替換層 1 -> QuantModule_DiffAE_LoRA
2026-03-20 19:29:46,624 [INFO]   替換層 1 -> QuantModule_DiffAE_LoRA
2026-03-20 19:29:46,624 [INFO]   替換層 3 -> QuantModule_DiffAE_LoRA
2026-03-20 19:29:46,624 [INFO]   替換層 3 -> QuantModule_DiffAE_LoRA
2026-03-20 19:29:46,625 [INFO]   替換層 2 -> QuantModule_DiffAE_LoRA
2026-03-20 19:29:46,625 [INFO]   替換層 2 -> QuantModule_DiffAE_LoRA
2026-03-20 19:29:46,626 [INFO]   替換層 1 -> QuantModule_DiffAE_LoRA
2026-03-20 19:29:46,626 [INFO]   替換層 1 -> QuantModule_DiffAE_LoRA
2026-03-20 19:29:46,626 [INFO]   替換層 1 -> QuantModule_DiffAE_LoRA
2026-03-20 19:29:46,626 [INFO]   替換層 1 -> QuantModule_DiffAE_LoRA
2026-03-20 19:29:46,627 [INFO]   替換層 3 -> QuantModule_DiffAE_LoRA
2026-03-20 19:29:46,627 [INFO]   替換層 3 -> QuantModule_DiffAE_LoRA
2026-03-20 19:29:46,628 [INFO]   替換層 2 -> QuantModule_DiffAE_LoRA
2026-03-20 19:29:46,628 [INFO]   替換層 2 -> QuantModule_DiffAE_LoRA
2026-03-20 19:29:46,628 [INFO]   替換層 1 -> QuantModule_DiffAE_LoRA
2026-03-20 19:29:46,628 [INFO]   替換層 1 -> QuantModule_DiffAE_LoRA
2026-03-20 19:29:46,629 [INFO]   替換層 1 -> QuantModule_DiffAE_LoRA
2026-03-20 19:29:46,629 [INFO]   替換層 1 -> QuantModule_DiffAE_LoRA
2026-03-20 19:29:46,630 [INFO]   替換層 3 -> QuantModule_DiffAE_LoRA
2026-03-20 19:29:46,630 [INFO]   替換層 3 -> QuantModule_DiffAE_LoRA
2026-03-20 19:29:46,630 [INFO]   替換層 2 -> QuantModule_DiffAE_LoRA
2026-03-20 19:29:46,630 [INFO]   替換層 2 -> QuantModule_DiffAE_LoRA
2026-03-20 19:29:46,631 [INFO]   替換層 1 -> QuantModule_DiffAE_LoRA
2026-03-20 19:29:46,631 [INFO]   替換層 1 -> QuantModule_DiffAE_LoRA
2026-03-20 19:29:46,632 [INFO]   替換層 1 -> QuantModule_DiffAE_LoRA
2026-03-20 19:29:46,632 [INFO]   替換層 1 -> QuantModule_DiffAE_LoRA
2026-03-20 19:29:46,632 [INFO]   替換層 3 -> QuantModule_DiffAE_LoRA
2026-03-20 19:29:46,632 [INFO]   替換層 3 -> QuantModule_DiffAE_LoRA
2026-03-20 19:29:46,633 [INFO]   替換層 2 -> QuantModule_DiffAE_LoRA
2026-03-20 19:29:46,633 [INFO]   替換層 2 -> QuantModule_DiffAE_LoRA
2026-03-20 19:29:46,634 [INFO]   替換層 1 -> QuantModule_DiffAE_LoRA
2026-03-20 19:29:46,634 [INFO]   替換層 1 -> QuantModule_DiffAE_LoRA
2026-03-20 19:29:46,634 [INFO]   替換層 1 -> QuantModule_DiffAE_LoRA
2026-03-20 19:29:46,634 [INFO]   替換層 1 -> QuantModule_DiffAE_LoRA
2026-03-20 19:29:46,635 [INFO]   替換層 3 -> QuantModule_DiffAE_LoRA
2026-03-20 19:29:46,635 [INFO]   替換層 3 -> QuantModule_DiffAE_LoRA
2026-03-20 19:29:46,636 [INFO]   替換層 2 -> QuantModule_DiffAE_LoRA
2026-03-20 19:29:46,636 [INFO]   替換層 2 -> QuantModule_DiffAE_LoRA
2026-03-20 19:29:46,636 [INFO]   替換層 1 -> QuantModule_DiffAE_LoRA
2026-03-20 19:29:46,636 [INFO]   替換層 1 -> QuantModule_DiffAE_LoRA
2026-03-20 19:29:46,637 [INFO]   替換層 1 -> QuantModule_DiffAE_LoRA
2026-03-20 19:29:46,637 [INFO]   替換層 1 -> QuantModule_DiffAE_LoRA
2026-03-20 19:29:46,638 [INFO]   替換層 3 -> QuantModule_DiffAE_LoRA
2026-03-20 19:29:46,638 [INFO]   替換層 3 -> QuantModule_DiffAE_LoRA
2026-03-20 19:29:46,638 [INFO]   替換層 2 -> QuantModule_DiffAE_LoRA
2026-03-20 19:29:46,638 [INFO]   替換層 2 -> QuantModule_DiffAE_LoRA
2026-03-20 19:29:46,639 [INFO]   替換層 1 -> QuantModule_DiffAE_LoRA
2026-03-20 19:29:46,639 [INFO]   替換層 1 -> QuantModule_DiffAE_LoRA
2026-03-20 19:29:46,641 [INFO]   替換層 1 -> QuantModule_DiffAE_LoRA
2026-03-20 19:29:46,641 [INFO]   替換層 1 -> QuantModule_DiffAE_LoRA
2026-03-20 19:29:46,641 [INFO]   替換層 3 -> QuantModule_DiffAE_LoRA
2026-03-20 19:29:46,641 [INFO]   替換層 3 -> QuantModule_DiffAE_LoRA
2026-03-20 19:29:46,643 [INFO]   跳過量化 skip connection: skip_connection
2026-03-20 19:29:46,643 [INFO]   跳過量化 skip connection: skip_connection
2026-03-20 19:29:46,643 [INFO]   替換層 2 -> QuantModule_DiffAE_LoRA
2026-03-20 19:29:46,643 [INFO]   替換層 2 -> QuantModule_DiffAE_LoRA
2026-03-20 19:29:46,645 [INFO]   替換層 1 -> QuantModule_DiffAE_LoRA
2026-03-20 19:29:46,645 [INFO]   替換層 1 -> QuantModule_DiffAE_LoRA
2026-03-20 19:29:46,646 [INFO]   替換層 1 -> QuantModule_DiffAE_LoRA
2026-03-20 19:29:46,646 [INFO]   替換層 1 -> QuantModule_DiffAE_LoRA
2026-03-20 19:29:46,647 [INFO]   替換層 3 -> QuantModule_DiffAE_LoRA
2026-03-20 19:29:46,647 [INFO]   替換層 3 -> QuantModule_DiffAE_LoRA
2026-03-20 19:29:46,649 [INFO]   替換層 2 -> QuantModule_DiffAE_LoRA
2026-03-20 19:29:46,649 [INFO]   替換層 2 -> QuantModule_DiffAE_LoRA
2026-03-20 19:29:46,651 [INFO]   替換層 1 -> QuantModule_DiffAE_LoRA
2026-03-20 19:29:46,651 [INFO]   替換層 1 -> QuantModule_DiffAE_LoRA
2026-03-20 19:29:46,652 [INFO]   替換層 1 -> QuantModule_DiffAE_LoRA
2026-03-20 19:29:46,652 [INFO]   替換層 1 -> QuantModule_DiffAE_LoRA
2026-03-20 19:29:46,653 [INFO]   替換層 3 -> QuantModule_DiffAE_LoRA
2026-03-20 19:29:46,653 [INFO]   替換層 3 -> QuantModule_DiffAE_LoRA
2026-03-20 19:29:46,655 [INFO]   替換層 2 -> QuantModule_DiffAE_LoRA
2026-03-20 19:29:46,655 [INFO]   替換層 2 -> QuantModule_DiffAE_LoRA
2026-03-20 19:29:46,659 [INFO]   替換層 1 -> QuantModule_DiffAE_LoRA
2026-03-20 19:29:46,659 [INFO]   替換層 1 -> QuantModule_DiffAE_LoRA
2026-03-20 19:29:46,660 [INFO]   替換層 1 -> QuantModule_DiffAE_LoRA
2026-03-20 19:29:46,660 [INFO]   替換層 1 -> QuantModule_DiffAE_LoRA
2026-03-20 19:29:46,661 [INFO]   替換層 3 -> QuantModule_DiffAE_LoRA
2026-03-20 19:29:46,661 [INFO]   替換層 3 -> QuantModule_DiffAE_LoRA
2026-03-20 19:29:46,666 [INFO]   跳過量化 skip connection: skip_connection
2026-03-20 19:29:46,666 [INFO]   跳過量化 skip connection: skip_connection
2026-03-20 19:29:46,666 [INFO]   替換層 2 -> QuantModule_DiffAE_LoRA
2026-03-20 19:29:46,666 [INFO]   替換層 2 -> QuantModule_DiffAE_LoRA
2026-03-20 19:29:46,671 [INFO]   替換層 1 -> QuantModule_DiffAE_LoRA
2026-03-20 19:29:46,671 [INFO]   替換層 1 -> QuantModule_DiffAE_LoRA
2026-03-20 19:29:46,673 [INFO]   替換層 1 -> QuantModule_DiffAE_LoRA
2026-03-20 19:29:46,673 [INFO]   替換層 1 -> QuantModule_DiffAE_LoRA
2026-03-20 19:29:46,674 [INFO]   替換層 3 -> QuantModule_DiffAE_LoRA
2026-03-20 19:29:46,674 [INFO]   替換層 3 -> QuantModule_DiffAE_LoRA
2026-03-20 19:29:46,678 [INFO]   替換層 2 -> QuantModule_DiffAE_LoRA
2026-03-20 19:29:46,678 [INFO]   替換層 2 -> QuantModule_DiffAE_LoRA
2026-03-20 19:29:46,683 [INFO]   替換層 1 -> QuantModule_DiffAE_LoRA
2026-03-20 19:29:46,683 [INFO]   替換層 1 -> QuantModule_DiffAE_LoRA
2026-03-20 19:29:46,684 [INFO]   替換層 1 -> QuantModule_DiffAE_LoRA
2026-03-20 19:29:46,684 [INFO]   替換層 1 -> QuantModule_DiffAE_LoRA
2026-03-20 19:29:46,685 [INFO]   替換層 3 -> QuantModule_DiffAE_LoRA
2026-03-20 19:29:46,685 [INFO]   替換層 3 -> QuantModule_DiffAE_LoRA
2026-03-20 19:29:46,690 [INFO]   替換層 2 -> QuantModule_DiffAE_LoRA
2026-03-20 19:29:46,690 [INFO]   替換層 2 -> QuantModule_DiffAE_LoRA
2026-03-20 19:29:46,696 [INFO]   替換層 1 -> QuantModule_DiffAE_LoRA
2026-03-20 19:29:46,696 [INFO]   替換層 1 -> QuantModule_DiffAE_LoRA
2026-03-20 19:29:46,698 [INFO]   替換層 1 -> QuantModule_DiffAE_LoRA
2026-03-20 19:29:46,698 [INFO]   替換層 1 -> QuantModule_DiffAE_LoRA
2026-03-20 19:29:46,699 [INFO]   替換層 3 -> QuantModule_DiffAE_LoRA
2026-03-20 19:29:46,699 [INFO]   替換層 3 -> QuantModule_DiffAE_LoRA
2026-03-20 19:29:46,707 [INFO]   跳過量化 skip connection: skip_connection
2026-03-20 19:29:46,707 [INFO]   跳過量化 skip connection: skip_connection
2026-03-20 19:29:46,707 [INFO]   替換層 2 -> QuantModule_DiffAE_LoRA
2026-03-20 19:29:46,707 [INFO]   替換層 2 -> QuantModule_DiffAE_LoRA
2026-03-20 19:29:46,716 [INFO]   替換層 1 -> QuantModule_DiffAE_LoRA
2026-03-20 19:29:46,716 [INFO]   替換層 1 -> QuantModule_DiffAE_LoRA
2026-03-20 19:29:46,718 [INFO]   替換層 1 -> QuantModule_DiffAE_LoRA
2026-03-20 19:29:46,718 [INFO]   替換層 1 -> QuantModule_DiffAE_LoRA
2026-03-20 19:29:46,719 [INFO]   替換層 3 -> QuantModule_DiffAE_LoRA
2026-03-20 19:29:46,719 [INFO]   替換層 3 -> QuantModule_DiffAE_LoRA
2026-03-20 19:29:46,728 [INFO] 改造模組: middle_block
2026-03-20 19:29:46,728 [INFO] 改造模組: middle_block
2026-03-20 19:29:46,728 [INFO]   替換層 2 -> QuantModule_DiffAE_LoRA
2026-03-20 19:29:46,728 [INFO]   替換層 2 -> QuantModule_DiffAE_LoRA
2026-03-20 19:29:46,737 [INFO]   替換層 1 -> QuantModule_DiffAE_LoRA
2026-03-20 19:29:46,737 [INFO]   替換層 1 -> QuantModule_DiffAE_LoRA
2026-03-20 19:29:46,739 [INFO]   替換層 1 -> QuantModule_DiffAE_LoRA
2026-03-20 19:29:46,739 [INFO]   替換層 1 -> QuantModule_DiffAE_LoRA
2026-03-20 19:29:46,741 [INFO]   替換層 3 -> QuantModule_DiffAE_LoRA
2026-03-20 19:29:46,741 [INFO]   替換層 3 -> QuantModule_DiffAE_LoRA
2026-03-20 19:29:46,748 [INFO]   替換層 2 -> QuantModule_DiffAE_LoRA
2026-03-20 19:29:46,748 [INFO]   替換層 2 -> QuantModule_DiffAE_LoRA
2026-03-20 19:29:46,754 [INFO]   替換層 1 -> QuantModule_DiffAE_LoRA
2026-03-20 19:29:46,754 [INFO]   替換層 1 -> QuantModule_DiffAE_LoRA
2026-03-20 19:29:46,756 [INFO]   替換層 1 -> QuantModule_DiffAE_LoRA
2026-03-20 19:29:46,756 [INFO]   替換層 1 -> QuantModule_DiffAE_LoRA
2026-03-20 19:29:46,757 [INFO]   替換層 3 -> QuantModule_DiffAE_LoRA
2026-03-20 19:29:46,757 [INFO]   替換層 3 -> QuantModule_DiffAE_LoRA
2026-03-20 19:29:46,766 [INFO] 改造模組: output_blocks
2026-03-20 19:29:46,766 [INFO] 改造模組: output_blocks
2026-03-20 19:29:46,766 [INFO]   替換層 2 -> QuantModule_DiffAE_LoRA
2026-03-20 19:29:46,766 [INFO]   替換層 2 -> QuantModule_DiffAE_LoRA
2026-03-20 19:29:46,779 [INFO]   替換層 1 -> QuantModule_DiffAE_LoRA
2026-03-20 19:29:46,779 [INFO]   替換層 1 -> QuantModule_DiffAE_LoRA
2026-03-20 19:29:46,781 [INFO]   替換層 1 -> QuantModule_DiffAE_LoRA
2026-03-20 19:29:46,781 [INFO]   替換層 1 -> QuantModule_DiffAE_LoRA
2026-03-20 19:29:46,782 [INFO]   替換層 3 -> QuantModule_DiffAE_LoRA
2026-03-20 19:29:46,782 [INFO]   替換層 3 -> QuantModule_DiffAE_LoRA
2026-03-20 19:29:46,789 [INFO]   跳過量化 skip connection: skip_connection
2026-03-20 19:29:46,789 [INFO]   跳過量化 skip connection: skip_connection
2026-03-20 19:29:46,789 [INFO]   替換層 2 -> QuantModule_DiffAE_LoRA
2026-03-20 19:29:46,789 [INFO]   替換層 2 -> QuantModule_DiffAE_LoRA
2026-03-20 19:29:46,803 [INFO]   替換層 1 -> QuantModule_DiffAE_LoRA
2026-03-20 19:29:46,803 [INFO]   替換層 1 -> QuantModule_DiffAE_LoRA
2026-03-20 19:29:46,805 [INFO]   替換層 1 -> QuantModule_DiffAE_LoRA
2026-03-20 19:29:46,805 [INFO]   替換層 1 -> QuantModule_DiffAE_LoRA
2026-03-20 19:29:46,807 [INFO]   替換層 3 -> QuantModule_DiffAE_LoRA
2026-03-20 19:29:46,807 [INFO]   替換層 3 -> QuantModule_DiffAE_LoRA
2026-03-20 19:29:46,816 [INFO]   跳過量化 skip connection: skip_connection
2026-03-20 19:29:46,816 [INFO]   跳過量化 skip connection: skip_connection
2026-03-20 19:29:46,816 [INFO]   替換層 2 -> QuantModule_DiffAE_LoRA
2026-03-20 19:29:46,816 [INFO]   替換層 2 -> QuantModule_DiffAE_LoRA
2026-03-20 19:29:46,829 [INFO]   替換層 1 -> QuantModule_DiffAE_LoRA
2026-03-20 19:29:46,829 [INFO]   替換層 1 -> QuantModule_DiffAE_LoRA
2026-03-20 19:29:46,831 [INFO]   替換層 1 -> QuantModule_DiffAE_LoRA
2026-03-20 19:29:46,831 [INFO]   替換層 1 -> QuantModule_DiffAE_LoRA
2026-03-20 19:29:46,832 [INFO]   替換層 3 -> QuantModule_DiffAE_LoRA
2026-03-20 19:29:46,832 [INFO]   替換層 3 -> QuantModule_DiffAE_LoRA
2026-03-20 19:29:46,840 [INFO]   跳過量化 skip connection: skip_connection
2026-03-20 19:29:46,840 [INFO]   跳過量化 skip connection: skip_connection
2026-03-20 19:29:46,840 [INFO]   替換層 2 -> QuantModule_DiffAE_LoRA
2026-03-20 19:29:46,840 [INFO]   替換層 2 -> QuantModule_DiffAE_LoRA
2026-03-20 19:29:46,848 [INFO]   替換層 1 -> QuantModule_DiffAE_LoRA
2026-03-20 19:29:46,848 [INFO]   替換層 1 -> QuantModule_DiffAE_LoRA
2026-03-20 19:29:46,850 [INFO]   替換層 1 -> QuantModule_DiffAE_LoRA
2026-03-20 19:29:46,850 [INFO]   替換層 1 -> QuantModule_DiffAE_LoRA
2026-03-20 19:29:46,851 [INFO]   替換層 3 -> QuantModule_DiffAE_LoRA
2026-03-20 19:29:46,851 [INFO]   替換層 3 -> QuantModule_DiffAE_LoRA
2026-03-20 19:29:46,859 [INFO]   替換層 2 -> QuantModule_DiffAE_LoRA
2026-03-20 19:29:46,859 [INFO]   替換層 2 -> QuantModule_DiffAE_LoRA
2026-03-20 19:29:46,869 [INFO]   替換層 1 -> QuantModule_DiffAE_LoRA
2026-03-20 19:29:46,869 [INFO]   替換層 1 -> QuantModule_DiffAE_LoRA
2026-03-20 19:29:46,871 [INFO]   替換層 1 -> QuantModule_DiffAE_LoRA
2026-03-20 19:29:46,871 [INFO]   替換層 1 -> QuantModule_DiffAE_LoRA
2026-03-20 19:29:46,872 [INFO]   替換層 3 -> QuantModule_DiffAE_LoRA
2026-03-20 19:29:46,872 [INFO]   替換層 3 -> QuantModule_DiffAE_LoRA
2026-03-20 19:29:46,876 [INFO]   跳過量化 skip connection: skip_connection
2026-03-20 19:29:46,876 [INFO]   跳過量化 skip connection: skip_connection
2026-03-20 19:29:46,876 [INFO]   替換層 2 -> QuantModule_DiffAE_LoRA
2026-03-20 19:29:46,876 [INFO]   替換層 2 -> QuantModule_DiffAE_LoRA
2026-03-20 19:29:46,884 [INFO]   替換層 1 -> QuantModule_DiffAE_LoRA
2026-03-20 19:29:46,884 [INFO]   替換層 1 -> QuantModule_DiffAE_LoRA
2026-03-20 19:29:46,886 [INFO]   替換層 1 -> QuantModule_DiffAE_LoRA
2026-03-20 19:29:46,886 [INFO]   替換層 1 -> QuantModule_DiffAE_LoRA
2026-03-20 19:29:46,887 [INFO]   替換層 3 -> QuantModule_DiffAE_LoRA
2026-03-20 19:29:46,887 [INFO]   替換層 3 -> QuantModule_DiffAE_LoRA
2026-03-20 19:29:46,892 [INFO]   跳過量化 skip connection: skip_connection
2026-03-20 19:29:46,892 [INFO]   跳過量化 skip connection: skip_connection
2026-03-20 19:29:46,892 [INFO]   替換層 2 -> QuantModule_DiffAE_LoRA
2026-03-20 19:29:46,892 [INFO]   替換層 2 -> QuantModule_DiffAE_LoRA
2026-03-20 19:29:46,899 [INFO]   替換層 1 -> QuantModule_DiffAE_LoRA
2026-03-20 19:29:46,899 [INFO]   替換層 1 -> QuantModule_DiffAE_LoRA
2026-03-20 19:29:46,901 [INFO]   替換層 1 -> QuantModule_DiffAE_LoRA
2026-03-20 19:29:46,901 [INFO]   替換層 1 -> QuantModule_DiffAE_LoRA
2026-03-20 19:29:46,902 [INFO]   替換層 3 -> QuantModule_DiffAE_LoRA
2026-03-20 19:29:46,902 [INFO]   替換層 3 -> QuantModule_DiffAE_LoRA
2026-03-20 19:29:46,907 [INFO]   跳過量化 skip connection: skip_connection
2026-03-20 19:29:46,907 [INFO]   跳過量化 skip connection: skip_connection
2026-03-20 19:29:46,907 [INFO]   替換層 2 -> QuantModule_DiffAE_LoRA
2026-03-20 19:29:46,907 [INFO]   替換層 2 -> QuantModule_DiffAE_LoRA
2026-03-20 19:29:46,912 [INFO]   替換層 1 -> QuantModule_DiffAE_LoRA
2026-03-20 19:29:46,912 [INFO]   替換層 1 -> QuantModule_DiffAE_LoRA
2026-03-20 19:29:46,914 [INFO]   替換層 1 -> QuantModule_DiffAE_LoRA
2026-03-20 19:29:46,914 [INFO]   替換層 1 -> QuantModule_DiffAE_LoRA
2026-03-20 19:29:46,914 [INFO]   替換層 3 -> QuantModule_DiffAE_LoRA
2026-03-20 19:29:46,914 [INFO]   替換層 3 -> QuantModule_DiffAE_LoRA
2026-03-20 19:29:46,918 [INFO]   替換層 2 -> QuantModule_DiffAE_LoRA
2026-03-20 19:29:46,918 [INFO]   替換層 2 -> QuantModule_DiffAE_LoRA
2026-03-20 19:29:46,924 [INFO]   替換層 1 -> QuantModule_DiffAE_LoRA
2026-03-20 19:29:46,924 [INFO]   替換層 1 -> QuantModule_DiffAE_LoRA
2026-03-20 19:29:46,925 [INFO]   替換層 1 -> QuantModule_DiffAE_LoRA
2026-03-20 19:29:46,925 [INFO]   替換層 1 -> QuantModule_DiffAE_LoRA
2026-03-20 19:29:46,926 [INFO]   替換層 3 -> QuantModule_DiffAE_LoRA
2026-03-20 19:29:46,926 [INFO]   替換層 3 -> QuantModule_DiffAE_LoRA
2026-03-20 19:29:46,928 [INFO]   跳過量化 skip connection: skip_connection
2026-03-20 19:29:46,928 [INFO]   跳過量化 skip connection: skip_connection
2026-03-20 19:29:46,928 [INFO]   替換層 2 -> QuantModule_DiffAE_LoRA
2026-03-20 19:29:46,928 [INFO]   替換層 2 -> QuantModule_DiffAE_LoRA
2026-03-20 19:29:46,932 [INFO]   替換層 1 -> QuantModule_DiffAE_LoRA
2026-03-20 19:29:46,932 [INFO]   替換層 1 -> QuantModule_DiffAE_LoRA
2026-03-20 19:29:46,933 [INFO]   替換層 1 -> QuantModule_DiffAE_LoRA
2026-03-20 19:29:46,933 [INFO]   替換層 1 -> QuantModule_DiffAE_LoRA
2026-03-20 19:29:46,934 [INFO]   替換層 3 -> QuantModule_DiffAE_LoRA
2026-03-20 19:29:46,934 [INFO]   替換層 3 -> QuantModule_DiffAE_LoRA
2026-03-20 19:29:46,936 [INFO]   跳過量化 skip connection: skip_connection
2026-03-20 19:29:46,936 [INFO]   跳過量化 skip connection: skip_connection
2026-03-20 19:29:46,936 [INFO]   替換層 2 -> QuantModule_DiffAE_LoRA
2026-03-20 19:29:46,936 [INFO]   替換層 2 -> QuantModule_DiffAE_LoRA
2026-03-20 19:29:46,939 [INFO]   替換層 1 -> QuantModule_DiffAE_LoRA
2026-03-20 19:29:46,939 [INFO]   替換層 1 -> QuantModule_DiffAE_LoRA
2026-03-20 19:29:46,940 [INFO]   替換層 1 -> QuantModule_DiffAE_LoRA
2026-03-20 19:29:46,940 [INFO]   替換層 1 -> QuantModule_DiffAE_LoRA
2026-03-20 19:29:46,941 [INFO]   替換層 3 -> QuantModule_DiffAE_LoRA
2026-03-20 19:29:46,941 [INFO]   替換層 3 -> QuantModule_DiffAE_LoRA
2026-03-20 19:29:46,942 [INFO]   跳過量化 skip connection: skip_connection
2026-03-20 19:29:46,942 [INFO]   跳過量化 skip connection: skip_connection
2026-03-20 19:29:46,942 [INFO]   替換層 2 -> QuantModule_DiffAE_LoRA
2026-03-20 19:29:46,942 [INFO]   替換層 2 -> QuantModule_DiffAE_LoRA
2026-03-20 19:29:46,945 [INFO]   替換層 1 -> QuantModule_DiffAE_LoRA
2026-03-20 19:29:46,945 [INFO]   替換層 1 -> QuantModule_DiffAE_LoRA
2026-03-20 19:29:46,946 [INFO]   替換層 1 -> QuantModule_DiffAE_LoRA
2026-03-20 19:29:46,946 [INFO]   替換層 1 -> QuantModule_DiffAE_LoRA
2026-03-20 19:29:46,946 [INFO]   替換層 3 -> QuantModule_DiffAE_LoRA
2026-03-20 19:29:46,946 [INFO]   替換層 3 -> QuantModule_DiffAE_LoRA
2026-03-20 19:29:46,948 [INFO]   替換層 2 -> QuantModule_DiffAE_LoRA
2026-03-20 19:29:46,948 [INFO]   替換層 2 -> QuantModule_DiffAE_LoRA
2026-03-20 19:29:46,951 [INFO]   替換層 1 -> QuantModule_DiffAE_LoRA
2026-03-20 19:29:46,951 [INFO]   替換層 1 -> QuantModule_DiffAE_LoRA
2026-03-20 19:29:46,951 [INFO]   替換層 1 -> QuantModule_DiffAE_LoRA
2026-03-20 19:29:46,951 [INFO]   替換層 1 -> QuantModule_DiffAE_LoRA
2026-03-20 19:29:46,952 [INFO]   替換層 3 -> QuantModule_DiffAE_LoRA
2026-03-20 19:29:46,952 [INFO]   替換層 3 -> QuantModule_DiffAE_LoRA
2026-03-20 19:29:46,952 [INFO]   跳過量化 skip connection: skip_connection
2026-03-20 19:29:46,952 [INFO]   跳過量化 skip connection: skip_connection
2026-03-20 19:29:46,952 [INFO]   替換層 2 -> QuantModule_DiffAE_LoRA
2026-03-20 19:29:46,952 [INFO]   替換層 2 -> QuantModule_DiffAE_LoRA
2026-03-20 19:29:46,954 [INFO]   替換層 1 -> QuantModule_DiffAE_LoRA
2026-03-20 19:29:46,954 [INFO]   替換層 1 -> QuantModule_DiffAE_LoRA
2026-03-20 19:29:46,954 [INFO]   替換層 1 -> QuantModule_DiffAE_LoRA
2026-03-20 19:29:46,954 [INFO]   替換層 1 -> QuantModule_DiffAE_LoRA
2026-03-20 19:29:46,955 [INFO]   替換層 3 -> QuantModule_DiffAE_LoRA
2026-03-20 19:29:46,955 [INFO]   替換層 3 -> QuantModule_DiffAE_LoRA
2026-03-20 19:29:46,955 [INFO]   跳過量化 skip connection: skip_connection
2026-03-20 19:29:46,955 [INFO]   跳過量化 skip connection: skip_connection
2026-03-20 19:29:46,955 [INFO]   替換層 2 -> QuantModule_DiffAE_LoRA
2026-03-20 19:29:46,955 [INFO]   替換層 2 -> QuantModule_DiffAE_LoRA
2026-03-20 19:29:46,957 [INFO]   替換層 1 -> QuantModule_DiffAE_LoRA
2026-03-20 19:29:46,957 [INFO]   替換層 1 -> QuantModule_DiffAE_LoRA
2026-03-20 19:29:46,957 [INFO]   替換層 1 -> QuantModule_DiffAE_LoRA
2026-03-20 19:29:46,957 [INFO]   替換層 1 -> QuantModule_DiffAE_LoRA
2026-03-20 19:29:46,958 [INFO]   替換層 3 -> QuantModule_DiffAE_LoRA
2026-03-20 19:29:46,958 [INFO]   替換層 3 -> QuantModule_DiffAE_LoRA
2026-03-20 19:29:46,958 [INFO]   跳過量化 skip connection: skip_connection
2026-03-20 19:29:46,958 [INFO]   跳過量化 skip connection: skip_connection
2026-03-20 19:29:46,958 [INFO]   替換層 2 -> QuantModule_DiffAE_LoRA
2026-03-20 19:29:46,958 [INFO]   替換層 2 -> QuantModule_DiffAE_LoRA
2026-03-20 19:29:46,959 [INFO]   替換層 1 -> QuantModule_DiffAE_LoRA
2026-03-20 19:29:46,959 [INFO]   替換層 1 -> QuantModule_DiffAE_LoRA
2026-03-20 19:29:46,960 [INFO]   替換層 1 -> QuantModule_DiffAE_LoRA
2026-03-20 19:29:46,960 [INFO]   替換層 1 -> QuantModule_DiffAE_LoRA
2026-03-20 19:29:46,960 [INFO]   替換層 3 -> QuantModule_DiffAE_LoRA
2026-03-20 19:29:46,960 [INFO]   替換層 3 -> QuantModule_DiffAE_LoRA
2026-03-20 19:29:46,961 [INFO]   替換層 2 -> QuantModule_DiffAE_LoRA
2026-03-20 19:29:46,961 [INFO]   替換層 2 -> QuantModule_DiffAE_LoRA
2026-03-20 19:29:46,962 [INFO]   替換層 1 -> QuantModule_DiffAE_LoRA
2026-03-20 19:29:46,962 [INFO]   替換層 1 -> QuantModule_DiffAE_LoRA
2026-03-20 19:29:46,963 [INFO]   替換層 1 -> QuantModule_DiffAE_LoRA
2026-03-20 19:29:46,963 [INFO]   替換層 1 -> QuantModule_DiffAE_LoRA
2026-03-20 19:29:46,963 [INFO]   替換層 3 -> QuantModule_DiffAE_LoRA
2026-03-20 19:29:46,963 [INFO]   替換層 3 -> QuantModule_DiffAE_LoRA
2026-03-20 19:29:46,964 [INFO]   跳過量化 skip connection: skip_connection
2026-03-20 19:29:46,964 [INFO]   跳過量化 skip connection: skip_connection
2026-03-20 19:29:46,964 [INFO]   替換層 2 -> QuantModule_DiffAE_LoRA
2026-03-20 19:29:46,964 [INFO]   替換層 2 -> QuantModule_DiffAE_LoRA
2026-03-20 19:29:46,965 [INFO]   替換層 1 -> QuantModule_DiffAE_LoRA
2026-03-20 19:29:46,965 [INFO]   替換層 1 -> QuantModule_DiffAE_LoRA
2026-03-20 19:29:46,966 [INFO]   替換層 1 -> QuantModule_DiffAE_LoRA
2026-03-20 19:29:46,966 [INFO]   替換層 1 -> QuantModule_DiffAE_LoRA
2026-03-20 19:29:46,966 [INFO]   替換層 3 -> QuantModule_DiffAE_LoRA
2026-03-20 19:29:46,966 [INFO]   替換層 3 -> QuantModule_DiffAE_LoRA
2026-03-20 19:29:46,967 [INFO]   跳過量化 skip connection: skip_connection
2026-03-20 19:29:46,967 [INFO]   跳過量化 skip connection: skip_connection
2026-03-20 19:29:46,967 [INFO]   替換層 2 -> QuantModule_DiffAE_LoRA
2026-03-20 19:29:46,967 [INFO]   替換層 2 -> QuantModule_DiffAE_LoRA
2026-03-20 19:29:46,969 [INFO]   替換層 1 -> QuantModule_DiffAE_LoRA
2026-03-20 19:29:46,969 [INFO]   替換層 1 -> QuantModule_DiffAE_LoRA
2026-03-20 19:29:46,969 [INFO]   替換層 1 -> QuantModule_DiffAE_LoRA
2026-03-20 19:29:46,969 [INFO]   替換層 1 -> QuantModule_DiffAE_LoRA
2026-03-20 19:29:46,970 [INFO]   替換層 3 -> QuantModule_DiffAE_LoRA
2026-03-20 19:29:46,970 [INFO]   替換層 3 -> QuantModule_DiffAE_LoRA
2026-03-20 19:29:46,970 [INFO]   跳過量化 skip connection: skip_connection
2026-03-20 19:29:46,970 [INFO]   跳過量化 skip connection: skip_connection
2026-03-20 19:29:46,970 [INFO] 改造模組: out
2026-03-20 19:29:46,970 [INFO] 改造模組: out
2026-03-20 19:29:46,970 [INFO]   跳過量化特殊模組: 2
2026-03-20 19:29:46,970 [INFO]   跳過量化特殊模組: 2
2026-03-20 19:29:46,974 [INFO] 執行 'create_float_quantized_model' 完成，耗時: 0.41 秒
2026-03-20 19:29:46,974 [INFO] 執行 'create_float_quantized_model' 完成，耗時: 0.41 秒
2026-03-20 19:29:47,062 [INFO] 載入校準資料...
2026-03-20 19:29:47,062 [INFO] 載入校準資料...
2026-03-20 19:29:47,279 [INFO] ✅ 載入真實校準資料成功
2026-03-20 19:29:47,279 [INFO] ✅ 載入真實校準資料成功
2026-03-20 19:29:47,281 [INFO] ==================================================
2026-03-20 19:29:47,281 [INFO] ==================================================
2026-03-20 19:29:47,281 [INFO] 5. Setting first and last layers to 8-bit...
2026-03-20 19:29:47,281 [INFO] 5. Setting first and last layers to 8-bit...
2026-03-20 19:29:47,283 [INFO] 找到 144 個量化模組
2026-03-20 19:29:47,283 [INFO] 找到 144 個量化模組
2026-03-20 19:29:47,283 [INFO] ✅ 首尾層 8-bit 設定完成
2026-03-20 19:29:47,283 [INFO] ✅ 首尾層 8-bit 設定完成
2026-03-20 19:29:47,283 [INFO] ✅ 量化模型創建成功
2026-03-20 19:29:47,283 [INFO] ✅ 量化模型創建成功
2026-03-20 19:29:47,283 [INFO] set quant state to True, True for layer 1
2026-03-20 19:29:47,283 [INFO] set quant state to True, True for layer 1
2026-03-20 19:29:47,283 [INFO] set quant state to True, True for layer 2
2026-03-20 19:29:47,283 [INFO] set quant state to True, True for layer 2
2026-03-20 19:29:47,283 [INFO] set quant state to True, False for layer 3
2026-03-20 19:29:47,283 [INFO] set quant state to True, False for layer 3
2026-03-20 19:29:47,284 [INFO] set quant state to True, True for layer 144
2026-03-20 19:29:47,284 [INFO] set quant state to True, True for layer 144
2026-03-20 19:29:48,219 [INFO] EMA(load from ema_model.model.*): provided=1822 effective_loaded=1822 missing=280 unexpected=0
2026-03-20 19:29:48,219 [INFO] EMA(load from ema_model.model.*): provided=1822 effective_loaded=1822 missing=280 unexpected=0
2026-03-20 19:29:48,219 [WARNING] EMA missing keys (前10): ['model.input_blocks.1.0.in_layers.2.intn_dequantizer.delta', 'model.input_blocks.1.0.in_layers.2.intn_dequantizer.zero_point', 'model.input_blocks.1.0.emb_layers.1.intn_dequantizer.delta', 'model.input_blocks.1.0.emb_layers.1.intn_dequantizer.zero_point', 'model.input_blocks.1.0.cond_emb_layers.1.intn_dequantizer.delta', 'model.input_blocks.1.0.cond_emb_layers.1.intn_dequantizer.zero_point', 'model.input_blocks.1.0.out_layers.3.intn_dequantizer.delta', 'model.input_blocks.1.0.out_layers.3.intn_dequantizer.zero_point', 'model.input_blocks.2.0.in_layers.2.intn_dequantizer.delta', 'model.input_blocks.2.0.in_layers.2.intn_dequantizer.zero_point']
2026-03-20 19:29:48,219 [WARNING] EMA missing keys (前10): ['model.input_blocks.1.0.in_layers.2.intn_dequantizer.delta', 'model.input_blocks.1.0.in_layers.2.intn_dequantizer.zero_point', 'model.input_blocks.1.0.emb_layers.1.intn_dequantizer.delta', 'model.input_blocks.1.0.emb_layers.1.intn_dequantizer.zero_point', 'model.input_blocks.1.0.cond_emb_layers.1.intn_dequantizer.delta', 'model.input_blocks.1.0.cond_emb_layers.1.intn_dequantizer.zero_point', 'model.input_blocks.1.0.out_layers.3.intn_dequantizer.delta', 'model.input_blocks.1.0.out_layers.3.intn_dequantizer.zero_point', 'model.input_blocks.2.0.in_layers.2.intn_dequantizer.delta', 'model.input_blocks.2.0.in_layers.2.intn_dequantizer.zero_point']
2026-03-20 19:29:48,277 [INFO] MODEL(load from model.model.*): provided=1822 effective_loaded=1822 missing=280 unexpected=0
2026-03-20 19:29:48,277 [INFO] MODEL(load from model.model.*): provided=1822 effective_loaded=1822 missing=280 unexpected=0
2026-03-20 19:29:48,277 [INFO] ✅ 量化模型載入成功
2026-03-20 19:29:48,277 [INFO] ✅ 量化模型載入成功
2026-03-20 19:29:48,277 [INFO] === 初始化新功能模組 ===
2026-03-20 19:29:48,277 [INFO] === 初始化新功能模組 ===
2026-03-20 19:29:48,308 [INFO] ✅ 基礎模型設定完成
2026-03-20 19:29:48,308 [INFO] ✅ 基礎模型設定完成
2026-03-20 19:29:48,338 [INFO] ==================================================
2026-03-20 19:29:48,338 [INFO] ==================================================
2026-03-20 19:29:48,338 [INFO] 啟用 Similarity Analysis (L1/L2/Cosine)
2026-03-20 19:29:48,338 [INFO] 啟用 Similarity Analysis (L1/L2/Cosine)
2026-03-20 19:29:48,338 [INFO] FID 評估樣本數: 128
2026-03-20 19:29:48,338 [INFO] FID 評估樣本數: 128
2026-03-20 19:29:48,338 [INFO] 實際收集樣本數: 20 (用於加速)
2026-03-20 19:29:48,338 [INFO] 實際收集樣本數: 20 (用於加速)
2026-03-20 19:29:48,338 [INFO] 擴散步數: 100
2026-03-20 19:29:48,338 [INFO] 擴散步數: 100
2026-03-20 19:29:48,338 [INFO] ==================================================
2026-03-20 19:29:48,338 [INFO] ==================================================
2026-03-20 19:29:48,339 [INFO] [Similarity] 註冊 block hook: model.output_blocks.7
2026-03-20 19:29:48,339 [INFO] [Similarity] 註冊 block hook: model.output_blocks.7
2026-03-20 19:29:48,340 [INFO] [Similarity] 註冊 model step hook 完成
2026-03-20 19:29:48,340 [INFO] [Similarity] 註冊 model step hook 完成
Model params: 174.19 M
loading pretrain ... 130M
step: 1019986
loading latent stats ...
local seed: 0
train data: 70001
val data: 70001
on train dataloader start ...
mean: tensor(-0.0606, device='cuda:0') std: tensor(0.0755, device='cuda:0')
generating images:   0%|          | 0/4 [00:00<?, ?it/s]/home/jimmy/diffae/./diffusion/base.py:329: FutureWarning: `torch.cuda.amp.autocast(args...)` is deprecated. Please use `torch.amp.autocast('cuda', args...)` instead.
  with autocast(self.conf.fp16):
2026-03-20 19:30:06,646 [INFO] [Similarity] Batch 0 完成，已收集 20 個樣本
2026-03-20 19:30:06,646 [INFO] [Similarity] Batch 0 完成，已收集 20 個樣本
generating images:  25%|██▌       | 1/4 [00:18<00:55, 18.43s/it]2026-03-20 19:30:24,937 [INFO] [Similarity] Batch 1 完成，已收集 20 個樣本
2026-03-20 19:30:24,937 [INFO] [Similarity] Batch 1 完成，已收集 20 個樣本
generating images:  50%|█████     | 2/4 [00:36<00:36, 18.35s/it]2026-03-20 19:30:43,238 [INFO] [Similarity] Batch 2 完成，已收集 20 個樣本
2026-03-20 19:30:43,238 [INFO] [Similarity] Batch 2 完成，已收集 20 個樣本
generating images:  75%|███████▌  | 3/4 [00:55<00:18, 18.33s/it]2026-03-20 19:30:59,049 [INFO] [Similarity] 已收集 80 个样本，停止数据收集（目标: 80）
2026-03-20 19:30:59,049 [INFO] [Similarity] 已收集 80 个样本，停止数据收集（目标: 80）
2026-03-20 19:31:01,553 [INFO] [Similarity] Batch 3 完成，已收集 20 個樣本
2026-03-20 19:31:01,553 [INFO] [Similarity] Batch 3 完成，已收集 20 個樣本
generating images: 100%|██████████| 4/4 [01:13<00:00, 18.32s/it]generating images: 100%|██████████| 4/4 [01:13<00:00, 18.33s/it]
2026-03-20 19:31:01,684 [INFO] [Similarity] FID@128 100 steps score: 0
2026-03-20 19:31:01,684 [INFO] [Similarity] FID@128 100 steps score: 0
2026-03-20 19:31:01,685 [INFO] [Similarity] model.output_blocks.7 cosine: min=0.251049, max=1.000000, diag_mean=1.000000, off_diag_mean=0.865884, off_diag_std=0.129718
2026-03-20 19:31:01,685 [INFO] [Similarity] model.output_blocks.7 cosine: min=0.251049, max=1.000000, diag_mean=1.000000, off_diag_mean=0.865884, off_diag_std=0.129718
2026-03-20 19:31:02,747 [INFO] ✅ Similarity Analysis 完成
2026-03-20 19:31:02,747 [INFO] ✅ Similarity Analysis 完成
2026-03-20 19:31:02,788 [INFO] 執行 'main_float_model' 完成，耗時: 78.06 秒
2026-03-20 19:31:02,788 [INFO] 執行 'main_float_model' 完成，耗時: 78.06 秒
