/home/jimmy/anaconda3/envs/diffae_bw/lib/python3.10/site-packages/lightning_fabric/__init__.py:41: pkg_resources is deprecated as an API. See https://setuptools.pypa.io/en/latest/pkg_resources.html. The pkg_resources package is slated for removal as early as 2025-11-30. Refrain from using this package or pin to Setuptools<81.
使用自動混合精度: torch.bfloat16
[設定] Log 檔案已設為: QATcode/cache_method/L1_L2_cosine/logs/similarity_model_output_blocks_3.log
2026-01-26 12:17:40,771 [INFO] Using 100 steps
2026-01-26 12:17:40,771 [INFO] Using 50000 evaluation samples
2026-01-26 12:17:40,771 [INFO] Cache enabled: False, method: Res, threshold: 0.1
2026-01-26 12:17:40,771 [INFO] Quantitative analysis enabled: False, samples: 10
2026-01-26 12:17:40,771 [INFO] Log file: QATcode/cache_method/L1_L2_cosine/logs/similarity_model_output_blocks_3.log
2026-01-26 12:17:40,771 [INFO] ==================================================
2026-01-26 12:17:40,771 [INFO] Diff-AE EfficientDM Step 7 : 生成圖片
2026-01-26 12:17:40,771 [INFO] ==================================================
2026-01-26 12:17:40,771 [INFO] Using 100 steps
2026-01-26 12:17:40,771 [INFO] Using 50000 evaluation samples
2026-01-26 12:17:40,771 [INFO] Cache enabled: False, method: Res, threshold: 0.1
2026-01-26 12:17:40,771 [INFO] Quantitative analysis enabled: False, samples: 10
2026-01-26 12:17:40,771 [INFO] Log file: QATcode/cache_method/L1_L2_cosine/logs/similarity_model_output_blocks_3.log
2026-01-26 12:17:40,771 [INFO] ==================================================
2026-01-26 12:17:40,771 [INFO] Diff-AE EfficientDM Step 7 : 生成圖片
2026-01-26 12:17:40,771 [INFO] ==================================================
2026-01-26 12:17:40,771 [INFO] 使用設備: cuda
2026-01-26 12:17:40,771 [INFO] 使用設備: cuda
2026-01-26 12:17:40,771 [INFO] === 新功能狀態 ===
2026-01-26 12:17:40,771 [INFO] === 新功能狀態 ===
2026-01-26 12:17:40,771 [INFO] 載入 Diff-AE 模型: checkpoints/ffhq128_autoenc_latent/last.ckpt
2026-01-26 12:17:40,771 [INFO] 載入 Diff-AE 模型: checkpoints/ffhq128_autoenc_latent/last.ckpt
Seed set to 0
Model params: 174.19 M
loading pretrain ... 130M
step: 1019986
loading latent stats ...
2026-01-26 12:17:43,619 [INFO] Diff-AE 模型載入完成
2026-01-26 12:17:43,619 [INFO] Diff-AE 模型載入完成
2026-01-26 12:17:43,664 [INFO] 執行 'load_diffae_model' 完成，耗時: 2.89 秒
2026-01-26 12:17:43,664 [INFO] 執行 'load_diffae_model' 完成，耗時: 2.89 秒
2026-01-26 12:17:43,664 [INFO] ✅ Diff-AE 模型載入成功
2026-01-26 12:17:43,664 [INFO] ✅ Diff-AE 模型載入成功
2026-01-26 12:17:43,664 [INFO] base_model.conf.train_mode: TrainMode.latent_diffusion
2026-01-26 12:17:43,664 [INFO] base_model.conf.train_mode: TrainMode.latent_diffusion
2026-01-26 12:17:43,664 [INFO] === 創建 LoRA 量化模型 ===
2026-01-26 12:17:43,664 [INFO] === 創建 LoRA 量化模型 ===
2026-01-26 12:17:43,664 [INFO] === 開始 UNet LoRA 量化改造 ===
2026-01-26 12:17:43,664 [INFO] === 開始 UNet LoRA 量化改造 ===
2026-01-26 12:17:43,664 [INFO] 改造模組: time_embed
2026-01-26 12:17:43,664 [INFO] 改造模組: time_embed
2026-01-26 12:17:43,664 [INFO]   跳過量化特殊模組: 0
2026-01-26 12:17:43,664 [INFO]   跳過量化特殊模組: 0
2026-01-26 12:17:43,669 [INFO]   跳過量化特殊模組: 2
2026-01-26 12:17:43,669 [INFO]   跳過量化特殊模組: 2
2026-01-26 12:17:43,674 [INFO] 改造模組: input_blocks
2026-01-26 12:17:43,674 [INFO] 改造模組: input_blocks
2026-01-26 12:17:43,674 [INFO]   跳過量化特殊模組: 0
2026-01-26 12:17:43,675 [INFO]   替換層 2 -> QuantModule_DiffAE_LoRA
2026-01-26 12:17:43,674 [INFO]   跳過量化特殊模組: 0
2026-01-26 12:17:43,675 [INFO]   替換層 2 -> QuantModule_DiffAE_LoRA
2026-01-26 12:17:43,759 [INFO]   替換層 1 -> QuantModule_DiffAE_LoRA
2026-01-26 12:17:43,759 [INFO]   替換層 1 -> QuantModule_DiffAE_LoRA
2026-01-26 12:17:43,768 [INFO]   替換層 1 -> QuantModule_DiffAE_LoRA
2026-01-26 12:17:43,768 [INFO]   替換層 1 -> QuantModule_DiffAE_LoRA
2026-01-26 12:17:43,771 [INFO]   替換層 3 -> QuantModule_DiffAE_LoRA
2026-01-26 12:17:43,771 [INFO]   替換層 3 -> QuantModule_DiffAE_LoRA
2026-01-26 12:17:43,778 [INFO]   替換層 2 -> QuantModule_DiffAE_LoRA
2026-01-26 12:17:43,778 [INFO]   替換層 2 -> QuantModule_DiffAE_LoRA
2026-01-26 12:17:43,784 [INFO]   替換層 1 -> QuantModule_DiffAE_LoRA
2026-01-26 12:17:43,784 [INFO]   替換層 1 -> QuantModule_DiffAE_LoRA
2026-01-26 12:17:43,790 [INFO]   替換層 1 -> QuantModule_DiffAE_LoRA
2026-01-26 12:17:43,790 [INFO]   替換層 1 -> QuantModule_DiffAE_LoRA
2026-01-26 12:17:43,791 [INFO]   替換層 3 -> QuantModule_DiffAE_LoRA
2026-01-26 12:17:43,791 [INFO]   替換層 3 -> QuantModule_DiffAE_LoRA
2026-01-26 12:17:43,792 [INFO]   替換層 2 -> QuantModule_DiffAE_LoRA
2026-01-26 12:17:43,792 [INFO]   替換層 2 -> QuantModule_DiffAE_LoRA
2026-01-26 12:17:43,793 [INFO]   替換層 1 -> QuantModule_DiffAE_LoRA
2026-01-26 12:17:43,793 [INFO]   替換層 1 -> QuantModule_DiffAE_LoRA
2026-01-26 12:17:43,794 [INFO]   替換層 1 -> QuantModule_DiffAE_LoRA
2026-01-26 12:17:43,794 [INFO]   替換層 1 -> QuantModule_DiffAE_LoRA
2026-01-26 12:17:43,794 [INFO]   替換層 3 -> QuantModule_DiffAE_LoRA
2026-01-26 12:17:43,794 [INFO]   替換層 3 -> QuantModule_DiffAE_LoRA
2026-01-26 12:17:43,795 [INFO]   替換層 2 -> QuantModule_DiffAE_LoRA
2026-01-26 12:17:43,795 [INFO]   替換層 2 -> QuantModule_DiffAE_LoRA
2026-01-26 12:17:43,796 [INFO]   替換層 1 -> QuantModule_DiffAE_LoRA
2026-01-26 12:17:43,796 [INFO]   替換層 1 -> QuantModule_DiffAE_LoRA
2026-01-26 12:17:43,797 [INFO]   替換層 1 -> QuantModule_DiffAE_LoRA
2026-01-26 12:17:43,797 [INFO]   替換層 1 -> QuantModule_DiffAE_LoRA
2026-01-26 12:17:43,797 [INFO]   替換層 3 -> QuantModule_DiffAE_LoRA
2026-01-26 12:17:43,797 [INFO]   替換層 3 -> QuantModule_DiffAE_LoRA
2026-01-26 12:17:43,798 [INFO]   替換層 2 -> QuantModule_DiffAE_LoRA
2026-01-26 12:17:43,798 [INFO]   替換層 2 -> QuantModule_DiffAE_LoRA
2026-01-26 12:17:43,799 [INFO]   替換層 1 -> QuantModule_DiffAE_LoRA
2026-01-26 12:17:43,799 [INFO]   替換層 1 -> QuantModule_DiffAE_LoRA
2026-01-26 12:17:43,800 [INFO]   替換層 1 -> QuantModule_DiffAE_LoRA
2026-01-26 12:17:43,800 [INFO]   替換層 1 -> QuantModule_DiffAE_LoRA
2026-01-26 12:17:43,800 [INFO]   替換層 3 -> QuantModule_DiffAE_LoRA
2026-01-26 12:17:43,800 [INFO]   替換層 3 -> QuantModule_DiffAE_LoRA
2026-01-26 12:17:43,801 [INFO]   替換層 2 -> QuantModule_DiffAE_LoRA
2026-01-26 12:17:43,801 [INFO]   替換層 2 -> QuantModule_DiffAE_LoRA
2026-01-26 12:17:43,802 [INFO]   替換層 1 -> QuantModule_DiffAE_LoRA
2026-01-26 12:17:43,802 [INFO]   替換層 1 -> QuantModule_DiffAE_LoRA
2026-01-26 12:17:43,803 [INFO]   替換層 1 -> QuantModule_DiffAE_LoRA
2026-01-26 12:17:43,803 [INFO]   替換層 1 -> QuantModule_DiffAE_LoRA
2026-01-26 12:17:43,803 [INFO]   替換層 3 -> QuantModule_DiffAE_LoRA
2026-01-26 12:17:43,803 [INFO]   替換層 3 -> QuantModule_DiffAE_LoRA
2026-01-26 12:17:43,804 [INFO]   替換層 2 -> QuantModule_DiffAE_LoRA
2026-01-26 12:17:43,804 [INFO]   替換層 2 -> QuantModule_DiffAE_LoRA
2026-01-26 12:17:43,806 [INFO]   替換層 1 -> QuantModule_DiffAE_LoRA
2026-01-26 12:17:43,806 [INFO]   替換層 1 -> QuantModule_DiffAE_LoRA
2026-01-26 12:17:43,807 [INFO]   替換層 1 -> QuantModule_DiffAE_LoRA
2026-01-26 12:17:43,807 [INFO]   替換層 1 -> QuantModule_DiffAE_LoRA
2026-01-26 12:17:43,808 [INFO]   替換層 3 -> QuantModule_DiffAE_LoRA
2026-01-26 12:17:43,808 [INFO]   替換層 3 -> QuantModule_DiffAE_LoRA
2026-01-26 12:17:43,810 [INFO]   跳過量化 skip connection: skip_connection
2026-01-26 12:17:43,810 [INFO]   跳過量化 skip connection: skip_connection
2026-01-26 12:17:43,810 [INFO]   替換層 2 -> QuantModule_DiffAE_LoRA
2026-01-26 12:17:43,810 [INFO]   替換層 2 -> QuantModule_DiffAE_LoRA
2026-01-26 12:17:43,812 [INFO]   替換層 1 -> QuantModule_DiffAE_LoRA
2026-01-26 12:17:43,812 [INFO]   替換層 1 -> QuantModule_DiffAE_LoRA
2026-01-26 12:17:43,814 [INFO]   替換層 1 -> QuantModule_DiffAE_LoRA
2026-01-26 12:17:43,814 [INFO]   替換層 1 -> QuantModule_DiffAE_LoRA
2026-01-26 12:17:43,815 [INFO]   替換層 3 -> QuantModule_DiffAE_LoRA
2026-01-26 12:17:43,815 [INFO]   替換層 3 -> QuantModule_DiffAE_LoRA
2026-01-26 12:17:43,817 [INFO]   替換層 2 -> QuantModule_DiffAE_LoRA
2026-01-26 12:17:43,817 [INFO]   替換層 2 -> QuantModule_DiffAE_LoRA
2026-01-26 12:17:43,819 [INFO]   替換層 1 -> QuantModule_DiffAE_LoRA
2026-01-26 12:17:43,819 [INFO]   替換層 1 -> QuantModule_DiffAE_LoRA
2026-01-26 12:17:43,820 [INFO]   替換層 1 -> QuantModule_DiffAE_LoRA
2026-01-26 12:17:43,820 [INFO]   替換層 1 -> QuantModule_DiffAE_LoRA
2026-01-26 12:17:43,821 [INFO]   替換層 3 -> QuantModule_DiffAE_LoRA
2026-01-26 12:17:43,821 [INFO]   替換層 3 -> QuantModule_DiffAE_LoRA
2026-01-26 12:17:43,823 [INFO]   替換層 2 -> QuantModule_DiffAE_LoRA
2026-01-26 12:17:43,823 [INFO]   替換層 2 -> QuantModule_DiffAE_LoRA
2026-01-26 12:17:43,827 [INFO]   替換層 1 -> QuantModule_DiffAE_LoRA
2026-01-26 12:17:43,827 [INFO]   替換層 1 -> QuantModule_DiffAE_LoRA
2026-01-26 12:17:43,830 [INFO]   替換層 1 -> QuantModule_DiffAE_LoRA
2026-01-26 12:17:43,830 [INFO]   替換層 1 -> QuantModule_DiffAE_LoRA
2026-01-26 12:17:43,830 [INFO]   替換層 3 -> QuantModule_DiffAE_LoRA
2026-01-26 12:17:43,830 [INFO]   替換層 3 -> QuantModule_DiffAE_LoRA
2026-01-26 12:17:43,836 [INFO]   跳過量化 skip connection: skip_connection
2026-01-26 12:17:43,836 [INFO]   跳過量化 skip connection: skip_connection
2026-01-26 12:17:43,836 [INFO]   替換層 2 -> QuantModule_DiffAE_LoRA
2026-01-26 12:17:43,836 [INFO]   替換層 2 -> QuantModule_DiffAE_LoRA
2026-01-26 12:17:43,842 [INFO]   替換層 1 -> QuantModule_DiffAE_LoRA
2026-01-26 12:17:43,842 [INFO]   替換層 1 -> QuantModule_DiffAE_LoRA
2026-01-26 12:17:43,846 [INFO]   替換層 1 -> QuantModule_DiffAE_LoRA
2026-01-26 12:17:43,846 [INFO]   替換層 1 -> QuantModule_DiffAE_LoRA
2026-01-26 12:17:43,852 [INFO]   替換層 3 -> QuantModule_DiffAE_LoRA
2026-01-26 12:17:43,852 [INFO]   替換層 3 -> QuantModule_DiffAE_LoRA
2026-01-26 12:17:43,860 [INFO]   替換層 2 -> QuantModule_DiffAE_LoRA
2026-01-26 12:17:43,860 [INFO]   替換層 2 -> QuantModule_DiffAE_LoRA
2026-01-26 12:17:43,867 [INFO]   替換層 1 -> QuantModule_DiffAE_LoRA
2026-01-26 12:17:43,867 [INFO]   替換層 1 -> QuantModule_DiffAE_LoRA
2026-01-26 12:17:43,871 [INFO]   替換層 1 -> QuantModule_DiffAE_LoRA
2026-01-26 12:17:43,871 [INFO]   替換層 1 -> QuantModule_DiffAE_LoRA
2026-01-26 12:17:43,873 [INFO]   替換層 3 -> QuantModule_DiffAE_LoRA
2026-01-26 12:17:43,873 [INFO]   替換層 3 -> QuantModule_DiffAE_LoRA
2026-01-26 12:17:43,877 [INFO]   替換層 2 -> QuantModule_DiffAE_LoRA
2026-01-26 12:17:43,877 [INFO]   替換層 2 -> QuantModule_DiffAE_LoRA
2026-01-26 12:17:43,884 [INFO]   替換層 1 -> QuantModule_DiffAE_LoRA
2026-01-26 12:17:43,884 [INFO]   替換層 1 -> QuantModule_DiffAE_LoRA
2026-01-26 12:17:43,889 [INFO]   替換層 1 -> QuantModule_DiffAE_LoRA
2026-01-26 12:17:43,889 [INFO]   替換層 1 -> QuantModule_DiffAE_LoRA
2026-01-26 12:17:43,893 [INFO]   替換層 3 -> QuantModule_DiffAE_LoRA
2026-01-26 12:17:43,893 [INFO]   替換層 3 -> QuantModule_DiffAE_LoRA
2026-01-26 12:17:43,905 [INFO]   跳過量化 skip connection: skip_connection
2026-01-26 12:17:43,905 [INFO]   替換層 2 -> QuantModule_DiffAE_LoRA
2026-01-26 12:17:43,905 [INFO]   跳過量化 skip connection: skip_connection
2026-01-26 12:17:43,905 [INFO]   替換層 2 -> QuantModule_DiffAE_LoRA
2026-01-26 12:17:43,914 [INFO]   替換層 1 -> QuantModule_DiffAE_LoRA
2026-01-26 12:17:43,914 [INFO]   替換層 1 -> QuantModule_DiffAE_LoRA
2026-01-26 12:17:43,919 [INFO]   替換層 1 -> QuantModule_DiffAE_LoRA
2026-01-26 12:17:43,919 [INFO]   替換層 1 -> QuantModule_DiffAE_LoRA
2026-01-26 12:17:43,925 [INFO]   替換層 3 -> QuantModule_DiffAE_LoRA
2026-01-26 12:17:43,925 [INFO]   替換層 3 -> QuantModule_DiffAE_LoRA
2026-01-26 12:17:43,935 [INFO] 改造模組: middle_block
2026-01-26 12:17:43,935 [INFO]   替換層 2 -> QuantModule_DiffAE_LoRA
2026-01-26 12:17:43,935 [INFO] 改造模組: middle_block
2026-01-26 12:17:43,935 [INFO]   替換層 2 -> QuantModule_DiffAE_LoRA
2026-01-26 12:17:43,945 [INFO]   替換層 1 -> QuantModule_DiffAE_LoRA
2026-01-26 12:17:43,945 [INFO]   替換層 1 -> QuantModule_DiffAE_LoRA
2026-01-26 12:17:43,952 [INFO]   替換層 1 -> QuantModule_DiffAE_LoRA
2026-01-26 12:17:43,952 [INFO]   替換層 1 -> QuantModule_DiffAE_LoRA
2026-01-26 12:17:43,957 [INFO]   替換層 3 -> QuantModule_DiffAE_LoRA
2026-01-26 12:17:43,957 [INFO]   替換層 3 -> QuantModule_DiffAE_LoRA
2026-01-26 12:17:43,968 [INFO]   替換層 2 -> QuantModule_DiffAE_LoRA
2026-01-26 12:17:43,968 [INFO]   替換層 2 -> QuantModule_DiffAE_LoRA
2026-01-26 12:17:43,978 [INFO]   替換層 1 -> QuantModule_DiffAE_LoRA
2026-01-26 12:17:43,978 [INFO]   替換層 1 -> QuantModule_DiffAE_LoRA
2026-01-26 12:17:43,986 [INFO]   替換層 1 -> QuantModule_DiffAE_LoRA
2026-01-26 12:17:43,986 [INFO]   替換層 1 -> QuantModule_DiffAE_LoRA
2026-01-26 12:17:43,990 [INFO]   替換層 3 -> QuantModule_DiffAE_LoRA
2026-01-26 12:17:43,990 [INFO]   替換層 3 -> QuantModule_DiffAE_LoRA
2026-01-26 12:17:43,996 [INFO] 改造模組: output_blocks
2026-01-26 12:17:43,997 [INFO]   替換層 2 -> QuantModule_DiffAE_LoRA
2026-01-26 12:17:43,996 [INFO] 改造模組: output_blocks
2026-01-26 12:17:43,997 [INFO]   替換層 2 -> QuantModule_DiffAE_LoRA
2026-01-26 12:17:44,013 [INFO]   替換層 1 -> QuantModule_DiffAE_LoRA
2026-01-26 12:17:44,013 [INFO]   替換層 1 -> QuantModule_DiffAE_LoRA
2026-01-26 12:17:44,018 [INFO]   替換層 1 -> QuantModule_DiffAE_LoRA
2026-01-26 12:17:44,018 [INFO]   替換層 1 -> QuantModule_DiffAE_LoRA
2026-01-26 12:17:44,021 [INFO]   替換層 3 -> QuantModule_DiffAE_LoRA
2026-01-26 12:17:44,021 [INFO]   替換層 3 -> QuantModule_DiffAE_LoRA
2026-01-26 12:17:44,032 [INFO]   跳過量化 skip connection: skip_connection
2026-01-26 12:17:44,032 [INFO]   替換層 2 -> QuantModule_DiffAE_LoRA
2026-01-26 12:17:44,032 [INFO]   跳過量化 skip connection: skip_connection
2026-01-26 12:17:44,032 [INFO]   替換層 2 -> QuantModule_DiffAE_LoRA
2026-01-26 12:17:44,049 [INFO]   替換層 1 -> QuantModule_DiffAE_LoRA
2026-01-26 12:17:44,049 [INFO]   替換層 1 -> QuantModule_DiffAE_LoRA
2026-01-26 12:17:44,059 [INFO]   替換層 1 -> QuantModule_DiffAE_LoRA
2026-01-26 12:17:44,059 [INFO]   替換層 1 -> QuantModule_DiffAE_LoRA
2026-01-26 12:17:44,062 [INFO]   替換層 3 -> QuantModule_DiffAE_LoRA
2026-01-26 12:17:44,062 [INFO]   替換層 3 -> QuantModule_DiffAE_LoRA
2026-01-26 12:17:44,073 [INFO]   跳過量化 skip connection: skip_connection
2026-01-26 12:17:44,073 [INFO]   替換層 2 -> QuantModule_DiffAE_LoRA
2026-01-26 12:17:44,073 [INFO]   跳過量化 skip connection: skip_connection
2026-01-26 12:17:44,073 [INFO]   替換層 2 -> QuantModule_DiffAE_LoRA
2026-01-26 12:17:44,087 [INFO]   替換層 1 -> QuantModule_DiffAE_LoRA
2026-01-26 12:17:44,087 [INFO]   替換層 1 -> QuantModule_DiffAE_LoRA
2026-01-26 12:17:44,094 [INFO]   替換層 1 -> QuantModule_DiffAE_LoRA
2026-01-26 12:17:44,094 [INFO]   替換層 1 -> QuantModule_DiffAE_LoRA
2026-01-26 12:17:44,099 [INFO]   替換層 3 -> QuantModule_DiffAE_LoRA
2026-01-26 12:17:44,099 [INFO]   替換層 3 -> QuantModule_DiffAE_LoRA
2026-01-26 12:17:44,110 [INFO]   跳過量化 skip connection: skip_connection
2026-01-26 12:17:44,110 [INFO]   替換層 2 -> QuantModule_DiffAE_LoRA
2026-01-26 12:17:44,110 [INFO]   跳過量化 skip connection: skip_connection
2026-01-26 12:17:44,110 [INFO]   替換層 2 -> QuantModule_DiffAE_LoRA
2026-01-26 12:17:44,117 [INFO]   替換層 1 -> QuantModule_DiffAE_LoRA
2026-01-26 12:17:44,117 [INFO]   替換層 1 -> QuantModule_DiffAE_LoRA
2026-01-26 12:17:44,124 [INFO]   替換層 1 -> QuantModule_DiffAE_LoRA
2026-01-26 12:17:44,124 [INFO]   替換層 1 -> QuantModule_DiffAE_LoRA
2026-01-26 12:17:44,131 [INFO]   替換層 3 -> QuantModule_DiffAE_LoRA
2026-01-26 12:17:44,131 [INFO]   替換層 3 -> QuantModule_DiffAE_LoRA
2026-01-26 12:17:44,143 [INFO]   替換層 2 -> QuantModule_DiffAE_LoRA
2026-01-26 12:17:44,143 [INFO]   替換層 2 -> QuantModule_DiffAE_LoRA
2026-01-26 12:17:44,161 [INFO]   替換層 1 -> QuantModule_DiffAE_LoRA
2026-01-26 12:17:44,161 [INFO]   替換層 1 -> QuantModule_DiffAE_LoRA
2026-01-26 12:17:44,169 [INFO]   替換層 1 -> QuantModule_DiffAE_LoRA
2026-01-26 12:17:44,169 [INFO]   替換層 1 -> QuantModule_DiffAE_LoRA
2026-01-26 12:17:44,176 [INFO]   替換層 3 -> QuantModule_DiffAE_LoRA
2026-01-26 12:17:44,176 [INFO]   替換層 3 -> QuantModule_DiffAE_LoRA
2026-01-26 12:17:44,186 [INFO]   跳過量化 skip connection: skip_connection
2026-01-26 12:17:44,186 [INFO]   替換層 2 -> QuantModule_DiffAE_LoRA
2026-01-26 12:17:44,186 [INFO]   跳過量化 skip connection: skip_connection
2026-01-26 12:17:44,186 [INFO]   替換層 2 -> QuantModule_DiffAE_LoRA
2026-01-26 12:17:44,198 [INFO]   替換層 1 -> QuantModule_DiffAE_LoRA
2026-01-26 12:17:44,198 [INFO]   替換層 1 -> QuantModule_DiffAE_LoRA
2026-01-26 12:17:44,203 [INFO]   替換層 1 -> QuantModule_DiffAE_LoRA
2026-01-26 12:17:44,203 [INFO]   替換層 1 -> QuantModule_DiffAE_LoRA
2026-01-26 12:17:44,209 [INFO]   替換層 3 -> QuantModule_DiffAE_LoRA
2026-01-26 12:17:44,209 [INFO]   替換層 3 -> QuantModule_DiffAE_LoRA
2026-01-26 12:17:44,220 [INFO]   跳過量化 skip connection: skip_connection
2026-01-26 12:17:44,221 [INFO]   替換層 2 -> QuantModule_DiffAE_LoRA
2026-01-26 12:17:44,220 [INFO]   跳過量化 skip connection: skip_connection
2026-01-26 12:17:44,221 [INFO]   替換層 2 -> QuantModule_DiffAE_LoRA
2026-01-26 12:17:44,233 [INFO]   替換層 1 -> QuantModule_DiffAE_LoRA
2026-01-26 12:17:44,233 [INFO]   替換層 1 -> QuantModule_DiffAE_LoRA
2026-01-26 12:17:44,240 [INFO]   替換層 1 -> QuantModule_DiffAE_LoRA
2026-01-26 12:17:44,240 [INFO]   替換層 1 -> QuantModule_DiffAE_LoRA
2026-01-26 12:17:44,246 [INFO]   替換層 3 -> QuantModule_DiffAE_LoRA
2026-01-26 12:17:44,246 [INFO]   替換層 3 -> QuantModule_DiffAE_LoRA
2026-01-26 12:17:44,255 [INFO]   跳過量化 skip connection: skip_connection
2026-01-26 12:17:44,255 [INFO]   替換層 2 -> QuantModule_DiffAE_LoRA
2026-01-26 12:17:44,255 [INFO]   跳過量化 skip connection: skip_connection
2026-01-26 12:17:44,255 [INFO]   替換層 2 -> QuantModule_DiffAE_LoRA
2026-01-26 12:17:44,264 [INFO]   替換層 1 -> QuantModule_DiffAE_LoRA
2026-01-26 12:17:44,264 [INFO]   替換層 1 -> QuantModule_DiffAE_LoRA
2026-01-26 12:17:44,269 [INFO]   替換層 1 -> QuantModule_DiffAE_LoRA
2026-01-26 12:17:44,269 [INFO]   替換層 1 -> QuantModule_DiffAE_LoRA
2026-01-26 12:17:44,270 [INFO]   替換層 3 -> QuantModule_DiffAE_LoRA
2026-01-26 12:17:44,270 [INFO]   替換層 3 -> QuantModule_DiffAE_LoRA
2026-01-26 12:17:44,275 [INFO]   替換層 2 -> QuantModule_DiffAE_LoRA
2026-01-26 12:17:44,275 [INFO]   替換層 2 -> QuantModule_DiffAE_LoRA
2026-01-26 12:17:44,283 [INFO]   替換層 1 -> QuantModule_DiffAE_LoRA
2026-01-26 12:17:44,283 [INFO]   替換層 1 -> QuantModule_DiffAE_LoRA
2026-01-26 12:17:44,288 [INFO]   替換層 1 -> QuantModule_DiffAE_LoRA
2026-01-26 12:17:44,288 [INFO]   替換層 1 -> QuantModule_DiffAE_LoRA
2026-01-26 12:17:44,293 [INFO]   替換層 3 -> QuantModule_DiffAE_LoRA
2026-01-26 12:17:44,293 [INFO]   替換層 3 -> QuantModule_DiffAE_LoRA
2026-01-26 12:17:44,299 [INFO]   跳過量化 skip connection: skip_connection
2026-01-26 12:17:44,299 [INFO]   跳過量化 skip connection: skip_connection
2026-01-26 12:17:44,299 [INFO]   替換層 2 -> QuantModule_DiffAE_LoRA
2026-01-26 12:17:44,299 [INFO]   替換層 2 -> QuantModule_DiffAE_LoRA
2026-01-26 12:17:44,304 [INFO]   替換層 1 -> QuantModule_DiffAE_LoRA
2026-01-26 12:17:44,304 [INFO]   替換層 1 -> QuantModule_DiffAE_LoRA
2026-01-26 12:17:44,311 [INFO]   替換層 1 -> QuantModule_DiffAE_LoRA
2026-01-26 12:17:44,311 [INFO]   替換層 1 -> QuantModule_DiffAE_LoRA
2026-01-26 12:17:44,315 [INFO]   替換層 3 -> QuantModule_DiffAE_LoRA
2026-01-26 12:17:44,315 [INFO]   替換層 3 -> QuantModule_DiffAE_LoRA
2026-01-26 12:17:44,322 [INFO]   跳過量化 skip connection: skip_connection
2026-01-26 12:17:44,322 [INFO]   跳過量化 skip connection: skip_connection
2026-01-26 12:17:44,322 [INFO]   替換層 2 -> QuantModule_DiffAE_LoRA
2026-01-26 12:17:44,322 [INFO]   替換層 2 -> QuantModule_DiffAE_LoRA
2026-01-26 12:17:44,326 [INFO]   替換層 1 -> QuantModule_DiffAE_LoRA
2026-01-26 12:17:44,326 [INFO]   替換層 1 -> QuantModule_DiffAE_LoRA
2026-01-26 12:17:44,327 [INFO]   替換層 1 -> QuantModule_DiffAE_LoRA
2026-01-26 12:17:44,327 [INFO]   替換層 1 -> QuantModule_DiffAE_LoRA
2026-01-26 12:17:44,328 [INFO]   替換層 3 -> QuantModule_DiffAE_LoRA
2026-01-26 12:17:44,328 [INFO]   替換層 3 -> QuantModule_DiffAE_LoRA
2026-01-26 12:17:44,330 [INFO]   跳過量化 skip connection: skip_connection
2026-01-26 12:17:44,330 [INFO]   跳過量化 skip connection: skip_connection
2026-01-26 12:17:44,330 [INFO]   替換層 2 -> QuantModule_DiffAE_LoRA
2026-01-26 12:17:44,330 [INFO]   替換層 2 -> QuantModule_DiffAE_LoRA
2026-01-26 12:17:44,331 [INFO]   替換層 1 -> QuantModule_DiffAE_LoRA
2026-01-26 12:17:44,331 [INFO]   替換層 1 -> QuantModule_DiffAE_LoRA
2026-01-26 12:17:44,332 [INFO]   替換層 1 -> QuantModule_DiffAE_LoRA
2026-01-26 12:17:44,332 [INFO]   替換層 1 -> QuantModule_DiffAE_LoRA
2026-01-26 12:17:44,333 [INFO]   替換層 3 -> QuantModule_DiffAE_LoRA
2026-01-26 12:17:44,333 [INFO]   替換層 3 -> QuantModule_DiffAE_LoRA
2026-01-26 12:17:44,335 [INFO]   替換層 2 -> QuantModule_DiffAE_LoRA
2026-01-26 12:17:44,335 [INFO]   替換層 2 -> QuantModule_DiffAE_LoRA
2026-01-26 12:17:44,336 [INFO]   替換層 1 -> QuantModule_DiffAE_LoRA
2026-01-26 12:17:44,336 [INFO]   替換層 1 -> QuantModule_DiffAE_LoRA
2026-01-26 12:17:44,337 [INFO]   替換層 1 -> QuantModule_DiffAE_LoRA
2026-01-26 12:17:44,337 [INFO]   替換層 1 -> QuantModule_DiffAE_LoRA
2026-01-26 12:17:44,337 [INFO]   替換層 3 -> QuantModule_DiffAE_LoRA
2026-01-26 12:17:44,337 [INFO]   替換層 3 -> QuantModule_DiffAE_LoRA
2026-01-26 12:17:44,338 [INFO]   跳過量化 skip connection: skip_connection
2026-01-26 12:17:44,338 [INFO]   跳過量化 skip connection: skip_connection
2026-01-26 12:17:44,338 [INFO]   替換層 2 -> QuantModule_DiffAE_LoRA
2026-01-26 12:17:44,338 [INFO]   替換層 2 -> QuantModule_DiffAE_LoRA
2026-01-26 12:17:44,339 [INFO]   替換層 1 -> QuantModule_DiffAE_LoRA
2026-01-26 12:17:44,339 [INFO]   替換層 1 -> QuantModule_DiffAE_LoRA
2026-01-26 12:17:44,340 [INFO]   替換層 1 -> QuantModule_DiffAE_LoRA
2026-01-26 12:17:44,340 [INFO]   替換層 1 -> QuantModule_DiffAE_LoRA
2026-01-26 12:17:44,340 [INFO]   替換層 3 -> QuantModule_DiffAE_LoRA
2026-01-26 12:17:44,340 [INFO]   替換層 3 -> QuantModule_DiffAE_LoRA
2026-01-26 12:17:44,341 [INFO]   跳過量化 skip connection: skip_connection
2026-01-26 12:17:44,341 [INFO]   跳過量化 skip connection: skip_connection
2026-01-26 12:17:44,341 [INFO]   替換層 2 -> QuantModule_DiffAE_LoRA
2026-01-26 12:17:44,341 [INFO]   替換層 2 -> QuantModule_DiffAE_LoRA
2026-01-26 12:17:44,342 [INFO]   替換層 1 -> QuantModule_DiffAE_LoRA
2026-01-26 12:17:44,342 [INFO]   替換層 1 -> QuantModule_DiffAE_LoRA
2026-01-26 12:17:44,342 [INFO]   替換層 1 -> QuantModule_DiffAE_LoRA
2026-01-26 12:17:44,342 [INFO]   替換層 1 -> QuantModule_DiffAE_LoRA
2026-01-26 12:17:44,343 [INFO]   替換層 3 -> QuantModule_DiffAE_LoRA
2026-01-26 12:17:44,343 [INFO]   替換層 3 -> QuantModule_DiffAE_LoRA
2026-01-26 12:17:44,343 [INFO]   跳過量化 skip connection: skip_connection
2026-01-26 12:17:44,343 [INFO]   跳過量化 skip connection: skip_connection
2026-01-26 12:17:44,343 [INFO]   替換層 2 -> QuantModule_DiffAE_LoRA
2026-01-26 12:17:44,343 [INFO]   替換層 2 -> QuantModule_DiffAE_LoRA
2026-01-26 12:17:44,344 [INFO]   替換層 1 -> QuantModule_DiffAE_LoRA
2026-01-26 12:17:44,344 [INFO]   替換層 1 -> QuantModule_DiffAE_LoRA
2026-01-26 12:17:44,345 [INFO]   替換層 1 -> QuantModule_DiffAE_LoRA
2026-01-26 12:17:44,345 [INFO]   替換層 1 -> QuantModule_DiffAE_LoRA
2026-01-26 12:17:44,345 [INFO]   替換層 3 -> QuantModule_DiffAE_LoRA
2026-01-26 12:17:44,345 [INFO]   替換層 3 -> QuantModule_DiffAE_LoRA
2026-01-26 12:17:44,346 [INFO]   替換層 2 -> QuantModule_DiffAE_LoRA
2026-01-26 12:17:44,346 [INFO]   替換層 2 -> QuantModule_DiffAE_LoRA
2026-01-26 12:17:44,347 [INFO]   替換層 1 -> QuantModule_DiffAE_LoRA
2026-01-26 12:17:44,347 [INFO]   替換層 1 -> QuantModule_DiffAE_LoRA
2026-01-26 12:17:44,347 [INFO]   替換層 1 -> QuantModule_DiffAE_LoRA
2026-01-26 12:17:44,347 [INFO]   替換層 1 -> QuantModule_DiffAE_LoRA
2026-01-26 12:17:44,348 [INFO]   替換層 3 -> QuantModule_DiffAE_LoRA
2026-01-26 12:17:44,348 [INFO]   替換層 3 -> QuantModule_DiffAE_LoRA
2026-01-26 12:17:44,348 [INFO]   跳過量化 skip connection: skip_connection
2026-01-26 12:17:44,348 [INFO]   跳過量化 skip connection: skip_connection
2026-01-26 12:17:44,348 [INFO]   替換層 2 -> QuantModule_DiffAE_LoRA
2026-01-26 12:17:44,348 [INFO]   替換層 2 -> QuantModule_DiffAE_LoRA
2026-01-26 12:17:44,349 [INFO]   替換層 1 -> QuantModule_DiffAE_LoRA
2026-01-26 12:17:44,349 [INFO]   替換層 1 -> QuantModule_DiffAE_LoRA
2026-01-26 12:17:44,350 [INFO]   替換層 1 -> QuantModule_DiffAE_LoRA
2026-01-26 12:17:44,350 [INFO]   替換層 1 -> QuantModule_DiffAE_LoRA
2026-01-26 12:17:44,350 [INFO]   替換層 3 -> QuantModule_DiffAE_LoRA
2026-01-26 12:17:44,350 [INFO]   替換層 3 -> QuantModule_DiffAE_LoRA
2026-01-26 12:17:44,351 [INFO]   跳過量化 skip connection: skip_connection
2026-01-26 12:17:44,351 [INFO]   替換層 2 -> QuantModule_DiffAE_LoRA
2026-01-26 12:17:44,351 [INFO]   跳過量化 skip connection: skip_connection
2026-01-26 12:17:44,351 [INFO]   替換層 2 -> QuantModule_DiffAE_LoRA
2026-01-26 12:17:44,352 [INFO]   替換層 1 -> QuantModule_DiffAE_LoRA
2026-01-26 12:17:44,352 [INFO]   替換層 1 -> QuantModule_DiffAE_LoRA
2026-01-26 12:17:44,353 [INFO]   替換層 1 -> QuantModule_DiffAE_LoRA
2026-01-26 12:17:44,353 [INFO]   替換層 1 -> QuantModule_DiffAE_LoRA
2026-01-26 12:17:44,353 [INFO]   替換層 3 -> QuantModule_DiffAE_LoRA
2026-01-26 12:17:44,353 [INFO]   替換層 3 -> QuantModule_DiffAE_LoRA
2026-01-26 12:17:44,354 [INFO]   跳過量化 skip connection: skip_connection
2026-01-26 12:17:44,354 [INFO]   跳過量化 skip connection: skip_connection
2026-01-26 12:17:44,354 [INFO] 改造模組: out
2026-01-26 12:17:44,354 [INFO] 改造模組: out
2026-01-26 12:17:44,354 [INFO]   跳過量化特殊模組: 2
2026-01-26 12:17:44,354 [INFO]   跳過量化特殊模組: 2
2026-01-26 12:17:44,357 [INFO] 執行 'create_float_quantized_model' 完成，耗時: 0.69 秒
2026-01-26 12:17:44,357 [INFO] 執行 'create_float_quantized_model' 完成，耗時: 0.69 秒
2026-01-26 12:17:44,481 [INFO] 載入校準資料...
2026-01-26 12:17:44,481 [INFO] 載入校準資料...
2026-01-26 12:17:44,762 [INFO] ✅ 載入真實校準資料成功
2026-01-26 12:17:44,762 [INFO] ✅ 載入真實校準資料成功
2026-01-26 12:17:44,764 [INFO] ==================================================
2026-01-26 12:17:44,764 [INFO] 5. Setting first and last layers to 8-bit...
2026-01-26 12:17:44,764 [INFO] ==================================================
2026-01-26 12:17:44,764 [INFO] 5. Setting first and last layers to 8-bit...
2026-01-26 12:17:44,765 [INFO] 找到 144 個量化模組
2026-01-26 12:17:44,765 [INFO] 找到 144 個量化模組
2026-01-26 12:17:44,765 [INFO] ✅ 首尾層 8-bit 設定完成
2026-01-26 12:17:44,765 [INFO] ✅ 首尾層 8-bit 設定完成
2026-01-26 12:17:44,765 [INFO] ✅ 量化模型創建成功
2026-01-26 12:17:44,765 [INFO] ✅ 量化模型創建成功
2026-01-26 12:17:44,765 [INFO] set quant state to True, True for layer 1
2026-01-26 12:17:44,765 [INFO] set quant state to True, True for layer 1
2026-01-26 12:17:44,765 [INFO] set quant state to True, True for layer 2
2026-01-26 12:17:44,765 [INFO] set quant state to True, False for layer 3
2026-01-26 12:17:44,765 [INFO] set quant state to True, True for layer 2
2026-01-26 12:17:44,765 [INFO] set quant state to True, False for layer 3
2026-01-26 12:17:44,766 [INFO] set quant state to True, True for layer 144
2026-01-26 12:17:44,766 [INFO] set quant state to True, True for layer 144
2026-01-26 12:17:45,833 [INFO] ✅ 量化模型載入成功
2026-01-26 12:17:45,833 [INFO] ✅ 量化模型載入成功
2026-01-26 12:17:45,833 [INFO] === 初始化新功能模組 ===
2026-01-26 12:17:45,833 [INFO] === 初始化新功能模組 ===
local seed: 0
train data: 70001
val data: 70001
2026-01-26 12:17:45,858 [INFO] ✅ 基礎模型設定完成
2026-01-26 12:17:45,858 [INFO] ✅ 基礎模型設定完成
on train dataloader start ...
mean: tensor(-0.0606, device='cuda:0') std: tensor(0.0755, device='cuda:0')
2026-01-26 12:17:45,902 [INFO] ==================================================
2026-01-26 12:17:45,902 [INFO] 啟用 Similarity Analysis (L1/L2/Cosine)
2026-01-26 12:17:45,902 [INFO] FID 評估樣本數: 128
2026-01-26 12:17:45,902 [INFO] 實際收集樣本數: 20 (用於加速)
2026-01-26 12:17:45,902 [INFO] ==================================================
2026-01-26 12:17:45,902 [INFO] 啟用 Similarity Analysis (L1/L2/Cosine)
2026-01-26 12:17:45,902 [INFO] FID 評估樣本數: 128
2026-01-26 12:17:45,902 [INFO] 實際收集樣本數: 20 (用於加速)
2026-01-26 12:17:45,902 [INFO] 擴散步數: 100
2026-01-26 12:17:45,902 [INFO] ==================================================
2026-01-26 12:17:45,902 [INFO] 擴散步數: 100
2026-01-26 12:17:45,902 [INFO] ==================================================
2026-01-26 12:17:45,903 [INFO] [Similarity] 註冊 block hook: model.output_blocks.3
2026-01-26 12:17:45,903 [INFO] [Similarity] 註冊 block hook: model.output_blocks.3
2026-01-26 12:17:45,904 [INFO] [Similarity] 註冊 model step hook 完成
2026-01-26 12:17:45,904 [INFO] [Similarity] 註冊 model step hook 完成
generating images:   0%|          | 0/4 [00:00<?, ?it/s]/home/jimmy/diffae/./diffusion/base.py:329: FutureWarning: `torch.cuda.amp.autocast(args...)` is deprecated. Please use `torch.amp.autocast('cuda', args...)` instead.
  with autocast(self.conf.fp16):
2026-01-26 12:18:03,361 [INFO] [Similarity] Batch 0 完成，已收集 20 個樣本
2026-01-26 12:18:03,361 [INFO] [Similarity] Batch 0 完成，已收集 20 個樣本
generating images:  25%|██▌       | 1/4 [00:17<00:53, 17.73s/it]2026-01-26 12:18:20,856 [INFO] [Similarity] Batch 1 完成，已收集 20 個樣本
2026-01-26 12:18:20,856 [INFO] [Similarity] Batch 1 完成，已收集 20 個樣本
generating images:  50%|█████     | 2/4 [00:35<00:35, 17.62s/it]2026-01-26 12:18:38,401 [INFO] [Similarity] Batch 2 完成，已收集 20 個樣本
2026-01-26 12:18:38,401 [INFO] [Similarity] Batch 2 完成，已收集 20 個樣本
generating images:  75%|███████▌  | 3/4 [00:52<00:17, 17.58s/it]2026-01-26 12:18:54,374 [INFO] [Similarity] 已收集 80 个样本，停止数据收集（目标: 80）
2026-01-26 12:18:54,374 [INFO] [Similarity] 已收集 80 个样本，停止数据收集（目标: 80）
2026-01-26 12:18:55,942 [INFO] [Similarity] Batch 3 完成，已收集 20 個樣本
2026-01-26 12:18:55,942 [INFO] [Similarity] Batch 3 完成，已收集 20 個樣本
2026-01-26 12:18:56,527 [INFO] [Similarity] FID@128 100 steps score: 0
generating images: 100%|██████████| 4/4 [01:10<00:00, 17.67s/it]generating images: 100%|██████████| 4/4 [01:10<00:00, 17.65s/it]
2026-01-26 12:18:56,527 [INFO] [Similarity] FID@128 100 steps score: 0
2026-01-26 12:18:56,529 [INFO] [Similarity] model.output_blocks.3 cosine: min=0.668338, max=1.000000, diag_mean=1.000000, off_diag_mean=0.926292, off_diag_std=0.064682
2026-01-26 12:18:56,529 [INFO] [Similarity] model.output_blocks.3 cosine: min=0.668338, max=1.000000, diag_mean=1.000000, off_diag_mean=0.926292, off_diag_std=0.064682
2026-01-26 12:18:57,629 [INFO] ✅ Similarity Analysis 完成
2026-01-26 12:18:57,629 [INFO] ✅ Similarity Analysis 完成
2026-01-26 12:18:57,669 [INFO] 執行 'main_float_model' 完成，耗時: 76.90 秒
2026-01-26 12:18:57,669 [INFO] 執行 'main_float_model' 完成，耗時: 76.90 秒
/home/jimmy/anaconda3/envs/diffae_bw/lib/python3.10/site-packages/torchmetrics/utilities/imports.py:21: UserWarning: pkg_resources is deprecated as an API. See https://setuptools.pypa.io/en/latest/pkg_resources.html. The pkg_resources package is slated for removal as early as 2025-11-30. Refrain from using this package or pin to Setuptools<81.
  from pkg_resources import DistributionNotFound, get_distribution
使用自動混合精度: torch.bfloat16
[設定] Log 檔案已設為: QATcode/cache_method/L1_L2_cosine/logs/similarity_model_output_blocks_3.log
2026-03-20 19:24:26,414 [INFO] Using 100 steps
2026-03-20 19:24:26,414 [INFO] Using 100 steps
2026-03-20 19:24:26,414 [INFO] Using 50000 evaluation samples
2026-03-20 19:24:26,414 [INFO] Using 50000 evaluation samples
2026-03-20 19:24:26,414 [INFO] Cache enabled: False, method: Res, threshold: 0.1
2026-03-20 19:24:26,414 [INFO] Cache enabled: False, method: Res, threshold: 0.1
2026-03-20 19:24:26,414 [INFO] Quantitative analysis enabled: False, samples: 10
2026-03-20 19:24:26,414 [INFO] Quantitative analysis enabled: False, samples: 10
2026-03-20 19:24:26,414 [INFO] Log file: QATcode/cache_method/L1_L2_cosine/logs/similarity_model_output_blocks_3.log
2026-03-20 19:24:26,414 [INFO] Log file: QATcode/cache_method/L1_L2_cosine/logs/similarity_model_output_blocks_3.log
2026-03-20 19:24:26,414 [INFO] ==================================================
2026-03-20 19:24:26,414 [INFO] ==================================================
2026-03-20 19:24:26,414 [INFO] Diff-AE EfficientDM Step 7 : 生成圖片
2026-03-20 19:24:26,414 [INFO] Diff-AE EfficientDM Step 7 : 生成圖片
2026-03-20 19:24:26,414 [INFO] ==================================================
2026-03-20 19:24:26,414 [INFO] ==================================================
2026-03-20 19:24:26,414 [INFO] 使用設備: cuda
2026-03-20 19:24:26,414 [INFO] 使用設備: cuda
2026-03-20 19:24:26,414 [INFO] === 新功能狀態 ===
2026-03-20 19:24:26,414 [INFO] === 新功能狀態 ===
2026-03-20 19:24:26,414 [INFO] 載入 Diff-AE 模型: checkpoints/ffhq128_autoenc_latent/last.ckpt
2026-03-20 19:24:26,414 [INFO] 載入 Diff-AE 模型: checkpoints/ffhq128_autoenc_latent/last.ckpt
Global seed set to 0
2026-03-20 19:24:28,195 [INFO] Diff-AE 模型載入完成
2026-03-20 19:24:28,195 [INFO] Diff-AE 模型載入完成
2026-03-20 19:24:28,231 [INFO] 執行 'load_diffae_model' 完成，耗時: 1.82 秒
2026-03-20 19:24:28,231 [INFO] 執行 'load_diffae_model' 完成，耗時: 1.82 秒
2026-03-20 19:24:28,231 [INFO] ✅ Diff-AE 模型載入成功
2026-03-20 19:24:28,231 [INFO] ✅ Diff-AE 模型載入成功
2026-03-20 19:24:28,231 [INFO] base_model.conf.train_mode: TrainMode.latent_diffusion
2026-03-20 19:24:28,231 [INFO] base_model.conf.train_mode: TrainMode.latent_diffusion
2026-03-20 19:24:28,231 [INFO] === 創建 LoRA 量化模型 ===
2026-03-20 19:24:28,231 [INFO] === 創建 LoRA 量化模型 ===
2026-03-20 19:24:28,231 [INFO] === 開始 UNet LoRA 量化改造 ===
2026-03-20 19:24:28,231 [INFO] === 開始 UNet LoRA 量化改造 ===
2026-03-20 19:24:28,231 [INFO] 改造模組: time_embed
2026-03-20 19:24:28,231 [INFO] 改造模組: time_embed
2026-03-20 19:24:28,232 [INFO]   跳過量化特殊模組: 0
2026-03-20 19:24:28,232 [INFO]   跳過量化特殊模組: 0
2026-03-20 19:24:28,232 [INFO]   跳過量化特殊模組: 2
2026-03-20 19:24:28,232 [INFO]   跳過量化特殊模組: 2
2026-03-20 19:24:28,232 [INFO] 改造模組: input_blocks
2026-03-20 19:24:28,232 [INFO] 改造模組: input_blocks
2026-03-20 19:24:28,232 [INFO]   跳過量化特殊模組: 0
2026-03-20 19:24:28,232 [INFO]   跳過量化特殊模組: 0
2026-03-20 19:24:28,232 [INFO]   替換層 2 -> QuantModule_DiffAE_LoRA
2026-03-20 19:24:28,232 [INFO]   替換層 2 -> QuantModule_DiffAE_LoRA
2026-03-20 19:24:28,294 [INFO]   替換層 1 -> QuantModule_DiffAE_LoRA
2026-03-20 19:24:28,294 [INFO]   替換層 1 -> QuantModule_DiffAE_LoRA
2026-03-20 19:24:28,295 [INFO]   替換層 1 -> QuantModule_DiffAE_LoRA
2026-03-20 19:24:28,295 [INFO]   替換層 1 -> QuantModule_DiffAE_LoRA
2026-03-20 19:24:28,295 [INFO]   替換層 3 -> QuantModule_DiffAE_LoRA
2026-03-20 19:24:28,295 [INFO]   替換層 3 -> QuantModule_DiffAE_LoRA
2026-03-20 19:24:28,296 [INFO]   替換層 2 -> QuantModule_DiffAE_LoRA
2026-03-20 19:24:28,296 [INFO]   替換層 2 -> QuantModule_DiffAE_LoRA
2026-03-20 19:24:28,297 [INFO]   替換層 1 -> QuantModule_DiffAE_LoRA
2026-03-20 19:24:28,297 [INFO]   替換層 1 -> QuantModule_DiffAE_LoRA
2026-03-20 19:24:28,298 [INFO]   替換層 1 -> QuantModule_DiffAE_LoRA
2026-03-20 19:24:28,298 [INFO]   替換層 1 -> QuantModule_DiffAE_LoRA
2026-03-20 19:24:28,299 [INFO]   替換層 3 -> QuantModule_DiffAE_LoRA
2026-03-20 19:24:28,299 [INFO]   替換層 3 -> QuantModule_DiffAE_LoRA
2026-03-20 19:24:28,299 [INFO]   替換層 2 -> QuantModule_DiffAE_LoRA
2026-03-20 19:24:28,299 [INFO]   替換層 2 -> QuantModule_DiffAE_LoRA
2026-03-20 19:24:28,300 [INFO]   替換層 1 -> QuantModule_DiffAE_LoRA
2026-03-20 19:24:28,300 [INFO]   替換層 1 -> QuantModule_DiffAE_LoRA
2026-03-20 19:24:28,301 [INFO]   替換層 1 -> QuantModule_DiffAE_LoRA
2026-03-20 19:24:28,301 [INFO]   替換層 1 -> QuantModule_DiffAE_LoRA
2026-03-20 19:24:28,301 [INFO]   替換層 3 -> QuantModule_DiffAE_LoRA
2026-03-20 19:24:28,301 [INFO]   替換層 3 -> QuantModule_DiffAE_LoRA
2026-03-20 19:24:28,302 [INFO]   替換層 2 -> QuantModule_DiffAE_LoRA
2026-03-20 19:24:28,302 [INFO]   替換層 2 -> QuantModule_DiffAE_LoRA
2026-03-20 19:24:28,303 [INFO]   替換層 1 -> QuantModule_DiffAE_LoRA
2026-03-20 19:24:28,303 [INFO]   替換層 1 -> QuantModule_DiffAE_LoRA
2026-03-20 19:24:28,304 [INFO]   替換層 1 -> QuantModule_DiffAE_LoRA
2026-03-20 19:24:28,304 [INFO]   替換層 1 -> QuantModule_DiffAE_LoRA
2026-03-20 19:24:28,304 [INFO]   替換層 3 -> QuantModule_DiffAE_LoRA
2026-03-20 19:24:28,304 [INFO]   替換層 3 -> QuantModule_DiffAE_LoRA
2026-03-20 19:24:28,305 [INFO]   替換層 2 -> QuantModule_DiffAE_LoRA
2026-03-20 19:24:28,305 [INFO]   替換層 2 -> QuantModule_DiffAE_LoRA
2026-03-20 19:24:28,306 [INFO]   替換層 1 -> QuantModule_DiffAE_LoRA
2026-03-20 19:24:28,306 [INFO]   替換層 1 -> QuantModule_DiffAE_LoRA
2026-03-20 19:24:28,307 [INFO]   替換層 1 -> QuantModule_DiffAE_LoRA
2026-03-20 19:24:28,307 [INFO]   替換層 1 -> QuantModule_DiffAE_LoRA
2026-03-20 19:24:28,307 [INFO]   替換層 3 -> QuantModule_DiffAE_LoRA
2026-03-20 19:24:28,307 [INFO]   替換層 3 -> QuantModule_DiffAE_LoRA
2026-03-20 19:24:28,308 [INFO]   替換層 2 -> QuantModule_DiffAE_LoRA
2026-03-20 19:24:28,308 [INFO]   替換層 2 -> QuantModule_DiffAE_LoRA
2026-03-20 19:24:28,309 [INFO]   替換層 1 -> QuantModule_DiffAE_LoRA
2026-03-20 19:24:28,309 [INFO]   替換層 1 -> QuantModule_DiffAE_LoRA
2026-03-20 19:24:28,310 [INFO]   替換層 1 -> QuantModule_DiffAE_LoRA
2026-03-20 19:24:28,310 [INFO]   替換層 1 -> QuantModule_DiffAE_LoRA
2026-03-20 19:24:28,310 [INFO]   替換層 3 -> QuantModule_DiffAE_LoRA
2026-03-20 19:24:28,310 [INFO]   替換層 3 -> QuantModule_DiffAE_LoRA
2026-03-20 19:24:28,311 [INFO]   替換層 2 -> QuantModule_DiffAE_LoRA
2026-03-20 19:24:28,311 [INFO]   替換層 2 -> QuantModule_DiffAE_LoRA
2026-03-20 19:24:28,312 [INFO]   替換層 1 -> QuantModule_DiffAE_LoRA
2026-03-20 19:24:28,312 [INFO]   替換層 1 -> QuantModule_DiffAE_LoRA
2026-03-20 19:24:28,313 [INFO]   替換層 1 -> QuantModule_DiffAE_LoRA
2026-03-20 19:24:28,313 [INFO]   替換層 1 -> QuantModule_DiffAE_LoRA
2026-03-20 19:24:28,314 [INFO]   替換層 3 -> QuantModule_DiffAE_LoRA
2026-03-20 19:24:28,314 [INFO]   替換層 3 -> QuantModule_DiffAE_LoRA
2026-03-20 19:24:28,316 [INFO]   跳過量化 skip connection: skip_connection
2026-03-20 19:24:28,316 [INFO]   跳過量化 skip connection: skip_connection
2026-03-20 19:24:28,316 [INFO]   替換層 2 -> QuantModule_DiffAE_LoRA
2026-03-20 19:24:28,316 [INFO]   替換層 2 -> QuantModule_DiffAE_LoRA
2026-03-20 19:24:28,319 [INFO]   替換層 1 -> QuantModule_DiffAE_LoRA
2026-03-20 19:24:28,319 [INFO]   替換層 1 -> QuantModule_DiffAE_LoRA
2026-03-20 19:24:28,320 [INFO]   替換層 1 -> QuantModule_DiffAE_LoRA
2026-03-20 19:24:28,320 [INFO]   替換層 1 -> QuantModule_DiffAE_LoRA
2026-03-20 19:24:28,321 [INFO]   替換層 3 -> QuantModule_DiffAE_LoRA
2026-03-20 19:24:28,321 [INFO]   替換層 3 -> QuantModule_DiffAE_LoRA
2026-03-20 19:24:28,323 [INFO]   替換層 2 -> QuantModule_DiffAE_LoRA
2026-03-20 19:24:28,323 [INFO]   替換層 2 -> QuantModule_DiffAE_LoRA
2026-03-20 19:24:28,325 [INFO]   替換層 1 -> QuantModule_DiffAE_LoRA
2026-03-20 19:24:28,325 [INFO]   替換層 1 -> QuantModule_DiffAE_LoRA
2026-03-20 19:24:28,326 [INFO]   替換層 1 -> QuantModule_DiffAE_LoRA
2026-03-20 19:24:28,326 [INFO]   替換層 1 -> QuantModule_DiffAE_LoRA
2026-03-20 19:24:28,327 [INFO]   替換層 3 -> QuantModule_DiffAE_LoRA
2026-03-20 19:24:28,327 [INFO]   替換層 3 -> QuantModule_DiffAE_LoRA
2026-03-20 19:24:28,329 [INFO]   替換層 2 -> QuantModule_DiffAE_LoRA
2026-03-20 19:24:28,329 [INFO]   替換層 2 -> QuantModule_DiffAE_LoRA
2026-03-20 19:24:28,332 [INFO]   替換層 1 -> QuantModule_DiffAE_LoRA
2026-03-20 19:24:28,332 [INFO]   替換層 1 -> QuantModule_DiffAE_LoRA
2026-03-20 19:24:28,333 [INFO]   替換層 1 -> QuantModule_DiffAE_LoRA
2026-03-20 19:24:28,333 [INFO]   替換層 1 -> QuantModule_DiffAE_LoRA
2026-03-20 19:24:28,334 [INFO]   替換層 3 -> QuantModule_DiffAE_LoRA
2026-03-20 19:24:28,334 [INFO]   替換層 3 -> QuantModule_DiffAE_LoRA
2026-03-20 19:24:28,338 [INFO]   跳過量化 skip connection: skip_connection
2026-03-20 19:24:28,338 [INFO]   跳過量化 skip connection: skip_connection
2026-03-20 19:24:28,338 [INFO]   替換層 2 -> QuantModule_DiffAE_LoRA
2026-03-20 19:24:28,338 [INFO]   替換層 2 -> QuantModule_DiffAE_LoRA
2026-03-20 19:24:28,344 [INFO]   替換層 1 -> QuantModule_DiffAE_LoRA
2026-03-20 19:24:28,344 [INFO]   替換層 1 -> QuantModule_DiffAE_LoRA
2026-03-20 19:24:28,345 [INFO]   替換層 1 -> QuantModule_DiffAE_LoRA
2026-03-20 19:24:28,345 [INFO]   替換層 1 -> QuantModule_DiffAE_LoRA
2026-03-20 19:24:28,346 [INFO]   替換層 3 -> QuantModule_DiffAE_LoRA
2026-03-20 19:24:28,346 [INFO]   替換層 3 -> QuantModule_DiffAE_LoRA
2026-03-20 19:24:28,350 [INFO]   替換層 2 -> QuantModule_DiffAE_LoRA
2026-03-20 19:24:28,350 [INFO]   替換層 2 -> QuantModule_DiffAE_LoRA
2026-03-20 19:24:28,354 [INFO]   替換層 1 -> QuantModule_DiffAE_LoRA
2026-03-20 19:24:28,354 [INFO]   替換層 1 -> QuantModule_DiffAE_LoRA
2026-03-20 19:24:28,356 [INFO]   替換層 1 -> QuantModule_DiffAE_LoRA
2026-03-20 19:24:28,356 [INFO]   替換層 1 -> QuantModule_DiffAE_LoRA
2026-03-20 19:24:28,356 [INFO]   替換層 3 -> QuantModule_DiffAE_LoRA
2026-03-20 19:24:28,356 [INFO]   替換層 3 -> QuantModule_DiffAE_LoRA
2026-03-20 19:24:28,360 [INFO]   替換層 2 -> QuantModule_DiffAE_LoRA
2026-03-20 19:24:28,360 [INFO]   替換層 2 -> QuantModule_DiffAE_LoRA
2026-03-20 19:24:28,366 [INFO]   替換層 1 -> QuantModule_DiffAE_LoRA
2026-03-20 19:24:28,366 [INFO]   替換層 1 -> QuantModule_DiffAE_LoRA
2026-03-20 19:24:28,367 [INFO]   替換層 1 -> QuantModule_DiffAE_LoRA
2026-03-20 19:24:28,367 [INFO]   替換層 1 -> QuantModule_DiffAE_LoRA
2026-03-20 19:24:28,368 [INFO]   替換層 3 -> QuantModule_DiffAE_LoRA
2026-03-20 19:24:28,368 [INFO]   替換層 3 -> QuantModule_DiffAE_LoRA
2026-03-20 19:24:28,376 [INFO]   跳過量化 skip connection: skip_connection
2026-03-20 19:24:28,376 [INFO]   跳過量化 skip connection: skip_connection
2026-03-20 19:24:28,376 [INFO]   替換層 2 -> QuantModule_DiffAE_LoRA
2026-03-20 19:24:28,376 [INFO]   替換層 2 -> QuantModule_DiffAE_LoRA
2026-03-20 19:24:28,384 [INFO]   替換層 1 -> QuantModule_DiffAE_LoRA
2026-03-20 19:24:28,384 [INFO]   替換層 1 -> QuantModule_DiffAE_LoRA
2026-03-20 19:24:28,386 [INFO]   替換層 1 -> QuantModule_DiffAE_LoRA
2026-03-20 19:24:28,386 [INFO]   替換層 1 -> QuantModule_DiffAE_LoRA
2026-03-20 19:24:28,387 [INFO]   替換層 3 -> QuantModule_DiffAE_LoRA
2026-03-20 19:24:28,387 [INFO]   替換層 3 -> QuantModule_DiffAE_LoRA
2026-03-20 19:24:28,394 [INFO] 改造模組: middle_block
2026-03-20 19:24:28,394 [INFO] 改造模組: middle_block
2026-03-20 19:24:28,394 [INFO]   替換層 2 -> QuantModule_DiffAE_LoRA
2026-03-20 19:24:28,394 [INFO]   替換層 2 -> QuantModule_DiffAE_LoRA
2026-03-20 19:24:28,401 [INFO]   替換層 1 -> QuantModule_DiffAE_LoRA
2026-03-20 19:24:28,401 [INFO]   替換層 1 -> QuantModule_DiffAE_LoRA
2026-03-20 19:24:28,402 [INFO]   替換層 1 -> QuantModule_DiffAE_LoRA
2026-03-20 19:24:28,402 [INFO]   替換層 1 -> QuantModule_DiffAE_LoRA
2026-03-20 19:24:28,403 [INFO]   替換層 3 -> QuantModule_DiffAE_LoRA
2026-03-20 19:24:28,403 [INFO]   替換層 3 -> QuantModule_DiffAE_LoRA
2026-03-20 19:24:28,410 [INFO]   替換層 2 -> QuantModule_DiffAE_LoRA
2026-03-20 19:24:28,410 [INFO]   替換層 2 -> QuantModule_DiffAE_LoRA
2026-03-20 19:24:28,417 [INFO]   替換層 1 -> QuantModule_DiffAE_LoRA
2026-03-20 19:24:28,417 [INFO]   替換層 1 -> QuantModule_DiffAE_LoRA
2026-03-20 19:24:28,418 [INFO]   替換層 1 -> QuantModule_DiffAE_LoRA
2026-03-20 19:24:28,418 [INFO]   替換層 1 -> QuantModule_DiffAE_LoRA
2026-03-20 19:24:28,419 [INFO]   替換層 3 -> QuantModule_DiffAE_LoRA
2026-03-20 19:24:28,419 [INFO]   替換層 3 -> QuantModule_DiffAE_LoRA
2026-03-20 19:24:28,427 [INFO] 改造模組: output_blocks
2026-03-20 19:24:28,427 [INFO] 改造模組: output_blocks
2026-03-20 19:24:28,427 [INFO]   替換層 2 -> QuantModule_DiffAE_LoRA
2026-03-20 19:24:28,427 [INFO]   替換層 2 -> QuantModule_DiffAE_LoRA
2026-03-20 19:24:28,440 [INFO]   替換層 1 -> QuantModule_DiffAE_LoRA
2026-03-20 19:24:28,440 [INFO]   替換層 1 -> QuantModule_DiffAE_LoRA
2026-03-20 19:24:28,442 [INFO]   替換層 1 -> QuantModule_DiffAE_LoRA
2026-03-20 19:24:28,442 [INFO]   替換層 1 -> QuantModule_DiffAE_LoRA
2026-03-20 19:24:28,443 [INFO]   替換層 3 -> QuantModule_DiffAE_LoRA
2026-03-20 19:24:28,443 [INFO]   替換層 3 -> QuantModule_DiffAE_LoRA
2026-03-20 19:24:28,451 [INFO]   跳過量化 skip connection: skip_connection
2026-03-20 19:24:28,451 [INFO]   跳過量化 skip connection: skip_connection
2026-03-20 19:24:28,451 [INFO]   替換層 2 -> QuantModule_DiffAE_LoRA
2026-03-20 19:24:28,451 [INFO]   替換層 2 -> QuantModule_DiffAE_LoRA
2026-03-20 19:24:28,465 [INFO]   替換層 1 -> QuantModule_DiffAE_LoRA
2026-03-20 19:24:28,465 [INFO]   替換層 1 -> QuantModule_DiffAE_LoRA
2026-03-20 19:24:28,466 [INFO]   替換層 1 -> QuantModule_DiffAE_LoRA
2026-03-20 19:24:28,466 [INFO]   替換層 1 -> QuantModule_DiffAE_LoRA
2026-03-20 19:24:28,468 [INFO]   替換層 3 -> QuantModule_DiffAE_LoRA
2026-03-20 19:24:28,468 [INFO]   替換層 3 -> QuantModule_DiffAE_LoRA
2026-03-20 19:24:28,475 [INFO]   跳過量化 skip connection: skip_connection
2026-03-20 19:24:28,475 [INFO]   跳過量化 skip connection: skip_connection
2026-03-20 19:24:28,475 [INFO]   替換層 2 -> QuantModule_DiffAE_LoRA
2026-03-20 19:24:28,475 [INFO]   替換層 2 -> QuantModule_DiffAE_LoRA
2026-03-20 19:24:28,487 [INFO]   替換層 1 -> QuantModule_DiffAE_LoRA
2026-03-20 19:24:28,487 [INFO]   替換層 1 -> QuantModule_DiffAE_LoRA
2026-03-20 19:24:28,489 [INFO]   替換層 1 -> QuantModule_DiffAE_LoRA
2026-03-20 19:24:28,489 [INFO]   替換層 1 -> QuantModule_DiffAE_LoRA
2026-03-20 19:24:28,490 [INFO]   替換層 3 -> QuantModule_DiffAE_LoRA
2026-03-20 19:24:28,490 [INFO]   替換層 3 -> QuantModule_DiffAE_LoRA
2026-03-20 19:24:28,497 [INFO]   跳過量化 skip connection: skip_connection
2026-03-20 19:24:28,497 [INFO]   跳過量化 skip connection: skip_connection
2026-03-20 19:24:28,497 [INFO]   替換層 2 -> QuantModule_DiffAE_LoRA
2026-03-20 19:24:28,497 [INFO]   替換層 2 -> QuantModule_DiffAE_LoRA
2026-03-20 19:24:28,504 [INFO]   替換層 1 -> QuantModule_DiffAE_LoRA
2026-03-20 19:24:28,504 [INFO]   替換層 1 -> QuantModule_DiffAE_LoRA
2026-03-20 19:24:28,506 [INFO]   替換層 1 -> QuantModule_DiffAE_LoRA
2026-03-20 19:24:28,506 [INFO]   替換層 1 -> QuantModule_DiffAE_LoRA
2026-03-20 19:24:28,507 [INFO]   替換層 3 -> QuantModule_DiffAE_LoRA
2026-03-20 19:24:28,507 [INFO]   替換層 3 -> QuantModule_DiffAE_LoRA
2026-03-20 19:24:28,513 [INFO]   替換層 2 -> QuantModule_DiffAE_LoRA
2026-03-20 19:24:28,513 [INFO]   替換層 2 -> QuantModule_DiffAE_LoRA
2026-03-20 19:24:28,522 [INFO]   替換層 1 -> QuantModule_DiffAE_LoRA
2026-03-20 19:24:28,522 [INFO]   替換層 1 -> QuantModule_DiffAE_LoRA
2026-03-20 19:24:28,524 [INFO]   替換層 1 -> QuantModule_DiffAE_LoRA
2026-03-20 19:24:28,524 [INFO]   替換層 1 -> QuantModule_DiffAE_LoRA
2026-03-20 19:24:28,525 [INFO]   替換層 3 -> QuantModule_DiffAE_LoRA
2026-03-20 19:24:28,525 [INFO]   替換層 3 -> QuantModule_DiffAE_LoRA
2026-03-20 19:24:28,530 [INFO]   跳過量化 skip connection: skip_connection
2026-03-20 19:24:28,530 [INFO]   跳過量化 skip connection: skip_connection
2026-03-20 19:24:28,530 [INFO]   替換層 2 -> QuantModule_DiffAE_LoRA
2026-03-20 19:24:28,530 [INFO]   替換層 2 -> QuantModule_DiffAE_LoRA
2026-03-20 19:24:28,539 [INFO]   替換層 1 -> QuantModule_DiffAE_LoRA
2026-03-20 19:24:28,539 [INFO]   替換層 1 -> QuantModule_DiffAE_LoRA
2026-03-20 19:24:28,541 [INFO]   替換層 1 -> QuantModule_DiffAE_LoRA
2026-03-20 19:24:28,541 [INFO]   替換層 1 -> QuantModule_DiffAE_LoRA
2026-03-20 19:24:28,542 [INFO]   替換層 3 -> QuantModule_DiffAE_LoRA
2026-03-20 19:24:28,542 [INFO]   替換層 3 -> QuantModule_DiffAE_LoRA
2026-03-20 19:24:28,547 [INFO]   跳過量化 skip connection: skip_connection
2026-03-20 19:24:28,547 [INFO]   跳過量化 skip connection: skip_connection
2026-03-20 19:24:28,547 [INFO]   替換層 2 -> QuantModule_DiffAE_LoRA
2026-03-20 19:24:28,547 [INFO]   替換層 2 -> QuantModule_DiffAE_LoRA
2026-03-20 19:24:28,555 [INFO]   替換層 1 -> QuantModule_DiffAE_LoRA
2026-03-20 19:24:28,555 [INFO]   替換層 1 -> QuantModule_DiffAE_LoRA
2026-03-20 19:24:28,557 [INFO]   替換層 1 -> QuantModule_DiffAE_LoRA
2026-03-20 19:24:28,557 [INFO]   替換層 1 -> QuantModule_DiffAE_LoRA
2026-03-20 19:24:28,558 [INFO]   替換層 3 -> QuantModule_DiffAE_LoRA
2026-03-20 19:24:28,558 [INFO]   替換層 3 -> QuantModule_DiffAE_LoRA
2026-03-20 19:24:28,563 [INFO]   跳過量化 skip connection: skip_connection
2026-03-20 19:24:28,563 [INFO]   跳過量化 skip connection: skip_connection
2026-03-20 19:24:28,563 [INFO]   替換層 2 -> QuantModule_DiffAE_LoRA
2026-03-20 19:24:28,563 [INFO]   替換層 2 -> QuantModule_DiffAE_LoRA
2026-03-20 19:24:28,568 [INFO]   替換層 1 -> QuantModule_DiffAE_LoRA
2026-03-20 19:24:28,568 [INFO]   替換層 1 -> QuantModule_DiffAE_LoRA
2026-03-20 19:24:28,570 [INFO]   替換層 1 -> QuantModule_DiffAE_LoRA
2026-03-20 19:24:28,570 [INFO]   替換層 1 -> QuantModule_DiffAE_LoRA
2026-03-20 19:24:28,571 [INFO]   替換層 3 -> QuantModule_DiffAE_LoRA
2026-03-20 19:24:28,571 [INFO]   替換層 3 -> QuantModule_DiffAE_LoRA
2026-03-20 19:24:28,575 [INFO]   替換層 2 -> QuantModule_DiffAE_LoRA
2026-03-20 19:24:28,575 [INFO]   替換層 2 -> QuantModule_DiffAE_LoRA
2026-03-20 19:24:28,579 [INFO]   替換層 1 -> QuantModule_DiffAE_LoRA
2026-03-20 19:24:28,579 [INFO]   替換層 1 -> QuantModule_DiffAE_LoRA
2026-03-20 19:24:28,580 [INFO]   替換層 1 -> QuantModule_DiffAE_LoRA
2026-03-20 19:24:28,580 [INFO]   替換層 1 -> QuantModule_DiffAE_LoRA
2026-03-20 19:24:28,581 [INFO]   替換層 3 -> QuantModule_DiffAE_LoRA
2026-03-20 19:24:28,581 [INFO]   替換層 3 -> QuantModule_DiffAE_LoRA
2026-03-20 19:24:28,583 [INFO]   跳過量化 skip connection: skip_connection
2026-03-20 19:24:28,583 [INFO]   跳過量化 skip connection: skip_connection
2026-03-20 19:24:28,583 [INFO]   替換層 2 -> QuantModule_DiffAE_LoRA
2026-03-20 19:24:28,583 [INFO]   替換層 2 -> QuantModule_DiffAE_LoRA
2026-03-20 19:24:28,587 [INFO]   替換層 1 -> QuantModule_DiffAE_LoRA
2026-03-20 19:24:28,587 [INFO]   替換層 1 -> QuantModule_DiffAE_LoRA
2026-03-20 19:24:28,588 [INFO]   替換層 1 -> QuantModule_DiffAE_LoRA
2026-03-20 19:24:28,588 [INFO]   替換層 1 -> QuantModule_DiffAE_LoRA
2026-03-20 19:24:28,589 [INFO]   替換層 3 -> QuantModule_DiffAE_LoRA
2026-03-20 19:24:28,589 [INFO]   替換層 3 -> QuantModule_DiffAE_LoRA
2026-03-20 19:24:28,591 [INFO]   跳過量化 skip connection: skip_connection
2026-03-20 19:24:28,591 [INFO]   跳過量化 skip connection: skip_connection
2026-03-20 19:24:28,591 [INFO]   替換層 2 -> QuantModule_DiffAE_LoRA
2026-03-20 19:24:28,591 [INFO]   替換層 2 -> QuantModule_DiffAE_LoRA
2026-03-20 19:24:28,594 [INFO]   替換層 1 -> QuantModule_DiffAE_LoRA
2026-03-20 19:24:28,594 [INFO]   替換層 1 -> QuantModule_DiffAE_LoRA
2026-03-20 19:24:28,595 [INFO]   替換層 1 -> QuantModule_DiffAE_LoRA
2026-03-20 19:24:28,595 [INFO]   替換層 1 -> QuantModule_DiffAE_LoRA
2026-03-20 19:24:28,595 [INFO]   替換層 3 -> QuantModule_DiffAE_LoRA
2026-03-20 19:24:28,595 [INFO]   替換層 3 -> QuantModule_DiffAE_LoRA
2026-03-20 19:24:28,597 [INFO]   跳過量化 skip connection: skip_connection
2026-03-20 19:24:28,597 [INFO]   跳過量化 skip connection: skip_connection
2026-03-20 19:24:28,597 [INFO]   替換層 2 -> QuantModule_DiffAE_LoRA
2026-03-20 19:24:28,597 [INFO]   替換層 2 -> QuantModule_DiffAE_LoRA
2026-03-20 19:24:28,599 [INFO]   替換層 1 -> QuantModule_DiffAE_LoRA
2026-03-20 19:24:28,599 [INFO]   替換層 1 -> QuantModule_DiffAE_LoRA
2026-03-20 19:24:28,600 [INFO]   替換層 1 -> QuantModule_DiffAE_LoRA
2026-03-20 19:24:28,600 [INFO]   替換層 1 -> QuantModule_DiffAE_LoRA
2026-03-20 19:24:28,601 [INFO]   替換層 3 -> QuantModule_DiffAE_LoRA
2026-03-20 19:24:28,601 [INFO]   替換層 3 -> QuantModule_DiffAE_LoRA
2026-03-20 19:24:28,603 [INFO]   替換層 2 -> QuantModule_DiffAE_LoRA
2026-03-20 19:24:28,603 [INFO]   替換層 2 -> QuantModule_DiffAE_LoRA
2026-03-20 19:24:28,605 [INFO]   替換層 1 -> QuantModule_DiffAE_LoRA
2026-03-20 19:24:28,605 [INFO]   替換層 1 -> QuantModule_DiffAE_LoRA
2026-03-20 19:24:28,606 [INFO]   替換層 1 -> QuantModule_DiffAE_LoRA
2026-03-20 19:24:28,606 [INFO]   替換層 1 -> QuantModule_DiffAE_LoRA
2026-03-20 19:24:28,606 [INFO]   替換層 3 -> QuantModule_DiffAE_LoRA
2026-03-20 19:24:28,606 [INFO]   替換層 3 -> QuantModule_DiffAE_LoRA
2026-03-20 19:24:28,607 [INFO]   跳過量化 skip connection: skip_connection
2026-03-20 19:24:28,607 [INFO]   跳過量化 skip connection: skip_connection
2026-03-20 19:24:28,607 [INFO]   替換層 2 -> QuantModule_DiffAE_LoRA
2026-03-20 19:24:28,607 [INFO]   替換層 2 -> QuantModule_DiffAE_LoRA
2026-03-20 19:24:28,608 [INFO]   替換層 1 -> QuantModule_DiffAE_LoRA
2026-03-20 19:24:28,608 [INFO]   替換層 1 -> QuantModule_DiffAE_LoRA
2026-03-20 19:24:28,609 [INFO]   替換層 1 -> QuantModule_DiffAE_LoRA
2026-03-20 19:24:28,609 [INFO]   替換層 1 -> QuantModule_DiffAE_LoRA
2026-03-20 19:24:28,609 [INFO]   替換層 3 -> QuantModule_DiffAE_LoRA
2026-03-20 19:24:28,609 [INFO]   替換層 3 -> QuantModule_DiffAE_LoRA
2026-03-20 19:24:28,610 [INFO]   跳過量化 skip connection: skip_connection
2026-03-20 19:24:28,610 [INFO]   跳過量化 skip connection: skip_connection
2026-03-20 19:24:28,610 [INFO]   替換層 2 -> QuantModule_DiffAE_LoRA
2026-03-20 19:24:28,610 [INFO]   替換層 2 -> QuantModule_DiffAE_LoRA
2026-03-20 19:24:28,611 [INFO]   替換層 1 -> QuantModule_DiffAE_LoRA
2026-03-20 19:24:28,611 [INFO]   替換層 1 -> QuantModule_DiffAE_LoRA
2026-03-20 19:24:28,612 [INFO]   替換層 1 -> QuantModule_DiffAE_LoRA
2026-03-20 19:24:28,612 [INFO]   替換層 1 -> QuantModule_DiffAE_LoRA
2026-03-20 19:24:28,612 [INFO]   替換層 3 -> QuantModule_DiffAE_LoRA
2026-03-20 19:24:28,612 [INFO]   替換層 3 -> QuantModule_DiffAE_LoRA
2026-03-20 19:24:28,613 [INFO]   跳過量化 skip connection: skip_connection
2026-03-20 19:24:28,613 [INFO]   跳過量化 skip connection: skip_connection
2026-03-20 19:24:28,613 [INFO]   替換層 2 -> QuantModule_DiffAE_LoRA
2026-03-20 19:24:28,613 [INFO]   替換層 2 -> QuantModule_DiffAE_LoRA
2026-03-20 19:24:28,614 [INFO]   替換層 1 -> QuantModule_DiffAE_LoRA
2026-03-20 19:24:28,614 [INFO]   替換層 1 -> QuantModule_DiffAE_LoRA
2026-03-20 19:24:28,615 [INFO]   替換層 1 -> QuantModule_DiffAE_LoRA
2026-03-20 19:24:28,615 [INFO]   替換層 1 -> QuantModule_DiffAE_LoRA
2026-03-20 19:24:28,615 [INFO]   替換層 3 -> QuantModule_DiffAE_LoRA
2026-03-20 19:24:28,615 [INFO]   替換層 3 -> QuantModule_DiffAE_LoRA
2026-03-20 19:24:28,616 [INFO]   替換層 2 -> QuantModule_DiffAE_LoRA
2026-03-20 19:24:28,616 [INFO]   替換層 2 -> QuantModule_DiffAE_LoRA
2026-03-20 19:24:28,617 [INFO]   替換層 1 -> QuantModule_DiffAE_LoRA
2026-03-20 19:24:28,617 [INFO]   替換層 1 -> QuantModule_DiffAE_LoRA
2026-03-20 19:24:28,618 [INFO]   替換層 1 -> QuantModule_DiffAE_LoRA
2026-03-20 19:24:28,618 [INFO]   替換層 1 -> QuantModule_DiffAE_LoRA
2026-03-20 19:24:28,618 [INFO]   替換層 3 -> QuantModule_DiffAE_LoRA
2026-03-20 19:24:28,618 [INFO]   替換層 3 -> QuantModule_DiffAE_LoRA
2026-03-20 19:24:28,619 [INFO]   跳過量化 skip connection: skip_connection
2026-03-20 19:24:28,619 [INFO]   跳過量化 skip connection: skip_connection
2026-03-20 19:24:28,619 [INFO]   替換層 2 -> QuantModule_DiffAE_LoRA
2026-03-20 19:24:28,619 [INFO]   替換層 2 -> QuantModule_DiffAE_LoRA
2026-03-20 19:24:28,620 [INFO]   替換層 1 -> QuantModule_DiffAE_LoRA
2026-03-20 19:24:28,620 [INFO]   替換層 1 -> QuantModule_DiffAE_LoRA
2026-03-20 19:24:28,621 [INFO]   替換層 1 -> QuantModule_DiffAE_LoRA
2026-03-20 19:24:28,621 [INFO]   替換層 1 -> QuantModule_DiffAE_LoRA
2026-03-20 19:24:28,621 [INFO]   替換層 3 -> QuantModule_DiffAE_LoRA
2026-03-20 19:24:28,621 [INFO]   替換層 3 -> QuantModule_DiffAE_LoRA
2026-03-20 19:24:28,622 [INFO]   跳過量化 skip connection: skip_connection
2026-03-20 19:24:28,622 [INFO]   跳過量化 skip connection: skip_connection
2026-03-20 19:24:28,622 [INFO]   替換層 2 -> QuantModule_DiffAE_LoRA
2026-03-20 19:24:28,622 [INFO]   替換層 2 -> QuantModule_DiffAE_LoRA
2026-03-20 19:24:28,623 [INFO]   替換層 1 -> QuantModule_DiffAE_LoRA
2026-03-20 19:24:28,623 [INFO]   替換層 1 -> QuantModule_DiffAE_LoRA
2026-03-20 19:24:28,624 [INFO]   替換層 1 -> QuantModule_DiffAE_LoRA
2026-03-20 19:24:28,624 [INFO]   替換層 1 -> QuantModule_DiffAE_LoRA
2026-03-20 19:24:28,624 [INFO]   替換層 3 -> QuantModule_DiffAE_LoRA
2026-03-20 19:24:28,624 [INFO]   替換層 3 -> QuantModule_DiffAE_LoRA
2026-03-20 19:24:28,625 [INFO]   跳過量化 skip connection: skip_connection
2026-03-20 19:24:28,625 [INFO]   跳過量化 skip connection: skip_connection
2026-03-20 19:24:28,625 [INFO] 改造模組: out
2026-03-20 19:24:28,625 [INFO] 改造模組: out
2026-03-20 19:24:28,625 [INFO]   跳過量化特殊模組: 2
2026-03-20 19:24:28,625 [INFO]   跳過量化特殊模組: 2
2026-03-20 19:24:28,629 [INFO] 執行 'create_float_quantized_model' 完成，耗時: 0.40 秒
2026-03-20 19:24:28,629 [INFO] 執行 'create_float_quantized_model' 完成，耗時: 0.40 秒
2026-03-20 19:24:28,714 [INFO] 載入校準資料...
2026-03-20 19:24:28,714 [INFO] 載入校準資料...
2026-03-20 19:24:28,904 [INFO] ✅ 載入真實校準資料成功
2026-03-20 19:24:28,904 [INFO] ✅ 載入真實校準資料成功
2026-03-20 19:24:28,906 [INFO] ==================================================
2026-03-20 19:24:28,906 [INFO] ==================================================
2026-03-20 19:24:28,906 [INFO] 5. Setting first and last layers to 8-bit...
2026-03-20 19:24:28,906 [INFO] 5. Setting first and last layers to 8-bit...
2026-03-20 19:24:28,908 [INFO] 找到 144 個量化模組
2026-03-20 19:24:28,908 [INFO] 找到 144 個量化模組
2026-03-20 19:24:28,908 [INFO] ✅ 首尾層 8-bit 設定完成
2026-03-20 19:24:28,908 [INFO] ✅ 首尾層 8-bit 設定完成
2026-03-20 19:24:28,908 [INFO] ✅ 量化模型創建成功
2026-03-20 19:24:28,908 [INFO] ✅ 量化模型創建成功
2026-03-20 19:24:28,908 [INFO] set quant state to True, True for layer 1
2026-03-20 19:24:28,908 [INFO] set quant state to True, True for layer 1
2026-03-20 19:24:28,908 [INFO] set quant state to True, True for layer 2
2026-03-20 19:24:28,908 [INFO] set quant state to True, True for layer 2
2026-03-20 19:24:28,908 [INFO] set quant state to True, False for layer 3
2026-03-20 19:24:28,908 [INFO] set quant state to True, False for layer 3
2026-03-20 19:24:28,909 [INFO] set quant state to True, True for layer 144
2026-03-20 19:24:28,909 [INFO] set quant state to True, True for layer 144
2026-03-20 19:24:29,834 [INFO] EMA(load from ema_model.model.*): provided=1822 effective_loaded=1822 missing=280 unexpected=0
2026-03-20 19:24:29,834 [INFO] EMA(load from ema_model.model.*): provided=1822 effective_loaded=1822 missing=280 unexpected=0
2026-03-20 19:24:29,834 [WARNING] EMA missing keys (前10): ['model.input_blocks.1.0.in_layers.2.intn_dequantizer.delta', 'model.input_blocks.1.0.in_layers.2.intn_dequantizer.zero_point', 'model.input_blocks.1.0.emb_layers.1.intn_dequantizer.delta', 'model.input_blocks.1.0.emb_layers.1.intn_dequantizer.zero_point', 'model.input_blocks.1.0.cond_emb_layers.1.intn_dequantizer.delta', 'model.input_blocks.1.0.cond_emb_layers.1.intn_dequantizer.zero_point', 'model.input_blocks.1.0.out_layers.3.intn_dequantizer.delta', 'model.input_blocks.1.0.out_layers.3.intn_dequantizer.zero_point', 'model.input_blocks.2.0.in_layers.2.intn_dequantizer.delta', 'model.input_blocks.2.0.in_layers.2.intn_dequantizer.zero_point']
2026-03-20 19:24:29,834 [WARNING] EMA missing keys (前10): ['model.input_blocks.1.0.in_layers.2.intn_dequantizer.delta', 'model.input_blocks.1.0.in_layers.2.intn_dequantizer.zero_point', 'model.input_blocks.1.0.emb_layers.1.intn_dequantizer.delta', 'model.input_blocks.1.0.emb_layers.1.intn_dequantizer.zero_point', 'model.input_blocks.1.0.cond_emb_layers.1.intn_dequantizer.delta', 'model.input_blocks.1.0.cond_emb_layers.1.intn_dequantizer.zero_point', 'model.input_blocks.1.0.out_layers.3.intn_dequantizer.delta', 'model.input_blocks.1.0.out_layers.3.intn_dequantizer.zero_point', 'model.input_blocks.2.0.in_layers.2.intn_dequantizer.delta', 'model.input_blocks.2.0.in_layers.2.intn_dequantizer.zero_point']
2026-03-20 19:24:29,889 [INFO] MODEL(load from model.model.*): provided=1822 effective_loaded=1822 missing=280 unexpected=0
2026-03-20 19:24:29,889 [INFO] MODEL(load from model.model.*): provided=1822 effective_loaded=1822 missing=280 unexpected=0
2026-03-20 19:24:29,889 [INFO] ✅ 量化模型載入成功
2026-03-20 19:24:29,889 [INFO] ✅ 量化模型載入成功
2026-03-20 19:24:29,889 [INFO] === 初始化新功能模組 ===
2026-03-20 19:24:29,889 [INFO] === 初始化新功能模組 ===
2026-03-20 19:24:29,917 [INFO] ✅ 基礎模型設定完成
2026-03-20 19:24:29,917 [INFO] ✅ 基礎模型設定完成
2026-03-20 19:24:29,943 [INFO] ==================================================
2026-03-20 19:24:29,943 [INFO] ==================================================
2026-03-20 19:24:29,943 [INFO] 啟用 Similarity Analysis (L1/L2/Cosine)
2026-03-20 19:24:29,943 [INFO] 啟用 Similarity Analysis (L1/L2/Cosine)
2026-03-20 19:24:29,943 [INFO] FID 評估樣本數: 128
2026-03-20 19:24:29,943 [INFO] FID 評估樣本數: 128
2026-03-20 19:24:29,943 [INFO] 實際收集樣本數: 20 (用於加速)
2026-03-20 19:24:29,943 [INFO] 實際收集樣本數: 20 (用於加速)
2026-03-20 19:24:29,943 [INFO] 擴散步數: 100
2026-03-20 19:24:29,943 [INFO] 擴散步數: 100
2026-03-20 19:24:29,943 [INFO] ==================================================
2026-03-20 19:24:29,943 [INFO] ==================================================
2026-03-20 19:24:29,944 [INFO] [Similarity] 註冊 block hook: model.output_blocks.3
2026-03-20 19:24:29,944 [INFO] [Similarity] 註冊 block hook: model.output_blocks.3
2026-03-20 19:24:29,945 [INFO] [Similarity] 註冊 model step hook 完成
2026-03-20 19:24:29,945 [INFO] [Similarity] 註冊 model step hook 完成
Model params: 174.19 M
loading pretrain ... 130M
step: 1019986
loading latent stats ...
local seed: 0
train data: 70001
val data: 70001
on train dataloader start ...
mean: tensor(-0.0606, device='cuda:0') std: tensor(0.0755, device='cuda:0')
generating images:   0%|          | 0/4 [00:00<?, ?it/s]/home/jimmy/diffae/./diffusion/base.py:329: FutureWarning: `torch.cuda.amp.autocast(args...)` is deprecated. Please use `torch.amp.autocast('cuda', args...)` instead.
  with autocast(self.conf.fp16):
2026-03-20 19:24:47,421 [INFO] [Similarity] Batch 0 完成，已收集 20 個樣本
2026-03-20 19:24:47,421 [INFO] [Similarity] Batch 0 完成，已收集 20 個樣本
generating images:  25%|██▌       | 1/4 [00:17<00:52, 17.60s/it]2026-03-20 19:25:04,889 [INFO] [Similarity] Batch 1 完成，已收集 20 個樣本
2026-03-20 19:25:04,889 [INFO] [Similarity] Batch 1 完成，已收集 20 個樣本
generating images:  50%|█████     | 2/4 [00:35<00:35, 17.53s/it]2026-03-20 19:25:22,370 [INFO] [Similarity] Batch 2 完成，已收集 20 個樣本
2026-03-20 19:25:22,370 [INFO] [Similarity] Batch 2 完成，已收集 20 個樣本
generating images:  75%|███████▌  | 3/4 [00:52<00:17, 17.50s/it]2026-03-20 19:25:38,160 [INFO] [Similarity] 已收集 80 个样本，停止数据收集（目标: 80）
2026-03-20 19:25:38,160 [INFO] [Similarity] 已收集 80 个样本，停止数据收集（目标: 80）
2026-03-20 19:25:39,851 [INFO] [Similarity] Batch 3 完成，已收集 20 個樣本
2026-03-20 19:25:39,851 [INFO] [Similarity] Batch 3 完成，已收集 20 個樣本
generating images: 100%|██████████| 4/4 [01:10<00:00, 17.50s/it]generating images: 100%|██████████| 4/4 [01:10<00:00, 17.51s/it]
2026-03-20 19:25:39,984 [INFO] [Similarity] FID@128 100 steps score: 0
2026-03-20 19:25:39,984 [INFO] [Similarity] FID@128 100 steps score: 0
2026-03-20 19:25:39,985 [INFO] [Similarity] model.output_blocks.3 cosine: min=0.674026, max=1.000000, diag_mean=1.000000, off_diag_mean=0.927672, off_diag_std=0.063390
2026-03-20 19:25:39,985 [INFO] [Similarity] model.output_blocks.3 cosine: min=0.674026, max=1.000000, diag_mean=1.000000, off_diag_mean=0.927672, off_diag_std=0.063390
2026-03-20 19:25:41,057 [INFO] ✅ Similarity Analysis 完成
2026-03-20 19:25:41,057 [INFO] ✅ Similarity Analysis 完成
2026-03-20 19:25:41,098 [INFO] 執行 'main_float_model' 完成，耗時: 74.68 秒
2026-03-20 19:25:41,098 [INFO] 執行 'main_float_model' 完成，耗時: 74.68 秒
