/home/jimmy/anaconda3/envs/diffae_bw/lib/python3.10/site-packages/lightning_fabric/__init__.py:41: pkg_resources is deprecated as an API. See https://setuptools.pypa.io/en/latest/pkg_resources.html. The pkg_resources package is slated for removal as early as 2025-11-30. Refrain from using this package or pin to Setuptools<81.
使用自動混合精度: torch.bfloat16
[設定] Log 檔案已設為: QATcode/cache_method/L1_L2_cosine/logs/similarity_model_input_blocks_8.log
2026-01-26 12:03:18,697 [INFO] Using 100 steps
2026-01-26 12:03:18,697 [INFO] Using 50000 evaluation samples
2026-01-26 12:03:18,697 [INFO] Cache enabled: False, method: Res, threshold: 0.1
2026-01-26 12:03:18,697 [INFO] Quantitative analysis enabled: False, samples: 10
2026-01-26 12:03:18,697 [INFO] Log file: QATcode/cache_method/L1_L2_cosine/logs/similarity_model_input_blocks_8.log
2026-01-26 12:03:18,697 [INFO] Using 100 steps
2026-01-26 12:03:18,697 [INFO] Using 50000 evaluation samples
2026-01-26 12:03:18,697 [INFO] Cache enabled: False, method: Res, threshold: 0.1
2026-01-26 12:03:18,697 [INFO] Quantitative analysis enabled: False, samples: 10
2026-01-26 12:03:18,697 [INFO] Log file: QATcode/cache_method/L1_L2_cosine/logs/similarity_model_input_blocks_8.log
2026-01-26 12:03:18,697 [INFO] ==================================================
2026-01-26 12:03:18,697 [INFO] ==================================================
2026-01-26 12:03:18,697 [INFO] Diff-AE EfficientDM Step 7 : 生成圖片
2026-01-26 12:03:18,697 [INFO] Diff-AE EfficientDM Step 7 : 生成圖片
2026-01-26 12:03:18,697 [INFO] ==================================================
2026-01-26 12:03:18,697 [INFO] ==================================================
2026-01-26 12:03:18,697 [INFO] 使用設備: cuda
2026-01-26 12:03:18,697 [INFO] === 新功能狀態 ===
2026-01-26 12:03:18,697 [INFO] 載入 Diff-AE 模型: checkpoints/ffhq128_autoenc_latent/last.ckpt
2026-01-26 12:03:18,697 [INFO] 使用設備: cuda
2026-01-26 12:03:18,697 [INFO] === 新功能狀態 ===
2026-01-26 12:03:18,697 [INFO] 載入 Diff-AE 模型: checkpoints/ffhq128_autoenc_latent/last.ckpt
Seed set to 0
Model params: 174.19 M
loading pretrain ... 130M
step: 1019986
loading latent stats ...
2026-01-26 12:03:21,543 [INFO] Diff-AE 模型載入完成
2026-01-26 12:03:21,543 [INFO] Diff-AE 模型載入完成
2026-01-26 12:03:21,587 [INFO] 執行 'load_diffae_model' 完成，耗時: 2.89 秒
2026-01-26 12:03:21,588 [INFO] ✅ Diff-AE 模型載入成功
2026-01-26 12:03:21,588 [INFO] base_model.conf.train_mode: TrainMode.latent_diffusion
2026-01-26 12:03:21,588 [INFO] === 創建 LoRA 量化模型 ===
2026-01-26 12:03:21,588 [INFO] === 開始 UNet LoRA 量化改造 ===
2026-01-26 12:03:21,587 [INFO] 執行 'load_diffae_model' 完成，耗時: 2.89 秒
2026-01-26 12:03:21,588 [INFO] ✅ Diff-AE 模型載入成功
2026-01-26 12:03:21,588 [INFO] base_model.conf.train_mode: TrainMode.latent_diffusion
2026-01-26 12:03:21,588 [INFO] === 創建 LoRA 量化模型 ===
2026-01-26 12:03:21,588 [INFO] === 開始 UNet LoRA 量化改造 ===
2026-01-26 12:03:21,588 [INFO] 改造模組: time_embed
2026-01-26 12:03:21,588 [INFO]   跳過量化特殊模組: 0
2026-01-26 12:03:21,588 [INFO] 改造模組: time_embed
2026-01-26 12:03:21,588 [INFO]   跳過量化特殊模組: 0
2026-01-26 12:03:21,592 [INFO]   跳過量化特殊模組: 2
2026-01-26 12:03:21,592 [INFO]   跳過量化特殊模組: 2
2026-01-26 12:03:21,595 [INFO] 改造模組: input_blocks
2026-01-26 12:03:21,595 [INFO] 改造模組: input_blocks
2026-01-26 12:03:21,595 [INFO]   跳過量化特殊模組: 0
2026-01-26 12:03:21,595 [INFO]   跳過量化特殊模組: 0
2026-01-26 12:03:21,595 [INFO]   替換層 2 -> QuantModule_DiffAE_LoRA
2026-01-26 12:03:21,595 [INFO]   替換層 2 -> QuantModule_DiffAE_LoRA
2026-01-26 12:03:21,679 [INFO]   替換層 1 -> QuantModule_DiffAE_LoRA
2026-01-26 12:03:21,679 [INFO]   替換層 1 -> QuantModule_DiffAE_LoRA
2026-01-26 12:03:21,686 [INFO]   替換層 1 -> QuantModule_DiffAE_LoRA
2026-01-26 12:03:21,686 [INFO]   替換層 1 -> QuantModule_DiffAE_LoRA
2026-01-26 12:03:21,692 [INFO]   替換層 3 -> QuantModule_DiffAE_LoRA
2026-01-26 12:03:21,692 [INFO]   替換層 3 -> QuantModule_DiffAE_LoRA
2026-01-26 12:03:21,694 [INFO]   替換層 2 -> QuantModule_DiffAE_LoRA
2026-01-26 12:03:21,694 [INFO]   替換層 2 -> QuantModule_DiffAE_LoRA
2026-01-26 12:03:21,695 [INFO]   替換層 1 -> QuantModule_DiffAE_LoRA
2026-01-26 12:03:21,695 [INFO]   替換層 1 -> QuantModule_DiffAE_LoRA
2026-01-26 12:03:21,695 [INFO]   替換層 1 -> QuantModule_DiffAE_LoRA
2026-01-26 12:03:21,695 [INFO]   替換層 1 -> QuantModule_DiffAE_LoRA
2026-01-26 12:03:21,696 [INFO]   替換層 3 -> QuantModule_DiffAE_LoRA
2026-01-26 12:03:21,696 [INFO]   替換層 3 -> QuantModule_DiffAE_LoRA
2026-01-26 12:03:21,696 [INFO]   替換層 2 -> QuantModule_DiffAE_LoRA
2026-01-26 12:03:21,696 [INFO]   替換層 2 -> QuantModule_DiffAE_LoRA
2026-01-26 12:03:21,697 [INFO]   替換層 1 -> QuantModule_DiffAE_LoRA
2026-01-26 12:03:21,697 [INFO]   替換層 1 -> QuantModule_DiffAE_LoRA
2026-01-26 12:03:21,697 [INFO]   替換層 1 -> QuantModule_DiffAE_LoRA
2026-01-26 12:03:21,697 [INFO]   替換層 1 -> QuantModule_DiffAE_LoRA
2026-01-26 12:03:21,698 [INFO]   替換層 3 -> QuantModule_DiffAE_LoRA
2026-01-26 12:03:21,698 [INFO]   替換層 3 -> QuantModule_DiffAE_LoRA
2026-01-26 12:03:21,698 [INFO]   替換層 2 -> QuantModule_DiffAE_LoRA
2026-01-26 12:03:21,698 [INFO]   替換層 2 -> QuantModule_DiffAE_LoRA
2026-01-26 12:03:21,699 [INFO]   替換層 1 -> QuantModule_DiffAE_LoRA
2026-01-26 12:03:21,699 [INFO]   替換層 1 -> QuantModule_DiffAE_LoRA
2026-01-26 12:03:21,700 [INFO]   替換層 1 -> QuantModule_DiffAE_LoRA
2026-01-26 12:03:21,700 [INFO]   替換層 1 -> QuantModule_DiffAE_LoRA
2026-01-26 12:03:21,700 [INFO]   替換層 3 -> QuantModule_DiffAE_LoRA
2026-01-26 12:03:21,700 [INFO]   替換層 3 -> QuantModule_DiffAE_LoRA
2026-01-26 12:03:21,701 [INFO]   替換層 2 -> QuantModule_DiffAE_LoRA
2026-01-26 12:03:21,701 [INFO]   替換層 2 -> QuantModule_DiffAE_LoRA
2026-01-26 12:03:21,701 [INFO]   替換層 1 -> QuantModule_DiffAE_LoRA
2026-01-26 12:03:21,701 [INFO]   替換層 1 -> QuantModule_DiffAE_LoRA
2026-01-26 12:03:21,702 [INFO]   替換層 1 -> QuantModule_DiffAE_LoRA
2026-01-26 12:03:21,702 [INFO]   替換層 1 -> QuantModule_DiffAE_LoRA
2026-01-26 12:03:21,702 [INFO]   替換層 3 -> QuantModule_DiffAE_LoRA
2026-01-26 12:03:21,702 [INFO]   替換層 3 -> QuantModule_DiffAE_LoRA
2026-01-26 12:03:21,703 [INFO]   替換層 2 -> QuantModule_DiffAE_LoRA
2026-01-26 12:03:21,703 [INFO]   替換層 2 -> QuantModule_DiffAE_LoRA
2026-01-26 12:03:21,704 [INFO]   替換層 1 -> QuantModule_DiffAE_LoRA
2026-01-26 12:03:21,704 [INFO]   替換層 1 -> QuantModule_DiffAE_LoRA
2026-01-26 12:03:21,705 [INFO]   替換層 1 -> QuantModule_DiffAE_LoRA
2026-01-26 12:03:21,705 [INFO]   替換層 1 -> QuantModule_DiffAE_LoRA
2026-01-26 12:03:21,705 [INFO]   替換層 3 -> QuantModule_DiffAE_LoRA
2026-01-26 12:03:21,705 [INFO]   替換層 3 -> QuantModule_DiffAE_LoRA
2026-01-26 12:03:21,706 [INFO]   替換層 2 -> QuantModule_DiffAE_LoRA
2026-01-26 12:03:21,706 [INFO]   替換層 2 -> QuantModule_DiffAE_LoRA
2026-01-26 12:03:21,707 [INFO]   替換層 1 -> QuantModule_DiffAE_LoRA
2026-01-26 12:03:21,707 [INFO]   替換層 1 -> QuantModule_DiffAE_LoRA
2026-01-26 12:03:21,707 [INFO]   替換層 1 -> QuantModule_DiffAE_LoRA
2026-01-26 12:03:21,707 [INFO]   替換層 1 -> QuantModule_DiffAE_LoRA
2026-01-26 12:03:21,708 [INFO]   替換層 3 -> QuantModule_DiffAE_LoRA
2026-01-26 12:03:21,708 [INFO]   替換層 3 -> QuantModule_DiffAE_LoRA
2026-01-26 12:03:21,710 [INFO]   跳過量化 skip connection: skip_connection
2026-01-26 12:03:21,710 [INFO]   跳過量化 skip connection: skip_connection
2026-01-26 12:03:21,710 [INFO]   替換層 2 -> QuantModule_DiffAE_LoRA
2026-01-26 12:03:21,710 [INFO]   替換層 2 -> QuantModule_DiffAE_LoRA
2026-01-26 12:03:21,711 [INFO]   替換層 1 -> QuantModule_DiffAE_LoRA
2026-01-26 12:03:21,711 [INFO]   替換層 1 -> QuantModule_DiffAE_LoRA
2026-01-26 12:03:21,712 [INFO]   替換層 1 -> QuantModule_DiffAE_LoRA
2026-01-26 12:03:21,712 [INFO]   替換層 1 -> QuantModule_DiffAE_LoRA
2026-01-26 12:03:21,713 [INFO]   替換層 3 -> QuantModule_DiffAE_LoRA
2026-01-26 12:03:21,713 [INFO]   替換層 3 -> QuantModule_DiffAE_LoRA
2026-01-26 12:03:21,714 [INFO]   替換層 2 -> QuantModule_DiffAE_LoRA
2026-01-26 12:03:21,714 [INFO]   替換層 2 -> QuantModule_DiffAE_LoRA
2026-01-26 12:03:21,716 [INFO]   替換層 1 -> QuantModule_DiffAE_LoRA
2026-01-26 12:03:21,716 [INFO]   替換層 1 -> QuantModule_DiffAE_LoRA
2026-01-26 12:03:21,717 [INFO]   替換層 1 -> QuantModule_DiffAE_LoRA
2026-01-26 12:03:21,717 [INFO]   替換層 1 -> QuantModule_DiffAE_LoRA
2026-01-26 12:03:21,718 [INFO]   替換層 3 -> QuantModule_DiffAE_LoRA
2026-01-26 12:03:21,718 [INFO]   替換層 3 -> QuantModule_DiffAE_LoRA
2026-01-26 12:03:21,719 [INFO]   替換層 2 -> QuantModule_DiffAE_LoRA
2026-01-26 12:03:21,719 [INFO]   替換層 2 -> QuantModule_DiffAE_LoRA
2026-01-26 12:03:21,722 [INFO]   替換層 1 -> QuantModule_DiffAE_LoRA
2026-01-26 12:03:21,722 [INFO]   替換層 1 -> QuantModule_DiffAE_LoRA
2026-01-26 12:03:21,723 [INFO]   替換層 1 -> QuantModule_DiffAE_LoRA
2026-01-26 12:03:21,723 [INFO]   替換層 1 -> QuantModule_DiffAE_LoRA
2026-01-26 12:03:21,724 [INFO]   替換層 3 -> QuantModule_DiffAE_LoRA
2026-01-26 12:03:21,724 [INFO]   替換層 3 -> QuantModule_DiffAE_LoRA
2026-01-26 12:03:21,728 [INFO]   跳過量化 skip connection: skip_connection
2026-01-26 12:03:21,728 [INFO]   替換層 2 -> QuantModule_DiffAE_LoRA
2026-01-26 12:03:21,728 [INFO]   跳過量化 skip connection: skip_connection
2026-01-26 12:03:21,728 [INFO]   替換層 2 -> QuantModule_DiffAE_LoRA
2026-01-26 12:03:21,732 [INFO]   替換層 1 -> QuantModule_DiffAE_LoRA
2026-01-26 12:03:21,732 [INFO]   替換層 1 -> QuantModule_DiffAE_LoRA
2026-01-26 12:03:21,733 [INFO]   替換層 1 -> QuantModule_DiffAE_LoRA
2026-01-26 12:03:21,733 [INFO]   替換層 1 -> QuantModule_DiffAE_LoRA
2026-01-26 12:03:21,734 [INFO]   替換層 3 -> QuantModule_DiffAE_LoRA
2026-01-26 12:03:21,734 [INFO]   替換層 3 -> QuantModule_DiffAE_LoRA
2026-01-26 12:03:21,737 [INFO]   替換層 2 -> QuantModule_DiffAE_LoRA
2026-01-26 12:03:21,737 [INFO]   替換層 2 -> QuantModule_DiffAE_LoRA
2026-01-26 12:03:21,745 [INFO]   替換層 1 -> QuantModule_DiffAE_LoRA
2026-01-26 12:03:21,745 [INFO]   替換層 1 -> QuantModule_DiffAE_LoRA
2026-01-26 12:03:21,749 [INFO]   替換層 1 -> QuantModule_DiffAE_LoRA
2026-01-26 12:03:21,749 [INFO]   替換層 1 -> QuantModule_DiffAE_LoRA
2026-01-26 12:03:21,754 [INFO]   替換層 3 -> QuantModule_DiffAE_LoRA
2026-01-26 12:03:21,754 [INFO]   替換層 3 -> QuantModule_DiffAE_LoRA
2026-01-26 12:03:21,758 [INFO]   替換層 2 -> QuantModule_DiffAE_LoRA
2026-01-26 12:03:21,758 [INFO]   替換層 2 -> QuantModule_DiffAE_LoRA
2026-01-26 12:03:21,765 [INFO]   替換層 1 -> QuantModule_DiffAE_LoRA
2026-01-26 12:03:21,765 [INFO]   替換層 1 -> QuantModule_DiffAE_LoRA
2026-01-26 12:03:21,770 [INFO]   替換層 1 -> QuantModule_DiffAE_LoRA
2026-01-26 12:03:21,770 [INFO]   替換層 1 -> QuantModule_DiffAE_LoRA
2026-01-26 12:03:21,773 [INFO]   替換層 3 -> QuantModule_DiffAE_LoRA
2026-01-26 12:03:21,773 [INFO]   替換層 3 -> QuantModule_DiffAE_LoRA
2026-01-26 12:03:21,780 [INFO]   跳過量化 skip connection: skip_connection
2026-01-26 12:03:21,780 [INFO]   替換層 2 -> QuantModule_DiffAE_LoRA
2026-01-26 12:03:21,780 [INFO]   跳過量化 skip connection: skip_connection
2026-01-26 12:03:21,780 [INFO]   替換層 2 -> QuantModule_DiffAE_LoRA
2026-01-26 12:03:21,792 [INFO]   替換層 1 -> QuantModule_DiffAE_LoRA
2026-01-26 12:03:21,792 [INFO]   替換層 1 -> QuantModule_DiffAE_LoRA
2026-01-26 12:03:21,798 [INFO]   替換層 1 -> QuantModule_DiffAE_LoRA
2026-01-26 12:03:21,798 [INFO]   替換層 1 -> QuantModule_DiffAE_LoRA
2026-01-26 12:03:21,803 [INFO]   替換層 3 -> QuantModule_DiffAE_LoRA
2026-01-26 12:03:21,803 [INFO]   替換層 3 -> QuantModule_DiffAE_LoRA
2026-01-26 12:03:21,812 [INFO] 改造模組: middle_block
2026-01-26 12:03:21,813 [INFO]   替換層 2 -> QuantModule_DiffAE_LoRA
2026-01-26 12:03:21,812 [INFO] 改造模組: middle_block
2026-01-26 12:03:21,813 [INFO]   替換層 2 -> QuantModule_DiffAE_LoRA
2026-01-26 12:03:21,824 [INFO]   替換層 1 -> QuantModule_DiffAE_LoRA
2026-01-26 12:03:21,824 [INFO]   替換層 1 -> QuantModule_DiffAE_LoRA
2026-01-26 12:03:21,832 [INFO]   替換層 1 -> QuantModule_DiffAE_LoRA
2026-01-26 12:03:21,832 [INFO]   替換層 1 -> QuantModule_DiffAE_LoRA
2026-01-26 12:03:21,838 [INFO]   替換層 3 -> QuantModule_DiffAE_LoRA
2026-01-26 12:03:21,838 [INFO]   替換層 3 -> QuantModule_DiffAE_LoRA
2026-01-26 12:03:21,849 [INFO]   替換層 2 -> QuantModule_DiffAE_LoRA
2026-01-26 12:03:21,849 [INFO]   替換層 2 -> QuantModule_DiffAE_LoRA
2026-01-26 12:03:21,856 [INFO]   替換層 1 -> QuantModule_DiffAE_LoRA
2026-01-26 12:03:21,860 [INFO]   替換層 1 -> QuantModule_DiffAE_LoRA
2026-01-26 12:03:21,856 [INFO]   替換層 1 -> QuantModule_DiffAE_LoRA
2026-01-26 12:03:21,860 [INFO]   替換層 1 -> QuantModule_DiffAE_LoRA
2026-01-26 12:03:21,866 [INFO]   替換層 3 -> QuantModule_DiffAE_LoRA
2026-01-26 12:03:21,866 [INFO]   替換層 3 -> QuantModule_DiffAE_LoRA
2026-01-26 12:03:21,880 [INFO] 改造模組: output_blocks
2026-01-26 12:03:21,880 [INFO] 改造模組: output_blocks
2026-01-26 12:03:21,880 [INFO]   替換層 2 -> QuantModule_DiffAE_LoRA
2026-01-26 12:03:21,880 [INFO]   替換層 2 -> QuantModule_DiffAE_LoRA
2026-01-26 12:03:21,900 [INFO]   替換層 1 -> QuantModule_DiffAE_LoRA
2026-01-26 12:03:21,905 [INFO]   替換層 1 -> QuantModule_DiffAE_LoRA
2026-01-26 12:03:21,900 [INFO]   替換層 1 -> QuantModule_DiffAE_LoRA
2026-01-26 12:03:21,905 [INFO]   替換層 1 -> QuantModule_DiffAE_LoRA
2026-01-26 12:03:21,910 [INFO]   替換層 3 -> QuantModule_DiffAE_LoRA
2026-01-26 12:03:21,910 [INFO]   替換層 3 -> QuantModule_DiffAE_LoRA
2026-01-26 12:03:21,922 [INFO]   跳過量化 skip connection: skip_connection
2026-01-26 12:03:21,922 [INFO]   跳過量化 skip connection: skip_connection
2026-01-26 12:03:21,922 [INFO]   替換層 2 -> QuantModule_DiffAE_LoRA
2026-01-26 12:03:21,922 [INFO]   替換層 2 -> QuantModule_DiffAE_LoRA
2026-01-26 12:03:21,938 [INFO]   替換層 1 -> QuantModule_DiffAE_LoRA
2026-01-26 12:03:21,938 [INFO]   替換層 1 -> QuantModule_DiffAE_LoRA
2026-01-26 12:03:21,944 [INFO]   替換層 1 -> QuantModule_DiffAE_LoRA
2026-01-26 12:03:21,944 [INFO]   替換層 1 -> QuantModule_DiffAE_LoRA
2026-01-26 12:03:21,947 [INFO]   替換層 3 -> QuantModule_DiffAE_LoRA
2026-01-26 12:03:21,947 [INFO]   替換層 3 -> QuantModule_DiffAE_LoRA
2026-01-26 12:03:21,959 [INFO]   跳過量化 skip connection: skip_connection
2026-01-26 12:03:21,959 [INFO]   替換層 2 -> QuantModule_DiffAE_LoRA
2026-01-26 12:03:21,959 [INFO]   跳過量化 skip connection: skip_connection
2026-01-26 12:03:21,959 [INFO]   替換層 2 -> QuantModule_DiffAE_LoRA
2026-01-26 12:03:21,973 [INFO]   替換層 1 -> QuantModule_DiffAE_LoRA
2026-01-26 12:03:21,973 [INFO]   替換層 1 -> QuantModule_DiffAE_LoRA
2026-01-26 12:03:21,981 [INFO]   替換層 1 -> QuantModule_DiffAE_LoRA
2026-01-26 12:03:21,981 [INFO]   替換層 1 -> QuantModule_DiffAE_LoRA
2026-01-26 12:03:21,982 [INFO]   替換層 3 -> QuantModule_DiffAE_LoRA
2026-01-26 12:03:21,982 [INFO]   替換層 3 -> QuantModule_DiffAE_LoRA
2026-01-26 12:03:21,988 [INFO]   跳過量化 skip connection: skip_connection
2026-01-26 12:03:21,988 [INFO]   替換層 2 -> QuantModule_DiffAE_LoRA
2026-01-26 12:03:21,988 [INFO]   跳過量化 skip connection: skip_connection
2026-01-26 12:03:21,988 [INFO]   替換層 2 -> QuantModule_DiffAE_LoRA
2026-01-26 12:03:22,001 [INFO]   替換層 1 -> QuantModule_DiffAE_LoRA
2026-01-26 12:03:22,001 [INFO]   替換層 1 -> QuantModule_DiffAE_LoRA
2026-01-26 12:03:22,005 [INFO]   替換層 1 -> QuantModule_DiffAE_LoRA
2026-01-26 12:03:22,005 [INFO]   替換層 1 -> QuantModule_DiffAE_LoRA
2026-01-26 12:03:22,011 [INFO]   替換層 3 -> QuantModule_DiffAE_LoRA
2026-01-26 12:03:22,011 [INFO]   替換層 3 -> QuantModule_DiffAE_LoRA
2026-01-26 12:03:22,022 [INFO]   替換層 2 -> QuantModule_DiffAE_LoRA
2026-01-26 12:03:22,022 [INFO]   替換層 2 -> QuantModule_DiffAE_LoRA
2026-01-26 12:03:22,040 [INFO]   替換層 1 -> QuantModule_DiffAE_LoRA
2026-01-26 12:03:22,040 [INFO]   替換層 1 -> QuantModule_DiffAE_LoRA
2026-01-26 12:03:22,045 [INFO]   替換層 1 -> QuantModule_DiffAE_LoRA
2026-01-26 12:03:22,045 [INFO]   替換層 1 -> QuantModule_DiffAE_LoRA
2026-01-26 12:03:22,054 [INFO]   替換層 3 -> QuantModule_DiffAE_LoRA
2026-01-26 12:03:22,054 [INFO]   替換層 3 -> QuantModule_DiffAE_LoRA
2026-01-26 12:03:22,061 [INFO]   跳過量化 skip connection: skip_connection
2026-01-26 12:03:22,061 [INFO]   跳過量化 skip connection: skip_connection
2026-01-26 12:03:22,061 [INFO]   替換層 2 -> QuantModule_DiffAE_LoRA
2026-01-26 12:03:22,061 [INFO]   替換層 2 -> QuantModule_DiffAE_LoRA
2026-01-26 12:03:22,074 [INFO]   替換層 1 -> QuantModule_DiffAE_LoRA
2026-01-26 12:03:22,074 [INFO]   替換層 1 -> QuantModule_DiffAE_LoRA
2026-01-26 12:03:22,082 [INFO]   替換層 1 -> QuantModule_DiffAE_LoRA
2026-01-26 12:03:22,082 [INFO]   替換層 1 -> QuantModule_DiffAE_LoRA
2026-01-26 12:03:22,086 [INFO]   替換層 3 -> QuantModule_DiffAE_LoRA
2026-01-26 12:03:22,086 [INFO]   替換層 3 -> QuantModule_DiffAE_LoRA
2026-01-26 12:03:22,093 [INFO]   跳過量化 skip connection: skip_connection
2026-01-26 12:03:22,093 [INFO]   跳過量化 skip connection: skip_connection
2026-01-26 12:03:22,093 [INFO]   替換層 2 -> QuantModule_DiffAE_LoRA
2026-01-26 12:03:22,093 [INFO]   替換層 2 -> QuantModule_DiffAE_LoRA
2026-01-26 12:03:22,099 [INFO]   替換層 1 -> QuantModule_DiffAE_LoRA
2026-01-26 12:03:22,099 [INFO]   替換層 1 -> QuantModule_DiffAE_LoRA
2026-01-26 12:03:22,104 [INFO]   替換層 1 -> QuantModule_DiffAE_LoRA
2026-01-26 12:03:22,104 [INFO]   替換層 1 -> QuantModule_DiffAE_LoRA
2026-01-26 12:03:22,110 [INFO]   替換層 3 -> QuantModule_DiffAE_LoRA
2026-01-26 12:03:22,110 [INFO]   替換層 3 -> QuantModule_DiffAE_LoRA
2026-01-26 12:03:22,117 [INFO]   跳過量化 skip connection: skip_connection
2026-01-26 12:03:22,117 [INFO]   替換層 2 -> QuantModule_DiffAE_LoRA
2026-01-26 12:03:22,117 [INFO]   跳過量化 skip connection: skip_connection
2026-01-26 12:03:22,117 [INFO]   替換層 2 -> QuantModule_DiffAE_LoRA
2026-01-26 12:03:22,124 [INFO]   替換層 1 -> QuantModule_DiffAE_LoRA
2026-01-26 12:03:22,124 [INFO]   替換層 1 -> QuantModule_DiffAE_LoRA
2026-01-26 12:03:22,127 [INFO]   替換層 1 -> QuantModule_DiffAE_LoRA
2026-01-26 12:03:22,127 [INFO]   替換層 1 -> QuantModule_DiffAE_LoRA
2026-01-26 12:03:22,127 [INFO]   替換層 3 -> QuantModule_DiffAE_LoRA
2026-01-26 12:03:22,127 [INFO]   替換層 3 -> QuantModule_DiffAE_LoRA
2026-01-26 12:03:22,131 [INFO]   替換層 2 -> QuantModule_DiffAE_LoRA
2026-01-26 12:03:22,131 [INFO]   替換層 2 -> QuantModule_DiffAE_LoRA
2026-01-26 12:03:22,140 [INFO]   替換層 1 -> QuantModule_DiffAE_LoRA
2026-01-26 12:03:22,140 [INFO]   替換層 1 -> QuantModule_DiffAE_LoRA
2026-01-26 12:03:22,144 [INFO]   替換層 1 -> QuantModule_DiffAE_LoRA
2026-01-26 12:03:22,146 [INFO]   替換層 3 -> QuantModule_DiffAE_LoRA
2026-01-26 12:03:22,144 [INFO]   替換層 1 -> QuantModule_DiffAE_LoRA
2026-01-26 12:03:22,146 [INFO]   替換層 3 -> QuantModule_DiffAE_LoRA
2026-01-26 12:03:22,147 [INFO]   跳過量化 skip connection: skip_connection
2026-01-26 12:03:22,147 [INFO]   跳過量化 skip connection: skip_connection
2026-01-26 12:03:22,147 [INFO]   替換層 2 -> QuantModule_DiffAE_LoRA
2026-01-26 12:03:22,147 [INFO]   替換層 2 -> QuantModule_DiffAE_LoRA
2026-01-26 12:03:22,151 [INFO]   替換層 1 -> QuantModule_DiffAE_LoRA
2026-01-26 12:03:22,151 [INFO]   替換層 1 -> QuantModule_DiffAE_LoRA
2026-01-26 12:03:22,158 [INFO]   替換層 1 -> QuantModule_DiffAE_LoRA
2026-01-26 12:03:22,160 [INFO]   替換層 3 -> QuantModule_DiffAE_LoRA
2026-01-26 12:03:22,158 [INFO]   替換層 1 -> QuantModule_DiffAE_LoRA
2026-01-26 12:03:22,160 [INFO]   替換層 3 -> QuantModule_DiffAE_LoRA
2026-01-26 12:03:22,164 [INFO]   跳過量化 skip connection: skip_connection
2026-01-26 12:03:22,164 [INFO]   跳過量化 skip connection: skip_connection
2026-01-26 12:03:22,164 [INFO]   替換層 2 -> QuantModule_DiffAE_LoRA
2026-01-26 12:03:22,164 [INFO]   替換層 2 -> QuantModule_DiffAE_LoRA
2026-01-26 12:03:22,166 [INFO]   替換層 1 -> QuantModule_DiffAE_LoRA
2026-01-26 12:03:22,166 [INFO]   替換層 1 -> QuantModule_DiffAE_LoRA
2026-01-26 12:03:22,167 [INFO]   替換層 1 -> QuantModule_DiffAE_LoRA
2026-01-26 12:03:22,167 [INFO]   替換層 1 -> QuantModule_DiffAE_LoRA
2026-01-26 12:03:22,168 [INFO]   替換層 3 -> QuantModule_DiffAE_LoRA
2026-01-26 12:03:22,168 [INFO]   替換層 3 -> QuantModule_DiffAE_LoRA
2026-01-26 12:03:22,169 [INFO]   跳過量化 skip connection: skip_connection
2026-01-26 12:03:22,169 [INFO]   替換層 2 -> QuantModule_DiffAE_LoRA
2026-01-26 12:03:22,169 [INFO]   跳過量化 skip connection: skip_connection
2026-01-26 12:03:22,169 [INFO]   替換層 2 -> QuantModule_DiffAE_LoRA
2026-01-26 12:03:22,171 [INFO]   替換層 1 -> QuantModule_DiffAE_LoRA
2026-01-26 12:03:22,171 [INFO]   替換層 1 -> QuantModule_DiffAE_LoRA
2026-01-26 12:03:22,172 [INFO]   替換層 1 -> QuantModule_DiffAE_LoRA
2026-01-26 12:03:22,172 [INFO]   替換層 1 -> QuantModule_DiffAE_LoRA
2026-01-26 12:03:22,173 [INFO]   替換層 3 -> QuantModule_DiffAE_LoRA
2026-01-26 12:03:22,173 [INFO]   替換層 3 -> QuantModule_DiffAE_LoRA
2026-01-26 12:03:22,174 [INFO]   替換層 2 -> QuantModule_DiffAE_LoRA
2026-01-26 12:03:22,174 [INFO]   替換層 2 -> QuantModule_DiffAE_LoRA
2026-01-26 12:03:22,176 [INFO]   替換層 1 -> QuantModule_DiffAE_LoRA
2026-01-26 12:03:22,176 [INFO]   替換層 1 -> QuantModule_DiffAE_LoRA
2026-01-26 12:03:22,176 [INFO]   替換層 1 -> QuantModule_DiffAE_LoRA
2026-01-26 12:03:22,176 [INFO]   替換層 1 -> QuantModule_DiffAE_LoRA
2026-01-26 12:03:22,177 [INFO]   替換層 3 -> QuantModule_DiffAE_LoRA
2026-01-26 12:03:22,177 [INFO]   替換層 3 -> QuantModule_DiffAE_LoRA
2026-01-26 12:03:22,178 [INFO]   跳過量化 skip connection: skip_connection
2026-01-26 12:03:22,178 [INFO]   跳過量化 skip connection: skip_connection
2026-01-26 12:03:22,178 [INFO]   替換層 2 -> QuantModule_DiffAE_LoRA
2026-01-26 12:03:22,178 [INFO]   替換層 2 -> QuantModule_DiffAE_LoRA
2026-01-26 12:03:22,179 [INFO]   替換層 1 -> QuantModule_DiffAE_LoRA
2026-01-26 12:03:22,179 [INFO]   替換層 1 -> QuantModule_DiffAE_LoRA
2026-01-26 12:03:22,179 [INFO]   替換層 1 -> QuantModule_DiffAE_LoRA
2026-01-26 12:03:22,179 [INFO]   替換層 1 -> QuantModule_DiffAE_LoRA
2026-01-26 12:03:22,180 [INFO]   替換層 3 -> QuantModule_DiffAE_LoRA
2026-01-26 12:03:22,180 [INFO]   替換層 3 -> QuantModule_DiffAE_LoRA
2026-01-26 12:03:22,180 [INFO]   跳過量化 skip connection: skip_connection
2026-01-26 12:03:22,180 [INFO]   跳過量化 skip connection: skip_connection
2026-01-26 12:03:22,180 [INFO]   替換層 2 -> QuantModule_DiffAE_LoRA
2026-01-26 12:03:22,180 [INFO]   替換層 2 -> QuantModule_DiffAE_LoRA
2026-01-26 12:03:22,181 [INFO]   替換層 1 -> QuantModule_DiffAE_LoRA
2026-01-26 12:03:22,181 [INFO]   替換層 1 -> QuantModule_DiffAE_LoRA
2026-01-26 12:03:22,182 [INFO]   替換層 1 -> QuantModule_DiffAE_LoRA
2026-01-26 12:03:22,182 [INFO]   替換層 1 -> QuantModule_DiffAE_LoRA
2026-01-26 12:03:22,182 [INFO]   替換層 3 -> QuantModule_DiffAE_LoRA
2026-01-26 12:03:22,182 [INFO]   替換層 3 -> QuantModule_DiffAE_LoRA
2026-01-26 12:03:22,183 [INFO]   跳過量化 skip connection: skip_connection
2026-01-26 12:03:22,183 [INFO]   跳過量化 skip connection: skip_connection
2026-01-26 12:03:22,183 [INFO]   替換層 2 -> QuantModule_DiffAE_LoRA
2026-01-26 12:03:22,183 [INFO]   替換層 2 -> QuantModule_DiffAE_LoRA
2026-01-26 12:03:22,184 [INFO]   替換層 1 -> QuantModule_DiffAE_LoRA
2026-01-26 12:03:22,184 [INFO]   替換層 1 -> QuantModule_DiffAE_LoRA
2026-01-26 12:03:22,184 [INFO]   替換層 1 -> QuantModule_DiffAE_LoRA
2026-01-26 12:03:22,184 [INFO]   替換層 1 -> QuantModule_DiffAE_LoRA
2026-01-26 12:03:22,185 [INFO]   替換層 3 -> QuantModule_DiffAE_LoRA
2026-01-26 12:03:22,185 [INFO]   替換層 3 -> QuantModule_DiffAE_LoRA
2026-01-26 12:03:22,185 [INFO]   替換層 2 -> QuantModule_DiffAE_LoRA
2026-01-26 12:03:22,185 [INFO]   替換層 2 -> QuantModule_DiffAE_LoRA
2026-01-26 12:03:22,187 [INFO]   替換層 1 -> QuantModule_DiffAE_LoRA
2026-01-26 12:03:22,187 [INFO]   替換層 1 -> QuantModule_DiffAE_LoRA
2026-01-26 12:03:22,187 [INFO]   替換層 1 -> QuantModule_DiffAE_LoRA
2026-01-26 12:03:22,187 [INFO]   替換層 1 -> QuantModule_DiffAE_LoRA
2026-01-26 12:03:22,187 [INFO]   替換層 3 -> QuantModule_DiffAE_LoRA
2026-01-26 12:03:22,187 [INFO]   替換層 3 -> QuantModule_DiffAE_LoRA
2026-01-26 12:03:22,188 [INFO]   跳過量化 skip connection: skip_connection
2026-01-26 12:03:22,188 [INFO]   跳過量化 skip connection: skip_connection
2026-01-26 12:03:22,188 [INFO]   替換層 2 -> QuantModule_DiffAE_LoRA
2026-01-26 12:03:22,188 [INFO]   替換層 2 -> QuantModule_DiffAE_LoRA
2026-01-26 12:03:22,189 [INFO]   替換層 1 -> QuantModule_DiffAE_LoRA
2026-01-26 12:03:22,189 [INFO]   替換層 1 -> QuantModule_DiffAE_LoRA
2026-01-26 12:03:22,190 [INFO]   替換層 1 -> QuantModule_DiffAE_LoRA
2026-01-26 12:03:22,190 [INFO]   替換層 1 -> QuantModule_DiffAE_LoRA
2026-01-26 12:03:22,190 [INFO]   替換層 3 -> QuantModule_DiffAE_LoRA
2026-01-26 12:03:22,190 [INFO]   替換層 3 -> QuantModule_DiffAE_LoRA
2026-01-26 12:03:22,191 [INFO]   跳過量化 skip connection: skip_connection
2026-01-26 12:03:22,191 [INFO]   跳過量化 skip connection: skip_connection
2026-01-26 12:03:22,191 [INFO]   替換層 2 -> QuantModule_DiffAE_LoRA
2026-01-26 12:03:22,191 [INFO]   替換層 2 -> QuantModule_DiffAE_LoRA
2026-01-26 12:03:22,192 [INFO]   替換層 1 -> QuantModule_DiffAE_LoRA
2026-01-26 12:03:22,192 [INFO]   替換層 1 -> QuantModule_DiffAE_LoRA
2026-01-26 12:03:22,192 [INFO]   替換層 1 -> QuantModule_DiffAE_LoRA
2026-01-26 12:03:22,192 [INFO]   替換層 1 -> QuantModule_DiffAE_LoRA
2026-01-26 12:03:22,193 [INFO]   替換層 3 -> QuantModule_DiffAE_LoRA
2026-01-26 12:03:22,193 [INFO]   替換層 3 -> QuantModule_DiffAE_LoRA
2026-01-26 12:03:22,194 [INFO]   跳過量化 skip connection: skip_connection
2026-01-26 12:03:22,194 [INFO]   跳過量化 skip connection: skip_connection
2026-01-26 12:03:22,194 [INFO] 改造模組: out
2026-01-26 12:03:22,194 [INFO] 改造模組: out
2026-01-26 12:03:22,194 [INFO]   跳過量化特殊模組: 2
2026-01-26 12:03:22,194 [INFO]   跳過量化特殊模組: 2
2026-01-26 12:03:22,196 [INFO] 執行 'create_float_quantized_model' 完成，耗時: 0.61 秒
2026-01-26 12:03:22,196 [INFO] 執行 'create_float_quantized_model' 完成，耗時: 0.61 秒
2026-01-26 12:03:22,320 [INFO] 載入校準資料...
2026-01-26 12:03:22,320 [INFO] 載入校準資料...
2026-01-26 12:03:22,652 [INFO] ✅ 載入真實校準資料成功
2026-01-26 12:03:22,652 [INFO] ✅ 載入真實校準資料成功
2026-01-26 12:03:22,655 [INFO] ==================================================
2026-01-26 12:03:22,655 [INFO] ==================================================
2026-01-26 12:03:22,655 [INFO] 5. Setting first and last layers to 8-bit...
2026-01-26 12:03:22,655 [INFO] 5. Setting first and last layers to 8-bit...
2026-01-26 12:03:22,656 [INFO] 找到 144 個量化模組
2026-01-26 12:03:22,656 [INFO] 找到 144 個量化模組
2026-01-26 12:03:22,656 [INFO] ✅ 首尾層 8-bit 設定完成
2026-01-26 12:03:22,656 [INFO] ✅ 首尾層 8-bit 設定完成
2026-01-26 12:03:22,657 [INFO] ✅ 量化模型創建成功
2026-01-26 12:03:22,657 [INFO] ✅ 量化模型創建成功
2026-01-26 12:03:22,657 [INFO] set quant state to True, True for layer 1
2026-01-26 12:03:22,657 [INFO] set quant state to True, True for layer 1
2026-01-26 12:03:22,657 [INFO] set quant state to True, True for layer 2
2026-01-26 12:03:22,657 [INFO] set quant state to True, True for layer 2
2026-01-26 12:03:22,657 [INFO] set quant state to True, False for layer 3
2026-01-26 12:03:22,657 [INFO] set quant state to True, False for layer 3
2026-01-26 12:03:22,657 [INFO] set quant state to True, True for layer 144
2026-01-26 12:03:22,657 [INFO] set quant state to True, True for layer 144
2026-01-26 12:03:23,823 [INFO] ✅ 量化模型載入成功
2026-01-26 12:03:23,823 [INFO] === 初始化新功能模組 ===
2026-01-26 12:03:23,823 [INFO] ✅ 量化模型載入成功
2026-01-26 12:03:23,823 [INFO] === 初始化新功能模組 ===
local seed: 0
train data: 70001
val data: 70001
2026-01-26 12:03:23,848 [INFO] ✅ 基礎模型設定完成
2026-01-26 12:03:23,848 [INFO] ✅ 基礎模型設定完成
on train dataloader start ...
mean: tensor(-0.0606, device='cuda:0') std: tensor(0.0755, device='cuda:0')
2026-01-26 12:03:23,906 [INFO] ==================================================
2026-01-26 12:03:23,906 [INFO] 啟用 Similarity Analysis (L1/L2/Cosine)
2026-01-26 12:03:23,906 [INFO] FID 評估樣本數: 128
2026-01-26 12:03:23,906 [INFO] 實際收集樣本數: 20 (用於加速)
2026-01-26 12:03:23,906 [INFO] 擴散步數: 100
2026-01-26 12:03:23,906 [INFO] ==================================================
2026-01-26 12:03:23,906 [INFO] ==================================================
2026-01-26 12:03:23,906 [INFO] 啟用 Similarity Analysis (L1/L2/Cosine)
2026-01-26 12:03:23,906 [INFO] FID 評估樣本數: 128
2026-01-26 12:03:23,906 [INFO] 實際收集樣本數: 20 (用於加速)
2026-01-26 12:03:23,906 [INFO] 擴散步數: 100
2026-01-26 12:03:23,906 [INFO] ==================================================
2026-01-26 12:03:23,906 [INFO] [Similarity] 註冊 block hook: model.input_blocks.8
2026-01-26 12:03:23,906 [INFO] [Similarity] 註冊 block hook: model.input_blocks.8
2026-01-26 12:03:23,907 [INFO] [Similarity] 註冊 model step hook 完成
2026-01-26 12:03:23,907 [INFO] [Similarity] 註冊 model step hook 完成
generating images:   0%|          | 0/4 [00:00<?, ?it/s]/home/jimmy/diffae/./diffusion/base.py:329: FutureWarning: `torch.cuda.amp.autocast(args...)` is deprecated. Please use `torch.amp.autocast('cuda', args...)` instead.
  with autocast(self.conf.fp16):
2026-01-26 12:03:42,283 [INFO] [Similarity] Batch 0 完成，已收集 20 個樣本
2026-01-26 12:03:42,283 [INFO] [Similarity] Batch 0 完成，已收集 20 個樣本
generating images:  25%|██▌       | 1/4 [00:18<00:55, 18.61s/it]2026-01-26 12:04:00,673 [INFO] [Similarity] Batch 1 完成，已收集 20 個樣本
2026-01-26 12:04:00,673 [INFO] [Similarity] Batch 1 完成，已收集 20 個樣本
generating images:  50%|█████     | 2/4 [00:37<00:37, 18.55s/it]2026-01-26 12:04:19,172 [INFO] [Similarity] Batch 2 完成，已收集 20 個樣本
2026-01-26 12:04:19,172 [INFO] [Similarity] Batch 2 完成，已收集 20 個樣本
generating images:  75%|███████▌  | 3/4 [00:55<00:18, 18.55s/it]2026-01-26 12:04:35,233 [INFO] [Similarity] 已收集 80 个样本，停止数据收集（目标: 80）
2026-01-26 12:04:35,233 [INFO] [Similarity] 已收集 80 个样本，停止数据收集（目标: 80）
2026-01-26 12:04:37,740 [INFO] [Similarity] Batch 3 完成，已收集 20 個樣本
2026-01-26 12:04:37,740 [INFO] [Similarity] Batch 3 完成，已收集 20 個樣本
generating images: 100%|██████████| 4/4 [01:14<00:00, 18.53s/it]generating images: 100%|██████████| 4/4 [01:14<00:00, 18.54s/it]
2026-01-26 12:04:38,087 [INFO] [Similarity] FID@128 100 steps score: 0
2026-01-26 12:04:38,087 [INFO] [Similarity] FID@128 100 steps score: 0
2026-01-26 12:04:38,088 [INFO] [Similarity] model.input_blocks.8 cosine: min=0.164044, max=1.000000, diag_mean=1.000000, off_diag_mean=0.800418, off_diag_std=0.187445
2026-01-26 12:04:38,088 [INFO] [Similarity] model.input_blocks.8 cosine: min=0.164044, max=1.000000, diag_mean=1.000000, off_diag_mean=0.800418, off_diag_std=0.187445
2026-01-26 12:04:39,195 [INFO] ✅ Similarity Analysis 完成
2026-01-26 12:04:39,195 [INFO] ✅ Similarity Analysis 完成
2026-01-26 12:04:39,235 [INFO] 執行 'main_float_model' 完成，耗時: 80.54 秒
2026-01-26 12:04:39,235 [INFO] 執行 'main_float_model' 完成，耗時: 80.54 秒
/home/jimmy/anaconda3/envs/diffae_bw/lib/python3.10/site-packages/torchmetrics/utilities/imports.py:21: UserWarning: pkg_resources is deprecated as an API. See https://setuptools.pypa.io/en/latest/pkg_resources.html. The pkg_resources package is slated for removal as early as 2025-11-30. Refrain from using this package or pin to Setuptools<81.
  from pkg_resources import DistributionNotFound, get_distribution
使用自動混合精度: torch.bfloat16
[設定] Log 檔案已設為: QATcode/cache_method/L1_L2_cosine/logs/similarity_model_input_blocks_8.log
2026-03-20 19:10:32,449 [INFO] Using 100 steps
2026-03-20 19:10:32,449 [INFO] Using 100 steps
2026-03-20 19:10:32,449 [INFO] Using 50000 evaluation samples
2026-03-20 19:10:32,449 [INFO] Using 50000 evaluation samples
2026-03-20 19:10:32,449 [INFO] Cache enabled: False, method: Res, threshold: 0.1
2026-03-20 19:10:32,449 [INFO] Cache enabled: False, method: Res, threshold: 0.1
2026-03-20 19:10:32,449 [INFO] Quantitative analysis enabled: False, samples: 10
2026-03-20 19:10:32,449 [INFO] Quantitative analysis enabled: False, samples: 10
2026-03-20 19:10:32,449 [INFO] Log file: QATcode/cache_method/L1_L2_cosine/logs/similarity_model_input_blocks_8.log
2026-03-20 19:10:32,449 [INFO] Log file: QATcode/cache_method/L1_L2_cosine/logs/similarity_model_input_blocks_8.log
2026-03-20 19:10:32,449 [INFO] ==================================================
2026-03-20 19:10:32,449 [INFO] ==================================================
2026-03-20 19:10:32,449 [INFO] Diff-AE EfficientDM Step 7 : 生成圖片
2026-03-20 19:10:32,449 [INFO] Diff-AE EfficientDM Step 7 : 生成圖片
2026-03-20 19:10:32,449 [INFO] ==================================================
2026-03-20 19:10:32,449 [INFO] ==================================================
2026-03-20 19:10:32,449 [INFO] 使用設備: cuda
2026-03-20 19:10:32,449 [INFO] 使用設備: cuda
2026-03-20 19:10:32,449 [INFO] === 新功能狀態 ===
2026-03-20 19:10:32,449 [INFO] === 新功能狀態 ===
2026-03-20 19:10:32,449 [INFO] 載入 Diff-AE 模型: checkpoints/ffhq128_autoenc_latent/last.ckpt
2026-03-20 19:10:32,449 [INFO] 載入 Diff-AE 模型: checkpoints/ffhq128_autoenc_latent/last.ckpt
Global seed set to 0
2026-03-20 19:10:34,277 [INFO] Diff-AE 模型載入完成
2026-03-20 19:10:34,277 [INFO] Diff-AE 模型載入完成
2026-03-20 19:10:34,329 [INFO] 執行 'load_diffae_model' 完成，耗時: 1.88 秒
2026-03-20 19:10:34,329 [INFO] 執行 'load_diffae_model' 完成，耗時: 1.88 秒
2026-03-20 19:10:34,329 [INFO] ✅ Diff-AE 模型載入成功
2026-03-20 19:10:34,329 [INFO] ✅ Diff-AE 模型載入成功
2026-03-20 19:10:34,329 [INFO] base_model.conf.train_mode: TrainMode.latent_diffusion
2026-03-20 19:10:34,329 [INFO] base_model.conf.train_mode: TrainMode.latent_diffusion
2026-03-20 19:10:34,329 [INFO] === 創建 LoRA 量化模型 ===
2026-03-20 19:10:34,329 [INFO] === 創建 LoRA 量化模型 ===
2026-03-20 19:10:34,330 [INFO] === 開始 UNet LoRA 量化改造 ===
2026-03-20 19:10:34,330 [INFO] === 開始 UNet LoRA 量化改造 ===
2026-03-20 19:10:34,330 [INFO] 改造模組: time_embed
2026-03-20 19:10:34,330 [INFO] 改造模組: time_embed
2026-03-20 19:10:34,330 [INFO]   跳過量化特殊模組: 0
2026-03-20 19:10:34,330 [INFO]   跳過量化特殊模組: 0
2026-03-20 19:10:34,330 [INFO]   跳過量化特殊模組: 2
2026-03-20 19:10:34,330 [INFO]   跳過量化特殊模組: 2
2026-03-20 19:10:34,330 [INFO] 改造模組: input_blocks
2026-03-20 19:10:34,330 [INFO] 改造模組: input_blocks
2026-03-20 19:10:34,330 [INFO]   跳過量化特殊模組: 0
2026-03-20 19:10:34,330 [INFO]   跳過量化特殊模組: 0
2026-03-20 19:10:34,330 [INFO]   替換層 2 -> QuantModule_DiffAE_LoRA
2026-03-20 19:10:34,330 [INFO]   替換層 2 -> QuantModule_DiffAE_LoRA
2026-03-20 19:10:34,396 [INFO]   替換層 1 -> QuantModule_DiffAE_LoRA
2026-03-20 19:10:34,396 [INFO]   替換層 1 -> QuantModule_DiffAE_LoRA
2026-03-20 19:10:34,396 [INFO]   替換層 1 -> QuantModule_DiffAE_LoRA
2026-03-20 19:10:34,396 [INFO]   替換層 1 -> QuantModule_DiffAE_LoRA
2026-03-20 19:10:34,397 [INFO]   替換層 3 -> QuantModule_DiffAE_LoRA
2026-03-20 19:10:34,397 [INFO]   替換層 3 -> QuantModule_DiffAE_LoRA
2026-03-20 19:10:34,398 [INFO]   替換層 2 -> QuantModule_DiffAE_LoRA
2026-03-20 19:10:34,398 [INFO]   替換層 2 -> QuantModule_DiffAE_LoRA
2026-03-20 19:10:34,399 [INFO]   替換層 1 -> QuantModule_DiffAE_LoRA
2026-03-20 19:10:34,399 [INFO]   替換層 1 -> QuantModule_DiffAE_LoRA
2026-03-20 19:10:34,400 [INFO]   替換層 1 -> QuantModule_DiffAE_LoRA
2026-03-20 19:10:34,400 [INFO]   替換層 1 -> QuantModule_DiffAE_LoRA
2026-03-20 19:10:34,401 [INFO]   替換層 3 -> QuantModule_DiffAE_LoRA
2026-03-20 19:10:34,401 [INFO]   替換層 3 -> QuantModule_DiffAE_LoRA
2026-03-20 19:10:34,402 [INFO]   替換層 2 -> QuantModule_DiffAE_LoRA
2026-03-20 19:10:34,402 [INFO]   替換層 2 -> QuantModule_DiffAE_LoRA
2026-03-20 19:10:34,403 [INFO]   替換層 1 -> QuantModule_DiffAE_LoRA
2026-03-20 19:10:34,403 [INFO]   替換層 1 -> QuantModule_DiffAE_LoRA
2026-03-20 19:10:34,404 [INFO]   替換層 1 -> QuantModule_DiffAE_LoRA
2026-03-20 19:10:34,404 [INFO]   替換層 1 -> QuantModule_DiffAE_LoRA
2026-03-20 19:10:34,404 [INFO]   替換層 3 -> QuantModule_DiffAE_LoRA
2026-03-20 19:10:34,404 [INFO]   替換層 3 -> QuantModule_DiffAE_LoRA
2026-03-20 19:10:34,405 [INFO]   替換層 2 -> QuantModule_DiffAE_LoRA
2026-03-20 19:10:34,405 [INFO]   替換層 2 -> QuantModule_DiffAE_LoRA
2026-03-20 19:10:34,406 [INFO]   替換層 1 -> QuantModule_DiffAE_LoRA
2026-03-20 19:10:34,406 [INFO]   替換層 1 -> QuantModule_DiffAE_LoRA
2026-03-20 19:10:34,406 [INFO]   替換層 1 -> QuantModule_DiffAE_LoRA
2026-03-20 19:10:34,406 [INFO]   替換層 1 -> QuantModule_DiffAE_LoRA
2026-03-20 19:10:34,407 [INFO]   替換層 3 -> QuantModule_DiffAE_LoRA
2026-03-20 19:10:34,407 [INFO]   替換層 3 -> QuantModule_DiffAE_LoRA
2026-03-20 19:10:34,407 [INFO]   替換層 2 -> QuantModule_DiffAE_LoRA
2026-03-20 19:10:34,407 [INFO]   替換層 2 -> QuantModule_DiffAE_LoRA
2026-03-20 19:10:34,408 [INFO]   替換層 1 -> QuantModule_DiffAE_LoRA
2026-03-20 19:10:34,408 [INFO]   替換層 1 -> QuantModule_DiffAE_LoRA
2026-03-20 19:10:34,409 [INFO]   替換層 1 -> QuantModule_DiffAE_LoRA
2026-03-20 19:10:34,409 [INFO]   替換層 1 -> QuantModule_DiffAE_LoRA
2026-03-20 19:10:34,409 [INFO]   替換層 3 -> QuantModule_DiffAE_LoRA
2026-03-20 19:10:34,409 [INFO]   替換層 3 -> QuantModule_DiffAE_LoRA
2026-03-20 19:10:34,410 [INFO]   替換層 2 -> QuantModule_DiffAE_LoRA
2026-03-20 19:10:34,410 [INFO]   替換層 2 -> QuantModule_DiffAE_LoRA
2026-03-20 19:10:34,411 [INFO]   替換層 1 -> QuantModule_DiffAE_LoRA
2026-03-20 19:10:34,411 [INFO]   替換層 1 -> QuantModule_DiffAE_LoRA
2026-03-20 19:10:34,411 [INFO]   替換層 1 -> QuantModule_DiffAE_LoRA
2026-03-20 19:10:34,411 [INFO]   替換層 1 -> QuantModule_DiffAE_LoRA
2026-03-20 19:10:34,412 [INFO]   替換層 3 -> QuantModule_DiffAE_LoRA
2026-03-20 19:10:34,412 [INFO]   替換層 3 -> QuantModule_DiffAE_LoRA
2026-03-20 19:10:34,413 [INFO]   替換層 2 -> QuantModule_DiffAE_LoRA
2026-03-20 19:10:34,413 [INFO]   替換層 2 -> QuantModule_DiffAE_LoRA
2026-03-20 19:10:34,414 [INFO]   替換層 1 -> QuantModule_DiffAE_LoRA
2026-03-20 19:10:34,414 [INFO]   替換層 1 -> QuantModule_DiffAE_LoRA
2026-03-20 19:10:34,415 [INFO]   替換層 1 -> QuantModule_DiffAE_LoRA
2026-03-20 19:10:34,415 [INFO]   替換層 1 -> QuantModule_DiffAE_LoRA
2026-03-20 19:10:34,416 [INFO]   替換層 3 -> QuantModule_DiffAE_LoRA
2026-03-20 19:10:34,416 [INFO]   替換層 3 -> QuantModule_DiffAE_LoRA
2026-03-20 19:10:34,417 [INFO]   跳過量化 skip connection: skip_connection
2026-03-20 19:10:34,417 [INFO]   跳過量化 skip connection: skip_connection
2026-03-20 19:10:34,417 [INFO]   替換層 2 -> QuantModule_DiffAE_LoRA
2026-03-20 19:10:34,417 [INFO]   替換層 2 -> QuantModule_DiffAE_LoRA
2026-03-20 19:10:34,419 [INFO]   替換層 1 -> QuantModule_DiffAE_LoRA
2026-03-20 19:10:34,419 [INFO]   替換層 1 -> QuantModule_DiffAE_LoRA
2026-03-20 19:10:34,421 [INFO]   替換層 1 -> QuantModule_DiffAE_LoRA
2026-03-20 19:10:34,421 [INFO]   替換層 1 -> QuantModule_DiffAE_LoRA
2026-03-20 19:10:34,421 [INFO]   替換層 3 -> QuantModule_DiffAE_LoRA
2026-03-20 19:10:34,421 [INFO]   替換層 3 -> QuantModule_DiffAE_LoRA
2026-03-20 19:10:34,423 [INFO]   替換層 2 -> QuantModule_DiffAE_LoRA
2026-03-20 19:10:34,423 [INFO]   替換層 2 -> QuantModule_DiffAE_LoRA
2026-03-20 19:10:34,425 [INFO]   替換層 1 -> QuantModule_DiffAE_LoRA
2026-03-20 19:10:34,425 [INFO]   替換層 1 -> QuantModule_DiffAE_LoRA
2026-03-20 19:10:34,426 [INFO]   替換層 1 -> QuantModule_DiffAE_LoRA
2026-03-20 19:10:34,426 [INFO]   替換層 1 -> QuantModule_DiffAE_LoRA
2026-03-20 19:10:34,427 [INFO]   替換層 3 -> QuantModule_DiffAE_LoRA
2026-03-20 19:10:34,427 [INFO]   替換層 3 -> QuantModule_DiffAE_LoRA
2026-03-20 19:10:34,429 [INFO]   替換層 2 -> QuantModule_DiffAE_LoRA
2026-03-20 19:10:34,429 [INFO]   替換層 2 -> QuantModule_DiffAE_LoRA
2026-03-20 19:10:34,432 [INFO]   替換層 1 -> QuantModule_DiffAE_LoRA
2026-03-20 19:10:34,432 [INFO]   替換層 1 -> QuantModule_DiffAE_LoRA
2026-03-20 19:10:34,434 [INFO]   替換層 1 -> QuantModule_DiffAE_LoRA
2026-03-20 19:10:34,434 [INFO]   替換層 1 -> QuantModule_DiffAE_LoRA
2026-03-20 19:10:34,435 [INFO]   替換層 3 -> QuantModule_DiffAE_LoRA
2026-03-20 19:10:34,435 [INFO]   替換層 3 -> QuantModule_DiffAE_LoRA
2026-03-20 19:10:34,439 [INFO]   跳過量化 skip connection: skip_connection
2026-03-20 19:10:34,439 [INFO]   跳過量化 skip connection: skip_connection
2026-03-20 19:10:34,439 [INFO]   替換層 2 -> QuantModule_DiffAE_LoRA
2026-03-20 19:10:34,439 [INFO]   替換層 2 -> QuantModule_DiffAE_LoRA
2026-03-20 19:10:34,444 [INFO]   替換層 1 -> QuantModule_DiffAE_LoRA
2026-03-20 19:10:34,444 [INFO]   替換層 1 -> QuantModule_DiffAE_LoRA
2026-03-20 19:10:34,446 [INFO]   替換層 1 -> QuantModule_DiffAE_LoRA
2026-03-20 19:10:34,446 [INFO]   替換層 1 -> QuantModule_DiffAE_LoRA
2026-03-20 19:10:34,447 [INFO]   替換層 3 -> QuantModule_DiffAE_LoRA
2026-03-20 19:10:34,447 [INFO]   替換層 3 -> QuantModule_DiffAE_LoRA
2026-03-20 19:10:34,451 [INFO]   替換層 2 -> QuantModule_DiffAE_LoRA
2026-03-20 19:10:34,451 [INFO]   替換層 2 -> QuantModule_DiffAE_LoRA
2026-03-20 19:10:34,456 [INFO]   替換層 1 -> QuantModule_DiffAE_LoRA
2026-03-20 19:10:34,456 [INFO]   替換層 1 -> QuantModule_DiffAE_LoRA
2026-03-20 19:10:34,457 [INFO]   替換層 1 -> QuantModule_DiffAE_LoRA
2026-03-20 19:10:34,457 [INFO]   替換層 1 -> QuantModule_DiffAE_LoRA
2026-03-20 19:10:34,458 [INFO]   替換層 3 -> QuantModule_DiffAE_LoRA
2026-03-20 19:10:34,458 [INFO]   替換層 3 -> QuantModule_DiffAE_LoRA
2026-03-20 19:10:34,463 [INFO]   替換層 2 -> QuantModule_DiffAE_LoRA
2026-03-20 19:10:34,463 [INFO]   替換層 2 -> QuantModule_DiffAE_LoRA
2026-03-20 19:10:34,470 [INFO]   替換層 1 -> QuantModule_DiffAE_LoRA
2026-03-20 19:10:34,470 [INFO]   替換層 1 -> QuantModule_DiffAE_LoRA
2026-03-20 19:10:34,472 [INFO]   替換層 1 -> QuantModule_DiffAE_LoRA
2026-03-20 19:10:34,472 [INFO]   替換層 1 -> QuantModule_DiffAE_LoRA
2026-03-20 19:10:34,473 [INFO]   替換層 3 -> QuantModule_DiffAE_LoRA
2026-03-20 19:10:34,473 [INFO]   替換層 3 -> QuantModule_DiffAE_LoRA
2026-03-20 19:10:34,481 [INFO]   跳過量化 skip connection: skip_connection
2026-03-20 19:10:34,481 [INFO]   跳過量化 skip connection: skip_connection
2026-03-20 19:10:34,481 [INFO]   替換層 2 -> QuantModule_DiffAE_LoRA
2026-03-20 19:10:34,481 [INFO]   替換層 2 -> QuantModule_DiffAE_LoRA
2026-03-20 19:10:34,488 [INFO]   替換層 1 -> QuantModule_DiffAE_LoRA
2026-03-20 19:10:34,488 [INFO]   替換層 1 -> QuantModule_DiffAE_LoRA
2026-03-20 19:10:34,490 [INFO]   替換層 1 -> QuantModule_DiffAE_LoRA
2026-03-20 19:10:34,490 [INFO]   替換層 1 -> QuantModule_DiffAE_LoRA
2026-03-20 19:10:34,491 [INFO]   替換層 3 -> QuantModule_DiffAE_LoRA
2026-03-20 19:10:34,491 [INFO]   替換層 3 -> QuantModule_DiffAE_LoRA
2026-03-20 19:10:34,498 [INFO] 改造模組: middle_block
2026-03-20 19:10:34,498 [INFO] 改造模組: middle_block
2026-03-20 19:10:34,498 [INFO]   替換層 2 -> QuantModule_DiffAE_LoRA
2026-03-20 19:10:34,498 [INFO]   替換層 2 -> QuantModule_DiffAE_LoRA
2026-03-20 19:10:34,505 [INFO]   替換層 1 -> QuantModule_DiffAE_LoRA
2026-03-20 19:10:34,505 [INFO]   替換層 1 -> QuantModule_DiffAE_LoRA
2026-03-20 19:10:34,507 [INFO]   替換層 1 -> QuantModule_DiffAE_LoRA
2026-03-20 19:10:34,507 [INFO]   替換層 1 -> QuantModule_DiffAE_LoRA
2026-03-20 19:10:34,508 [INFO]   替換層 3 -> QuantModule_DiffAE_LoRA
2026-03-20 19:10:34,508 [INFO]   替換層 3 -> QuantModule_DiffAE_LoRA
2026-03-20 19:10:34,516 [INFO]   替換層 2 -> QuantModule_DiffAE_LoRA
2026-03-20 19:10:34,516 [INFO]   替換層 2 -> QuantModule_DiffAE_LoRA
2026-03-20 19:10:34,523 [INFO]   替換層 1 -> QuantModule_DiffAE_LoRA
2026-03-20 19:10:34,523 [INFO]   替換層 1 -> QuantModule_DiffAE_LoRA
2026-03-20 19:10:34,525 [INFO]   替換層 1 -> QuantModule_DiffAE_LoRA
2026-03-20 19:10:34,525 [INFO]   替換層 1 -> QuantModule_DiffAE_LoRA
2026-03-20 19:10:34,528 [INFO]   替換層 3 -> QuantModule_DiffAE_LoRA
2026-03-20 19:10:34,528 [INFO]   替換層 3 -> QuantModule_DiffAE_LoRA
2026-03-20 19:10:34,535 [INFO] 改造模組: output_blocks
2026-03-20 19:10:34,535 [INFO] 改造模組: output_blocks
2026-03-20 19:10:34,535 [INFO]   替換層 2 -> QuantModule_DiffAE_LoRA
2026-03-20 19:10:34,535 [INFO]   替換層 2 -> QuantModule_DiffAE_LoRA
2026-03-20 19:10:34,548 [INFO]   替換層 1 -> QuantModule_DiffAE_LoRA
2026-03-20 19:10:34,548 [INFO]   替換層 1 -> QuantModule_DiffAE_LoRA
2026-03-20 19:10:34,551 [INFO]   替換層 1 -> QuantModule_DiffAE_LoRA
2026-03-20 19:10:34,551 [INFO]   替換層 1 -> QuantModule_DiffAE_LoRA
2026-03-20 19:10:34,552 [INFO]   替換層 3 -> QuantModule_DiffAE_LoRA
2026-03-20 19:10:34,552 [INFO]   替換層 3 -> QuantModule_DiffAE_LoRA
2026-03-20 19:10:34,560 [INFO]   跳過量化 skip connection: skip_connection
2026-03-20 19:10:34,560 [INFO]   跳過量化 skip connection: skip_connection
2026-03-20 19:10:34,560 [INFO]   替換層 2 -> QuantModule_DiffAE_LoRA
2026-03-20 19:10:34,560 [INFO]   替換層 2 -> QuantModule_DiffAE_LoRA
2026-03-20 19:10:34,574 [INFO]   替換層 1 -> QuantModule_DiffAE_LoRA
2026-03-20 19:10:34,574 [INFO]   替換層 1 -> QuantModule_DiffAE_LoRA
2026-03-20 19:10:34,576 [INFO]   替換層 1 -> QuantModule_DiffAE_LoRA
2026-03-20 19:10:34,576 [INFO]   替換層 1 -> QuantModule_DiffAE_LoRA
2026-03-20 19:10:34,578 [INFO]   替換層 3 -> QuantModule_DiffAE_LoRA
2026-03-20 19:10:34,578 [INFO]   替換層 3 -> QuantModule_DiffAE_LoRA
2026-03-20 19:10:34,585 [INFO]   跳過量化 skip connection: skip_connection
2026-03-20 19:10:34,585 [INFO]   跳過量化 skip connection: skip_connection
2026-03-20 19:10:34,585 [INFO]   替換層 2 -> QuantModule_DiffAE_LoRA
2026-03-20 19:10:34,585 [INFO]   替換層 2 -> QuantModule_DiffAE_LoRA
2026-03-20 19:10:34,597 [INFO]   替換層 1 -> QuantModule_DiffAE_LoRA
2026-03-20 19:10:34,597 [INFO]   替換層 1 -> QuantModule_DiffAE_LoRA
2026-03-20 19:10:34,599 [INFO]   替換層 1 -> QuantModule_DiffAE_LoRA
2026-03-20 19:10:34,599 [INFO]   替換層 1 -> QuantModule_DiffAE_LoRA
2026-03-20 19:10:34,600 [INFO]   替換層 3 -> QuantModule_DiffAE_LoRA
2026-03-20 19:10:34,600 [INFO]   替換層 3 -> QuantModule_DiffAE_LoRA
2026-03-20 19:10:34,609 [INFO]   跳過量化 skip connection: skip_connection
2026-03-20 19:10:34,609 [INFO]   跳過量化 skip connection: skip_connection
2026-03-20 19:10:34,609 [INFO]   替換層 2 -> QuantModule_DiffAE_LoRA
2026-03-20 19:10:34,609 [INFO]   替換層 2 -> QuantModule_DiffAE_LoRA
2026-03-20 19:10:34,616 [INFO]   替換層 1 -> QuantModule_DiffAE_LoRA
2026-03-20 19:10:34,616 [INFO]   替換層 1 -> QuantModule_DiffAE_LoRA
2026-03-20 19:10:34,618 [INFO]   替換層 1 -> QuantModule_DiffAE_LoRA
2026-03-20 19:10:34,618 [INFO]   替換層 1 -> QuantModule_DiffAE_LoRA
2026-03-20 19:10:34,619 [INFO]   替換層 3 -> QuantModule_DiffAE_LoRA
2026-03-20 19:10:34,619 [INFO]   替換層 3 -> QuantModule_DiffAE_LoRA
2026-03-20 19:10:34,627 [INFO]   替換層 2 -> QuantModule_DiffAE_LoRA
2026-03-20 19:10:34,627 [INFO]   替換層 2 -> QuantModule_DiffAE_LoRA
2026-03-20 19:10:34,637 [INFO]   替換層 1 -> QuantModule_DiffAE_LoRA
2026-03-20 19:10:34,637 [INFO]   替換層 1 -> QuantModule_DiffAE_LoRA
2026-03-20 19:10:34,639 [INFO]   替換層 1 -> QuantModule_DiffAE_LoRA
2026-03-20 19:10:34,639 [INFO]   替換層 1 -> QuantModule_DiffAE_LoRA
2026-03-20 19:10:34,640 [INFO]   替換層 3 -> QuantModule_DiffAE_LoRA
2026-03-20 19:10:34,640 [INFO]   替換層 3 -> QuantModule_DiffAE_LoRA
2026-03-20 19:10:34,646 [INFO]   跳過量化 skip connection: skip_connection
2026-03-20 19:10:34,646 [INFO]   跳過量化 skip connection: skip_connection
2026-03-20 19:10:34,646 [INFO]   替換層 2 -> QuantModule_DiffAE_LoRA
2026-03-20 19:10:34,646 [INFO]   替換層 2 -> QuantModule_DiffAE_LoRA
2026-03-20 19:10:34,654 [INFO]   替換層 1 -> QuantModule_DiffAE_LoRA
2026-03-20 19:10:34,654 [INFO]   替換層 1 -> QuantModule_DiffAE_LoRA
2026-03-20 19:10:34,655 [INFO]   替換層 1 -> QuantModule_DiffAE_LoRA
2026-03-20 19:10:34,655 [INFO]   替換層 1 -> QuantModule_DiffAE_LoRA
2026-03-20 19:10:34,656 [INFO]   替換層 3 -> QuantModule_DiffAE_LoRA
2026-03-20 19:10:34,656 [INFO]   替換層 3 -> QuantModule_DiffAE_LoRA
2026-03-20 19:10:34,662 [INFO]   跳過量化 skip connection: skip_connection
2026-03-20 19:10:34,662 [INFO]   跳過量化 skip connection: skip_connection
2026-03-20 19:10:34,662 [INFO]   替換層 2 -> QuantModule_DiffAE_LoRA
2026-03-20 19:10:34,662 [INFO]   替換層 2 -> QuantModule_DiffAE_LoRA
2026-03-20 19:10:34,669 [INFO]   替換層 1 -> QuantModule_DiffAE_LoRA
2026-03-20 19:10:34,669 [INFO]   替換層 1 -> QuantModule_DiffAE_LoRA
2026-03-20 19:10:34,671 [INFO]   替換層 1 -> QuantModule_DiffAE_LoRA
2026-03-20 19:10:34,671 [INFO]   替換層 1 -> QuantModule_DiffAE_LoRA
2026-03-20 19:10:34,672 [INFO]   替換層 3 -> QuantModule_DiffAE_LoRA
2026-03-20 19:10:34,672 [INFO]   替換層 3 -> QuantModule_DiffAE_LoRA
2026-03-20 19:10:34,677 [INFO]   跳過量化 skip connection: skip_connection
2026-03-20 19:10:34,677 [INFO]   跳過量化 skip connection: skip_connection
2026-03-20 19:10:34,677 [INFO]   替換層 2 -> QuantModule_DiffAE_LoRA
2026-03-20 19:10:34,677 [INFO]   替換層 2 -> QuantModule_DiffAE_LoRA
2026-03-20 19:10:34,681 [INFO]   替換層 1 -> QuantModule_DiffAE_LoRA
2026-03-20 19:10:34,681 [INFO]   替換層 1 -> QuantModule_DiffAE_LoRA
2026-03-20 19:10:34,683 [INFO]   替換層 1 -> QuantModule_DiffAE_LoRA
2026-03-20 19:10:34,683 [INFO]   替換層 1 -> QuantModule_DiffAE_LoRA
2026-03-20 19:10:34,684 [INFO]   替換層 3 -> QuantModule_DiffAE_LoRA
2026-03-20 19:10:34,684 [INFO]   替換層 3 -> QuantModule_DiffAE_LoRA
2026-03-20 19:10:34,688 [INFO]   替換層 2 -> QuantModule_DiffAE_LoRA
2026-03-20 19:10:34,688 [INFO]   替換層 2 -> QuantModule_DiffAE_LoRA
2026-03-20 19:10:34,694 [INFO]   替換層 1 -> QuantModule_DiffAE_LoRA
2026-03-20 19:10:34,694 [INFO]   替換層 1 -> QuantModule_DiffAE_LoRA
2026-03-20 19:10:34,695 [INFO]   替換層 1 -> QuantModule_DiffAE_LoRA
2026-03-20 19:10:34,695 [INFO]   替換層 1 -> QuantModule_DiffAE_LoRA
2026-03-20 19:10:34,695 [INFO]   替換層 3 -> QuantModule_DiffAE_LoRA
2026-03-20 19:10:34,695 [INFO]   替換層 3 -> QuantModule_DiffAE_LoRA
2026-03-20 19:10:34,697 [INFO]   跳過量化 skip connection: skip_connection
2026-03-20 19:10:34,697 [INFO]   跳過量化 skip connection: skip_connection
2026-03-20 19:10:34,697 [INFO]   替換層 2 -> QuantModule_DiffAE_LoRA
2026-03-20 19:10:34,697 [INFO]   替換層 2 -> QuantModule_DiffAE_LoRA
2026-03-20 19:10:34,702 [INFO]   替換層 1 -> QuantModule_DiffAE_LoRA
2026-03-20 19:10:34,702 [INFO]   替換層 1 -> QuantModule_DiffAE_LoRA
2026-03-20 19:10:34,703 [INFO]   替換層 1 -> QuantModule_DiffAE_LoRA
2026-03-20 19:10:34,703 [INFO]   替換層 1 -> QuantModule_DiffAE_LoRA
2026-03-20 19:10:34,704 [INFO]   替換層 3 -> QuantModule_DiffAE_LoRA
2026-03-20 19:10:34,704 [INFO]   替換層 3 -> QuantModule_DiffAE_LoRA
2026-03-20 19:10:34,706 [INFO]   跳過量化 skip connection: skip_connection
2026-03-20 19:10:34,706 [INFO]   跳過量化 skip connection: skip_connection
2026-03-20 19:10:34,706 [INFO]   替換層 2 -> QuantModule_DiffAE_LoRA
2026-03-20 19:10:34,706 [INFO]   替換層 2 -> QuantModule_DiffAE_LoRA
2026-03-20 19:10:34,709 [INFO]   替換層 1 -> QuantModule_DiffAE_LoRA
2026-03-20 19:10:34,709 [INFO]   替換層 1 -> QuantModule_DiffAE_LoRA
2026-03-20 19:10:34,710 [INFO]   替換層 1 -> QuantModule_DiffAE_LoRA
2026-03-20 19:10:34,710 [INFO]   替換層 1 -> QuantModule_DiffAE_LoRA
2026-03-20 19:10:34,710 [INFO]   替換層 3 -> QuantModule_DiffAE_LoRA
2026-03-20 19:10:34,710 [INFO]   替換層 3 -> QuantModule_DiffAE_LoRA
2026-03-20 19:10:34,712 [INFO]   跳過量化 skip connection: skip_connection
2026-03-20 19:10:34,712 [INFO]   跳過量化 skip connection: skip_connection
2026-03-20 19:10:34,712 [INFO]   替換層 2 -> QuantModule_DiffAE_LoRA
2026-03-20 19:10:34,712 [INFO]   替換層 2 -> QuantModule_DiffAE_LoRA
2026-03-20 19:10:34,714 [INFO]   替換層 1 -> QuantModule_DiffAE_LoRA
2026-03-20 19:10:34,714 [INFO]   替換層 1 -> QuantModule_DiffAE_LoRA
2026-03-20 19:10:34,715 [INFO]   替換層 1 -> QuantModule_DiffAE_LoRA
2026-03-20 19:10:34,715 [INFO]   替換層 1 -> QuantModule_DiffAE_LoRA
2026-03-20 19:10:34,716 [INFO]   替換層 3 -> QuantModule_DiffAE_LoRA
2026-03-20 19:10:34,716 [INFO]   替換層 3 -> QuantModule_DiffAE_LoRA
2026-03-20 19:10:34,718 [INFO]   替換層 2 -> QuantModule_DiffAE_LoRA
2026-03-20 19:10:34,718 [INFO]   替換層 2 -> QuantModule_DiffAE_LoRA
2026-03-20 19:10:34,720 [INFO]   替換層 1 -> QuantModule_DiffAE_LoRA
2026-03-20 19:10:34,720 [INFO]   替換層 1 -> QuantModule_DiffAE_LoRA
2026-03-20 19:10:34,721 [INFO]   替換層 1 -> QuantModule_DiffAE_LoRA
2026-03-20 19:10:34,721 [INFO]   替換層 1 -> QuantModule_DiffAE_LoRA
2026-03-20 19:10:34,721 [INFO]   替換層 3 -> QuantModule_DiffAE_LoRA
2026-03-20 19:10:34,721 [INFO]   替換層 3 -> QuantModule_DiffAE_LoRA
2026-03-20 19:10:34,722 [INFO]   跳過量化 skip connection: skip_connection
2026-03-20 19:10:34,722 [INFO]   跳過量化 skip connection: skip_connection
2026-03-20 19:10:34,722 [INFO]   替換層 2 -> QuantModule_DiffAE_LoRA
2026-03-20 19:10:34,722 [INFO]   替換層 2 -> QuantModule_DiffAE_LoRA
2026-03-20 19:10:34,723 [INFO]   替換層 1 -> QuantModule_DiffAE_LoRA
2026-03-20 19:10:34,723 [INFO]   替換層 1 -> QuantModule_DiffAE_LoRA
2026-03-20 19:10:34,724 [INFO]   替換層 1 -> QuantModule_DiffAE_LoRA
2026-03-20 19:10:34,724 [INFO]   替換層 1 -> QuantModule_DiffAE_LoRA
2026-03-20 19:10:34,724 [INFO]   替換層 3 -> QuantModule_DiffAE_LoRA
2026-03-20 19:10:34,724 [INFO]   替換層 3 -> QuantModule_DiffAE_LoRA
2026-03-20 19:10:34,725 [INFO]   跳過量化 skip connection: skip_connection
2026-03-20 19:10:34,725 [INFO]   跳過量化 skip connection: skip_connection
2026-03-20 19:10:34,725 [INFO]   替換層 2 -> QuantModule_DiffAE_LoRA
2026-03-20 19:10:34,725 [INFO]   替換層 2 -> QuantModule_DiffAE_LoRA
2026-03-20 19:10:34,726 [INFO]   替換層 1 -> QuantModule_DiffAE_LoRA
2026-03-20 19:10:34,726 [INFO]   替換層 1 -> QuantModule_DiffAE_LoRA
2026-03-20 19:10:34,727 [INFO]   替換層 1 -> QuantModule_DiffAE_LoRA
2026-03-20 19:10:34,727 [INFO]   替換層 1 -> QuantModule_DiffAE_LoRA
2026-03-20 19:10:34,727 [INFO]   替換層 3 -> QuantModule_DiffAE_LoRA
2026-03-20 19:10:34,727 [INFO]   替換層 3 -> QuantModule_DiffAE_LoRA
2026-03-20 19:10:34,728 [INFO]   跳過量化 skip connection: skip_connection
2026-03-20 19:10:34,728 [INFO]   跳過量化 skip connection: skip_connection
2026-03-20 19:10:34,728 [INFO]   替換層 2 -> QuantModule_DiffAE_LoRA
2026-03-20 19:10:34,728 [INFO]   替換層 2 -> QuantModule_DiffAE_LoRA
2026-03-20 19:10:34,729 [INFO]   替換層 1 -> QuantModule_DiffAE_LoRA
2026-03-20 19:10:34,729 [INFO]   替換層 1 -> QuantModule_DiffAE_LoRA
2026-03-20 19:10:34,729 [INFO]   替換層 1 -> QuantModule_DiffAE_LoRA
2026-03-20 19:10:34,729 [INFO]   替換層 1 -> QuantModule_DiffAE_LoRA
2026-03-20 19:10:34,730 [INFO]   替換層 3 -> QuantModule_DiffAE_LoRA
2026-03-20 19:10:34,730 [INFO]   替換層 3 -> QuantModule_DiffAE_LoRA
2026-03-20 19:10:34,731 [INFO]   替換層 2 -> QuantModule_DiffAE_LoRA
2026-03-20 19:10:34,731 [INFO]   替換層 2 -> QuantModule_DiffAE_LoRA
2026-03-20 19:10:34,732 [INFO]   替換層 1 -> QuantModule_DiffAE_LoRA
2026-03-20 19:10:34,732 [INFO]   替換層 1 -> QuantModule_DiffAE_LoRA
2026-03-20 19:10:34,732 [INFO]   替換層 1 -> QuantModule_DiffAE_LoRA
2026-03-20 19:10:34,732 [INFO]   替換層 1 -> QuantModule_DiffAE_LoRA
2026-03-20 19:10:34,733 [INFO]   替換層 3 -> QuantModule_DiffAE_LoRA
2026-03-20 19:10:34,733 [INFO]   替換層 3 -> QuantModule_DiffAE_LoRA
2026-03-20 19:10:34,733 [INFO]   跳過量化 skip connection: skip_connection
2026-03-20 19:10:34,733 [INFO]   跳過量化 skip connection: skip_connection
2026-03-20 19:10:34,733 [INFO]   替換層 2 -> QuantModule_DiffAE_LoRA
2026-03-20 19:10:34,733 [INFO]   替換層 2 -> QuantModule_DiffAE_LoRA
2026-03-20 19:10:34,735 [INFO]   替換層 1 -> QuantModule_DiffAE_LoRA
2026-03-20 19:10:34,735 [INFO]   替換層 1 -> QuantModule_DiffAE_LoRA
2026-03-20 19:10:34,735 [INFO]   替換層 1 -> QuantModule_DiffAE_LoRA
2026-03-20 19:10:34,735 [INFO]   替換層 1 -> QuantModule_DiffAE_LoRA
2026-03-20 19:10:34,736 [INFO]   替換層 3 -> QuantModule_DiffAE_LoRA
2026-03-20 19:10:34,736 [INFO]   替換層 3 -> QuantModule_DiffAE_LoRA
2026-03-20 19:10:34,737 [INFO]   跳過量化 skip connection: skip_connection
2026-03-20 19:10:34,737 [INFO]   跳過量化 skip connection: skip_connection
2026-03-20 19:10:34,737 [INFO]   替換層 2 -> QuantModule_DiffAE_LoRA
2026-03-20 19:10:34,737 [INFO]   替換層 2 -> QuantModule_DiffAE_LoRA
2026-03-20 19:10:34,738 [INFO]   替換層 1 -> QuantModule_DiffAE_LoRA
2026-03-20 19:10:34,738 [INFO]   替換層 1 -> QuantModule_DiffAE_LoRA
2026-03-20 19:10:34,738 [INFO]   替換層 1 -> QuantModule_DiffAE_LoRA
2026-03-20 19:10:34,738 [INFO]   替換層 1 -> QuantModule_DiffAE_LoRA
2026-03-20 19:10:34,739 [INFO]   替換層 3 -> QuantModule_DiffAE_LoRA
2026-03-20 19:10:34,739 [INFO]   替換層 3 -> QuantModule_DiffAE_LoRA
2026-03-20 19:10:34,740 [INFO]   跳過量化 skip connection: skip_connection
2026-03-20 19:10:34,740 [INFO]   跳過量化 skip connection: skip_connection
2026-03-20 19:10:34,740 [INFO] 改造模組: out
2026-03-20 19:10:34,740 [INFO] 改造模組: out
2026-03-20 19:10:34,740 [INFO]   跳過量化特殊模組: 2
2026-03-20 19:10:34,740 [INFO]   跳過量化特殊模組: 2
2026-03-20 19:10:34,743 [INFO] 執行 'create_float_quantized_model' 完成，耗時: 0.41 秒
2026-03-20 19:10:34,743 [INFO] 執行 'create_float_quantized_model' 完成，耗時: 0.41 秒
2026-03-20 19:10:34,830 [INFO] 載入校準資料...
2026-03-20 19:10:34,830 [INFO] 載入校準資料...
2026-03-20 19:10:35,018 [INFO] ✅ 載入真實校準資料成功
2026-03-20 19:10:35,018 [INFO] ✅ 載入真實校準資料成功
2026-03-20 19:10:35,021 [INFO] ==================================================
2026-03-20 19:10:35,021 [INFO] ==================================================
2026-03-20 19:10:35,021 [INFO] 5. Setting first and last layers to 8-bit...
2026-03-20 19:10:35,021 [INFO] 5. Setting first and last layers to 8-bit...
2026-03-20 19:10:35,023 [INFO] 找到 144 個量化模組
2026-03-20 19:10:35,023 [INFO] 找到 144 個量化模組
2026-03-20 19:10:35,023 [INFO] ✅ 首尾層 8-bit 設定完成
2026-03-20 19:10:35,023 [INFO] ✅ 首尾層 8-bit 設定完成
2026-03-20 19:10:35,023 [INFO] ✅ 量化模型創建成功
2026-03-20 19:10:35,023 [INFO] ✅ 量化模型創建成功
2026-03-20 19:10:35,023 [INFO] set quant state to True, True for layer 1
2026-03-20 19:10:35,023 [INFO] set quant state to True, True for layer 1
2026-03-20 19:10:35,023 [INFO] set quant state to True, True for layer 2
2026-03-20 19:10:35,023 [INFO] set quant state to True, True for layer 2
2026-03-20 19:10:35,023 [INFO] set quant state to True, False for layer 3
2026-03-20 19:10:35,023 [INFO] set quant state to True, False for layer 3
2026-03-20 19:10:35,024 [INFO] set quant state to True, True for layer 144
2026-03-20 19:10:35,024 [INFO] set quant state to True, True for layer 144
2026-03-20 19:10:35,975 [INFO] EMA(load from ema_model.model.*): provided=1822 effective_loaded=1822 missing=280 unexpected=0
2026-03-20 19:10:35,975 [INFO] EMA(load from ema_model.model.*): provided=1822 effective_loaded=1822 missing=280 unexpected=0
2026-03-20 19:10:35,975 [WARNING] EMA missing keys (前10): ['model.input_blocks.1.0.in_layers.2.intn_dequantizer.delta', 'model.input_blocks.1.0.in_layers.2.intn_dequantizer.zero_point', 'model.input_blocks.1.0.emb_layers.1.intn_dequantizer.delta', 'model.input_blocks.1.0.emb_layers.1.intn_dequantizer.zero_point', 'model.input_blocks.1.0.cond_emb_layers.1.intn_dequantizer.delta', 'model.input_blocks.1.0.cond_emb_layers.1.intn_dequantizer.zero_point', 'model.input_blocks.1.0.out_layers.3.intn_dequantizer.delta', 'model.input_blocks.1.0.out_layers.3.intn_dequantizer.zero_point', 'model.input_blocks.2.0.in_layers.2.intn_dequantizer.delta', 'model.input_blocks.2.0.in_layers.2.intn_dequantizer.zero_point']
2026-03-20 19:10:35,975 [WARNING] EMA missing keys (前10): ['model.input_blocks.1.0.in_layers.2.intn_dequantizer.delta', 'model.input_blocks.1.0.in_layers.2.intn_dequantizer.zero_point', 'model.input_blocks.1.0.emb_layers.1.intn_dequantizer.delta', 'model.input_blocks.1.0.emb_layers.1.intn_dequantizer.zero_point', 'model.input_blocks.1.0.cond_emb_layers.1.intn_dequantizer.delta', 'model.input_blocks.1.0.cond_emb_layers.1.intn_dequantizer.zero_point', 'model.input_blocks.1.0.out_layers.3.intn_dequantizer.delta', 'model.input_blocks.1.0.out_layers.3.intn_dequantizer.zero_point', 'model.input_blocks.2.0.in_layers.2.intn_dequantizer.delta', 'model.input_blocks.2.0.in_layers.2.intn_dequantizer.zero_point']
2026-03-20 19:10:36,030 [INFO] MODEL(load from model.model.*): provided=1822 effective_loaded=1822 missing=280 unexpected=0
2026-03-20 19:10:36,030 [INFO] MODEL(load from model.model.*): provided=1822 effective_loaded=1822 missing=280 unexpected=0
2026-03-20 19:10:36,030 [INFO] ✅ 量化模型載入成功
2026-03-20 19:10:36,030 [INFO] ✅ 量化模型載入成功
2026-03-20 19:10:36,030 [INFO] === 初始化新功能模組 ===
2026-03-20 19:10:36,030 [INFO] === 初始化新功能模組 ===
2026-03-20 19:10:36,058 [INFO] ✅ 基礎模型設定完成
2026-03-20 19:10:36,058 [INFO] ✅ 基礎模型設定完成
2026-03-20 19:10:36,083 [INFO] ==================================================
2026-03-20 19:10:36,083 [INFO] ==================================================
2026-03-20 19:10:36,083 [INFO] 啟用 Similarity Analysis (L1/L2/Cosine)
2026-03-20 19:10:36,083 [INFO] 啟用 Similarity Analysis (L1/L2/Cosine)
2026-03-20 19:10:36,083 [INFO] FID 評估樣本數: 128
2026-03-20 19:10:36,083 [INFO] FID 評估樣本數: 128
2026-03-20 19:10:36,083 [INFO] 實際收集樣本數: 20 (用於加速)
2026-03-20 19:10:36,083 [INFO] 實際收集樣本數: 20 (用於加速)
2026-03-20 19:10:36,083 [INFO] 擴散步數: 100
2026-03-20 19:10:36,083 [INFO] 擴散步數: 100
2026-03-20 19:10:36,083 [INFO] ==================================================
2026-03-20 19:10:36,083 [INFO] ==================================================
2026-03-20 19:10:36,084 [INFO] [Similarity] 註冊 block hook: model.input_blocks.8
2026-03-20 19:10:36,084 [INFO] [Similarity] 註冊 block hook: model.input_blocks.8
2026-03-20 19:10:36,085 [INFO] [Similarity] 註冊 model step hook 完成
2026-03-20 19:10:36,085 [INFO] [Similarity] 註冊 model step hook 完成
Model params: 174.19 M
loading pretrain ... 130M
step: 1019986
loading latent stats ...
local seed: 0
train data: 70001
val data: 70001
on train dataloader start ...
mean: tensor(-0.0606, device='cuda:0') std: tensor(0.0755, device='cuda:0')
generating images:   0%|          | 0/4 [00:00<?, ?it/s]/home/jimmy/diffae/./diffusion/base.py:329: FutureWarning: `torch.cuda.amp.autocast(args...)` is deprecated. Please use `torch.amp.autocast('cuda', args...)` instead.
  with autocast(self.conf.fp16):
2026-03-20 19:10:54,367 [INFO] [Similarity] Batch 0 完成，已收集 20 個樣本
2026-03-20 19:10:54,367 [INFO] [Similarity] Batch 0 完成，已收集 20 個樣本
generating images:  25%|██▌       | 1/4 [00:18<00:55, 18.41s/it]2026-03-20 19:11:12,650 [INFO] [Similarity] Batch 1 完成，已收集 20 個樣本
2026-03-20 19:11:12,650 [INFO] [Similarity] Batch 1 完成，已收集 20 個樣本
generating images:  50%|█████     | 2/4 [00:36<00:36, 18.34s/it]2026-03-20 19:11:30,938 [INFO] [Similarity] Batch 2 完成，已收集 20 個樣本
2026-03-20 19:11:30,938 [INFO] [Similarity] Batch 2 完成，已收集 20 個樣本
generating images:  75%|███████▌  | 3/4 [00:54<00:18, 18.31s/it]2026-03-20 19:11:46,738 [INFO] [Similarity] 已收集 80 个样本，停止数据收集（目标: 80）
2026-03-20 19:11:46,738 [INFO] [Similarity] 已收集 80 个样本，停止数据收集（目标: 80）
2026-03-20 19:11:49,241 [INFO] [Similarity] Batch 3 完成，已收集 20 個樣本
2026-03-20 19:11:49,241 [INFO] [Similarity] Batch 3 完成，已收集 20 個樣本
generating images: 100%|██████████| 4/4 [01:13<00:00, 18.31s/it]generating images: 100%|██████████| 4/4 [01:13<00:00, 18.32s/it]
2026-03-20 19:11:49,369 [INFO] [Similarity] FID@128 100 steps score: 0
2026-03-20 19:11:49,369 [INFO] [Similarity] FID@128 100 steps score: 0
2026-03-20 19:11:49,370 [INFO] [Similarity] model.input_blocks.8 cosine: min=0.163165, max=1.000000, diag_mean=1.000000, off_diag_mean=0.801061, off_diag_std=0.187234
2026-03-20 19:11:49,370 [INFO] [Similarity] model.input_blocks.8 cosine: min=0.163165, max=1.000000, diag_mean=1.000000, off_diag_mean=0.801061, off_diag_std=0.187234
2026-03-20 19:11:50,435 [INFO] ✅ Similarity Analysis 完成
2026-03-20 19:11:50,435 [INFO] ✅ Similarity Analysis 完成
2026-03-20 19:11:50,483 [INFO] 執行 'main_float_model' 完成，耗時: 78.03 秒
2026-03-20 19:11:50,483 [INFO] 執行 'main_float_model' 完成，耗時: 78.03 秒
