/home/jimmy/anaconda3/envs/diffae_bw/lib/python3.10/site-packages/lightning_fabric/__init__.py:41: pkg_resources is deprecated as an API. See https://setuptools.pypa.io/en/latest/pkg_resources.html. The pkg_resources package is slated for removal as early as 2025-11-30. Refrain from using this package or pin to Setuptools<81.
使用自動混合精度: torch.bfloat16
[設定] Log 檔案已設為: QATcode/cache_method/L1_L2_cosine/logs/similarity_model_output_blocks_13.log
2026-01-26 12:34:48,013 [INFO] Using 100 steps
2026-01-26 12:34:48,014 [INFO] Using 50000 evaluation samples
2026-01-26 12:34:48,014 [INFO] Cache enabled: False, method: Res, threshold: 0.1
2026-01-26 12:34:48,014 [INFO] Quantitative analysis enabled: False, samples: 10
2026-01-26 12:34:48,013 [INFO] Using 100 steps
2026-01-26 12:34:48,014 [INFO] Using 50000 evaluation samples
2026-01-26 12:34:48,014 [INFO] Cache enabled: False, method: Res, threshold: 0.1
2026-01-26 12:34:48,014 [INFO] Quantitative analysis enabled: False, samples: 10
2026-01-26 12:34:48,014 [INFO] Log file: QATcode/cache_method/L1_L2_cosine/logs/similarity_model_output_blocks_13.log
2026-01-26 12:34:48,014 [INFO] Log file: QATcode/cache_method/L1_L2_cosine/logs/similarity_model_output_blocks_13.log
2026-01-26 12:34:48,014 [INFO] ==================================================
2026-01-26 12:34:48,014 [INFO] Diff-AE EfficientDM Step 7 : 生成圖片
2026-01-26 12:34:48,014 [INFO] ==================================================
2026-01-26 12:34:48,014 [INFO] Diff-AE EfficientDM Step 7 : 生成圖片
2026-01-26 12:34:48,014 [INFO] ==================================================
2026-01-26 12:34:48,014 [INFO] ==================================================
2026-01-26 12:34:48,014 [INFO] 使用設備: cuda
2026-01-26 12:34:48,014 [INFO] 使用設備: cuda
2026-01-26 12:34:48,014 [INFO] === 新功能狀態 ===
2026-01-26 12:34:48,014 [INFO] === 新功能狀態 ===
2026-01-26 12:34:48,014 [INFO] 載入 Diff-AE 模型: checkpoints/ffhq128_autoenc_latent/last.ckpt
2026-01-26 12:34:48,014 [INFO] 載入 Diff-AE 模型: checkpoints/ffhq128_autoenc_latent/last.ckpt
Seed set to 0
Model params: 174.19 M
loading pretrain ... 130M
step: 1019986
loading latent stats ...
2026-01-26 12:34:50,799 [INFO] Diff-AE 模型載入完成
2026-01-26 12:34:50,799 [INFO] Diff-AE 模型載入完成
2026-01-26 12:34:50,843 [INFO] 執行 'load_diffae_model' 完成，耗時: 2.83 秒
2026-01-26 12:34:50,843 [INFO] ✅ Diff-AE 模型載入成功
2026-01-26 12:34:50,843 [INFO] base_model.conf.train_mode: TrainMode.latent_diffusion
2026-01-26 12:34:50,843 [INFO] === 創建 LoRA 量化模型 ===
2026-01-26 12:34:50,843 [INFO] === 開始 UNet LoRA 量化改造 ===
2026-01-26 12:34:50,843 [INFO] 執行 'load_diffae_model' 完成，耗時: 2.83 秒
2026-01-26 12:34:50,843 [INFO] ✅ Diff-AE 模型載入成功
2026-01-26 12:34:50,843 [INFO] base_model.conf.train_mode: TrainMode.latent_diffusion
2026-01-26 12:34:50,843 [INFO] === 創建 LoRA 量化模型 ===
2026-01-26 12:34:50,843 [INFO] === 開始 UNet LoRA 量化改造 ===
2026-01-26 12:34:50,843 [INFO] 改造模組: time_embed
2026-01-26 12:34:50,843 [INFO]   跳過量化特殊模組: 0
2026-01-26 12:34:50,843 [INFO] 改造模組: time_embed
2026-01-26 12:34:50,843 [INFO]   跳過量化特殊模組: 0
2026-01-26 12:34:50,845 [INFO]   跳過量化特殊模組: 2
2026-01-26 12:34:50,845 [INFO] 改造模組: input_blocks
2026-01-26 12:34:50,845 [INFO]   跳過量化特殊模組: 0
2026-01-26 12:34:50,846 [INFO]   替換層 2 -> QuantModule_DiffAE_LoRA
2026-01-26 12:34:50,845 [INFO]   跳過量化特殊模組: 2
2026-01-26 12:34:50,845 [INFO] 改造模組: input_blocks
2026-01-26 12:34:50,845 [INFO]   跳過量化特殊模組: 0
2026-01-26 12:34:50,846 [INFO]   替換層 2 -> QuantModule_DiffAE_LoRA
2026-01-26 12:34:50,920 [INFO]   替換層 1 -> QuantModule_DiffAE_LoRA
2026-01-26 12:34:50,920 [INFO]   替換層 1 -> QuantModule_DiffAE_LoRA
2026-01-26 12:34:50,927 [INFO]   替換層 1 -> QuantModule_DiffAE_LoRA
2026-01-26 12:34:50,927 [INFO]   替換層 1 -> QuantModule_DiffAE_LoRA
2026-01-26 12:34:50,930 [INFO]   替換層 3 -> QuantModule_DiffAE_LoRA
2026-01-26 12:34:50,930 [INFO]   替換層 3 -> QuantModule_DiffAE_LoRA
2026-01-26 12:34:50,936 [INFO]   替換層 2 -> QuantModule_DiffAE_LoRA
2026-01-26 12:34:50,936 [INFO]   替換層 2 -> QuantModule_DiffAE_LoRA
2026-01-26 12:34:50,937 [INFO]   替換層 1 -> QuantModule_DiffAE_LoRA
2026-01-26 12:34:50,937 [INFO]   替換層 1 -> QuantModule_DiffAE_LoRA
2026-01-26 12:34:50,937 [INFO]   替換層 1 -> QuantModule_DiffAE_LoRA
2026-01-26 12:34:50,937 [INFO]   替換層 1 -> QuantModule_DiffAE_LoRA
2026-01-26 12:34:50,938 [INFO]   替換層 3 -> QuantModule_DiffAE_LoRA
2026-01-26 12:34:50,938 [INFO]   替換層 3 -> QuantModule_DiffAE_LoRA
2026-01-26 12:34:50,938 [INFO]   替換層 2 -> QuantModule_DiffAE_LoRA
2026-01-26 12:34:50,938 [INFO]   替換層 2 -> QuantModule_DiffAE_LoRA
2026-01-26 12:34:50,939 [INFO]   替換層 1 -> QuantModule_DiffAE_LoRA
2026-01-26 12:34:50,939 [INFO]   替換層 1 -> QuantModule_DiffAE_LoRA
2026-01-26 12:34:50,940 [INFO]   替換層 1 -> QuantModule_DiffAE_LoRA
2026-01-26 12:34:50,940 [INFO]   替換層 1 -> QuantModule_DiffAE_LoRA
2026-01-26 12:34:50,940 [INFO]   替換層 3 -> QuantModule_DiffAE_LoRA
2026-01-26 12:34:50,940 [INFO]   替換層 3 -> QuantModule_DiffAE_LoRA
2026-01-26 12:34:50,941 [INFO]   替換層 2 -> QuantModule_DiffAE_LoRA
2026-01-26 12:34:50,941 [INFO]   替換層 2 -> QuantModule_DiffAE_LoRA
2026-01-26 12:34:50,941 [INFO]   替換層 1 -> QuantModule_DiffAE_LoRA
2026-01-26 12:34:50,941 [INFO]   替換層 1 -> QuantModule_DiffAE_LoRA
2026-01-26 12:34:50,942 [INFO]   替換層 1 -> QuantModule_DiffAE_LoRA
2026-01-26 12:34:50,942 [INFO]   替換層 1 -> QuantModule_DiffAE_LoRA
2026-01-26 12:34:50,942 [INFO]   替換層 3 -> QuantModule_DiffAE_LoRA
2026-01-26 12:34:50,942 [INFO]   替換層 3 -> QuantModule_DiffAE_LoRA
2026-01-26 12:34:50,943 [INFO]   替換層 2 -> QuantModule_DiffAE_LoRA
2026-01-26 12:34:50,943 [INFO]   替換層 2 -> QuantModule_DiffAE_LoRA
2026-01-26 12:34:50,944 [INFO]   替換層 1 -> QuantModule_DiffAE_LoRA
2026-01-26 12:34:50,944 [INFO]   替換層 1 -> QuantModule_DiffAE_LoRA
2026-01-26 12:34:50,944 [INFO]   替換層 1 -> QuantModule_DiffAE_LoRA
2026-01-26 12:34:50,944 [INFO]   替換層 1 -> QuantModule_DiffAE_LoRA
2026-01-26 12:34:50,945 [INFO]   替換層 3 -> QuantModule_DiffAE_LoRA
2026-01-26 12:34:50,945 [INFO]   替換層 3 -> QuantModule_DiffAE_LoRA
2026-01-26 12:34:50,946 [INFO]   替換層 2 -> QuantModule_DiffAE_LoRA
2026-01-26 12:34:50,946 [INFO]   替換層 2 -> QuantModule_DiffAE_LoRA
2026-01-26 12:34:50,947 [INFO]   替換層 1 -> QuantModule_DiffAE_LoRA
2026-01-26 12:34:50,947 [INFO]   替換層 1 -> QuantModule_DiffAE_LoRA
2026-01-26 12:34:50,947 [INFO]   替換層 1 -> QuantModule_DiffAE_LoRA
2026-01-26 12:34:50,947 [INFO]   替換層 1 -> QuantModule_DiffAE_LoRA
2026-01-26 12:34:50,948 [INFO]   替換層 3 -> QuantModule_DiffAE_LoRA
2026-01-26 12:34:50,948 [INFO]   替換層 3 -> QuantModule_DiffAE_LoRA
2026-01-26 12:34:50,948 [INFO]   替換層 2 -> QuantModule_DiffAE_LoRA
2026-01-26 12:34:50,948 [INFO]   替換層 2 -> QuantModule_DiffAE_LoRA
2026-01-26 12:34:50,949 [INFO]   替換層 1 -> QuantModule_DiffAE_LoRA
2026-01-26 12:34:50,949 [INFO]   替換層 1 -> QuantModule_DiffAE_LoRA
2026-01-26 12:34:50,950 [INFO]   替換層 1 -> QuantModule_DiffAE_LoRA
2026-01-26 12:34:50,950 [INFO]   替換層 1 -> QuantModule_DiffAE_LoRA
2026-01-26 12:34:50,951 [INFO]   替換層 3 -> QuantModule_DiffAE_LoRA
2026-01-26 12:34:50,951 [INFO]   替換層 3 -> QuantModule_DiffAE_LoRA
2026-01-26 12:34:50,952 [INFO]   跳過量化 skip connection: skip_connection
2026-01-26 12:34:50,952 [INFO]   跳過量化 skip connection: skip_connection
2026-01-26 12:34:50,952 [INFO]   替換層 2 -> QuantModule_DiffAE_LoRA
2026-01-26 12:34:50,952 [INFO]   替換層 2 -> QuantModule_DiffAE_LoRA
2026-01-26 12:34:50,954 [INFO]   替換層 1 -> QuantModule_DiffAE_LoRA
2026-01-26 12:34:50,954 [INFO]   替換層 1 -> QuantModule_DiffAE_LoRA
2026-01-26 12:34:50,955 [INFO]   替換層 1 -> QuantModule_DiffAE_LoRA
2026-01-26 12:34:50,955 [INFO]   替換層 1 -> QuantModule_DiffAE_LoRA
2026-01-26 12:34:50,955 [INFO]   替換層 3 -> QuantModule_DiffAE_LoRA
2026-01-26 12:34:50,955 [INFO]   替換層 3 -> QuantModule_DiffAE_LoRA
2026-01-26 12:34:50,957 [INFO]   替換層 2 -> QuantModule_DiffAE_LoRA
2026-01-26 12:34:50,957 [INFO]   替換層 2 -> QuantModule_DiffAE_LoRA
2026-01-26 12:34:50,959 [INFO]   替換層 1 -> QuantModule_DiffAE_LoRA
2026-01-26 12:34:50,959 [INFO]   替換層 1 -> QuantModule_DiffAE_LoRA
2026-01-26 12:34:50,959 [INFO]   替換層 1 -> QuantModule_DiffAE_LoRA
2026-01-26 12:34:50,959 [INFO]   替換層 1 -> QuantModule_DiffAE_LoRA
2026-01-26 12:34:50,960 [INFO]   替換層 3 -> QuantModule_DiffAE_LoRA
2026-01-26 12:34:50,960 [INFO]   替換層 3 -> QuantModule_DiffAE_LoRA
2026-01-26 12:34:50,962 [INFO]   替換層 2 -> QuantModule_DiffAE_LoRA
2026-01-26 12:34:50,962 [INFO]   替換層 2 -> QuantModule_DiffAE_LoRA
2026-01-26 12:34:50,965 [INFO]   替換層 1 -> QuantModule_DiffAE_LoRA
2026-01-26 12:34:50,965 [INFO]   替換層 1 -> QuantModule_DiffAE_LoRA
2026-01-26 12:34:50,966 [INFO]   替換層 1 -> QuantModule_DiffAE_LoRA
2026-01-26 12:34:50,966 [INFO]   替換層 1 -> QuantModule_DiffAE_LoRA
2026-01-26 12:34:50,966 [INFO]   替換層 3 -> QuantModule_DiffAE_LoRA
2026-01-26 12:34:50,966 [INFO]   替換層 3 -> QuantModule_DiffAE_LoRA
2026-01-26 12:34:50,970 [INFO]   跳過量化 skip connection: skip_connection
2026-01-26 12:34:50,970 [INFO]   跳過量化 skip connection: skip_connection
2026-01-26 12:34:50,970 [INFO]   替換層 2 -> QuantModule_DiffAE_LoRA
2026-01-26 12:34:50,970 [INFO]   替換層 2 -> QuantModule_DiffAE_LoRA
2026-01-26 12:34:50,978 [INFO]   替換層 1 -> QuantModule_DiffAE_LoRA
2026-01-26 12:34:50,978 [INFO]   替換層 1 -> QuantModule_DiffAE_LoRA
2026-01-26 12:34:50,982 [INFO]   替換層 1 -> QuantModule_DiffAE_LoRA
2026-01-26 12:34:50,988 [INFO]   替換層 3 -> QuantModule_DiffAE_LoRA
2026-01-26 12:34:50,982 [INFO]   替換層 1 -> QuantModule_DiffAE_LoRA
2026-01-26 12:34:50,988 [INFO]   替換層 3 -> QuantModule_DiffAE_LoRA
2026-01-26 12:34:50,998 [INFO]   替換層 2 -> QuantModule_DiffAE_LoRA
2026-01-26 12:34:50,998 [INFO]   替換層 2 -> QuantModule_DiffAE_LoRA
2026-01-26 12:34:51,006 [INFO]   替換層 1 -> QuantModule_DiffAE_LoRA
2026-01-26 12:34:51,006 [INFO]   替換層 1 -> QuantModule_DiffAE_LoRA
2026-01-26 12:34:51,012 [INFO]   替換層 1 -> QuantModule_DiffAE_LoRA
2026-01-26 12:34:51,012 [INFO]   替換層 1 -> QuantModule_DiffAE_LoRA
2026-01-26 12:34:51,016 [INFO]   替換層 3 -> QuantModule_DiffAE_LoRA
2026-01-26 12:34:51,016 [INFO]   替換層 3 -> QuantModule_DiffAE_LoRA
2026-01-26 12:34:51,025 [INFO]   替換層 2 -> QuantModule_DiffAE_LoRA
2026-01-26 12:34:51,025 [INFO]   替換層 2 -> QuantModule_DiffAE_LoRA
2026-01-26 12:34:51,032 [INFO]   替換層 1 -> QuantModule_DiffAE_LoRA
2026-01-26 12:34:51,032 [INFO]   替換層 1 -> QuantModule_DiffAE_LoRA
2026-01-26 12:34:51,036 [INFO]   替換層 1 -> QuantModule_DiffAE_LoRA
2026-01-26 12:34:51,036 [INFO]   替換層 1 -> QuantModule_DiffAE_LoRA
2026-01-26 12:34:51,042 [INFO]   替換層 3 -> QuantModule_DiffAE_LoRA
2026-01-26 12:34:51,042 [INFO]   替換層 3 -> QuantModule_DiffAE_LoRA
2026-01-26 12:34:51,053 [INFO]   跳過量化 skip connection: skip_connection
2026-01-26 12:34:51,053 [INFO]   替換層 2 -> QuantModule_DiffAE_LoRA
2026-01-26 12:34:51,053 [INFO]   跳過量化 skip connection: skip_connection
2026-01-26 12:34:51,053 [INFO]   替換層 2 -> QuantModule_DiffAE_LoRA
2026-01-26 12:34:51,066 [INFO]   替換層 1 -> QuantModule_DiffAE_LoRA
2026-01-26 12:34:51,066 [INFO]   替換層 1 -> QuantModule_DiffAE_LoRA
2026-01-26 12:34:51,071 [INFO]   替換層 1 -> QuantModule_DiffAE_LoRA
2026-01-26 12:34:51,071 [INFO]   替換層 1 -> QuantModule_DiffAE_LoRA
2026-01-26 12:34:51,076 [INFO]   替換層 3 -> QuantModule_DiffAE_LoRA
2026-01-26 12:34:51,076 [INFO]   替換層 3 -> QuantModule_DiffAE_LoRA
2026-01-26 12:34:51,088 [INFO] 改造模組: middle_block
2026-01-26 12:34:51,089 [INFO]   替換層 2 -> QuantModule_DiffAE_LoRA
2026-01-26 12:34:51,088 [INFO] 改造模組: middle_block
2026-01-26 12:34:51,089 [INFO]   替換層 2 -> QuantModule_DiffAE_LoRA
2026-01-26 12:34:51,101 [INFO]   替換層 1 -> QuantModule_DiffAE_LoRA
2026-01-26 12:34:51,101 [INFO]   替換層 1 -> QuantModule_DiffAE_LoRA
2026-01-26 12:34:51,107 [INFO]   替換層 1 -> QuantModule_DiffAE_LoRA
2026-01-26 12:34:51,107 [INFO]   替換層 1 -> QuantModule_DiffAE_LoRA
2026-01-26 12:34:51,111 [INFO]   替換層 3 -> QuantModule_DiffAE_LoRA
2026-01-26 12:34:51,111 [INFO]   替換層 3 -> QuantModule_DiffAE_LoRA
2026-01-26 12:34:51,124 [INFO]   替換層 2 -> QuantModule_DiffAE_LoRA
2026-01-26 12:34:51,124 [INFO]   替換層 2 -> QuantModule_DiffAE_LoRA
2026-01-26 12:34:51,133 [INFO]   替換層 1 -> QuantModule_DiffAE_LoRA
2026-01-26 12:34:51,133 [INFO]   替換層 1 -> QuantModule_DiffAE_LoRA
2026-01-26 12:34:51,139 [INFO]   替換層 1 -> QuantModule_DiffAE_LoRA
2026-01-26 12:34:51,139 [INFO]   替換層 1 -> QuantModule_DiffAE_LoRA
2026-01-26 12:34:51,142 [INFO]   替換層 3 -> QuantModule_DiffAE_LoRA
2026-01-26 12:34:51,142 [INFO]   替換層 3 -> QuantModule_DiffAE_LoRA
2026-01-26 12:34:51,154 [INFO] 改造模組: output_blocks
2026-01-26 12:34:51,154 [INFO] 改造模組: output_blocks
2026-01-26 12:34:51,154 [INFO]   替換層 2 -> QuantModule_DiffAE_LoRA
2026-01-26 12:34:51,154 [INFO]   替換層 2 -> QuantModule_DiffAE_LoRA
2026-01-26 12:34:51,173 [INFO]   替換層 1 -> QuantModule_DiffAE_LoRA
2026-01-26 12:34:51,173 [INFO]   替換層 1 -> QuantModule_DiffAE_LoRA
2026-01-26 12:34:51,181 [INFO]   替換層 1 -> QuantModule_DiffAE_LoRA
2026-01-26 12:34:51,181 [INFO]   替換層 1 -> QuantModule_DiffAE_LoRA
2026-01-26 12:34:51,188 [INFO]   替換層 3 -> QuantModule_DiffAE_LoRA
2026-01-26 12:34:51,188 [INFO]   替換層 3 -> QuantModule_DiffAE_LoRA
2026-01-26 12:34:51,200 [INFO]   跳過量化 skip connection: skip_connection
2026-01-26 12:34:51,200 [INFO]   跳過量化 skip connection: skip_connection
2026-01-26 12:34:51,200 [INFO]   替換層 2 -> QuantModule_DiffAE_LoRA
2026-01-26 12:34:51,200 [INFO]   替換層 2 -> QuantModule_DiffAE_LoRA
2026-01-26 12:34:51,216 [INFO]   替換層 1 -> QuantModule_DiffAE_LoRA
2026-01-26 12:34:51,216 [INFO]   替換層 1 -> QuantModule_DiffAE_LoRA
2026-01-26 12:34:51,220 [INFO]   替換層 1 -> QuantModule_DiffAE_LoRA
2026-01-26 12:34:51,220 [INFO]   替換層 1 -> QuantModule_DiffAE_LoRA
2026-01-26 12:34:51,224 [INFO]   替換層 3 -> QuantModule_DiffAE_LoRA
2026-01-26 12:34:51,224 [INFO]   替換層 3 -> QuantModule_DiffAE_LoRA
2026-01-26 12:34:51,234 [INFO]   跳過量化 skip connection: skip_connection
2026-01-26 12:34:51,234 [INFO]   替換層 2 -> QuantModule_DiffAE_LoRA
2026-01-26 12:34:51,234 [INFO]   跳過量化 skip connection: skip_connection
2026-01-26 12:34:51,234 [INFO]   替換層 2 -> QuantModule_DiffAE_LoRA
2026-01-26 12:34:51,246 [INFO]   替換層 1 -> QuantModule_DiffAE_LoRA
2026-01-26 12:34:51,248 [INFO]   替換層 1 -> QuantModule_DiffAE_LoRA
2026-01-26 12:34:51,248 [INFO]   替換層 3 -> QuantModule_DiffAE_LoRA
2026-01-26 12:34:51,246 [INFO]   替換層 1 -> QuantModule_DiffAE_LoRA
2026-01-26 12:34:51,248 [INFO]   替換層 1 -> QuantModule_DiffAE_LoRA
2026-01-26 12:34:51,248 [INFO]   替換層 3 -> QuantModule_DiffAE_LoRA
2026-01-26 12:34:51,255 [INFO]   跳過量化 skip connection: skip_connection
2026-01-26 12:34:51,255 [INFO]   跳過量化 skip connection: skip_connection
2026-01-26 12:34:51,255 [INFO]   替換層 2 -> QuantModule_DiffAE_LoRA
2026-01-26 12:34:51,255 [INFO]   替換層 2 -> QuantModule_DiffAE_LoRA
2026-01-26 12:34:51,268 [INFO]   替換層 1 -> QuantModule_DiffAE_LoRA
2026-01-26 12:34:51,268 [INFO]   替換層 1 -> QuantModule_DiffAE_LoRA
2026-01-26 12:34:51,274 [INFO]   替換層 1 -> QuantModule_DiffAE_LoRA
2026-01-26 12:34:51,274 [INFO]   替換層 1 -> QuantModule_DiffAE_LoRA
2026-01-26 12:34:51,278 [INFO]   替換層 3 -> QuantModule_DiffAE_LoRA
2026-01-26 12:34:51,278 [INFO]   替換層 3 -> QuantModule_DiffAE_LoRA
2026-01-26 12:34:51,293 [INFO]   替換層 2 -> QuantModule_DiffAE_LoRA
2026-01-26 12:34:51,293 [INFO]   替換層 2 -> QuantModule_DiffAE_LoRA
2026-01-26 12:34:51,304 [INFO]   替換層 1 -> QuantModule_DiffAE_LoRA
2026-01-26 12:34:51,304 [INFO]   替換層 1 -> QuantModule_DiffAE_LoRA
2026-01-26 12:34:51,309 [INFO]   替換層 1 -> QuantModule_DiffAE_LoRA
2026-01-26 12:34:51,309 [INFO]   替換層 1 -> QuantModule_DiffAE_LoRA
2026-01-26 12:34:51,314 [INFO]   替換層 3 -> QuantModule_DiffAE_LoRA
2026-01-26 12:34:51,314 [INFO]   替換層 3 -> QuantModule_DiffAE_LoRA
2026-01-26 12:34:51,318 [INFO]   跳過量化 skip connection: skip_connection
2026-01-26 12:34:51,318 [INFO]   跳過量化 skip connection: skip_connection
2026-01-26 12:34:51,318 [INFO]   替換層 2 -> QuantModule_DiffAE_LoRA
2026-01-26 12:34:51,318 [INFO]   替換層 2 -> QuantModule_DiffAE_LoRA
2026-01-26 12:34:51,329 [INFO]   替換層 1 -> QuantModule_DiffAE_LoRA
2026-01-26 12:34:51,329 [INFO]   替換層 1 -> QuantModule_DiffAE_LoRA
2026-01-26 12:34:51,335 [INFO]   替換層 1 -> QuantModule_DiffAE_LoRA
2026-01-26 12:34:51,335 [INFO]   替換層 1 -> QuantModule_DiffAE_LoRA
2026-01-26 12:34:51,339 [INFO]   替換層 3 -> QuantModule_DiffAE_LoRA
2026-01-26 12:34:51,339 [INFO]   替換層 3 -> QuantModule_DiffAE_LoRA
2026-01-26 12:34:51,346 [INFO]   跳過量化 skip connection: skip_connection
2026-01-26 12:34:51,346 [INFO]   跳過量化 skip connection: skip_connection
2026-01-26 12:34:51,348 [INFO]   替換層 2 -> QuantModule_DiffAE_LoRA
2026-01-26 12:34:51,348 [INFO]   替換層 2 -> QuantModule_DiffAE_LoRA
2026-01-26 12:34:51,357 [INFO]   替換層 1 -> QuantModule_DiffAE_LoRA
2026-01-26 12:34:51,357 [INFO]   替換層 1 -> QuantModule_DiffAE_LoRA
2026-01-26 12:34:51,362 [INFO]   替換層 1 -> QuantModule_DiffAE_LoRA
2026-01-26 12:34:51,362 [INFO]   替換層 1 -> QuantModule_DiffAE_LoRA
2026-01-26 12:34:51,370 [INFO]   替換層 3 -> QuantModule_DiffAE_LoRA
2026-01-26 12:34:51,370 [INFO]   替換層 3 -> QuantModule_DiffAE_LoRA
2026-01-26 12:34:51,380 [INFO]   跳過量化 skip connection: skip_connection
2026-01-26 12:34:51,380 [INFO]   跳過量化 skip connection: skip_connection
2026-01-26 12:34:51,380 [INFO]   替換層 2 -> QuantModule_DiffAE_LoRA
2026-01-26 12:34:51,380 [INFO]   替換層 2 -> QuantModule_DiffAE_LoRA
2026-01-26 12:34:51,390 [INFO]   替換層 1 -> QuantModule_DiffAE_LoRA
2026-01-26 12:34:51,390 [INFO]   替換層 1 -> QuantModule_DiffAE_LoRA
2026-01-26 12:34:51,398 [INFO]   替換層 1 -> QuantModule_DiffAE_LoRA
2026-01-26 12:34:51,398 [INFO]   替換層 1 -> QuantModule_DiffAE_LoRA
2026-01-26 12:34:51,399 [INFO]   替換層 3 -> QuantModule_DiffAE_LoRA
2026-01-26 12:34:51,399 [INFO]   替換層 3 -> QuantModule_DiffAE_LoRA
2026-01-26 12:34:51,409 [INFO]   替換層 2 -> QuantModule_DiffAE_LoRA
2026-01-26 12:34:51,409 [INFO]   替換層 2 -> QuantModule_DiffAE_LoRA
2026-01-26 12:34:51,416 [INFO]   替換層 1 -> QuantModule_DiffAE_LoRA
2026-01-26 12:34:51,416 [INFO]   替換層 1 -> QuantModule_DiffAE_LoRA
2026-01-26 12:34:51,420 [INFO]   替換層 1 -> QuantModule_DiffAE_LoRA
2026-01-26 12:34:51,420 [INFO]   替換層 1 -> QuantModule_DiffAE_LoRA
2026-01-26 12:34:51,426 [INFO]   替換層 3 -> QuantModule_DiffAE_LoRA
2026-01-26 12:34:51,426 [INFO]   替換層 3 -> QuantModule_DiffAE_LoRA
2026-01-26 12:34:51,432 [INFO]   跳過量化 skip connection: skip_connection
2026-01-26 12:34:51,432 [INFO]   跳過量化 skip connection: skip_connection
2026-01-26 12:34:51,432 [INFO]   替換層 2 -> QuantModule_DiffAE_LoRA
2026-01-26 12:34:51,432 [INFO]   替換層 2 -> QuantModule_DiffAE_LoRA
2026-01-26 12:34:51,436 [INFO]   替換層 1 -> QuantModule_DiffAE_LoRA
2026-01-26 12:34:51,436 [INFO]   替換層 1 -> QuantModule_DiffAE_LoRA
2026-01-26 12:34:51,437 [INFO]   替換層 1 -> QuantModule_DiffAE_LoRA
2026-01-26 12:34:51,437 [INFO]   替換層 1 -> QuantModule_DiffAE_LoRA
2026-01-26 12:34:51,438 [INFO]   替換層 3 -> QuantModule_DiffAE_LoRA
2026-01-26 12:34:51,438 [INFO]   替換層 3 -> QuantModule_DiffAE_LoRA
2026-01-26 12:34:51,439 [INFO]   跳過量化 skip connection: skip_connection
2026-01-26 12:34:51,439 [INFO]   跳過量化 skip connection: skip_connection
2026-01-26 12:34:51,439 [INFO]   替換層 2 -> QuantModule_DiffAE_LoRA
2026-01-26 12:34:51,439 [INFO]   替換層 2 -> QuantModule_DiffAE_LoRA
2026-01-26 12:34:51,442 [INFO]   替換層 1 -> QuantModule_DiffAE_LoRA
2026-01-26 12:34:51,442 [INFO]   替換層 1 -> QuantModule_DiffAE_LoRA
2026-01-26 12:34:51,443 [INFO]   替換層 1 -> QuantModule_DiffAE_LoRA
2026-01-26 12:34:51,443 [INFO]   替換層 1 -> QuantModule_DiffAE_LoRA
2026-01-26 12:34:51,443 [INFO]   替換層 3 -> QuantModule_DiffAE_LoRA
2026-01-26 12:34:51,443 [INFO]   替換層 3 -> QuantModule_DiffAE_LoRA
2026-01-26 12:34:51,445 [INFO]   跳過量化 skip connection: skip_connection
2026-01-26 12:34:51,445 [INFO]   跳過量化 skip connection: skip_connection
2026-01-26 12:34:51,445 [INFO]   替換層 2 -> QuantModule_DiffAE_LoRA
2026-01-26 12:34:51,445 [INFO]   替換層 2 -> QuantModule_DiffAE_LoRA
2026-01-26 12:34:51,447 [INFO]   替換層 1 -> QuantModule_DiffAE_LoRA
2026-01-26 12:34:51,447 [INFO]   替換層 1 -> QuantModule_DiffAE_LoRA
2026-01-26 12:34:51,448 [INFO]   替換層 1 -> QuantModule_DiffAE_LoRA
2026-01-26 12:34:51,448 [INFO]   替換層 1 -> QuantModule_DiffAE_LoRA
2026-01-26 12:34:51,449 [INFO]   替換層 3 -> QuantModule_DiffAE_LoRA
2026-01-26 12:34:51,449 [INFO]   替換層 3 -> QuantModule_DiffAE_LoRA
2026-01-26 12:34:51,450 [INFO]   替換層 2 -> QuantModule_DiffAE_LoRA
2026-01-26 12:34:51,450 [INFO]   替換層 2 -> QuantModule_DiffAE_LoRA
2026-01-26 12:34:51,452 [INFO]   替換層 1 -> QuantModule_DiffAE_LoRA
2026-01-26 12:34:51,452 [INFO]   替換層 1 -> QuantModule_DiffAE_LoRA
2026-01-26 12:34:51,452 [INFO]   替換層 1 -> QuantModule_DiffAE_LoRA
2026-01-26 12:34:51,452 [INFO]   替換層 1 -> QuantModule_DiffAE_LoRA
2026-01-26 12:34:51,453 [INFO]   替換層 3 -> QuantModule_DiffAE_LoRA
2026-01-26 12:34:51,453 [INFO]   替換層 3 -> QuantModule_DiffAE_LoRA
2026-01-26 12:34:51,453 [INFO]   跳過量化 skip connection: skip_connection
2026-01-26 12:34:51,453 [INFO]   跳過量化 skip connection: skip_connection
2026-01-26 12:34:51,453 [INFO]   替換層 2 -> QuantModule_DiffAE_LoRA
2026-01-26 12:34:51,453 [INFO]   替換層 2 -> QuantModule_DiffAE_LoRA
2026-01-26 12:34:51,454 [INFO]   替換層 1 -> QuantModule_DiffAE_LoRA
2026-01-26 12:34:51,454 [INFO]   替換層 1 -> QuantModule_DiffAE_LoRA
2026-01-26 12:34:51,455 [INFO]   替換層 1 -> QuantModule_DiffAE_LoRA
2026-01-26 12:34:51,455 [INFO]   替換層 1 -> QuantModule_DiffAE_LoRA
2026-01-26 12:34:51,455 [INFO]   替換層 3 -> QuantModule_DiffAE_LoRA
2026-01-26 12:34:51,455 [INFO]   替換層 3 -> QuantModule_DiffAE_LoRA
2026-01-26 12:34:51,456 [INFO]   跳過量化 skip connection: skip_connection
2026-01-26 12:34:51,456 [INFO]   跳過量化 skip connection: skip_connection
2026-01-26 12:34:51,456 [INFO]   替換層 2 -> QuantModule_DiffAE_LoRA
2026-01-26 12:34:51,456 [INFO]   替換層 2 -> QuantModule_DiffAE_LoRA
2026-01-26 12:34:51,457 [INFO]   替換層 1 -> QuantModule_DiffAE_LoRA
2026-01-26 12:34:51,457 [INFO]   替換層 1 -> QuantModule_DiffAE_LoRA
2026-01-26 12:34:51,458 [INFO]   替換層 1 -> QuantModule_DiffAE_LoRA
2026-01-26 12:34:51,458 [INFO]   替換層 1 -> QuantModule_DiffAE_LoRA
2026-01-26 12:34:51,458 [INFO]   替換層 3 -> QuantModule_DiffAE_LoRA
2026-01-26 12:34:51,458 [INFO]   替換層 3 -> QuantModule_DiffAE_LoRA
2026-01-26 12:34:51,459 [INFO]   跳過量化 skip connection: skip_connection
2026-01-26 12:34:51,459 [INFO]   跳過量化 skip connection: skip_connection
2026-01-26 12:34:51,459 [INFO]   替換層 2 -> QuantModule_DiffAE_LoRA
2026-01-26 12:34:51,459 [INFO]   替換層 2 -> QuantModule_DiffAE_LoRA
2026-01-26 12:34:51,461 [INFO]   替換層 1 -> QuantModule_DiffAE_LoRA
2026-01-26 12:34:51,461 [INFO]   替換層 1 -> QuantModule_DiffAE_LoRA
2026-01-26 12:34:51,461 [INFO]   替換層 1 -> QuantModule_DiffAE_LoRA
2026-01-26 12:34:51,461 [INFO]   替換層 1 -> QuantModule_DiffAE_LoRA
2026-01-26 12:34:51,461 [INFO]   替換層 3 -> QuantModule_DiffAE_LoRA
2026-01-26 12:34:51,461 [INFO]   替換層 3 -> QuantModule_DiffAE_LoRA
2026-01-26 12:34:51,463 [INFO]   替換層 2 -> QuantModule_DiffAE_LoRA
2026-01-26 12:34:51,463 [INFO]   替換層 2 -> QuantModule_DiffAE_LoRA
2026-01-26 12:34:51,464 [INFO]   替換層 1 -> QuantModule_DiffAE_LoRA
2026-01-26 12:34:51,464 [INFO]   替換層 1 -> QuantModule_DiffAE_LoRA
2026-01-26 12:34:51,464 [INFO]   替換層 1 -> QuantModule_DiffAE_LoRA
2026-01-26 12:34:51,464 [INFO]   替換層 1 -> QuantModule_DiffAE_LoRA
2026-01-26 12:34:51,465 [INFO]   替換層 3 -> QuantModule_DiffAE_LoRA
2026-01-26 12:34:51,465 [INFO]   替換層 3 -> QuantModule_DiffAE_LoRA
2026-01-26 12:34:51,465 [INFO]   跳過量化 skip connection: skip_connection
2026-01-26 12:34:51,465 [INFO]   跳過量化 skip connection: skip_connection
2026-01-26 12:34:51,465 [INFO]   替換層 2 -> QuantModule_DiffAE_LoRA
2026-01-26 12:34:51,465 [INFO]   替換層 2 -> QuantModule_DiffAE_LoRA
2026-01-26 12:34:51,466 [INFO]   替換層 1 -> QuantModule_DiffAE_LoRA
2026-01-26 12:34:51,466 [INFO]   替換層 1 -> QuantModule_DiffAE_LoRA
2026-01-26 12:34:51,467 [INFO]   替換層 1 -> QuantModule_DiffAE_LoRA
2026-01-26 12:34:51,467 [INFO]   替換層 1 -> QuantModule_DiffAE_LoRA
2026-01-26 12:34:51,467 [INFO]   替換層 3 -> QuantModule_DiffAE_LoRA
2026-01-26 12:34:51,467 [INFO]   替換層 3 -> QuantModule_DiffAE_LoRA
2026-01-26 12:34:51,468 [INFO]   跳過量化 skip connection: skip_connection
2026-01-26 12:34:51,468 [INFO]   跳過量化 skip connection: skip_connection
2026-01-26 12:34:51,468 [INFO]   替換層 2 -> QuantModule_DiffAE_LoRA
2026-01-26 12:34:51,468 [INFO]   替換層 2 -> QuantModule_DiffAE_LoRA
2026-01-26 12:34:51,469 [INFO]   替換層 1 -> QuantModule_DiffAE_LoRA
2026-01-26 12:34:51,469 [INFO]   替換層 1 -> QuantModule_DiffAE_LoRA
2026-01-26 12:34:51,470 [INFO]   替換層 1 -> QuantModule_DiffAE_LoRA
2026-01-26 12:34:51,470 [INFO]   替換層 1 -> QuantModule_DiffAE_LoRA
2026-01-26 12:34:51,470 [INFO]   替換層 3 -> QuantModule_DiffAE_LoRA
2026-01-26 12:34:51,470 [INFO]   替換層 3 -> QuantModule_DiffAE_LoRA
2026-01-26 12:34:51,471 [INFO]   跳過量化 skip connection: skip_connection
2026-01-26 12:34:51,471 [INFO]   跳過量化 skip connection: skip_connection
2026-01-26 12:34:51,471 [INFO] 改造模組: out
2026-01-26 12:34:51,471 [INFO] 改造模組: out
2026-01-26 12:34:51,471 [INFO]   跳過量化特殊模組: 2
2026-01-26 12:34:51,471 [INFO]   跳過量化特殊模組: 2
2026-01-26 12:34:51,474 [INFO] 執行 'create_float_quantized_model' 完成，耗時: 0.63 秒
2026-01-26 12:34:51,474 [INFO] 執行 'create_float_quantized_model' 完成，耗時: 0.63 秒
2026-01-26 12:34:51,597 [INFO] 載入校準資料...
2026-01-26 12:34:51,597 [INFO] 載入校準資料...
2026-01-26 12:34:51,916 [INFO] ✅ 載入真實校準資料成功
2026-01-26 12:34:51,916 [INFO] ✅ 載入真實校準資料成功
2026-01-26 12:34:51,917 [INFO] ==================================================
2026-01-26 12:34:51,917 [INFO] ==================================================
2026-01-26 12:34:51,917 [INFO] 5. Setting first and last layers to 8-bit...
2026-01-26 12:34:51,917 [INFO] 5. Setting first and last layers to 8-bit...
2026-01-26 12:34:51,919 [INFO] 找到 144 個量化模組
2026-01-26 12:34:51,919 [INFO] ✅ 首尾層 8-bit 設定完成
2026-01-26 12:34:51,919 [INFO] 找到 144 個量化模組
2026-01-26 12:34:51,919 [INFO] ✅ 首尾層 8-bit 設定完成
2026-01-26 12:34:51,919 [INFO] ✅ 量化模型創建成功
2026-01-26 12:34:51,919 [INFO] ✅ 量化模型創建成功
2026-01-26 12:34:51,919 [INFO] set quant state to True, True for layer 1
2026-01-26 12:34:51,919 [INFO] set quant state to True, True for layer 1
2026-01-26 12:34:51,919 [INFO] set quant state to True, True for layer 2
2026-01-26 12:34:51,919 [INFO] set quant state to True, True for layer 2
2026-01-26 12:34:51,919 [INFO] set quant state to True, False for layer 3
2026-01-26 12:34:51,919 [INFO] set quant state to True, False for layer 3
2026-01-26 12:34:51,920 [INFO] set quant state to True, True for layer 144
2026-01-26 12:34:51,920 [INFO] set quant state to True, True for layer 144
2026-01-26 12:34:53,096 [INFO] ✅ 量化模型載入成功
2026-01-26 12:34:53,096 [INFO] === 初始化新功能模組 ===
2026-01-26 12:34:53,096 [INFO] ✅ 量化模型載入成功
2026-01-26 12:34:53,096 [INFO] === 初始化新功能模組 ===
local seed: 0
2026-01-26 12:34:53,121 [INFO] ✅ 基礎模型設定完成
train data: 70001
val data: 70001
2026-01-26 12:34:53,121 [INFO] ✅ 基礎模型設定完成
on train dataloader start ...
mean: tensor(-0.0606, device='cuda:0') std: tensor(0.0755, device='cuda:0')
2026-01-26 12:34:53,166 [INFO] ==================================================
2026-01-26 12:34:53,166 [INFO] 啟用 Similarity Analysis (L1/L2/Cosine)
2026-01-26 12:34:53,166 [INFO] FID 評估樣本數: 128
2026-01-26 12:34:53,166 [INFO] 實際收集樣本數: 20 (用於加速)
2026-01-26 12:34:53,166 [INFO] ==================================================
2026-01-26 12:34:53,166 [INFO] 啟用 Similarity Analysis (L1/L2/Cosine)
2026-01-26 12:34:53,166 [INFO] FID 評估樣本數: 128
2026-01-26 12:34:53,166 [INFO] 實際收集樣本數: 20 (用於加速)
2026-01-26 12:34:53,166 [INFO] 擴散步數: 100
2026-01-26 12:34:53,166 [INFO] 擴散步數: 100
2026-01-26 12:34:53,166 [INFO] ==================================================
2026-01-26 12:34:53,166 [INFO] ==================================================
2026-01-26 12:34:53,167 [INFO] [Similarity] 註冊 block hook: model.output_blocks.13
2026-01-26 12:34:53,167 [INFO] [Similarity] 註冊 block hook: model.output_blocks.13
2026-01-26 12:34:53,167 [INFO] [Similarity] 註冊 model step hook 完成
2026-01-26 12:34:53,167 [INFO] [Similarity] 註冊 model step hook 完成
generating images:   0%|          | 0/4 [00:00<?, ?it/s]/home/jimmy/diffae/./diffusion/base.py:329: FutureWarning: `torch.cuda.amp.autocast(args...)` is deprecated. Please use `torch.amp.autocast('cuda', args...)` instead.
  with autocast(self.conf.fp16):
2026-01-26 12:35:31,021 [INFO] [Similarity] Batch 0 完成，已收集 20 個樣本
2026-01-26 12:35:31,021 [INFO] [Similarity] Batch 0 完成，已收集 20 個樣本
generating images:  25%|██▌       | 1/4 [00:38<01:55, 38.40s/it]2026-01-26 12:36:09,243 [INFO] [Similarity] Batch 1 完成，已收集 20 個樣本
2026-01-26 12:36:09,243 [INFO] [Similarity] Batch 1 完成，已收集 20 個樣本
generating images:  50%|█████     | 2/4 [01:16<01:16, 38.30s/it]2026-01-26 12:36:47,488 [INFO] [Similarity] Batch 2 完成，已收集 20 個樣本
2026-01-26 12:36:47,488 [INFO] [Similarity] Batch 2 完成，已收集 20 個樣本
generating images:  75%|███████▌  | 3/4 [01:54<00:38, 38.27s/it]2026-01-26 12:37:03,710 [INFO] [Similarity] 已收集 80 个样本，停止数据收集（目标: 80）
2026-01-26 12:37:03,710 [INFO] [Similarity] 已收集 80 个样本，停止数据收集（目标: 80）
2026-01-26 12:37:25,716 [INFO] [Similarity] Batch 3 完成，已收集 20 個樣本
2026-01-26 12:37:25,716 [INFO] [Similarity] Batch 3 完成，已收集 20 個樣本
generating images: 100%|██████████| 4/4 [02:33<00:00, 38.23s/it]generating images: 100%|██████████| 4/4 [02:33<00:00, 38.26s/it]
2026-01-26 12:37:26,201 [INFO] [Similarity] FID@128 100 steps score: 0
2026-01-26 12:37:26,201 [INFO] [Similarity] FID@128 100 steps score: 0
2026-01-26 12:37:26,203 [INFO] [Similarity] model.output_blocks.13 cosine: min=0.108937, max=1.000000, diag_mean=1.000000, off_diag_mean=0.910866, off_diag_std=0.164095
2026-01-26 12:37:26,203 [INFO] [Similarity] model.output_blocks.13 cosine: min=0.108937, max=1.000000, diag_mean=1.000000, off_diag_mean=0.910866, off_diag_std=0.164095
2026-01-26 12:37:27,255 [INFO] ✅ Similarity Analysis 完成
2026-01-26 12:37:27,255 [INFO] ✅ Similarity Analysis 完成
2026-01-26 12:37:27,323 [INFO] 執行 'main_float_model' 完成，耗時: 159.31 秒
2026-01-26 12:37:27,323 [INFO] 執行 'main_float_model' 完成，耗時: 159.31 秒
/home/jimmy/anaconda3/envs/diffae_bw/lib/python3.10/site-packages/torchmetrics/utilities/imports.py:21: UserWarning: pkg_resources is deprecated as an API. See https://setuptools.pypa.io/en/latest/pkg_resources.html. The pkg_resources package is slated for removal as early as 2025-11-30. Refrain from using this package or pin to Setuptools<81.
  from pkg_resources import DistributionNotFound, get_distribution
使用自動混合精度: torch.bfloat16
[設定] Log 檔案已設為: QATcode/cache_method/L1_L2_cosine/logs/similarity_model_output_blocks_13.log
2026-03-20 19:41:09,877 [INFO] Using 100 steps
2026-03-20 19:41:09,877 [INFO] Using 100 steps
2026-03-20 19:41:09,877 [INFO] Using 50000 evaluation samples
2026-03-20 19:41:09,877 [INFO] Using 50000 evaluation samples
2026-03-20 19:41:09,877 [INFO] Cache enabled: False, method: Res, threshold: 0.1
2026-03-20 19:41:09,877 [INFO] Cache enabled: False, method: Res, threshold: 0.1
2026-03-20 19:41:09,877 [INFO] Quantitative analysis enabled: False, samples: 10
2026-03-20 19:41:09,877 [INFO] Quantitative analysis enabled: False, samples: 10
2026-03-20 19:41:09,877 [INFO] Log file: QATcode/cache_method/L1_L2_cosine/logs/similarity_model_output_blocks_13.log
2026-03-20 19:41:09,877 [INFO] Log file: QATcode/cache_method/L1_L2_cosine/logs/similarity_model_output_blocks_13.log
2026-03-20 19:41:09,877 [INFO] ==================================================
2026-03-20 19:41:09,877 [INFO] ==================================================
2026-03-20 19:41:09,877 [INFO] Diff-AE EfficientDM Step 7 : 生成圖片
2026-03-20 19:41:09,877 [INFO] Diff-AE EfficientDM Step 7 : 生成圖片
2026-03-20 19:41:09,877 [INFO] ==================================================
2026-03-20 19:41:09,877 [INFO] ==================================================
2026-03-20 19:41:09,877 [INFO] 使用設備: cuda
2026-03-20 19:41:09,877 [INFO] 使用設備: cuda
2026-03-20 19:41:09,877 [INFO] === 新功能狀態 ===
2026-03-20 19:41:09,877 [INFO] === 新功能狀態 ===
2026-03-20 19:41:09,877 [INFO] 載入 Diff-AE 模型: checkpoints/ffhq128_autoenc_latent/last.ckpt
2026-03-20 19:41:09,877 [INFO] 載入 Diff-AE 模型: checkpoints/ffhq128_autoenc_latent/last.ckpt
Global seed set to 0
2026-03-20 19:41:11,646 [INFO] Diff-AE 模型載入完成
2026-03-20 19:41:11,646 [INFO] Diff-AE 模型載入完成
2026-03-20 19:41:11,684 [INFO] 執行 'load_diffae_model' 完成，耗時: 1.81 秒
2026-03-20 19:41:11,684 [INFO] 執行 'load_diffae_model' 完成，耗時: 1.81 秒
2026-03-20 19:41:11,684 [INFO] ✅ Diff-AE 模型載入成功
2026-03-20 19:41:11,684 [INFO] ✅ Diff-AE 模型載入成功
2026-03-20 19:41:11,684 [INFO] base_model.conf.train_mode: TrainMode.latent_diffusion
2026-03-20 19:41:11,684 [INFO] base_model.conf.train_mode: TrainMode.latent_diffusion
2026-03-20 19:41:11,684 [INFO] === 創建 LoRA 量化模型 ===
2026-03-20 19:41:11,684 [INFO] === 創建 LoRA 量化模型 ===
2026-03-20 19:41:11,684 [INFO] === 開始 UNet LoRA 量化改造 ===
2026-03-20 19:41:11,684 [INFO] === 開始 UNet LoRA 量化改造 ===
2026-03-20 19:41:11,684 [INFO] 改造模組: time_embed
2026-03-20 19:41:11,684 [INFO] 改造模組: time_embed
2026-03-20 19:41:11,684 [INFO]   跳過量化特殊模組: 0
2026-03-20 19:41:11,684 [INFO]   跳過量化特殊模組: 0
2026-03-20 19:41:11,685 [INFO]   跳過量化特殊模組: 2
2026-03-20 19:41:11,685 [INFO]   跳過量化特殊模組: 2
2026-03-20 19:41:11,685 [INFO] 改造模組: input_blocks
2026-03-20 19:41:11,685 [INFO] 改造模組: input_blocks
2026-03-20 19:41:11,686 [INFO]   跳過量化特殊模組: 0
2026-03-20 19:41:11,686 [INFO]   跳過量化特殊模組: 0
2026-03-20 19:41:11,686 [INFO]   替換層 2 -> QuantModule_DiffAE_LoRA
2026-03-20 19:41:11,686 [INFO]   替換層 2 -> QuantModule_DiffAE_LoRA
2026-03-20 19:41:11,756 [INFO]   替換層 1 -> QuantModule_DiffAE_LoRA
2026-03-20 19:41:11,756 [INFO]   替換層 1 -> QuantModule_DiffAE_LoRA
2026-03-20 19:41:11,757 [INFO]   替換層 1 -> QuantModule_DiffAE_LoRA
2026-03-20 19:41:11,757 [INFO]   替換層 1 -> QuantModule_DiffAE_LoRA
2026-03-20 19:41:11,758 [INFO]   替換層 3 -> QuantModule_DiffAE_LoRA
2026-03-20 19:41:11,758 [INFO]   替換層 3 -> QuantModule_DiffAE_LoRA
2026-03-20 19:41:11,759 [INFO]   替換層 2 -> QuantModule_DiffAE_LoRA
2026-03-20 19:41:11,759 [INFO]   替換層 2 -> QuantModule_DiffAE_LoRA
2026-03-20 19:41:11,760 [INFO]   替換層 1 -> QuantModule_DiffAE_LoRA
2026-03-20 19:41:11,760 [INFO]   替換層 1 -> QuantModule_DiffAE_LoRA
2026-03-20 19:41:11,761 [INFO]   替換層 1 -> QuantModule_DiffAE_LoRA
2026-03-20 19:41:11,761 [INFO]   替換層 1 -> QuantModule_DiffAE_LoRA
2026-03-20 19:41:11,762 [INFO]   替換層 3 -> QuantModule_DiffAE_LoRA
2026-03-20 19:41:11,762 [INFO]   替換層 3 -> QuantModule_DiffAE_LoRA
2026-03-20 19:41:11,763 [INFO]   替換層 2 -> QuantModule_DiffAE_LoRA
2026-03-20 19:41:11,763 [INFO]   替換層 2 -> QuantModule_DiffAE_LoRA
2026-03-20 19:41:11,764 [INFO]   替換層 1 -> QuantModule_DiffAE_LoRA
2026-03-20 19:41:11,764 [INFO]   替換層 1 -> QuantModule_DiffAE_LoRA
2026-03-20 19:41:11,765 [INFO]   替換層 1 -> QuantModule_DiffAE_LoRA
2026-03-20 19:41:11,765 [INFO]   替換層 1 -> QuantModule_DiffAE_LoRA
2026-03-20 19:41:11,766 [INFO]   替換層 3 -> QuantModule_DiffAE_LoRA
2026-03-20 19:41:11,766 [INFO]   替換層 3 -> QuantModule_DiffAE_LoRA
2026-03-20 19:41:11,767 [INFO]   替換層 2 -> QuantModule_DiffAE_LoRA
2026-03-20 19:41:11,767 [INFO]   替換層 2 -> QuantModule_DiffAE_LoRA
2026-03-20 19:41:11,768 [INFO]   替換層 1 -> QuantModule_DiffAE_LoRA
2026-03-20 19:41:11,768 [INFO]   替換層 1 -> QuantModule_DiffAE_LoRA
2026-03-20 19:41:11,769 [INFO]   替換層 1 -> QuantModule_DiffAE_LoRA
2026-03-20 19:41:11,769 [INFO]   替換層 1 -> QuantModule_DiffAE_LoRA
2026-03-20 19:41:11,769 [INFO]   替換層 3 -> QuantModule_DiffAE_LoRA
2026-03-20 19:41:11,769 [INFO]   替換層 3 -> QuantModule_DiffAE_LoRA
2026-03-20 19:41:11,770 [INFO]   替換層 2 -> QuantModule_DiffAE_LoRA
2026-03-20 19:41:11,770 [INFO]   替換層 2 -> QuantModule_DiffAE_LoRA
2026-03-20 19:41:11,771 [INFO]   替換層 1 -> QuantModule_DiffAE_LoRA
2026-03-20 19:41:11,771 [INFO]   替換層 1 -> QuantModule_DiffAE_LoRA
2026-03-20 19:41:11,772 [INFO]   替換層 1 -> QuantModule_DiffAE_LoRA
2026-03-20 19:41:11,772 [INFO]   替換層 1 -> QuantModule_DiffAE_LoRA
2026-03-20 19:41:11,772 [INFO]   替換層 3 -> QuantModule_DiffAE_LoRA
2026-03-20 19:41:11,772 [INFO]   替換層 3 -> QuantModule_DiffAE_LoRA
2026-03-20 19:41:11,773 [INFO]   替換層 2 -> QuantModule_DiffAE_LoRA
2026-03-20 19:41:11,773 [INFO]   替換層 2 -> QuantModule_DiffAE_LoRA
2026-03-20 19:41:11,774 [INFO]   替換層 1 -> QuantModule_DiffAE_LoRA
2026-03-20 19:41:11,774 [INFO]   替換層 1 -> QuantModule_DiffAE_LoRA
2026-03-20 19:41:11,774 [INFO]   替換層 1 -> QuantModule_DiffAE_LoRA
2026-03-20 19:41:11,774 [INFO]   替換層 1 -> QuantModule_DiffAE_LoRA
2026-03-20 19:41:11,775 [INFO]   替換層 3 -> QuantModule_DiffAE_LoRA
2026-03-20 19:41:11,775 [INFO]   替換層 3 -> QuantModule_DiffAE_LoRA
2026-03-20 19:41:11,776 [INFO]   替換層 2 -> QuantModule_DiffAE_LoRA
2026-03-20 19:41:11,776 [INFO]   替換層 2 -> QuantModule_DiffAE_LoRA
2026-03-20 19:41:11,777 [INFO]   替換層 1 -> QuantModule_DiffAE_LoRA
2026-03-20 19:41:11,777 [INFO]   替換層 1 -> QuantModule_DiffAE_LoRA
2026-03-20 19:41:11,778 [INFO]   替換層 1 -> QuantModule_DiffAE_LoRA
2026-03-20 19:41:11,778 [INFO]   替換層 1 -> QuantModule_DiffAE_LoRA
2026-03-20 19:41:11,779 [INFO]   替換層 3 -> QuantModule_DiffAE_LoRA
2026-03-20 19:41:11,779 [INFO]   替換層 3 -> QuantModule_DiffAE_LoRA
2026-03-20 19:41:11,781 [INFO]   跳過量化 skip connection: skip_connection
2026-03-20 19:41:11,781 [INFO]   跳過量化 skip connection: skip_connection
2026-03-20 19:41:11,781 [INFO]   替換層 2 -> QuantModule_DiffAE_LoRA
2026-03-20 19:41:11,781 [INFO]   替換層 2 -> QuantModule_DiffAE_LoRA
2026-03-20 19:41:11,784 [INFO]   替換層 1 -> QuantModule_DiffAE_LoRA
2026-03-20 19:41:11,784 [INFO]   替換層 1 -> QuantModule_DiffAE_LoRA
2026-03-20 19:41:11,785 [INFO]   替換層 1 -> QuantModule_DiffAE_LoRA
2026-03-20 19:41:11,785 [INFO]   替換層 1 -> QuantModule_DiffAE_LoRA
2026-03-20 19:41:11,786 [INFO]   替換層 3 -> QuantModule_DiffAE_LoRA
2026-03-20 19:41:11,786 [INFO]   替換層 3 -> QuantModule_DiffAE_LoRA
2026-03-20 19:41:11,789 [INFO]   替換層 2 -> QuantModule_DiffAE_LoRA
2026-03-20 19:41:11,789 [INFO]   替換層 2 -> QuantModule_DiffAE_LoRA
2026-03-20 19:41:11,791 [INFO]   替換層 1 -> QuantModule_DiffAE_LoRA
2026-03-20 19:41:11,791 [INFO]   替換層 1 -> QuantModule_DiffAE_LoRA
2026-03-20 19:41:11,792 [INFO]   替換層 1 -> QuantModule_DiffAE_LoRA
2026-03-20 19:41:11,792 [INFO]   替換層 1 -> QuantModule_DiffAE_LoRA
2026-03-20 19:41:11,793 [INFO]   替換層 3 -> QuantModule_DiffAE_LoRA
2026-03-20 19:41:11,793 [INFO]   替換層 3 -> QuantModule_DiffAE_LoRA
2026-03-20 19:41:11,795 [INFO]   替換層 2 -> QuantModule_DiffAE_LoRA
2026-03-20 19:41:11,795 [INFO]   替換層 2 -> QuantModule_DiffAE_LoRA
2026-03-20 19:41:11,799 [INFO]   替換層 1 -> QuantModule_DiffAE_LoRA
2026-03-20 19:41:11,799 [INFO]   替換層 1 -> QuantModule_DiffAE_LoRA
2026-03-20 19:41:11,800 [INFO]   替換層 1 -> QuantModule_DiffAE_LoRA
2026-03-20 19:41:11,800 [INFO]   替換層 1 -> QuantModule_DiffAE_LoRA
2026-03-20 19:41:11,801 [INFO]   替換層 3 -> QuantModule_DiffAE_LoRA
2026-03-20 19:41:11,801 [INFO]   替換層 3 -> QuantModule_DiffAE_LoRA
2026-03-20 19:41:11,807 [INFO]   跳過量化 skip connection: skip_connection
2026-03-20 19:41:11,807 [INFO]   跳過量化 skip connection: skip_connection
2026-03-20 19:41:11,807 [INFO]   替換層 2 -> QuantModule_DiffAE_LoRA
2026-03-20 19:41:11,807 [INFO]   替換層 2 -> QuantModule_DiffAE_LoRA
2026-03-20 19:41:11,812 [INFO]   替換層 1 -> QuantModule_DiffAE_LoRA
2026-03-20 19:41:11,812 [INFO]   替換層 1 -> QuantModule_DiffAE_LoRA
2026-03-20 19:41:11,813 [INFO]   替換層 1 -> QuantModule_DiffAE_LoRA
2026-03-20 19:41:11,813 [INFO]   替換層 1 -> QuantModule_DiffAE_LoRA
2026-03-20 19:41:11,814 [INFO]   替換層 3 -> QuantModule_DiffAE_LoRA
2026-03-20 19:41:11,814 [INFO]   替換層 3 -> QuantModule_DiffAE_LoRA
2026-03-20 19:41:11,819 [INFO]   替換層 2 -> QuantModule_DiffAE_LoRA
2026-03-20 19:41:11,819 [INFO]   替換層 2 -> QuantModule_DiffAE_LoRA
2026-03-20 19:41:11,823 [INFO]   替換層 1 -> QuantModule_DiffAE_LoRA
2026-03-20 19:41:11,823 [INFO]   替換層 1 -> QuantModule_DiffAE_LoRA
2026-03-20 19:41:11,825 [INFO]   替換層 1 -> QuantModule_DiffAE_LoRA
2026-03-20 19:41:11,825 [INFO]   替換層 1 -> QuantModule_DiffAE_LoRA
2026-03-20 19:41:11,826 [INFO]   替換層 3 -> QuantModule_DiffAE_LoRA
2026-03-20 19:41:11,826 [INFO]   替換層 3 -> QuantModule_DiffAE_LoRA
2026-03-20 19:41:11,831 [INFO]   替換層 2 -> QuantModule_DiffAE_LoRA
2026-03-20 19:41:11,831 [INFO]   替換層 2 -> QuantModule_DiffAE_LoRA
2026-03-20 19:41:11,836 [INFO]   替換層 1 -> QuantModule_DiffAE_LoRA
2026-03-20 19:41:11,836 [INFO]   替換層 1 -> QuantModule_DiffAE_LoRA
2026-03-20 19:41:11,838 [INFO]   替換層 1 -> QuantModule_DiffAE_LoRA
2026-03-20 19:41:11,838 [INFO]   替換層 1 -> QuantModule_DiffAE_LoRA
2026-03-20 19:41:11,840 [INFO]   替換層 3 -> QuantModule_DiffAE_LoRA
2026-03-20 19:41:11,840 [INFO]   替換層 3 -> QuantModule_DiffAE_LoRA
2026-03-20 19:41:11,846 [INFO]   跳過量化 skip connection: skip_connection
2026-03-20 19:41:11,846 [INFO]   跳過量化 skip connection: skip_connection
2026-03-20 19:41:11,846 [INFO]   替換層 2 -> QuantModule_DiffAE_LoRA
2026-03-20 19:41:11,846 [INFO]   替換層 2 -> QuantModule_DiffAE_LoRA
2026-03-20 19:41:11,856 [INFO]   替換層 1 -> QuantModule_DiffAE_LoRA
2026-03-20 19:41:11,856 [INFO]   替換層 1 -> QuantModule_DiffAE_LoRA
2026-03-20 19:41:11,857 [INFO]   替換層 1 -> QuantModule_DiffAE_LoRA
2026-03-20 19:41:11,857 [INFO]   替換層 1 -> QuantModule_DiffAE_LoRA
2026-03-20 19:41:11,858 [INFO]   替換層 3 -> QuantModule_DiffAE_LoRA
2026-03-20 19:41:11,858 [INFO]   替換層 3 -> QuantModule_DiffAE_LoRA
2026-03-20 19:41:11,867 [INFO] 改造模組: middle_block
2026-03-20 19:41:11,867 [INFO] 改造模組: middle_block
2026-03-20 19:41:11,867 [INFO]   替換層 2 -> QuantModule_DiffAE_LoRA
2026-03-20 19:41:11,867 [INFO]   替換層 2 -> QuantModule_DiffAE_LoRA
2026-03-20 19:41:11,874 [INFO]   替換層 1 -> QuantModule_DiffAE_LoRA
2026-03-20 19:41:11,874 [INFO]   替換層 1 -> QuantModule_DiffAE_LoRA
2026-03-20 19:41:11,876 [INFO]   替換層 1 -> QuantModule_DiffAE_LoRA
2026-03-20 19:41:11,876 [INFO]   替換層 1 -> QuantModule_DiffAE_LoRA
2026-03-20 19:41:11,877 [INFO]   替換層 3 -> QuantModule_DiffAE_LoRA
2026-03-20 19:41:11,877 [INFO]   替換層 3 -> QuantModule_DiffAE_LoRA
2026-03-20 19:41:11,884 [INFO]   替換層 2 -> QuantModule_DiffAE_LoRA
2026-03-20 19:41:11,884 [INFO]   替換層 2 -> QuantModule_DiffAE_LoRA
2026-03-20 19:41:11,891 [INFO]   替換層 1 -> QuantModule_DiffAE_LoRA
2026-03-20 19:41:11,891 [INFO]   替換層 1 -> QuantModule_DiffAE_LoRA
2026-03-20 19:41:11,892 [INFO]   替換層 1 -> QuantModule_DiffAE_LoRA
2026-03-20 19:41:11,892 [INFO]   替換層 1 -> QuantModule_DiffAE_LoRA
2026-03-20 19:41:11,894 [INFO]   替換層 3 -> QuantModule_DiffAE_LoRA
2026-03-20 19:41:11,894 [INFO]   替換層 3 -> QuantModule_DiffAE_LoRA
2026-03-20 19:41:11,900 [INFO] 改造模組: output_blocks
2026-03-20 19:41:11,900 [INFO] 改造模組: output_blocks
2026-03-20 19:41:11,901 [INFO]   替換層 2 -> QuantModule_DiffAE_LoRA
2026-03-20 19:41:11,901 [INFO]   替換層 2 -> QuantModule_DiffAE_LoRA
2026-03-20 19:41:11,914 [INFO]   替換層 1 -> QuantModule_DiffAE_LoRA
2026-03-20 19:41:11,914 [INFO]   替換層 1 -> QuantModule_DiffAE_LoRA
2026-03-20 19:41:11,916 [INFO]   替換層 1 -> QuantModule_DiffAE_LoRA
2026-03-20 19:41:11,916 [INFO]   替換層 1 -> QuantModule_DiffAE_LoRA
2026-03-20 19:41:11,917 [INFO]   替換層 3 -> QuantModule_DiffAE_LoRA
2026-03-20 19:41:11,917 [INFO]   替換層 3 -> QuantModule_DiffAE_LoRA
2026-03-20 19:41:11,924 [INFO]   跳過量化 skip connection: skip_connection
2026-03-20 19:41:11,924 [INFO]   跳過量化 skip connection: skip_connection
2026-03-20 19:41:11,924 [INFO]   替換層 2 -> QuantModule_DiffAE_LoRA
2026-03-20 19:41:11,924 [INFO]   替換層 2 -> QuantModule_DiffAE_LoRA
2026-03-20 19:41:11,937 [INFO]   替換層 1 -> QuantModule_DiffAE_LoRA
2026-03-20 19:41:11,937 [INFO]   替換層 1 -> QuantModule_DiffAE_LoRA
2026-03-20 19:41:11,939 [INFO]   替換層 1 -> QuantModule_DiffAE_LoRA
2026-03-20 19:41:11,939 [INFO]   替換層 1 -> QuantModule_DiffAE_LoRA
2026-03-20 19:41:11,940 [INFO]   替換層 3 -> QuantModule_DiffAE_LoRA
2026-03-20 19:41:11,940 [INFO]   替換層 3 -> QuantModule_DiffAE_LoRA
2026-03-20 19:41:11,947 [INFO]   跳過量化 skip connection: skip_connection
2026-03-20 19:41:11,947 [INFO]   跳過量化 skip connection: skip_connection
2026-03-20 19:41:11,947 [INFO]   替換層 2 -> QuantModule_DiffAE_LoRA
2026-03-20 19:41:11,947 [INFO]   替換層 2 -> QuantModule_DiffAE_LoRA
2026-03-20 19:41:11,959 [INFO]   替換層 1 -> QuantModule_DiffAE_LoRA
2026-03-20 19:41:11,959 [INFO]   替換層 1 -> QuantModule_DiffAE_LoRA
2026-03-20 19:41:11,961 [INFO]   替換層 1 -> QuantModule_DiffAE_LoRA
2026-03-20 19:41:11,961 [INFO]   替換層 1 -> QuantModule_DiffAE_LoRA
2026-03-20 19:41:11,962 [INFO]   替換層 3 -> QuantModule_DiffAE_LoRA
2026-03-20 19:41:11,962 [INFO]   替換層 3 -> QuantModule_DiffAE_LoRA
2026-03-20 19:41:11,970 [INFO]   跳過量化 skip connection: skip_connection
2026-03-20 19:41:11,970 [INFO]   跳過量化 skip connection: skip_connection
2026-03-20 19:41:11,970 [INFO]   替換層 2 -> QuantModule_DiffAE_LoRA
2026-03-20 19:41:11,970 [INFO]   替換層 2 -> QuantModule_DiffAE_LoRA
2026-03-20 19:41:11,978 [INFO]   替換層 1 -> QuantModule_DiffAE_LoRA
2026-03-20 19:41:11,978 [INFO]   替換層 1 -> QuantModule_DiffAE_LoRA
2026-03-20 19:41:11,980 [INFO]   替換層 1 -> QuantModule_DiffAE_LoRA
2026-03-20 19:41:11,980 [INFO]   替換層 1 -> QuantModule_DiffAE_LoRA
2026-03-20 19:41:11,981 [INFO]   替換層 3 -> QuantModule_DiffAE_LoRA
2026-03-20 19:41:11,981 [INFO]   替換層 3 -> QuantModule_DiffAE_LoRA
2026-03-20 19:41:11,988 [INFO]   替換層 2 -> QuantModule_DiffAE_LoRA
2026-03-20 19:41:11,988 [INFO]   替換層 2 -> QuantModule_DiffAE_LoRA
2026-03-20 19:41:11,998 [INFO]   替換層 1 -> QuantModule_DiffAE_LoRA
2026-03-20 19:41:11,998 [INFO]   替換層 1 -> QuantModule_DiffAE_LoRA
2026-03-20 19:41:12,000 [INFO]   替換層 1 -> QuantModule_DiffAE_LoRA
2026-03-20 19:41:12,000 [INFO]   替換層 1 -> QuantModule_DiffAE_LoRA
2026-03-20 19:41:12,001 [INFO]   替換層 3 -> QuantModule_DiffAE_LoRA
2026-03-20 19:41:12,001 [INFO]   替換層 3 -> QuantModule_DiffAE_LoRA
2026-03-20 19:41:12,005 [INFO]   跳過量化 skip connection: skip_connection
2026-03-20 19:41:12,005 [INFO]   跳過量化 skip connection: skip_connection
2026-03-20 19:41:12,005 [INFO]   替換層 2 -> QuantModule_DiffAE_LoRA
2026-03-20 19:41:12,005 [INFO]   替換層 2 -> QuantModule_DiffAE_LoRA
2026-03-20 19:41:12,015 [INFO]   替換層 1 -> QuantModule_DiffAE_LoRA
2026-03-20 19:41:12,015 [INFO]   替換層 1 -> QuantModule_DiffAE_LoRA
2026-03-20 19:41:12,016 [INFO]   替換層 1 -> QuantModule_DiffAE_LoRA
2026-03-20 19:41:12,016 [INFO]   替換層 1 -> QuantModule_DiffAE_LoRA
2026-03-20 19:41:12,017 [INFO]   替換層 3 -> QuantModule_DiffAE_LoRA
2026-03-20 19:41:12,017 [INFO]   替換層 3 -> QuantModule_DiffAE_LoRA
2026-03-20 19:41:12,022 [INFO]   跳過量化 skip connection: skip_connection
2026-03-20 19:41:12,022 [INFO]   跳過量化 skip connection: skip_connection
2026-03-20 19:41:12,022 [INFO]   替換層 2 -> QuantModule_DiffAE_LoRA
2026-03-20 19:41:12,022 [INFO]   替換層 2 -> QuantModule_DiffAE_LoRA
2026-03-20 19:41:12,029 [INFO]   替換層 1 -> QuantModule_DiffAE_LoRA
2026-03-20 19:41:12,029 [INFO]   替換層 1 -> QuantModule_DiffAE_LoRA
2026-03-20 19:41:12,030 [INFO]   替換層 1 -> QuantModule_DiffAE_LoRA
2026-03-20 19:41:12,030 [INFO]   替換層 1 -> QuantModule_DiffAE_LoRA
2026-03-20 19:41:12,031 [INFO]   替換層 3 -> QuantModule_DiffAE_LoRA
2026-03-20 19:41:12,031 [INFO]   替換層 3 -> QuantModule_DiffAE_LoRA
2026-03-20 19:41:12,035 [INFO]   跳過量化 skip connection: skip_connection
2026-03-20 19:41:12,035 [INFO]   跳過量化 skip connection: skip_connection
2026-03-20 19:41:12,035 [INFO]   替換層 2 -> QuantModule_DiffAE_LoRA
2026-03-20 19:41:12,035 [INFO]   替換層 2 -> QuantModule_DiffAE_LoRA
2026-03-20 19:41:12,039 [INFO]   替換層 1 -> QuantModule_DiffAE_LoRA
2026-03-20 19:41:12,039 [INFO]   替換層 1 -> QuantModule_DiffAE_LoRA
2026-03-20 19:41:12,040 [INFO]   替換層 1 -> QuantModule_DiffAE_LoRA
2026-03-20 19:41:12,040 [INFO]   替換層 1 -> QuantModule_DiffAE_LoRA
2026-03-20 19:41:12,041 [INFO]   替換層 3 -> QuantModule_DiffAE_LoRA
2026-03-20 19:41:12,041 [INFO]   替換層 3 -> QuantModule_DiffAE_LoRA
2026-03-20 19:41:12,045 [INFO]   替換層 2 -> QuantModule_DiffAE_LoRA
2026-03-20 19:41:12,045 [INFO]   替換層 2 -> QuantModule_DiffAE_LoRA
2026-03-20 19:41:12,050 [INFO]   替換層 1 -> QuantModule_DiffAE_LoRA
2026-03-20 19:41:12,050 [INFO]   替換層 1 -> QuantModule_DiffAE_LoRA
2026-03-20 19:41:12,051 [INFO]   替換層 1 -> QuantModule_DiffAE_LoRA
2026-03-20 19:41:12,051 [INFO]   替換層 1 -> QuantModule_DiffAE_LoRA
2026-03-20 19:41:12,052 [INFO]   替換層 3 -> QuantModule_DiffAE_LoRA
2026-03-20 19:41:12,052 [INFO]   替換層 3 -> QuantModule_DiffAE_LoRA
2026-03-20 19:41:12,053 [INFO]   跳過量化 skip connection: skip_connection
2026-03-20 19:41:12,053 [INFO]   跳過量化 skip connection: skip_connection
2026-03-20 19:41:12,054 [INFO]   替換層 2 -> QuantModule_DiffAE_LoRA
2026-03-20 19:41:12,054 [INFO]   替換層 2 -> QuantModule_DiffAE_LoRA
2026-03-20 19:41:12,058 [INFO]   替換層 1 -> QuantModule_DiffAE_LoRA
2026-03-20 19:41:12,058 [INFO]   替換層 1 -> QuantModule_DiffAE_LoRA
2026-03-20 19:41:12,059 [INFO]   替換層 1 -> QuantModule_DiffAE_LoRA
2026-03-20 19:41:12,059 [INFO]   替換層 1 -> QuantModule_DiffAE_LoRA
2026-03-20 19:41:12,060 [INFO]   替換層 3 -> QuantModule_DiffAE_LoRA
2026-03-20 19:41:12,060 [INFO]   替換層 3 -> QuantModule_DiffAE_LoRA
2026-03-20 19:41:12,062 [INFO]   跳過量化 skip connection: skip_connection
2026-03-20 19:41:12,062 [INFO]   跳過量化 skip connection: skip_connection
2026-03-20 19:41:12,062 [INFO]   替換層 2 -> QuantModule_DiffAE_LoRA
2026-03-20 19:41:12,062 [INFO]   替換層 2 -> QuantModule_DiffAE_LoRA
2026-03-20 19:41:12,065 [INFO]   替換層 1 -> QuantModule_DiffAE_LoRA
2026-03-20 19:41:12,065 [INFO]   替換層 1 -> QuantModule_DiffAE_LoRA
2026-03-20 19:41:12,066 [INFO]   替換層 1 -> QuantModule_DiffAE_LoRA
2026-03-20 19:41:12,066 [INFO]   替換層 1 -> QuantModule_DiffAE_LoRA
2026-03-20 19:41:12,067 [INFO]   替換層 3 -> QuantModule_DiffAE_LoRA
2026-03-20 19:41:12,067 [INFO]   替換層 3 -> QuantModule_DiffAE_LoRA
2026-03-20 19:41:12,068 [INFO]   跳過量化 skip connection: skip_connection
2026-03-20 19:41:12,068 [INFO]   跳過量化 skip connection: skip_connection
2026-03-20 19:41:12,068 [INFO]   替換層 2 -> QuantModule_DiffAE_LoRA
2026-03-20 19:41:12,068 [INFO]   替換層 2 -> QuantModule_DiffAE_LoRA
2026-03-20 19:41:12,070 [INFO]   替換層 1 -> QuantModule_DiffAE_LoRA
2026-03-20 19:41:12,070 [INFO]   替換層 1 -> QuantModule_DiffAE_LoRA
2026-03-20 19:41:12,071 [INFO]   替換層 1 -> QuantModule_DiffAE_LoRA
2026-03-20 19:41:12,071 [INFO]   替換層 1 -> QuantModule_DiffAE_LoRA
2026-03-20 19:41:12,072 [INFO]   替換層 3 -> QuantModule_DiffAE_LoRA
2026-03-20 19:41:12,072 [INFO]   替換層 3 -> QuantModule_DiffAE_LoRA
2026-03-20 19:41:12,074 [INFO]   替換層 2 -> QuantModule_DiffAE_LoRA
2026-03-20 19:41:12,074 [INFO]   替換層 2 -> QuantModule_DiffAE_LoRA
2026-03-20 19:41:12,076 [INFO]   替換層 1 -> QuantModule_DiffAE_LoRA
2026-03-20 19:41:12,076 [INFO]   替換層 1 -> QuantModule_DiffAE_LoRA
2026-03-20 19:41:12,076 [INFO]   替換層 1 -> QuantModule_DiffAE_LoRA
2026-03-20 19:41:12,076 [INFO]   替換層 1 -> QuantModule_DiffAE_LoRA
2026-03-20 19:41:12,077 [INFO]   替換層 3 -> QuantModule_DiffAE_LoRA
2026-03-20 19:41:12,077 [INFO]   替換層 3 -> QuantModule_DiffAE_LoRA
2026-03-20 19:41:12,077 [INFO]   跳過量化 skip connection: skip_connection
2026-03-20 19:41:12,077 [INFO]   跳過量化 skip connection: skip_connection
2026-03-20 19:41:12,077 [INFO]   替換層 2 -> QuantModule_DiffAE_LoRA
2026-03-20 19:41:12,077 [INFO]   替換層 2 -> QuantModule_DiffAE_LoRA
2026-03-20 19:41:12,079 [INFO]   替換層 1 -> QuantModule_DiffAE_LoRA
2026-03-20 19:41:12,079 [INFO]   替換層 1 -> QuantModule_DiffAE_LoRA
2026-03-20 19:41:12,079 [INFO]   替換層 1 -> QuantModule_DiffAE_LoRA
2026-03-20 19:41:12,079 [INFO]   替換層 1 -> QuantModule_DiffAE_LoRA
2026-03-20 19:41:12,080 [INFO]   替換層 3 -> QuantModule_DiffAE_LoRA
2026-03-20 19:41:12,080 [INFO]   替換層 3 -> QuantModule_DiffAE_LoRA
2026-03-20 19:41:12,081 [INFO]   跳過量化 skip connection: skip_connection
2026-03-20 19:41:12,081 [INFO]   跳過量化 skip connection: skip_connection
2026-03-20 19:41:12,081 [INFO]   替換層 2 -> QuantModule_DiffAE_LoRA
2026-03-20 19:41:12,081 [INFO]   替換層 2 -> QuantModule_DiffAE_LoRA
2026-03-20 19:41:12,082 [INFO]   替換層 1 -> QuantModule_DiffAE_LoRA
2026-03-20 19:41:12,082 [INFO]   替換層 1 -> QuantModule_DiffAE_LoRA
2026-03-20 19:41:12,083 [INFO]   替換層 1 -> QuantModule_DiffAE_LoRA
2026-03-20 19:41:12,083 [INFO]   替換層 1 -> QuantModule_DiffAE_LoRA
2026-03-20 19:41:12,083 [INFO]   替換層 3 -> QuantModule_DiffAE_LoRA
2026-03-20 19:41:12,083 [INFO]   替換層 3 -> QuantModule_DiffAE_LoRA
2026-03-20 19:41:12,084 [INFO]   跳過量化 skip connection: skip_connection
2026-03-20 19:41:12,084 [INFO]   跳過量化 skip connection: skip_connection
2026-03-20 19:41:12,084 [INFO]   替換層 2 -> QuantModule_DiffAE_LoRA
2026-03-20 19:41:12,084 [INFO]   替換層 2 -> QuantModule_DiffAE_LoRA
2026-03-20 19:41:12,085 [INFO]   替換層 1 -> QuantModule_DiffAE_LoRA
2026-03-20 19:41:12,085 [INFO]   替換層 1 -> QuantModule_DiffAE_LoRA
2026-03-20 19:41:12,085 [INFO]   替換層 1 -> QuantModule_DiffAE_LoRA
2026-03-20 19:41:12,085 [INFO]   替換層 1 -> QuantModule_DiffAE_LoRA
2026-03-20 19:41:12,086 [INFO]   替換層 3 -> QuantModule_DiffAE_LoRA
2026-03-20 19:41:12,086 [INFO]   替換層 3 -> QuantModule_DiffAE_LoRA
2026-03-20 19:41:12,087 [INFO]   替換層 2 -> QuantModule_DiffAE_LoRA
2026-03-20 19:41:12,087 [INFO]   替換層 2 -> QuantModule_DiffAE_LoRA
2026-03-20 19:41:12,088 [INFO]   替換層 1 -> QuantModule_DiffAE_LoRA
2026-03-20 19:41:12,088 [INFO]   替換層 1 -> QuantModule_DiffAE_LoRA
2026-03-20 19:41:12,088 [INFO]   替換層 1 -> QuantModule_DiffAE_LoRA
2026-03-20 19:41:12,088 [INFO]   替換層 1 -> QuantModule_DiffAE_LoRA
2026-03-20 19:41:12,089 [INFO]   替換層 3 -> QuantModule_DiffAE_LoRA
2026-03-20 19:41:12,089 [INFO]   替換層 3 -> QuantModule_DiffAE_LoRA
2026-03-20 19:41:12,089 [INFO]   跳過量化 skip connection: skip_connection
2026-03-20 19:41:12,089 [INFO]   跳過量化 skip connection: skip_connection
2026-03-20 19:41:12,090 [INFO]   替換層 2 -> QuantModule_DiffAE_LoRA
2026-03-20 19:41:12,090 [INFO]   替換層 2 -> QuantModule_DiffAE_LoRA
2026-03-20 19:41:12,091 [INFO]   替換層 1 -> QuantModule_DiffAE_LoRA
2026-03-20 19:41:12,091 [INFO]   替換層 1 -> QuantModule_DiffAE_LoRA
2026-03-20 19:41:12,091 [INFO]   替換層 1 -> QuantModule_DiffAE_LoRA
2026-03-20 19:41:12,091 [INFO]   替換層 1 -> QuantModule_DiffAE_LoRA
2026-03-20 19:41:12,092 [INFO]   替換層 3 -> QuantModule_DiffAE_LoRA
2026-03-20 19:41:12,092 [INFO]   替換層 3 -> QuantModule_DiffAE_LoRA
2026-03-20 19:41:12,092 [INFO]   跳過量化 skip connection: skip_connection
2026-03-20 19:41:12,092 [INFO]   跳過量化 skip connection: skip_connection
2026-03-20 19:41:12,093 [INFO]   替換層 2 -> QuantModule_DiffAE_LoRA
2026-03-20 19:41:12,093 [INFO]   替換層 2 -> QuantModule_DiffAE_LoRA
2026-03-20 19:41:12,094 [INFO]   替換層 1 -> QuantModule_DiffAE_LoRA
2026-03-20 19:41:12,094 [INFO]   替換層 1 -> QuantModule_DiffAE_LoRA
2026-03-20 19:41:12,095 [INFO]   替換層 1 -> QuantModule_DiffAE_LoRA
2026-03-20 19:41:12,095 [INFO]   替換層 1 -> QuantModule_DiffAE_LoRA
2026-03-20 19:41:12,095 [INFO]   替換層 3 -> QuantModule_DiffAE_LoRA
2026-03-20 19:41:12,095 [INFO]   替換層 3 -> QuantModule_DiffAE_LoRA
2026-03-20 19:41:12,096 [INFO]   跳過量化 skip connection: skip_connection
2026-03-20 19:41:12,096 [INFO]   跳過量化 skip connection: skip_connection
2026-03-20 19:41:12,096 [INFO] 改造模組: out
2026-03-20 19:41:12,096 [INFO] 改造模組: out
2026-03-20 19:41:12,096 [INFO]   跳過量化特殊模組: 2
2026-03-20 19:41:12,096 [INFO]   跳過量化特殊模組: 2
2026-03-20 19:41:12,099 [INFO] 執行 'create_float_quantized_model' 完成，耗時: 0.41 秒
2026-03-20 19:41:12,099 [INFO] 執行 'create_float_quantized_model' 完成，耗時: 0.41 秒
2026-03-20 19:41:12,186 [INFO] 載入校準資料...
2026-03-20 19:41:12,186 [INFO] 載入校準資料...
2026-03-20 19:41:12,405 [INFO] ✅ 載入真實校準資料成功
2026-03-20 19:41:12,405 [INFO] ✅ 載入真實校準資料成功
2026-03-20 19:41:12,407 [INFO] ==================================================
2026-03-20 19:41:12,407 [INFO] ==================================================
2026-03-20 19:41:12,407 [INFO] 5. Setting first and last layers to 8-bit...
2026-03-20 19:41:12,407 [INFO] 5. Setting first and last layers to 8-bit...
2026-03-20 19:41:12,409 [INFO] 找到 144 個量化模組
2026-03-20 19:41:12,409 [INFO] 找到 144 個量化模組
2026-03-20 19:41:12,409 [INFO] ✅ 首尾層 8-bit 設定完成
2026-03-20 19:41:12,409 [INFO] ✅ 首尾層 8-bit 設定完成
2026-03-20 19:41:12,409 [INFO] ✅ 量化模型創建成功
2026-03-20 19:41:12,409 [INFO] ✅ 量化模型創建成功
2026-03-20 19:41:12,409 [INFO] set quant state to True, True for layer 1
2026-03-20 19:41:12,409 [INFO] set quant state to True, True for layer 1
2026-03-20 19:41:12,409 [INFO] set quant state to True, True for layer 2
2026-03-20 19:41:12,409 [INFO] set quant state to True, True for layer 2
2026-03-20 19:41:12,409 [INFO] set quant state to True, False for layer 3
2026-03-20 19:41:12,409 [INFO] set quant state to True, False for layer 3
2026-03-20 19:41:12,411 [INFO] set quant state to True, True for layer 144
2026-03-20 19:41:12,411 [INFO] set quant state to True, True for layer 144
2026-03-20 19:41:13,335 [INFO] EMA(load from ema_model.model.*): provided=1822 effective_loaded=1822 missing=280 unexpected=0
2026-03-20 19:41:13,335 [INFO] EMA(load from ema_model.model.*): provided=1822 effective_loaded=1822 missing=280 unexpected=0
2026-03-20 19:41:13,335 [WARNING] EMA missing keys (前10): ['model.input_blocks.1.0.in_layers.2.intn_dequantizer.delta', 'model.input_blocks.1.0.in_layers.2.intn_dequantizer.zero_point', 'model.input_blocks.1.0.emb_layers.1.intn_dequantizer.delta', 'model.input_blocks.1.0.emb_layers.1.intn_dequantizer.zero_point', 'model.input_blocks.1.0.cond_emb_layers.1.intn_dequantizer.delta', 'model.input_blocks.1.0.cond_emb_layers.1.intn_dequantizer.zero_point', 'model.input_blocks.1.0.out_layers.3.intn_dequantizer.delta', 'model.input_blocks.1.0.out_layers.3.intn_dequantizer.zero_point', 'model.input_blocks.2.0.in_layers.2.intn_dequantizer.delta', 'model.input_blocks.2.0.in_layers.2.intn_dequantizer.zero_point']
2026-03-20 19:41:13,335 [WARNING] EMA missing keys (前10): ['model.input_blocks.1.0.in_layers.2.intn_dequantizer.delta', 'model.input_blocks.1.0.in_layers.2.intn_dequantizer.zero_point', 'model.input_blocks.1.0.emb_layers.1.intn_dequantizer.delta', 'model.input_blocks.1.0.emb_layers.1.intn_dequantizer.zero_point', 'model.input_blocks.1.0.cond_emb_layers.1.intn_dequantizer.delta', 'model.input_blocks.1.0.cond_emb_layers.1.intn_dequantizer.zero_point', 'model.input_blocks.1.0.out_layers.3.intn_dequantizer.delta', 'model.input_blocks.1.0.out_layers.3.intn_dequantizer.zero_point', 'model.input_blocks.2.0.in_layers.2.intn_dequantizer.delta', 'model.input_blocks.2.0.in_layers.2.intn_dequantizer.zero_point']
2026-03-20 19:41:13,391 [INFO] MODEL(load from model.model.*): provided=1822 effective_loaded=1822 missing=280 unexpected=0
2026-03-20 19:41:13,391 [INFO] MODEL(load from model.model.*): provided=1822 effective_loaded=1822 missing=280 unexpected=0
2026-03-20 19:41:13,391 [INFO] ✅ 量化模型載入成功
2026-03-20 19:41:13,391 [INFO] ✅ 量化模型載入成功
2026-03-20 19:41:13,391 [INFO] === 初始化新功能模組 ===
2026-03-20 19:41:13,391 [INFO] === 初始化新功能模組 ===
2026-03-20 19:41:13,420 [INFO] ✅ 基礎模型設定完成
2026-03-20 19:41:13,420 [INFO] ✅ 基礎模型設定完成
2026-03-20 19:41:13,450 [INFO] ==================================================
2026-03-20 19:41:13,450 [INFO] ==================================================
2026-03-20 19:41:13,451 [INFO] 啟用 Similarity Analysis (L1/L2/Cosine)
2026-03-20 19:41:13,451 [INFO] 啟用 Similarity Analysis (L1/L2/Cosine)
2026-03-20 19:41:13,451 [INFO] FID 評估樣本數: 128
2026-03-20 19:41:13,451 [INFO] FID 評估樣本數: 128
2026-03-20 19:41:13,451 [INFO] 實際收集樣本數: 20 (用於加速)
2026-03-20 19:41:13,451 [INFO] 實際收集樣本數: 20 (用於加速)
2026-03-20 19:41:13,451 [INFO] 擴散步數: 100
2026-03-20 19:41:13,451 [INFO] 擴散步數: 100
2026-03-20 19:41:13,451 [INFO] ==================================================
2026-03-20 19:41:13,451 [INFO] ==================================================
2026-03-20 19:41:13,452 [INFO] [Similarity] 註冊 block hook: model.output_blocks.13
2026-03-20 19:41:13,452 [INFO] [Similarity] 註冊 block hook: model.output_blocks.13
2026-03-20 19:41:13,452 [INFO] [Similarity] 註冊 model step hook 完成
2026-03-20 19:41:13,452 [INFO] [Similarity] 註冊 model step hook 完成
Model params: 174.19 M
loading pretrain ... 130M
step: 1019986
loading latent stats ...
local seed: 0
train data: 70001
val data: 70001
on train dataloader start ...
mean: tensor(-0.0606, device='cuda:0') std: tensor(0.0755, device='cuda:0')
generating images:   0%|          | 0/4 [00:00<?, ?it/s]/home/jimmy/diffae/./diffusion/base.py:329: FutureWarning: `torch.cuda.amp.autocast(args...)` is deprecated. Please use `torch.amp.autocast('cuda', args...)` instead.
  with autocast(self.conf.fp16):
2026-03-20 19:41:51,274 [INFO] [Similarity] Batch 0 完成，已收集 20 個樣本
2026-03-20 19:41:51,274 [INFO] [Similarity] Batch 0 完成，已收集 20 個樣本
generating images:  25%|██▌       | 1/4 [00:38<01:54, 38.18s/it]2026-03-20 19:42:29,355 [INFO] [Similarity] Batch 1 完成，已收集 20 個樣本
2026-03-20 19:42:29,355 [INFO] [Similarity] Batch 1 完成，已收集 20 個樣本
generating images:  50%|█████     | 2/4 [01:16<01:16, 38.13s/it]2026-03-20 19:43:07,440 [INFO] [Similarity] Batch 2 完成，已收集 20 個樣本
2026-03-20 19:43:07,440 [INFO] [Similarity] Batch 2 完成，已收集 20 個樣本
generating images:  75%|███████▌  | 3/4 [01:54<00:38, 38.11s/it]2026-03-20 19:43:23,448 [INFO] [Similarity] 已收集 80 个样本，停止数据收集（目标: 80）
2026-03-20 19:43:23,448 [INFO] [Similarity] 已收集 80 个样本，停止数据收集（目标: 80）
2026-03-20 19:43:45,536 [INFO] [Similarity] Batch 3 完成，已收集 20 個樣本
2026-03-20 19:43:45,536 [INFO] [Similarity] Batch 3 完成，已收集 20 個樣本
generating images: 100%|██████████| 4/4 [02:32<00:00, 38.10s/it]generating images: 100%|██████████| 4/4 [02:32<00:00, 38.11s/it]
2026-03-20 19:43:45,900 [INFO] [Similarity] FID@128 100 steps score: 0
2026-03-20 19:43:45,900 [INFO] [Similarity] FID@128 100 steps score: 0
2026-03-20 19:43:45,901 [INFO] [Similarity] model.output_blocks.13 cosine: min=0.088805, max=1.000000, diag_mean=1.000000, off_diag_mean=0.910483, off_diag_std=0.166119
2026-03-20 19:43:45,901 [INFO] [Similarity] model.output_blocks.13 cosine: min=0.088805, max=1.000000, diag_mean=1.000000, off_diag_mean=0.910483, off_diag_std=0.166119
2026-03-20 19:43:46,884 [INFO] ✅ Similarity Analysis 完成
2026-03-20 19:43:46,884 [INFO] ✅ Similarity Analysis 完成
2026-03-20 19:43:46,958 [INFO] 執行 'main_float_model' 完成，耗時: 157.08 秒
2026-03-20 19:43:46,958 [INFO] 執行 'main_float_model' 完成，耗時: 157.08 秒
