/home/jimmy/anaconda3/envs/diffae_bw/lib/python3.10/site-packages/lightning_fabric/__init__.py:41: pkg_resources is deprecated as an API. See https://setuptools.pypa.io/en/latest/pkg_resources.html. The pkg_resources package is slated for removal as early as 2025-11-30. Refrain from using this package or pin to Setuptools<81.
使用自動混合精度: torch.bfloat16
[設定] Log 檔案已設為: QATcode/cache_method/L1_L2_cosine/logs/similarity_model_output_blocks_4.log
2026-01-26 12:18:59,786 [INFO] Using 100 steps
2026-01-26 12:18:59,786 [INFO] Using 50000 evaluation samples
2026-01-26 12:18:59,786 [INFO] Cache enabled: False, method: Res, threshold: 0.1
2026-01-26 12:18:59,786 [INFO] Quantitative analysis enabled: False, samples: 10
2026-01-26 12:18:59,786 [INFO] Log file: QATcode/cache_method/L1_L2_cosine/logs/similarity_model_output_blocks_4.log
2026-01-26 12:18:59,786 [INFO] ==================================================
2026-01-26 12:18:59,786 [INFO] Diff-AE EfficientDM Step 7 : 生成圖片
2026-01-26 12:18:59,786 [INFO] Using 100 steps
2026-01-26 12:18:59,786 [INFO] Using 50000 evaluation samples
2026-01-26 12:18:59,786 [INFO] Cache enabled: False, method: Res, threshold: 0.1
2026-01-26 12:18:59,786 [INFO] Quantitative analysis enabled: False, samples: 10
2026-01-26 12:18:59,786 [INFO] Log file: QATcode/cache_method/L1_L2_cosine/logs/similarity_model_output_blocks_4.log
2026-01-26 12:18:59,786 [INFO] ==================================================
2026-01-26 12:18:59,786 [INFO] Diff-AE EfficientDM Step 7 : 生成圖片
2026-01-26 12:18:59,786 [INFO] ==================================================
2026-01-26 12:18:59,786 [INFO] ==================================================
2026-01-26 12:18:59,786 [INFO] 使用設備: cuda
2026-01-26 12:18:59,786 [INFO] === 新功能狀態 ===
2026-01-26 12:18:59,786 [INFO] 載入 Diff-AE 模型: checkpoints/ffhq128_autoenc_latent/last.ckpt
2026-01-26 12:18:59,786 [INFO] 使用設備: cuda
2026-01-26 12:18:59,786 [INFO] === 新功能狀態 ===
2026-01-26 12:18:59,786 [INFO] 載入 Diff-AE 模型: checkpoints/ffhq128_autoenc_latent/last.ckpt
Seed set to 0
Model params: 174.19 M
loading pretrain ... 130M
step: 1019986
loading latent stats ...
2026-01-26 12:19:02,584 [INFO] Diff-AE 模型載入完成
2026-01-26 12:19:02,584 [INFO] Diff-AE 模型載入完成
2026-01-26 12:19:02,628 [INFO] 執行 'load_diffae_model' 完成，耗時: 2.84 秒
2026-01-26 12:19:02,628 [INFO] ✅ Diff-AE 模型載入成功
2026-01-26 12:19:02,628 [INFO] base_model.conf.train_mode: TrainMode.latent_diffusion
2026-01-26 12:19:02,628 [INFO] 執行 'load_diffae_model' 完成，耗時: 2.84 秒
2026-01-26 12:19:02,628 [INFO] ✅ Diff-AE 模型載入成功
2026-01-26 12:19:02,628 [INFO] base_model.conf.train_mode: TrainMode.latent_diffusion
2026-01-26 12:19:02,628 [INFO] === 創建 LoRA 量化模型 ===
2026-01-26 12:19:02,628 [INFO] === 創建 LoRA 量化模型 ===
2026-01-26 12:19:02,628 [INFO] === 開始 UNet LoRA 量化改造 ===
2026-01-26 12:19:02,628 [INFO] 改造模組: time_embed
2026-01-26 12:19:02,628 [INFO] === 開始 UNet LoRA 量化改造 ===
2026-01-26 12:19:02,628 [INFO] 改造模組: time_embed
2026-01-26 12:19:02,628 [INFO]   跳過量化特殊模組: 0
2026-01-26 12:19:02,628 [INFO]   跳過量化特殊模組: 0
2026-01-26 12:19:02,633 [INFO]   跳過量化特殊模組: 2
2026-01-26 12:19:02,633 [INFO]   跳過量化特殊模組: 2
2026-01-26 12:19:02,637 [INFO] 改造模組: input_blocks
2026-01-26 12:19:02,637 [INFO]   跳過量化特殊模組: 0
2026-01-26 12:19:02,638 [INFO]   替換層 2 -> QuantModule_DiffAE_LoRA
2026-01-26 12:19:02,637 [INFO] 改造模組: input_blocks
2026-01-26 12:19:02,637 [INFO]   跳過量化特殊模組: 0
2026-01-26 12:19:02,638 [INFO]   替換層 2 -> QuantModule_DiffAE_LoRA
2026-01-26 12:19:02,722 [INFO]   替換層 1 -> QuantModule_DiffAE_LoRA
2026-01-26 12:19:02,722 [INFO]   替換層 1 -> QuantModule_DiffAE_LoRA
2026-01-26 12:19:02,728 [INFO]   替換層 1 -> QuantModule_DiffAE_LoRA
2026-01-26 12:19:02,728 [INFO]   替換層 1 -> QuantModule_DiffAE_LoRA
2026-01-26 12:19:02,732 [INFO]   替換層 3 -> QuantModule_DiffAE_LoRA
2026-01-26 12:19:02,732 [INFO]   替換層 3 -> QuantModule_DiffAE_LoRA
2026-01-26 12:19:02,738 [INFO]   替換層 2 -> QuantModule_DiffAE_LoRA
2026-01-26 12:19:02,738 [INFO]   替換層 2 -> QuantModule_DiffAE_LoRA
2026-01-26 12:19:02,744 [INFO]   替換層 1 -> QuantModule_DiffAE_LoRA
2026-01-26 12:19:02,744 [INFO]   替換層 1 -> QuantModule_DiffAE_LoRA
2026-01-26 12:19:02,748 [INFO]   替換層 1 -> QuantModule_DiffAE_LoRA
2026-01-26 12:19:02,748 [INFO]   替換層 1 -> QuantModule_DiffAE_LoRA
2026-01-26 12:19:02,748 [INFO]   替換層 3 -> QuantModule_DiffAE_LoRA
2026-01-26 12:19:02,748 [INFO]   替換層 3 -> QuantModule_DiffAE_LoRA
2026-01-26 12:19:02,749 [INFO]   替換層 2 -> QuantModule_DiffAE_LoRA
2026-01-26 12:19:02,749 [INFO]   替換層 2 -> QuantModule_DiffAE_LoRA
2026-01-26 12:19:02,749 [INFO]   替換層 1 -> QuantModule_DiffAE_LoRA
2026-01-26 12:19:02,749 [INFO]   替換層 1 -> QuantModule_DiffAE_LoRA
2026-01-26 12:19:02,750 [INFO]   替換層 1 -> QuantModule_DiffAE_LoRA
2026-01-26 12:19:02,750 [INFO]   替換層 1 -> QuantModule_DiffAE_LoRA
2026-01-26 12:19:02,750 [INFO]   替換層 3 -> QuantModule_DiffAE_LoRA
2026-01-26 12:19:02,750 [INFO]   替換層 3 -> QuantModule_DiffAE_LoRA
2026-01-26 12:19:02,751 [INFO]   替換層 2 -> QuantModule_DiffAE_LoRA
2026-01-26 12:19:02,751 [INFO]   替換層 2 -> QuantModule_DiffAE_LoRA
2026-01-26 12:19:02,752 [INFO]   替換層 1 -> QuantModule_DiffAE_LoRA
2026-01-26 12:19:02,752 [INFO]   替換層 1 -> QuantModule_DiffAE_LoRA
2026-01-26 12:19:02,752 [INFO]   替換層 1 -> QuantModule_DiffAE_LoRA
2026-01-26 12:19:02,752 [INFO]   替換層 1 -> QuantModule_DiffAE_LoRA
2026-01-26 12:19:02,752 [INFO]   替換層 3 -> QuantModule_DiffAE_LoRA
2026-01-26 12:19:02,752 [INFO]   替換層 3 -> QuantModule_DiffAE_LoRA
2026-01-26 12:19:02,754 [INFO]   替換層 2 -> QuantModule_DiffAE_LoRA
2026-01-26 12:19:02,754 [INFO]   替換層 2 -> QuantModule_DiffAE_LoRA
2026-01-26 12:19:02,754 [INFO]   替換層 1 -> QuantModule_DiffAE_LoRA
2026-01-26 12:19:02,754 [INFO]   替換層 1 -> QuantModule_DiffAE_LoRA
2026-01-26 12:19:02,755 [INFO]   替換層 1 -> QuantModule_DiffAE_LoRA
2026-01-26 12:19:02,755 [INFO]   替換層 1 -> QuantModule_DiffAE_LoRA
2026-01-26 12:19:02,755 [INFO]   替換層 3 -> QuantModule_DiffAE_LoRA
2026-01-26 12:19:02,755 [INFO]   替換層 3 -> QuantModule_DiffAE_LoRA
2026-01-26 12:19:02,756 [INFO]   替換層 2 -> QuantModule_DiffAE_LoRA
2026-01-26 12:19:02,756 [INFO]   替換層 2 -> QuantModule_DiffAE_LoRA
2026-01-26 12:19:02,757 [INFO]   替換層 1 -> QuantModule_DiffAE_LoRA
2026-01-26 12:19:02,757 [INFO]   替換層 1 -> QuantModule_DiffAE_LoRA
2026-01-26 12:19:02,757 [INFO]   替換層 1 -> QuantModule_DiffAE_LoRA
2026-01-26 12:19:02,757 [INFO]   替換層 1 -> QuantModule_DiffAE_LoRA
2026-01-26 12:19:02,757 [INFO]   替換層 3 -> QuantModule_DiffAE_LoRA
2026-01-26 12:19:02,757 [INFO]   替換層 3 -> QuantModule_DiffAE_LoRA
2026-01-26 12:19:02,758 [INFO]   替換層 2 -> QuantModule_DiffAE_LoRA
2026-01-26 12:19:02,758 [INFO]   替換層 2 -> QuantModule_DiffAE_LoRA
2026-01-26 12:19:02,759 [INFO]   替換層 1 -> QuantModule_DiffAE_LoRA
2026-01-26 12:19:02,759 [INFO]   替換層 1 -> QuantModule_DiffAE_LoRA
2026-01-26 12:19:02,760 [INFO]   替換層 1 -> QuantModule_DiffAE_LoRA
2026-01-26 12:19:02,760 [INFO]   替換層 1 -> QuantModule_DiffAE_LoRA
2026-01-26 12:19:02,761 [INFO]   替換層 3 -> QuantModule_DiffAE_LoRA
2026-01-26 12:19:02,761 [INFO]   替換層 3 -> QuantModule_DiffAE_LoRA
2026-01-26 12:19:02,762 [INFO]   跳過量化 skip connection: skip_connection
2026-01-26 12:19:02,762 [INFO]   跳過量化 skip connection: skip_connection
2026-01-26 12:19:02,762 [INFO]   替換層 2 -> QuantModule_DiffAE_LoRA
2026-01-26 12:19:02,762 [INFO]   替換層 2 -> QuantModule_DiffAE_LoRA
2026-01-26 12:19:02,764 [INFO]   替換層 1 -> QuantModule_DiffAE_LoRA
2026-01-26 12:19:02,764 [INFO]   替換層 1 -> QuantModule_DiffAE_LoRA
2026-01-26 12:19:02,765 [INFO]   替換層 1 -> QuantModule_DiffAE_LoRA
2026-01-26 12:19:02,765 [INFO]   替換層 1 -> QuantModule_DiffAE_LoRA
2026-01-26 12:19:02,765 [INFO]   替換層 3 -> QuantModule_DiffAE_LoRA
2026-01-26 12:19:02,765 [INFO]   替換層 3 -> QuantModule_DiffAE_LoRA
2026-01-26 12:19:02,767 [INFO]   替換層 2 -> QuantModule_DiffAE_LoRA
2026-01-26 12:19:02,767 [INFO]   替換層 2 -> QuantModule_DiffAE_LoRA
2026-01-26 12:19:02,768 [INFO]   替換層 1 -> QuantModule_DiffAE_LoRA
2026-01-26 12:19:02,768 [INFO]   替換層 1 -> QuantModule_DiffAE_LoRA
2026-01-26 12:19:02,770 [INFO]   替換層 1 -> QuantModule_DiffAE_LoRA
2026-01-26 12:19:02,770 [INFO]   替換層 1 -> QuantModule_DiffAE_LoRA
2026-01-26 12:19:02,771 [INFO]   替換層 3 -> QuantModule_DiffAE_LoRA
2026-01-26 12:19:02,771 [INFO]   替換層 3 -> QuantModule_DiffAE_LoRA
2026-01-26 12:19:02,772 [INFO]   替換層 2 -> QuantModule_DiffAE_LoRA
2026-01-26 12:19:02,772 [INFO]   替換層 2 -> QuantModule_DiffAE_LoRA
2026-01-26 12:19:02,774 [INFO]   替換層 1 -> QuantModule_DiffAE_LoRA
2026-01-26 12:19:02,774 [INFO]   替換層 1 -> QuantModule_DiffAE_LoRA
2026-01-26 12:19:02,776 [INFO]   替換層 1 -> QuantModule_DiffAE_LoRA
2026-01-26 12:19:02,776 [INFO]   替換層 1 -> QuantModule_DiffAE_LoRA
2026-01-26 12:19:02,776 [INFO]   替換層 3 -> QuantModule_DiffAE_LoRA
2026-01-26 12:19:02,776 [INFO]   替換層 3 -> QuantModule_DiffAE_LoRA
2026-01-26 12:19:02,780 [INFO]   跳過量化 skip connection: skip_connection
2026-01-26 12:19:02,780 [INFO]   跳過量化 skip connection: skip_connection
2026-01-26 12:19:02,780 [INFO]   替換層 2 -> QuantModule_DiffAE_LoRA
2026-01-26 12:19:02,780 [INFO]   替換層 2 -> QuantModule_DiffAE_LoRA
2026-01-26 12:19:02,786 [INFO]   替換層 1 -> QuantModule_DiffAE_LoRA
2026-01-26 12:19:02,786 [INFO]   替換層 1 -> QuantModule_DiffAE_LoRA
2026-01-26 12:19:02,790 [INFO]   替換層 1 -> QuantModule_DiffAE_LoRA
2026-01-26 12:19:02,790 [INFO]   替換層 1 -> QuantModule_DiffAE_LoRA
2026-01-26 12:19:02,796 [INFO]   替換層 3 -> QuantModule_DiffAE_LoRA
2026-01-26 12:19:02,796 [INFO]   替換層 3 -> QuantModule_DiffAE_LoRA
2026-01-26 12:19:02,803 [INFO]   替換層 2 -> QuantModule_DiffAE_LoRA
2026-01-26 12:19:02,803 [INFO]   替換層 2 -> QuantModule_DiffAE_LoRA
2026-01-26 12:19:02,807 [INFO]   替換層 1 -> QuantModule_DiffAE_LoRA
2026-01-26 12:19:02,807 [INFO]   替換層 1 -> QuantModule_DiffAE_LoRA
2026-01-26 12:19:02,811 [INFO]   替換層 1 -> QuantModule_DiffAE_LoRA
2026-01-26 12:19:02,811 [INFO]   替換層 1 -> QuantModule_DiffAE_LoRA
2026-01-26 12:19:02,817 [INFO]   替換層 3 -> QuantModule_DiffAE_LoRA
2026-01-26 12:19:02,817 [INFO]   替換層 3 -> QuantModule_DiffAE_LoRA
2026-01-26 12:19:02,824 [INFO]   替換層 2 -> QuantModule_DiffAE_LoRA
2026-01-26 12:19:02,824 [INFO]   替換層 2 -> QuantModule_DiffAE_LoRA
2026-01-26 12:19:02,831 [INFO]   替換層 1 -> QuantModule_DiffAE_LoRA
2026-01-26 12:19:02,831 [INFO]   替換層 1 -> QuantModule_DiffAE_LoRA
2026-01-26 12:19:02,836 [INFO]   替換層 1 -> QuantModule_DiffAE_LoRA
2026-01-26 12:19:02,836 [INFO]   替換層 1 -> QuantModule_DiffAE_LoRA
2026-01-26 12:19:02,841 [INFO]   替換層 3 -> QuantModule_DiffAE_LoRA
2026-01-26 12:19:02,841 [INFO]   替換層 3 -> QuantModule_DiffAE_LoRA
2026-01-26 12:19:02,848 [INFO]   跳過量化 skip connection: skip_connection
2026-01-26 12:19:02,848 [INFO]   替換層 2 -> QuantModule_DiffAE_LoRA
2026-01-26 12:19:02,848 [INFO]   跳過量化 skip connection: skip_connection
2026-01-26 12:19:02,848 [INFO]   替換層 2 -> QuantModule_DiffAE_LoRA
2026-01-26 12:19:02,858 [INFO]   替換層 1 -> QuantModule_DiffAE_LoRA
2026-01-26 12:19:02,858 [INFO]   替換層 1 -> QuantModule_DiffAE_LoRA
2026-01-26 12:19:02,865 [INFO]   替換層 1 -> QuantModule_DiffAE_LoRA
2026-01-26 12:19:02,865 [INFO]   替換層 1 -> QuantModule_DiffAE_LoRA
2026-01-26 12:19:02,870 [INFO]   替換層 3 -> QuantModule_DiffAE_LoRA
2026-01-26 12:19:02,870 [INFO]   替換層 3 -> QuantModule_DiffAE_LoRA
2026-01-26 12:19:02,878 [INFO] 改造模組: middle_block
2026-01-26 12:19:02,878 [INFO] 改造模組: middle_block
2026-01-26 12:19:02,878 [INFO]   替換層 2 -> QuantModule_DiffAE_LoRA
2026-01-26 12:19:02,878 [INFO]   替換層 2 -> QuantModule_DiffAE_LoRA
2026-01-26 12:19:02,891 [INFO]   替換層 1 -> QuantModule_DiffAE_LoRA
2026-01-26 12:19:02,891 [INFO]   替換層 1 -> QuantModule_DiffAE_LoRA
2026-01-26 12:19:02,898 [INFO]   替換層 1 -> QuantModule_DiffAE_LoRA
2026-01-26 12:19:02,898 [INFO]   替換層 1 -> QuantModule_DiffAE_LoRA
2026-01-26 12:19:02,903 [INFO]   替換層 3 -> QuantModule_DiffAE_LoRA
2026-01-26 12:19:02,903 [INFO]   替換層 3 -> QuantModule_DiffAE_LoRA
2026-01-26 12:19:02,917 [INFO]   替換層 2 -> QuantModule_DiffAE_LoRA
2026-01-26 12:19:02,917 [INFO]   替換層 2 -> QuantModule_DiffAE_LoRA
2026-01-26 12:19:02,924 [INFO]   替換層 1 -> QuantModule_DiffAE_LoRA
2026-01-26 12:19:02,924 [INFO]   替換層 1 -> QuantModule_DiffAE_LoRA
2026-01-26 12:19:02,932 [INFO]   替換層 1 -> QuantModule_DiffAE_LoRA
2026-01-26 12:19:02,932 [INFO]   替換層 1 -> QuantModule_DiffAE_LoRA
2026-01-26 12:19:02,939 [INFO]   替換層 3 -> QuantModule_DiffAE_LoRA
2026-01-26 12:19:02,939 [INFO]   替換層 3 -> QuantModule_DiffAE_LoRA
2026-01-26 12:19:02,951 [INFO] 改造模組: output_blocks
2026-01-26 12:19:02,951 [INFO]   替換層 2 -> QuantModule_DiffAE_LoRA
2026-01-26 12:19:02,951 [INFO] 改造模組: output_blocks
2026-01-26 12:19:02,951 [INFO]   替換層 2 -> QuantModule_DiffAE_LoRA
2026-01-26 12:19:02,966 [INFO]   替換層 1 -> QuantModule_DiffAE_LoRA
2026-01-26 12:19:02,966 [INFO]   替換層 1 -> QuantModule_DiffAE_LoRA
2026-01-26 12:19:02,971 [INFO]   替換層 1 -> QuantModule_DiffAE_LoRA
2026-01-26 12:19:02,971 [INFO]   替換層 1 -> QuantModule_DiffAE_LoRA
2026-01-26 12:19:02,976 [INFO]   替換層 3 -> QuantModule_DiffAE_LoRA
2026-01-26 12:19:02,976 [INFO]   替換層 3 -> QuantModule_DiffAE_LoRA
2026-01-26 12:19:02,983 [INFO]   跳過量化 skip connection: skip_connection
2026-01-26 12:19:02,983 [INFO]   替換層 2 -> QuantModule_DiffAE_LoRA
2026-01-26 12:19:02,983 [INFO]   跳過量化 skip connection: skip_connection
2026-01-26 12:19:02,983 [INFO]   替換層 2 -> QuantModule_DiffAE_LoRA
2026-01-26 12:19:02,998 [INFO]   替換層 1 -> QuantModule_DiffAE_LoRA
2026-01-26 12:19:02,998 [INFO]   替換層 1 -> QuantModule_DiffAE_LoRA
2026-01-26 12:19:03,005 [INFO]   替換層 1 -> QuantModule_DiffAE_LoRA
2026-01-26 12:19:03,005 [INFO]   替換層 1 -> QuantModule_DiffAE_LoRA
2026-01-26 12:19:03,008 [INFO]   替換層 3 -> QuantModule_DiffAE_LoRA
2026-01-26 12:19:03,008 [INFO]   替換層 3 -> QuantModule_DiffAE_LoRA
2026-01-26 12:19:03,015 [INFO]   跳過量化 skip connection: skip_connection
2026-01-26 12:19:03,015 [INFO]   跳過量化 skip connection: skip_connection
2026-01-26 12:19:03,015 [INFO]   替換層 2 -> QuantModule_DiffAE_LoRA
2026-01-26 12:19:03,015 [INFO]   替換層 2 -> QuantModule_DiffAE_LoRA
2026-01-26 12:19:03,029 [INFO]   替換層 1 -> QuantModule_DiffAE_LoRA
2026-01-26 12:19:03,029 [INFO]   替換層 1 -> QuantModule_DiffAE_LoRA
2026-01-26 12:19:03,036 [INFO]   替換層 1 -> QuantModule_DiffAE_LoRA
2026-01-26 12:19:03,036 [INFO]   替換層 1 -> QuantModule_DiffAE_LoRA
2026-01-26 12:19:03,040 [INFO]   替換層 3 -> QuantModule_DiffAE_LoRA
2026-01-26 12:19:03,040 [INFO]   替換層 3 -> QuantModule_DiffAE_LoRA
2026-01-26 12:19:03,053 [INFO]   跳過量化 skip connection: skip_connection
2026-01-26 12:19:03,053 [INFO]   跳過量化 skip connection: skip_connection
2026-01-26 12:19:03,053 [INFO]   替換層 2 -> QuantModule_DiffAE_LoRA
2026-01-26 12:19:03,053 [INFO]   替換層 2 -> QuantModule_DiffAE_LoRA
2026-01-26 12:19:03,063 [INFO]   替換層 1 -> QuantModule_DiffAE_LoRA
2026-01-26 12:19:03,063 [INFO]   替換層 1 -> QuantModule_DiffAE_LoRA
2026-01-26 12:19:03,071 [INFO]   替換層 1 -> QuantModule_DiffAE_LoRA
2026-01-26 12:19:03,071 [INFO]   替換層 1 -> QuantModule_DiffAE_LoRA
2026-01-26 12:19:03,075 [INFO]   替換層 3 -> QuantModule_DiffAE_LoRA
2026-01-26 12:19:03,075 [INFO]   替換層 3 -> QuantModule_DiffAE_LoRA
2026-01-26 12:19:03,084 [INFO]   替換層 2 -> QuantModule_DiffAE_LoRA
2026-01-26 12:19:03,084 [INFO]   替換層 2 -> QuantModule_DiffAE_LoRA
2026-01-26 12:19:03,097 [INFO]   替換層 1 -> QuantModule_DiffAE_LoRA
2026-01-26 12:19:03,097 [INFO]   替換層 1 -> QuantModule_DiffAE_LoRA
2026-01-26 12:19:03,105 [INFO]   替換層 1 -> QuantModule_DiffAE_LoRA
2026-01-26 12:19:03,105 [INFO]   替換層 1 -> QuantModule_DiffAE_LoRA
2026-01-26 12:19:03,110 [INFO]   替換層 3 -> QuantModule_DiffAE_LoRA
2026-01-26 12:19:03,110 [INFO]   替換層 3 -> QuantModule_DiffAE_LoRA
2026-01-26 12:19:03,119 [INFO]   跳過量化 skip connection: skip_connection
2026-01-26 12:19:03,119 [INFO]   跳過量化 skip connection: skip_connection
2026-01-26 12:19:03,119 [INFO]   替換層 2 -> QuantModule_DiffAE_LoRA
2026-01-26 12:19:03,119 [INFO]   替換層 2 -> QuantModule_DiffAE_LoRA
2026-01-26 12:19:03,130 [INFO]   替換層 1 -> QuantModule_DiffAE_LoRA
2026-01-26 12:19:03,130 [INFO]   替換層 1 -> QuantModule_DiffAE_LoRA
2026-01-26 12:19:03,136 [INFO]   替換層 1 -> QuantModule_DiffAE_LoRA
2026-01-26 12:19:03,136 [INFO]   替換層 1 -> QuantModule_DiffAE_LoRA
2026-01-26 12:19:03,141 [INFO]   替換層 3 -> QuantModule_DiffAE_LoRA
2026-01-26 12:19:03,141 [INFO]   替換層 3 -> QuantModule_DiffAE_LoRA
2026-01-26 12:19:03,149 [INFO]   跳過量化 skip connection: skip_connection
2026-01-26 12:19:03,149 [INFO]   跳過量化 skip connection: skip_connection
2026-01-26 12:19:03,150 [INFO]   替換層 2 -> QuantModule_DiffAE_LoRA
2026-01-26 12:19:03,150 [INFO]   替換層 2 -> QuantModule_DiffAE_LoRA
2026-01-26 12:19:03,159 [INFO]   替換層 1 -> QuantModule_DiffAE_LoRA
2026-01-26 12:19:03,159 [INFO]   替換層 1 -> QuantModule_DiffAE_LoRA
2026-01-26 12:19:03,164 [INFO]   替換層 1 -> QuantModule_DiffAE_LoRA
2026-01-26 12:19:03,164 [INFO]   替換層 1 -> QuantModule_DiffAE_LoRA
2026-01-26 12:19:03,169 [INFO]   替換層 3 -> QuantModule_DiffAE_LoRA
2026-01-26 12:19:03,169 [INFO]   替換層 3 -> QuantModule_DiffAE_LoRA
2026-01-26 12:19:03,178 [INFO]   跳過量化 skip connection: skip_connection
2026-01-26 12:19:03,178 [INFO]   替換層 2 -> QuantModule_DiffAE_LoRA
2026-01-26 12:19:03,178 [INFO]   跳過量化 skip connection: skip_connection
2026-01-26 12:19:03,178 [INFO]   替換層 2 -> QuantModule_DiffAE_LoRA
2026-01-26 12:19:03,189 [INFO]   替換層 1 -> QuantModule_DiffAE_LoRA
2026-01-26 12:19:03,189 [INFO]   替換層 1 -> QuantModule_DiffAE_LoRA
2026-01-26 12:19:03,196 [INFO]   替換層 1 -> QuantModule_DiffAE_LoRA
2026-01-26 12:19:03,196 [INFO]   替換層 1 -> QuantModule_DiffAE_LoRA
2026-01-26 12:19:03,200 [INFO]   替換層 3 -> QuantModule_DiffAE_LoRA
2026-01-26 12:19:03,200 [INFO]   替換層 3 -> QuantModule_DiffAE_LoRA
2026-01-26 12:19:03,210 [INFO]   替換層 2 -> QuantModule_DiffAE_LoRA
2026-01-26 12:19:03,210 [INFO]   替換層 2 -> QuantModule_DiffAE_LoRA
2026-01-26 12:19:03,220 [INFO]   替換層 1 -> QuantModule_DiffAE_LoRA
2026-01-26 12:19:03,220 [INFO]   替換層 1 -> QuantModule_DiffAE_LoRA
2026-01-26 12:19:03,227 [INFO]   替換層 1 -> QuantModule_DiffAE_LoRA
2026-01-26 12:19:03,227 [INFO]   替換層 1 -> QuantModule_DiffAE_LoRA
2026-01-26 12:19:03,230 [INFO]   替換層 3 -> QuantModule_DiffAE_LoRA
2026-01-26 12:19:03,230 [INFO]   替換層 3 -> QuantModule_DiffAE_LoRA
2026-01-26 12:19:03,238 [INFO]   跳過量化 skip connection: skip_connection
2026-01-26 12:19:03,238 [INFO]   跳過量化 skip connection: skip_connection
2026-01-26 12:19:03,238 [INFO]   替換層 2 -> QuantModule_DiffAE_LoRA
2026-01-26 12:19:03,238 [INFO]   替換層 2 -> QuantModule_DiffAE_LoRA
2026-01-26 12:19:03,243 [INFO]   替換層 1 -> QuantModule_DiffAE_LoRA
2026-01-26 12:19:03,243 [INFO]   替換層 1 -> QuantModule_DiffAE_LoRA
2026-01-26 12:19:03,247 [INFO]   替換層 1 -> QuantModule_DiffAE_LoRA
2026-01-26 12:19:03,248 [INFO]   替換層 3 -> QuantModule_DiffAE_LoRA
2026-01-26 12:19:03,249 [INFO]   跳過量化 skip connection: skip_connection
2026-01-26 12:19:03,249 [INFO]   替換層 2 -> QuantModule_DiffAE_LoRA
2026-01-26 12:19:03,247 [INFO]   替換層 1 -> QuantModule_DiffAE_LoRA
2026-01-26 12:19:03,248 [INFO]   替換層 3 -> QuantModule_DiffAE_LoRA
2026-01-26 12:19:03,249 [INFO]   跳過量化 skip connection: skip_connection
2026-01-26 12:19:03,249 [INFO]   替換層 2 -> QuantModule_DiffAE_LoRA
2026-01-26 12:19:03,252 [INFO]   替換層 1 -> QuantModule_DiffAE_LoRA
2026-01-26 12:19:03,252 [INFO]   替換層 1 -> QuantModule_DiffAE_LoRA
2026-01-26 12:19:03,253 [INFO]   替換層 1 -> QuantModule_DiffAE_LoRA
2026-01-26 12:19:03,253 [INFO]   替換層 1 -> QuantModule_DiffAE_LoRA
2026-01-26 12:19:03,254 [INFO]   替換層 3 -> QuantModule_DiffAE_LoRA
2026-01-26 12:19:03,254 [INFO]   替換層 3 -> QuantModule_DiffAE_LoRA
2026-01-26 12:19:03,255 [INFO]   跳過量化 skip connection: skip_connection
2026-01-26 12:19:03,255 [INFO]   跳過量化 skip connection: skip_connection
2026-01-26 12:19:03,255 [INFO]   替換層 2 -> QuantModule_DiffAE_LoRA
2026-01-26 12:19:03,255 [INFO]   替換層 2 -> QuantModule_DiffAE_LoRA
2026-01-26 12:19:03,257 [INFO]   替換層 1 -> QuantModule_DiffAE_LoRA
2026-01-26 12:19:03,257 [INFO]   替換層 1 -> QuantModule_DiffAE_LoRA
2026-01-26 12:19:03,258 [INFO]   替換層 1 -> QuantModule_DiffAE_LoRA
2026-01-26 12:19:03,258 [INFO]   替換層 1 -> QuantModule_DiffAE_LoRA
2026-01-26 12:19:03,258 [INFO]   替換層 3 -> QuantModule_DiffAE_LoRA
2026-01-26 12:19:03,258 [INFO]   替換層 3 -> QuantModule_DiffAE_LoRA
2026-01-26 12:19:03,260 [INFO]   替換層 2 -> QuantModule_DiffAE_LoRA
2026-01-26 12:19:03,260 [INFO]   替換層 2 -> QuantModule_DiffAE_LoRA
2026-01-26 12:19:03,261 [INFO]   替換層 1 -> QuantModule_DiffAE_LoRA
2026-01-26 12:19:03,261 [INFO]   替換層 1 -> QuantModule_DiffAE_LoRA
2026-01-26 12:19:03,262 [INFO]   替換層 1 -> QuantModule_DiffAE_LoRA
2026-01-26 12:19:03,262 [INFO]   替換層 1 -> QuantModule_DiffAE_LoRA
2026-01-26 12:19:03,262 [INFO]   替換層 3 -> QuantModule_DiffAE_LoRA
2026-01-26 12:19:03,262 [INFO]   替換層 3 -> QuantModule_DiffAE_LoRA
2026-01-26 12:19:03,263 [INFO]   跳過量化 skip connection: skip_connection
2026-01-26 12:19:03,263 [INFO]   跳過量化 skip connection: skip_connection
2026-01-26 12:19:03,263 [INFO]   替換層 2 -> QuantModule_DiffAE_LoRA
2026-01-26 12:19:03,263 [INFO]   替換層 2 -> QuantModule_DiffAE_LoRA
2026-01-26 12:19:03,264 [INFO]   替換層 1 -> QuantModule_DiffAE_LoRA
2026-01-26 12:19:03,264 [INFO]   替換層 1 -> QuantModule_DiffAE_LoRA
2026-01-26 12:19:03,265 [INFO]   替換層 1 -> QuantModule_DiffAE_LoRA
2026-01-26 12:19:03,265 [INFO]   替換層 1 -> QuantModule_DiffAE_LoRA
2026-01-26 12:19:03,265 [INFO]   替換層 3 -> QuantModule_DiffAE_LoRA
2026-01-26 12:19:03,265 [INFO]   替換層 3 -> QuantModule_DiffAE_LoRA
2026-01-26 12:19:03,266 [INFO]   跳過量化 skip connection: skip_connection
2026-01-26 12:19:03,266 [INFO]   跳過量化 skip connection: skip_connection
2026-01-26 12:19:03,266 [INFO]   替換層 2 -> QuantModule_DiffAE_LoRA
2026-01-26 12:19:03,266 [INFO]   替換層 2 -> QuantModule_DiffAE_LoRA
2026-01-26 12:19:03,267 [INFO]   替換層 1 -> QuantModule_DiffAE_LoRA
2026-01-26 12:19:03,267 [INFO]   替換層 1 -> QuantModule_DiffAE_LoRA
2026-01-26 12:19:03,267 [INFO]   替換層 1 -> QuantModule_DiffAE_LoRA
2026-01-26 12:19:03,267 [INFO]   替換層 1 -> QuantModule_DiffAE_LoRA
2026-01-26 12:19:03,268 [INFO]   替換層 3 -> QuantModule_DiffAE_LoRA
2026-01-26 12:19:03,268 [INFO]   替換層 3 -> QuantModule_DiffAE_LoRA
2026-01-26 12:19:03,268 [INFO]   跳過量化 skip connection: skip_connection
2026-01-26 12:19:03,268 [INFO]   跳過量化 skip connection: skip_connection
2026-01-26 12:19:03,268 [INFO]   替換層 2 -> QuantModule_DiffAE_LoRA
2026-01-26 12:19:03,268 [INFO]   替換層 2 -> QuantModule_DiffAE_LoRA
2026-01-26 12:19:03,270 [INFO]   替換層 1 -> QuantModule_DiffAE_LoRA
2026-01-26 12:19:03,270 [INFO]   替換層 1 -> QuantModule_DiffAE_LoRA
2026-01-26 12:19:03,270 [INFO]   替換層 1 -> QuantModule_DiffAE_LoRA
2026-01-26 12:19:03,270 [INFO]   替換層 1 -> QuantModule_DiffAE_LoRA
2026-01-26 12:19:03,271 [INFO]   替換層 3 -> QuantModule_DiffAE_LoRA
2026-01-26 12:19:03,271 [INFO]   替換層 3 -> QuantModule_DiffAE_LoRA
2026-01-26 12:19:03,271 [INFO]   替換層 2 -> QuantModule_DiffAE_LoRA
2026-01-26 12:19:03,271 [INFO]   替換層 2 -> QuantModule_DiffAE_LoRA
2026-01-26 12:19:03,272 [INFO]   替換層 1 -> QuantModule_DiffAE_LoRA
2026-01-26 12:19:03,272 [INFO]   替換層 1 -> QuantModule_DiffAE_LoRA
2026-01-26 12:19:03,273 [INFO]   替換層 1 -> QuantModule_DiffAE_LoRA
2026-01-26 12:19:03,273 [INFO]   替換層 1 -> QuantModule_DiffAE_LoRA
2026-01-26 12:19:03,273 [INFO]   替換層 3 -> QuantModule_DiffAE_LoRA
2026-01-26 12:19:03,273 [INFO]   替換層 3 -> QuantModule_DiffAE_LoRA
2026-01-26 12:19:03,274 [INFO]   跳過量化 skip connection: skip_connection
2026-01-26 12:19:03,274 [INFO]   跳過量化 skip connection: skip_connection
2026-01-26 12:19:03,274 [INFO]   替換層 2 -> QuantModule_DiffAE_LoRA
2026-01-26 12:19:03,274 [INFO]   替換層 2 -> QuantModule_DiffAE_LoRA
2026-01-26 12:19:03,275 [INFO]   替換層 1 -> QuantModule_DiffAE_LoRA
2026-01-26 12:19:03,275 [INFO]   替換層 1 -> QuantModule_DiffAE_LoRA
2026-01-26 12:19:03,276 [INFO]   替換層 1 -> QuantModule_DiffAE_LoRA
2026-01-26 12:19:03,276 [INFO]   替換層 1 -> QuantModule_DiffAE_LoRA
2026-01-26 12:19:03,276 [INFO]   替換層 3 -> QuantModule_DiffAE_LoRA
2026-01-26 12:19:03,276 [INFO]   替換層 3 -> QuantModule_DiffAE_LoRA
2026-01-26 12:19:03,277 [INFO]   跳過量化 skip connection: skip_connection
2026-01-26 12:19:03,277 [INFO]   跳過量化 skip connection: skip_connection
2026-01-26 12:19:03,277 [INFO]   替換層 2 -> QuantModule_DiffAE_LoRA
2026-01-26 12:19:03,277 [INFO]   替換層 2 -> QuantModule_DiffAE_LoRA
2026-01-26 12:19:03,278 [INFO]   替換層 1 -> QuantModule_DiffAE_LoRA
2026-01-26 12:19:03,278 [INFO]   替換層 1 -> QuantModule_DiffAE_LoRA
2026-01-26 12:19:03,278 [INFO]   替換層 1 -> QuantModule_DiffAE_LoRA
2026-01-26 12:19:03,278 [INFO]   替換層 1 -> QuantModule_DiffAE_LoRA
2026-01-26 12:19:03,279 [INFO]   替換層 3 -> QuantModule_DiffAE_LoRA
2026-01-26 12:19:03,279 [INFO]   替換層 3 -> QuantModule_DiffAE_LoRA
2026-01-26 12:19:03,279 [INFO]   跳過量化 skip connection: skip_connection
2026-01-26 12:19:03,279 [INFO]   跳過量化 skip connection: skip_connection
2026-01-26 12:19:03,279 [INFO] 改造模組: out
2026-01-26 12:19:03,279 [INFO] 改造模組: out
2026-01-26 12:19:03,279 [INFO]   跳過量化特殊模組: 2
2026-01-26 12:19:03,279 [INFO]   跳過量化特殊模組: 2
2026-01-26 12:19:03,282 [INFO] 執行 'create_float_quantized_model' 完成，耗時: 0.65 秒
2026-01-26 12:19:03,282 [INFO] 執行 'create_float_quantized_model' 完成，耗時: 0.65 秒
2026-01-26 12:19:03,401 [INFO] 載入校準資料...
2026-01-26 12:19:03,401 [INFO] 載入校準資料...
2026-01-26 12:19:03,690 [INFO] ✅ 載入真實校準資料成功
2026-01-26 12:19:03,690 [INFO] ✅ 載入真實校準資料成功
2026-01-26 12:19:03,692 [INFO] ==================================================
2026-01-26 12:19:03,692 [INFO] ==================================================
2026-01-26 12:19:03,692 [INFO] 5. Setting first and last layers to 8-bit...
2026-01-26 12:19:03,692 [INFO] 5. Setting first and last layers to 8-bit...
2026-01-26 12:19:03,693 [INFO] 找到 144 個量化模組
2026-01-26 12:19:03,693 [INFO] 找到 144 個量化模組
2026-01-26 12:19:03,693 [INFO] ✅ 首尾層 8-bit 設定完成
2026-01-26 12:19:03,694 [INFO] ✅ 量化模型創建成功
2026-01-26 12:19:03,694 [INFO] set quant state to True, True for layer 1
2026-01-26 12:19:03,694 [INFO] set quant state to True, True for layer 2
2026-01-26 12:19:03,694 [INFO] set quant state to True, False for layer 3
2026-01-26 12:19:03,693 [INFO] ✅ 首尾層 8-bit 設定完成
2026-01-26 12:19:03,694 [INFO] ✅ 量化模型創建成功
2026-01-26 12:19:03,694 [INFO] set quant state to True, True for layer 1
2026-01-26 12:19:03,694 [INFO] set quant state to True, True for layer 2
2026-01-26 12:19:03,694 [INFO] set quant state to True, False for layer 3
2026-01-26 12:19:03,695 [INFO] set quant state to True, True for layer 144
2026-01-26 12:19:03,695 [INFO] set quant state to True, True for layer 144
2026-01-26 12:19:04,802 [INFO] ✅ 量化模型載入成功
2026-01-26 12:19:04,803 [INFO] === 初始化新功能模組 ===
2026-01-26 12:19:04,802 [INFO] ✅ 量化模型載入成功
2026-01-26 12:19:04,803 [INFO] === 初始化新功能模組 ===
local seed: 0
2026-01-26 12:19:04,828 [INFO] ✅ 基礎模型設定完成
train data: 70001
val data: 70001
2026-01-26 12:19:04,828 [INFO] ✅ 基礎模型設定完成
on train dataloader start ...
mean: tensor(-0.0606, device='cuda:0') std: tensor(0.0755, device='cuda:0')
2026-01-26 12:19:04,873 [INFO] ==================================================
2026-01-26 12:19:04,873 [INFO] 啟用 Similarity Analysis (L1/L2/Cosine)
2026-01-26 12:19:04,874 [INFO] FID 評估樣本數: 128
2026-01-26 12:19:04,874 [INFO] 實際收集樣本數: 20 (用於加速)
2026-01-26 12:19:04,873 [INFO] ==================================================
2026-01-26 12:19:04,873 [INFO] 啟用 Similarity Analysis (L1/L2/Cosine)
2026-01-26 12:19:04,874 [INFO] FID 評估樣本數: 128
2026-01-26 12:19:04,874 [INFO] 實際收集樣本數: 20 (用於加速)
2026-01-26 12:19:04,874 [INFO] 擴散步數: 100
2026-01-26 12:19:04,874 [INFO] ==================================================
2026-01-26 12:19:04,874 [INFO] 擴散步數: 100
2026-01-26 12:19:04,874 [INFO] ==================================================
2026-01-26 12:19:04,874 [INFO] [Similarity] 註冊 block hook: model.output_blocks.4
2026-01-26 12:19:04,874 [INFO] [Similarity] 註冊 block hook: model.output_blocks.4
2026-01-26 12:19:04,875 [INFO] [Similarity] 註冊 model step hook 完成
2026-01-26 12:19:04,875 [INFO] [Similarity] 註冊 model step hook 完成
generating images:   0%|          | 0/4 [00:00<?, ?it/s]/home/jimmy/diffae/./diffusion/base.py:329: FutureWarning: `torch.cuda.amp.autocast(args...)` is deprecated. Please use `torch.amp.autocast('cuda', args...)` instead.
  with autocast(self.conf.fp16):
2026-01-26 12:19:22,325 [INFO] [Similarity] Batch 0 完成，已收集 20 個樣本
2026-01-26 12:19:22,325 [INFO] [Similarity] Batch 0 完成，已收集 20 個樣本
generating images:  25%|██▌       | 1/4 [00:17<00:53, 17.73s/it]2026-01-26 12:19:39,824 [INFO] [Similarity] Batch 1 完成，已收集 20 個樣本
2026-01-26 12:19:39,824 [INFO] [Similarity] Batch 1 完成，已收集 20 個樣本
generating images:  50%|█████     | 2/4 [00:35<00:35, 17.70s/it]2026-01-26 12:19:57,504 [INFO] [Similarity] Batch 2 完成，已收集 20 個樣本
2026-01-26 12:19:57,504 [INFO] [Similarity] Batch 2 完成，已收集 20 個樣本
generating images:  75%|███████▌  | 3/4 [00:52<00:17, 17.61s/it]2026-01-26 12:20:13,449 [INFO] [Similarity] 已收集 80 个样本，停止数据收集（目标: 80）
2026-01-26 12:20:13,449 [INFO] [Similarity] 已收集 80 个样本，停止数据收集（目标: 80）
2026-01-26 12:20:15,018 [INFO] [Similarity] Batch 3 完成，已收集 20 個樣本
2026-01-26 12:20:15,018 [INFO] [Similarity] Batch 3 完成，已收集 20 個樣本
2026-01-26 12:20:15,295 [INFO] [Similarity] FID@128 100 steps score: 0
generating images: 100%|██████████| 4/4 [01:10<00:00, 17.57s/it]generating images: 100%|██████████| 4/4 [01:10<00:00, 17.60s/it]
2026-01-26 12:20:15,295 [INFO] [Similarity] FID@128 100 steps score: 0
2026-01-26 12:20:15,296 [INFO] [Similarity] model.output_blocks.4 cosine: min=0.577484, max=1.000000, diag_mean=1.000000, off_diag_mean=0.908436, off_diag_std=0.083079
2026-01-26 12:20:15,296 [INFO] [Similarity] model.output_blocks.4 cosine: min=0.577484, max=1.000000, diag_mean=1.000000, off_diag_mean=0.908436, off_diag_std=0.083079
2026-01-26 12:20:16,414 [INFO] ✅ Similarity Analysis 完成
2026-01-26 12:20:16,414 [INFO] ✅ Similarity Analysis 完成
2026-01-26 12:20:16,454 [INFO] 執行 'main_float_model' 完成，耗時: 76.67 秒
2026-01-26 12:20:16,454 [INFO] 執行 'main_float_model' 完成，耗時: 76.67 秒
/home/jimmy/anaconda3/envs/diffae_bw/lib/python3.10/site-packages/torchmetrics/utilities/imports.py:21: UserWarning: pkg_resources is deprecated as an API. See https://setuptools.pypa.io/en/latest/pkg_resources.html. The pkg_resources package is slated for removal as early as 2025-11-30. Refrain from using this package or pin to Setuptools<81.
  from pkg_resources import DistributionNotFound, get_distribution
使用自動混合精度: torch.bfloat16
[設定] Log 檔案已設為: QATcode/cache_method/L1_L2_cosine/logs/similarity_model_output_blocks_4.log
2026-03-20 19:25:43,333 [INFO] Using 100 steps
2026-03-20 19:25:43,333 [INFO] Using 100 steps
2026-03-20 19:25:43,333 [INFO] Using 50000 evaluation samples
2026-03-20 19:25:43,333 [INFO] Using 50000 evaluation samples
2026-03-20 19:25:43,333 [INFO] Cache enabled: False, method: Res, threshold: 0.1
2026-03-20 19:25:43,333 [INFO] Cache enabled: False, method: Res, threshold: 0.1
2026-03-20 19:25:43,333 [INFO] Quantitative analysis enabled: False, samples: 10
2026-03-20 19:25:43,333 [INFO] Quantitative analysis enabled: False, samples: 10
2026-03-20 19:25:43,333 [INFO] Log file: QATcode/cache_method/L1_L2_cosine/logs/similarity_model_output_blocks_4.log
2026-03-20 19:25:43,333 [INFO] Log file: QATcode/cache_method/L1_L2_cosine/logs/similarity_model_output_blocks_4.log
2026-03-20 19:25:43,333 [INFO] ==================================================
2026-03-20 19:25:43,333 [INFO] ==================================================
2026-03-20 19:25:43,333 [INFO] Diff-AE EfficientDM Step 7 : 生成圖片
2026-03-20 19:25:43,333 [INFO] Diff-AE EfficientDM Step 7 : 生成圖片
2026-03-20 19:25:43,333 [INFO] ==================================================
2026-03-20 19:25:43,333 [INFO] ==================================================
2026-03-20 19:25:43,333 [INFO] 使用設備: cuda
2026-03-20 19:25:43,333 [INFO] 使用設備: cuda
2026-03-20 19:25:43,333 [INFO] === 新功能狀態 ===
2026-03-20 19:25:43,333 [INFO] === 新功能狀態 ===
2026-03-20 19:25:43,333 [INFO] 載入 Diff-AE 模型: checkpoints/ffhq128_autoenc_latent/last.ckpt
2026-03-20 19:25:43,333 [INFO] 載入 Diff-AE 模型: checkpoints/ffhq128_autoenc_latent/last.ckpt
Global seed set to 0
2026-03-20 19:25:45,165 [INFO] Diff-AE 模型載入完成
2026-03-20 19:25:45,165 [INFO] Diff-AE 模型載入完成
2026-03-20 19:25:45,202 [INFO] 執行 'load_diffae_model' 完成，耗時: 1.87 秒
2026-03-20 19:25:45,202 [INFO] 執行 'load_diffae_model' 完成，耗時: 1.87 秒
2026-03-20 19:25:45,202 [INFO] ✅ Diff-AE 模型載入成功
2026-03-20 19:25:45,202 [INFO] ✅ Diff-AE 模型載入成功
2026-03-20 19:25:45,202 [INFO] base_model.conf.train_mode: TrainMode.latent_diffusion
2026-03-20 19:25:45,202 [INFO] base_model.conf.train_mode: TrainMode.latent_diffusion
2026-03-20 19:25:45,202 [INFO] === 創建 LoRA 量化模型 ===
2026-03-20 19:25:45,202 [INFO] === 創建 LoRA 量化模型 ===
2026-03-20 19:25:45,202 [INFO] === 開始 UNet LoRA 量化改造 ===
2026-03-20 19:25:45,202 [INFO] === 開始 UNet LoRA 量化改造 ===
2026-03-20 19:25:45,202 [INFO] 改造模組: time_embed
2026-03-20 19:25:45,202 [INFO] 改造模組: time_embed
2026-03-20 19:25:45,202 [INFO]   跳過量化特殊模組: 0
2026-03-20 19:25:45,202 [INFO]   跳過量化特殊模組: 0
2026-03-20 19:25:45,203 [INFO]   跳過量化特殊模組: 2
2026-03-20 19:25:45,203 [INFO]   跳過量化特殊模組: 2
2026-03-20 19:25:45,203 [INFO] 改造模組: input_blocks
2026-03-20 19:25:45,203 [INFO] 改造模組: input_blocks
2026-03-20 19:25:45,203 [INFO]   跳過量化特殊模組: 0
2026-03-20 19:25:45,203 [INFO]   跳過量化特殊模組: 0
2026-03-20 19:25:45,203 [INFO]   替換層 2 -> QuantModule_DiffAE_LoRA
2026-03-20 19:25:45,203 [INFO]   替換層 2 -> QuantModule_DiffAE_LoRA
2026-03-20 19:25:45,268 [INFO]   替換層 1 -> QuantModule_DiffAE_LoRA
2026-03-20 19:25:45,268 [INFO]   替換層 1 -> QuantModule_DiffAE_LoRA
2026-03-20 19:25:45,269 [INFO]   替換層 1 -> QuantModule_DiffAE_LoRA
2026-03-20 19:25:45,269 [INFO]   替換層 1 -> QuantModule_DiffAE_LoRA
2026-03-20 19:25:45,270 [INFO]   替換層 3 -> QuantModule_DiffAE_LoRA
2026-03-20 19:25:45,270 [INFO]   替換層 3 -> QuantModule_DiffAE_LoRA
2026-03-20 19:25:45,271 [INFO]   替換層 2 -> QuantModule_DiffAE_LoRA
2026-03-20 19:25:45,271 [INFO]   替換層 2 -> QuantModule_DiffAE_LoRA
2026-03-20 19:25:45,272 [INFO]   替換層 1 -> QuantModule_DiffAE_LoRA
2026-03-20 19:25:45,272 [INFO]   替換層 1 -> QuantModule_DiffAE_LoRA
2026-03-20 19:25:45,273 [INFO]   替換層 1 -> QuantModule_DiffAE_LoRA
2026-03-20 19:25:45,273 [INFO]   替換層 1 -> QuantModule_DiffAE_LoRA
2026-03-20 19:25:45,273 [INFO]   替換層 3 -> QuantModule_DiffAE_LoRA
2026-03-20 19:25:45,273 [INFO]   替換層 3 -> QuantModule_DiffAE_LoRA
2026-03-20 19:25:45,275 [INFO]   替換層 2 -> QuantModule_DiffAE_LoRA
2026-03-20 19:25:45,275 [INFO]   替換層 2 -> QuantModule_DiffAE_LoRA
2026-03-20 19:25:45,276 [INFO]   替換層 1 -> QuantModule_DiffAE_LoRA
2026-03-20 19:25:45,276 [INFO]   替換層 1 -> QuantModule_DiffAE_LoRA
2026-03-20 19:25:45,277 [INFO]   替換層 1 -> QuantModule_DiffAE_LoRA
2026-03-20 19:25:45,277 [INFO]   替換層 1 -> QuantModule_DiffAE_LoRA
2026-03-20 19:25:45,277 [INFO]   替換層 3 -> QuantModule_DiffAE_LoRA
2026-03-20 19:25:45,277 [INFO]   替換層 3 -> QuantModule_DiffAE_LoRA
2026-03-20 19:25:45,279 [INFO]   替換層 2 -> QuantModule_DiffAE_LoRA
2026-03-20 19:25:45,279 [INFO]   替換層 2 -> QuantModule_DiffAE_LoRA
2026-03-20 19:25:45,280 [INFO]   替換層 1 -> QuantModule_DiffAE_LoRA
2026-03-20 19:25:45,280 [INFO]   替換層 1 -> QuantModule_DiffAE_LoRA
2026-03-20 19:25:45,281 [INFO]   替換層 1 -> QuantModule_DiffAE_LoRA
2026-03-20 19:25:45,281 [INFO]   替換層 1 -> QuantModule_DiffAE_LoRA
2026-03-20 19:25:45,281 [INFO]   替換層 3 -> QuantModule_DiffAE_LoRA
2026-03-20 19:25:45,281 [INFO]   替換層 3 -> QuantModule_DiffAE_LoRA
2026-03-20 19:25:45,282 [INFO]   替換層 2 -> QuantModule_DiffAE_LoRA
2026-03-20 19:25:45,282 [INFO]   替換層 2 -> QuantModule_DiffAE_LoRA
2026-03-20 19:25:45,284 [INFO]   替換層 1 -> QuantModule_DiffAE_LoRA
2026-03-20 19:25:45,284 [INFO]   替換層 1 -> QuantModule_DiffAE_LoRA
2026-03-20 19:25:45,285 [INFO]   替換層 1 -> QuantModule_DiffAE_LoRA
2026-03-20 19:25:45,285 [INFO]   替換層 1 -> QuantModule_DiffAE_LoRA
2026-03-20 19:25:45,285 [INFO]   替換層 3 -> QuantModule_DiffAE_LoRA
2026-03-20 19:25:45,285 [INFO]   替換層 3 -> QuantModule_DiffAE_LoRA
2026-03-20 19:25:45,286 [INFO]   替換層 2 -> QuantModule_DiffAE_LoRA
2026-03-20 19:25:45,286 [INFO]   替換層 2 -> QuantModule_DiffAE_LoRA
2026-03-20 19:25:45,288 [INFO]   替換層 1 -> QuantModule_DiffAE_LoRA
2026-03-20 19:25:45,288 [INFO]   替換層 1 -> QuantModule_DiffAE_LoRA
2026-03-20 19:25:45,289 [INFO]   替換層 1 -> QuantModule_DiffAE_LoRA
2026-03-20 19:25:45,289 [INFO]   替換層 1 -> QuantModule_DiffAE_LoRA
2026-03-20 19:25:45,289 [INFO]   替換層 3 -> QuantModule_DiffAE_LoRA
2026-03-20 19:25:45,289 [INFO]   替換層 3 -> QuantModule_DiffAE_LoRA
2026-03-20 19:25:45,290 [INFO]   替換層 2 -> QuantModule_DiffAE_LoRA
2026-03-20 19:25:45,290 [INFO]   替換層 2 -> QuantModule_DiffAE_LoRA
2026-03-20 19:25:45,292 [INFO]   替換層 1 -> QuantModule_DiffAE_LoRA
2026-03-20 19:25:45,292 [INFO]   替換層 1 -> QuantModule_DiffAE_LoRA
2026-03-20 19:25:45,294 [INFO]   替換層 1 -> QuantModule_DiffAE_LoRA
2026-03-20 19:25:45,294 [INFO]   替換層 1 -> QuantModule_DiffAE_LoRA
2026-03-20 19:25:45,294 [INFO]   替換層 3 -> QuantModule_DiffAE_LoRA
2026-03-20 19:25:45,294 [INFO]   替換層 3 -> QuantModule_DiffAE_LoRA
2026-03-20 19:25:45,298 [INFO]   跳過量化 skip connection: skip_connection
2026-03-20 19:25:45,298 [INFO]   跳過量化 skip connection: skip_connection
2026-03-20 19:25:45,298 [INFO]   替換層 2 -> QuantModule_DiffAE_LoRA
2026-03-20 19:25:45,298 [INFO]   替換層 2 -> QuantModule_DiffAE_LoRA
2026-03-20 19:25:45,301 [INFO]   替換層 1 -> QuantModule_DiffAE_LoRA
2026-03-20 19:25:45,301 [INFO]   替換層 1 -> QuantModule_DiffAE_LoRA
2026-03-20 19:25:45,303 [INFO]   替換層 1 -> QuantModule_DiffAE_LoRA
2026-03-20 19:25:45,303 [INFO]   替換層 1 -> QuantModule_DiffAE_LoRA
2026-03-20 19:25:45,303 [INFO]   替換層 3 -> QuantModule_DiffAE_LoRA
2026-03-20 19:25:45,303 [INFO]   替換層 3 -> QuantModule_DiffAE_LoRA
2026-03-20 19:25:45,307 [INFO]   替換層 2 -> QuantModule_DiffAE_LoRA
2026-03-20 19:25:45,307 [INFO]   替換層 2 -> QuantModule_DiffAE_LoRA
2026-03-20 19:25:45,309 [INFO]   替換層 1 -> QuantModule_DiffAE_LoRA
2026-03-20 19:25:45,309 [INFO]   替換層 1 -> QuantModule_DiffAE_LoRA
2026-03-20 19:25:45,311 [INFO]   替換層 1 -> QuantModule_DiffAE_LoRA
2026-03-20 19:25:45,311 [INFO]   替換層 1 -> QuantModule_DiffAE_LoRA
2026-03-20 19:25:45,312 [INFO]   替換層 3 -> QuantModule_DiffAE_LoRA
2026-03-20 19:25:45,312 [INFO]   替換層 3 -> QuantModule_DiffAE_LoRA
2026-03-20 19:25:45,314 [INFO]   替換層 2 -> QuantModule_DiffAE_LoRA
2026-03-20 19:25:45,314 [INFO]   替換層 2 -> QuantModule_DiffAE_LoRA
2026-03-20 19:25:45,318 [INFO]   替換層 1 -> QuantModule_DiffAE_LoRA
2026-03-20 19:25:45,318 [INFO]   替換層 1 -> QuantModule_DiffAE_LoRA
2026-03-20 19:25:45,320 [INFO]   替換層 1 -> QuantModule_DiffAE_LoRA
2026-03-20 19:25:45,320 [INFO]   替換層 1 -> QuantModule_DiffAE_LoRA
2026-03-20 19:25:45,321 [INFO]   替換層 3 -> QuantModule_DiffAE_LoRA
2026-03-20 19:25:45,321 [INFO]   替換層 3 -> QuantModule_DiffAE_LoRA
2026-03-20 19:25:45,326 [INFO]   跳過量化 skip connection: skip_connection
2026-03-20 19:25:45,326 [INFO]   跳過量化 skip connection: skip_connection
2026-03-20 19:25:45,327 [INFO]   替換層 2 -> QuantModule_DiffAE_LoRA
2026-03-20 19:25:45,327 [INFO]   替換層 2 -> QuantModule_DiffAE_LoRA
2026-03-20 19:25:45,333 [INFO]   替換層 1 -> QuantModule_DiffAE_LoRA
2026-03-20 19:25:45,333 [INFO]   替換層 1 -> QuantModule_DiffAE_LoRA
2026-03-20 19:25:45,335 [INFO]   替換層 1 -> QuantModule_DiffAE_LoRA
2026-03-20 19:25:45,335 [INFO]   替換層 1 -> QuantModule_DiffAE_LoRA
2026-03-20 19:25:45,336 [INFO]   替換層 3 -> QuantModule_DiffAE_LoRA
2026-03-20 19:25:45,336 [INFO]   替換層 3 -> QuantModule_DiffAE_LoRA
2026-03-20 19:25:45,341 [INFO]   替換層 2 -> QuantModule_DiffAE_LoRA
2026-03-20 19:25:45,341 [INFO]   替換層 2 -> QuantModule_DiffAE_LoRA
2026-03-20 19:25:45,346 [INFO]   替換層 1 -> QuantModule_DiffAE_LoRA
2026-03-20 19:25:45,346 [INFO]   替換層 1 -> QuantModule_DiffAE_LoRA
2026-03-20 19:25:45,348 [INFO]   替換層 1 -> QuantModule_DiffAE_LoRA
2026-03-20 19:25:45,348 [INFO]   替換層 1 -> QuantModule_DiffAE_LoRA
2026-03-20 19:25:45,349 [INFO]   替換層 3 -> QuantModule_DiffAE_LoRA
2026-03-20 19:25:45,349 [INFO]   替換層 3 -> QuantModule_DiffAE_LoRA
2026-03-20 19:25:45,354 [INFO]   替換層 2 -> QuantModule_DiffAE_LoRA
2026-03-20 19:25:45,354 [INFO]   替換層 2 -> QuantModule_DiffAE_LoRA
2026-03-20 19:25:45,362 [INFO]   替換層 1 -> QuantModule_DiffAE_LoRA
2026-03-20 19:25:45,362 [INFO]   替換層 1 -> QuantModule_DiffAE_LoRA
2026-03-20 19:25:45,364 [INFO]   替換層 1 -> QuantModule_DiffAE_LoRA
2026-03-20 19:25:45,364 [INFO]   替換層 1 -> QuantModule_DiffAE_LoRA
2026-03-20 19:25:45,365 [INFO]   替換層 3 -> QuantModule_DiffAE_LoRA
2026-03-20 19:25:45,365 [INFO]   替換層 3 -> QuantModule_DiffAE_LoRA
2026-03-20 19:25:45,374 [INFO]   跳過量化 skip connection: skip_connection
2026-03-20 19:25:45,374 [INFO]   跳過量化 skip connection: skip_connection
2026-03-20 19:25:45,374 [INFO]   替換層 2 -> QuantModule_DiffAE_LoRA
2026-03-20 19:25:45,374 [INFO]   替換層 2 -> QuantModule_DiffAE_LoRA
2026-03-20 19:25:45,382 [INFO]   替換層 1 -> QuantModule_DiffAE_LoRA
2026-03-20 19:25:45,382 [INFO]   替換層 1 -> QuantModule_DiffAE_LoRA
2026-03-20 19:25:45,384 [INFO]   替換層 1 -> QuantModule_DiffAE_LoRA
2026-03-20 19:25:45,384 [INFO]   替換層 1 -> QuantModule_DiffAE_LoRA
2026-03-20 19:25:45,385 [INFO]   替換層 3 -> QuantModule_DiffAE_LoRA
2026-03-20 19:25:45,385 [INFO]   替換層 3 -> QuantModule_DiffAE_LoRA
2026-03-20 19:25:45,392 [INFO] 改造模組: middle_block
2026-03-20 19:25:45,392 [INFO] 改造模組: middle_block
2026-03-20 19:25:45,392 [INFO]   替換層 2 -> QuantModule_DiffAE_LoRA
2026-03-20 19:25:45,392 [INFO]   替換層 2 -> QuantModule_DiffAE_LoRA
2026-03-20 19:25:45,399 [INFO]   替換層 1 -> QuantModule_DiffAE_LoRA
2026-03-20 19:25:45,399 [INFO]   替換層 1 -> QuantModule_DiffAE_LoRA
2026-03-20 19:25:45,401 [INFO]   替換層 1 -> QuantModule_DiffAE_LoRA
2026-03-20 19:25:45,401 [INFO]   替換層 1 -> QuantModule_DiffAE_LoRA
2026-03-20 19:25:45,402 [INFO]   替換層 3 -> QuantModule_DiffAE_LoRA
2026-03-20 19:25:45,402 [INFO]   替換層 3 -> QuantModule_DiffAE_LoRA
2026-03-20 19:25:45,409 [INFO]   替換層 2 -> QuantModule_DiffAE_LoRA
2026-03-20 19:25:45,409 [INFO]   替換層 2 -> QuantModule_DiffAE_LoRA
2026-03-20 19:25:45,416 [INFO]   替換層 1 -> QuantModule_DiffAE_LoRA
2026-03-20 19:25:45,416 [INFO]   替換層 1 -> QuantModule_DiffAE_LoRA
2026-03-20 19:25:45,418 [INFO]   替換層 1 -> QuantModule_DiffAE_LoRA
2026-03-20 19:25:45,418 [INFO]   替換層 1 -> QuantModule_DiffAE_LoRA
2026-03-20 19:25:45,419 [INFO]   替換層 3 -> QuantModule_DiffAE_LoRA
2026-03-20 19:25:45,419 [INFO]   替換層 3 -> QuantModule_DiffAE_LoRA
2026-03-20 19:25:45,426 [INFO] 改造模組: output_blocks
2026-03-20 19:25:45,426 [INFO] 改造模組: output_blocks
2026-03-20 19:25:45,426 [INFO]   替換層 2 -> QuantModule_DiffAE_LoRA
2026-03-20 19:25:45,426 [INFO]   替換層 2 -> QuantModule_DiffAE_LoRA
2026-03-20 19:25:45,440 [INFO]   替換層 1 -> QuantModule_DiffAE_LoRA
2026-03-20 19:25:45,440 [INFO]   替換層 1 -> QuantModule_DiffAE_LoRA
2026-03-20 19:25:45,442 [INFO]   替換層 1 -> QuantModule_DiffAE_LoRA
2026-03-20 19:25:45,442 [INFO]   替換層 1 -> QuantModule_DiffAE_LoRA
2026-03-20 19:25:45,443 [INFO]   替換層 3 -> QuantModule_DiffAE_LoRA
2026-03-20 19:25:45,443 [INFO]   替換層 3 -> QuantModule_DiffAE_LoRA
2026-03-20 19:25:45,452 [INFO]   跳過量化 skip connection: skip_connection
2026-03-20 19:25:45,452 [INFO]   跳過量化 skip connection: skip_connection
2026-03-20 19:25:45,452 [INFO]   替換層 2 -> QuantModule_DiffAE_LoRA
2026-03-20 19:25:45,452 [INFO]   替換層 2 -> QuantModule_DiffAE_LoRA
2026-03-20 19:25:45,466 [INFO]   替換層 1 -> QuantModule_DiffAE_LoRA
2026-03-20 19:25:45,466 [INFO]   替換層 1 -> QuantModule_DiffAE_LoRA
2026-03-20 19:25:45,467 [INFO]   替換層 1 -> QuantModule_DiffAE_LoRA
2026-03-20 19:25:45,467 [INFO]   替換層 1 -> QuantModule_DiffAE_LoRA
2026-03-20 19:25:45,469 [INFO]   替換層 3 -> QuantModule_DiffAE_LoRA
2026-03-20 19:25:45,469 [INFO]   替換層 3 -> QuantModule_DiffAE_LoRA
2026-03-20 19:25:45,478 [INFO]   跳過量化 skip connection: skip_connection
2026-03-20 19:25:45,478 [INFO]   跳過量化 skip connection: skip_connection
2026-03-20 19:25:45,478 [INFO]   替換層 2 -> QuantModule_DiffAE_LoRA
2026-03-20 19:25:45,478 [INFO]   替換層 2 -> QuantModule_DiffAE_LoRA
2026-03-20 19:25:45,490 [INFO]   替換層 1 -> QuantModule_DiffAE_LoRA
2026-03-20 19:25:45,490 [INFO]   替換層 1 -> QuantModule_DiffAE_LoRA
2026-03-20 19:25:45,491 [INFO]   替換層 1 -> QuantModule_DiffAE_LoRA
2026-03-20 19:25:45,491 [INFO]   替換層 1 -> QuantModule_DiffAE_LoRA
2026-03-20 19:25:45,492 [INFO]   替換層 3 -> QuantModule_DiffAE_LoRA
2026-03-20 19:25:45,492 [INFO]   替換層 3 -> QuantModule_DiffAE_LoRA
2026-03-20 19:25:45,502 [INFO]   跳過量化 skip connection: skip_connection
2026-03-20 19:25:45,502 [INFO]   跳過量化 skip connection: skip_connection
2026-03-20 19:25:45,502 [INFO]   替換層 2 -> QuantModule_DiffAE_LoRA
2026-03-20 19:25:45,502 [INFO]   替換層 2 -> QuantModule_DiffAE_LoRA
2026-03-20 19:25:45,509 [INFO]   替換層 1 -> QuantModule_DiffAE_LoRA
2026-03-20 19:25:45,509 [INFO]   替換層 1 -> QuantModule_DiffAE_LoRA
2026-03-20 19:25:45,510 [INFO]   替換層 1 -> QuantModule_DiffAE_LoRA
2026-03-20 19:25:45,510 [INFO]   替換層 1 -> QuantModule_DiffAE_LoRA
2026-03-20 19:25:45,511 [INFO]   替換層 3 -> QuantModule_DiffAE_LoRA
2026-03-20 19:25:45,511 [INFO]   替換層 3 -> QuantModule_DiffAE_LoRA
2026-03-20 19:25:45,519 [INFO]   替換層 2 -> QuantModule_DiffAE_LoRA
2026-03-20 19:25:45,519 [INFO]   替換層 2 -> QuantModule_DiffAE_LoRA
2026-03-20 19:25:45,529 [INFO]   替換層 1 -> QuantModule_DiffAE_LoRA
2026-03-20 19:25:45,529 [INFO]   替換層 1 -> QuantModule_DiffAE_LoRA
2026-03-20 19:25:45,531 [INFO]   替換層 1 -> QuantModule_DiffAE_LoRA
2026-03-20 19:25:45,531 [INFO]   替換層 1 -> QuantModule_DiffAE_LoRA
2026-03-20 19:25:45,532 [INFO]   替換層 3 -> QuantModule_DiffAE_LoRA
2026-03-20 19:25:45,532 [INFO]   替換層 3 -> QuantModule_DiffAE_LoRA
2026-03-20 19:25:45,537 [INFO]   跳過量化 skip connection: skip_connection
2026-03-20 19:25:45,537 [INFO]   跳過量化 skip connection: skip_connection
2026-03-20 19:25:45,537 [INFO]   替換層 2 -> QuantModule_DiffAE_LoRA
2026-03-20 19:25:45,537 [INFO]   替換層 2 -> QuantModule_DiffAE_LoRA
2026-03-20 19:25:45,546 [INFO]   替換層 1 -> QuantModule_DiffAE_LoRA
2026-03-20 19:25:45,546 [INFO]   替換層 1 -> QuantModule_DiffAE_LoRA
2026-03-20 19:25:45,547 [INFO]   替換層 1 -> QuantModule_DiffAE_LoRA
2026-03-20 19:25:45,547 [INFO]   替換層 1 -> QuantModule_DiffAE_LoRA
2026-03-20 19:25:45,549 [INFO]   替換層 3 -> QuantModule_DiffAE_LoRA
2026-03-20 19:25:45,549 [INFO]   替換層 3 -> QuantModule_DiffAE_LoRA
2026-03-20 19:25:45,554 [INFO]   跳過量化 skip connection: skip_connection
2026-03-20 19:25:45,554 [INFO]   跳過量化 skip connection: skip_connection
2026-03-20 19:25:45,554 [INFO]   替換層 2 -> QuantModule_DiffAE_LoRA
2026-03-20 19:25:45,554 [INFO]   替換層 2 -> QuantModule_DiffAE_LoRA
2026-03-20 19:25:45,562 [INFO]   替換層 1 -> QuantModule_DiffAE_LoRA
2026-03-20 19:25:45,562 [INFO]   替換層 1 -> QuantModule_DiffAE_LoRA
2026-03-20 19:25:45,564 [INFO]   替換層 1 -> QuantModule_DiffAE_LoRA
2026-03-20 19:25:45,564 [INFO]   替換層 1 -> QuantModule_DiffAE_LoRA
2026-03-20 19:25:45,565 [INFO]   替換層 3 -> QuantModule_DiffAE_LoRA
2026-03-20 19:25:45,565 [INFO]   替換層 3 -> QuantModule_DiffAE_LoRA
2026-03-20 19:25:45,570 [INFO]   跳過量化 skip connection: skip_connection
2026-03-20 19:25:45,570 [INFO]   跳過量化 skip connection: skip_connection
2026-03-20 19:25:45,570 [INFO]   替換層 2 -> QuantModule_DiffAE_LoRA
2026-03-20 19:25:45,570 [INFO]   替換層 2 -> QuantModule_DiffAE_LoRA
2026-03-20 19:25:45,576 [INFO]   替換層 1 -> QuantModule_DiffAE_LoRA
2026-03-20 19:25:45,576 [INFO]   替換層 1 -> QuantModule_DiffAE_LoRA
2026-03-20 19:25:45,577 [INFO]   替換層 1 -> QuantModule_DiffAE_LoRA
2026-03-20 19:25:45,577 [INFO]   替換層 1 -> QuantModule_DiffAE_LoRA
2026-03-20 19:25:45,578 [INFO]   替換層 3 -> QuantModule_DiffAE_LoRA
2026-03-20 19:25:45,578 [INFO]   替換層 3 -> QuantModule_DiffAE_LoRA
2026-03-20 19:25:45,582 [INFO]   替換層 2 -> QuantModule_DiffAE_LoRA
2026-03-20 19:25:45,582 [INFO]   替換層 2 -> QuantModule_DiffAE_LoRA
2026-03-20 19:25:45,587 [INFO]   替換層 1 -> QuantModule_DiffAE_LoRA
2026-03-20 19:25:45,587 [INFO]   替換層 1 -> QuantModule_DiffAE_LoRA
2026-03-20 19:25:45,588 [INFO]   替換層 1 -> QuantModule_DiffAE_LoRA
2026-03-20 19:25:45,588 [INFO]   替換層 1 -> QuantModule_DiffAE_LoRA
2026-03-20 19:25:45,590 [INFO]   替換層 3 -> QuantModule_DiffAE_LoRA
2026-03-20 19:25:45,590 [INFO]   替換層 3 -> QuantModule_DiffAE_LoRA
2026-03-20 19:25:45,592 [INFO]   跳過量化 skip connection: skip_connection
2026-03-20 19:25:45,592 [INFO]   跳過量化 skip connection: skip_connection
2026-03-20 19:25:45,593 [INFO]   替換層 2 -> QuantModule_DiffAE_LoRA
2026-03-20 19:25:45,593 [INFO]   替換層 2 -> QuantModule_DiffAE_LoRA
2026-03-20 19:25:45,597 [INFO]   替換層 1 -> QuantModule_DiffAE_LoRA
2026-03-20 19:25:45,597 [INFO]   替換層 1 -> QuantModule_DiffAE_LoRA
2026-03-20 19:25:45,598 [INFO]   替換層 1 -> QuantModule_DiffAE_LoRA
2026-03-20 19:25:45,598 [INFO]   替換層 1 -> QuantModule_DiffAE_LoRA
2026-03-20 19:25:45,599 [INFO]   替換層 3 -> QuantModule_DiffAE_LoRA
2026-03-20 19:25:45,599 [INFO]   替換層 3 -> QuantModule_DiffAE_LoRA
2026-03-20 19:25:45,601 [INFO]   跳過量化 skip connection: skip_connection
2026-03-20 19:25:45,601 [INFO]   跳過量化 skip connection: skip_connection
2026-03-20 19:25:45,601 [INFO]   替換層 2 -> QuantModule_DiffAE_LoRA
2026-03-20 19:25:45,601 [INFO]   替換層 2 -> QuantModule_DiffAE_LoRA
2026-03-20 19:25:45,605 [INFO]   替換層 1 -> QuantModule_DiffAE_LoRA
2026-03-20 19:25:45,605 [INFO]   替換層 1 -> QuantModule_DiffAE_LoRA
2026-03-20 19:25:45,606 [INFO]   替換層 1 -> QuantModule_DiffAE_LoRA
2026-03-20 19:25:45,606 [INFO]   替換層 1 -> QuantModule_DiffAE_LoRA
2026-03-20 19:25:45,606 [INFO]   替換層 3 -> QuantModule_DiffAE_LoRA
2026-03-20 19:25:45,606 [INFO]   替換層 3 -> QuantModule_DiffAE_LoRA
2026-03-20 19:25:45,608 [INFO]   跳過量化 skip connection: skip_connection
2026-03-20 19:25:45,608 [INFO]   跳過量化 skip connection: skip_connection
2026-03-20 19:25:45,608 [INFO]   替換層 2 -> QuantModule_DiffAE_LoRA
2026-03-20 19:25:45,608 [INFO]   替換層 2 -> QuantModule_DiffAE_LoRA
2026-03-20 19:25:45,610 [INFO]   替換層 1 -> QuantModule_DiffAE_LoRA
2026-03-20 19:25:45,610 [INFO]   替換層 1 -> QuantModule_DiffAE_LoRA
2026-03-20 19:25:45,611 [INFO]   替換層 1 -> QuantModule_DiffAE_LoRA
2026-03-20 19:25:45,611 [INFO]   替換層 1 -> QuantModule_DiffAE_LoRA
2026-03-20 19:25:45,612 [INFO]   替換層 3 -> QuantModule_DiffAE_LoRA
2026-03-20 19:25:45,612 [INFO]   替換層 3 -> QuantModule_DiffAE_LoRA
2026-03-20 19:25:45,614 [INFO]   替換層 2 -> QuantModule_DiffAE_LoRA
2026-03-20 19:25:45,614 [INFO]   替換層 2 -> QuantModule_DiffAE_LoRA
2026-03-20 19:25:45,616 [INFO]   替換層 1 -> QuantModule_DiffAE_LoRA
2026-03-20 19:25:45,616 [INFO]   替換層 1 -> QuantModule_DiffAE_LoRA
2026-03-20 19:25:45,616 [INFO]   替換層 1 -> QuantModule_DiffAE_LoRA
2026-03-20 19:25:45,616 [INFO]   替換層 1 -> QuantModule_DiffAE_LoRA
2026-03-20 19:25:45,617 [INFO]   替換層 3 -> QuantModule_DiffAE_LoRA
2026-03-20 19:25:45,617 [INFO]   替換層 3 -> QuantModule_DiffAE_LoRA
2026-03-20 19:25:45,618 [INFO]   跳過量化 skip connection: skip_connection
2026-03-20 19:25:45,618 [INFO]   跳過量化 skip connection: skip_connection
2026-03-20 19:25:45,618 [INFO]   替換層 2 -> QuantModule_DiffAE_LoRA
2026-03-20 19:25:45,618 [INFO]   替換層 2 -> QuantModule_DiffAE_LoRA
2026-03-20 19:25:45,619 [INFO]   替換層 1 -> QuantModule_DiffAE_LoRA
2026-03-20 19:25:45,619 [INFO]   替換層 1 -> QuantModule_DiffAE_LoRA
2026-03-20 19:25:45,620 [INFO]   替換層 1 -> QuantModule_DiffAE_LoRA
2026-03-20 19:25:45,620 [INFO]   替換層 1 -> QuantModule_DiffAE_LoRA
2026-03-20 19:25:45,620 [INFO]   替換層 3 -> QuantModule_DiffAE_LoRA
2026-03-20 19:25:45,620 [INFO]   替換層 3 -> QuantModule_DiffAE_LoRA
2026-03-20 19:25:45,621 [INFO]   跳過量化 skip connection: skip_connection
2026-03-20 19:25:45,621 [INFO]   跳過量化 skip connection: skip_connection
2026-03-20 19:25:45,621 [INFO]   替換層 2 -> QuantModule_DiffAE_LoRA
2026-03-20 19:25:45,621 [INFO]   替換層 2 -> QuantModule_DiffAE_LoRA
2026-03-20 19:25:45,622 [INFO]   替換層 1 -> QuantModule_DiffAE_LoRA
2026-03-20 19:25:45,622 [INFO]   替換層 1 -> QuantModule_DiffAE_LoRA
2026-03-20 19:25:45,623 [INFO]   替換層 1 -> QuantModule_DiffAE_LoRA
2026-03-20 19:25:45,623 [INFO]   替換層 1 -> QuantModule_DiffAE_LoRA
2026-03-20 19:25:45,623 [INFO]   替換層 3 -> QuantModule_DiffAE_LoRA
2026-03-20 19:25:45,623 [INFO]   替換層 3 -> QuantModule_DiffAE_LoRA
2026-03-20 19:25:45,624 [INFO]   跳過量化 skip connection: skip_connection
2026-03-20 19:25:45,624 [INFO]   跳過量化 skip connection: skip_connection
2026-03-20 19:25:45,624 [INFO]   替換層 2 -> QuantModule_DiffAE_LoRA
2026-03-20 19:25:45,624 [INFO]   替換層 2 -> QuantModule_DiffAE_LoRA
2026-03-20 19:25:45,625 [INFO]   替換層 1 -> QuantModule_DiffAE_LoRA
2026-03-20 19:25:45,625 [INFO]   替換層 1 -> QuantModule_DiffAE_LoRA
2026-03-20 19:25:45,626 [INFO]   替換層 1 -> QuantModule_DiffAE_LoRA
2026-03-20 19:25:45,626 [INFO]   替換層 1 -> QuantModule_DiffAE_LoRA
2026-03-20 19:25:45,626 [INFO]   替換層 3 -> QuantModule_DiffAE_LoRA
2026-03-20 19:25:45,626 [INFO]   替換層 3 -> QuantModule_DiffAE_LoRA
2026-03-20 19:25:45,627 [INFO]   替換層 2 -> QuantModule_DiffAE_LoRA
2026-03-20 19:25:45,627 [INFO]   替換層 2 -> QuantModule_DiffAE_LoRA
2026-03-20 19:25:45,628 [INFO]   替換層 1 -> QuantModule_DiffAE_LoRA
2026-03-20 19:25:45,628 [INFO]   替換層 1 -> QuantModule_DiffAE_LoRA
2026-03-20 19:25:45,629 [INFO]   替換層 1 -> QuantModule_DiffAE_LoRA
2026-03-20 19:25:45,629 [INFO]   替換層 1 -> QuantModule_DiffAE_LoRA
2026-03-20 19:25:45,629 [INFO]   替換層 3 -> QuantModule_DiffAE_LoRA
2026-03-20 19:25:45,629 [INFO]   替換層 3 -> QuantModule_DiffAE_LoRA
2026-03-20 19:25:45,630 [INFO]   跳過量化 skip connection: skip_connection
2026-03-20 19:25:45,630 [INFO]   跳過量化 skip connection: skip_connection
2026-03-20 19:25:45,630 [INFO]   替換層 2 -> QuantModule_DiffAE_LoRA
2026-03-20 19:25:45,630 [INFO]   替換層 2 -> QuantModule_DiffAE_LoRA
2026-03-20 19:25:45,631 [INFO]   替換層 1 -> QuantModule_DiffAE_LoRA
2026-03-20 19:25:45,631 [INFO]   替換層 1 -> QuantModule_DiffAE_LoRA
2026-03-20 19:25:45,632 [INFO]   替換層 1 -> QuantModule_DiffAE_LoRA
2026-03-20 19:25:45,632 [INFO]   替換層 1 -> QuantModule_DiffAE_LoRA
2026-03-20 19:25:45,632 [INFO]   替換層 3 -> QuantModule_DiffAE_LoRA
2026-03-20 19:25:45,632 [INFO]   替換層 3 -> QuantModule_DiffAE_LoRA
2026-03-20 19:25:45,633 [INFO]   跳過量化 skip connection: skip_connection
2026-03-20 19:25:45,633 [INFO]   跳過量化 skip connection: skip_connection
2026-03-20 19:25:45,633 [INFO]   替換層 2 -> QuantModule_DiffAE_LoRA
2026-03-20 19:25:45,633 [INFO]   替換層 2 -> QuantModule_DiffAE_LoRA
2026-03-20 19:25:45,635 [INFO]   替換層 1 -> QuantModule_DiffAE_LoRA
2026-03-20 19:25:45,635 [INFO]   替換層 1 -> QuantModule_DiffAE_LoRA
2026-03-20 19:25:45,635 [INFO]   替換層 1 -> QuantModule_DiffAE_LoRA
2026-03-20 19:25:45,635 [INFO]   替換層 1 -> QuantModule_DiffAE_LoRA
2026-03-20 19:25:45,636 [INFO]   替換層 3 -> QuantModule_DiffAE_LoRA
2026-03-20 19:25:45,636 [INFO]   替換層 3 -> QuantModule_DiffAE_LoRA
2026-03-20 19:25:45,637 [INFO]   跳過量化 skip connection: skip_connection
2026-03-20 19:25:45,637 [INFO]   跳過量化 skip connection: skip_connection
2026-03-20 19:25:45,637 [INFO] 改造模組: out
2026-03-20 19:25:45,637 [INFO] 改造模組: out
2026-03-20 19:25:45,637 [INFO]   跳過量化特殊模組: 2
2026-03-20 19:25:45,637 [INFO]   跳過量化特殊模組: 2
2026-03-20 19:25:45,640 [INFO] 執行 'create_float_quantized_model' 完成，耗時: 0.44 秒
2026-03-20 19:25:45,640 [INFO] 執行 'create_float_quantized_model' 完成，耗時: 0.44 秒
2026-03-20 19:25:45,726 [INFO] 載入校準資料...
2026-03-20 19:25:45,726 [INFO] 載入校準資料...
2026-03-20 19:25:45,950 [INFO] ✅ 載入真實校準資料成功
2026-03-20 19:25:45,950 [INFO] ✅ 載入真實校準資料成功
2026-03-20 19:25:45,952 [INFO] ==================================================
2026-03-20 19:25:45,952 [INFO] ==================================================
2026-03-20 19:25:45,952 [INFO] 5. Setting first and last layers to 8-bit...
2026-03-20 19:25:45,952 [INFO] 5. Setting first and last layers to 8-bit...
2026-03-20 19:25:45,953 [INFO] 找到 144 個量化模組
2026-03-20 19:25:45,953 [INFO] 找到 144 個量化模組
2026-03-20 19:25:45,953 [INFO] ✅ 首尾層 8-bit 設定完成
2026-03-20 19:25:45,953 [INFO] ✅ 首尾層 8-bit 設定完成
2026-03-20 19:25:45,953 [INFO] ✅ 量化模型創建成功
2026-03-20 19:25:45,953 [INFO] ✅ 量化模型創建成功
2026-03-20 19:25:45,954 [INFO] set quant state to True, True for layer 1
2026-03-20 19:25:45,954 [INFO] set quant state to True, True for layer 1
2026-03-20 19:25:45,954 [INFO] set quant state to True, True for layer 2
2026-03-20 19:25:45,954 [INFO] set quant state to True, True for layer 2
2026-03-20 19:25:45,954 [INFO] set quant state to True, False for layer 3
2026-03-20 19:25:45,954 [INFO] set quant state to True, False for layer 3
2026-03-20 19:25:45,955 [INFO] set quant state to True, True for layer 144
2026-03-20 19:25:45,955 [INFO] set quant state to True, True for layer 144
2026-03-20 19:25:46,899 [INFO] EMA(load from ema_model.model.*): provided=1822 effective_loaded=1822 missing=280 unexpected=0
2026-03-20 19:25:46,899 [INFO] EMA(load from ema_model.model.*): provided=1822 effective_loaded=1822 missing=280 unexpected=0
2026-03-20 19:25:46,900 [WARNING] EMA missing keys (前10): ['model.input_blocks.1.0.in_layers.2.intn_dequantizer.delta', 'model.input_blocks.1.0.in_layers.2.intn_dequantizer.zero_point', 'model.input_blocks.1.0.emb_layers.1.intn_dequantizer.delta', 'model.input_blocks.1.0.emb_layers.1.intn_dequantizer.zero_point', 'model.input_blocks.1.0.cond_emb_layers.1.intn_dequantizer.delta', 'model.input_blocks.1.0.cond_emb_layers.1.intn_dequantizer.zero_point', 'model.input_blocks.1.0.out_layers.3.intn_dequantizer.delta', 'model.input_blocks.1.0.out_layers.3.intn_dequantizer.zero_point', 'model.input_blocks.2.0.in_layers.2.intn_dequantizer.delta', 'model.input_blocks.2.0.in_layers.2.intn_dequantizer.zero_point']
2026-03-20 19:25:46,900 [WARNING] EMA missing keys (前10): ['model.input_blocks.1.0.in_layers.2.intn_dequantizer.delta', 'model.input_blocks.1.0.in_layers.2.intn_dequantizer.zero_point', 'model.input_blocks.1.0.emb_layers.1.intn_dequantizer.delta', 'model.input_blocks.1.0.emb_layers.1.intn_dequantizer.zero_point', 'model.input_blocks.1.0.cond_emb_layers.1.intn_dequantizer.delta', 'model.input_blocks.1.0.cond_emb_layers.1.intn_dequantizer.zero_point', 'model.input_blocks.1.0.out_layers.3.intn_dequantizer.delta', 'model.input_blocks.1.0.out_layers.3.intn_dequantizer.zero_point', 'model.input_blocks.2.0.in_layers.2.intn_dequantizer.delta', 'model.input_blocks.2.0.in_layers.2.intn_dequantizer.zero_point']
2026-03-20 19:25:46,956 [INFO] MODEL(load from model.model.*): provided=1822 effective_loaded=1822 missing=280 unexpected=0
2026-03-20 19:25:46,956 [INFO] MODEL(load from model.model.*): provided=1822 effective_loaded=1822 missing=280 unexpected=0
2026-03-20 19:25:46,956 [INFO] ✅ 量化模型載入成功
2026-03-20 19:25:46,956 [INFO] ✅ 量化模型載入成功
2026-03-20 19:25:46,956 [INFO] === 初始化新功能模組 ===
2026-03-20 19:25:46,956 [INFO] === 初始化新功能模組 ===
2026-03-20 19:25:46,984 [INFO] ✅ 基礎模型設定完成
2026-03-20 19:25:46,984 [INFO] ✅ 基礎模型設定完成
2026-03-20 19:25:47,009 [INFO] ==================================================
2026-03-20 19:25:47,009 [INFO] ==================================================
2026-03-20 19:25:47,009 [INFO] 啟用 Similarity Analysis (L1/L2/Cosine)
2026-03-20 19:25:47,009 [INFO] 啟用 Similarity Analysis (L1/L2/Cosine)
2026-03-20 19:25:47,009 [INFO] FID 評估樣本數: 128
2026-03-20 19:25:47,009 [INFO] FID 評估樣本數: 128
2026-03-20 19:25:47,009 [INFO] 實際收集樣本數: 20 (用於加速)
2026-03-20 19:25:47,009 [INFO] 實際收集樣本數: 20 (用於加速)
2026-03-20 19:25:47,009 [INFO] 擴散步數: 100
2026-03-20 19:25:47,009 [INFO] 擴散步數: 100
2026-03-20 19:25:47,009 [INFO] ==================================================
2026-03-20 19:25:47,009 [INFO] ==================================================
2026-03-20 19:25:47,010 [INFO] [Similarity] 註冊 block hook: model.output_blocks.4
2026-03-20 19:25:47,010 [INFO] [Similarity] 註冊 block hook: model.output_blocks.4
2026-03-20 19:25:47,010 [INFO] [Similarity] 註冊 model step hook 完成
2026-03-20 19:25:47,010 [INFO] [Similarity] 註冊 model step hook 完成
Model params: 174.19 M
loading pretrain ... 130M
step: 1019986
loading latent stats ...
local seed: 0
train data: 70001
val data: 70001
on train dataloader start ...
mean: tensor(-0.0606, device='cuda:0') std: tensor(0.0755, device='cuda:0')
generating images:   0%|          | 0/4 [00:00<?, ?it/s]/home/jimmy/diffae/./diffusion/base.py:329: FutureWarning: `torch.cuda.amp.autocast(args...)` is deprecated. Please use `torch.amp.autocast('cuda', args...)` instead.
  with autocast(self.conf.fp16):
2026-03-20 19:26:04,505 [INFO] [Similarity] Batch 0 完成，已收集 20 個樣本
2026-03-20 19:26:04,505 [INFO] [Similarity] Batch 0 完成，已收集 20 個樣本
generating images:  25%|██▌       | 1/4 [00:17<00:52, 17.62s/it]2026-03-20 19:26:21,981 [INFO] [Similarity] Batch 1 完成，已收集 20 個樣本
2026-03-20 19:26:21,981 [INFO] [Similarity] Batch 1 完成，已收集 20 個樣本
generating images:  50%|█████     | 2/4 [00:35<00:35, 17.54s/it]2026-03-20 19:26:39,469 [INFO] [Similarity] Batch 2 完成，已收集 20 個樣本
2026-03-20 19:26:39,469 [INFO] [Similarity] Batch 2 完成，已收集 20 個樣本
generating images:  75%|███████▌  | 3/4 [00:52<00:17, 17.51s/it]2026-03-20 19:26:55,252 [INFO] [Similarity] 已收集 80 个样本，停止数据收集（目标: 80）
2026-03-20 19:26:55,252 [INFO] [Similarity] 已收集 80 个样本，停止数据收集（目标: 80）
2026-03-20 19:26:56,943 [INFO] [Similarity] Batch 3 完成，已收集 20 個樣本
2026-03-20 19:26:56,943 [INFO] [Similarity] Batch 3 完成，已收集 20 個樣本
generating images: 100%|██████████| 4/4 [01:10<00:00, 17.50s/it]generating images: 100%|██████████| 4/4 [01:10<00:00, 17.51s/it]
2026-03-20 19:26:57,075 [INFO] [Similarity] FID@128 100 steps score: 0
2026-03-20 19:26:57,075 [INFO] [Similarity] FID@128 100 steps score: 0
2026-03-20 19:26:57,076 [INFO] [Similarity] model.output_blocks.4 cosine: min=0.583344, max=1.000000, diag_mean=1.000000, off_diag_mean=0.909393, off_diag_std=0.082051
2026-03-20 19:26:57,076 [INFO] [Similarity] model.output_blocks.4 cosine: min=0.583344, max=1.000000, diag_mean=1.000000, off_diag_mean=0.909393, off_diag_std=0.082051
2026-03-20 19:26:58,140 [INFO] ✅ Similarity Analysis 完成
2026-03-20 19:26:58,140 [INFO] ✅ Similarity Analysis 完成
2026-03-20 19:26:58,181 [INFO] 執行 'main_float_model' 完成，耗時: 74.85 秒
2026-03-20 19:26:58,181 [INFO] 執行 'main_float_model' 完成，耗時: 74.85 秒
