/home/jimmy/anaconda3/envs/diffae_bw/lib/python3.10/site-packages/lightning_fabric/__init__.py:41: pkg_resources is deprecated as an API. See https://setuptools.pypa.io/en/latest/pkg_resources.html. The pkg_resources package is slated for removal as early as 2025-11-30. Refrain from using this package or pin to Setuptools<81.
2026-01-26 12:11:11,699 [INFO] Using 100 steps
2026-01-26 12:11:11,699 [INFO] Using 50000 evaluation samples
2026-01-26 12:11:11,699 [INFO] Cache enabled: False, method: Res, threshold: 0.1
2026-01-26 12:11:11,699 [INFO] Quantitative analysis enabled: False, samples: 10
2026-01-26 12:11:11,699 [INFO] Log file: QATcode/cache_method/L1_L2_cosine/logs/similarity_model_input_blocks_14.log
2026-01-26 12:11:11,699 [INFO] ==================================================
使用自動混合精度: torch.bfloat16
[設定] Log 檔案已設為: QATcode/cache_method/L1_L2_cosine/logs/similarity_model_input_blocks_14.log
2026-01-26 12:11:11,699 [INFO] Diff-AE EfficientDM Step 7 : 生成圖片
2026-01-26 12:11:11,699 [INFO] ==================================================
2026-01-26 12:11:11,699 [INFO] 使用設備: cuda
2026-01-26 12:11:11,699 [INFO] === 新功能狀態 ===
2026-01-26 12:11:11,699 [INFO] Using 100 steps
2026-01-26 12:11:11,699 [INFO] Using 50000 evaluation samples
2026-01-26 12:11:11,699 [INFO] Cache enabled: False, method: Res, threshold: 0.1
2026-01-26 12:11:11,699 [INFO] Quantitative analysis enabled: False, samples: 10
2026-01-26 12:11:11,699 [INFO] Log file: QATcode/cache_method/L1_L2_cosine/logs/similarity_model_input_blocks_14.log
2026-01-26 12:11:11,699 [INFO] ==================================================
2026-01-26 12:11:11,699 [INFO] Diff-AE EfficientDM Step 7 : 生成圖片
2026-01-26 12:11:11,699 [INFO] 載入 Diff-AE 模型: checkpoints/ffhq128_autoenc_latent/last.ckpt
2026-01-26 12:11:11,699 [INFO] ==================================================
2026-01-26 12:11:11,699 [INFO] 使用設備: cuda
2026-01-26 12:11:11,699 [INFO] === 新功能狀態 ===
2026-01-26 12:11:11,699 [INFO] 載入 Diff-AE 模型: checkpoints/ffhq128_autoenc_latent/last.ckpt
Seed set to 0
Model params: 174.19 M
loading pretrain ... 130M
step: 1019986
loading latent stats ...
2026-01-26 12:11:14,572 [INFO] Diff-AE 模型載入完成
2026-01-26 12:11:14,572 [INFO] Diff-AE 模型載入完成
2026-01-26 12:11:14,616 [INFO] 執行 'load_diffae_model' 完成，耗時: 2.92 秒
2026-01-26 12:11:14,616 [INFO] ✅ Diff-AE 模型載入成功
2026-01-26 12:11:14,616 [INFO] base_model.conf.train_mode: TrainMode.latent_diffusion
2026-01-26 12:11:14,616 [INFO] === 創建 LoRA 量化模型 ===
2026-01-26 12:11:14,616 [INFO] === 開始 UNet LoRA 量化改造 ===
2026-01-26 12:11:14,616 [INFO] 執行 'load_diffae_model' 完成，耗時: 2.92 秒
2026-01-26 12:11:14,616 [INFO] ✅ Diff-AE 模型載入成功
2026-01-26 12:11:14,616 [INFO] base_model.conf.train_mode: TrainMode.latent_diffusion
2026-01-26 12:11:14,616 [INFO] === 創建 LoRA 量化模型 ===
2026-01-26 12:11:14,616 [INFO] === 開始 UNet LoRA 量化改造 ===
2026-01-26 12:11:14,616 [INFO] 改造模組: time_embed
2026-01-26 12:11:14,616 [INFO] 改造模組: time_embed
2026-01-26 12:11:14,617 [INFO]   跳過量化特殊模組: 0
2026-01-26 12:11:14,617 [INFO]   跳過量化特殊模組: 0
2026-01-26 12:11:14,621 [INFO]   跳過量化特殊模組: 2
2026-01-26 12:11:14,621 [INFO]   跳過量化特殊模組: 2
2026-01-26 12:11:14,626 [INFO] 改造模組: input_blocks
2026-01-26 12:11:14,626 [INFO] 改造模組: input_blocks
2026-01-26 12:11:14,626 [INFO]   跳過量化特殊模組: 0
2026-01-26 12:11:14,626 [INFO]   跳過量化特殊模組: 0
2026-01-26 12:11:14,626 [INFO]   替換層 2 -> QuantModule_DiffAE_LoRA
2026-01-26 12:11:14,626 [INFO]   替換層 2 -> QuantModule_DiffAE_LoRA
2026-01-26 12:11:14,708 [INFO]   替換層 1 -> QuantModule_DiffAE_LoRA
2026-01-26 12:11:14,712 [INFO]   替換層 1 -> QuantModule_DiffAE_LoRA
2026-01-26 12:11:14,708 [INFO]   替換層 1 -> QuantModule_DiffAE_LoRA
2026-01-26 12:11:14,712 [INFO]   替換層 1 -> QuantModule_DiffAE_LoRA
2026-01-26 12:11:14,716 [INFO]   替換層 3 -> QuantModule_DiffAE_LoRA
2026-01-26 12:11:14,716 [INFO]   替換層 3 -> QuantModule_DiffAE_LoRA
2026-01-26 12:11:14,722 [INFO]   替換層 2 -> QuantModule_DiffAE_LoRA
2026-01-26 12:11:14,722 [INFO]   替換層 2 -> QuantModule_DiffAE_LoRA
2026-01-26 12:11:14,728 [INFO]   替換層 1 -> QuantModule_DiffAE_LoRA
2026-01-26 12:11:14,728 [INFO]   替換層 1 -> QuantModule_DiffAE_LoRA
2026-01-26 12:11:14,730 [INFO]   替換層 1 -> QuantModule_DiffAE_LoRA
2026-01-26 12:11:14,730 [INFO]   替換層 1 -> QuantModule_DiffAE_LoRA
2026-01-26 12:11:14,730 [INFO]   替換層 3 -> QuantModule_DiffAE_LoRA
2026-01-26 12:11:14,730 [INFO]   替換層 3 -> QuantModule_DiffAE_LoRA
2026-01-26 12:11:14,731 [INFO]   替換層 2 -> QuantModule_DiffAE_LoRA
2026-01-26 12:11:14,731 [INFO]   替換層 2 -> QuantModule_DiffAE_LoRA
2026-01-26 12:11:14,732 [INFO]   替換層 1 -> QuantModule_DiffAE_LoRA
2026-01-26 12:11:14,732 [INFO]   替換層 1 -> QuantModule_DiffAE_LoRA
2026-01-26 12:11:14,732 [INFO]   替換層 1 -> QuantModule_DiffAE_LoRA
2026-01-26 12:11:14,732 [INFO]   替換層 1 -> QuantModule_DiffAE_LoRA
2026-01-26 12:11:14,733 [INFO]   替換層 3 -> QuantModule_DiffAE_LoRA
2026-01-26 12:11:14,733 [INFO]   替換層 3 -> QuantModule_DiffAE_LoRA
2026-01-26 12:11:14,733 [INFO]   替換層 2 -> QuantModule_DiffAE_LoRA
2026-01-26 12:11:14,733 [INFO]   替換層 2 -> QuantModule_DiffAE_LoRA
2026-01-26 12:11:14,734 [INFO]   替換層 1 -> QuantModule_DiffAE_LoRA
2026-01-26 12:11:14,734 [INFO]   替換層 1 -> QuantModule_DiffAE_LoRA
2026-01-26 12:11:14,734 [INFO]   替換層 1 -> QuantModule_DiffAE_LoRA
2026-01-26 12:11:14,734 [INFO]   替換層 1 -> QuantModule_DiffAE_LoRA
2026-01-26 12:11:14,735 [INFO]   替換層 3 -> QuantModule_DiffAE_LoRA
2026-01-26 12:11:14,735 [INFO]   替換層 3 -> QuantModule_DiffAE_LoRA
2026-01-26 12:11:14,735 [INFO]   替換層 2 -> QuantModule_DiffAE_LoRA
2026-01-26 12:11:14,735 [INFO]   替換層 2 -> QuantModule_DiffAE_LoRA
2026-01-26 12:11:14,736 [INFO]   替換層 1 -> QuantModule_DiffAE_LoRA
2026-01-26 12:11:14,736 [INFO]   替換層 1 -> QuantModule_DiffAE_LoRA
2026-01-26 12:11:14,737 [INFO]   替換層 1 -> QuantModule_DiffAE_LoRA
2026-01-26 12:11:14,737 [INFO]   替換層 1 -> QuantModule_DiffAE_LoRA
2026-01-26 12:11:14,737 [INFO]   替換層 3 -> QuantModule_DiffAE_LoRA
2026-01-26 12:11:14,737 [INFO]   替換層 3 -> QuantModule_DiffAE_LoRA
2026-01-26 12:11:14,738 [INFO]   替換層 2 -> QuantModule_DiffAE_LoRA
2026-01-26 12:11:14,738 [INFO]   替換層 2 -> QuantModule_DiffAE_LoRA
2026-01-26 12:11:14,738 [INFO]   替換層 1 -> QuantModule_DiffAE_LoRA
2026-01-26 12:11:14,738 [INFO]   替換層 1 -> QuantModule_DiffAE_LoRA
2026-01-26 12:11:14,739 [INFO]   替換層 1 -> QuantModule_DiffAE_LoRA
2026-01-26 12:11:14,739 [INFO]   替換層 1 -> QuantModule_DiffAE_LoRA
2026-01-26 12:11:14,739 [INFO]   替換層 3 -> QuantModule_DiffAE_LoRA
2026-01-26 12:11:14,739 [INFO]   替換層 3 -> QuantModule_DiffAE_LoRA
2026-01-26 12:11:14,740 [INFO]   替換層 2 -> QuantModule_DiffAE_LoRA
2026-01-26 12:11:14,740 [INFO]   替換層 2 -> QuantModule_DiffAE_LoRA
2026-01-26 12:11:14,741 [INFO]   替換層 1 -> QuantModule_DiffAE_LoRA
2026-01-26 12:11:14,741 [INFO]   替換層 1 -> QuantModule_DiffAE_LoRA
2026-01-26 12:11:14,742 [INFO]   替換層 1 -> QuantModule_DiffAE_LoRA
2026-01-26 12:11:14,742 [INFO]   替換層 1 -> QuantModule_DiffAE_LoRA
2026-01-26 12:11:14,742 [INFO]   替換層 3 -> QuantModule_DiffAE_LoRA
2026-01-26 12:11:14,742 [INFO]   替換層 3 -> QuantModule_DiffAE_LoRA
2026-01-26 12:11:14,744 [INFO]   跳過量化 skip connection: skip_connection
2026-01-26 12:11:14,744 [INFO]   跳過量化 skip connection: skip_connection
2026-01-26 12:11:14,744 [INFO]   替換層 2 -> QuantModule_DiffAE_LoRA
2026-01-26 12:11:14,744 [INFO]   替換層 2 -> QuantModule_DiffAE_LoRA
2026-01-26 12:11:14,746 [INFO]   替換層 1 -> QuantModule_DiffAE_LoRA
2026-01-26 12:11:14,746 [INFO]   替換層 1 -> QuantModule_DiffAE_LoRA
2026-01-26 12:11:14,747 [INFO]   替換層 1 -> QuantModule_DiffAE_LoRA
2026-01-26 12:11:14,747 [INFO]   替換層 1 -> QuantModule_DiffAE_LoRA
2026-01-26 12:11:14,748 [INFO]   替換層 3 -> QuantModule_DiffAE_LoRA
2026-01-26 12:11:14,748 [INFO]   替換層 3 -> QuantModule_DiffAE_LoRA
2026-01-26 12:11:14,749 [INFO]   替換層 2 -> QuantModule_DiffAE_LoRA
2026-01-26 12:11:14,749 [INFO]   替換層 2 -> QuantModule_DiffAE_LoRA
2026-01-26 12:11:14,751 [INFO]   替換層 1 -> QuantModule_DiffAE_LoRA
2026-01-26 12:11:14,751 [INFO]   替換層 1 -> QuantModule_DiffAE_LoRA
2026-01-26 12:11:14,752 [INFO]   替換層 1 -> QuantModule_DiffAE_LoRA
2026-01-26 12:11:14,752 [INFO]   替換層 1 -> QuantModule_DiffAE_LoRA
2026-01-26 12:11:14,752 [INFO]   替換層 3 -> QuantModule_DiffAE_LoRA
2026-01-26 12:11:14,752 [INFO]   替換層 3 -> QuantModule_DiffAE_LoRA
2026-01-26 12:11:14,754 [INFO]   替換層 2 -> QuantModule_DiffAE_LoRA
2026-01-26 12:11:14,754 [INFO]   替換層 2 -> QuantModule_DiffAE_LoRA
2026-01-26 12:11:14,757 [INFO]   替換層 1 -> QuantModule_DiffAE_LoRA
2026-01-26 12:11:14,757 [INFO]   替換層 1 -> QuantModule_DiffAE_LoRA
2026-01-26 12:11:14,758 [INFO]   替換層 1 -> QuantModule_DiffAE_LoRA
2026-01-26 12:11:14,758 [INFO]   替換層 1 -> QuantModule_DiffAE_LoRA
2026-01-26 12:11:14,758 [INFO]   替換層 3 -> QuantModule_DiffAE_LoRA
2026-01-26 12:11:14,758 [INFO]   替換層 3 -> QuantModule_DiffAE_LoRA
2026-01-26 12:11:14,762 [INFO]   跳過量化 skip connection: skip_connection
2026-01-26 12:11:14,762 [INFO]   替換層 2 -> QuantModule_DiffAE_LoRA
2026-01-26 12:11:14,762 [INFO]   跳過量化 skip connection: skip_connection
2026-01-26 12:11:14,762 [INFO]   替換層 2 -> QuantModule_DiffAE_LoRA
2026-01-26 12:11:14,767 [INFO]   替換層 1 -> QuantModule_DiffAE_LoRA
2026-01-26 12:11:14,768 [INFO]   替換層 1 -> QuantModule_DiffAE_LoRA
2026-01-26 12:11:14,769 [INFO]   替換層 3 -> QuantModule_DiffAE_LoRA
2026-01-26 12:11:14,767 [INFO]   替換層 1 -> QuantModule_DiffAE_LoRA
2026-01-26 12:11:14,768 [INFO]   替換層 1 -> QuantModule_DiffAE_LoRA
2026-01-26 12:11:14,769 [INFO]   替換層 3 -> QuantModule_DiffAE_LoRA
2026-01-26 12:11:14,772 [INFO]   替換層 2 -> QuantModule_DiffAE_LoRA
2026-01-26 12:11:14,772 [INFO]   替換層 2 -> QuantModule_DiffAE_LoRA
2026-01-26 12:11:14,777 [INFO]   替換層 1 -> QuantModule_DiffAE_LoRA
2026-01-26 12:11:14,777 [INFO]   替換層 1 -> QuantModule_DiffAE_LoRA
2026-01-26 12:11:14,778 [INFO]   替換層 1 -> QuantModule_DiffAE_LoRA
2026-01-26 12:11:14,778 [INFO]   替換層 1 -> QuantModule_DiffAE_LoRA
2026-01-26 12:11:14,779 [INFO]   替換層 3 -> QuantModule_DiffAE_LoRA
2026-01-26 12:11:14,779 [INFO]   替換層 3 -> QuantModule_DiffAE_LoRA
2026-01-26 12:11:14,783 [INFO]   替換層 2 -> QuantModule_DiffAE_LoRA
2026-01-26 12:11:14,783 [INFO]   替換層 2 -> QuantModule_DiffAE_LoRA
2026-01-26 12:11:14,787 [INFO]   替換層 1 -> QuantModule_DiffAE_LoRA
2026-01-26 12:11:14,787 [INFO]   替換層 1 -> QuantModule_DiffAE_LoRA
2026-01-26 12:11:14,792 [INFO]   替換層 1 -> QuantModule_DiffAE_LoRA
2026-01-26 12:11:14,792 [INFO]   替換層 1 -> QuantModule_DiffAE_LoRA
2026-01-26 12:11:14,797 [INFO]   替換層 3 -> QuantModule_DiffAE_LoRA
2026-01-26 12:11:14,797 [INFO]   替換層 3 -> QuantModule_DiffAE_LoRA
2026-01-26 12:11:14,809 [INFO]   跳過量化 skip connection: skip_connection
2026-01-26 12:11:14,809 [INFO]   替換層 2 -> QuantModule_DiffAE_LoRA
2026-01-26 12:11:14,809 [INFO]   跳過量化 skip connection: skip_connection
2026-01-26 12:11:14,809 [INFO]   替換層 2 -> QuantModule_DiffAE_LoRA
2026-01-26 12:11:14,819 [INFO]   替換層 1 -> QuantModule_DiffAE_LoRA
2026-01-26 12:11:14,819 [INFO]   替換層 1 -> QuantModule_DiffAE_LoRA
2026-01-26 12:11:14,827 [INFO]   替換層 1 -> QuantModule_DiffAE_LoRA
2026-01-26 12:11:14,827 [INFO]   替換層 1 -> QuantModule_DiffAE_LoRA
2026-01-26 12:11:14,831 [INFO]   替換層 3 -> QuantModule_DiffAE_LoRA
2026-01-26 12:11:14,831 [INFO]   替換層 3 -> QuantModule_DiffAE_LoRA
2026-01-26 12:11:14,837 [INFO] 改造模組: middle_block
2026-01-26 12:11:14,837 [INFO]   替換層 2 -> QuantModule_DiffAE_LoRA
2026-01-26 12:11:14,837 [INFO] 改造模組: middle_block
2026-01-26 12:11:14,837 [INFO]   替換層 2 -> QuantModule_DiffAE_LoRA
2026-01-26 12:11:14,846 [INFO]   替換層 1 -> QuantModule_DiffAE_LoRA
2026-01-26 12:11:14,846 [INFO]   替換層 1 -> QuantModule_DiffAE_LoRA
2026-01-26 12:11:14,850 [INFO]   替換層 1 -> QuantModule_DiffAE_LoRA
2026-01-26 12:11:14,850 [INFO]   替換層 1 -> QuantModule_DiffAE_LoRA
2026-01-26 12:11:14,852 [INFO]   替換層 3 -> QuantModule_DiffAE_LoRA
2026-01-26 12:11:14,852 [INFO]   替換層 3 -> QuantModule_DiffAE_LoRA
2026-01-26 12:11:14,858 [INFO]   替換層 2 -> QuantModule_DiffAE_LoRA
2026-01-26 12:11:14,858 [INFO]   替換層 2 -> QuantModule_DiffAE_LoRA
2026-01-26 12:11:14,868 [INFO]   替換層 1 -> QuantModule_DiffAE_LoRA
2026-01-26 12:11:14,868 [INFO]   替換層 1 -> QuantModule_DiffAE_LoRA
2026-01-26 12:11:14,875 [INFO]   替換層 1 -> QuantModule_DiffAE_LoRA
2026-01-26 12:11:14,875 [INFO]   替換層 1 -> QuantModule_DiffAE_LoRA
2026-01-26 12:11:14,882 [INFO]   替換層 3 -> QuantModule_DiffAE_LoRA
2026-01-26 12:11:14,882 [INFO]   替換層 3 -> QuantModule_DiffAE_LoRA
2026-01-26 12:11:14,895 [INFO] 改造模組: output_blocks
2026-01-26 12:11:14,895 [INFO] 改造模組: output_blocks
2026-01-26 12:11:14,895 [INFO]   替換層 2 -> QuantModule_DiffAE_LoRA
2026-01-26 12:11:14,895 [INFO]   替換層 2 -> QuantModule_DiffAE_LoRA
2026-01-26 12:11:14,913 [INFO]   替換層 1 -> QuantModule_DiffAE_LoRA
2026-01-26 12:11:14,913 [INFO]   替換層 1 -> QuantModule_DiffAE_LoRA
2026-01-26 12:11:14,918 [INFO]   替換層 1 -> QuantModule_DiffAE_LoRA
2026-01-26 12:11:14,918 [INFO]   替換層 1 -> QuantModule_DiffAE_LoRA
2026-01-26 12:11:14,923 [INFO]   替換層 3 -> QuantModule_DiffAE_LoRA
2026-01-26 12:11:14,923 [INFO]   替換層 3 -> QuantModule_DiffAE_LoRA
2026-01-26 12:11:14,936 [INFO]   跳過量化 skip connection: skip_connection
2026-01-26 12:11:14,936 [INFO]   替換層 2 -> QuantModule_DiffAE_LoRA
2026-01-26 12:11:14,936 [INFO]   跳過量化 skip connection: skip_connection
2026-01-26 12:11:14,936 [INFO]   替換層 2 -> QuantModule_DiffAE_LoRA
2026-01-26 12:11:14,957 [INFO]   替換層 1 -> QuantModule_DiffAE_LoRA
2026-01-26 12:11:14,957 [INFO]   替換層 1 -> QuantModule_DiffAE_LoRA
2026-01-26 12:11:14,963 [INFO]   替換層 1 -> QuantModule_DiffAE_LoRA
2026-01-26 12:11:14,963 [INFO]   替換層 1 -> QuantModule_DiffAE_LoRA
2026-01-26 12:11:14,968 [INFO]   替換層 3 -> QuantModule_DiffAE_LoRA
2026-01-26 12:11:14,968 [INFO]   替換層 3 -> QuantModule_DiffAE_LoRA
2026-01-26 12:11:14,980 [INFO]   跳過量化 skip connection: skip_connection
2026-01-26 12:11:14,980 [INFO]   替換層 2 -> QuantModule_DiffAE_LoRA
2026-01-26 12:11:14,980 [INFO]   跳過量化 skip connection: skip_connection
2026-01-26 12:11:14,980 [INFO]   替換層 2 -> QuantModule_DiffAE_LoRA
2026-01-26 12:11:14,997 [INFO]   替換層 1 -> QuantModule_DiffAE_LoRA
2026-01-26 12:11:14,997 [INFO]   替換層 1 -> QuantModule_DiffAE_LoRA
2026-01-26 12:11:15,002 [INFO]   替換層 1 -> QuantModule_DiffAE_LoRA
2026-01-26 12:11:15,002 [INFO]   替換層 1 -> QuantModule_DiffAE_LoRA
2026-01-26 12:11:15,005 [INFO]   替換層 3 -> QuantModule_DiffAE_LoRA
2026-01-26 12:11:15,005 [INFO]   替換層 3 -> QuantModule_DiffAE_LoRA
2026-01-26 12:11:15,013 [INFO]   跳過量化 skip connection: skip_connection
2026-01-26 12:11:15,013 [INFO]   替換層 2 -> QuantModule_DiffAE_LoRA
2026-01-26 12:11:15,013 [INFO]   跳過量化 skip connection: skip_connection
2026-01-26 12:11:15,013 [INFO]   替換層 2 -> QuantModule_DiffAE_LoRA
2026-01-26 12:11:15,023 [INFO]   替換層 1 -> QuantModule_DiffAE_LoRA
2026-01-26 12:11:15,023 [INFO]   替換層 1 -> QuantModule_DiffAE_LoRA
2026-01-26 12:11:15,029 [INFO]   替換層 1 -> QuantModule_DiffAE_LoRA
2026-01-26 12:11:15,029 [INFO]   替換層 1 -> QuantModule_DiffAE_LoRA
2026-01-26 12:11:15,031 [INFO]   替換層 3 -> QuantModule_DiffAE_LoRA
2026-01-26 12:11:15,031 [INFO]   替換層 3 -> QuantModule_DiffAE_LoRA
2026-01-26 12:11:15,041 [INFO]   替換層 2 -> QuantModule_DiffAE_LoRA
2026-01-26 12:11:15,041 [INFO]   替換層 2 -> QuantModule_DiffAE_LoRA
2026-01-26 12:11:15,054 [INFO]   替換層 1 -> QuantModule_DiffAE_LoRA
2026-01-26 12:11:15,054 [INFO]   替換層 1 -> QuantModule_DiffAE_LoRA
2026-01-26 12:11:15,062 [INFO]   替換層 1 -> QuantModule_DiffAE_LoRA
2026-01-26 12:11:15,062 [INFO]   替換層 1 -> QuantModule_DiffAE_LoRA
2026-01-26 12:11:15,069 [INFO]   替換層 3 -> QuantModule_DiffAE_LoRA
2026-01-26 12:11:15,069 [INFO]   替換層 3 -> QuantModule_DiffAE_LoRA
2026-01-26 12:11:15,078 [INFO]   跳過量化 skip connection: skip_connection
2026-01-26 12:11:15,079 [INFO]   替換層 2 -> QuantModule_DiffAE_LoRA
2026-01-26 12:11:15,078 [INFO]   跳過量化 skip connection: skip_connection
2026-01-26 12:11:15,079 [INFO]   替換層 2 -> QuantModule_DiffAE_LoRA
2026-01-26 12:11:15,091 [INFO]   替換層 1 -> QuantModule_DiffAE_LoRA
2026-01-26 12:11:15,091 [INFO]   替換層 1 -> QuantModule_DiffAE_LoRA
2026-01-26 12:11:15,096 [INFO]   替換層 1 -> QuantModule_DiffAE_LoRA
2026-01-26 12:11:15,096 [INFO]   替換層 1 -> QuantModule_DiffAE_LoRA
2026-01-26 12:11:15,101 [INFO]   替換層 3 -> QuantModule_DiffAE_LoRA
2026-01-26 12:11:15,101 [INFO]   替換層 3 -> QuantModule_DiffAE_LoRA
2026-01-26 12:11:15,112 [INFO]   跳過量化 skip connection: skip_connection
2026-01-26 12:11:15,112 [INFO]   替換層 2 -> QuantModule_DiffAE_LoRA
2026-01-26 12:11:15,112 [INFO]   跳過量化 skip connection: skip_connection
2026-01-26 12:11:15,112 [INFO]   替換層 2 -> QuantModule_DiffAE_LoRA
2026-01-26 12:11:15,122 [INFO]   替換層 1 -> QuantModule_DiffAE_LoRA
2026-01-26 12:11:15,122 [INFO]   替換層 1 -> QuantModule_DiffAE_LoRA
2026-01-26 12:11:15,129 [INFO]   替換層 1 -> QuantModule_DiffAE_LoRA
2026-01-26 12:11:15,129 [INFO]   替換層 1 -> QuantModule_DiffAE_LoRA
2026-01-26 12:11:15,133 [INFO]   替換層 3 -> QuantModule_DiffAE_LoRA
2026-01-26 12:11:15,133 [INFO]   替換層 3 -> QuantModule_DiffAE_LoRA
2026-01-26 12:11:15,141 [INFO]   跳過量化 skip connection: skip_connection
2026-01-26 12:11:15,141 [INFO]   替換層 2 -> QuantModule_DiffAE_LoRA
2026-01-26 12:11:15,141 [INFO]   跳過量化 skip connection: skip_connection
2026-01-26 12:11:15,141 [INFO]   替換層 2 -> QuantModule_DiffAE_LoRA
2026-01-26 12:11:15,148 [INFO]   替換層 1 -> QuantModule_DiffAE_LoRA
2026-01-26 12:11:15,148 [INFO]   替換層 1 -> QuantModule_DiffAE_LoRA
2026-01-26 12:11:15,152 [INFO]   替換層 1 -> QuantModule_DiffAE_LoRA
2026-01-26 12:11:15,152 [INFO]   替換層 1 -> QuantModule_DiffAE_LoRA
2026-01-26 12:11:15,158 [INFO]   替換層 3 -> QuantModule_DiffAE_LoRA
2026-01-26 12:11:15,158 [INFO]   替換層 3 -> QuantModule_DiffAE_LoRA
2026-01-26 12:11:15,166 [INFO]   替換層 2 -> QuantModule_DiffAE_LoRA
2026-01-26 12:11:15,166 [INFO]   替換層 2 -> QuantModule_DiffAE_LoRA
2026-01-26 12:11:15,172 [INFO]   替換層 1 -> QuantModule_DiffAE_LoRA
2026-01-26 12:11:15,172 [INFO]   替換層 1 -> QuantModule_DiffAE_LoRA
2026-01-26 12:11:15,176 [INFO]   替換層 1 -> QuantModule_DiffAE_LoRA
2026-01-26 12:11:15,176 [INFO]   替換層 1 -> QuantModule_DiffAE_LoRA
2026-01-26 12:11:15,182 [INFO]   替換層 3 -> QuantModule_DiffAE_LoRA
2026-01-26 12:11:15,182 [INFO]   替換層 3 -> QuantModule_DiffAE_LoRA
2026-01-26 12:11:15,189 [INFO]   跳過量化 skip connection: skip_connection
2026-01-26 12:11:15,189 [INFO]   跳過量化 skip connection: skip_connection
2026-01-26 12:11:15,189 [INFO]   替換層 2 -> QuantModule_DiffAE_LoRA
2026-01-26 12:11:15,189 [INFO]   替換層 2 -> QuantModule_DiffAE_LoRA
2026-01-26 12:11:15,192 [INFO]   替換層 1 -> QuantModule_DiffAE_LoRA
2026-01-26 12:11:15,192 [INFO]   替換層 1 -> QuantModule_DiffAE_LoRA
2026-01-26 12:11:15,196 [INFO]   替換層 1 -> QuantModule_DiffAE_LoRA
2026-01-26 12:11:15,196 [INFO]   替換層 1 -> QuantModule_DiffAE_LoRA
2026-01-26 12:11:15,202 [INFO]   替換層 3 -> QuantModule_DiffAE_LoRA
2026-01-26 12:11:15,202 [INFO]   替換層 3 -> QuantModule_DiffAE_LoRA
2026-01-26 12:11:15,209 [INFO]   跳過量化 skip connection: skip_connection
2026-01-26 12:11:15,209 [INFO]   跳過量化 skip connection: skip_connection
2026-01-26 12:11:15,209 [INFO]   替換層 2 -> QuantModule_DiffAE_LoRA
2026-01-26 12:11:15,209 [INFO]   替換層 2 -> QuantModule_DiffAE_LoRA
2026-01-26 12:11:15,212 [INFO]   替換層 1 -> QuantModule_DiffAE_LoRA
2026-01-26 12:11:15,212 [INFO]   替換層 1 -> QuantModule_DiffAE_LoRA
2026-01-26 12:11:15,213 [INFO]   替換層 1 -> QuantModule_DiffAE_LoRA
2026-01-26 12:11:15,213 [INFO]   替換層 1 -> QuantModule_DiffAE_LoRA
2026-01-26 12:11:15,213 [INFO]   替換層 3 -> QuantModule_DiffAE_LoRA
2026-01-26 12:11:15,213 [INFO]   替換層 3 -> QuantModule_DiffAE_LoRA
2026-01-26 12:11:15,215 [INFO]   跳過量化 skip connection: skip_connection
2026-01-26 12:11:15,215 [INFO]   跳過量化 skip connection: skip_connection
2026-01-26 12:11:15,215 [INFO]   替換層 2 -> QuantModule_DiffAE_LoRA
2026-01-26 12:11:15,215 [INFO]   替換層 2 -> QuantModule_DiffAE_LoRA
2026-01-26 12:11:15,217 [INFO]   替換層 1 -> QuantModule_DiffAE_LoRA
2026-01-26 12:11:15,217 [INFO]   替換層 1 -> QuantModule_DiffAE_LoRA
2026-01-26 12:11:15,218 [INFO]   替換層 1 -> QuantModule_DiffAE_LoRA
2026-01-26 12:11:15,218 [INFO]   替換層 1 -> QuantModule_DiffAE_LoRA
2026-01-26 12:11:15,218 [INFO]   替換層 3 -> QuantModule_DiffAE_LoRA
2026-01-26 12:11:15,218 [INFO]   替換層 3 -> QuantModule_DiffAE_LoRA
2026-01-26 12:11:15,220 [INFO]   替換層 2 -> QuantModule_DiffAE_LoRA
2026-01-26 12:11:15,220 [INFO]   替換層 2 -> QuantModule_DiffAE_LoRA
2026-01-26 12:11:15,221 [INFO]   替換層 1 -> QuantModule_DiffAE_LoRA
2026-01-26 12:11:15,221 [INFO]   替換層 1 -> QuantModule_DiffAE_LoRA
2026-01-26 12:11:15,222 [INFO]   替換層 1 -> QuantModule_DiffAE_LoRA
2026-01-26 12:11:15,222 [INFO]   替換層 1 -> QuantModule_DiffAE_LoRA
2026-01-26 12:11:15,222 [INFO]   替換層 3 -> QuantModule_DiffAE_LoRA
2026-01-26 12:11:15,222 [INFO]   替換層 3 -> QuantModule_DiffAE_LoRA
2026-01-26 12:11:15,223 [INFO]   跳過量化 skip connection: skip_connection
2026-01-26 12:11:15,223 [INFO]   跳過量化 skip connection: skip_connection
2026-01-26 12:11:15,223 [INFO]   替換層 2 -> QuantModule_DiffAE_LoRA
2026-01-26 12:11:15,223 [INFO]   替換層 2 -> QuantModule_DiffAE_LoRA
2026-01-26 12:11:15,224 [INFO]   替換層 1 -> QuantModule_DiffAE_LoRA
2026-01-26 12:11:15,224 [INFO]   替換層 1 -> QuantModule_DiffAE_LoRA
2026-01-26 12:11:15,225 [INFO]   替換層 1 -> QuantModule_DiffAE_LoRA
2026-01-26 12:11:15,225 [INFO]   替換層 1 -> QuantModule_DiffAE_LoRA
2026-01-26 12:11:15,225 [INFO]   替換層 3 -> QuantModule_DiffAE_LoRA
2026-01-26 12:11:15,225 [INFO]   替換層 3 -> QuantModule_DiffAE_LoRA
2026-01-26 12:11:15,226 [INFO]   跳過量化 skip connection: skip_connection
2026-01-26 12:11:15,226 [INFO]   跳過量化 skip connection: skip_connection
2026-01-26 12:11:15,226 [INFO]   替換層 2 -> QuantModule_DiffAE_LoRA
2026-01-26 12:11:15,226 [INFO]   替換層 2 -> QuantModule_DiffAE_LoRA
2026-01-26 12:11:15,227 [INFO]   替換層 1 -> QuantModule_DiffAE_LoRA
2026-01-26 12:11:15,227 [INFO]   替換層 1 -> QuantModule_DiffAE_LoRA
2026-01-26 12:11:15,227 [INFO]   替換層 1 -> QuantModule_DiffAE_LoRA
2026-01-26 12:11:15,227 [INFO]   替換層 1 -> QuantModule_DiffAE_LoRA
2026-01-26 12:11:15,227 [INFO]   替換層 3 -> QuantModule_DiffAE_LoRA
2026-01-26 12:11:15,227 [INFO]   替換層 3 -> QuantModule_DiffAE_LoRA
2026-01-26 12:11:15,228 [INFO]   跳過量化 skip connection: skip_connection
2026-01-26 12:11:15,228 [INFO]   跳過量化 skip connection: skip_connection
2026-01-26 12:11:15,228 [INFO]   替換層 2 -> QuantModule_DiffAE_LoRA
2026-01-26 12:11:15,228 [INFO]   替換層 2 -> QuantModule_DiffAE_LoRA
2026-01-26 12:11:15,229 [INFO]   替換層 1 -> QuantModule_DiffAE_LoRA
2026-01-26 12:11:15,229 [INFO]   替換層 1 -> QuantModule_DiffAE_LoRA
2026-01-26 12:11:15,229 [INFO]   替換層 1 -> QuantModule_DiffAE_LoRA
2026-01-26 12:11:15,229 [INFO]   替換層 1 -> QuantModule_DiffAE_LoRA
2026-01-26 12:11:15,230 [INFO]   替換層 3 -> QuantModule_DiffAE_LoRA
2026-01-26 12:11:15,230 [INFO]   替換層 3 -> QuantModule_DiffAE_LoRA
2026-01-26 12:11:15,230 [INFO]   替換層 2 -> QuantModule_DiffAE_LoRA
2026-01-26 12:11:15,230 [INFO]   替換層 2 -> QuantModule_DiffAE_LoRA
2026-01-26 12:11:15,232 [INFO]   替換層 1 -> QuantModule_DiffAE_LoRA
2026-01-26 12:11:15,232 [INFO]   替換層 1 -> QuantModule_DiffAE_LoRA
2026-01-26 12:11:15,232 [INFO]   替換層 1 -> QuantModule_DiffAE_LoRA
2026-01-26 12:11:15,232 [INFO]   替換層 1 -> QuantModule_DiffAE_LoRA
2026-01-26 12:11:15,232 [INFO]   替換層 3 -> QuantModule_DiffAE_LoRA
2026-01-26 12:11:15,232 [INFO]   替換層 3 -> QuantModule_DiffAE_LoRA
2026-01-26 12:11:15,233 [INFO]   跳過量化 skip connection: skip_connection
2026-01-26 12:11:15,233 [INFO]   跳過量化 skip connection: skip_connection
2026-01-26 12:11:15,233 [INFO]   替換層 2 -> QuantModule_DiffAE_LoRA
2026-01-26 12:11:15,233 [INFO]   替換層 2 -> QuantModule_DiffAE_LoRA
2026-01-26 12:11:15,234 [INFO]   替換層 1 -> QuantModule_DiffAE_LoRA
2026-01-26 12:11:15,234 [INFO]   替換層 1 -> QuantModule_DiffAE_LoRA
2026-01-26 12:11:15,235 [INFO]   替換層 1 -> QuantModule_DiffAE_LoRA
2026-01-26 12:11:15,235 [INFO]   替換層 1 -> QuantModule_DiffAE_LoRA
2026-01-26 12:11:15,235 [INFO]   替換層 3 -> QuantModule_DiffAE_LoRA
2026-01-26 12:11:15,235 [INFO]   替換層 3 -> QuantModule_DiffAE_LoRA
2026-01-26 12:11:15,236 [INFO]   跳過量化 skip connection: skip_connection
2026-01-26 12:11:15,236 [INFO]   跳過量化 skip connection: skip_connection
2026-01-26 12:11:15,236 [INFO]   替換層 2 -> QuantModule_DiffAE_LoRA
2026-01-26 12:11:15,236 [INFO]   替換層 2 -> QuantModule_DiffAE_LoRA
2026-01-26 12:11:15,237 [INFO]   替換層 1 -> QuantModule_DiffAE_LoRA
2026-01-26 12:11:15,237 [INFO]   替換層 1 -> QuantModule_DiffAE_LoRA
2026-01-26 12:11:15,237 [INFO]   替換層 1 -> QuantModule_DiffAE_LoRA
2026-01-26 12:11:15,237 [INFO]   替換層 1 -> QuantModule_DiffAE_LoRA
2026-01-26 12:11:15,238 [INFO]   替換層 3 -> QuantModule_DiffAE_LoRA
2026-01-26 12:11:15,238 [INFO]   替換層 3 -> QuantModule_DiffAE_LoRA
2026-01-26 12:11:15,238 [INFO]   跳過量化 skip connection: skip_connection
2026-01-26 12:11:15,239 [INFO] 改造模組: out
2026-01-26 12:11:15,238 [INFO]   跳過量化 skip connection: skip_connection
2026-01-26 12:11:15,239 [INFO] 改造模組: out
2026-01-26 12:11:15,239 [INFO]   跳過量化特殊模組: 2
2026-01-26 12:11:15,239 [INFO]   跳過量化特殊模組: 2
2026-01-26 12:11:15,241 [INFO] 執行 'create_float_quantized_model' 完成，耗時: 0.62 秒
2026-01-26 12:11:15,241 [INFO] 執行 'create_float_quantized_model' 完成，耗時: 0.62 秒
2026-01-26 12:11:15,362 [INFO] 載入校準資料...
2026-01-26 12:11:15,362 [INFO] 載入校準資料...
2026-01-26 12:11:15,667 [INFO] ✅ 載入真實校準資料成功
2026-01-26 12:11:15,667 [INFO] ✅ 載入真實校準資料成功
2026-01-26 12:11:15,670 [INFO] ==================================================
2026-01-26 12:11:15,670 [INFO] 5. Setting first and last layers to 8-bit...
2026-01-26 12:11:15,670 [INFO] ==================================================
2026-01-26 12:11:15,670 [INFO] 5. Setting first and last layers to 8-bit...
2026-01-26 12:11:15,671 [INFO] 找到 144 個量化模組
2026-01-26 12:11:15,671 [INFO] ✅ 首尾層 8-bit 設定完成
2026-01-26 12:11:15,671 [INFO] ✅ 量化模型創建成功
2026-01-26 12:11:15,671 [INFO] set quant state to True, True for layer 1
2026-01-26 12:11:15,671 [INFO] 找到 144 個量化模組
2026-01-26 12:11:15,671 [INFO] ✅ 首尾層 8-bit 設定完成
2026-01-26 12:11:15,671 [INFO] ✅ 量化模型創建成功
2026-01-26 12:11:15,671 [INFO] set quant state to True, True for layer 1
2026-01-26 12:11:15,671 [INFO] set quant state to True, True for layer 2
2026-01-26 12:11:15,671 [INFO] set quant state to True, False for layer 3
2026-01-26 12:11:15,671 [INFO] set quant state to True, True for layer 2
2026-01-26 12:11:15,671 [INFO] set quant state to True, False for layer 3
2026-01-26 12:11:15,672 [INFO] set quant state to True, True for layer 144
2026-01-26 12:11:15,672 [INFO] set quant state to True, True for layer 144
2026-01-26 12:11:16,780 [INFO] ✅ 量化模型載入成功
2026-01-26 12:11:16,781 [INFO] === 初始化新功能模組 ===
2026-01-26 12:11:16,780 [INFO] ✅ 量化模型載入成功
2026-01-26 12:11:16,781 [INFO] === 初始化新功能模組 ===
local seed: 0
train data: 70001
val data: 70001
2026-01-26 12:11:16,806 [INFO] ✅ 基礎模型設定完成
2026-01-26 12:11:16,806 [INFO] ✅ 基礎模型設定完成
on train dataloader start ...
mean: tensor(-0.0606, device='cuda:0') std: tensor(0.0755, device='cuda:0')
2026-01-26 12:11:16,852 [INFO] ==================================================
2026-01-26 12:11:16,852 [INFO] 啟用 Similarity Analysis (L1/L2/Cosine)
2026-01-26 12:11:16,852 [INFO] FID 評估樣本數: 128
2026-01-26 12:11:16,852 [INFO] 實際收集樣本數: 20 (用於加速)
2026-01-26 12:11:16,852 [INFO] 擴散步數: 100
2026-01-26 12:11:16,852 [INFO] ==================================================
2026-01-26 12:11:16,852 [INFO] ==================================================
2026-01-26 12:11:16,852 [INFO] 啟用 Similarity Analysis (L1/L2/Cosine)
2026-01-26 12:11:16,852 [INFO] FID 評估樣本數: 128
2026-01-26 12:11:16,852 [INFO] 實際收集樣本數: 20 (用於加速)
2026-01-26 12:11:16,852 [INFO] 擴散步數: 100
2026-01-26 12:11:16,852 [INFO] ==================================================
2026-01-26 12:11:16,853 [INFO] [Similarity] 註冊 block hook: model.input_blocks.14
2026-01-26 12:11:16,853 [INFO] [Similarity] 註冊 block hook: model.input_blocks.14
2026-01-26 12:11:16,854 [INFO] [Similarity] 註冊 model step hook 完成
2026-01-26 12:11:16,854 [INFO] [Similarity] 註冊 model step hook 完成
generating images:   0%|          | 0/4 [00:00<?, ?it/s]/home/jimmy/diffae/./diffusion/base.py:329: FutureWarning: `torch.cuda.amp.autocast(args...)` is deprecated. Please use `torch.amp.autocast('cuda', args...)` instead.
  with autocast(self.conf.fp16):
2026-01-26 12:11:34,037 [INFO] [Similarity] Batch 0 完成，已收集 20 個樣本
2026-01-26 12:11:34,037 [INFO] [Similarity] Batch 0 完成，已收集 20 個樣本
generating images:  25%|██▌       | 1/4 [00:17<00:52, 17.53s/it]2026-01-26 12:11:51,324 [INFO] [Similarity] Batch 1 完成，已收集 20 個樣本
2026-01-26 12:11:51,324 [INFO] [Similarity] Batch 1 完成，已收集 20 個樣本
generating images:  50%|█████     | 2/4 [00:34<00:34, 17.38s/it]2026-01-26 12:12:08,609 [INFO] [Similarity] Batch 2 完成，已收集 20 個樣本
2026-01-26 12:12:08,609 [INFO] [Similarity] Batch 2 完成，已收集 20 個樣本
generating images:  75%|███████▌  | 3/4 [00:52<00:17, 17.31s/it]2026-01-26 12:12:24,548 [INFO] [Similarity] 已收集 80 个样本，停止数据收集（目标: 80）
2026-01-26 12:12:24,548 [INFO] [Similarity] 已收集 80 个样本，停止数据收集（目标: 80）
2026-01-26 12:12:25,824 [INFO] [Similarity] Batch 3 完成，已收集 20 個樣本
2026-01-26 12:12:25,824 [INFO] [Similarity] Batch 3 完成，已收集 20 個樣本
generating images: 100%|██████████| 4/4 [01:09<00:00, 17.26s/it]generating images: 100%|██████████| 4/4 [01:09<00:00, 17.31s/it]
2026-01-26 12:12:26,079 [INFO] [Similarity] FID@128 100 steps score: 0
2026-01-26 12:12:26,079 [INFO] [Similarity] FID@128 100 steps score: 0
2026-01-26 12:12:26,080 [INFO] [Similarity] model.input_blocks.14 cosine: min=0.818223, max=1.000000, diag_mean=1.000000, off_diag_mean=0.956368, off_diag_std=0.037449
2026-01-26 12:12:26,080 [INFO] [Similarity] model.input_blocks.14 cosine: min=0.818223, max=1.000000, diag_mean=1.000000, off_diag_mean=0.956368, off_diag_std=0.037449
2026-01-26 12:12:26,887 [INFO] ✅ Similarity Analysis 完成
2026-01-26 12:12:26,887 [INFO] ✅ Similarity Analysis 完成
2026-01-26 12:12:26,926 [INFO] 執行 'main_float_model' 完成，耗時: 75.23 秒
2026-01-26 12:12:26,926 [INFO] 執行 'main_float_model' 完成，耗時: 75.23 秒
/home/jimmy/anaconda3/envs/diffae_bw/lib/python3.10/site-packages/torchmetrics/utilities/imports.py:21: UserWarning: pkg_resources is deprecated as an API. See https://setuptools.pypa.io/en/latest/pkg_resources.html. The pkg_resources package is slated for removal as early as 2025-11-30. Refrain from using this package or pin to Setuptools<81.
  from pkg_resources import DistributionNotFound, get_distribution
使用自動混合精度: torch.bfloat16
[設定] Log 檔案已設為: QATcode/cache_method/L1_L2_cosine/logs/similarity_model_input_blocks_14.log
2026-03-20 19:18:11,430 [INFO] Using 100 steps
2026-03-20 19:18:11,430 [INFO] Using 100 steps
2026-03-20 19:18:11,430 [INFO] Using 50000 evaluation samples
2026-03-20 19:18:11,430 [INFO] Using 50000 evaluation samples
2026-03-20 19:18:11,430 [INFO] Cache enabled: False, method: Res, threshold: 0.1
2026-03-20 19:18:11,430 [INFO] Cache enabled: False, method: Res, threshold: 0.1
2026-03-20 19:18:11,430 [INFO] Quantitative analysis enabled: False, samples: 10
2026-03-20 19:18:11,430 [INFO] Quantitative analysis enabled: False, samples: 10
2026-03-20 19:18:11,430 [INFO] Log file: QATcode/cache_method/L1_L2_cosine/logs/similarity_model_input_blocks_14.log
2026-03-20 19:18:11,430 [INFO] Log file: QATcode/cache_method/L1_L2_cosine/logs/similarity_model_input_blocks_14.log
2026-03-20 19:18:11,430 [INFO] ==================================================
2026-03-20 19:18:11,430 [INFO] ==================================================
2026-03-20 19:18:11,430 [INFO] Diff-AE EfficientDM Step 7 : 生成圖片
2026-03-20 19:18:11,430 [INFO] Diff-AE EfficientDM Step 7 : 生成圖片
2026-03-20 19:18:11,430 [INFO] ==================================================
2026-03-20 19:18:11,430 [INFO] ==================================================
2026-03-20 19:18:11,430 [INFO] 使用設備: cuda
2026-03-20 19:18:11,430 [INFO] 使用設備: cuda
2026-03-20 19:18:11,430 [INFO] === 新功能狀態 ===
2026-03-20 19:18:11,430 [INFO] === 新功能狀態 ===
2026-03-20 19:18:11,430 [INFO] 載入 Diff-AE 模型: checkpoints/ffhq128_autoenc_latent/last.ckpt
2026-03-20 19:18:11,430 [INFO] 載入 Diff-AE 模型: checkpoints/ffhq128_autoenc_latent/last.ckpt
Global seed set to 0
2026-03-20 19:18:13,234 [INFO] Diff-AE 模型載入完成
2026-03-20 19:18:13,234 [INFO] Diff-AE 模型載入完成
2026-03-20 19:18:13,286 [INFO] 執行 'load_diffae_model' 完成，耗時: 1.86 秒
2026-03-20 19:18:13,286 [INFO] 執行 'load_diffae_model' 完成，耗時: 1.86 秒
2026-03-20 19:18:13,286 [INFO] ✅ Diff-AE 模型載入成功
2026-03-20 19:18:13,286 [INFO] ✅ Diff-AE 模型載入成功
2026-03-20 19:18:13,286 [INFO] base_model.conf.train_mode: TrainMode.latent_diffusion
2026-03-20 19:18:13,286 [INFO] base_model.conf.train_mode: TrainMode.latent_diffusion
2026-03-20 19:18:13,286 [INFO] === 創建 LoRA 量化模型 ===
2026-03-20 19:18:13,286 [INFO] === 創建 LoRA 量化模型 ===
2026-03-20 19:18:13,286 [INFO] === 開始 UNet LoRA 量化改造 ===
2026-03-20 19:18:13,286 [INFO] === 開始 UNet LoRA 量化改造 ===
2026-03-20 19:18:13,286 [INFO] 改造模組: time_embed
2026-03-20 19:18:13,286 [INFO] 改造模組: time_embed
2026-03-20 19:18:13,287 [INFO]   跳過量化特殊模組: 0
2026-03-20 19:18:13,287 [INFO]   跳過量化特殊模組: 0
2026-03-20 19:18:13,287 [INFO]   跳過量化特殊模組: 2
2026-03-20 19:18:13,287 [INFO]   跳過量化特殊模組: 2
2026-03-20 19:18:13,287 [INFO] 改造模組: input_blocks
2026-03-20 19:18:13,287 [INFO] 改造模組: input_blocks
2026-03-20 19:18:13,287 [INFO]   跳過量化特殊模組: 0
2026-03-20 19:18:13,287 [INFO]   跳過量化特殊模組: 0
2026-03-20 19:18:13,287 [INFO]   替換層 2 -> QuantModule_DiffAE_LoRA
2026-03-20 19:18:13,287 [INFO]   替換層 2 -> QuantModule_DiffAE_LoRA
2026-03-20 19:18:13,364 [INFO]   替換層 1 -> QuantModule_DiffAE_LoRA
2026-03-20 19:18:13,364 [INFO]   替換層 1 -> QuantModule_DiffAE_LoRA
2026-03-20 19:18:13,365 [INFO]   替換層 1 -> QuantModule_DiffAE_LoRA
2026-03-20 19:18:13,365 [INFO]   替換層 1 -> QuantModule_DiffAE_LoRA
2026-03-20 19:18:13,365 [INFO]   替換層 3 -> QuantModule_DiffAE_LoRA
2026-03-20 19:18:13,365 [INFO]   替換層 3 -> QuantModule_DiffAE_LoRA
2026-03-20 19:18:13,366 [INFO]   替換層 2 -> QuantModule_DiffAE_LoRA
2026-03-20 19:18:13,366 [INFO]   替換層 2 -> QuantModule_DiffAE_LoRA
2026-03-20 19:18:13,367 [INFO]   替換層 1 -> QuantModule_DiffAE_LoRA
2026-03-20 19:18:13,367 [INFO]   替換層 1 -> QuantModule_DiffAE_LoRA
2026-03-20 19:18:13,368 [INFO]   替換層 1 -> QuantModule_DiffAE_LoRA
2026-03-20 19:18:13,368 [INFO]   替換層 1 -> QuantModule_DiffAE_LoRA
2026-03-20 19:18:13,369 [INFO]   替換層 3 -> QuantModule_DiffAE_LoRA
2026-03-20 19:18:13,369 [INFO]   替換層 3 -> QuantModule_DiffAE_LoRA
2026-03-20 19:18:13,370 [INFO]   替換層 2 -> QuantModule_DiffAE_LoRA
2026-03-20 19:18:13,370 [INFO]   替換層 2 -> QuantModule_DiffAE_LoRA
2026-03-20 19:18:13,371 [INFO]   替換層 1 -> QuantModule_DiffAE_LoRA
2026-03-20 19:18:13,371 [INFO]   替換層 1 -> QuantModule_DiffAE_LoRA
2026-03-20 19:18:13,371 [INFO]   替換層 1 -> QuantModule_DiffAE_LoRA
2026-03-20 19:18:13,371 [INFO]   替換層 1 -> QuantModule_DiffAE_LoRA
2026-03-20 19:18:13,372 [INFO]   替換層 3 -> QuantModule_DiffAE_LoRA
2026-03-20 19:18:13,372 [INFO]   替換層 3 -> QuantModule_DiffAE_LoRA
2026-03-20 19:18:13,373 [INFO]   替換層 2 -> QuantModule_DiffAE_LoRA
2026-03-20 19:18:13,373 [INFO]   替換層 2 -> QuantModule_DiffAE_LoRA
2026-03-20 19:18:13,373 [INFO]   替換層 1 -> QuantModule_DiffAE_LoRA
2026-03-20 19:18:13,373 [INFO]   替換層 1 -> QuantModule_DiffAE_LoRA
2026-03-20 19:18:13,374 [INFO]   替換層 1 -> QuantModule_DiffAE_LoRA
2026-03-20 19:18:13,374 [INFO]   替換層 1 -> QuantModule_DiffAE_LoRA
2026-03-20 19:18:13,375 [INFO]   替換層 3 -> QuantModule_DiffAE_LoRA
2026-03-20 19:18:13,375 [INFO]   替換層 3 -> QuantModule_DiffAE_LoRA
2026-03-20 19:18:13,376 [INFO]   替換層 2 -> QuantModule_DiffAE_LoRA
2026-03-20 19:18:13,376 [INFO]   替換層 2 -> QuantModule_DiffAE_LoRA
2026-03-20 19:18:13,376 [INFO]   替換層 1 -> QuantModule_DiffAE_LoRA
2026-03-20 19:18:13,376 [INFO]   替換層 1 -> QuantModule_DiffAE_LoRA
2026-03-20 19:18:13,377 [INFO]   替換層 1 -> QuantModule_DiffAE_LoRA
2026-03-20 19:18:13,377 [INFO]   替換層 1 -> QuantModule_DiffAE_LoRA
2026-03-20 19:18:13,377 [INFO]   替換層 3 -> QuantModule_DiffAE_LoRA
2026-03-20 19:18:13,377 [INFO]   替換層 3 -> QuantModule_DiffAE_LoRA
2026-03-20 19:18:13,378 [INFO]   替換層 2 -> QuantModule_DiffAE_LoRA
2026-03-20 19:18:13,378 [INFO]   替換層 2 -> QuantModule_DiffAE_LoRA
2026-03-20 19:18:13,379 [INFO]   替換層 1 -> QuantModule_DiffAE_LoRA
2026-03-20 19:18:13,379 [INFO]   替換層 1 -> QuantModule_DiffAE_LoRA
2026-03-20 19:18:13,380 [INFO]   替換層 1 -> QuantModule_DiffAE_LoRA
2026-03-20 19:18:13,380 [INFO]   替換層 1 -> QuantModule_DiffAE_LoRA
2026-03-20 19:18:13,380 [INFO]   替換層 3 -> QuantModule_DiffAE_LoRA
2026-03-20 19:18:13,380 [INFO]   替換層 3 -> QuantModule_DiffAE_LoRA
2026-03-20 19:18:13,381 [INFO]   替換層 2 -> QuantModule_DiffAE_LoRA
2026-03-20 19:18:13,381 [INFO]   替換層 2 -> QuantModule_DiffAE_LoRA
2026-03-20 19:18:13,382 [INFO]   替換層 1 -> QuantModule_DiffAE_LoRA
2026-03-20 19:18:13,382 [INFO]   替換層 1 -> QuantModule_DiffAE_LoRA
2026-03-20 19:18:13,383 [INFO]   替換層 1 -> QuantModule_DiffAE_LoRA
2026-03-20 19:18:13,383 [INFO]   替換層 1 -> QuantModule_DiffAE_LoRA
2026-03-20 19:18:13,384 [INFO]   替換層 3 -> QuantModule_DiffAE_LoRA
2026-03-20 19:18:13,384 [INFO]   替換層 3 -> QuantModule_DiffAE_LoRA
2026-03-20 19:18:13,386 [INFO]   跳過量化 skip connection: skip_connection
2026-03-20 19:18:13,386 [INFO]   跳過量化 skip connection: skip_connection
2026-03-20 19:18:13,386 [INFO]   替換層 2 -> QuantModule_DiffAE_LoRA
2026-03-20 19:18:13,386 [INFO]   替換層 2 -> QuantModule_DiffAE_LoRA
2026-03-20 19:18:13,389 [INFO]   替換層 1 -> QuantModule_DiffAE_LoRA
2026-03-20 19:18:13,389 [INFO]   替換層 1 -> QuantModule_DiffAE_LoRA
2026-03-20 19:18:13,390 [INFO]   替換層 1 -> QuantModule_DiffAE_LoRA
2026-03-20 19:18:13,390 [INFO]   替換層 1 -> QuantModule_DiffAE_LoRA
2026-03-20 19:18:13,391 [INFO]   替換層 3 -> QuantModule_DiffAE_LoRA
2026-03-20 19:18:13,391 [INFO]   替換層 3 -> QuantModule_DiffAE_LoRA
2026-03-20 19:18:13,393 [INFO]   替換層 2 -> QuantModule_DiffAE_LoRA
2026-03-20 19:18:13,393 [INFO]   替換層 2 -> QuantModule_DiffAE_LoRA
2026-03-20 19:18:13,396 [INFO]   替換層 1 -> QuantModule_DiffAE_LoRA
2026-03-20 19:18:13,396 [INFO]   替換層 1 -> QuantModule_DiffAE_LoRA
2026-03-20 19:18:13,397 [INFO]   替換層 1 -> QuantModule_DiffAE_LoRA
2026-03-20 19:18:13,397 [INFO]   替換層 1 -> QuantModule_DiffAE_LoRA
2026-03-20 19:18:13,398 [INFO]   替換層 3 -> QuantModule_DiffAE_LoRA
2026-03-20 19:18:13,398 [INFO]   替換層 3 -> QuantModule_DiffAE_LoRA
2026-03-20 19:18:13,401 [INFO]   替換層 2 -> QuantModule_DiffAE_LoRA
2026-03-20 19:18:13,401 [INFO]   替換層 2 -> QuantModule_DiffAE_LoRA
2026-03-20 19:18:13,404 [INFO]   替換層 1 -> QuantModule_DiffAE_LoRA
2026-03-20 19:18:13,404 [INFO]   替換層 1 -> QuantModule_DiffAE_LoRA
2026-03-20 19:18:13,406 [INFO]   替換層 1 -> QuantModule_DiffAE_LoRA
2026-03-20 19:18:13,406 [INFO]   替換層 1 -> QuantModule_DiffAE_LoRA
2026-03-20 19:18:13,407 [INFO]   替換層 3 -> QuantModule_DiffAE_LoRA
2026-03-20 19:18:13,407 [INFO]   替換層 3 -> QuantModule_DiffAE_LoRA
2026-03-20 19:18:13,412 [INFO]   跳過量化 skip connection: skip_connection
2026-03-20 19:18:13,412 [INFO]   跳過量化 skip connection: skip_connection
2026-03-20 19:18:13,412 [INFO]   替換層 2 -> QuantModule_DiffAE_LoRA
2026-03-20 19:18:13,412 [INFO]   替換層 2 -> QuantModule_DiffAE_LoRA
2026-03-20 19:18:13,418 [INFO]   替換層 1 -> QuantModule_DiffAE_LoRA
2026-03-20 19:18:13,418 [INFO]   替換層 1 -> QuantModule_DiffAE_LoRA
2026-03-20 19:18:13,419 [INFO]   替換層 1 -> QuantModule_DiffAE_LoRA
2026-03-20 19:18:13,419 [INFO]   替換層 1 -> QuantModule_DiffAE_LoRA
2026-03-20 19:18:13,420 [INFO]   替換層 3 -> QuantModule_DiffAE_LoRA
2026-03-20 19:18:13,420 [INFO]   替換層 3 -> QuantModule_DiffAE_LoRA
2026-03-20 19:18:13,425 [INFO]   替換層 2 -> QuantModule_DiffAE_LoRA
2026-03-20 19:18:13,425 [INFO]   替換層 2 -> QuantModule_DiffAE_LoRA
2026-03-20 19:18:13,431 [INFO]   替換層 1 -> QuantModule_DiffAE_LoRA
2026-03-20 19:18:13,431 [INFO]   替換層 1 -> QuantModule_DiffAE_LoRA
2026-03-20 19:18:13,432 [INFO]   替換層 1 -> QuantModule_DiffAE_LoRA
2026-03-20 19:18:13,432 [INFO]   替換層 1 -> QuantModule_DiffAE_LoRA
2026-03-20 19:18:13,434 [INFO]   替換層 3 -> QuantModule_DiffAE_LoRA
2026-03-20 19:18:13,434 [INFO]   替換層 3 -> QuantModule_DiffAE_LoRA
2026-03-20 19:18:13,440 [INFO]   替換層 2 -> QuantModule_DiffAE_LoRA
2026-03-20 19:18:13,440 [INFO]   替換層 2 -> QuantModule_DiffAE_LoRA
2026-03-20 19:18:13,446 [INFO]   替換層 1 -> QuantModule_DiffAE_LoRA
2026-03-20 19:18:13,446 [INFO]   替換層 1 -> QuantModule_DiffAE_LoRA
2026-03-20 19:18:13,449 [INFO]   替換層 1 -> QuantModule_DiffAE_LoRA
2026-03-20 19:18:13,449 [INFO]   替換層 1 -> QuantModule_DiffAE_LoRA
2026-03-20 19:18:13,451 [INFO]   替換層 3 -> QuantModule_DiffAE_LoRA
2026-03-20 19:18:13,451 [INFO]   替換層 3 -> QuantModule_DiffAE_LoRA
2026-03-20 19:18:13,459 [INFO]   跳過量化 skip connection: skip_connection
2026-03-20 19:18:13,459 [INFO]   跳過量化 skip connection: skip_connection
2026-03-20 19:18:13,459 [INFO]   替換層 2 -> QuantModule_DiffAE_LoRA
2026-03-20 19:18:13,459 [INFO]   替換層 2 -> QuantModule_DiffAE_LoRA
2026-03-20 19:18:13,468 [INFO]   替換層 1 -> QuantModule_DiffAE_LoRA
2026-03-20 19:18:13,468 [INFO]   替換層 1 -> QuantModule_DiffAE_LoRA
2026-03-20 19:18:13,471 [INFO]   替換層 1 -> QuantModule_DiffAE_LoRA
2026-03-20 19:18:13,471 [INFO]   替換層 1 -> QuantModule_DiffAE_LoRA
2026-03-20 19:18:13,472 [INFO]   替換層 3 -> QuantModule_DiffAE_LoRA
2026-03-20 19:18:13,472 [INFO]   替換層 3 -> QuantModule_DiffAE_LoRA
2026-03-20 19:18:13,481 [INFO] 改造模組: middle_block
2026-03-20 19:18:13,481 [INFO] 改造模組: middle_block
2026-03-20 19:18:13,481 [INFO]   替換層 2 -> QuantModule_DiffAE_LoRA
2026-03-20 19:18:13,481 [INFO]   替換層 2 -> QuantModule_DiffAE_LoRA
2026-03-20 19:18:13,491 [INFO]   替換層 1 -> QuantModule_DiffAE_LoRA
2026-03-20 19:18:13,491 [INFO]   替換層 1 -> QuantModule_DiffAE_LoRA
2026-03-20 19:18:13,494 [INFO]   替換層 1 -> QuantModule_DiffAE_LoRA
2026-03-20 19:18:13,494 [INFO]   替換層 1 -> QuantModule_DiffAE_LoRA
2026-03-20 19:18:13,495 [INFO]   替換層 3 -> QuantModule_DiffAE_LoRA
2026-03-20 19:18:13,495 [INFO]   替換層 3 -> QuantModule_DiffAE_LoRA
2026-03-20 19:18:13,504 [INFO]   替換層 2 -> QuantModule_DiffAE_LoRA
2026-03-20 19:18:13,504 [INFO]   替換層 2 -> QuantModule_DiffAE_LoRA
2026-03-20 19:18:13,514 [INFO]   替換層 1 -> QuantModule_DiffAE_LoRA
2026-03-20 19:18:13,514 [INFO]   替換層 1 -> QuantModule_DiffAE_LoRA
2026-03-20 19:18:13,517 [INFO]   替換層 1 -> QuantModule_DiffAE_LoRA
2026-03-20 19:18:13,517 [INFO]   替換層 1 -> QuantModule_DiffAE_LoRA
2026-03-20 19:18:13,518 [INFO]   替換層 3 -> QuantModule_DiffAE_LoRA
2026-03-20 19:18:13,518 [INFO]   替換層 3 -> QuantModule_DiffAE_LoRA
2026-03-20 19:18:13,528 [INFO] 改造模組: output_blocks
2026-03-20 19:18:13,528 [INFO] 改造模組: output_blocks
2026-03-20 19:18:13,528 [INFO]   替換層 2 -> QuantModule_DiffAE_LoRA
2026-03-20 19:18:13,528 [INFO]   替換層 2 -> QuantModule_DiffAE_LoRA
2026-03-20 19:18:13,544 [INFO]   替換層 1 -> QuantModule_DiffAE_LoRA
2026-03-20 19:18:13,544 [INFO]   替換層 1 -> QuantModule_DiffAE_LoRA
2026-03-20 19:18:13,546 [INFO]   替換層 1 -> QuantModule_DiffAE_LoRA
2026-03-20 19:18:13,546 [INFO]   替換層 1 -> QuantModule_DiffAE_LoRA
2026-03-20 19:18:13,547 [INFO]   替換層 3 -> QuantModule_DiffAE_LoRA
2026-03-20 19:18:13,547 [INFO]   替換層 3 -> QuantModule_DiffAE_LoRA
2026-03-20 19:18:13,555 [INFO]   跳過量化 skip connection: skip_connection
2026-03-20 19:18:13,555 [INFO]   跳過量化 skip connection: skip_connection
2026-03-20 19:18:13,556 [INFO]   替換層 2 -> QuantModule_DiffAE_LoRA
2026-03-20 19:18:13,556 [INFO]   替換層 2 -> QuantModule_DiffAE_LoRA
2026-03-20 19:18:13,570 [INFO]   替換層 1 -> QuantModule_DiffAE_LoRA
2026-03-20 19:18:13,570 [INFO]   替換層 1 -> QuantModule_DiffAE_LoRA
2026-03-20 19:18:13,572 [INFO]   替換層 1 -> QuantModule_DiffAE_LoRA
2026-03-20 19:18:13,572 [INFO]   替換層 1 -> QuantModule_DiffAE_LoRA
2026-03-20 19:18:13,573 [INFO]   替換層 3 -> QuantModule_DiffAE_LoRA
2026-03-20 19:18:13,573 [INFO]   替換層 3 -> QuantModule_DiffAE_LoRA
2026-03-20 19:18:13,583 [INFO]   跳過量化 skip connection: skip_connection
2026-03-20 19:18:13,583 [INFO]   跳過量化 skip connection: skip_connection
2026-03-20 19:18:13,583 [INFO]   替換層 2 -> QuantModule_DiffAE_LoRA
2026-03-20 19:18:13,583 [INFO]   替換層 2 -> QuantModule_DiffAE_LoRA
2026-03-20 19:18:13,595 [INFO]   替換層 1 -> QuantModule_DiffAE_LoRA
2026-03-20 19:18:13,595 [INFO]   替換層 1 -> QuantModule_DiffAE_LoRA
2026-03-20 19:18:13,598 [INFO]   替換層 1 -> QuantModule_DiffAE_LoRA
2026-03-20 19:18:13,598 [INFO]   替換層 1 -> QuantModule_DiffAE_LoRA
2026-03-20 19:18:13,599 [INFO]   替換層 3 -> QuantModule_DiffAE_LoRA
2026-03-20 19:18:13,599 [INFO]   替換層 3 -> QuantModule_DiffAE_LoRA
2026-03-20 19:18:13,608 [INFO]   跳過量化 skip connection: skip_connection
2026-03-20 19:18:13,608 [INFO]   跳過量化 skip connection: skip_connection
2026-03-20 19:18:13,608 [INFO]   替換層 2 -> QuantModule_DiffAE_LoRA
2026-03-20 19:18:13,608 [INFO]   替換層 2 -> QuantModule_DiffAE_LoRA
2026-03-20 19:18:13,616 [INFO]   替換層 1 -> QuantModule_DiffAE_LoRA
2026-03-20 19:18:13,616 [INFO]   替換層 1 -> QuantModule_DiffAE_LoRA
2026-03-20 19:18:13,618 [INFO]   替換層 1 -> QuantModule_DiffAE_LoRA
2026-03-20 19:18:13,618 [INFO]   替換層 1 -> QuantModule_DiffAE_LoRA
2026-03-20 19:18:13,620 [INFO]   替換層 3 -> QuantModule_DiffAE_LoRA
2026-03-20 19:18:13,620 [INFO]   替換層 3 -> QuantModule_DiffAE_LoRA
2026-03-20 19:18:13,628 [INFO]   替換層 2 -> QuantModule_DiffAE_LoRA
2026-03-20 19:18:13,628 [INFO]   替換層 2 -> QuantModule_DiffAE_LoRA
2026-03-20 19:18:13,638 [INFO]   替換層 1 -> QuantModule_DiffAE_LoRA
2026-03-20 19:18:13,638 [INFO]   替換層 1 -> QuantModule_DiffAE_LoRA
2026-03-20 19:18:13,640 [INFO]   替換層 1 -> QuantModule_DiffAE_LoRA
2026-03-20 19:18:13,640 [INFO]   替換層 1 -> QuantModule_DiffAE_LoRA
2026-03-20 19:18:13,642 [INFO]   替換層 3 -> QuantModule_DiffAE_LoRA
2026-03-20 19:18:13,642 [INFO]   替換層 3 -> QuantModule_DiffAE_LoRA
2026-03-20 19:18:13,647 [INFO]   跳過量化 skip connection: skip_connection
2026-03-20 19:18:13,647 [INFO]   跳過量化 skip connection: skip_connection
2026-03-20 19:18:13,647 [INFO]   替換層 2 -> QuantModule_DiffAE_LoRA
2026-03-20 19:18:13,647 [INFO]   替換層 2 -> QuantModule_DiffAE_LoRA
2026-03-20 19:18:13,656 [INFO]   替換層 1 -> QuantModule_DiffAE_LoRA
2026-03-20 19:18:13,656 [INFO]   替換層 1 -> QuantModule_DiffAE_LoRA
2026-03-20 19:18:13,658 [INFO]   替換層 1 -> QuantModule_DiffAE_LoRA
2026-03-20 19:18:13,658 [INFO]   替換層 1 -> QuantModule_DiffAE_LoRA
2026-03-20 19:18:13,659 [INFO]   替換層 3 -> QuantModule_DiffAE_LoRA
2026-03-20 19:18:13,659 [INFO]   替換層 3 -> QuantModule_DiffAE_LoRA
2026-03-20 19:18:13,665 [INFO]   跳過量化 skip connection: skip_connection
2026-03-20 19:18:13,665 [INFO]   跳過量化 skip connection: skip_connection
2026-03-20 19:18:13,665 [INFO]   替換層 2 -> QuantModule_DiffAE_LoRA
2026-03-20 19:18:13,665 [INFO]   替換層 2 -> QuantModule_DiffAE_LoRA
2026-03-20 19:18:13,671 [INFO]   替換層 1 -> QuantModule_DiffAE_LoRA
2026-03-20 19:18:13,671 [INFO]   替換層 1 -> QuantModule_DiffAE_LoRA
2026-03-20 19:18:13,673 [INFO]   替換層 1 -> QuantModule_DiffAE_LoRA
2026-03-20 19:18:13,673 [INFO]   替換層 1 -> QuantModule_DiffAE_LoRA
2026-03-20 19:18:13,674 [INFO]   替換層 3 -> QuantModule_DiffAE_LoRA
2026-03-20 19:18:13,674 [INFO]   替換層 3 -> QuantModule_DiffAE_LoRA
2026-03-20 19:18:13,679 [INFO]   跳過量化 skip connection: skip_connection
2026-03-20 19:18:13,679 [INFO]   跳過量化 skip connection: skip_connection
2026-03-20 19:18:13,679 [INFO]   替換層 2 -> QuantModule_DiffAE_LoRA
2026-03-20 19:18:13,679 [INFO]   替換層 2 -> QuantModule_DiffAE_LoRA
2026-03-20 19:18:13,684 [INFO]   替換層 1 -> QuantModule_DiffAE_LoRA
2026-03-20 19:18:13,684 [INFO]   替換層 1 -> QuantModule_DiffAE_LoRA
2026-03-20 19:18:13,686 [INFO]   替換層 1 -> QuantModule_DiffAE_LoRA
2026-03-20 19:18:13,686 [INFO]   替換層 1 -> QuantModule_DiffAE_LoRA
2026-03-20 19:18:13,687 [INFO]   替換層 3 -> QuantModule_DiffAE_LoRA
2026-03-20 19:18:13,687 [INFO]   替換層 3 -> QuantModule_DiffAE_LoRA
2026-03-20 19:18:13,691 [INFO]   替換層 2 -> QuantModule_DiffAE_LoRA
2026-03-20 19:18:13,691 [INFO]   替換層 2 -> QuantModule_DiffAE_LoRA
2026-03-20 19:18:13,696 [INFO]   替換層 1 -> QuantModule_DiffAE_LoRA
2026-03-20 19:18:13,696 [INFO]   替換層 1 -> QuantModule_DiffAE_LoRA
2026-03-20 19:18:13,697 [INFO]   替換層 1 -> QuantModule_DiffAE_LoRA
2026-03-20 19:18:13,697 [INFO]   替換層 1 -> QuantModule_DiffAE_LoRA
2026-03-20 19:18:13,698 [INFO]   替換層 3 -> QuantModule_DiffAE_LoRA
2026-03-20 19:18:13,698 [INFO]   替換層 3 -> QuantModule_DiffAE_LoRA
2026-03-20 19:18:13,700 [INFO]   跳過量化 skip connection: skip_connection
2026-03-20 19:18:13,700 [INFO]   跳過量化 skip connection: skip_connection
2026-03-20 19:18:13,700 [INFO]   替換層 2 -> QuantModule_DiffAE_LoRA
2026-03-20 19:18:13,700 [INFO]   替換層 2 -> QuantModule_DiffAE_LoRA
2026-03-20 19:18:13,706 [INFO]   替換層 1 -> QuantModule_DiffAE_LoRA
2026-03-20 19:18:13,706 [INFO]   替換層 1 -> QuantModule_DiffAE_LoRA
2026-03-20 19:18:13,707 [INFO]   替換層 1 -> QuantModule_DiffAE_LoRA
2026-03-20 19:18:13,707 [INFO]   替換層 1 -> QuantModule_DiffAE_LoRA
2026-03-20 19:18:13,707 [INFO]   替換層 3 -> QuantModule_DiffAE_LoRA
2026-03-20 19:18:13,707 [INFO]   替換層 3 -> QuantModule_DiffAE_LoRA
2026-03-20 19:18:13,709 [INFO]   跳過量化 skip connection: skip_connection
2026-03-20 19:18:13,709 [INFO]   跳過量化 skip connection: skip_connection
2026-03-20 19:18:13,709 [INFO]   替換層 2 -> QuantModule_DiffAE_LoRA
2026-03-20 19:18:13,709 [INFO]   替換層 2 -> QuantModule_DiffAE_LoRA
2026-03-20 19:18:13,712 [INFO]   替換層 1 -> QuantModule_DiffAE_LoRA
2026-03-20 19:18:13,712 [INFO]   替換層 1 -> QuantModule_DiffAE_LoRA
2026-03-20 19:18:13,713 [INFO]   替換層 1 -> QuantModule_DiffAE_LoRA
2026-03-20 19:18:13,713 [INFO]   替換層 1 -> QuantModule_DiffAE_LoRA
2026-03-20 19:18:13,714 [INFO]   替換層 3 -> QuantModule_DiffAE_LoRA
2026-03-20 19:18:13,714 [INFO]   替換層 3 -> QuantModule_DiffAE_LoRA
2026-03-20 19:18:13,717 [INFO]   跳過量化 skip connection: skip_connection
2026-03-20 19:18:13,717 [INFO]   跳過量化 skip connection: skip_connection
2026-03-20 19:18:13,717 [INFO]   替換層 2 -> QuantModule_DiffAE_LoRA
2026-03-20 19:18:13,717 [INFO]   替換層 2 -> QuantModule_DiffAE_LoRA
2026-03-20 19:18:13,719 [INFO]   替換層 1 -> QuantModule_DiffAE_LoRA
2026-03-20 19:18:13,719 [INFO]   替換層 1 -> QuantModule_DiffAE_LoRA
2026-03-20 19:18:13,720 [INFO]   替換層 1 -> QuantModule_DiffAE_LoRA
2026-03-20 19:18:13,720 [INFO]   替換層 1 -> QuantModule_DiffAE_LoRA
2026-03-20 19:18:13,721 [INFO]   替換層 3 -> QuantModule_DiffAE_LoRA
2026-03-20 19:18:13,721 [INFO]   替換層 3 -> QuantModule_DiffAE_LoRA
2026-03-20 19:18:13,723 [INFO]   替換層 2 -> QuantModule_DiffAE_LoRA
2026-03-20 19:18:13,723 [INFO]   替換層 2 -> QuantModule_DiffAE_LoRA
2026-03-20 19:18:13,725 [INFO]   替換層 1 -> QuantModule_DiffAE_LoRA
2026-03-20 19:18:13,725 [INFO]   替換層 1 -> QuantModule_DiffAE_LoRA
2026-03-20 19:18:13,725 [INFO]   替換層 1 -> QuantModule_DiffAE_LoRA
2026-03-20 19:18:13,725 [INFO]   替換層 1 -> QuantModule_DiffAE_LoRA
2026-03-20 19:18:13,726 [INFO]   替換層 3 -> QuantModule_DiffAE_LoRA
2026-03-20 19:18:13,726 [INFO]   替換層 3 -> QuantModule_DiffAE_LoRA
2026-03-20 19:18:13,727 [INFO]   跳過量化 skip connection: skip_connection
2026-03-20 19:18:13,727 [INFO]   跳過量化 skip connection: skip_connection
2026-03-20 19:18:13,727 [INFO]   替換層 2 -> QuantModule_DiffAE_LoRA
2026-03-20 19:18:13,727 [INFO]   替換層 2 -> QuantModule_DiffAE_LoRA
2026-03-20 19:18:13,728 [INFO]   替換層 1 -> QuantModule_DiffAE_LoRA
2026-03-20 19:18:13,728 [INFO]   替換層 1 -> QuantModule_DiffAE_LoRA
2026-03-20 19:18:13,729 [INFO]   替換層 1 -> QuantModule_DiffAE_LoRA
2026-03-20 19:18:13,729 [INFO]   替換層 1 -> QuantModule_DiffAE_LoRA
2026-03-20 19:18:13,729 [INFO]   替換層 3 -> QuantModule_DiffAE_LoRA
2026-03-20 19:18:13,729 [INFO]   替換層 3 -> QuantModule_DiffAE_LoRA
2026-03-20 19:18:13,730 [INFO]   跳過量化 skip connection: skip_connection
2026-03-20 19:18:13,730 [INFO]   跳過量化 skip connection: skip_connection
2026-03-20 19:18:13,730 [INFO]   替換層 2 -> QuantModule_DiffAE_LoRA
2026-03-20 19:18:13,730 [INFO]   替換層 2 -> QuantModule_DiffAE_LoRA
2026-03-20 19:18:13,731 [INFO]   替換層 1 -> QuantModule_DiffAE_LoRA
2026-03-20 19:18:13,731 [INFO]   替換層 1 -> QuantModule_DiffAE_LoRA
2026-03-20 19:18:13,732 [INFO]   替換層 1 -> QuantModule_DiffAE_LoRA
2026-03-20 19:18:13,732 [INFO]   替換層 1 -> QuantModule_DiffAE_LoRA
2026-03-20 19:18:13,732 [INFO]   替換層 3 -> QuantModule_DiffAE_LoRA
2026-03-20 19:18:13,732 [INFO]   替換層 3 -> QuantModule_DiffAE_LoRA
2026-03-20 19:18:13,733 [INFO]   跳過量化 skip connection: skip_connection
2026-03-20 19:18:13,733 [INFO]   跳過量化 skip connection: skip_connection
2026-03-20 19:18:13,733 [INFO]   替換層 2 -> QuantModule_DiffAE_LoRA
2026-03-20 19:18:13,733 [INFO]   替換層 2 -> QuantModule_DiffAE_LoRA
2026-03-20 19:18:13,734 [INFO]   替換層 1 -> QuantModule_DiffAE_LoRA
2026-03-20 19:18:13,734 [INFO]   替換層 1 -> QuantModule_DiffAE_LoRA
2026-03-20 19:18:13,734 [INFO]   替換層 1 -> QuantModule_DiffAE_LoRA
2026-03-20 19:18:13,734 [INFO]   替換層 1 -> QuantModule_DiffAE_LoRA
2026-03-20 19:18:13,735 [INFO]   替換層 3 -> QuantModule_DiffAE_LoRA
2026-03-20 19:18:13,735 [INFO]   替換層 3 -> QuantModule_DiffAE_LoRA
2026-03-20 19:18:13,735 [INFO]   替換層 2 -> QuantModule_DiffAE_LoRA
2026-03-20 19:18:13,735 [INFO]   替換層 2 -> QuantModule_DiffAE_LoRA
2026-03-20 19:18:13,737 [INFO]   替換層 1 -> QuantModule_DiffAE_LoRA
2026-03-20 19:18:13,737 [INFO]   替換層 1 -> QuantModule_DiffAE_LoRA
2026-03-20 19:18:13,737 [INFO]   替換層 1 -> QuantModule_DiffAE_LoRA
2026-03-20 19:18:13,737 [INFO]   替換層 1 -> QuantModule_DiffAE_LoRA
2026-03-20 19:18:13,738 [INFO]   替換層 3 -> QuantModule_DiffAE_LoRA
2026-03-20 19:18:13,738 [INFO]   替換層 3 -> QuantModule_DiffAE_LoRA
2026-03-20 19:18:13,739 [INFO]   跳過量化 skip connection: skip_connection
2026-03-20 19:18:13,739 [INFO]   跳過量化 skip connection: skip_connection
2026-03-20 19:18:13,739 [INFO]   替換層 2 -> QuantModule_DiffAE_LoRA
2026-03-20 19:18:13,739 [INFO]   替換層 2 -> QuantModule_DiffAE_LoRA
2026-03-20 19:18:13,740 [INFO]   替換層 1 -> QuantModule_DiffAE_LoRA
2026-03-20 19:18:13,740 [INFO]   替換層 1 -> QuantModule_DiffAE_LoRA
2026-03-20 19:18:13,741 [INFO]   替換層 1 -> QuantModule_DiffAE_LoRA
2026-03-20 19:18:13,741 [INFO]   替換層 1 -> QuantModule_DiffAE_LoRA
2026-03-20 19:18:13,741 [INFO]   替換層 3 -> QuantModule_DiffAE_LoRA
2026-03-20 19:18:13,741 [INFO]   替換層 3 -> QuantModule_DiffAE_LoRA
2026-03-20 19:18:13,742 [INFO]   跳過量化 skip connection: skip_connection
2026-03-20 19:18:13,742 [INFO]   跳過量化 skip connection: skip_connection
2026-03-20 19:18:13,742 [INFO]   替換層 2 -> QuantModule_DiffAE_LoRA
2026-03-20 19:18:13,742 [INFO]   替換層 2 -> QuantModule_DiffAE_LoRA
2026-03-20 19:18:13,743 [INFO]   替換層 1 -> QuantModule_DiffAE_LoRA
2026-03-20 19:18:13,743 [INFO]   替換層 1 -> QuantModule_DiffAE_LoRA
2026-03-20 19:18:13,744 [INFO]   替換層 1 -> QuantModule_DiffAE_LoRA
2026-03-20 19:18:13,744 [INFO]   替換層 1 -> QuantModule_DiffAE_LoRA
2026-03-20 19:18:13,744 [INFO]   替換層 3 -> QuantModule_DiffAE_LoRA
2026-03-20 19:18:13,744 [INFO]   替換層 3 -> QuantModule_DiffAE_LoRA
2026-03-20 19:18:13,745 [INFO]   跳過量化 skip connection: skip_connection
2026-03-20 19:18:13,745 [INFO]   跳過量化 skip connection: skip_connection
2026-03-20 19:18:13,745 [INFO] 改造模組: out
2026-03-20 19:18:13,745 [INFO] 改造模組: out
2026-03-20 19:18:13,745 [INFO]   跳過量化特殊模組: 2
2026-03-20 19:18:13,745 [INFO]   跳過量化特殊模組: 2
2026-03-20 19:18:13,749 [INFO] 執行 'create_float_quantized_model' 完成，耗時: 0.46 秒
2026-03-20 19:18:13,749 [INFO] 執行 'create_float_quantized_model' 完成，耗時: 0.46 秒
2026-03-20 19:18:13,841 [INFO] 載入校準資料...
2026-03-20 19:18:13,841 [INFO] 載入校準資料...
2026-03-20 19:18:14,023 [INFO] ✅ 載入真實校準資料成功
2026-03-20 19:18:14,023 [INFO] ✅ 載入真實校準資料成功
2026-03-20 19:18:14,025 [INFO] ==================================================
2026-03-20 19:18:14,025 [INFO] ==================================================
2026-03-20 19:18:14,025 [INFO] 5. Setting first and last layers to 8-bit...
2026-03-20 19:18:14,025 [INFO] 5. Setting first and last layers to 8-bit...
2026-03-20 19:18:14,027 [INFO] 找到 144 個量化模組
2026-03-20 19:18:14,027 [INFO] 找到 144 個量化模組
2026-03-20 19:18:14,027 [INFO] ✅ 首尾層 8-bit 設定完成
2026-03-20 19:18:14,027 [INFO] ✅ 首尾層 8-bit 設定完成
2026-03-20 19:18:14,027 [INFO] ✅ 量化模型創建成功
2026-03-20 19:18:14,027 [INFO] ✅ 量化模型創建成功
2026-03-20 19:18:14,027 [INFO] set quant state to True, True for layer 1
2026-03-20 19:18:14,027 [INFO] set quant state to True, True for layer 1
2026-03-20 19:18:14,027 [INFO] set quant state to True, True for layer 2
2026-03-20 19:18:14,027 [INFO] set quant state to True, True for layer 2
2026-03-20 19:18:14,027 [INFO] set quant state to True, False for layer 3
2026-03-20 19:18:14,027 [INFO] set quant state to True, False for layer 3
2026-03-20 19:18:14,028 [INFO] set quant state to True, True for layer 144
2026-03-20 19:18:14,028 [INFO] set quant state to True, True for layer 144
2026-03-20 19:18:14,972 [INFO] EMA(load from ema_model.model.*): provided=1822 effective_loaded=1822 missing=280 unexpected=0
2026-03-20 19:18:14,972 [INFO] EMA(load from ema_model.model.*): provided=1822 effective_loaded=1822 missing=280 unexpected=0
2026-03-20 19:18:14,972 [WARNING] EMA missing keys (前10): ['model.input_blocks.1.0.in_layers.2.intn_dequantizer.delta', 'model.input_blocks.1.0.in_layers.2.intn_dequantizer.zero_point', 'model.input_blocks.1.0.emb_layers.1.intn_dequantizer.delta', 'model.input_blocks.1.0.emb_layers.1.intn_dequantizer.zero_point', 'model.input_blocks.1.0.cond_emb_layers.1.intn_dequantizer.delta', 'model.input_blocks.1.0.cond_emb_layers.1.intn_dequantizer.zero_point', 'model.input_blocks.1.0.out_layers.3.intn_dequantizer.delta', 'model.input_blocks.1.0.out_layers.3.intn_dequantizer.zero_point', 'model.input_blocks.2.0.in_layers.2.intn_dequantizer.delta', 'model.input_blocks.2.0.in_layers.2.intn_dequantizer.zero_point']
2026-03-20 19:18:14,972 [WARNING] EMA missing keys (前10): ['model.input_blocks.1.0.in_layers.2.intn_dequantizer.delta', 'model.input_blocks.1.0.in_layers.2.intn_dequantizer.zero_point', 'model.input_blocks.1.0.emb_layers.1.intn_dequantizer.delta', 'model.input_blocks.1.0.emb_layers.1.intn_dequantizer.zero_point', 'model.input_blocks.1.0.cond_emb_layers.1.intn_dequantizer.delta', 'model.input_blocks.1.0.cond_emb_layers.1.intn_dequantizer.zero_point', 'model.input_blocks.1.0.out_layers.3.intn_dequantizer.delta', 'model.input_blocks.1.0.out_layers.3.intn_dequantizer.zero_point', 'model.input_blocks.2.0.in_layers.2.intn_dequantizer.delta', 'model.input_blocks.2.0.in_layers.2.intn_dequantizer.zero_point']
2026-03-20 19:18:15,027 [INFO] MODEL(load from model.model.*): provided=1822 effective_loaded=1822 missing=280 unexpected=0
2026-03-20 19:18:15,027 [INFO] MODEL(load from model.model.*): provided=1822 effective_loaded=1822 missing=280 unexpected=0
2026-03-20 19:18:15,028 [INFO] ✅ 量化模型載入成功
2026-03-20 19:18:15,028 [INFO] ✅ 量化模型載入成功
2026-03-20 19:18:15,028 [INFO] === 初始化新功能模組 ===
2026-03-20 19:18:15,028 [INFO] === 初始化新功能模組 ===
2026-03-20 19:18:15,055 [INFO] ✅ 基礎模型設定完成
2026-03-20 19:18:15,055 [INFO] ✅ 基礎模型設定完成
2026-03-20 19:18:15,082 [INFO] ==================================================
2026-03-20 19:18:15,082 [INFO] ==================================================
2026-03-20 19:18:15,082 [INFO] 啟用 Similarity Analysis (L1/L2/Cosine)
2026-03-20 19:18:15,082 [INFO] 啟用 Similarity Analysis (L1/L2/Cosine)
2026-03-20 19:18:15,082 [INFO] FID 評估樣本數: 128
2026-03-20 19:18:15,082 [INFO] FID 評估樣本數: 128
2026-03-20 19:18:15,082 [INFO] 實際收集樣本數: 20 (用於加速)
2026-03-20 19:18:15,082 [INFO] 實際收集樣本數: 20 (用於加速)
2026-03-20 19:18:15,082 [INFO] 擴散步數: 100
2026-03-20 19:18:15,082 [INFO] 擴散步數: 100
2026-03-20 19:18:15,082 [INFO] ==================================================
2026-03-20 19:18:15,082 [INFO] ==================================================
2026-03-20 19:18:15,082 [INFO] [Similarity] 註冊 block hook: model.input_blocks.14
2026-03-20 19:18:15,082 [INFO] [Similarity] 註冊 block hook: model.input_blocks.14
2026-03-20 19:18:15,084 [INFO] [Similarity] 註冊 model step hook 完成
2026-03-20 19:18:15,084 [INFO] [Similarity] 註冊 model step hook 完成
Model params: 174.19 M
loading pretrain ... 130M
step: 1019986
loading latent stats ...
local seed: 0
train data: 70001
val data: 70001
on train dataloader start ...
mean: tensor(-0.0606, device='cuda:0') std: tensor(0.0755, device='cuda:0')
generating images:   0%|          | 0/4 [00:00<?, ?it/s]/home/jimmy/diffae/./diffusion/base.py:329: FutureWarning: `torch.cuda.amp.autocast(args...)` is deprecated. Please use `torch.amp.autocast('cuda', args...)` instead.
  with autocast(self.conf.fp16):
2026-03-20 19:18:32,102 [INFO] [Similarity] Batch 0 完成，已收集 20 個樣本
2026-03-20 19:18:32,102 [INFO] [Similarity] Batch 0 完成，已收集 20 個樣本
generating images:  25%|██▌       | 1/4 [00:17<00:51, 17.12s/it]2026-03-20 19:18:49,054 [INFO] [Similarity] Batch 1 完成，已收集 20 個樣本
2026-03-20 19:18:49,054 [INFO] [Similarity] Batch 1 完成，已收集 20 個樣本
generating images:  50%|█████     | 2/4 [00:34<00:34, 17.02s/it]2026-03-20 19:19:06,018 [INFO] [Similarity] Batch 2 完成，已收集 20 個樣本
2026-03-20 19:19:06,018 [INFO] [Similarity] Batch 2 完成，已收集 20 個樣本
generating images:  75%|███████▌  | 3/4 [00:51<00:16, 17.00s/it]2026-03-20 19:19:21,790 [INFO] [Similarity] 已收集 80 个样本，停止数据收集（目标: 80）
2026-03-20 19:19:21,790 [INFO] [Similarity] 已收集 80 个样本，停止数据收集（目标: 80）
2026-03-20 19:19:22,989 [INFO] [Similarity] Batch 3 完成，已收集 20 個樣本
2026-03-20 19:19:22,989 [INFO] [Similarity] Batch 3 完成，已收集 20 個樣本
generating images: 100%|██████████| 4/4 [01:08<00:00, 16.98s/it]generating images: 100%|██████████| 4/4 [01:08<00:00, 17.00s/it]
2026-03-20 19:19:23,094 [INFO] [Similarity] FID@128 100 steps score: 0
2026-03-20 19:19:23,094 [INFO] [Similarity] FID@128 100 steps score: 0
2026-03-20 19:19:23,095 [INFO] [Similarity] model.input_blocks.14 cosine: min=0.820626, max=1.000000, diag_mean=1.000000, off_diag_mean=0.957385, off_diag_std=0.036405
2026-03-20 19:19:23,095 [INFO] [Similarity] model.input_blocks.14 cosine: min=0.820626, max=1.000000, diag_mean=1.000000, off_diag_mean=0.957385, off_diag_std=0.036405
2026-03-20 19:19:23,846 [INFO] ✅ Similarity Analysis 完成
2026-03-20 19:19:23,846 [INFO] ✅ Similarity Analysis 完成
2026-03-20 19:19:23,889 [INFO] 執行 'main_float_model' 完成，耗時: 72.46 秒
2026-03-20 19:19:23,889 [INFO] 執行 'main_float_model' 完成，耗時: 72.46 秒
