/home/jimmy/anaconda3/envs/diffae_bw/lib/python3.10/site-packages/lightning_fabric/__init__.py:41: pkg_resources is deprecated as an API. See https://setuptools.pypa.io/en/latest/pkg_resources.html. The pkg_resources package is slated for removal as early as 2025-11-30. Refrain from using this package or pin to Setuptools<81.
使用自動混合精度: torch.bfloat16
[設定] Log 檔案已設為: QATcode/cache_method/L1_L2_cosine/logs/similarity_model_output_blocks_5.log
2026-01-26 12:20:18,572 [INFO] Using 100 steps
2026-01-26 12:20:18,572 [INFO] Using 50000 evaluation samples
2026-01-26 12:20:18,573 [INFO] Cache enabled: False, method: Res, threshold: 0.1
2026-01-26 12:20:18,573 [INFO] Quantitative analysis enabled: False, samples: 10
2026-01-26 12:20:18,573 [INFO] Log file: QATcode/cache_method/L1_L2_cosine/logs/similarity_model_output_blocks_5.log
2026-01-26 12:20:18,573 [INFO] ==================================================
2026-01-26 12:20:18,573 [INFO] Diff-AE EfficientDM Step 7 : 生成圖片
2026-01-26 12:20:18,573 [INFO] ==================================================
2026-01-26 12:20:18,573 [INFO] 使用設備: cuda
2026-01-26 12:20:18,572 [INFO] Using 100 steps
2026-01-26 12:20:18,572 [INFO] Using 50000 evaluation samples
2026-01-26 12:20:18,573 [INFO] Cache enabled: False, method: Res, threshold: 0.1
2026-01-26 12:20:18,573 [INFO] Quantitative analysis enabled: False, samples: 10
2026-01-26 12:20:18,573 [INFO] Log file: QATcode/cache_method/L1_L2_cosine/logs/similarity_model_output_blocks_5.log
2026-01-26 12:20:18,573 [INFO] ==================================================
2026-01-26 12:20:18,573 [INFO] Diff-AE EfficientDM Step 7 : 生成圖片
2026-01-26 12:20:18,573 [INFO] ==================================================
2026-01-26 12:20:18,573 [INFO] 使用設備: cuda
2026-01-26 12:20:18,573 [INFO] === 新功能狀態 ===
2026-01-26 12:20:18,573 [INFO] === 新功能狀態 ===
2026-01-26 12:20:18,573 [INFO] 載入 Diff-AE 模型: checkpoints/ffhq128_autoenc_latent/last.ckpt
2026-01-26 12:20:18,573 [INFO] 載入 Diff-AE 模型: checkpoints/ffhq128_autoenc_latent/last.ckpt
Seed set to 0
Model params: 174.19 M
loading pretrain ... 130M
step: 1019986
loading latent stats ...
2026-01-26 12:20:21,470 [INFO] Diff-AE 模型載入完成
2026-01-26 12:20:21,470 [INFO] Diff-AE 模型載入完成
2026-01-26 12:20:21,514 [INFO] 執行 'load_diffae_model' 完成，耗時: 2.94 秒
2026-01-26 12:20:21,514 [INFO] 執行 'load_diffae_model' 完成，耗時: 2.94 秒
2026-01-26 12:20:21,514 [INFO] ✅ Diff-AE 模型載入成功
2026-01-26 12:20:21,514 [INFO] ✅ Diff-AE 模型載入成功
2026-01-26 12:20:21,514 [INFO] base_model.conf.train_mode: TrainMode.latent_diffusion
2026-01-26 12:20:21,514 [INFO] base_model.conf.train_mode: TrainMode.latent_diffusion
2026-01-26 12:20:21,514 [INFO] === 創建 LoRA 量化模型 ===
2026-01-26 12:20:21,514 [INFO] === 創建 LoRA 量化模型 ===
2026-01-26 12:20:21,514 [INFO] === 開始 UNet LoRA 量化改造 ===
2026-01-26 12:20:21,514 [INFO] === 開始 UNet LoRA 量化改造 ===
2026-01-26 12:20:21,514 [INFO] 改造模組: time_embed
2026-01-26 12:20:21,514 [INFO] 改造模組: time_embed
2026-01-26 12:20:21,514 [INFO]   跳過量化特殊模組: 0
2026-01-26 12:20:21,514 [INFO]   跳過量化特殊模組: 0
2026-01-26 12:20:21,524 [INFO]   跳過量化特殊模組: 2
2026-01-26 12:20:21,524 [INFO]   跳過量化特殊模組: 2
2026-01-26 12:20:21,527 [INFO] 改造模組: input_blocks
2026-01-26 12:20:21,528 [INFO]   跳過量化特殊模組: 0
2026-01-26 12:20:21,528 [INFO]   替換層 2 -> QuantModule_DiffAE_LoRA
2026-01-26 12:20:21,527 [INFO] 改造模組: input_blocks
2026-01-26 12:20:21,528 [INFO]   跳過量化特殊模組: 0
2026-01-26 12:20:21,528 [INFO]   替換層 2 -> QuantModule_DiffAE_LoRA
2026-01-26 12:20:21,610 [INFO]   替換層 1 -> QuantModule_DiffAE_LoRA
2026-01-26 12:20:21,610 [INFO]   替換層 1 -> QuantModule_DiffAE_LoRA
2026-01-26 12:20:21,617 [INFO]   替換層 1 -> QuantModule_DiffAE_LoRA
2026-01-26 12:20:21,617 [INFO]   替換層 1 -> QuantModule_DiffAE_LoRA
2026-01-26 12:20:21,623 [INFO]   替換層 3 -> QuantModule_DiffAE_LoRA
2026-01-26 12:20:21,623 [INFO]   替換層 3 -> QuantModule_DiffAE_LoRA
2026-01-26 12:20:21,627 [INFO]   替換層 2 -> QuantModule_DiffAE_LoRA
2026-01-26 12:20:21,627 [INFO]   替換層 2 -> QuantModule_DiffAE_LoRA
2026-01-26 12:20:21,633 [INFO]   替換層 1 -> QuantModule_DiffAE_LoRA
2026-01-26 12:20:21,633 [INFO]   替換層 1 -> QuantModule_DiffAE_LoRA
2026-01-26 12:20:21,639 [INFO]   替換層 1 -> QuantModule_DiffAE_LoRA
2026-01-26 12:20:21,639 [INFO]   替換層 1 -> QuantModule_DiffAE_LoRA
2026-01-26 12:20:21,640 [INFO]   替換層 3 -> QuantModule_DiffAE_LoRA
2026-01-26 12:20:21,640 [INFO]   替換層 3 -> QuantModule_DiffAE_LoRA
2026-01-26 12:20:21,640 [INFO]   替換層 2 -> QuantModule_DiffAE_LoRA
2026-01-26 12:20:21,640 [INFO]   替換層 2 -> QuantModule_DiffAE_LoRA
2026-01-26 12:20:21,641 [INFO]   替換層 1 -> QuantModule_DiffAE_LoRA
2026-01-26 12:20:21,641 [INFO]   替換層 1 -> QuantModule_DiffAE_LoRA
2026-01-26 12:20:21,641 [INFO]   替換層 1 -> QuantModule_DiffAE_LoRA
2026-01-26 12:20:21,641 [INFO]   替換層 1 -> QuantModule_DiffAE_LoRA
2026-01-26 12:20:21,642 [INFO]   替換層 3 -> QuantModule_DiffAE_LoRA
2026-01-26 12:20:21,642 [INFO]   替換層 3 -> QuantModule_DiffAE_LoRA
2026-01-26 12:20:21,643 [INFO]   替換層 2 -> QuantModule_DiffAE_LoRA
2026-01-26 12:20:21,643 [INFO]   替換層 2 -> QuantModule_DiffAE_LoRA
2026-01-26 12:20:21,643 [INFO]   替換層 1 -> QuantModule_DiffAE_LoRA
2026-01-26 12:20:21,643 [INFO]   替換層 1 -> QuantModule_DiffAE_LoRA
2026-01-26 12:20:21,644 [INFO]   替換層 1 -> QuantModule_DiffAE_LoRA
2026-01-26 12:20:21,644 [INFO]   替換層 1 -> QuantModule_DiffAE_LoRA
2026-01-26 12:20:21,644 [INFO]   替換層 3 -> QuantModule_DiffAE_LoRA
2026-01-26 12:20:21,644 [INFO]   替換層 3 -> QuantModule_DiffAE_LoRA
2026-01-26 12:20:21,645 [INFO]   替換層 2 -> QuantModule_DiffAE_LoRA
2026-01-26 12:20:21,645 [INFO]   替換層 2 -> QuantModule_DiffAE_LoRA
2026-01-26 12:20:21,646 [INFO]   替換層 1 -> QuantModule_DiffAE_LoRA
2026-01-26 12:20:21,646 [INFO]   替換層 1 -> QuantModule_DiffAE_LoRA
2026-01-26 12:20:21,646 [INFO]   替換層 1 -> QuantModule_DiffAE_LoRA
2026-01-26 12:20:21,646 [INFO]   替換層 1 -> QuantModule_DiffAE_LoRA
2026-01-26 12:20:21,646 [INFO]   替換層 3 -> QuantModule_DiffAE_LoRA
2026-01-26 12:20:21,646 [INFO]   替換層 3 -> QuantModule_DiffAE_LoRA
2026-01-26 12:20:21,647 [INFO]   替換層 2 -> QuantModule_DiffAE_LoRA
2026-01-26 12:20:21,647 [INFO]   替換層 2 -> QuantModule_DiffAE_LoRA
2026-01-26 12:20:21,648 [INFO]   替換層 1 -> QuantModule_DiffAE_LoRA
2026-01-26 12:20:21,648 [INFO]   替換層 1 -> QuantModule_DiffAE_LoRA
2026-01-26 12:20:21,648 [INFO]   替換層 1 -> QuantModule_DiffAE_LoRA
2026-01-26 12:20:21,648 [INFO]   替換層 1 -> QuantModule_DiffAE_LoRA
2026-01-26 12:20:21,649 [INFO]   替換層 3 -> QuantModule_DiffAE_LoRA
2026-01-26 12:20:21,649 [INFO]   替換層 3 -> QuantModule_DiffAE_LoRA
2026-01-26 12:20:21,649 [INFO]   替換層 2 -> QuantModule_DiffAE_LoRA
2026-01-26 12:20:21,649 [INFO]   替換層 2 -> QuantModule_DiffAE_LoRA
2026-01-26 12:20:21,650 [INFO]   替換層 1 -> QuantModule_DiffAE_LoRA
2026-01-26 12:20:21,650 [INFO]   替換層 1 -> QuantModule_DiffAE_LoRA
2026-01-26 12:20:21,651 [INFO]   替換層 1 -> QuantModule_DiffAE_LoRA
2026-01-26 12:20:21,651 [INFO]   替換層 1 -> QuantModule_DiffAE_LoRA
2026-01-26 12:20:21,652 [INFO]   替換層 3 -> QuantModule_DiffAE_LoRA
2026-01-26 12:20:21,652 [INFO]   替換層 3 -> QuantModule_DiffAE_LoRA
2026-01-26 12:20:21,653 [INFO]   跳過量化 skip connection: skip_connection
2026-01-26 12:20:21,653 [INFO]   跳過量化 skip connection: skip_connection
2026-01-26 12:20:21,653 [INFO]   替換層 2 -> QuantModule_DiffAE_LoRA
2026-01-26 12:20:21,653 [INFO]   替換層 2 -> QuantModule_DiffAE_LoRA
2026-01-26 12:20:21,655 [INFO]   替換層 1 -> QuantModule_DiffAE_LoRA
2026-01-26 12:20:21,655 [INFO]   替換層 1 -> QuantModule_DiffAE_LoRA
2026-01-26 12:20:21,656 [INFO]   替換層 1 -> QuantModule_DiffAE_LoRA
2026-01-26 12:20:21,656 [INFO]   替換層 1 -> QuantModule_DiffAE_LoRA
2026-01-26 12:20:21,656 [INFO]   替換層 3 -> QuantModule_DiffAE_LoRA
2026-01-26 12:20:21,656 [INFO]   替換層 3 -> QuantModule_DiffAE_LoRA
2026-01-26 12:20:21,658 [INFO]   替換層 2 -> QuantModule_DiffAE_LoRA
2026-01-26 12:20:21,658 [INFO]   替換層 2 -> QuantModule_DiffAE_LoRA
2026-01-26 12:20:21,660 [INFO]   替換層 1 -> QuantModule_DiffAE_LoRA
2026-01-26 12:20:21,660 [INFO]   替換層 1 -> QuantModule_DiffAE_LoRA
2026-01-26 12:20:21,660 [INFO]   替換層 1 -> QuantModule_DiffAE_LoRA
2026-01-26 12:20:21,660 [INFO]   替換層 1 -> QuantModule_DiffAE_LoRA
2026-01-26 12:20:21,661 [INFO]   替換層 3 -> QuantModule_DiffAE_LoRA
2026-01-26 12:20:21,661 [INFO]   替換層 3 -> QuantModule_DiffAE_LoRA
2026-01-26 12:20:21,663 [INFO]   替換層 2 -> QuantModule_DiffAE_LoRA
2026-01-26 12:20:21,663 [INFO]   替換層 2 -> QuantModule_DiffAE_LoRA
2026-01-26 12:20:21,665 [INFO]   替換層 1 -> QuantModule_DiffAE_LoRA
2026-01-26 12:20:21,665 [INFO]   替換層 1 -> QuantModule_DiffAE_LoRA
2026-01-26 12:20:21,666 [INFO]   替換層 1 -> QuantModule_DiffAE_LoRA
2026-01-26 12:20:21,666 [INFO]   替換層 1 -> QuantModule_DiffAE_LoRA
2026-01-26 12:20:21,667 [INFO]   替換層 3 -> QuantModule_DiffAE_LoRA
2026-01-26 12:20:21,667 [INFO]   替換層 3 -> QuantModule_DiffAE_LoRA
2026-01-26 12:20:21,671 [INFO]   跳過量化 skip connection: skip_connection
2026-01-26 12:20:21,671 [INFO]   跳過量化 skip connection: skip_connection
2026-01-26 12:20:21,671 [INFO]   替換層 2 -> QuantModule_DiffAE_LoRA
2026-01-26 12:20:21,671 [INFO]   替換層 2 -> QuantModule_DiffAE_LoRA
2026-01-26 12:20:21,675 [INFO]   替換層 1 -> QuantModule_DiffAE_LoRA
2026-01-26 12:20:21,675 [INFO]   替換層 1 -> QuantModule_DiffAE_LoRA
2026-01-26 12:20:21,683 [INFO]   替換層 1 -> QuantModule_DiffAE_LoRA
2026-01-26 12:20:21,683 [INFO]   替換層 1 -> QuantModule_DiffAE_LoRA
2026-01-26 12:20:21,686 [INFO]   替換層 3 -> QuantModule_DiffAE_LoRA
2026-01-26 12:20:21,686 [INFO]   替換層 3 -> QuantModule_DiffAE_LoRA
2026-01-26 12:20:21,694 [INFO]   替換層 2 -> QuantModule_DiffAE_LoRA
2026-01-26 12:20:21,694 [INFO]   替換層 2 -> QuantModule_DiffAE_LoRA
2026-01-26 12:20:21,701 [INFO]   替換層 1 -> QuantModule_DiffAE_LoRA
2026-01-26 12:20:21,701 [INFO]   替換層 1 -> QuantModule_DiffAE_LoRA
2026-01-26 12:20:21,705 [INFO]   替換層 1 -> QuantModule_DiffAE_LoRA
2026-01-26 12:20:21,705 [INFO]   替換層 1 -> QuantModule_DiffAE_LoRA
2026-01-26 12:20:21,710 [INFO]   替換層 3 -> QuantModule_DiffAE_LoRA
2026-01-26 12:20:21,710 [INFO]   替換層 3 -> QuantModule_DiffAE_LoRA
2026-01-26 12:20:21,716 [INFO]   替換層 2 -> QuantModule_DiffAE_LoRA
2026-01-26 12:20:21,716 [INFO]   替換層 2 -> QuantModule_DiffAE_LoRA
2026-01-26 12:20:21,722 [INFO]   替換層 1 -> QuantModule_DiffAE_LoRA
2026-01-26 12:20:21,722 [INFO]   替換層 1 -> QuantModule_DiffAE_LoRA
2026-01-26 12:20:21,727 [INFO]   替換層 1 -> QuantModule_DiffAE_LoRA
2026-01-26 12:20:21,727 [INFO]   替換層 1 -> QuantModule_DiffAE_LoRA
2026-01-26 12:20:21,732 [INFO]   替換層 3 -> QuantModule_DiffAE_LoRA
2026-01-26 12:20:21,732 [INFO]   替換層 3 -> QuantModule_DiffAE_LoRA
2026-01-26 12:20:21,740 [INFO]   跳過量化 skip connection: skip_connection
2026-01-26 12:20:21,740 [INFO]   替換層 2 -> QuantModule_DiffAE_LoRA
2026-01-26 12:20:21,740 [INFO]   跳過量化 skip connection: skip_connection
2026-01-26 12:20:21,740 [INFO]   替換層 2 -> QuantModule_DiffAE_LoRA
2026-01-26 12:20:21,748 [INFO]   替換層 1 -> QuantModule_DiffAE_LoRA
2026-01-26 12:20:21,748 [INFO]   替換層 1 -> QuantModule_DiffAE_LoRA
2026-01-26 12:20:21,753 [INFO]   替換層 1 -> QuantModule_DiffAE_LoRA
2026-01-26 12:20:21,753 [INFO]   替換層 1 -> QuantModule_DiffAE_LoRA
2026-01-26 12:20:21,758 [INFO]   替換層 3 -> QuantModule_DiffAE_LoRA
2026-01-26 12:20:21,758 [INFO]   替換層 3 -> QuantModule_DiffAE_LoRA
2026-01-26 12:20:21,766 [INFO] 改造模組: middle_block
2026-01-26 12:20:21,766 [INFO]   替換層 2 -> QuantModule_DiffAE_LoRA
2026-01-26 12:20:21,766 [INFO] 改造模組: middle_block
2026-01-26 12:20:21,766 [INFO]   替換層 2 -> QuantModule_DiffAE_LoRA
2026-01-26 12:20:21,778 [INFO]   替換層 1 -> QuantModule_DiffAE_LoRA
2026-01-26 12:20:21,778 [INFO]   替換層 1 -> QuantModule_DiffAE_LoRA
2026-01-26 12:20:21,782 [INFO]   替換層 1 -> QuantModule_DiffAE_LoRA
2026-01-26 12:20:21,782 [INFO]   替換層 1 -> QuantModule_DiffAE_LoRA
2026-01-26 12:20:21,789 [INFO]   替換層 3 -> QuantModule_DiffAE_LoRA
2026-01-26 12:20:21,789 [INFO]   替換層 3 -> QuantModule_DiffAE_LoRA
2026-01-26 12:20:21,795 [INFO]   替換層 2 -> QuantModule_DiffAE_LoRA
2026-01-26 12:20:21,795 [INFO]   替換層 2 -> QuantModule_DiffAE_LoRA
2026-01-26 12:20:21,807 [INFO]   替換層 1 -> QuantModule_DiffAE_LoRA
2026-01-26 12:20:21,807 [INFO]   替換層 1 -> QuantModule_DiffAE_LoRA
2026-01-26 12:20:21,811 [INFO]   替換層 1 -> QuantModule_DiffAE_LoRA
2026-01-26 12:20:21,811 [INFO]   替換層 1 -> QuantModule_DiffAE_LoRA
2026-01-26 12:20:21,821 [INFO]   替換層 3 -> QuantModule_DiffAE_LoRA
2026-01-26 12:20:21,821 [INFO]   替換層 3 -> QuantModule_DiffAE_LoRA
2026-01-26 12:20:21,829 [INFO] 改造模組: output_blocks
2026-01-26 12:20:21,829 [INFO]   替換層 2 -> QuantModule_DiffAE_LoRA
2026-01-26 12:20:21,829 [INFO] 改造模組: output_blocks
2026-01-26 12:20:21,829 [INFO]   替換層 2 -> QuantModule_DiffAE_LoRA
2026-01-26 12:20:21,845 [INFO]   替換層 1 -> QuantModule_DiffAE_LoRA
2026-01-26 12:20:21,845 [INFO]   替換層 1 -> QuantModule_DiffAE_LoRA
2026-01-26 12:20:21,850 [INFO]   替換層 1 -> QuantModule_DiffAE_LoRA
2026-01-26 12:20:21,850 [INFO]   替換層 1 -> QuantModule_DiffAE_LoRA
2026-01-26 12:20:21,855 [INFO]   替換層 3 -> QuantModule_DiffAE_LoRA
2026-01-26 12:20:21,855 [INFO]   替換層 3 -> QuantModule_DiffAE_LoRA
2026-01-26 12:20:21,866 [INFO]   跳過量化 skip connection: skip_connection
2026-01-26 12:20:21,866 [INFO]   替換層 2 -> QuantModule_DiffAE_LoRA
2026-01-26 12:20:21,866 [INFO]   跳過量化 skip connection: skip_connection
2026-01-26 12:20:21,866 [INFO]   替換層 2 -> QuantModule_DiffAE_LoRA
2026-01-26 12:20:21,882 [INFO]   替換層 1 -> QuantModule_DiffAE_LoRA
2026-01-26 12:20:21,882 [INFO]   替換層 1 -> QuantModule_DiffAE_LoRA
2026-01-26 12:20:21,886 [INFO]   替換層 1 -> QuantModule_DiffAE_LoRA
2026-01-26 12:20:21,886 [INFO]   替換層 1 -> QuantModule_DiffAE_LoRA
2026-01-26 12:20:21,892 [INFO]   替換層 3 -> QuantModule_DiffAE_LoRA
2026-01-26 12:20:21,892 [INFO]   替換層 3 -> QuantModule_DiffAE_LoRA
2026-01-26 12:20:21,903 [INFO]   跳過量化 skip connection: skip_connection
2026-01-26 12:20:21,903 [INFO]   跳過量化 skip connection: skip_connection
2026-01-26 12:20:21,903 [INFO]   替換層 2 -> QuantModule_DiffAE_LoRA
2026-01-26 12:20:21,903 [INFO]   替換層 2 -> QuantModule_DiffAE_LoRA
2026-01-26 12:20:21,917 [INFO]   替換層 1 -> QuantModule_DiffAE_LoRA
2026-01-26 12:20:21,917 [INFO]   替換層 1 -> QuantModule_DiffAE_LoRA
2026-01-26 12:20:21,925 [INFO]   替換層 1 -> QuantModule_DiffAE_LoRA
2026-01-26 12:20:21,925 [INFO]   替換層 1 -> QuantModule_DiffAE_LoRA
2026-01-26 12:20:21,929 [INFO]   替換層 3 -> QuantModule_DiffAE_LoRA
2026-01-26 12:20:21,929 [INFO]   替換層 3 -> QuantModule_DiffAE_LoRA
2026-01-26 12:20:21,941 [INFO]   跳過量化 skip connection: skip_connection
2026-01-26 12:20:21,941 [INFO]   跳過量化 skip connection: skip_connection
2026-01-26 12:20:21,941 [INFO]   替換層 2 -> QuantModule_DiffAE_LoRA
2026-01-26 12:20:21,941 [INFO]   替換層 2 -> QuantModule_DiffAE_LoRA
2026-01-26 12:20:21,951 [INFO]   替換層 1 -> QuantModule_DiffAE_LoRA
2026-01-26 12:20:21,951 [INFO]   替換層 1 -> QuantModule_DiffAE_LoRA
2026-01-26 12:20:21,964 [INFO]   替換層 1 -> QuantModule_DiffAE_LoRA
2026-01-26 12:20:21,964 [INFO]   替換層 1 -> QuantModule_DiffAE_LoRA
2026-01-26 12:20:21,969 [INFO]   替換層 3 -> QuantModule_DiffAE_LoRA
2026-01-26 12:20:21,969 [INFO]   替換層 3 -> QuantModule_DiffAE_LoRA
2026-01-26 12:20:21,980 [INFO]   替換層 2 -> QuantModule_DiffAE_LoRA
2026-01-26 12:20:21,980 [INFO]   替換層 2 -> QuantModule_DiffAE_LoRA
2026-01-26 12:20:21,994 [INFO]   替換層 1 -> QuantModule_DiffAE_LoRA
2026-01-26 12:20:21,994 [INFO]   替換層 1 -> QuantModule_DiffAE_LoRA
2026-01-26 12:20:21,998 [INFO]   替換層 1 -> QuantModule_DiffAE_LoRA
2026-01-26 12:20:21,998 [INFO]   替換層 1 -> QuantModule_DiffAE_LoRA
2026-01-26 12:20:22,004 [INFO]   替換層 3 -> QuantModule_DiffAE_LoRA
2026-01-26 12:20:22,004 [INFO]   替換層 3 -> QuantModule_DiffAE_LoRA
2026-01-26 12:20:22,013 [INFO]   跳過量化 skip connection: skip_connection
2026-01-26 12:20:22,013 [INFO]   跳過量化 skip connection: skip_connection
2026-01-26 12:20:22,013 [INFO]   替換層 2 -> QuantModule_DiffAE_LoRA
2026-01-26 12:20:22,013 [INFO]   替換層 2 -> QuantModule_DiffAE_LoRA
2026-01-26 12:20:22,023 [INFO]   替換層 1 -> QuantModule_DiffAE_LoRA
2026-01-26 12:20:22,023 [INFO]   替換層 1 -> QuantModule_DiffAE_LoRA
2026-01-26 12:20:22,031 [INFO]   替換層 1 -> QuantModule_DiffAE_LoRA
2026-01-26 12:20:22,031 [INFO]   替換層 1 -> QuantModule_DiffAE_LoRA
2026-01-26 12:20:22,035 [INFO]   替換層 3 -> QuantModule_DiffAE_LoRA
2026-01-26 12:20:22,035 [INFO]   替換層 3 -> QuantModule_DiffAE_LoRA
2026-01-26 12:20:22,045 [INFO]   跳過量化 skip connection: skip_connection
2026-01-26 12:20:22,045 [INFO]   跳過量化 skip connection: skip_connection
2026-01-26 12:20:22,045 [INFO]   替換層 2 -> QuantModule_DiffAE_LoRA
2026-01-26 12:20:22,045 [INFO]   替換層 2 -> QuantModule_DiffAE_LoRA
2026-01-26 12:20:22,056 [INFO]   替換層 1 -> QuantModule_DiffAE_LoRA
2026-01-26 12:20:22,056 [INFO]   替換層 1 -> QuantModule_DiffAE_LoRA
2026-01-26 12:20:22,064 [INFO]   替換層 1 -> QuantModule_DiffAE_LoRA
2026-01-26 12:20:22,064 [INFO]   替換層 1 -> QuantModule_DiffAE_LoRA
2026-01-26 12:20:22,066 [INFO]   替換層 3 -> QuantModule_DiffAE_LoRA
2026-01-26 12:20:22,066 [INFO]   替換層 3 -> QuantModule_DiffAE_LoRA
2026-01-26 12:20:22,077 [INFO]   跳過量化 skip connection: skip_connection
2026-01-26 12:20:22,077 [INFO]   替換層 2 -> QuantModule_DiffAE_LoRA
2026-01-26 12:20:22,077 [INFO]   跳過量化 skip connection: skip_connection
2026-01-26 12:20:22,077 [INFO]   替換層 2 -> QuantModule_DiffAE_LoRA
2026-01-26 12:20:22,084 [INFO]   替換層 1 -> QuantModule_DiffAE_LoRA
2026-01-26 12:20:22,084 [INFO]   替換層 1 -> QuantModule_DiffAE_LoRA
2026-01-26 12:20:22,088 [INFO]   替換層 1 -> QuantModule_DiffAE_LoRA
2026-01-26 12:20:22,088 [INFO]   替換層 1 -> QuantModule_DiffAE_LoRA
2026-01-26 12:20:22,093 [INFO]   替換層 3 -> QuantModule_DiffAE_LoRA
2026-01-26 12:20:22,093 [INFO]   替換層 3 -> QuantModule_DiffAE_LoRA
2026-01-26 12:20:22,101 [INFO]   替換層 2 -> QuantModule_DiffAE_LoRA
2026-01-26 12:20:22,101 [INFO]   替換層 2 -> QuantModule_DiffAE_LoRA
2026-01-26 12:20:22,106 [INFO]   替換層 1 -> QuantModule_DiffAE_LoRA
2026-01-26 12:20:22,106 [INFO]   替換層 1 -> QuantModule_DiffAE_LoRA
2026-01-26 12:20:22,107 [INFO]   替換層 1 -> QuantModule_DiffAE_LoRA
2026-01-26 12:20:22,107 [INFO]   替換層 1 -> QuantModule_DiffAE_LoRA
2026-01-26 12:20:22,113 [INFO]   替換層 3 -> QuantModule_DiffAE_LoRA
2026-01-26 12:20:22,113 [INFO]   替換層 3 -> QuantModule_DiffAE_LoRA
2026-01-26 12:20:22,116 [INFO]   跳過量化 skip connection: skip_connection
2026-01-26 12:20:22,116 [INFO]   跳過量化 skip connection: skip_connection
2026-01-26 12:20:22,116 [INFO]   替換層 2 -> QuantModule_DiffAE_LoRA
2026-01-26 12:20:22,116 [INFO]   替換層 2 -> QuantModule_DiffAE_LoRA
2026-01-26 12:20:22,119 [INFO]   替換層 1 -> QuantModule_DiffAE_LoRA
2026-01-26 12:20:22,119 [INFO]   替換層 1 -> QuantModule_DiffAE_LoRA
2026-01-26 12:20:22,123 [INFO]   替換層 1 -> QuantModule_DiffAE_LoRA
2026-01-26 12:20:22,123 [INFO]   替換層 1 -> QuantModule_DiffAE_LoRA
2026-01-26 12:20:22,124 [INFO]   替換層 3 -> QuantModule_DiffAE_LoRA
2026-01-26 12:20:22,124 [INFO]   替換層 3 -> QuantModule_DiffAE_LoRA
2026-01-26 12:20:22,125 [INFO]   跳過量化 skip connection: skip_connection
2026-01-26 12:20:22,125 [INFO]   跳過量化 skip connection: skip_connection
2026-01-26 12:20:22,125 [INFO]   替換層 2 -> QuantModule_DiffAE_LoRA
2026-01-26 12:20:22,125 [INFO]   替換層 2 -> QuantModule_DiffAE_LoRA
2026-01-26 12:20:22,128 [INFO]   替換層 1 -> QuantModule_DiffAE_LoRA
2026-01-26 12:20:22,128 [INFO]   替換層 1 -> QuantModule_DiffAE_LoRA
2026-01-26 12:20:22,129 [INFO]   替換層 1 -> QuantModule_DiffAE_LoRA
2026-01-26 12:20:22,129 [INFO]   替換層 1 -> QuantModule_DiffAE_LoRA
2026-01-26 12:20:22,129 [INFO]   替換層 3 -> QuantModule_DiffAE_LoRA
2026-01-26 12:20:22,129 [INFO]   替換層 3 -> QuantModule_DiffAE_LoRA
2026-01-26 12:20:22,139 [INFO]   跳過量化 skip connection: skip_connection
2026-01-26 12:20:22,139 [INFO]   替換層 2 -> QuantModule_DiffAE_LoRA
2026-01-26 12:20:22,142 [INFO]   替換層 1 -> QuantModule_DiffAE_LoRA
2026-01-26 12:20:22,143 [INFO]   替換層 1 -> QuantModule_DiffAE_LoRA
2026-01-26 12:20:22,139 [INFO]   跳過量化 skip connection: skip_connection
2026-01-26 12:20:22,139 [INFO]   替換層 2 -> QuantModule_DiffAE_LoRA
2026-01-26 12:20:22,142 [INFO]   替換層 1 -> QuantModule_DiffAE_LoRA
2026-01-26 12:20:22,143 [INFO]   替換層 1 -> QuantModule_DiffAE_LoRA
2026-01-26 12:20:22,143 [INFO]   替換層 3 -> QuantModule_DiffAE_LoRA
2026-01-26 12:20:22,143 [INFO]   替換層 3 -> QuantModule_DiffAE_LoRA
2026-01-26 12:20:22,148 [INFO]   替換層 2 -> QuantModule_DiffAE_LoRA
2026-01-26 12:20:22,148 [INFO]   替換層 2 -> QuantModule_DiffAE_LoRA
2026-01-26 12:20:22,151 [INFO]   替換層 1 -> QuantModule_DiffAE_LoRA
2026-01-26 12:20:22,151 [INFO]   替換層 1 -> QuantModule_DiffAE_LoRA
2026-01-26 12:20:22,152 [INFO]   替換層 1 -> QuantModule_DiffAE_LoRA
2026-01-26 12:20:22,152 [INFO]   替換層 1 -> QuantModule_DiffAE_LoRA
2026-01-26 12:20:22,159 [INFO]   替換層 3 -> QuantModule_DiffAE_LoRA
2026-01-26 12:20:22,159 [INFO]   替換層 3 -> QuantModule_DiffAE_LoRA
2026-01-26 12:20:22,165 [INFO]   跳過量化 skip connection: skip_connection
2026-01-26 12:20:22,165 [INFO]   跳過量化 skip connection: skip_connection
2026-01-26 12:20:22,165 [INFO]   替換層 2 -> QuantModule_DiffAE_LoRA
2026-01-26 12:20:22,165 [INFO]   替換層 2 -> QuantModule_DiffAE_LoRA
2026-01-26 12:20:22,169 [INFO]   替換層 1 -> QuantModule_DiffAE_LoRA
2026-01-26 12:20:22,169 [INFO]   替換層 1 -> QuantModule_DiffAE_LoRA
2026-01-26 12:20:22,175 [INFO]   替換層 1 -> QuantModule_DiffAE_LoRA
2026-01-26 12:20:22,175 [INFO]   替換層 1 -> QuantModule_DiffAE_LoRA
2026-01-26 12:20:22,180 [INFO]   替換層 3 -> QuantModule_DiffAE_LoRA
2026-01-26 12:20:22,180 [INFO]   替換層 3 -> QuantModule_DiffAE_LoRA
2026-01-26 12:20:22,180 [INFO]   跳過量化 skip connection: skip_connection
2026-01-26 12:20:22,180 [INFO]   跳過量化 skip connection: skip_connection
2026-01-26 12:20:22,181 [INFO]   替換層 2 -> QuantModule_DiffAE_LoRA
2026-01-26 12:20:22,181 [INFO]   替換層 2 -> QuantModule_DiffAE_LoRA
2026-01-26 12:20:22,182 [INFO]   替換層 1 -> QuantModule_DiffAE_LoRA
2026-01-26 12:20:22,182 [INFO]   替換層 1 -> QuantModule_DiffAE_LoRA
2026-01-26 12:20:22,182 [INFO]   替換層 1 -> QuantModule_DiffAE_LoRA
2026-01-26 12:20:22,182 [INFO]   替換層 1 -> QuantModule_DiffAE_LoRA
2026-01-26 12:20:22,183 [INFO]   替換層 3 -> QuantModule_DiffAE_LoRA
2026-01-26 12:20:22,183 [INFO]   替換層 3 -> QuantModule_DiffAE_LoRA
2026-01-26 12:20:22,183 [INFO]   跳過量化 skip connection: skip_connection
2026-01-26 12:20:22,183 [INFO]   跳過量化 skip connection: skip_connection
2026-01-26 12:20:22,183 [INFO]   替換層 2 -> QuantModule_DiffAE_LoRA
2026-01-26 12:20:22,183 [INFO]   替換層 2 -> QuantModule_DiffAE_LoRA
2026-01-26 12:20:22,184 [INFO]   替換層 1 -> QuantModule_DiffAE_LoRA
2026-01-26 12:20:22,184 [INFO]   替換層 1 -> QuantModule_DiffAE_LoRA
2026-01-26 12:20:22,185 [INFO]   替換層 1 -> QuantModule_DiffAE_LoRA
2026-01-26 12:20:22,185 [INFO]   替換層 1 -> QuantModule_DiffAE_LoRA
2026-01-26 12:20:22,185 [INFO]   替換層 3 -> QuantModule_DiffAE_LoRA
2026-01-26 12:20:22,185 [INFO]   替換層 3 -> QuantModule_DiffAE_LoRA
2026-01-26 12:20:22,186 [INFO]   替換層 2 -> QuantModule_DiffAE_LoRA
2026-01-26 12:20:22,186 [INFO]   替換層 2 -> QuantModule_DiffAE_LoRA
2026-01-26 12:20:22,187 [INFO]   替換層 1 -> QuantModule_DiffAE_LoRA
2026-01-26 12:20:22,187 [INFO]   替換層 1 -> QuantModule_DiffAE_LoRA
2026-01-26 12:20:22,187 [INFO]   替換層 1 -> QuantModule_DiffAE_LoRA
2026-01-26 12:20:22,187 [INFO]   替換層 1 -> QuantModule_DiffAE_LoRA
2026-01-26 12:20:22,188 [INFO]   替換層 3 -> QuantModule_DiffAE_LoRA
2026-01-26 12:20:22,188 [INFO]   替換層 3 -> QuantModule_DiffAE_LoRA
2026-01-26 12:20:22,188 [INFO]   跳過量化 skip connection: skip_connection
2026-01-26 12:20:22,188 [INFO]   跳過量化 skip connection: skip_connection
2026-01-26 12:20:22,188 [INFO]   替換層 2 -> QuantModule_DiffAE_LoRA
2026-01-26 12:20:22,188 [INFO]   替換層 2 -> QuantModule_DiffAE_LoRA
2026-01-26 12:20:22,189 [INFO]   替換層 1 -> QuantModule_DiffAE_LoRA
2026-01-26 12:20:22,189 [INFO]   替換層 1 -> QuantModule_DiffAE_LoRA
2026-01-26 12:20:22,190 [INFO]   替換層 1 -> QuantModule_DiffAE_LoRA
2026-01-26 12:20:22,190 [INFO]   替換層 1 -> QuantModule_DiffAE_LoRA
2026-01-26 12:20:22,190 [INFO]   替換層 3 -> QuantModule_DiffAE_LoRA
2026-01-26 12:20:22,190 [INFO]   替換層 3 -> QuantModule_DiffAE_LoRA
2026-01-26 12:20:22,191 [INFO]   跳過量化 skip connection: skip_connection
2026-01-26 12:20:22,191 [INFO]   跳過量化 skip connection: skip_connection
2026-01-26 12:20:22,191 [INFO]   替換層 2 -> QuantModule_DiffAE_LoRA
2026-01-26 12:20:22,191 [INFO]   替換層 2 -> QuantModule_DiffAE_LoRA
2026-01-26 12:20:22,192 [INFO]   替換層 1 -> QuantModule_DiffAE_LoRA
2026-01-26 12:20:22,192 [INFO]   替換層 1 -> QuantModule_DiffAE_LoRA
2026-01-26 12:20:22,193 [INFO]   替換層 1 -> QuantModule_DiffAE_LoRA
2026-01-26 12:20:22,193 [INFO]   替換層 1 -> QuantModule_DiffAE_LoRA
2026-01-26 12:20:22,193 [INFO]   替換層 3 -> QuantModule_DiffAE_LoRA
2026-01-26 12:20:22,193 [INFO]   替換層 3 -> QuantModule_DiffAE_LoRA
2026-01-26 12:20:22,194 [INFO]   跳過量化 skip connection: skip_connection
2026-01-26 12:20:22,194 [INFO]   跳過量化 skip connection: skip_connection
2026-01-26 12:20:22,194 [INFO] 改造模組: out
2026-01-26 12:20:22,194 [INFO] 改造模組: out
2026-01-26 12:20:22,194 [INFO]   跳過量化特殊模組: 2
2026-01-26 12:20:22,194 [INFO]   跳過量化特殊模組: 2
2026-01-26 12:20:22,196 [INFO] 執行 'create_float_quantized_model' 完成，耗時: 0.68 秒
2026-01-26 12:20:22,196 [INFO] 執行 'create_float_quantized_model' 完成，耗時: 0.68 秒
2026-01-26 12:20:22,319 [INFO] 載入校準資料...
2026-01-26 12:20:22,319 [INFO] 載入校準資料...
2026-01-26 12:20:22,620 [INFO] ✅ 載入真實校準資料成功
2026-01-26 12:20:22,620 [INFO] ✅ 載入真實校準資料成功
2026-01-26 12:20:22,622 [INFO] ==================================================
2026-01-26 12:20:22,622 [INFO] 5. Setting first and last layers to 8-bit...
2026-01-26 12:20:22,622 [INFO] ==================================================
2026-01-26 12:20:22,622 [INFO] 5. Setting first and last layers to 8-bit...
2026-01-26 12:20:22,624 [INFO] 找到 144 個量化模組
2026-01-26 12:20:22,624 [INFO] ✅ 首尾層 8-bit 設定完成
2026-01-26 12:20:22,624 [INFO] 找到 144 個量化模組
2026-01-26 12:20:22,624 [INFO] ✅ 首尾層 8-bit 設定完成
2026-01-26 12:20:22,624 [INFO] ✅ 量化模型創建成功
2026-01-26 12:20:22,624 [INFO] set quant state to True, True for layer 1
2026-01-26 12:20:22,624 [INFO] set quant state to True, True for layer 2
2026-01-26 12:20:22,624 [INFO] set quant state to True, False for layer 3
2026-01-26 12:20:22,624 [INFO] ✅ 量化模型創建成功
2026-01-26 12:20:22,624 [INFO] set quant state to True, True for layer 1
2026-01-26 12:20:22,624 [INFO] set quant state to True, True for layer 2
2026-01-26 12:20:22,624 [INFO] set quant state to True, False for layer 3
2026-01-26 12:20:22,625 [INFO] set quant state to True, True for layer 144
2026-01-26 12:20:22,625 [INFO] set quant state to True, True for layer 144
2026-01-26 12:20:23,744 [INFO] ✅ 量化模型載入成功
2026-01-26 12:20:23,744 [INFO] === 初始化新功能模組 ===
2026-01-26 12:20:23,744 [INFO] ✅ 量化模型載入成功
2026-01-26 12:20:23,744 [INFO] === 初始化新功能模組 ===
local seed: 0
train data: 70001
val data: 70001
2026-01-26 12:20:23,770 [INFO] ✅ 基礎模型設定完成
2026-01-26 12:20:23,770 [INFO] ✅ 基礎模型設定完成
on train dataloader start ...
mean: tensor(-0.0606, device='cuda:0') std: tensor(0.0755, device='cuda:0')
2026-01-26 12:20:23,816 [INFO] ==================================================
2026-01-26 12:20:23,816 [INFO] 啟用 Similarity Analysis (L1/L2/Cosine)
2026-01-26 12:20:23,816 [INFO] FID 評估樣本數: 128
2026-01-26 12:20:23,816 [INFO] 實際收集樣本數: 20 (用於加速)
2026-01-26 12:20:23,816 [INFO] ==================================================
2026-01-26 12:20:23,816 [INFO] 啟用 Similarity Analysis (L1/L2/Cosine)
2026-01-26 12:20:23,816 [INFO] FID 評估樣本數: 128
2026-01-26 12:20:23,816 [INFO] 擴散步數: 100
2026-01-26 12:20:23,816 [INFO] 實際收集樣本數: 20 (用於加速)
2026-01-26 12:20:23,816 [INFO] 擴散步數: 100
2026-01-26 12:20:23,816 [INFO] ==================================================
2026-01-26 12:20:23,816 [INFO] ==================================================
2026-01-26 12:20:23,817 [INFO] [Similarity] 註冊 block hook: model.output_blocks.5
2026-01-26 12:20:23,817 [INFO] [Similarity] 註冊 block hook: model.output_blocks.5
2026-01-26 12:20:23,817 [INFO] [Similarity] 註冊 model step hook 完成
2026-01-26 12:20:23,817 [INFO] [Similarity] 註冊 model step hook 完成
generating images:   0%|          | 0/4 [00:00<?, ?it/s]/home/jimmy/diffae/./diffusion/base.py:329: FutureWarning: `torch.cuda.amp.autocast(args...)` is deprecated. Please use `torch.amp.autocast('cuda', args...)` instead.
  with autocast(self.conf.fp16):
2026-01-26 12:20:43,104 [INFO] [Similarity] Batch 0 完成，已收集 20 個樣本
2026-01-26 12:20:43,104 [INFO] [Similarity] Batch 0 完成，已收集 20 個樣本
generating images:  25%|██▌       | 1/4 [00:19<00:58, 19.59s/it]2026-01-26 12:21:02,477 [INFO] [Similarity] Batch 1 完成，已收集 20 個樣本
2026-01-26 12:21:02,477 [INFO] [Similarity] Batch 1 完成，已收集 20 個樣本
generating images:  50%|█████     | 2/4 [00:39<00:39, 19.51s/it]2026-01-26 12:21:21,917 [INFO] [Similarity] Batch 2 完成，已收集 20 個樣本
2026-01-26 12:21:21,917 [INFO] [Similarity] Batch 2 完成，已收集 20 個樣本
generating images:  75%|███████▌  | 3/4 [00:58<00:19, 19.50s/it]2026-01-26 12:21:38,002 [INFO] [Similarity] 已收集 80 个样本，停止数据收集（目标: 80）
2026-01-26 12:21:38,002 [INFO] [Similarity] 已收集 80 个样本，停止数据收集（目标: 80）
2026-01-26 12:21:41,400 [INFO] [Similarity] Batch 3 完成，已收集 20 個樣本
2026-01-26 12:21:41,400 [INFO] [Similarity] Batch 3 完成，已收集 20 個樣本
generating images: 100%|██████████| 4/4 [01:17<00:00, 19.46s/it]generating images: 100%|██████████| 4/4 [01:17<00:00, 19.48s/it]
2026-01-26 12:21:41,756 [INFO] [Similarity] FID@128 100 steps score: 0
2026-01-26 12:21:41,756 [INFO] [Similarity] FID@128 100 steps score: 0
2026-01-26 12:21:41,757 [INFO] [Similarity] model.output_blocks.5 cosine: min=0.551579, max=1.000000, diag_mean=1.000000, off_diag_mean=0.909309, off_diag_std=0.083138
2026-01-26 12:21:41,757 [INFO] [Similarity] model.output_blocks.5 cosine: min=0.551579, max=1.000000, diag_mean=1.000000, off_diag_mean=0.909309, off_diag_std=0.083138
2026-01-26 12:21:42,892 [INFO] ✅ Similarity Analysis 完成
2026-01-26 12:21:42,892 [INFO] ✅ Similarity Analysis 完成
2026-01-26 12:21:42,940 [INFO] 執行 'main_float_model' 完成，耗時: 84.37 秒
2026-01-26 12:21:42,940 [INFO] 執行 'main_float_model' 完成，耗時: 84.37 秒
/home/jimmy/anaconda3/envs/diffae_bw/lib/python3.10/site-packages/torchmetrics/utilities/imports.py:21: UserWarning: pkg_resources is deprecated as an API. See https://setuptools.pypa.io/en/latest/pkg_resources.html. The pkg_resources package is slated for removal as early as 2025-11-30. Refrain from using this package or pin to Setuptools<81.
  from pkg_resources import DistributionNotFound, get_distribution
使用自動混合精度: torch.bfloat16
[設定] Log 檔案已設為: QATcode/cache_method/L1_L2_cosine/logs/similarity_model_output_blocks_5.log
2026-03-20 19:27:00,418 [INFO] Using 100 steps
2026-03-20 19:27:00,418 [INFO] Using 100 steps
2026-03-20 19:27:00,418 [INFO] Using 50000 evaluation samples
2026-03-20 19:27:00,418 [INFO] Using 50000 evaluation samples
2026-03-20 19:27:00,418 [INFO] Cache enabled: False, method: Res, threshold: 0.1
2026-03-20 19:27:00,418 [INFO] Cache enabled: False, method: Res, threshold: 0.1
2026-03-20 19:27:00,418 [INFO] Quantitative analysis enabled: False, samples: 10
2026-03-20 19:27:00,418 [INFO] Quantitative analysis enabled: False, samples: 10
2026-03-20 19:27:00,418 [INFO] Log file: QATcode/cache_method/L1_L2_cosine/logs/similarity_model_output_blocks_5.log
2026-03-20 19:27:00,418 [INFO] Log file: QATcode/cache_method/L1_L2_cosine/logs/similarity_model_output_blocks_5.log
2026-03-20 19:27:00,418 [INFO] ==================================================
2026-03-20 19:27:00,418 [INFO] ==================================================
2026-03-20 19:27:00,418 [INFO] Diff-AE EfficientDM Step 7 : 生成圖片
2026-03-20 19:27:00,418 [INFO] Diff-AE EfficientDM Step 7 : 生成圖片
2026-03-20 19:27:00,418 [INFO] ==================================================
2026-03-20 19:27:00,418 [INFO] ==================================================
2026-03-20 19:27:00,418 [INFO] 使用設備: cuda
2026-03-20 19:27:00,418 [INFO] 使用設備: cuda
2026-03-20 19:27:00,418 [INFO] === 新功能狀態 ===
2026-03-20 19:27:00,418 [INFO] === 新功能狀態 ===
2026-03-20 19:27:00,418 [INFO] 載入 Diff-AE 模型: checkpoints/ffhq128_autoenc_latent/last.ckpt
2026-03-20 19:27:00,418 [INFO] 載入 Diff-AE 模型: checkpoints/ffhq128_autoenc_latent/last.ckpt
Global seed set to 0
2026-03-20 19:27:02,263 [INFO] Diff-AE 模型載入完成
2026-03-20 19:27:02,263 [INFO] Diff-AE 模型載入完成
2026-03-20 19:27:02,298 [INFO] 執行 'load_diffae_model' 完成，耗時: 1.88 秒
2026-03-20 19:27:02,298 [INFO] 執行 'load_diffae_model' 完成，耗時: 1.88 秒
2026-03-20 19:27:02,298 [INFO] ✅ Diff-AE 模型載入成功
2026-03-20 19:27:02,298 [INFO] ✅ Diff-AE 模型載入成功
2026-03-20 19:27:02,299 [INFO] base_model.conf.train_mode: TrainMode.latent_diffusion
2026-03-20 19:27:02,299 [INFO] base_model.conf.train_mode: TrainMode.latent_diffusion
2026-03-20 19:27:02,299 [INFO] === 創建 LoRA 量化模型 ===
2026-03-20 19:27:02,299 [INFO] === 創建 LoRA 量化模型 ===
2026-03-20 19:27:02,299 [INFO] === 開始 UNet LoRA 量化改造 ===
2026-03-20 19:27:02,299 [INFO] === 開始 UNet LoRA 量化改造 ===
2026-03-20 19:27:02,299 [INFO] 改造模組: time_embed
2026-03-20 19:27:02,299 [INFO] 改造模組: time_embed
2026-03-20 19:27:02,299 [INFO]   跳過量化特殊模組: 0
2026-03-20 19:27:02,299 [INFO]   跳過量化特殊模組: 0
2026-03-20 19:27:02,299 [INFO]   跳過量化特殊模組: 2
2026-03-20 19:27:02,299 [INFO]   跳過量化特殊模組: 2
2026-03-20 19:27:02,299 [INFO] 改造模組: input_blocks
2026-03-20 19:27:02,299 [INFO] 改造模組: input_blocks
2026-03-20 19:27:02,299 [INFO]   跳過量化特殊模組: 0
2026-03-20 19:27:02,299 [INFO]   跳過量化特殊模組: 0
2026-03-20 19:27:02,299 [INFO]   替換層 2 -> QuantModule_DiffAE_LoRA
2026-03-20 19:27:02,299 [INFO]   替換層 2 -> QuantModule_DiffAE_LoRA
2026-03-20 19:27:02,362 [INFO]   替換層 1 -> QuantModule_DiffAE_LoRA
2026-03-20 19:27:02,362 [INFO]   替換層 1 -> QuantModule_DiffAE_LoRA
2026-03-20 19:27:02,363 [INFO]   替換層 1 -> QuantModule_DiffAE_LoRA
2026-03-20 19:27:02,363 [INFO]   替換層 1 -> QuantModule_DiffAE_LoRA
2026-03-20 19:27:02,364 [INFO]   替換層 3 -> QuantModule_DiffAE_LoRA
2026-03-20 19:27:02,364 [INFO]   替換層 3 -> QuantModule_DiffAE_LoRA
2026-03-20 19:27:02,365 [INFO]   替換層 2 -> QuantModule_DiffAE_LoRA
2026-03-20 19:27:02,365 [INFO]   替換層 2 -> QuantModule_DiffAE_LoRA
2026-03-20 19:27:02,366 [INFO]   替換層 1 -> QuantModule_DiffAE_LoRA
2026-03-20 19:27:02,366 [INFO]   替換層 1 -> QuantModule_DiffAE_LoRA
2026-03-20 19:27:02,366 [INFO]   替換層 1 -> QuantModule_DiffAE_LoRA
2026-03-20 19:27:02,366 [INFO]   替換層 1 -> QuantModule_DiffAE_LoRA
2026-03-20 19:27:02,367 [INFO]   替換層 3 -> QuantModule_DiffAE_LoRA
2026-03-20 19:27:02,367 [INFO]   替換層 3 -> QuantModule_DiffAE_LoRA
2026-03-20 19:27:02,367 [INFO]   替換層 2 -> QuantModule_DiffAE_LoRA
2026-03-20 19:27:02,367 [INFO]   替換層 2 -> QuantModule_DiffAE_LoRA
2026-03-20 19:27:02,368 [INFO]   替換層 1 -> QuantModule_DiffAE_LoRA
2026-03-20 19:27:02,368 [INFO]   替換層 1 -> QuantModule_DiffAE_LoRA
2026-03-20 19:27:02,369 [INFO]   替換層 1 -> QuantModule_DiffAE_LoRA
2026-03-20 19:27:02,369 [INFO]   替換層 1 -> QuantModule_DiffAE_LoRA
2026-03-20 19:27:02,369 [INFO]   替換層 3 -> QuantModule_DiffAE_LoRA
2026-03-20 19:27:02,369 [INFO]   替換層 3 -> QuantModule_DiffAE_LoRA
2026-03-20 19:27:02,370 [INFO]   替換層 2 -> QuantModule_DiffAE_LoRA
2026-03-20 19:27:02,370 [INFO]   替換層 2 -> QuantModule_DiffAE_LoRA
2026-03-20 19:27:02,371 [INFO]   替換層 1 -> QuantModule_DiffAE_LoRA
2026-03-20 19:27:02,371 [INFO]   替換層 1 -> QuantModule_DiffAE_LoRA
2026-03-20 19:27:02,372 [INFO]   替換層 1 -> QuantModule_DiffAE_LoRA
2026-03-20 19:27:02,372 [INFO]   替換層 1 -> QuantModule_DiffAE_LoRA
2026-03-20 19:27:02,372 [INFO]   替換層 3 -> QuantModule_DiffAE_LoRA
2026-03-20 19:27:02,372 [INFO]   替換層 3 -> QuantModule_DiffAE_LoRA
2026-03-20 19:27:02,373 [INFO]   替換層 2 -> QuantModule_DiffAE_LoRA
2026-03-20 19:27:02,373 [INFO]   替換層 2 -> QuantModule_DiffAE_LoRA
2026-03-20 19:27:02,374 [INFO]   替換層 1 -> QuantModule_DiffAE_LoRA
2026-03-20 19:27:02,374 [INFO]   替換層 1 -> QuantModule_DiffAE_LoRA
2026-03-20 19:27:02,374 [INFO]   替換層 1 -> QuantModule_DiffAE_LoRA
2026-03-20 19:27:02,374 [INFO]   替換層 1 -> QuantModule_DiffAE_LoRA
2026-03-20 19:27:02,375 [INFO]   替換層 3 -> QuantModule_DiffAE_LoRA
2026-03-20 19:27:02,375 [INFO]   替換層 3 -> QuantModule_DiffAE_LoRA
2026-03-20 19:27:02,376 [INFO]   替換層 2 -> QuantModule_DiffAE_LoRA
2026-03-20 19:27:02,376 [INFO]   替換層 2 -> QuantModule_DiffAE_LoRA
2026-03-20 19:27:02,376 [INFO]   替換層 1 -> QuantModule_DiffAE_LoRA
2026-03-20 19:27:02,376 [INFO]   替換層 1 -> QuantModule_DiffAE_LoRA
2026-03-20 19:27:02,377 [INFO]   替換層 1 -> QuantModule_DiffAE_LoRA
2026-03-20 19:27:02,377 [INFO]   替換層 1 -> QuantModule_DiffAE_LoRA
2026-03-20 19:27:02,378 [INFO]   替換層 3 -> QuantModule_DiffAE_LoRA
2026-03-20 19:27:02,378 [INFO]   替換層 3 -> QuantModule_DiffAE_LoRA
2026-03-20 19:27:02,378 [INFO]   替換層 2 -> QuantModule_DiffAE_LoRA
2026-03-20 19:27:02,378 [INFO]   替換層 2 -> QuantModule_DiffAE_LoRA
2026-03-20 19:27:02,379 [INFO]   替換層 1 -> QuantModule_DiffAE_LoRA
2026-03-20 19:27:02,379 [INFO]   替換層 1 -> QuantModule_DiffAE_LoRA
2026-03-20 19:27:02,381 [INFO]   替換層 1 -> QuantModule_DiffAE_LoRA
2026-03-20 19:27:02,381 [INFO]   替換層 1 -> QuantModule_DiffAE_LoRA
2026-03-20 19:27:02,381 [INFO]   替換層 3 -> QuantModule_DiffAE_LoRA
2026-03-20 19:27:02,381 [INFO]   替換層 3 -> QuantModule_DiffAE_LoRA
2026-03-20 19:27:02,383 [INFO]   跳過量化 skip connection: skip_connection
2026-03-20 19:27:02,383 [INFO]   跳過量化 skip connection: skip_connection
2026-03-20 19:27:02,383 [INFO]   替換層 2 -> QuantModule_DiffAE_LoRA
2026-03-20 19:27:02,383 [INFO]   替換層 2 -> QuantModule_DiffAE_LoRA
2026-03-20 19:27:02,385 [INFO]   替換層 1 -> QuantModule_DiffAE_LoRA
2026-03-20 19:27:02,385 [INFO]   替換層 1 -> QuantModule_DiffAE_LoRA
2026-03-20 19:27:02,387 [INFO]   替換層 1 -> QuantModule_DiffAE_LoRA
2026-03-20 19:27:02,387 [INFO]   替換層 1 -> QuantModule_DiffAE_LoRA
2026-03-20 19:27:02,387 [INFO]   替換層 3 -> QuantModule_DiffAE_LoRA
2026-03-20 19:27:02,387 [INFO]   替換層 3 -> QuantModule_DiffAE_LoRA
2026-03-20 19:27:02,390 [INFO]   替換層 2 -> QuantModule_DiffAE_LoRA
2026-03-20 19:27:02,390 [INFO]   替換層 2 -> QuantModule_DiffAE_LoRA
2026-03-20 19:27:02,392 [INFO]   替換層 1 -> QuantModule_DiffAE_LoRA
2026-03-20 19:27:02,392 [INFO]   替換層 1 -> QuantModule_DiffAE_LoRA
2026-03-20 19:27:02,393 [INFO]   替換層 1 -> QuantModule_DiffAE_LoRA
2026-03-20 19:27:02,393 [INFO]   替換層 1 -> QuantModule_DiffAE_LoRA
2026-03-20 19:27:02,394 [INFO]   替換層 3 -> QuantModule_DiffAE_LoRA
2026-03-20 19:27:02,394 [INFO]   替換層 3 -> QuantModule_DiffAE_LoRA
2026-03-20 19:27:02,396 [INFO]   替換層 2 -> QuantModule_DiffAE_LoRA
2026-03-20 19:27:02,396 [INFO]   替換層 2 -> QuantModule_DiffAE_LoRA
2026-03-20 19:27:02,400 [INFO]   替換層 1 -> QuantModule_DiffAE_LoRA
2026-03-20 19:27:02,400 [INFO]   替換層 1 -> QuantModule_DiffAE_LoRA
2026-03-20 19:27:02,401 [INFO]   替換層 1 -> QuantModule_DiffAE_LoRA
2026-03-20 19:27:02,401 [INFO]   替換層 1 -> QuantModule_DiffAE_LoRA
2026-03-20 19:27:02,402 [INFO]   替換層 3 -> QuantModule_DiffAE_LoRA
2026-03-20 19:27:02,402 [INFO]   替換層 3 -> QuantModule_DiffAE_LoRA
2026-03-20 19:27:02,407 [INFO]   跳過量化 skip connection: skip_connection
2026-03-20 19:27:02,407 [INFO]   跳過量化 skip connection: skip_connection
2026-03-20 19:27:02,407 [INFO]   替換層 2 -> QuantModule_DiffAE_LoRA
2026-03-20 19:27:02,407 [INFO]   替換層 2 -> QuantModule_DiffAE_LoRA
2026-03-20 19:27:02,412 [INFO]   替換層 1 -> QuantModule_DiffAE_LoRA
2026-03-20 19:27:02,412 [INFO]   替換層 1 -> QuantModule_DiffAE_LoRA
2026-03-20 19:27:02,414 [INFO]   替換層 1 -> QuantModule_DiffAE_LoRA
2026-03-20 19:27:02,414 [INFO]   替換層 1 -> QuantModule_DiffAE_LoRA
2026-03-20 19:27:02,415 [INFO]   替換層 3 -> QuantModule_DiffAE_LoRA
2026-03-20 19:27:02,415 [INFO]   替換層 3 -> QuantModule_DiffAE_LoRA
2026-03-20 19:27:02,420 [INFO]   替換層 2 -> QuantModule_DiffAE_LoRA
2026-03-20 19:27:02,420 [INFO]   替換層 2 -> QuantModule_DiffAE_LoRA
2026-03-20 19:27:02,424 [INFO]   替換層 1 -> QuantModule_DiffAE_LoRA
2026-03-20 19:27:02,424 [INFO]   替換層 1 -> QuantModule_DiffAE_LoRA
2026-03-20 19:27:02,426 [INFO]   替換層 1 -> QuantModule_DiffAE_LoRA
2026-03-20 19:27:02,426 [INFO]   替換層 1 -> QuantModule_DiffAE_LoRA
2026-03-20 19:27:02,427 [INFO]   替換層 3 -> QuantModule_DiffAE_LoRA
2026-03-20 19:27:02,427 [INFO]   替換層 3 -> QuantModule_DiffAE_LoRA
2026-03-20 19:27:02,432 [INFO]   替換層 2 -> QuantModule_DiffAE_LoRA
2026-03-20 19:27:02,432 [INFO]   替換層 2 -> QuantModule_DiffAE_LoRA
2026-03-20 19:27:02,439 [INFO]   替換層 1 -> QuantModule_DiffAE_LoRA
2026-03-20 19:27:02,439 [INFO]   替換層 1 -> QuantModule_DiffAE_LoRA
2026-03-20 19:27:02,441 [INFO]   替換層 1 -> QuantModule_DiffAE_LoRA
2026-03-20 19:27:02,441 [INFO]   替換層 1 -> QuantModule_DiffAE_LoRA
2026-03-20 19:27:02,442 [INFO]   替換層 3 -> QuantModule_DiffAE_LoRA
2026-03-20 19:27:02,442 [INFO]   替換層 3 -> QuantModule_DiffAE_LoRA
2026-03-20 19:27:02,450 [INFO]   跳過量化 skip connection: skip_connection
2026-03-20 19:27:02,450 [INFO]   跳過量化 skip connection: skip_connection
2026-03-20 19:27:02,450 [INFO]   替換層 2 -> QuantModule_DiffAE_LoRA
2026-03-20 19:27:02,450 [INFO]   替換層 2 -> QuantModule_DiffAE_LoRA
2026-03-20 19:27:02,459 [INFO]   替換層 1 -> QuantModule_DiffAE_LoRA
2026-03-20 19:27:02,459 [INFO]   替換層 1 -> QuantModule_DiffAE_LoRA
2026-03-20 19:27:02,462 [INFO]   替換層 1 -> QuantModule_DiffAE_LoRA
2026-03-20 19:27:02,462 [INFO]   替換層 1 -> QuantModule_DiffAE_LoRA
2026-03-20 19:27:02,463 [INFO]   替換層 3 -> QuantModule_DiffAE_LoRA
2026-03-20 19:27:02,463 [INFO]   替換層 3 -> QuantModule_DiffAE_LoRA
2026-03-20 19:27:02,471 [INFO] 改造模組: middle_block
2026-03-20 19:27:02,471 [INFO] 改造模組: middle_block
2026-03-20 19:27:02,472 [INFO]   替換層 2 -> QuantModule_DiffAE_LoRA
2026-03-20 19:27:02,472 [INFO]   替換層 2 -> QuantModule_DiffAE_LoRA
2026-03-20 19:27:02,479 [INFO]   替換層 1 -> QuantModule_DiffAE_LoRA
2026-03-20 19:27:02,479 [INFO]   替換層 1 -> QuantModule_DiffAE_LoRA
2026-03-20 19:27:02,482 [INFO]   替換層 1 -> QuantModule_DiffAE_LoRA
2026-03-20 19:27:02,482 [INFO]   替換層 1 -> QuantModule_DiffAE_LoRA
2026-03-20 19:27:02,483 [INFO]   替換層 3 -> QuantModule_DiffAE_LoRA
2026-03-20 19:27:02,483 [INFO]   替換層 3 -> QuantModule_DiffAE_LoRA
2026-03-20 19:27:02,490 [INFO]   替換層 2 -> QuantModule_DiffAE_LoRA
2026-03-20 19:27:02,490 [INFO]   替換層 2 -> QuantModule_DiffAE_LoRA
2026-03-20 19:27:02,497 [INFO]   替換層 1 -> QuantModule_DiffAE_LoRA
2026-03-20 19:27:02,497 [INFO]   替換層 1 -> QuantModule_DiffAE_LoRA
2026-03-20 19:27:02,499 [INFO]   替換層 1 -> QuantModule_DiffAE_LoRA
2026-03-20 19:27:02,499 [INFO]   替換層 1 -> QuantModule_DiffAE_LoRA
2026-03-20 19:27:02,501 [INFO]   替換層 3 -> QuantModule_DiffAE_LoRA
2026-03-20 19:27:02,501 [INFO]   替換層 3 -> QuantModule_DiffAE_LoRA
2026-03-20 19:27:02,509 [INFO] 改造模組: output_blocks
2026-03-20 19:27:02,509 [INFO] 改造模組: output_blocks
2026-03-20 19:27:02,509 [INFO]   替換層 2 -> QuantModule_DiffAE_LoRA
2026-03-20 19:27:02,509 [INFO]   替換層 2 -> QuantModule_DiffAE_LoRA
2026-03-20 19:27:02,523 [INFO]   替換層 1 -> QuantModule_DiffAE_LoRA
2026-03-20 19:27:02,523 [INFO]   替換層 1 -> QuantModule_DiffAE_LoRA
2026-03-20 19:27:02,525 [INFO]   替換層 1 -> QuantModule_DiffAE_LoRA
2026-03-20 19:27:02,525 [INFO]   替換層 1 -> QuantModule_DiffAE_LoRA
2026-03-20 19:27:02,526 [INFO]   替換層 3 -> QuantModule_DiffAE_LoRA
2026-03-20 19:27:02,526 [INFO]   替換層 3 -> QuantModule_DiffAE_LoRA
2026-03-20 19:27:02,532 [INFO]   跳過量化 skip connection: skip_connection
2026-03-20 19:27:02,532 [INFO]   跳過量化 skip connection: skip_connection
2026-03-20 19:27:02,532 [INFO]   替換層 2 -> QuantModule_DiffAE_LoRA
2026-03-20 19:27:02,532 [INFO]   替換層 2 -> QuantModule_DiffAE_LoRA
2026-03-20 19:27:02,546 [INFO]   替換層 1 -> QuantModule_DiffAE_LoRA
2026-03-20 19:27:02,546 [INFO]   替換層 1 -> QuantModule_DiffAE_LoRA
2026-03-20 19:27:02,548 [INFO]   替換層 1 -> QuantModule_DiffAE_LoRA
2026-03-20 19:27:02,548 [INFO]   替換層 1 -> QuantModule_DiffAE_LoRA
2026-03-20 19:27:02,549 [INFO]   替換層 3 -> QuantModule_DiffAE_LoRA
2026-03-20 19:27:02,549 [INFO]   替換層 3 -> QuantModule_DiffAE_LoRA
2026-03-20 19:27:02,558 [INFO]   跳過量化 skip connection: skip_connection
2026-03-20 19:27:02,558 [INFO]   跳過量化 skip connection: skip_connection
2026-03-20 19:27:02,558 [INFO]   替換層 2 -> QuantModule_DiffAE_LoRA
2026-03-20 19:27:02,558 [INFO]   替換層 2 -> QuantModule_DiffAE_LoRA
2026-03-20 19:27:02,570 [INFO]   替換層 1 -> QuantModule_DiffAE_LoRA
2026-03-20 19:27:02,570 [INFO]   替換層 1 -> QuantModule_DiffAE_LoRA
2026-03-20 19:27:02,572 [INFO]   替換層 1 -> QuantModule_DiffAE_LoRA
2026-03-20 19:27:02,572 [INFO]   替換層 1 -> QuantModule_DiffAE_LoRA
2026-03-20 19:27:02,573 [INFO]   替換層 3 -> QuantModule_DiffAE_LoRA
2026-03-20 19:27:02,573 [INFO]   替換層 3 -> QuantModule_DiffAE_LoRA
2026-03-20 19:27:02,580 [INFO]   跳過量化 skip connection: skip_connection
2026-03-20 19:27:02,580 [INFO]   跳過量化 skip connection: skip_connection
2026-03-20 19:27:02,580 [INFO]   替換層 2 -> QuantModule_DiffAE_LoRA
2026-03-20 19:27:02,580 [INFO]   替換層 2 -> QuantModule_DiffAE_LoRA
2026-03-20 19:27:02,587 [INFO]   替換層 1 -> QuantModule_DiffAE_LoRA
2026-03-20 19:27:02,587 [INFO]   替換層 1 -> QuantModule_DiffAE_LoRA
2026-03-20 19:27:02,589 [INFO]   替換層 1 -> QuantModule_DiffAE_LoRA
2026-03-20 19:27:02,589 [INFO]   替換層 1 -> QuantModule_DiffAE_LoRA
2026-03-20 19:27:02,590 [INFO]   替換層 3 -> QuantModule_DiffAE_LoRA
2026-03-20 19:27:02,590 [INFO]   替換層 3 -> QuantModule_DiffAE_LoRA
2026-03-20 19:27:02,597 [INFO]   替換層 2 -> QuantModule_DiffAE_LoRA
2026-03-20 19:27:02,597 [INFO]   替換層 2 -> QuantModule_DiffAE_LoRA
2026-03-20 19:27:02,606 [INFO]   替換層 1 -> QuantModule_DiffAE_LoRA
2026-03-20 19:27:02,606 [INFO]   替換層 1 -> QuantModule_DiffAE_LoRA
2026-03-20 19:27:02,608 [INFO]   替換層 1 -> QuantModule_DiffAE_LoRA
2026-03-20 19:27:02,608 [INFO]   替換層 1 -> QuantModule_DiffAE_LoRA
2026-03-20 19:27:02,608 [INFO]   替換層 3 -> QuantModule_DiffAE_LoRA
2026-03-20 19:27:02,608 [INFO]   替換層 3 -> QuantModule_DiffAE_LoRA
2026-03-20 19:27:02,612 [INFO]   跳過量化 skip connection: skip_connection
2026-03-20 19:27:02,612 [INFO]   跳過量化 skip connection: skip_connection
2026-03-20 19:27:02,612 [INFO]   替換層 2 -> QuantModule_DiffAE_LoRA
2026-03-20 19:27:02,612 [INFO]   替換層 2 -> QuantModule_DiffAE_LoRA
2026-03-20 19:27:02,620 [INFO]   替換層 1 -> QuantModule_DiffAE_LoRA
2026-03-20 19:27:02,620 [INFO]   替換層 1 -> QuantModule_DiffAE_LoRA
2026-03-20 19:27:02,621 [INFO]   替換層 1 -> QuantModule_DiffAE_LoRA
2026-03-20 19:27:02,621 [INFO]   替換層 1 -> QuantModule_DiffAE_LoRA
2026-03-20 19:27:02,622 [INFO]   替換層 3 -> QuantModule_DiffAE_LoRA
2026-03-20 19:27:02,622 [INFO]   替換層 3 -> QuantModule_DiffAE_LoRA
2026-03-20 19:27:02,627 [INFO]   跳過量化 skip connection: skip_connection
2026-03-20 19:27:02,627 [INFO]   跳過量化 skip connection: skip_connection
2026-03-20 19:27:02,627 [INFO]   替換層 2 -> QuantModule_DiffAE_LoRA
2026-03-20 19:27:02,627 [INFO]   替換層 2 -> QuantModule_DiffAE_LoRA
2026-03-20 19:27:02,634 [INFO]   替換層 1 -> QuantModule_DiffAE_LoRA
2026-03-20 19:27:02,634 [INFO]   替換層 1 -> QuantModule_DiffAE_LoRA
2026-03-20 19:27:02,635 [INFO]   替換層 1 -> QuantModule_DiffAE_LoRA
2026-03-20 19:27:02,635 [INFO]   替換層 1 -> QuantModule_DiffAE_LoRA
2026-03-20 19:27:02,636 [INFO]   替換層 3 -> QuantModule_DiffAE_LoRA
2026-03-20 19:27:02,636 [INFO]   替換層 3 -> QuantModule_DiffAE_LoRA
2026-03-20 19:27:02,640 [INFO]   跳過量化 skip connection: skip_connection
2026-03-20 19:27:02,640 [INFO]   跳過量化 skip connection: skip_connection
2026-03-20 19:27:02,640 [INFO]   替換層 2 -> QuantModule_DiffAE_LoRA
2026-03-20 19:27:02,640 [INFO]   替換層 2 -> QuantModule_DiffAE_LoRA
2026-03-20 19:27:02,644 [INFO]   替換層 1 -> QuantModule_DiffAE_LoRA
2026-03-20 19:27:02,644 [INFO]   替換層 1 -> QuantModule_DiffAE_LoRA
2026-03-20 19:27:02,645 [INFO]   替換層 1 -> QuantModule_DiffAE_LoRA
2026-03-20 19:27:02,645 [INFO]   替換層 1 -> QuantModule_DiffAE_LoRA
2026-03-20 19:27:02,646 [INFO]   替換層 3 -> QuantModule_DiffAE_LoRA
2026-03-20 19:27:02,646 [INFO]   替換層 3 -> QuantModule_DiffAE_LoRA
2026-03-20 19:27:02,650 [INFO]   替換層 2 -> QuantModule_DiffAE_LoRA
2026-03-20 19:27:02,650 [INFO]   替換層 2 -> QuantModule_DiffAE_LoRA
2026-03-20 19:27:02,655 [INFO]   替換層 1 -> QuantModule_DiffAE_LoRA
2026-03-20 19:27:02,655 [INFO]   替換層 1 -> QuantModule_DiffAE_LoRA
2026-03-20 19:27:02,656 [INFO]   替換層 1 -> QuantModule_DiffAE_LoRA
2026-03-20 19:27:02,656 [INFO]   替換層 1 -> QuantModule_DiffAE_LoRA
2026-03-20 19:27:02,657 [INFO]   替換層 3 -> QuantModule_DiffAE_LoRA
2026-03-20 19:27:02,657 [INFO]   替換層 3 -> QuantModule_DiffAE_LoRA
2026-03-20 19:27:02,659 [INFO]   跳過量化 skip connection: skip_connection
2026-03-20 19:27:02,659 [INFO]   跳過量化 skip connection: skip_connection
2026-03-20 19:27:02,659 [INFO]   替換層 2 -> QuantModule_DiffAE_LoRA
2026-03-20 19:27:02,659 [INFO]   替換層 2 -> QuantModule_DiffAE_LoRA
2026-03-20 19:27:02,664 [INFO]   替換層 1 -> QuantModule_DiffAE_LoRA
2026-03-20 19:27:02,664 [INFO]   替換層 1 -> QuantModule_DiffAE_LoRA
2026-03-20 19:27:02,665 [INFO]   替換層 1 -> QuantModule_DiffAE_LoRA
2026-03-20 19:27:02,665 [INFO]   替換層 1 -> QuantModule_DiffAE_LoRA
2026-03-20 19:27:02,666 [INFO]   替換層 3 -> QuantModule_DiffAE_LoRA
2026-03-20 19:27:02,666 [INFO]   替換層 3 -> QuantModule_DiffAE_LoRA
2026-03-20 19:27:02,669 [INFO]   跳過量化 skip connection: skip_connection
2026-03-20 19:27:02,669 [INFO]   跳過量化 skip connection: skip_connection
2026-03-20 19:27:02,669 [INFO]   替換層 2 -> QuantModule_DiffAE_LoRA
2026-03-20 19:27:02,669 [INFO]   替換層 2 -> QuantModule_DiffAE_LoRA
2026-03-20 19:27:02,673 [INFO]   替換層 1 -> QuantModule_DiffAE_LoRA
2026-03-20 19:27:02,673 [INFO]   替換層 1 -> QuantModule_DiffAE_LoRA
2026-03-20 19:27:02,674 [INFO]   替換層 1 -> QuantModule_DiffAE_LoRA
2026-03-20 19:27:02,674 [INFO]   替換層 1 -> QuantModule_DiffAE_LoRA
2026-03-20 19:27:02,675 [INFO]   替換層 3 -> QuantModule_DiffAE_LoRA
2026-03-20 19:27:02,675 [INFO]   替換層 3 -> QuantModule_DiffAE_LoRA
2026-03-20 19:27:02,677 [INFO]   跳過量化 skip connection: skip_connection
2026-03-20 19:27:02,677 [INFO]   跳過量化 skip connection: skip_connection
2026-03-20 19:27:02,677 [INFO]   替換層 2 -> QuantModule_DiffAE_LoRA
2026-03-20 19:27:02,677 [INFO]   替換層 2 -> QuantModule_DiffAE_LoRA
2026-03-20 19:27:02,680 [INFO]   替換層 1 -> QuantModule_DiffAE_LoRA
2026-03-20 19:27:02,680 [INFO]   替換層 1 -> QuantModule_DiffAE_LoRA
2026-03-20 19:27:02,681 [INFO]   替換層 1 -> QuantModule_DiffAE_LoRA
2026-03-20 19:27:02,681 [INFO]   替換層 1 -> QuantModule_DiffAE_LoRA
2026-03-20 19:27:02,682 [INFO]   替換層 3 -> QuantModule_DiffAE_LoRA
2026-03-20 19:27:02,682 [INFO]   替換層 3 -> QuantModule_DiffAE_LoRA
2026-03-20 19:27:02,685 [INFO]   替換層 2 -> QuantModule_DiffAE_LoRA
2026-03-20 19:27:02,685 [INFO]   替換層 2 -> QuantModule_DiffAE_LoRA
2026-03-20 19:27:02,688 [INFO]   替換層 1 -> QuantModule_DiffAE_LoRA
2026-03-20 19:27:02,688 [INFO]   替換層 1 -> QuantModule_DiffAE_LoRA
2026-03-20 19:27:02,688 [INFO]   替換層 1 -> QuantModule_DiffAE_LoRA
2026-03-20 19:27:02,688 [INFO]   替換層 1 -> QuantModule_DiffAE_LoRA
2026-03-20 19:27:02,689 [INFO]   替換層 3 -> QuantModule_DiffAE_LoRA
2026-03-20 19:27:02,689 [INFO]   替換層 3 -> QuantModule_DiffAE_LoRA
2026-03-20 19:27:02,690 [INFO]   跳過量化 skip connection: skip_connection
2026-03-20 19:27:02,690 [INFO]   跳過量化 skip connection: skip_connection
2026-03-20 19:27:02,690 [INFO]   替換層 2 -> QuantModule_DiffAE_LoRA
2026-03-20 19:27:02,690 [INFO]   替換層 2 -> QuantModule_DiffAE_LoRA
2026-03-20 19:27:02,691 [INFO]   替換層 1 -> QuantModule_DiffAE_LoRA
2026-03-20 19:27:02,691 [INFO]   替換層 1 -> QuantModule_DiffAE_LoRA
2026-03-20 19:27:02,692 [INFO]   替換層 1 -> QuantModule_DiffAE_LoRA
2026-03-20 19:27:02,692 [INFO]   替換層 1 -> QuantModule_DiffAE_LoRA
2026-03-20 19:27:02,693 [INFO]   替換層 3 -> QuantModule_DiffAE_LoRA
2026-03-20 19:27:02,693 [INFO]   替換層 3 -> QuantModule_DiffAE_LoRA
2026-03-20 19:27:02,694 [INFO]   跳過量化 skip connection: skip_connection
2026-03-20 19:27:02,694 [INFO]   跳過量化 skip connection: skip_connection
2026-03-20 19:27:02,694 [INFO]   替換層 2 -> QuantModule_DiffAE_LoRA
2026-03-20 19:27:02,694 [INFO]   替換層 2 -> QuantModule_DiffAE_LoRA
2026-03-20 19:27:02,695 [INFO]   替換層 1 -> QuantModule_DiffAE_LoRA
2026-03-20 19:27:02,695 [INFO]   替換層 1 -> QuantModule_DiffAE_LoRA
2026-03-20 19:27:02,696 [INFO]   替換層 1 -> QuantModule_DiffAE_LoRA
2026-03-20 19:27:02,696 [INFO]   替換層 1 -> QuantModule_DiffAE_LoRA
2026-03-20 19:27:02,697 [INFO]   替換層 3 -> QuantModule_DiffAE_LoRA
2026-03-20 19:27:02,697 [INFO]   替換層 3 -> QuantModule_DiffAE_LoRA
2026-03-20 19:27:02,698 [INFO]   跳過量化 skip connection: skip_connection
2026-03-20 19:27:02,698 [INFO]   跳過量化 skip connection: skip_connection
2026-03-20 19:27:02,698 [INFO]   替換層 2 -> QuantModule_DiffAE_LoRA
2026-03-20 19:27:02,698 [INFO]   替換層 2 -> QuantModule_DiffAE_LoRA
2026-03-20 19:27:02,699 [INFO]   替換層 1 -> QuantModule_DiffAE_LoRA
2026-03-20 19:27:02,699 [INFO]   替換層 1 -> QuantModule_DiffAE_LoRA
2026-03-20 19:27:02,700 [INFO]   替換層 1 -> QuantModule_DiffAE_LoRA
2026-03-20 19:27:02,700 [INFO]   替換層 1 -> QuantModule_DiffAE_LoRA
2026-03-20 19:27:02,700 [INFO]   替換層 3 -> QuantModule_DiffAE_LoRA
2026-03-20 19:27:02,700 [INFO]   替換層 3 -> QuantModule_DiffAE_LoRA
2026-03-20 19:27:02,701 [INFO]   替換層 2 -> QuantModule_DiffAE_LoRA
2026-03-20 19:27:02,701 [INFO]   替換層 2 -> QuantModule_DiffAE_LoRA
2026-03-20 19:27:02,703 [INFO]   替換層 1 -> QuantModule_DiffAE_LoRA
2026-03-20 19:27:02,703 [INFO]   替換層 1 -> QuantModule_DiffAE_LoRA
2026-03-20 19:27:02,704 [INFO]   替換層 1 -> QuantModule_DiffAE_LoRA
2026-03-20 19:27:02,704 [INFO]   替換層 1 -> QuantModule_DiffAE_LoRA
2026-03-20 19:27:02,704 [INFO]   替換層 3 -> QuantModule_DiffAE_LoRA
2026-03-20 19:27:02,704 [INFO]   替換層 3 -> QuantModule_DiffAE_LoRA
2026-03-20 19:27:02,705 [INFO]   跳過量化 skip connection: skip_connection
2026-03-20 19:27:02,705 [INFO]   跳過量化 skip connection: skip_connection
2026-03-20 19:27:02,705 [INFO]   替換層 2 -> QuantModule_DiffAE_LoRA
2026-03-20 19:27:02,705 [INFO]   替換層 2 -> QuantModule_DiffAE_LoRA
2026-03-20 19:27:02,707 [INFO]   替換層 1 -> QuantModule_DiffAE_LoRA
2026-03-20 19:27:02,707 [INFO]   替換層 1 -> QuantModule_DiffAE_LoRA
2026-03-20 19:27:02,708 [INFO]   替換層 1 -> QuantModule_DiffAE_LoRA
2026-03-20 19:27:02,708 [INFO]   替換層 1 -> QuantModule_DiffAE_LoRA
2026-03-20 19:27:02,708 [INFO]   替換層 3 -> QuantModule_DiffAE_LoRA
2026-03-20 19:27:02,708 [INFO]   替換層 3 -> QuantModule_DiffAE_LoRA
2026-03-20 19:27:02,709 [INFO]   跳過量化 skip connection: skip_connection
2026-03-20 19:27:02,709 [INFO]   跳過量化 skip connection: skip_connection
2026-03-20 19:27:02,709 [INFO]   替換層 2 -> QuantModule_DiffAE_LoRA
2026-03-20 19:27:02,709 [INFO]   替換層 2 -> QuantModule_DiffAE_LoRA
2026-03-20 19:27:02,711 [INFO]   替換層 1 -> QuantModule_DiffAE_LoRA
2026-03-20 19:27:02,711 [INFO]   替換層 1 -> QuantModule_DiffAE_LoRA
2026-03-20 19:27:02,712 [INFO]   替換層 1 -> QuantModule_DiffAE_LoRA
2026-03-20 19:27:02,712 [INFO]   替換層 1 -> QuantModule_DiffAE_LoRA
2026-03-20 19:27:02,713 [INFO]   替換層 3 -> QuantModule_DiffAE_LoRA
2026-03-20 19:27:02,713 [INFO]   替換層 3 -> QuantModule_DiffAE_LoRA
2026-03-20 19:27:02,714 [INFO]   跳過量化 skip connection: skip_connection
2026-03-20 19:27:02,714 [INFO]   跳過量化 skip connection: skip_connection
2026-03-20 19:27:02,714 [INFO] 改造模組: out
2026-03-20 19:27:02,714 [INFO] 改造模組: out
2026-03-20 19:27:02,714 [INFO]   跳過量化特殊模組: 2
2026-03-20 19:27:02,714 [INFO]   跳過量化特殊模組: 2
2026-03-20 19:27:02,717 [INFO] 執行 'create_float_quantized_model' 完成，耗時: 0.42 秒
2026-03-20 19:27:02,717 [INFO] 執行 'create_float_quantized_model' 完成，耗時: 0.42 秒
2026-03-20 19:27:02,807 [INFO] 載入校準資料...
2026-03-20 19:27:02,807 [INFO] 載入校準資料...
2026-03-20 19:27:03,036 [INFO] ✅ 載入真實校準資料成功
2026-03-20 19:27:03,036 [INFO] ✅ 載入真實校準資料成功
2026-03-20 19:27:03,038 [INFO] ==================================================
2026-03-20 19:27:03,038 [INFO] ==================================================
2026-03-20 19:27:03,038 [INFO] 5. Setting first and last layers to 8-bit...
2026-03-20 19:27:03,038 [INFO] 5. Setting first and last layers to 8-bit...
2026-03-20 19:27:03,040 [INFO] 找到 144 個量化模組
2026-03-20 19:27:03,040 [INFO] 找到 144 個量化模組
2026-03-20 19:27:03,040 [INFO] ✅ 首尾層 8-bit 設定完成
2026-03-20 19:27:03,040 [INFO] ✅ 首尾層 8-bit 設定完成
2026-03-20 19:27:03,040 [INFO] ✅ 量化模型創建成功
2026-03-20 19:27:03,040 [INFO] ✅ 量化模型創建成功
2026-03-20 19:27:03,040 [INFO] set quant state to True, True for layer 1
2026-03-20 19:27:03,040 [INFO] set quant state to True, True for layer 1
2026-03-20 19:27:03,040 [INFO] set quant state to True, True for layer 2
2026-03-20 19:27:03,040 [INFO] set quant state to True, True for layer 2
2026-03-20 19:27:03,040 [INFO] set quant state to True, False for layer 3
2026-03-20 19:27:03,040 [INFO] set quant state to True, False for layer 3
2026-03-20 19:27:03,042 [INFO] set quant state to True, True for layer 144
2026-03-20 19:27:03,042 [INFO] set quant state to True, True for layer 144
2026-03-20 19:27:03,981 [INFO] EMA(load from ema_model.model.*): provided=1822 effective_loaded=1822 missing=280 unexpected=0
2026-03-20 19:27:03,981 [INFO] EMA(load from ema_model.model.*): provided=1822 effective_loaded=1822 missing=280 unexpected=0
2026-03-20 19:27:03,981 [WARNING] EMA missing keys (前10): ['model.input_blocks.1.0.in_layers.2.intn_dequantizer.delta', 'model.input_blocks.1.0.in_layers.2.intn_dequantizer.zero_point', 'model.input_blocks.1.0.emb_layers.1.intn_dequantizer.delta', 'model.input_blocks.1.0.emb_layers.1.intn_dequantizer.zero_point', 'model.input_blocks.1.0.cond_emb_layers.1.intn_dequantizer.delta', 'model.input_blocks.1.0.cond_emb_layers.1.intn_dequantizer.zero_point', 'model.input_blocks.1.0.out_layers.3.intn_dequantizer.delta', 'model.input_blocks.1.0.out_layers.3.intn_dequantizer.zero_point', 'model.input_blocks.2.0.in_layers.2.intn_dequantizer.delta', 'model.input_blocks.2.0.in_layers.2.intn_dequantizer.zero_point']
2026-03-20 19:27:03,981 [WARNING] EMA missing keys (前10): ['model.input_blocks.1.0.in_layers.2.intn_dequantizer.delta', 'model.input_blocks.1.0.in_layers.2.intn_dequantizer.zero_point', 'model.input_blocks.1.0.emb_layers.1.intn_dequantizer.delta', 'model.input_blocks.1.0.emb_layers.1.intn_dequantizer.zero_point', 'model.input_blocks.1.0.cond_emb_layers.1.intn_dequantizer.delta', 'model.input_blocks.1.0.cond_emb_layers.1.intn_dequantizer.zero_point', 'model.input_blocks.1.0.out_layers.3.intn_dequantizer.delta', 'model.input_blocks.1.0.out_layers.3.intn_dequantizer.zero_point', 'model.input_blocks.2.0.in_layers.2.intn_dequantizer.delta', 'model.input_blocks.2.0.in_layers.2.intn_dequantizer.zero_point']
2026-03-20 19:27:04,036 [INFO] MODEL(load from model.model.*): provided=1822 effective_loaded=1822 missing=280 unexpected=0
2026-03-20 19:27:04,036 [INFO] MODEL(load from model.model.*): provided=1822 effective_loaded=1822 missing=280 unexpected=0
2026-03-20 19:27:04,036 [INFO] ✅ 量化模型載入成功
2026-03-20 19:27:04,036 [INFO] ✅ 量化模型載入成功
2026-03-20 19:27:04,036 [INFO] === 初始化新功能模組 ===
2026-03-20 19:27:04,036 [INFO] === 初始化新功能模組 ===
2026-03-20 19:27:04,066 [INFO] ✅ 基礎模型設定完成
2026-03-20 19:27:04,066 [INFO] ✅ 基礎模型設定完成
2026-03-20 19:27:04,094 [INFO] ==================================================
2026-03-20 19:27:04,094 [INFO] ==================================================
2026-03-20 19:27:04,094 [INFO] 啟用 Similarity Analysis (L1/L2/Cosine)
2026-03-20 19:27:04,094 [INFO] 啟用 Similarity Analysis (L1/L2/Cosine)
2026-03-20 19:27:04,094 [INFO] FID 評估樣本數: 128
2026-03-20 19:27:04,094 [INFO] FID 評估樣本數: 128
2026-03-20 19:27:04,094 [INFO] 實際收集樣本數: 20 (用於加速)
2026-03-20 19:27:04,094 [INFO] 實際收集樣本數: 20 (用於加速)
2026-03-20 19:27:04,094 [INFO] 擴散步數: 100
2026-03-20 19:27:04,094 [INFO] 擴散步數: 100
2026-03-20 19:27:04,094 [INFO] ==================================================
2026-03-20 19:27:04,094 [INFO] ==================================================
2026-03-20 19:27:04,095 [INFO] [Similarity] 註冊 block hook: model.output_blocks.5
2026-03-20 19:27:04,095 [INFO] [Similarity] 註冊 block hook: model.output_blocks.5
2026-03-20 19:27:04,097 [INFO] [Similarity] 註冊 model step hook 完成
2026-03-20 19:27:04,097 [INFO] [Similarity] 註冊 model step hook 完成
Model params: 174.19 M
loading pretrain ... 130M
step: 1019986
loading latent stats ...
local seed: 0
train data: 70001
val data: 70001
on train dataloader start ...
mean: tensor(-0.0606, device='cuda:0') std: tensor(0.0755, device='cuda:0')
generating images:   0%|          | 0/4 [00:00<?, ?it/s]/home/jimmy/diffae/./diffusion/base.py:329: FutureWarning: `torch.cuda.amp.autocast(args...)` is deprecated. Please use `torch.amp.autocast('cuda', args...)` instead.
  with autocast(self.conf.fp16):
2026-03-20 19:27:23,321 [INFO] [Similarity] Batch 0 完成，已收集 20 個樣本
2026-03-20 19:27:23,321 [INFO] [Similarity] Batch 0 完成，已收集 20 個樣本
generating images:  25%|██▌       | 1/4 [00:19<00:58, 19.36s/it]2026-03-20 19:27:42,527 [INFO] [Similarity] Batch 1 完成，已收集 20 個樣本
2026-03-20 19:27:42,527 [INFO] [Similarity] Batch 1 完成，已收集 20 個樣本
generating images:  50%|█████     | 2/4 [00:38<00:38, 19.27s/it]2026-03-20 19:28:01,744 [INFO] [Similarity] Batch 2 完成，已收集 20 個樣本
2026-03-20 19:28:01,744 [INFO] [Similarity] Batch 2 完成，已收集 20 個樣本
generating images:  75%|███████▌  | 3/4 [00:57<00:19, 19.25s/it]2026-03-20 19:28:17,546 [INFO] [Similarity] 已收集 80 个样本，停止数据收集（目标: 80）
2026-03-20 19:28:17,546 [INFO] [Similarity] 已收集 80 个样本，停止数据收集（目标: 80）
2026-03-20 19:28:20,969 [INFO] [Similarity] Batch 3 完成，已收集 20 個樣本
2026-03-20 19:28:20,969 [INFO] [Similarity] Batch 3 完成，已收集 20 個樣本
generating images: 100%|██████████| 4/4 [01:17<00:00, 19.24s/it]generating images: 100%|██████████| 4/4 [01:17<00:00, 19.25s/it]
2026-03-20 19:28:21,110 [INFO] [Similarity] FID@128 100 steps score: 0
2026-03-20 19:28:21,110 [INFO] [Similarity] FID@128 100 steps score: 0
2026-03-20 19:28:21,111 [INFO] [Similarity] model.output_blocks.5 cosine: min=0.530808, max=1.000000, diag_mean=1.000000, off_diag_mean=0.909058, off_diag_std=0.083885
2026-03-20 19:28:21,111 [INFO] [Similarity] model.output_blocks.5 cosine: min=0.530808, max=1.000000, diag_mean=1.000000, off_diag_mean=0.909058, off_diag_std=0.083885
2026-03-20 19:28:22,180 [INFO] ✅ Similarity Analysis 完成
2026-03-20 19:28:22,180 [INFO] ✅ Similarity Analysis 完成
2026-03-20 19:28:22,222 [INFO] 執行 'main_float_model' 完成，耗時: 81.80 秒
2026-03-20 19:28:22,222 [INFO] 執行 'main_float_model' 完成，耗時: 81.80 秒
