/home/jimmy/anaconda3/envs/diffae_bw/lib/python3.10/site-packages/lightning_fabric/__init__.py:41: pkg_resources is deprecated as an API. See https://setuptools.pypa.io/en/latest/pkg_resources.html. The pkg_resources package is slated for removal as early as 2025-11-30. Refrain from using this package or pin to Setuptools<81.
使用自動混合精度: torch.bfloat16
[設定] Log 檔案已設為: QATcode/cache_method/L1_L2_cosine/logs/similarity_model_input_blocks_5.log
2026-01-26 11:59:05,991 [INFO] Using 100 steps
2026-01-26 11:59:05,991 [INFO] Using 50000 evaluation samples
2026-01-26 11:59:05,991 [INFO] Cache enabled: False, method: Res, threshold: 0.1
2026-01-26 11:59:05,991 [INFO] Quantitative analysis enabled: False, samples: 10
2026-01-26 11:59:05,991 [INFO] Using 100 steps
2026-01-26 11:59:05,991 [INFO] Using 50000 evaluation samples
2026-01-26 11:59:05,991 [INFO] Cache enabled: False, method: Res, threshold: 0.1
2026-01-26 11:59:05,991 [INFO] Quantitative analysis enabled: False, samples: 10
2026-01-26 11:59:05,991 [INFO] Log file: QATcode/cache_method/L1_L2_cosine/logs/similarity_model_input_blocks_5.log
2026-01-26 11:59:05,991 [INFO] Log file: QATcode/cache_method/L1_L2_cosine/logs/similarity_model_input_blocks_5.log
2026-01-26 11:59:05,991 [INFO] ==================================================
2026-01-26 11:59:05,991 [INFO] Diff-AE EfficientDM Step 7 : 生成圖片
2026-01-26 11:59:05,991 [INFO] ==================================================
2026-01-26 11:59:05,991 [INFO] ==================================================
2026-01-26 11:59:05,991 [INFO] Diff-AE EfficientDM Step 7 : 生成圖片
2026-01-26 11:59:05,991 [INFO] ==================================================
2026-01-26 11:59:05,991 [INFO] 使用設備: cuda
2026-01-26 11:59:05,991 [INFO] 使用設備: cuda
2026-01-26 11:59:05,991 [INFO] === 新功能狀態 ===
2026-01-26 11:59:05,991 [INFO] === 新功能狀態 ===
2026-01-26 11:59:05,992 [INFO] 載入 Diff-AE 模型: checkpoints/ffhq128_autoenc_latent/last.ckpt
2026-01-26 11:59:05,992 [INFO] 載入 Diff-AE 模型: checkpoints/ffhq128_autoenc_latent/last.ckpt
Seed set to 0
Model params: 174.19 M
loading pretrain ... 130M
step: 1019986
loading latent stats ...
2026-01-26 11:59:08,791 [INFO] Diff-AE 模型載入完成
2026-01-26 11:59:08,791 [INFO] Diff-AE 模型載入完成
2026-01-26 11:59:08,835 [INFO] 執行 'load_diffae_model' 完成，耗時: 2.84 秒
2026-01-26 11:59:08,835 [INFO] 執行 'load_diffae_model' 完成，耗時: 2.84 秒
2026-01-26 11:59:08,835 [INFO] ✅ Diff-AE 模型載入成功
2026-01-26 11:59:08,835 [INFO] ✅ Diff-AE 模型載入成功
2026-01-26 11:59:08,835 [INFO] base_model.conf.train_mode: TrainMode.latent_diffusion
2026-01-26 11:59:08,835 [INFO] base_model.conf.train_mode: TrainMode.latent_diffusion
2026-01-26 11:59:08,835 [INFO] === 創建 LoRA 量化模型 ===
2026-01-26 11:59:08,835 [INFO] === 創建 LoRA 量化模型 ===
2026-01-26 11:59:08,835 [INFO] === 開始 UNet LoRA 量化改造 ===
2026-01-26 11:59:08,835 [INFO] === 開始 UNet LoRA 量化改造 ===
2026-01-26 11:59:08,835 [INFO] 改造模組: time_embed
2026-01-26 11:59:08,835 [INFO] 改造模組: time_embed
2026-01-26 11:59:08,836 [INFO]   跳過量化特殊模組: 0
2026-01-26 11:59:08,836 [INFO]   跳過量化特殊模組: 0
2026-01-26 11:59:08,836 [INFO]   跳過量化特殊模組: 2
2026-01-26 11:59:08,837 [INFO] 改造模組: input_blocks
2026-01-26 11:59:08,837 [INFO]   跳過量化特殊模組: 0
2026-01-26 11:59:08,837 [INFO]   替換層 2 -> QuantModule_DiffAE_LoRA
2026-01-26 11:59:08,836 [INFO]   跳過量化特殊模組: 2
2026-01-26 11:59:08,837 [INFO] 改造模組: input_blocks
2026-01-26 11:59:08,837 [INFO]   跳過量化特殊模組: 0
2026-01-26 11:59:08,837 [INFO]   替換層 2 -> QuantModule_DiffAE_LoRA
2026-01-26 11:59:08,916 [INFO]   替換層 1 -> QuantModule_DiffAE_LoRA
2026-01-26 11:59:08,916 [INFO]   替換層 1 -> QuantModule_DiffAE_LoRA
2026-01-26 11:59:08,923 [INFO]   替換層 1 -> QuantModule_DiffAE_LoRA
2026-01-26 11:59:08,923 [INFO]   替換層 1 -> QuantModule_DiffAE_LoRA
2026-01-26 11:59:08,929 [INFO]   替換層 3 -> QuantModule_DiffAE_LoRA
2026-01-26 11:59:08,929 [INFO]   替換層 3 -> QuantModule_DiffAE_LoRA
2026-01-26 11:59:08,933 [INFO]   替換層 2 -> QuantModule_DiffAE_LoRA
2026-01-26 11:59:08,933 [INFO]   替換層 2 -> QuantModule_DiffAE_LoRA
2026-01-26 11:59:08,939 [INFO]   替換層 1 -> QuantModule_DiffAE_LoRA
2026-01-26 11:59:08,939 [INFO]   替換層 1 -> QuantModule_DiffAE_LoRA
2026-01-26 11:59:08,941 [INFO]   替換層 1 -> QuantModule_DiffAE_LoRA
2026-01-26 11:59:08,941 [INFO]   替換層 1 -> QuantModule_DiffAE_LoRA
2026-01-26 11:59:08,941 [INFO]   替換層 3 -> QuantModule_DiffAE_LoRA
2026-01-26 11:59:08,941 [INFO]   替換層 3 -> QuantModule_DiffAE_LoRA
2026-01-26 11:59:08,942 [INFO]   替換層 2 -> QuantModule_DiffAE_LoRA
2026-01-26 11:59:08,942 [INFO]   替換層 2 -> QuantModule_DiffAE_LoRA
2026-01-26 11:59:08,942 [INFO]   替換層 1 -> QuantModule_DiffAE_LoRA
2026-01-26 11:59:08,942 [INFO]   替換層 1 -> QuantModule_DiffAE_LoRA
2026-01-26 11:59:08,943 [INFO]   替換層 1 -> QuantModule_DiffAE_LoRA
2026-01-26 11:59:08,943 [INFO]   替換層 1 -> QuantModule_DiffAE_LoRA
2026-01-26 11:59:08,943 [INFO]   替換層 3 -> QuantModule_DiffAE_LoRA
2026-01-26 11:59:08,943 [INFO]   替換層 3 -> QuantModule_DiffAE_LoRA
2026-01-26 11:59:08,944 [INFO]   替換層 2 -> QuantModule_DiffAE_LoRA
2026-01-26 11:59:08,944 [INFO]   替換層 2 -> QuantModule_DiffAE_LoRA
2026-01-26 11:59:08,944 [INFO]   替換層 1 -> QuantModule_DiffAE_LoRA
2026-01-26 11:59:08,944 [INFO]   替換層 1 -> QuantModule_DiffAE_LoRA
2026-01-26 11:59:08,945 [INFO]   替換層 1 -> QuantModule_DiffAE_LoRA
2026-01-26 11:59:08,945 [INFO]   替換層 1 -> QuantModule_DiffAE_LoRA
2026-01-26 11:59:08,945 [INFO]   替換層 3 -> QuantModule_DiffAE_LoRA
2026-01-26 11:59:08,945 [INFO]   替換層 3 -> QuantModule_DiffAE_LoRA
2026-01-26 11:59:08,946 [INFO]   替換層 2 -> QuantModule_DiffAE_LoRA
2026-01-26 11:59:08,946 [INFO]   替換層 2 -> QuantModule_DiffAE_LoRA
2026-01-26 11:59:08,947 [INFO]   替換層 1 -> QuantModule_DiffAE_LoRA
2026-01-26 11:59:08,947 [INFO]   替換層 1 -> QuantModule_DiffAE_LoRA
2026-01-26 11:59:08,947 [INFO]   替換層 1 -> QuantModule_DiffAE_LoRA
2026-01-26 11:59:08,947 [INFO]   替換層 1 -> QuantModule_DiffAE_LoRA
2026-01-26 11:59:08,948 [INFO]   替換層 3 -> QuantModule_DiffAE_LoRA
2026-01-26 11:59:08,948 [INFO]   替換層 3 -> QuantModule_DiffAE_LoRA
2026-01-26 11:59:08,948 [INFO]   替換層 2 -> QuantModule_DiffAE_LoRA
2026-01-26 11:59:08,948 [INFO]   替換層 2 -> QuantModule_DiffAE_LoRA
2026-01-26 11:59:08,949 [INFO]   替換層 1 -> QuantModule_DiffAE_LoRA
2026-01-26 11:59:08,949 [INFO]   替換層 1 -> QuantModule_DiffAE_LoRA
2026-01-26 11:59:08,949 [INFO]   替換層 1 -> QuantModule_DiffAE_LoRA
2026-01-26 11:59:08,949 [INFO]   替換層 1 -> QuantModule_DiffAE_LoRA
2026-01-26 11:59:08,950 [INFO]   替換層 3 -> QuantModule_DiffAE_LoRA
2026-01-26 11:59:08,950 [INFO]   替換層 3 -> QuantModule_DiffAE_LoRA
2026-01-26 11:59:08,951 [INFO]   替換層 2 -> QuantModule_DiffAE_LoRA
2026-01-26 11:59:08,951 [INFO]   替換層 2 -> QuantModule_DiffAE_LoRA
2026-01-26 11:59:08,952 [INFO]   替換層 1 -> QuantModule_DiffAE_LoRA
2026-01-26 11:59:08,952 [INFO]   替換層 1 -> QuantModule_DiffAE_LoRA
2026-01-26 11:59:08,952 [INFO]   替換層 1 -> QuantModule_DiffAE_LoRA
2026-01-26 11:59:08,952 [INFO]   替換層 1 -> QuantModule_DiffAE_LoRA
2026-01-26 11:59:08,953 [INFO]   替換層 3 -> QuantModule_DiffAE_LoRA
2026-01-26 11:59:08,953 [INFO]   替換層 3 -> QuantModule_DiffAE_LoRA
2026-01-26 11:59:08,955 [INFO]   跳過量化 skip connection: skip_connection
2026-01-26 11:59:08,955 [INFO]   跳過量化 skip connection: skip_connection
2026-01-26 11:59:08,955 [INFO]   替換層 2 -> QuantModule_DiffAE_LoRA
2026-01-26 11:59:08,955 [INFO]   替換層 2 -> QuantModule_DiffAE_LoRA
2026-01-26 11:59:08,956 [INFO]   替換層 1 -> QuantModule_DiffAE_LoRA
2026-01-26 11:59:08,956 [INFO]   替換層 1 -> QuantModule_DiffAE_LoRA
2026-01-26 11:59:08,957 [INFO]   替換層 1 -> QuantModule_DiffAE_LoRA
2026-01-26 11:59:08,957 [INFO]   替換層 1 -> QuantModule_DiffAE_LoRA
2026-01-26 11:59:08,958 [INFO]   替換層 3 -> QuantModule_DiffAE_LoRA
2026-01-26 11:59:08,958 [INFO]   替換層 3 -> QuantModule_DiffAE_LoRA
2026-01-26 11:59:08,959 [INFO]   替換層 2 -> QuantModule_DiffAE_LoRA
2026-01-26 11:59:08,959 [INFO]   替換層 2 -> QuantModule_DiffAE_LoRA
2026-01-26 11:59:08,961 [INFO]   替換層 1 -> QuantModule_DiffAE_LoRA
2026-01-26 11:59:08,961 [INFO]   替換層 1 -> QuantModule_DiffAE_LoRA
2026-01-26 11:59:08,962 [INFO]   替換層 1 -> QuantModule_DiffAE_LoRA
2026-01-26 11:59:08,962 [INFO]   替換層 1 -> QuantModule_DiffAE_LoRA
2026-01-26 11:59:08,962 [INFO]   替換層 3 -> QuantModule_DiffAE_LoRA
2026-01-26 11:59:08,962 [INFO]   替換層 3 -> QuantModule_DiffAE_LoRA
2026-01-26 11:59:08,964 [INFO]   替換層 2 -> QuantModule_DiffAE_LoRA
2026-01-26 11:59:08,964 [INFO]   替換層 2 -> QuantModule_DiffAE_LoRA
2026-01-26 11:59:08,966 [INFO]   替換層 1 -> QuantModule_DiffAE_LoRA
2026-01-26 11:59:08,966 [INFO]   替換層 1 -> QuantModule_DiffAE_LoRA
2026-01-26 11:59:08,967 [INFO]   替換層 1 -> QuantModule_DiffAE_LoRA
2026-01-26 11:59:08,967 [INFO]   替換層 1 -> QuantModule_DiffAE_LoRA
2026-01-26 11:59:08,968 [INFO]   替換層 3 -> QuantModule_DiffAE_LoRA
2026-01-26 11:59:08,968 [INFO]   替換層 3 -> QuantModule_DiffAE_LoRA
2026-01-26 11:59:08,972 [INFO]   跳過量化 skip connection: skip_connection
2026-01-26 11:59:08,972 [INFO]   跳過量化 skip connection: skip_connection
2026-01-26 11:59:08,972 [INFO]   替換層 2 -> QuantModule_DiffAE_LoRA
2026-01-26 11:59:08,972 [INFO]   替換層 2 -> QuantModule_DiffAE_LoRA
2026-01-26 11:59:08,977 [INFO]   替換層 1 -> QuantModule_DiffAE_LoRA
2026-01-26 11:59:08,977 [INFO]   替換層 1 -> QuantModule_DiffAE_LoRA
2026-01-26 11:59:08,981 [INFO]   替換層 1 -> QuantModule_DiffAE_LoRA
2026-01-26 11:59:08,981 [INFO]   替換層 1 -> QuantModule_DiffAE_LoRA
2026-01-26 11:59:08,984 [INFO]   替換層 3 -> QuantModule_DiffAE_LoRA
2026-01-26 11:59:08,984 [INFO]   替換層 3 -> QuantModule_DiffAE_LoRA
2026-01-26 11:59:08,996 [INFO]   替換層 2 -> QuantModule_DiffAE_LoRA
2026-01-26 11:59:08,996 [INFO]   替換層 2 -> QuantModule_DiffAE_LoRA
2026-01-26 11:59:09,003 [INFO]   替換層 1 -> QuantModule_DiffAE_LoRA
2026-01-26 11:59:09,003 [INFO]   替換層 1 -> QuantModule_DiffAE_LoRA
2026-01-26 11:59:09,010 [INFO]   替換層 1 -> QuantModule_DiffAE_LoRA
2026-01-26 11:59:09,010 [INFO]   替換層 1 -> QuantModule_DiffAE_LoRA
2026-01-26 11:59:09,017 [INFO]   替換層 3 -> QuantModule_DiffAE_LoRA
2026-01-26 11:59:09,017 [INFO]   替換層 3 -> QuantModule_DiffAE_LoRA
2026-01-26 11:59:09,026 [INFO]   替換層 2 -> QuantModule_DiffAE_LoRA
2026-01-26 11:59:09,026 [INFO]   替換層 2 -> QuantModule_DiffAE_LoRA
2026-01-26 11:59:09,035 [INFO]   替換層 1 -> QuantModule_DiffAE_LoRA
2026-01-26 11:59:09,035 [INFO]   替換層 1 -> QuantModule_DiffAE_LoRA
2026-01-26 11:59:09,039 [INFO]   替換層 1 -> QuantModule_DiffAE_LoRA
2026-01-26 11:59:09,039 [INFO]   替換層 1 -> QuantModule_DiffAE_LoRA
2026-01-26 11:59:09,045 [INFO]   替換層 3 -> QuantModule_DiffAE_LoRA
2026-01-26 11:59:09,045 [INFO]   替換層 3 -> QuantModule_DiffAE_LoRA
2026-01-26 11:59:09,059 [INFO]   跳過量化 skip connection: skip_connection
2026-01-26 11:59:09,059 [INFO]   跳過量化 skip connection: skip_connection
2026-01-26 11:59:09,059 [INFO]   替換層 2 -> QuantModule_DiffAE_LoRA
2026-01-26 11:59:09,059 [INFO]   替換層 2 -> QuantModule_DiffAE_LoRA
2026-01-26 11:59:09,070 [INFO]   替換層 1 -> QuantModule_DiffAE_LoRA
2026-01-26 11:59:09,070 [INFO]   替換層 1 -> QuantModule_DiffAE_LoRA
2026-01-26 11:59:09,077 [INFO]   替換層 1 -> QuantModule_DiffAE_LoRA
2026-01-26 11:59:09,077 [INFO]   替換層 1 -> QuantModule_DiffAE_LoRA
2026-01-26 11:59:09,084 [INFO]   替換層 3 -> QuantModule_DiffAE_LoRA
2026-01-26 11:59:09,084 [INFO]   替換層 3 -> QuantModule_DiffAE_LoRA
2026-01-26 11:59:09,096 [INFO] 改造模組: middle_block
2026-01-26 11:59:09,096 [INFO]   替換層 2 -> QuantModule_DiffAE_LoRA
2026-01-26 11:59:09,096 [INFO] 改造模組: middle_block
2026-01-26 11:59:09,096 [INFO]   替換層 2 -> QuantModule_DiffAE_LoRA
2026-01-26 11:59:09,108 [INFO]   替換層 1 -> QuantModule_DiffAE_LoRA
2026-01-26 11:59:09,108 [INFO]   替換層 1 -> QuantModule_DiffAE_LoRA
2026-01-26 11:59:09,113 [INFO]   替換層 1 -> QuantModule_DiffAE_LoRA
2026-01-26 11:59:09,113 [INFO]   替換層 1 -> QuantModule_DiffAE_LoRA
2026-01-26 11:59:09,116 [INFO]   替換層 3 -> QuantModule_DiffAE_LoRA
2026-01-26 11:59:09,116 [INFO]   替換層 3 -> QuantModule_DiffAE_LoRA
2026-01-26 11:59:09,130 [INFO]   替換層 2 -> QuantModule_DiffAE_LoRA
2026-01-26 11:59:09,130 [INFO]   替換層 2 -> QuantModule_DiffAE_LoRA
2026-01-26 11:59:09,140 [INFO]   替換層 1 -> QuantModule_DiffAE_LoRA
2026-01-26 11:59:09,140 [INFO]   替換層 1 -> QuantModule_DiffAE_LoRA
2026-01-26 11:59:09,144 [INFO]   替換層 1 -> QuantModule_DiffAE_LoRA
2026-01-26 11:59:09,144 [INFO]   替換層 1 -> QuantModule_DiffAE_LoRA
2026-01-26 11:59:09,152 [INFO]   替換層 3 -> QuantModule_DiffAE_LoRA
2026-01-26 11:59:09,152 [INFO]   替換層 3 -> QuantModule_DiffAE_LoRA
2026-01-26 11:59:09,163 [INFO] 改造模組: output_blocks
2026-01-26 11:59:09,163 [INFO]   替換層 2 -> QuantModule_DiffAE_LoRA
2026-01-26 11:59:09,163 [INFO] 改造模組: output_blocks
2026-01-26 11:59:09,163 [INFO]   替換層 2 -> QuantModule_DiffAE_LoRA
2026-01-26 11:59:09,179 [INFO]   替換層 1 -> QuantModule_DiffAE_LoRA
2026-01-26 11:59:09,179 [INFO]   替換層 1 -> QuantModule_DiffAE_LoRA
2026-01-26 11:59:09,185 [INFO]   替換層 1 -> QuantModule_DiffAE_LoRA
2026-01-26 11:59:09,185 [INFO]   替換層 1 -> QuantModule_DiffAE_LoRA
2026-01-26 11:59:09,190 [INFO]   替換層 3 -> QuantModule_DiffAE_LoRA
2026-01-26 11:59:09,190 [INFO]   替換層 3 -> QuantModule_DiffAE_LoRA
2026-01-26 11:59:09,201 [INFO]   跳過量化 skip connection: skip_connection
2026-01-26 11:59:09,201 [INFO]   替換層 2 -> QuantModule_DiffAE_LoRA
2026-01-26 11:59:09,201 [INFO]   跳過量化 skip connection: skip_connection
2026-01-26 11:59:09,201 [INFO]   替換層 2 -> QuantModule_DiffAE_LoRA
2026-01-26 11:59:09,217 [INFO]   替換層 1 -> QuantModule_DiffAE_LoRA
2026-01-26 11:59:09,217 [INFO]   替換層 1 -> QuantModule_DiffAE_LoRA
2026-01-26 11:59:09,222 [INFO]   替換層 1 -> QuantModule_DiffAE_LoRA
2026-01-26 11:59:09,222 [INFO]   替換層 1 -> QuantModule_DiffAE_LoRA
2026-01-26 11:59:09,228 [INFO]   替換層 3 -> QuantModule_DiffAE_LoRA
2026-01-26 11:59:09,228 [INFO]   替換層 3 -> QuantModule_DiffAE_LoRA
2026-01-26 11:59:09,235 [INFO]   跳過量化 skip connection: skip_connection
2026-01-26 11:59:09,235 [INFO]   替換層 2 -> QuantModule_DiffAE_LoRA
2026-01-26 11:59:09,235 [INFO]   跳過量化 skip connection: skip_connection
2026-01-26 11:59:09,235 [INFO]   替換層 2 -> QuantModule_DiffAE_LoRA
2026-01-26 11:59:09,248 [INFO]   替換層 1 -> QuantModule_DiffAE_LoRA
2026-01-26 11:59:09,248 [INFO]   替換層 1 -> QuantModule_DiffAE_LoRA
2026-01-26 11:59:09,253 [INFO]   替換層 1 -> QuantModule_DiffAE_LoRA
2026-01-26 11:59:09,253 [INFO]   替換層 1 -> QuantModule_DiffAE_LoRA
2026-01-26 11:59:09,258 [INFO]   替換層 3 -> QuantModule_DiffAE_LoRA
2026-01-26 11:59:09,258 [INFO]   替換層 3 -> QuantModule_DiffAE_LoRA
2026-01-26 11:59:09,265 [INFO]   跳過量化 skip connection: skip_connection
2026-01-26 11:59:09,265 [INFO]   替換層 2 -> QuantModule_DiffAE_LoRA
2026-01-26 11:59:09,265 [INFO]   跳過量化 skip connection: skip_connection
2026-01-26 11:59:09,265 [INFO]   替換層 2 -> QuantModule_DiffAE_LoRA
2026-01-26 11:59:09,274 [INFO]   替換層 1 -> QuantModule_DiffAE_LoRA
2026-01-26 11:59:09,274 [INFO]   替換層 1 -> QuantModule_DiffAE_LoRA
2026-01-26 11:59:09,280 [INFO]   替換層 1 -> QuantModule_DiffAE_LoRA
2026-01-26 11:59:09,280 [INFO]   替換層 1 -> QuantModule_DiffAE_LoRA
2026-01-26 11:59:09,284 [INFO]   替換層 3 -> QuantModule_DiffAE_LoRA
2026-01-26 11:59:09,284 [INFO]   替換層 3 -> QuantModule_DiffAE_LoRA
2026-01-26 11:59:09,295 [INFO]   替換層 2 -> QuantModule_DiffAE_LoRA
2026-01-26 11:59:09,295 [INFO]   替換層 2 -> QuantModule_DiffAE_LoRA
2026-01-26 11:59:09,306 [INFO]   替換層 1 -> QuantModule_DiffAE_LoRA
2026-01-26 11:59:09,306 [INFO]   替換層 1 -> QuantModule_DiffAE_LoRA
2026-01-26 11:59:09,313 [INFO]   替換層 1 -> QuantModule_DiffAE_LoRA
2026-01-26 11:59:09,318 [INFO]   替換層 3 -> QuantModule_DiffAE_LoRA
2026-01-26 11:59:09,313 [INFO]   替換層 1 -> QuantModule_DiffAE_LoRA
2026-01-26 11:59:09,318 [INFO]   替換層 3 -> QuantModule_DiffAE_LoRA
2026-01-26 11:59:09,326 [INFO]   跳過量化 skip connection: skip_connection
2026-01-26 11:59:09,326 [INFO]   替換層 2 -> QuantModule_DiffAE_LoRA
2026-01-26 11:59:09,326 [INFO]   跳過量化 skip connection: skip_connection
2026-01-26 11:59:09,326 [INFO]   替換層 2 -> QuantModule_DiffAE_LoRA
2026-01-26 11:59:09,334 [INFO]   替換層 1 -> QuantModule_DiffAE_LoRA
2026-01-26 11:59:09,334 [INFO]   替換層 1 -> QuantModule_DiffAE_LoRA
2026-01-26 11:59:09,339 [INFO]   替換層 1 -> QuantModule_DiffAE_LoRA
2026-01-26 11:59:09,339 [INFO]   替換層 1 -> QuantModule_DiffAE_LoRA
2026-01-26 11:59:09,344 [INFO]   替換層 3 -> QuantModule_DiffAE_LoRA
2026-01-26 11:59:09,344 [INFO]   替換層 3 -> QuantModule_DiffAE_LoRA
2026-01-26 11:59:09,352 [INFO]   跳過量化 skip connection: skip_connection
2026-01-26 11:59:09,352 [INFO]   替換層 2 -> QuantModule_DiffAE_LoRA
2026-01-26 11:59:09,352 [INFO]   跳過量化 skip connection: skip_connection
2026-01-26 11:59:09,352 [INFO]   替換層 2 -> QuantModule_DiffAE_LoRA
2026-01-26 11:59:09,361 [INFO]   替換層 1 -> QuantModule_DiffAE_LoRA
2026-01-26 11:59:09,361 [INFO]   替換層 1 -> QuantModule_DiffAE_LoRA
2026-01-26 11:59:09,369 [INFO]   替換層 1 -> QuantModule_DiffAE_LoRA
2026-01-26 11:59:09,369 [INFO]   替換層 1 -> QuantModule_DiffAE_LoRA
2026-01-26 11:59:09,372 [INFO]   替換層 3 -> QuantModule_DiffAE_LoRA
2026-01-26 11:59:09,372 [INFO]   替換層 3 -> QuantModule_DiffAE_LoRA
2026-01-26 11:59:09,381 [INFO]   跳過量化 skip connection: skip_connection
2026-01-26 11:59:09,381 [INFO]   替換層 2 -> QuantModule_DiffAE_LoRA
2026-01-26 11:59:09,381 [INFO]   跳過量化 skip connection: skip_connection
2026-01-26 11:59:09,381 [INFO]   替換層 2 -> QuantModule_DiffAE_LoRA
2026-01-26 11:59:09,388 [INFO]   替換層 1 -> QuantModule_DiffAE_LoRA
2026-01-26 11:59:09,388 [INFO]   替換層 1 -> QuantModule_DiffAE_LoRA
2026-01-26 11:59:09,395 [INFO]   替換層 1 -> QuantModule_DiffAE_LoRA
2026-01-26 11:59:09,395 [INFO]   替換層 1 -> QuantModule_DiffAE_LoRA
2026-01-26 11:59:09,399 [INFO]   替換層 3 -> QuantModule_DiffAE_LoRA
2026-01-26 11:59:09,399 [INFO]   替換層 3 -> QuantModule_DiffAE_LoRA
2026-01-26 11:59:09,406 [INFO]   替換層 2 -> QuantModule_DiffAE_LoRA
2026-01-26 11:59:09,406 [INFO]   替換層 2 -> QuantModule_DiffAE_LoRA
2026-01-26 11:59:09,411 [INFO]   替換層 1 -> QuantModule_DiffAE_LoRA
2026-01-26 11:59:09,411 [INFO]   替換層 1 -> QuantModule_DiffAE_LoRA
2026-01-26 11:59:09,415 [INFO]   替換層 1 -> QuantModule_DiffAE_LoRA
2026-01-26 11:59:09,415 [INFO]   替換層 1 -> QuantModule_DiffAE_LoRA
2026-01-26 11:59:09,418 [INFO]   替換層 3 -> QuantModule_DiffAE_LoRA
2026-01-26 11:59:09,418 [INFO]   替換層 3 -> QuantModule_DiffAE_LoRA
2026-01-26 11:59:09,421 [INFO]   跳過量化 skip connection: skip_connection
2026-01-26 11:59:09,421 [INFO]   跳過量化 skip connection: skip_connection
2026-01-26 11:59:09,421 [INFO]   替換層 2 -> QuantModule_DiffAE_LoRA
2026-01-26 11:59:09,421 [INFO]   替換層 2 -> QuantModule_DiffAE_LoRA
2026-01-26 11:59:09,424 [INFO]   替換層 1 -> QuantModule_DiffAE_LoRA
2026-01-26 11:59:09,424 [INFO]   替換層 1 -> QuantModule_DiffAE_LoRA
2026-01-26 11:59:09,429 [INFO]   替換層 1 -> QuantModule_DiffAE_LoRA
2026-01-26 11:59:09,429 [INFO]   替換層 1 -> QuantModule_DiffAE_LoRA
2026-01-26 11:59:09,434 [INFO]   替換層 3 -> QuantModule_DiffAE_LoRA
2026-01-26 11:59:09,434 [INFO]   替換層 3 -> QuantModule_DiffAE_LoRA
2026-01-26 11:59:09,441 [INFO]   跳過量化 skip connection: skip_connection
2026-01-26 11:59:09,441 [INFO]   跳過量化 skip connection: skip_connection
2026-01-26 11:59:09,441 [INFO]   替換層 2 -> QuantModule_DiffAE_LoRA
2026-01-26 11:59:09,441 [INFO]   替換層 2 -> QuantModule_DiffAE_LoRA
2026-01-26 11:59:09,448 [INFO]   替換層 1 -> QuantModule_DiffAE_LoRA
2026-01-26 11:59:09,448 [INFO]   替換層 1 -> QuantModule_DiffAE_LoRA
2026-01-26 11:59:09,449 [INFO]   替換層 1 -> QuantModule_DiffAE_LoRA
2026-01-26 11:59:09,449 [INFO]   替換層 1 -> QuantModule_DiffAE_LoRA
2026-01-26 11:59:09,449 [INFO]   替換層 3 -> QuantModule_DiffAE_LoRA
2026-01-26 11:59:09,449 [INFO]   替換層 3 -> QuantModule_DiffAE_LoRA
2026-01-26 11:59:09,452 [INFO]   跳過量化 skip connection: skip_connection
2026-01-26 11:59:09,452 [INFO]   跳過量化 skip connection: skip_connection
2026-01-26 11:59:09,452 [INFO]   替換層 2 -> QuantModule_DiffAE_LoRA
2026-01-26 11:59:09,452 [INFO]   替換層 2 -> QuantModule_DiffAE_LoRA
2026-01-26 11:59:09,453 [INFO]   替換層 1 -> QuantModule_DiffAE_LoRA
2026-01-26 11:59:09,453 [INFO]   替換層 1 -> QuantModule_DiffAE_LoRA
2026-01-26 11:59:09,454 [INFO]   替換層 1 -> QuantModule_DiffAE_LoRA
2026-01-26 11:59:09,454 [INFO]   替換層 1 -> QuantModule_DiffAE_LoRA
2026-01-26 11:59:09,455 [INFO]   替換層 3 -> QuantModule_DiffAE_LoRA
2026-01-26 11:59:09,455 [INFO]   替換層 3 -> QuantModule_DiffAE_LoRA
2026-01-26 11:59:09,457 [INFO]   替換層 2 -> QuantModule_DiffAE_LoRA
2026-01-26 11:59:09,457 [INFO]   替換層 2 -> QuantModule_DiffAE_LoRA
2026-01-26 11:59:09,458 [INFO]   替換層 1 -> QuantModule_DiffAE_LoRA
2026-01-26 11:59:09,458 [INFO]   替換層 1 -> QuantModule_DiffAE_LoRA
2026-01-26 11:59:09,459 [INFO]   替換層 1 -> QuantModule_DiffAE_LoRA
2026-01-26 11:59:09,459 [INFO]   替換層 1 -> QuantModule_DiffAE_LoRA
2026-01-26 11:59:09,459 [INFO]   替換層 3 -> QuantModule_DiffAE_LoRA
2026-01-26 11:59:09,459 [INFO]   替換層 3 -> QuantModule_DiffAE_LoRA
2026-01-26 11:59:09,460 [INFO]   跳過量化 skip connection: skip_connection
2026-01-26 11:59:09,460 [INFO]   跳過量化 skip connection: skip_connection
2026-01-26 11:59:09,460 [INFO]   替換層 2 -> QuantModule_DiffAE_LoRA
2026-01-26 11:59:09,460 [INFO]   替換層 2 -> QuantModule_DiffAE_LoRA
2026-01-26 11:59:09,461 [INFO]   替換層 1 -> QuantModule_DiffAE_LoRA
2026-01-26 11:59:09,461 [INFO]   替換層 1 -> QuantModule_DiffAE_LoRA
2026-01-26 11:59:09,462 [INFO]   替換層 1 -> QuantModule_DiffAE_LoRA
2026-01-26 11:59:09,462 [INFO]   替換層 1 -> QuantModule_DiffAE_LoRA
2026-01-26 11:59:09,462 [INFO]   替換層 3 -> QuantModule_DiffAE_LoRA
2026-01-26 11:59:09,462 [INFO]   替換層 3 -> QuantModule_DiffAE_LoRA
2026-01-26 11:59:09,463 [INFO]   跳過量化 skip connection: skip_connection
2026-01-26 11:59:09,463 [INFO]   跳過量化 skip connection: skip_connection
2026-01-26 11:59:09,463 [INFO]   替換層 2 -> QuantModule_DiffAE_LoRA
2026-01-26 11:59:09,463 [INFO]   替換層 2 -> QuantModule_DiffAE_LoRA
2026-01-26 11:59:09,464 [INFO]   替換層 1 -> QuantModule_DiffAE_LoRA
2026-01-26 11:59:09,464 [INFO]   替換層 1 -> QuantModule_DiffAE_LoRA
2026-01-26 11:59:09,464 [INFO]   替換層 1 -> QuantModule_DiffAE_LoRA
2026-01-26 11:59:09,464 [INFO]   替換層 1 -> QuantModule_DiffAE_LoRA
2026-01-26 11:59:09,465 [INFO]   替換層 3 -> QuantModule_DiffAE_LoRA
2026-01-26 11:59:09,465 [INFO]   替換層 3 -> QuantModule_DiffAE_LoRA
2026-01-26 11:59:09,466 [INFO]   跳過量化 skip connection: skip_connection
2026-01-26 11:59:09,466 [INFO]   跳過量化 skip connection: skip_connection
2026-01-26 11:59:09,466 [INFO]   替換層 2 -> QuantModule_DiffAE_LoRA
2026-01-26 11:59:09,466 [INFO]   替換層 2 -> QuantModule_DiffAE_LoRA
2026-01-26 11:59:09,466 [INFO]   替換層 1 -> QuantModule_DiffAE_LoRA
2026-01-26 11:59:09,466 [INFO]   替換層 1 -> QuantModule_DiffAE_LoRA
2026-01-26 11:59:09,467 [INFO]   替換層 1 -> QuantModule_DiffAE_LoRA
2026-01-26 11:59:09,467 [INFO]   替換層 1 -> QuantModule_DiffAE_LoRA
2026-01-26 11:59:09,468 [INFO]   替換層 3 -> QuantModule_DiffAE_LoRA
2026-01-26 11:59:09,468 [INFO]   替換層 3 -> QuantModule_DiffAE_LoRA
2026-01-26 11:59:09,468 [INFO]   替換層 2 -> QuantModule_DiffAE_LoRA
2026-01-26 11:59:09,468 [INFO]   替換層 2 -> QuantModule_DiffAE_LoRA
2026-01-26 11:59:09,469 [INFO]   替換層 1 -> QuantModule_DiffAE_LoRA
2026-01-26 11:59:09,469 [INFO]   替換層 1 -> QuantModule_DiffAE_LoRA
2026-01-26 11:59:09,470 [INFO]   替換層 1 -> QuantModule_DiffAE_LoRA
2026-01-26 11:59:09,470 [INFO]   替換層 1 -> QuantModule_DiffAE_LoRA
2026-01-26 11:59:09,470 [INFO]   替換層 3 -> QuantModule_DiffAE_LoRA
2026-01-26 11:59:09,470 [INFO]   替換層 3 -> QuantModule_DiffAE_LoRA
2026-01-26 11:59:09,471 [INFO]   跳過量化 skip connection: skip_connection
2026-01-26 11:59:09,471 [INFO]   跳過量化 skip connection: skip_connection
2026-01-26 11:59:09,471 [INFO]   替換層 2 -> QuantModule_DiffAE_LoRA
2026-01-26 11:59:09,471 [INFO]   替換層 2 -> QuantModule_DiffAE_LoRA
2026-01-26 11:59:09,472 [INFO]   替換層 1 -> QuantModule_DiffAE_LoRA
2026-01-26 11:59:09,472 [INFO]   替換層 1 -> QuantModule_DiffAE_LoRA
2026-01-26 11:59:09,473 [INFO]   替換層 1 -> QuantModule_DiffAE_LoRA
2026-01-26 11:59:09,473 [INFO]   替換層 1 -> QuantModule_DiffAE_LoRA
2026-01-26 11:59:09,473 [INFO]   替換層 3 -> QuantModule_DiffAE_LoRA
2026-01-26 11:59:09,473 [INFO]   替換層 3 -> QuantModule_DiffAE_LoRA
2026-01-26 11:59:09,474 [INFO]   跳過量化 skip connection: skip_connection
2026-01-26 11:59:09,474 [INFO]   跳過量化 skip connection: skip_connection
2026-01-26 11:59:09,474 [INFO]   替換層 2 -> QuantModule_DiffAE_LoRA
2026-01-26 11:59:09,474 [INFO]   替換層 2 -> QuantModule_DiffAE_LoRA
2026-01-26 11:59:09,475 [INFO]   替換層 1 -> QuantModule_DiffAE_LoRA
2026-01-26 11:59:09,475 [INFO]   替換層 1 -> QuantModule_DiffAE_LoRA
2026-01-26 11:59:09,476 [INFO]   替換層 1 -> QuantModule_DiffAE_LoRA
2026-01-26 11:59:09,476 [INFO]   替換層 1 -> QuantModule_DiffAE_LoRA
2026-01-26 11:59:09,476 [INFO]   替換層 3 -> QuantModule_DiffAE_LoRA
2026-01-26 11:59:09,476 [INFO]   替換層 3 -> QuantModule_DiffAE_LoRA
2026-01-26 11:59:09,477 [INFO]   跳過量化 skip connection: skip_connection
2026-01-26 11:59:09,477 [INFO]   跳過量化 skip connection: skip_connection
2026-01-26 11:59:09,477 [INFO] 改造模組: out
2026-01-26 11:59:09,477 [INFO] 改造模組: out
2026-01-26 11:59:09,477 [INFO]   跳過量化特殊模組: 2
2026-01-26 11:59:09,477 [INFO]   跳過量化特殊模組: 2
2026-01-26 11:59:09,480 [INFO] 執行 'create_float_quantized_model' 完成，耗時: 0.64 秒
2026-01-26 11:59:09,480 [INFO] 執行 'create_float_quantized_model' 完成，耗時: 0.64 秒
2026-01-26 11:59:09,607 [INFO] 載入校準資料...
2026-01-26 11:59:09,607 [INFO] 載入校準資料...
2026-01-26 11:59:09,911 [INFO] ✅ 載入真實校準資料成功
2026-01-26 11:59:09,911 [INFO] ✅ 載入真實校準資料成功
2026-01-26 11:59:09,913 [INFO] ==================================================
2026-01-26 11:59:09,913 [INFO] 5. Setting first and last layers to 8-bit...
2026-01-26 11:59:09,913 [INFO] ==================================================
2026-01-26 11:59:09,913 [INFO] 5. Setting first and last layers to 8-bit...
2026-01-26 11:59:09,914 [INFO] 找到 144 個量化模組
2026-01-26 11:59:09,914 [INFO] 找到 144 個量化模組
2026-01-26 11:59:09,914 [INFO] ✅ 首尾層 8-bit 設定完成
2026-01-26 11:59:09,914 [INFO] ✅ 首尾層 8-bit 設定完成
2026-01-26 11:59:09,914 [INFO] ✅ 量化模型創建成功
2026-01-26 11:59:09,914 [INFO] ✅ 量化模型創建成功
2026-01-26 11:59:09,915 [INFO] set quant state to True, True for layer 1
2026-01-26 11:59:09,915 [INFO] set quant state to True, True for layer 1
2026-01-26 11:59:09,915 [INFO] set quant state to True, True for layer 2
2026-01-26 11:59:09,915 [INFO] set quant state to True, True for layer 2
2026-01-26 11:59:09,915 [INFO] set quant state to True, False for layer 3
2026-01-26 11:59:09,915 [INFO] set quant state to True, False for layer 3
2026-01-26 11:59:09,915 [INFO] set quant state to True, True for layer 144
2026-01-26 11:59:09,915 [INFO] set quant state to True, True for layer 144
2026-01-26 11:59:11,033 [INFO] ✅ 量化模型載入成功
2026-01-26 11:59:11,034 [INFO] === 初始化新功能模組 ===
2026-01-26 11:59:11,033 [INFO] ✅ 量化模型載入成功
2026-01-26 11:59:11,034 [INFO] === 初始化新功能模組 ===
local seed: 0
train data: 70001
val data: 70001
2026-01-26 11:59:11,058 [INFO] ✅ 基礎模型設定完成
2026-01-26 11:59:11,058 [INFO] ✅ 基礎模型設定完成
on train dataloader start ...
mean: tensor(-0.0606, device='cuda:0') std: tensor(0.0755, device='cuda:0')
2026-01-26 11:59:11,104 [INFO] ==================================================
2026-01-26 11:59:11,104 [INFO] 啟用 Similarity Analysis (L1/L2/Cosine)
2026-01-26 11:59:11,104 [INFO] FID 評估樣本數: 128
2026-01-26 11:59:11,104 [INFO] 實際收集樣本數: 20 (用於加速)
2026-01-26 11:59:11,104 [INFO] ==================================================
2026-01-26 11:59:11,104 [INFO] 啟用 Similarity Analysis (L1/L2/Cosine)
2026-01-26 11:59:11,104 [INFO] FID 評估樣本數: 128
2026-01-26 11:59:11,104 [INFO] 擴散步數: 100
2026-01-26 11:59:11,104 [INFO] 實際收集樣本數: 20 (用於加速)
2026-01-26 11:59:11,104 [INFO] 擴散步數: 100
2026-01-26 11:59:11,104 [INFO] ==================================================
2026-01-26 11:59:11,104 [INFO] ==================================================
2026-01-26 11:59:11,104 [INFO] [Similarity] 註冊 block hook: model.input_blocks.5
2026-01-26 11:59:11,104 [INFO] [Similarity] 註冊 block hook: model.input_blocks.5
2026-01-26 11:59:11,105 [INFO] [Similarity] 註冊 model step hook 完成
2026-01-26 11:59:11,105 [INFO] [Similarity] 註冊 model step hook 完成
generating images:   0%|          | 0/4 [00:00<?, ?it/s]/home/jimmy/diffae/./diffusion/base.py:329: FutureWarning: `torch.cuda.amp.autocast(args...)` is deprecated. Please use `torch.amp.autocast('cuda', args...)` instead.
  with autocast(self.conf.fp16):
2026-01-26 11:59:31,382 [INFO] [Similarity] Batch 0 完成，已收集 20 個樣本
2026-01-26 11:59:31,382 [INFO] [Similarity] Batch 0 完成，已收集 20 個樣本
generating images:  25%|██▌       | 1/4 [00:20<01:01, 20.58s/it]2026-01-26 11:59:51,741 [INFO] [Similarity] Batch 1 完成，已收集 20 個樣本
2026-01-26 11:59:51,741 [INFO] [Similarity] Batch 1 完成，已收集 20 個樣本
generating images:  50%|█████     | 2/4 [00:41<00:41, 20.53s/it]2026-01-26 12:00:12,237 [INFO] [Similarity] Batch 2 完成，已收集 20 個樣本
2026-01-26 12:00:12,237 [INFO] [Similarity] Batch 2 完成，已收集 20 個樣本
generating images:  75%|███████▌  | 3/4 [01:01<00:20, 20.46s/it]2026-01-26 12:00:28,229 [INFO] [Similarity] 已收集 80 个样本，停止数据收集（目标: 80）
2026-01-26 12:00:28,229 [INFO] [Similarity] 已收集 80 个样本，停止数据收集（目标: 80）
2026-01-26 12:00:32,625 [INFO] [Similarity] Batch 3 完成，已收集 20 個樣本
2026-01-26 12:00:32,625 [INFO] [Similarity] Batch 3 完成，已收集 20 個樣本
generating images: 100%|██████████| 4/4 [01:21<00:00, 20.44s/it]generating images: 100%|██████████| 4/4 [01:21<00:00, 20.47s/it]
2026-01-26 12:00:32,989 [INFO] [Similarity] FID@128 100 steps score: 0
2026-01-26 12:00:32,989 [INFO] [Similarity] FID@128 100 steps score: 0
2026-01-26 12:00:32,990 [INFO] [Similarity] model.input_blocks.5 cosine: min=0.123584, max=1.000000, diag_mean=1.000000, off_diag_mean=0.825119, off_diag_std=0.179171
2026-01-26 12:00:32,990 [INFO] [Similarity] model.input_blocks.5 cosine: min=0.123584, max=1.000000, diag_mean=1.000000, off_diag_mean=0.825119, off_diag_std=0.179171
2026-01-26 12:00:34,101 [INFO] ✅ Similarity Analysis 完成
2026-01-26 12:00:34,101 [INFO] ✅ Similarity Analysis 完成
2026-01-26 12:00:34,144 [INFO] 執行 'main_float_model' 完成，耗時: 88.15 秒
2026-01-26 12:00:34,144 [INFO] 執行 'main_float_model' 完成，耗時: 88.15 秒
/home/jimmy/anaconda3/envs/diffae_bw/lib/python3.10/site-packages/torchmetrics/utilities/imports.py:21: UserWarning: pkg_resources is deprecated as an API. See https://setuptools.pypa.io/en/latest/pkg_resources.html. The pkg_resources package is slated for removal as early as 2025-11-30. Refrain from using this package or pin to Setuptools<81.
  from pkg_resources import DistributionNotFound, get_distribution
使用自動混合精度: torch.bfloat16
[設定] Log 檔案已設為: QATcode/cache_method/L1_L2_cosine/logs/similarity_model_input_blocks_5.log
2026-03-20 19:06:27,398 [INFO] Using 100 steps
2026-03-20 19:06:27,398 [INFO] Using 100 steps
2026-03-20 19:06:27,398 [INFO] Using 50000 evaluation samples
2026-03-20 19:06:27,398 [INFO] Using 50000 evaluation samples
2026-03-20 19:06:27,398 [INFO] Cache enabled: False, method: Res, threshold: 0.1
2026-03-20 19:06:27,398 [INFO] Cache enabled: False, method: Res, threshold: 0.1
2026-03-20 19:06:27,398 [INFO] Quantitative analysis enabled: False, samples: 10
2026-03-20 19:06:27,398 [INFO] Quantitative analysis enabled: False, samples: 10
2026-03-20 19:06:27,398 [INFO] Log file: QATcode/cache_method/L1_L2_cosine/logs/similarity_model_input_blocks_5.log
2026-03-20 19:06:27,398 [INFO] Log file: QATcode/cache_method/L1_L2_cosine/logs/similarity_model_input_blocks_5.log
2026-03-20 19:06:27,398 [INFO] ==================================================
2026-03-20 19:06:27,398 [INFO] ==================================================
2026-03-20 19:06:27,398 [INFO] Diff-AE EfficientDM Step 7 : 生成圖片
2026-03-20 19:06:27,398 [INFO] Diff-AE EfficientDM Step 7 : 生成圖片
2026-03-20 19:06:27,398 [INFO] ==================================================
2026-03-20 19:06:27,398 [INFO] ==================================================
2026-03-20 19:06:27,398 [INFO] 使用設備: cuda
2026-03-20 19:06:27,398 [INFO] === 新功能狀態 ===
2026-03-20 19:06:27,398 [INFO] 載入 Diff-AE 模型: checkpoints/ffhq128_autoenc_latent/last.ckpt
2026-03-20 19:06:27,398 [INFO] 使用設備: cuda
2026-03-20 19:06:27,398 [INFO] === 新功能狀態 ===
2026-03-20 19:06:27,398 [INFO] 載入 Diff-AE 模型: checkpoints/ffhq128_autoenc_latent/last.ckpt
Global seed set to 0
2026-03-20 19:06:29,242 [INFO] Diff-AE 模型載入完成
2026-03-20 19:06:29,242 [INFO] Diff-AE 模型載入完成
2026-03-20 19:06:29,290 [INFO] 執行 'load_diffae_model' 完成，耗時: 1.89 秒
2026-03-20 19:06:29,290 [INFO] 執行 'load_diffae_model' 完成，耗時: 1.89 秒
2026-03-20 19:06:29,291 [INFO] ✅ Diff-AE 模型載入成功
2026-03-20 19:06:29,291 [INFO] ✅ Diff-AE 模型載入成功
2026-03-20 19:06:29,291 [INFO] base_model.conf.train_mode: TrainMode.latent_diffusion
2026-03-20 19:06:29,291 [INFO] base_model.conf.train_mode: TrainMode.latent_diffusion
2026-03-20 19:06:29,291 [INFO] === 創建 LoRA 量化模型 ===
2026-03-20 19:06:29,291 [INFO] === 創建 LoRA 量化模型 ===
2026-03-20 19:06:29,291 [INFO] === 開始 UNet LoRA 量化改造 ===
2026-03-20 19:06:29,291 [INFO] === 開始 UNet LoRA 量化改造 ===
2026-03-20 19:06:29,291 [INFO] 改造模組: time_embed
2026-03-20 19:06:29,291 [INFO] 改造模組: time_embed
2026-03-20 19:06:29,291 [INFO]   跳過量化特殊模組: 0
2026-03-20 19:06:29,291 [INFO]   跳過量化特殊模組: 0
2026-03-20 19:06:29,291 [INFO]   跳過量化特殊模組: 2
2026-03-20 19:06:29,291 [INFO]   跳過量化特殊模組: 2
2026-03-20 19:06:29,291 [INFO] 改造模組: input_blocks
2026-03-20 19:06:29,291 [INFO] 改造模組: input_blocks
2026-03-20 19:06:29,291 [INFO]   跳過量化特殊模組: 0
2026-03-20 19:06:29,291 [INFO]   跳過量化特殊模組: 0
2026-03-20 19:06:29,291 [INFO]   替換層 2 -> QuantModule_DiffAE_LoRA
2026-03-20 19:06:29,291 [INFO]   替換層 2 -> QuantModule_DiffAE_LoRA
2026-03-20 19:06:29,354 [INFO]   替換層 1 -> QuantModule_DiffAE_LoRA
2026-03-20 19:06:29,354 [INFO]   替換層 1 -> QuantModule_DiffAE_LoRA
2026-03-20 19:06:29,354 [INFO]   替換層 1 -> QuantModule_DiffAE_LoRA
2026-03-20 19:06:29,354 [INFO]   替換層 1 -> QuantModule_DiffAE_LoRA
2026-03-20 19:06:29,355 [INFO]   替換層 3 -> QuantModule_DiffAE_LoRA
2026-03-20 19:06:29,355 [INFO]   替換層 3 -> QuantModule_DiffAE_LoRA
2026-03-20 19:06:29,356 [INFO]   替換層 2 -> QuantModule_DiffAE_LoRA
2026-03-20 19:06:29,356 [INFO]   替換層 2 -> QuantModule_DiffAE_LoRA
2026-03-20 19:06:29,357 [INFO]   替換層 1 -> QuantModule_DiffAE_LoRA
2026-03-20 19:06:29,357 [INFO]   替換層 1 -> QuantModule_DiffAE_LoRA
2026-03-20 19:06:29,357 [INFO]   替換層 1 -> QuantModule_DiffAE_LoRA
2026-03-20 19:06:29,357 [INFO]   替換層 1 -> QuantModule_DiffAE_LoRA
2026-03-20 19:06:29,358 [INFO]   替換層 3 -> QuantModule_DiffAE_LoRA
2026-03-20 19:06:29,358 [INFO]   替換層 3 -> QuantModule_DiffAE_LoRA
2026-03-20 19:06:29,359 [INFO]   替換層 2 -> QuantModule_DiffAE_LoRA
2026-03-20 19:06:29,359 [INFO]   替換層 2 -> QuantModule_DiffAE_LoRA
2026-03-20 19:06:29,359 [INFO]   替換層 1 -> QuantModule_DiffAE_LoRA
2026-03-20 19:06:29,359 [INFO]   替換層 1 -> QuantModule_DiffAE_LoRA
2026-03-20 19:06:29,360 [INFO]   替換層 1 -> QuantModule_DiffAE_LoRA
2026-03-20 19:06:29,360 [INFO]   替換層 1 -> QuantModule_DiffAE_LoRA
2026-03-20 19:06:29,361 [INFO]   替換層 3 -> QuantModule_DiffAE_LoRA
2026-03-20 19:06:29,361 [INFO]   替換層 3 -> QuantModule_DiffAE_LoRA
2026-03-20 19:06:29,362 [INFO]   替換層 2 -> QuantModule_DiffAE_LoRA
2026-03-20 19:06:29,362 [INFO]   替換層 2 -> QuantModule_DiffAE_LoRA
2026-03-20 19:06:29,362 [INFO]   替換層 1 -> QuantModule_DiffAE_LoRA
2026-03-20 19:06:29,362 [INFO]   替換層 1 -> QuantModule_DiffAE_LoRA
2026-03-20 19:06:29,363 [INFO]   替換層 1 -> QuantModule_DiffAE_LoRA
2026-03-20 19:06:29,363 [INFO]   替換層 1 -> QuantModule_DiffAE_LoRA
2026-03-20 19:06:29,364 [INFO]   替換層 3 -> QuantModule_DiffAE_LoRA
2026-03-20 19:06:29,364 [INFO]   替換層 3 -> QuantModule_DiffAE_LoRA
2026-03-20 19:06:29,364 [INFO]   替換層 2 -> QuantModule_DiffAE_LoRA
2026-03-20 19:06:29,364 [INFO]   替換層 2 -> QuantModule_DiffAE_LoRA
2026-03-20 19:06:29,365 [INFO]   替換層 1 -> QuantModule_DiffAE_LoRA
2026-03-20 19:06:29,365 [INFO]   替換層 1 -> QuantModule_DiffAE_LoRA
2026-03-20 19:06:29,366 [INFO]   替換層 1 -> QuantModule_DiffAE_LoRA
2026-03-20 19:06:29,366 [INFO]   替換層 1 -> QuantModule_DiffAE_LoRA
2026-03-20 19:06:29,366 [INFO]   替換層 3 -> QuantModule_DiffAE_LoRA
2026-03-20 19:06:29,366 [INFO]   替換層 3 -> QuantModule_DiffAE_LoRA
2026-03-20 19:06:29,367 [INFO]   替換層 2 -> QuantModule_DiffAE_LoRA
2026-03-20 19:06:29,367 [INFO]   替換層 2 -> QuantModule_DiffAE_LoRA
2026-03-20 19:06:29,368 [INFO]   替換層 1 -> QuantModule_DiffAE_LoRA
2026-03-20 19:06:29,368 [INFO]   替換層 1 -> QuantModule_DiffAE_LoRA
2026-03-20 19:06:29,369 [INFO]   替換層 1 -> QuantModule_DiffAE_LoRA
2026-03-20 19:06:29,369 [INFO]   替換層 1 -> QuantModule_DiffAE_LoRA
2026-03-20 19:06:29,369 [INFO]   替換層 3 -> QuantModule_DiffAE_LoRA
2026-03-20 19:06:29,369 [INFO]   替換層 3 -> QuantModule_DiffAE_LoRA
2026-03-20 19:06:29,370 [INFO]   替換層 2 -> QuantModule_DiffAE_LoRA
2026-03-20 19:06:29,370 [INFO]   替換層 2 -> QuantModule_DiffAE_LoRA
2026-03-20 19:06:29,372 [INFO]   替換層 1 -> QuantModule_DiffAE_LoRA
2026-03-20 19:06:29,372 [INFO]   替換層 1 -> QuantModule_DiffAE_LoRA
2026-03-20 19:06:29,373 [INFO]   替換層 1 -> QuantModule_DiffAE_LoRA
2026-03-20 19:06:29,373 [INFO]   替換層 1 -> QuantModule_DiffAE_LoRA
2026-03-20 19:06:29,373 [INFO]   替換層 3 -> QuantModule_DiffAE_LoRA
2026-03-20 19:06:29,373 [INFO]   替換層 3 -> QuantModule_DiffAE_LoRA
2026-03-20 19:06:29,376 [INFO]   跳過量化 skip connection: skip_connection
2026-03-20 19:06:29,376 [INFO]   跳過量化 skip connection: skip_connection
2026-03-20 19:06:29,376 [INFO]   替換層 2 -> QuantModule_DiffAE_LoRA
2026-03-20 19:06:29,376 [INFO]   替換層 2 -> QuantModule_DiffAE_LoRA
2026-03-20 19:06:29,378 [INFO]   替換層 1 -> QuantModule_DiffAE_LoRA
2026-03-20 19:06:29,378 [INFO]   替換層 1 -> QuantModule_DiffAE_LoRA
2026-03-20 19:06:29,379 [INFO]   替換層 1 -> QuantModule_DiffAE_LoRA
2026-03-20 19:06:29,379 [INFO]   替換層 1 -> QuantModule_DiffAE_LoRA
2026-03-20 19:06:29,380 [INFO]   替換層 3 -> QuantModule_DiffAE_LoRA
2026-03-20 19:06:29,380 [INFO]   替換層 3 -> QuantModule_DiffAE_LoRA
2026-03-20 19:06:29,382 [INFO]   替換層 2 -> QuantModule_DiffAE_LoRA
2026-03-20 19:06:29,382 [INFO]   替換層 2 -> QuantModule_DiffAE_LoRA
2026-03-20 19:06:29,383 [INFO]   替換層 1 -> QuantModule_DiffAE_LoRA
2026-03-20 19:06:29,383 [INFO]   替換層 1 -> QuantModule_DiffAE_LoRA
2026-03-20 19:06:29,385 [INFO]   替換層 1 -> QuantModule_DiffAE_LoRA
2026-03-20 19:06:29,385 [INFO]   替換層 1 -> QuantModule_DiffAE_LoRA
2026-03-20 19:06:29,385 [INFO]   替換層 3 -> QuantModule_DiffAE_LoRA
2026-03-20 19:06:29,385 [INFO]   替換層 3 -> QuantModule_DiffAE_LoRA
2026-03-20 19:06:29,387 [INFO]   替換層 2 -> QuantModule_DiffAE_LoRA
2026-03-20 19:06:29,387 [INFO]   替換層 2 -> QuantModule_DiffAE_LoRA
2026-03-20 19:06:29,390 [INFO]   替換層 1 -> QuantModule_DiffAE_LoRA
2026-03-20 19:06:29,390 [INFO]   替換層 1 -> QuantModule_DiffAE_LoRA
2026-03-20 19:06:29,392 [INFO]   替換層 1 -> QuantModule_DiffAE_LoRA
2026-03-20 19:06:29,392 [INFO]   替換層 1 -> QuantModule_DiffAE_LoRA
2026-03-20 19:06:29,392 [INFO]   替換層 3 -> QuantModule_DiffAE_LoRA
2026-03-20 19:06:29,392 [INFO]   替換層 3 -> QuantModule_DiffAE_LoRA
2026-03-20 19:06:29,396 [INFO]   跳過量化 skip connection: skip_connection
2026-03-20 19:06:29,396 [INFO]   跳過量化 skip connection: skip_connection
2026-03-20 19:06:29,397 [INFO]   替換層 2 -> QuantModule_DiffAE_LoRA
2026-03-20 19:06:29,397 [INFO]   替換層 2 -> QuantModule_DiffAE_LoRA
2026-03-20 19:06:29,402 [INFO]   替換層 1 -> QuantModule_DiffAE_LoRA
2026-03-20 19:06:29,402 [INFO]   替換層 1 -> QuantModule_DiffAE_LoRA
2026-03-20 19:06:29,403 [INFO]   替換層 1 -> QuantModule_DiffAE_LoRA
2026-03-20 19:06:29,403 [INFO]   替換層 1 -> QuantModule_DiffAE_LoRA
2026-03-20 19:06:29,404 [INFO]   替換層 3 -> QuantModule_DiffAE_LoRA
2026-03-20 19:06:29,404 [INFO]   替換層 3 -> QuantModule_DiffAE_LoRA
2026-03-20 19:06:29,409 [INFO]   替換層 2 -> QuantModule_DiffAE_LoRA
2026-03-20 19:06:29,409 [INFO]   替換層 2 -> QuantModule_DiffAE_LoRA
2026-03-20 19:06:29,415 [INFO]   替換層 1 -> QuantModule_DiffAE_LoRA
2026-03-20 19:06:29,415 [INFO]   替換層 1 -> QuantModule_DiffAE_LoRA
2026-03-20 19:06:29,419 [INFO]   替換層 1 -> QuantModule_DiffAE_LoRA
2026-03-20 19:06:29,419 [INFO]   替換層 1 -> QuantModule_DiffAE_LoRA
2026-03-20 19:06:29,420 [INFO]   替換層 3 -> QuantModule_DiffAE_LoRA
2026-03-20 19:06:29,420 [INFO]   替換層 3 -> QuantModule_DiffAE_LoRA
2026-03-20 19:06:29,426 [INFO]   替換層 2 -> QuantModule_DiffAE_LoRA
2026-03-20 19:06:29,426 [INFO]   替換層 2 -> QuantModule_DiffAE_LoRA
2026-03-20 19:06:29,432 [INFO]   替換層 1 -> QuantModule_DiffAE_LoRA
2026-03-20 19:06:29,432 [INFO]   替換層 1 -> QuantModule_DiffAE_LoRA
2026-03-20 19:06:29,434 [INFO]   替換層 1 -> QuantModule_DiffAE_LoRA
2026-03-20 19:06:29,434 [INFO]   替換層 1 -> QuantModule_DiffAE_LoRA
2026-03-20 19:06:29,435 [INFO]   替換層 3 -> QuantModule_DiffAE_LoRA
2026-03-20 19:06:29,435 [INFO]   替換層 3 -> QuantModule_DiffAE_LoRA
2026-03-20 19:06:29,442 [INFO]   跳過量化 skip connection: skip_connection
2026-03-20 19:06:29,442 [INFO]   跳過量化 skip connection: skip_connection
2026-03-20 19:06:29,442 [INFO]   替換層 2 -> QuantModule_DiffAE_LoRA
2026-03-20 19:06:29,442 [INFO]   替換層 2 -> QuantModule_DiffAE_LoRA
2026-03-20 19:06:29,451 [INFO]   替換層 1 -> QuantModule_DiffAE_LoRA
2026-03-20 19:06:29,451 [INFO]   替換層 1 -> QuantModule_DiffAE_LoRA
2026-03-20 19:06:29,453 [INFO]   替換層 1 -> QuantModule_DiffAE_LoRA
2026-03-20 19:06:29,453 [INFO]   替換層 1 -> QuantModule_DiffAE_LoRA
2026-03-20 19:06:29,454 [INFO]   替換層 3 -> QuantModule_DiffAE_LoRA
2026-03-20 19:06:29,454 [INFO]   替換層 3 -> QuantModule_DiffAE_LoRA
2026-03-20 19:06:29,461 [INFO] 改造模組: middle_block
2026-03-20 19:06:29,461 [INFO] 改造模組: middle_block
2026-03-20 19:06:29,461 [INFO]   替換層 2 -> QuantModule_DiffAE_LoRA
2026-03-20 19:06:29,461 [INFO]   替換層 2 -> QuantModule_DiffAE_LoRA
2026-03-20 19:06:29,472 [INFO]   替換層 1 -> QuantModule_DiffAE_LoRA
2026-03-20 19:06:29,472 [INFO]   替換層 1 -> QuantModule_DiffAE_LoRA
2026-03-20 19:06:29,474 [INFO]   替換層 1 -> QuantModule_DiffAE_LoRA
2026-03-20 19:06:29,474 [INFO]   替換層 1 -> QuantModule_DiffAE_LoRA
2026-03-20 19:06:29,475 [INFO]   替換層 3 -> QuantModule_DiffAE_LoRA
2026-03-20 19:06:29,475 [INFO]   替換層 3 -> QuantModule_DiffAE_LoRA
2026-03-20 19:06:29,482 [INFO]   替換層 2 -> QuantModule_DiffAE_LoRA
2026-03-20 19:06:29,482 [INFO]   替換層 2 -> QuantModule_DiffAE_LoRA
2026-03-20 19:06:29,489 [INFO]   替換層 1 -> QuantModule_DiffAE_LoRA
2026-03-20 19:06:29,489 [INFO]   替換層 1 -> QuantModule_DiffAE_LoRA
2026-03-20 19:06:29,491 [INFO]   替換層 1 -> QuantModule_DiffAE_LoRA
2026-03-20 19:06:29,491 [INFO]   替換層 1 -> QuantModule_DiffAE_LoRA
2026-03-20 19:06:29,492 [INFO]   替換層 3 -> QuantModule_DiffAE_LoRA
2026-03-20 19:06:29,492 [INFO]   替換層 3 -> QuantModule_DiffAE_LoRA
2026-03-20 19:06:29,500 [INFO] 改造模組: output_blocks
2026-03-20 19:06:29,500 [INFO] 改造模組: output_blocks
2026-03-20 19:06:29,500 [INFO]   替換層 2 -> QuantModule_DiffAE_LoRA
2026-03-20 19:06:29,500 [INFO]   替換層 2 -> QuantModule_DiffAE_LoRA
2026-03-20 19:06:29,513 [INFO]   替換層 1 -> QuantModule_DiffAE_LoRA
2026-03-20 19:06:29,513 [INFO]   替換層 1 -> QuantModule_DiffAE_LoRA
2026-03-20 19:06:29,516 [INFO]   替換層 1 -> QuantModule_DiffAE_LoRA
2026-03-20 19:06:29,516 [INFO]   替換層 1 -> QuantModule_DiffAE_LoRA
2026-03-20 19:06:29,517 [INFO]   替換層 3 -> QuantModule_DiffAE_LoRA
2026-03-20 19:06:29,517 [INFO]   替換層 3 -> QuantModule_DiffAE_LoRA
2026-03-20 19:06:29,525 [INFO]   跳過量化 skip connection: skip_connection
2026-03-20 19:06:29,525 [INFO]   跳過量化 skip connection: skip_connection
2026-03-20 19:06:29,525 [INFO]   替換層 2 -> QuantModule_DiffAE_LoRA
2026-03-20 19:06:29,525 [INFO]   替換層 2 -> QuantModule_DiffAE_LoRA
2026-03-20 19:06:29,539 [INFO]   替換層 1 -> QuantModule_DiffAE_LoRA
2026-03-20 19:06:29,539 [INFO]   替換層 1 -> QuantModule_DiffAE_LoRA
2026-03-20 19:06:29,541 [INFO]   替換層 1 -> QuantModule_DiffAE_LoRA
2026-03-20 19:06:29,541 [INFO]   替換層 1 -> QuantModule_DiffAE_LoRA
2026-03-20 19:06:29,542 [INFO]   替換層 3 -> QuantModule_DiffAE_LoRA
2026-03-20 19:06:29,542 [INFO]   替換層 3 -> QuantModule_DiffAE_LoRA
2026-03-20 19:06:29,550 [INFO]   跳過量化 skip connection: skip_connection
2026-03-20 19:06:29,550 [INFO]   跳過量化 skip connection: skip_connection
2026-03-20 19:06:29,550 [INFO]   替換層 2 -> QuantModule_DiffAE_LoRA
2026-03-20 19:06:29,550 [INFO]   替換層 2 -> QuantModule_DiffAE_LoRA
2026-03-20 19:06:29,562 [INFO]   替換層 1 -> QuantModule_DiffAE_LoRA
2026-03-20 19:06:29,562 [INFO]   替換層 1 -> QuantModule_DiffAE_LoRA
2026-03-20 19:06:29,565 [INFO]   替換層 1 -> QuantModule_DiffAE_LoRA
2026-03-20 19:06:29,565 [INFO]   替換層 1 -> QuantModule_DiffAE_LoRA
2026-03-20 19:06:29,566 [INFO]   替換層 3 -> QuantModule_DiffAE_LoRA
2026-03-20 19:06:29,566 [INFO]   替換層 3 -> QuantModule_DiffAE_LoRA
2026-03-20 19:06:29,573 [INFO]   跳過量化 skip connection: skip_connection
2026-03-20 19:06:29,573 [INFO]   跳過量化 skip connection: skip_connection
2026-03-20 19:06:29,573 [INFO]   替換層 2 -> QuantModule_DiffAE_LoRA
2026-03-20 19:06:29,573 [INFO]   替換層 2 -> QuantModule_DiffAE_LoRA
2026-03-20 19:06:29,580 [INFO]   替換層 1 -> QuantModule_DiffAE_LoRA
2026-03-20 19:06:29,580 [INFO]   替換層 1 -> QuantModule_DiffAE_LoRA
2026-03-20 19:06:29,582 [INFO]   替換層 1 -> QuantModule_DiffAE_LoRA
2026-03-20 19:06:29,582 [INFO]   替換層 1 -> QuantModule_DiffAE_LoRA
2026-03-20 19:06:29,583 [INFO]   替換層 3 -> QuantModule_DiffAE_LoRA
2026-03-20 19:06:29,583 [INFO]   替換層 3 -> QuantModule_DiffAE_LoRA
2026-03-20 19:06:29,590 [INFO]   替換層 2 -> QuantModule_DiffAE_LoRA
2026-03-20 19:06:29,590 [INFO]   替換層 2 -> QuantModule_DiffAE_LoRA
2026-03-20 19:06:29,599 [INFO]   替換層 1 -> QuantModule_DiffAE_LoRA
2026-03-20 19:06:29,599 [INFO]   替換層 1 -> QuantModule_DiffAE_LoRA
2026-03-20 19:06:29,601 [INFO]   替換層 1 -> QuantModule_DiffAE_LoRA
2026-03-20 19:06:29,601 [INFO]   替換層 1 -> QuantModule_DiffAE_LoRA
2026-03-20 19:06:29,602 [INFO]   替換層 3 -> QuantModule_DiffAE_LoRA
2026-03-20 19:06:29,602 [INFO]   替換層 3 -> QuantModule_DiffAE_LoRA
2026-03-20 19:06:29,606 [INFO]   跳過量化 skip connection: skip_connection
2026-03-20 19:06:29,606 [INFO]   跳過量化 skip connection: skip_connection
2026-03-20 19:06:29,606 [INFO]   替換層 2 -> QuantModule_DiffAE_LoRA
2026-03-20 19:06:29,606 [INFO]   替換層 2 -> QuantModule_DiffAE_LoRA
2026-03-20 19:06:29,613 [INFO]   替換層 1 -> QuantModule_DiffAE_LoRA
2026-03-20 19:06:29,613 [INFO]   替換層 1 -> QuantModule_DiffAE_LoRA
2026-03-20 19:06:29,615 [INFO]   替換層 1 -> QuantModule_DiffAE_LoRA
2026-03-20 19:06:29,615 [INFO]   替換層 1 -> QuantModule_DiffAE_LoRA
2026-03-20 19:06:29,616 [INFO]   替換層 3 -> QuantModule_DiffAE_LoRA
2026-03-20 19:06:29,616 [INFO]   替換層 3 -> QuantModule_DiffAE_LoRA
2026-03-20 19:06:29,621 [INFO]   跳過量化 skip connection: skip_connection
2026-03-20 19:06:29,621 [INFO]   跳過量化 skip connection: skip_connection
2026-03-20 19:06:29,621 [INFO]   替換層 2 -> QuantModule_DiffAE_LoRA
2026-03-20 19:06:29,621 [INFO]   替換層 2 -> QuantModule_DiffAE_LoRA
2026-03-20 19:06:29,628 [INFO]   替換層 1 -> QuantModule_DiffAE_LoRA
2026-03-20 19:06:29,628 [INFO]   替換層 1 -> QuantModule_DiffAE_LoRA
2026-03-20 19:06:29,629 [INFO]   替換層 1 -> QuantModule_DiffAE_LoRA
2026-03-20 19:06:29,629 [INFO]   替換層 1 -> QuantModule_DiffAE_LoRA
2026-03-20 19:06:29,630 [INFO]   替換層 3 -> QuantModule_DiffAE_LoRA
2026-03-20 19:06:29,630 [INFO]   替換層 3 -> QuantModule_DiffAE_LoRA
2026-03-20 19:06:29,634 [INFO]   跳過量化 skip connection: skip_connection
2026-03-20 19:06:29,634 [INFO]   跳過量化 skip connection: skip_connection
2026-03-20 19:06:29,634 [INFO]   替換層 2 -> QuantModule_DiffAE_LoRA
2026-03-20 19:06:29,634 [INFO]   替換層 2 -> QuantModule_DiffAE_LoRA
2026-03-20 19:06:29,638 [INFO]   替換層 1 -> QuantModule_DiffAE_LoRA
2026-03-20 19:06:29,638 [INFO]   替換層 1 -> QuantModule_DiffAE_LoRA
2026-03-20 19:06:29,640 [INFO]   替換層 1 -> QuantModule_DiffAE_LoRA
2026-03-20 19:06:29,640 [INFO]   替換層 1 -> QuantModule_DiffAE_LoRA
2026-03-20 19:06:29,641 [INFO]   替換層 3 -> QuantModule_DiffAE_LoRA
2026-03-20 19:06:29,641 [INFO]   替換層 3 -> QuantModule_DiffAE_LoRA
2026-03-20 19:06:29,645 [INFO]   替換層 2 -> QuantModule_DiffAE_LoRA
2026-03-20 19:06:29,645 [INFO]   替換層 2 -> QuantModule_DiffAE_LoRA
2026-03-20 19:06:29,650 [INFO]   替換層 1 -> QuantModule_DiffAE_LoRA
2026-03-20 19:06:29,650 [INFO]   替換層 1 -> QuantModule_DiffAE_LoRA
2026-03-20 19:06:29,652 [INFO]   替換層 1 -> QuantModule_DiffAE_LoRA
2026-03-20 19:06:29,652 [INFO]   替換層 1 -> QuantModule_DiffAE_LoRA
2026-03-20 19:06:29,652 [INFO]   替換層 3 -> QuantModule_DiffAE_LoRA
2026-03-20 19:06:29,652 [INFO]   替換層 3 -> QuantModule_DiffAE_LoRA
2026-03-20 19:06:29,655 [INFO]   跳過量化 skip connection: skip_connection
2026-03-20 19:06:29,655 [INFO]   跳過量化 skip connection: skip_connection
2026-03-20 19:06:29,655 [INFO]   替換層 2 -> QuantModule_DiffAE_LoRA
2026-03-20 19:06:29,655 [INFO]   替換層 2 -> QuantModule_DiffAE_LoRA
2026-03-20 19:06:29,659 [INFO]   替換層 1 -> QuantModule_DiffAE_LoRA
2026-03-20 19:06:29,659 [INFO]   替換層 1 -> QuantModule_DiffAE_LoRA
2026-03-20 19:06:29,660 [INFO]   替換層 1 -> QuantModule_DiffAE_LoRA
2026-03-20 19:06:29,660 [INFO]   替換層 1 -> QuantModule_DiffAE_LoRA
2026-03-20 19:06:29,661 [INFO]   替換層 3 -> QuantModule_DiffAE_LoRA
2026-03-20 19:06:29,661 [INFO]   替換層 3 -> QuantModule_DiffAE_LoRA
2026-03-20 19:06:29,663 [INFO]   跳過量化 skip connection: skip_connection
2026-03-20 19:06:29,663 [INFO]   跳過量化 skip connection: skip_connection
2026-03-20 19:06:29,663 [INFO]   替換層 2 -> QuantModule_DiffAE_LoRA
2026-03-20 19:06:29,663 [INFO]   替換層 2 -> QuantModule_DiffAE_LoRA
2026-03-20 19:06:29,666 [INFO]   替換層 1 -> QuantModule_DiffAE_LoRA
2026-03-20 19:06:29,666 [INFO]   替換層 1 -> QuantModule_DiffAE_LoRA
2026-03-20 19:06:29,667 [INFO]   替換層 1 -> QuantModule_DiffAE_LoRA
2026-03-20 19:06:29,667 [INFO]   替換層 1 -> QuantModule_DiffAE_LoRA
2026-03-20 19:06:29,668 [INFO]   替換層 3 -> QuantModule_DiffAE_LoRA
2026-03-20 19:06:29,668 [INFO]   替換層 3 -> QuantModule_DiffAE_LoRA
2026-03-20 19:06:29,670 [INFO]   跳過量化 skip connection: skip_connection
2026-03-20 19:06:29,670 [INFO]   跳過量化 skip connection: skip_connection
2026-03-20 19:06:29,670 [INFO]   替換層 2 -> QuantModule_DiffAE_LoRA
2026-03-20 19:06:29,670 [INFO]   替換層 2 -> QuantModule_DiffAE_LoRA
2026-03-20 19:06:29,672 [INFO]   替換層 1 -> QuantModule_DiffAE_LoRA
2026-03-20 19:06:29,672 [INFO]   替換層 1 -> QuantModule_DiffAE_LoRA
2026-03-20 19:06:29,673 [INFO]   替換層 1 -> QuantModule_DiffAE_LoRA
2026-03-20 19:06:29,673 [INFO]   替換層 1 -> QuantModule_DiffAE_LoRA
2026-03-20 19:06:29,674 [INFO]   替換層 3 -> QuantModule_DiffAE_LoRA
2026-03-20 19:06:29,674 [INFO]   替換層 3 -> QuantModule_DiffAE_LoRA
2026-03-20 19:06:29,676 [INFO]   替換層 2 -> QuantModule_DiffAE_LoRA
2026-03-20 19:06:29,676 [INFO]   替換層 2 -> QuantModule_DiffAE_LoRA
2026-03-20 19:06:29,678 [INFO]   替換層 1 -> QuantModule_DiffAE_LoRA
2026-03-20 19:06:29,678 [INFO]   替換層 1 -> QuantModule_DiffAE_LoRA
2026-03-20 19:06:29,679 [INFO]   替換層 1 -> QuantModule_DiffAE_LoRA
2026-03-20 19:06:29,679 [INFO]   替換層 1 -> QuantModule_DiffAE_LoRA
2026-03-20 19:06:29,679 [INFO]   替換層 3 -> QuantModule_DiffAE_LoRA
2026-03-20 19:06:29,679 [INFO]   替換層 3 -> QuantModule_DiffAE_LoRA
2026-03-20 19:06:29,680 [INFO]   跳過量化 skip connection: skip_connection
2026-03-20 19:06:29,680 [INFO]   跳過量化 skip connection: skip_connection
2026-03-20 19:06:29,680 [INFO]   替換層 2 -> QuantModule_DiffAE_LoRA
2026-03-20 19:06:29,680 [INFO]   替換層 2 -> QuantModule_DiffAE_LoRA
2026-03-20 19:06:29,681 [INFO]   替換層 1 -> QuantModule_DiffAE_LoRA
2026-03-20 19:06:29,681 [INFO]   替換層 1 -> QuantModule_DiffAE_LoRA
2026-03-20 19:06:29,682 [INFO]   替換層 1 -> QuantModule_DiffAE_LoRA
2026-03-20 19:06:29,682 [INFO]   替換層 1 -> QuantModule_DiffAE_LoRA
2026-03-20 19:06:29,683 [INFO]   替換層 3 -> QuantModule_DiffAE_LoRA
2026-03-20 19:06:29,683 [INFO]   替換層 3 -> QuantModule_DiffAE_LoRA
2026-03-20 19:06:29,683 [INFO]   跳過量化 skip connection: skip_connection
2026-03-20 19:06:29,683 [INFO]   跳過量化 skip connection: skip_connection
2026-03-20 19:06:29,684 [INFO]   替換層 2 -> QuantModule_DiffAE_LoRA
2026-03-20 19:06:29,684 [INFO]   替換層 2 -> QuantModule_DiffAE_LoRA
2026-03-20 19:06:29,685 [INFO]   替換層 1 -> QuantModule_DiffAE_LoRA
2026-03-20 19:06:29,685 [INFO]   替換層 1 -> QuantModule_DiffAE_LoRA
2026-03-20 19:06:29,685 [INFO]   替換層 1 -> QuantModule_DiffAE_LoRA
2026-03-20 19:06:29,685 [INFO]   替換層 1 -> QuantModule_DiffAE_LoRA
2026-03-20 19:06:29,686 [INFO]   替換層 3 -> QuantModule_DiffAE_LoRA
2026-03-20 19:06:29,686 [INFO]   替換層 3 -> QuantModule_DiffAE_LoRA
2026-03-20 19:06:29,687 [INFO]   跳過量化 skip connection: skip_connection
2026-03-20 19:06:29,687 [INFO]   跳過量化 skip connection: skip_connection
2026-03-20 19:06:29,687 [INFO]   替換層 2 -> QuantModule_DiffAE_LoRA
2026-03-20 19:06:29,687 [INFO]   替換層 2 -> QuantModule_DiffAE_LoRA
2026-03-20 19:06:29,687 [INFO]   替換層 1 -> QuantModule_DiffAE_LoRA
2026-03-20 19:06:29,687 [INFO]   替換層 1 -> QuantModule_DiffAE_LoRA
2026-03-20 19:06:29,688 [INFO]   替換層 1 -> QuantModule_DiffAE_LoRA
2026-03-20 19:06:29,688 [INFO]   替換層 1 -> QuantModule_DiffAE_LoRA
2026-03-20 19:06:29,688 [INFO]   替換層 3 -> QuantModule_DiffAE_LoRA
2026-03-20 19:06:29,688 [INFO]   替換層 3 -> QuantModule_DiffAE_LoRA
2026-03-20 19:06:29,689 [INFO]   替換層 2 -> QuantModule_DiffAE_LoRA
2026-03-20 19:06:29,689 [INFO]   替換層 2 -> QuantModule_DiffAE_LoRA
2026-03-20 19:06:29,690 [INFO]   替換層 1 -> QuantModule_DiffAE_LoRA
2026-03-20 19:06:29,690 [INFO]   替換層 1 -> QuantModule_DiffAE_LoRA
2026-03-20 19:06:29,691 [INFO]   替換層 1 -> QuantModule_DiffAE_LoRA
2026-03-20 19:06:29,691 [INFO]   替換層 1 -> QuantModule_DiffAE_LoRA
2026-03-20 19:06:29,691 [INFO]   替換層 3 -> QuantModule_DiffAE_LoRA
2026-03-20 19:06:29,691 [INFO]   替換層 3 -> QuantModule_DiffAE_LoRA
2026-03-20 19:06:29,692 [INFO]   跳過量化 skip connection: skip_connection
2026-03-20 19:06:29,692 [INFO]   跳過量化 skip connection: skip_connection
2026-03-20 19:06:29,692 [INFO]   替換層 2 -> QuantModule_DiffAE_LoRA
2026-03-20 19:06:29,692 [INFO]   替換層 2 -> QuantModule_DiffAE_LoRA
2026-03-20 19:06:29,694 [INFO]   替換層 1 -> QuantModule_DiffAE_LoRA
2026-03-20 19:06:29,694 [INFO]   替換層 1 -> QuantModule_DiffAE_LoRA
2026-03-20 19:06:29,694 [INFO]   替換層 1 -> QuantModule_DiffAE_LoRA
2026-03-20 19:06:29,694 [INFO]   替換層 1 -> QuantModule_DiffAE_LoRA
2026-03-20 19:06:29,695 [INFO]   替換層 3 -> QuantModule_DiffAE_LoRA
2026-03-20 19:06:29,695 [INFO]   替換層 3 -> QuantModule_DiffAE_LoRA
2026-03-20 19:06:29,696 [INFO]   跳過量化 skip connection: skip_connection
2026-03-20 19:06:29,696 [INFO]   跳過量化 skip connection: skip_connection
2026-03-20 19:06:29,696 [INFO]   替換層 2 -> QuantModule_DiffAE_LoRA
2026-03-20 19:06:29,696 [INFO]   替換層 2 -> QuantModule_DiffAE_LoRA
2026-03-20 19:06:29,697 [INFO]   替換層 1 -> QuantModule_DiffAE_LoRA
2026-03-20 19:06:29,697 [INFO]   替換層 1 -> QuantModule_DiffAE_LoRA
2026-03-20 19:06:29,698 [INFO]   替換層 1 -> QuantModule_DiffAE_LoRA
2026-03-20 19:06:29,698 [INFO]   替換層 1 -> QuantModule_DiffAE_LoRA
2026-03-20 19:06:29,698 [INFO]   替換層 3 -> QuantModule_DiffAE_LoRA
2026-03-20 19:06:29,698 [INFO]   替換層 3 -> QuantModule_DiffAE_LoRA
2026-03-20 19:06:29,699 [INFO]   跳過量化 skip connection: skip_connection
2026-03-20 19:06:29,699 [INFO]   跳過量化 skip connection: skip_connection
2026-03-20 19:06:29,699 [INFO] 改造模組: out
2026-03-20 19:06:29,699 [INFO] 改造模組: out
2026-03-20 19:06:29,699 [INFO]   跳過量化特殊模組: 2
2026-03-20 19:06:29,699 [INFO]   跳過量化特殊模組: 2
2026-03-20 19:06:29,702 [INFO] 執行 'create_float_quantized_model' 完成，耗時: 0.41 秒
2026-03-20 19:06:29,702 [INFO] 執行 'create_float_quantized_model' 完成，耗時: 0.41 秒
2026-03-20 19:06:29,791 [INFO] 載入校準資料...
2026-03-20 19:06:29,791 [INFO] 載入校準資料...
2026-03-20 19:06:30,016 [INFO] ✅ 載入真實校準資料成功
2026-03-20 19:06:30,016 [INFO] ✅ 載入真實校準資料成功
2026-03-20 19:06:30,018 [INFO] ==================================================
2026-03-20 19:06:30,018 [INFO] ==================================================
2026-03-20 19:06:30,018 [INFO] 5. Setting first and last layers to 8-bit...
2026-03-20 19:06:30,018 [INFO] 5. Setting first and last layers to 8-bit...
2026-03-20 19:06:30,020 [INFO] 找到 144 個量化模組
2026-03-20 19:06:30,020 [INFO] 找到 144 個量化模組
2026-03-20 19:06:30,020 [INFO] ✅ 首尾層 8-bit 設定完成
2026-03-20 19:06:30,020 [INFO] ✅ 首尾層 8-bit 設定完成
2026-03-20 19:06:30,020 [INFO] ✅ 量化模型創建成功
2026-03-20 19:06:30,020 [INFO] ✅ 量化模型創建成功
2026-03-20 19:06:30,020 [INFO] set quant state to True, True for layer 1
2026-03-20 19:06:30,020 [INFO] set quant state to True, True for layer 1
2026-03-20 19:06:30,020 [INFO] set quant state to True, True for layer 2
2026-03-20 19:06:30,020 [INFO] set quant state to True, True for layer 2
2026-03-20 19:06:30,020 [INFO] set quant state to True, False for layer 3
2026-03-20 19:06:30,020 [INFO] set quant state to True, False for layer 3
2026-03-20 19:06:30,021 [INFO] set quant state to True, True for layer 144
2026-03-20 19:06:30,021 [INFO] set quant state to True, True for layer 144
2026-03-20 19:06:30,948 [INFO] EMA(load from ema_model.model.*): provided=1822 effective_loaded=1822 missing=280 unexpected=0
2026-03-20 19:06:30,948 [INFO] EMA(load from ema_model.model.*): provided=1822 effective_loaded=1822 missing=280 unexpected=0
2026-03-20 19:06:30,948 [WARNING] EMA missing keys (前10): ['model.input_blocks.1.0.in_layers.2.intn_dequantizer.delta', 'model.input_blocks.1.0.in_layers.2.intn_dequantizer.zero_point', 'model.input_blocks.1.0.emb_layers.1.intn_dequantizer.delta', 'model.input_blocks.1.0.emb_layers.1.intn_dequantizer.zero_point', 'model.input_blocks.1.0.cond_emb_layers.1.intn_dequantizer.delta', 'model.input_blocks.1.0.cond_emb_layers.1.intn_dequantizer.zero_point', 'model.input_blocks.1.0.out_layers.3.intn_dequantizer.delta', 'model.input_blocks.1.0.out_layers.3.intn_dequantizer.zero_point', 'model.input_blocks.2.0.in_layers.2.intn_dequantizer.delta', 'model.input_blocks.2.0.in_layers.2.intn_dequantizer.zero_point']
2026-03-20 19:06:30,948 [WARNING] EMA missing keys (前10): ['model.input_blocks.1.0.in_layers.2.intn_dequantizer.delta', 'model.input_blocks.1.0.in_layers.2.intn_dequantizer.zero_point', 'model.input_blocks.1.0.emb_layers.1.intn_dequantizer.delta', 'model.input_blocks.1.0.emb_layers.1.intn_dequantizer.zero_point', 'model.input_blocks.1.0.cond_emb_layers.1.intn_dequantizer.delta', 'model.input_blocks.1.0.cond_emb_layers.1.intn_dequantizer.zero_point', 'model.input_blocks.1.0.out_layers.3.intn_dequantizer.delta', 'model.input_blocks.1.0.out_layers.3.intn_dequantizer.zero_point', 'model.input_blocks.2.0.in_layers.2.intn_dequantizer.delta', 'model.input_blocks.2.0.in_layers.2.intn_dequantizer.zero_point']
2026-03-20 19:06:31,004 [INFO] MODEL(load from model.model.*): provided=1822 effective_loaded=1822 missing=280 unexpected=0
2026-03-20 19:06:31,004 [INFO] MODEL(load from model.model.*): provided=1822 effective_loaded=1822 missing=280 unexpected=0
2026-03-20 19:06:31,005 [INFO] ✅ 量化模型載入成功
2026-03-20 19:06:31,005 [INFO] ✅ 量化模型載入成功
2026-03-20 19:06:31,005 [INFO] === 初始化新功能模組 ===
2026-03-20 19:06:31,005 [INFO] === 初始化新功能模組 ===
2026-03-20 19:06:31,033 [INFO] ✅ 基礎模型設定完成
2026-03-20 19:06:31,033 [INFO] ✅ 基礎模型設定完成
2026-03-20 19:06:31,065 [INFO] ==================================================
2026-03-20 19:06:31,065 [INFO] ==================================================
2026-03-20 19:06:31,065 [INFO] 啟用 Similarity Analysis (L1/L2/Cosine)
2026-03-20 19:06:31,065 [INFO] 啟用 Similarity Analysis (L1/L2/Cosine)
2026-03-20 19:06:31,065 [INFO] FID 評估樣本數: 128
2026-03-20 19:06:31,065 [INFO] FID 評估樣本數: 128
2026-03-20 19:06:31,065 [INFO] 實際收集樣本數: 20 (用於加速)
2026-03-20 19:06:31,065 [INFO] 實際收集樣本數: 20 (用於加速)
2026-03-20 19:06:31,065 [INFO] 擴散步數: 100
2026-03-20 19:06:31,065 [INFO] 擴散步數: 100
2026-03-20 19:06:31,065 [INFO] ==================================================
2026-03-20 19:06:31,065 [INFO] ==================================================
2026-03-20 19:06:31,066 [INFO] [Similarity] 註冊 block hook: model.input_blocks.5
2026-03-20 19:06:31,066 [INFO] [Similarity] 註冊 block hook: model.input_blocks.5
2026-03-20 19:06:31,067 [INFO] [Similarity] 註冊 model step hook 完成
2026-03-20 19:06:31,067 [INFO] [Similarity] 註冊 model step hook 完成
Model params: 174.19 M
loading pretrain ... 130M
step: 1019986
loading latent stats ...
local seed: 0
train data: 70001
val data: 70001
on train dataloader start ...
mean: tensor(-0.0606, device='cuda:0') std: tensor(0.0755, device='cuda:0')
generating images:   0%|          | 0/4 [00:00<?, ?it/s]/home/jimmy/diffae/./diffusion/base.py:329: FutureWarning: `torch.cuda.amp.autocast(args...)` is deprecated. Please use `torch.amp.autocast('cuda', args...)` instead.
  with autocast(self.conf.fp16):
2026-03-20 19:06:51,271 [INFO] [Similarity] Batch 0 完成，已收集 20 個樣本
2026-03-20 19:06:51,271 [INFO] [Similarity] Batch 0 完成，已收集 20 個樣本
generating images:  25%|██▌       | 1/4 [00:20<01:01, 20.36s/it]2026-03-20 19:07:11,486 [INFO] [Similarity] Batch 1 完成，已收集 20 個樣本
2026-03-20 19:07:11,486 [INFO] [Similarity] Batch 1 完成，已收集 20 個樣本
generating images:  50%|█████     | 2/4 [00:40<00:40, 20.27s/it]2026-03-20 19:07:31,696 [INFO] [Similarity] Batch 2 完成，已收集 20 個樣本
2026-03-20 19:07:31,696 [INFO] [Similarity] Batch 2 完成，已收集 20 個樣本
generating images:  75%|███████▌  | 3/4 [01:00<00:20, 20.24s/it]2026-03-20 19:07:47,520 [INFO] [Similarity] 已收集 80 个样本，停止数据收集（目标: 80）
2026-03-20 19:07:47,520 [INFO] [Similarity] 已收集 80 个样本，停止数据收集（目标: 80）
2026-03-20 19:07:51,909 [INFO] [Similarity] Batch 3 完成，已收集 20 個樣本
2026-03-20 19:07:51,909 [INFO] [Similarity] Batch 3 完成，已收集 20 個樣本
generating images: 100%|██████████| 4/4 [01:20<00:00, 20.23s/it]generating images: 100%|██████████| 4/4 [01:20<00:00, 20.25s/it]
2026-03-20 19:07:52,056 [INFO] [Similarity] FID@128 100 steps score: 0
2026-03-20 19:07:52,056 [INFO] [Similarity] FID@128 100 steps score: 0
2026-03-20 19:07:52,057 [INFO] [Similarity] model.input_blocks.5 cosine: min=0.094557, max=1.000000, diag_mean=1.000000, off_diag_mean=0.820608, off_diag_std=0.182925
2026-03-20 19:07:52,057 [INFO] [Similarity] model.input_blocks.5 cosine: min=0.094557, max=1.000000, diag_mean=1.000000, off_diag_mean=0.820608, off_diag_std=0.182925
2026-03-20 19:07:53,104 [INFO] ✅ Similarity Analysis 完成
2026-03-20 19:07:53,104 [INFO] ✅ Similarity Analysis 完成
2026-03-20 19:07:53,155 [INFO] 執行 'main_float_model' 完成，耗時: 85.76 秒
2026-03-20 19:07:53,155 [INFO] 執行 'main_float_model' 完成，耗時: 85.76 秒
