/home/jimmy/anaconda3/envs/diffae_bw/lib/python3.10/site-packages/lightning_fabric/__init__.py:41: pkg_resources is deprecated as an API. See https://setuptools.pypa.io/en/latest/pkg_resources.html. The pkg_resources package is slated for removal as early as 2025-11-30. Refrain from using this package or pin to Setuptools<81.
使用自動混合精度: torch.bfloat16
[設定] Log 檔案已設為: QATcode/cache_method/L1_L2_cosine/logs/similarity_model_input_blocks_2.log
2026-01-26 11:53:23,891 [INFO] Using 100 steps
2026-01-26 11:53:23,891 [INFO] Using 50000 evaluation samples
2026-01-26 11:53:23,891 [INFO] Cache enabled: False, method: Res, threshold: 0.1
2026-01-26 11:53:23,891 [INFO] Quantitative analysis enabled: False, samples: 10
2026-01-26 11:53:23,891 [INFO] Log file: QATcode/cache_method/L1_L2_cosine/logs/similarity_model_input_blocks_2.log
2026-01-26 11:53:23,891 [INFO] ==================================================
2026-01-26 11:53:23,891 [INFO] Diff-AE EfficientDM Step 7 : 生成圖片
2026-01-26 11:53:23,891 [INFO] ==================================================
2026-01-26 11:53:23,891 [INFO] Using 100 steps
2026-01-26 11:53:23,891 [INFO] Using 50000 evaluation samples
2026-01-26 11:53:23,891 [INFO] Cache enabled: False, method: Res, threshold: 0.1
2026-01-26 11:53:23,891 [INFO] Quantitative analysis enabled: False, samples: 10
2026-01-26 11:53:23,891 [INFO] Log file: QATcode/cache_method/L1_L2_cosine/logs/similarity_model_input_blocks_2.log
2026-01-26 11:53:23,891 [INFO] ==================================================
2026-01-26 11:53:23,891 [INFO] Diff-AE EfficientDM Step 7 : 生成圖片
2026-01-26 11:53:23,891 [INFO] ==================================================
2026-01-26 11:53:23,891 [INFO] 使用設備: cuda
2026-01-26 11:53:23,891 [INFO] 使用設備: cuda
2026-01-26 11:53:23,891 [INFO] === 新功能狀態 ===
2026-01-26 11:53:23,891 [INFO] === 新功能狀態 ===
2026-01-26 11:53:23,891 [INFO] 載入 Diff-AE 模型: checkpoints/ffhq128_autoenc_latent/last.ckpt
2026-01-26 11:53:23,891 [INFO] 載入 Diff-AE 模型: checkpoints/ffhq128_autoenc_latent/last.ckpt
Seed set to 0
Model params: 174.19 M
loading pretrain ... 130M
step: 1019986
loading latent stats ...
2026-01-26 11:53:26,776 [INFO] Diff-AE 模型載入完成
2026-01-26 11:53:26,776 [INFO] Diff-AE 模型載入完成
2026-01-26 11:53:26,819 [INFO] 執行 'load_diffae_model' 完成，耗時: 2.93 秒
2026-01-26 11:53:26,819 [INFO] ✅ Diff-AE 模型載入成功
2026-01-26 11:53:26,819 [INFO] base_model.conf.train_mode: TrainMode.latent_diffusion
2026-01-26 11:53:26,819 [INFO] 執行 'load_diffae_model' 完成，耗時: 2.93 秒
2026-01-26 11:53:26,819 [INFO] ✅ Diff-AE 模型載入成功
2026-01-26 11:53:26,819 [INFO] base_model.conf.train_mode: TrainMode.latent_diffusion
2026-01-26 11:53:26,819 [INFO] === 創建 LoRA 量化模型 ===
2026-01-26 11:53:26,819 [INFO] === 創建 LoRA 量化模型 ===
2026-01-26 11:53:26,820 [INFO] === 開始 UNet LoRA 量化改造 ===
2026-01-26 11:53:26,820 [INFO] === 開始 UNet LoRA 量化改造 ===
2026-01-26 11:53:26,820 [INFO] 改造模組: time_embed
2026-01-26 11:53:26,820 [INFO] 改造模組: time_embed
2026-01-26 11:53:26,820 [INFO]   跳過量化特殊模組: 0
2026-01-26 11:53:26,820 [INFO]   跳過量化特殊模組: 0
2026-01-26 11:53:26,824 [INFO]   跳過量化特殊模組: 2
2026-01-26 11:53:26,824 [INFO]   跳過量化特殊模組: 2
2026-01-26 11:53:26,830 [INFO] 改造模組: input_blocks
2026-01-26 11:53:26,830 [INFO] 改造模組: input_blocks
2026-01-26 11:53:26,830 [INFO]   跳過量化特殊模組: 0
2026-01-26 11:53:26,830 [INFO]   跳過量化特殊模組: 0
2026-01-26 11:53:26,831 [INFO]   替換層 2 -> QuantModule_DiffAE_LoRA
2026-01-26 11:53:26,831 [INFO]   替換層 2 -> QuantModule_DiffAE_LoRA
2026-01-26 11:53:26,912 [INFO]   替換層 1 -> QuantModule_DiffAE_LoRA
2026-01-26 11:53:26,916 [INFO]   替換層 1 -> QuantModule_DiffAE_LoRA
2026-01-26 11:53:26,912 [INFO]   替換層 1 -> QuantModule_DiffAE_LoRA
2026-01-26 11:53:26,916 [INFO]   替換層 1 -> QuantModule_DiffAE_LoRA
2026-01-26 11:53:26,920 [INFO]   替換層 3 -> QuantModule_DiffAE_LoRA
2026-01-26 11:53:26,920 [INFO]   替換層 3 -> QuantModule_DiffAE_LoRA
2026-01-26 11:53:26,926 [INFO]   替換層 2 -> QuantModule_DiffAE_LoRA
2026-01-26 11:53:26,926 [INFO]   替換層 2 -> QuantModule_DiffAE_LoRA
2026-01-26 11:53:26,932 [INFO]   替換層 1 -> QuantModule_DiffAE_LoRA
2026-01-26 11:53:26,932 [INFO]   替換層 1 -> QuantModule_DiffAE_LoRA
2026-01-26 11:53:26,938 [INFO]   替換層 1 -> QuantModule_DiffAE_LoRA
2026-01-26 11:53:26,938 [INFO]   替換層 1 -> QuantModule_DiffAE_LoRA
2026-01-26 11:53:26,943 [INFO]   替換層 3 -> QuantModule_DiffAE_LoRA
2026-01-26 11:53:26,943 [INFO]   替換層 3 -> QuantModule_DiffAE_LoRA
2026-01-26 11:53:26,950 [INFO]   替換層 2 -> QuantModule_DiffAE_LoRA
2026-01-26 11:53:26,950 [INFO]   替換層 2 -> QuantModule_DiffAE_LoRA
2026-01-26 11:53:26,956 [INFO]   替換層 1 -> QuantModule_DiffAE_LoRA
2026-01-26 11:53:26,956 [INFO]   替換層 1 -> QuantModule_DiffAE_LoRA
2026-01-26 11:53:26,962 [INFO]   替換層 1 -> QuantModule_DiffAE_LoRA
2026-01-26 11:53:26,962 [INFO]   替換層 1 -> QuantModule_DiffAE_LoRA
2026-01-26 11:53:26,967 [INFO]   替換層 3 -> QuantModule_DiffAE_LoRA
2026-01-26 11:53:26,967 [INFO]   替換層 3 -> QuantModule_DiffAE_LoRA
2026-01-26 11:53:26,971 [INFO]   替換層 2 -> QuantModule_DiffAE_LoRA
2026-01-26 11:53:26,971 [INFO]   替換層 2 -> QuantModule_DiffAE_LoRA
2026-01-26 11:53:26,977 [INFO]   替換層 1 -> QuantModule_DiffAE_LoRA
2026-01-26 11:53:26,977 [INFO]   替換層 1 -> QuantModule_DiffAE_LoRA
2026-01-26 11:53:26,983 [INFO]   替換層 1 -> QuantModule_DiffAE_LoRA
2026-01-26 11:53:26,983 [INFO]   替換層 1 -> QuantModule_DiffAE_LoRA
2026-01-26 11:53:26,984 [INFO]   替換層 3 -> QuantModule_DiffAE_LoRA
2026-01-26 11:53:26,984 [INFO]   替換層 3 -> QuantModule_DiffAE_LoRA
2026-01-26 11:53:26,984 [INFO]   替換層 2 -> QuantModule_DiffAE_LoRA
2026-01-26 11:53:26,984 [INFO]   替換層 2 -> QuantModule_DiffAE_LoRA
2026-01-26 11:53:26,985 [INFO]   替換層 1 -> QuantModule_DiffAE_LoRA
2026-01-26 11:53:26,985 [INFO]   替換層 1 -> QuantModule_DiffAE_LoRA
2026-01-26 11:53:26,986 [INFO]   替換層 1 -> QuantModule_DiffAE_LoRA
2026-01-26 11:53:26,986 [INFO]   替換層 1 -> QuantModule_DiffAE_LoRA
2026-01-26 11:53:26,987 [INFO]   替換層 3 -> QuantModule_DiffAE_LoRA
2026-01-26 11:53:26,987 [INFO]   替換層 3 -> QuantModule_DiffAE_LoRA
2026-01-26 11:53:26,988 [INFO]   替換層 2 -> QuantModule_DiffAE_LoRA
2026-01-26 11:53:26,988 [INFO]   替換層 2 -> QuantModule_DiffAE_LoRA
2026-01-26 11:53:26,989 [INFO]   替換層 1 -> QuantModule_DiffAE_LoRA
2026-01-26 11:53:26,989 [INFO]   替換層 1 -> QuantModule_DiffAE_LoRA
2026-01-26 11:53:26,990 [INFO]   替換層 1 -> QuantModule_DiffAE_LoRA
2026-01-26 11:53:26,990 [INFO]   替換層 1 -> QuantModule_DiffAE_LoRA
2026-01-26 11:53:26,990 [INFO]   替換層 3 -> QuantModule_DiffAE_LoRA
2026-01-26 11:53:26,990 [INFO]   替換層 3 -> QuantModule_DiffAE_LoRA
2026-01-26 11:53:26,991 [INFO]   替換層 2 -> QuantModule_DiffAE_LoRA
2026-01-26 11:53:26,991 [INFO]   替換層 2 -> QuantModule_DiffAE_LoRA
2026-01-26 11:53:26,993 [INFO]   替換層 1 -> QuantModule_DiffAE_LoRA
2026-01-26 11:53:26,993 [INFO]   替換層 1 -> QuantModule_DiffAE_LoRA
2026-01-26 11:53:26,994 [INFO]   替換層 1 -> QuantModule_DiffAE_LoRA
2026-01-26 11:53:26,994 [INFO]   替換層 1 -> QuantModule_DiffAE_LoRA
2026-01-26 11:53:26,995 [INFO]   替換層 3 -> QuantModule_DiffAE_LoRA
2026-01-26 11:53:26,995 [INFO]   替換層 3 -> QuantModule_DiffAE_LoRA
2026-01-26 11:53:26,997 [INFO]   跳過量化 skip connection: skip_connection
2026-01-26 11:53:26,997 [INFO]   跳過量化 skip connection: skip_connection
2026-01-26 11:53:26,997 [INFO]   替換層 2 -> QuantModule_DiffAE_LoRA
2026-01-26 11:53:26,997 [INFO]   替換層 2 -> QuantModule_DiffAE_LoRA
2026-01-26 11:53:26,999 [INFO]   替換層 1 -> QuantModule_DiffAE_LoRA
2026-01-26 11:53:26,999 [INFO]   替換層 1 -> QuantModule_DiffAE_LoRA
2026-01-26 11:53:27,001 [INFO]   替換層 1 -> QuantModule_DiffAE_LoRA
2026-01-26 11:53:27,001 [INFO]   替換層 1 -> QuantModule_DiffAE_LoRA
2026-01-26 11:53:27,001 [INFO]   替換層 3 -> QuantModule_DiffAE_LoRA
2026-01-26 11:53:27,001 [INFO]   替換層 3 -> QuantModule_DiffAE_LoRA
2026-01-26 11:53:27,004 [INFO]   替換層 2 -> QuantModule_DiffAE_LoRA
2026-01-26 11:53:27,004 [INFO]   替換層 2 -> QuantModule_DiffAE_LoRA
2026-01-26 11:53:27,006 [INFO]   替換層 1 -> QuantModule_DiffAE_LoRA
2026-01-26 11:53:27,006 [INFO]   替換層 1 -> QuantModule_DiffAE_LoRA
2026-01-26 11:53:27,008 [INFO]   替換層 1 -> QuantModule_DiffAE_LoRA
2026-01-26 11:53:27,008 [INFO]   替換層 1 -> QuantModule_DiffAE_LoRA
2026-01-26 11:53:27,008 [INFO]   替換層 3 -> QuantModule_DiffAE_LoRA
2026-01-26 11:53:27,008 [INFO]   替換層 3 -> QuantModule_DiffAE_LoRA
2026-01-26 11:53:27,011 [INFO]   替換層 2 -> QuantModule_DiffAE_LoRA
2026-01-26 11:53:27,011 [INFO]   替換層 2 -> QuantModule_DiffAE_LoRA
2026-01-26 11:53:27,014 [INFO]   替換層 1 -> QuantModule_DiffAE_LoRA
2026-01-26 11:53:27,014 [INFO]   替換層 1 -> QuantModule_DiffAE_LoRA
2026-01-26 11:53:27,017 [INFO]   替換層 1 -> QuantModule_DiffAE_LoRA
2026-01-26 11:53:27,017 [INFO]   替換層 1 -> QuantModule_DiffAE_LoRA
2026-01-26 11:53:27,021 [INFO]   替換層 3 -> QuantModule_DiffAE_LoRA
2026-01-26 11:53:27,021 [INFO]   替換層 3 -> QuantModule_DiffAE_LoRA
2026-01-26 11:53:27,028 [INFO]   跳過量化 skip connection: skip_connection
2026-01-26 11:53:27,028 [INFO]   跳過量化 skip connection: skip_connection
2026-01-26 11:53:27,028 [INFO]   替換層 2 -> QuantModule_DiffAE_LoRA
2026-01-26 11:53:27,028 [INFO]   替換層 2 -> QuantModule_DiffAE_LoRA
2026-01-26 11:53:27,034 [INFO]   替換層 1 -> QuantModule_DiffAE_LoRA
2026-01-26 11:53:27,034 [INFO]   替換層 1 -> QuantModule_DiffAE_LoRA
2026-01-26 11:53:27,041 [INFO]   替換層 1 -> QuantModule_DiffAE_LoRA
2026-01-26 11:53:27,041 [INFO]   替換層 1 -> QuantModule_DiffAE_LoRA
2026-01-26 11:53:27,045 [INFO]   替換層 3 -> QuantModule_DiffAE_LoRA
2026-01-26 11:53:27,045 [INFO]   替換層 3 -> QuantModule_DiffAE_LoRA
2026-01-26 11:53:27,053 [INFO]   替換層 2 -> QuantModule_DiffAE_LoRA
2026-01-26 11:53:27,053 [INFO]   替換層 2 -> QuantModule_DiffAE_LoRA
2026-01-26 11:53:27,066 [INFO]   替換層 1 -> QuantModule_DiffAE_LoRA
2026-01-26 11:53:27,066 [INFO]   替換層 1 -> QuantModule_DiffAE_LoRA
2026-01-26 11:53:27,071 [INFO]   替換層 1 -> QuantModule_DiffAE_LoRA
2026-01-26 11:53:27,072 [INFO]   替換層 3 -> QuantModule_DiffAE_LoRA
2026-01-26 11:53:27,071 [INFO]   替換層 1 -> QuantModule_DiffAE_LoRA
2026-01-26 11:53:27,072 [INFO]   替換層 3 -> QuantModule_DiffAE_LoRA
2026-01-26 11:53:27,075 [INFO]   替換層 2 -> QuantModule_DiffAE_LoRA
2026-01-26 11:53:27,075 [INFO]   替換層 2 -> QuantModule_DiffAE_LoRA
2026-01-26 11:53:27,085 [INFO]   替換層 1 -> QuantModule_DiffAE_LoRA
2026-01-26 11:53:27,085 [INFO]   替換層 1 -> QuantModule_DiffAE_LoRA
2026-01-26 11:53:27,089 [INFO]   替換層 1 -> QuantModule_DiffAE_LoRA
2026-01-26 11:53:27,089 [INFO]   替換層 1 -> QuantModule_DiffAE_LoRA
2026-01-26 11:53:27,095 [INFO]   替換層 3 -> QuantModule_DiffAE_LoRA
2026-01-26 11:53:27,095 [INFO]   替換層 3 -> QuantModule_DiffAE_LoRA
2026-01-26 11:53:27,107 [INFO]   跳過量化 skip connection: skip_connection
2026-01-26 11:53:27,107 [INFO]   跳過量化 skip connection: skip_connection
2026-01-26 11:53:27,107 [INFO]   替換層 2 -> QuantModule_DiffAE_LoRA
2026-01-26 11:53:27,107 [INFO]   替換層 2 -> QuantModule_DiffAE_LoRA
2026-01-26 11:53:27,116 [INFO]   替換層 1 -> QuantModule_DiffAE_LoRA
2026-01-26 11:53:27,116 [INFO]   替換層 1 -> QuantModule_DiffAE_LoRA
2026-01-26 11:53:27,122 [INFO]   替換層 1 -> QuantModule_DiffAE_LoRA
2026-01-26 11:53:27,122 [INFO]   替換層 1 -> QuantModule_DiffAE_LoRA
2026-01-26 11:53:27,127 [INFO]   替換層 3 -> QuantModule_DiffAE_LoRA
2026-01-26 11:53:27,127 [INFO]   替換層 3 -> QuantModule_DiffAE_LoRA
2026-01-26 11:53:27,137 [INFO] 改造模組: middle_block
2026-01-26 11:53:27,137 [INFO] 改造模組: middle_block
2026-01-26 11:53:27,137 [INFO]   替換層 2 -> QuantModule_DiffAE_LoRA
2026-01-26 11:53:27,137 [INFO]   替換層 2 -> QuantModule_DiffAE_LoRA
2026-01-26 11:53:27,147 [INFO]   替換層 1 -> QuantModule_DiffAE_LoRA
2026-01-26 11:53:27,147 [INFO]   替換層 1 -> QuantModule_DiffAE_LoRA
2026-01-26 11:53:27,152 [INFO]   替換層 1 -> QuantModule_DiffAE_LoRA
2026-01-26 11:53:27,152 [INFO]   替換層 1 -> QuantModule_DiffAE_LoRA
2026-01-26 11:53:27,158 [INFO]   替換層 3 -> QuantModule_DiffAE_LoRA
2026-01-26 11:53:27,158 [INFO]   替換層 3 -> QuantModule_DiffAE_LoRA
2026-01-26 11:53:27,170 [INFO]   替換層 2 -> QuantModule_DiffAE_LoRA
2026-01-26 11:53:27,170 [INFO]   替換層 2 -> QuantModule_DiffAE_LoRA
2026-01-26 11:53:27,180 [INFO]   替換層 1 -> QuantModule_DiffAE_LoRA
2026-01-26 11:53:27,180 [INFO]   替換層 1 -> QuantModule_DiffAE_LoRA
2026-01-26 11:53:27,188 [INFO]   替換層 1 -> QuantModule_DiffAE_LoRA
2026-01-26 11:53:27,188 [INFO]   替換層 1 -> QuantModule_DiffAE_LoRA
2026-01-26 11:53:27,195 [INFO]   替換層 3 -> QuantModule_DiffAE_LoRA
2026-01-26 11:53:27,195 [INFO]   替換層 3 -> QuantModule_DiffAE_LoRA
2026-01-26 11:53:27,207 [INFO] 改造模組: output_blocks
2026-01-26 11:53:27,208 [INFO]   替換層 2 -> QuantModule_DiffAE_LoRA
2026-01-26 11:53:27,207 [INFO] 改造模組: output_blocks
2026-01-26 11:53:27,208 [INFO]   替換層 2 -> QuantModule_DiffAE_LoRA
2026-01-26 11:53:27,224 [INFO]   替換層 1 -> QuantModule_DiffAE_LoRA
2026-01-26 11:53:27,224 [INFO]   替換層 1 -> QuantModule_DiffAE_LoRA
2026-01-26 11:53:27,228 [INFO]   替換層 1 -> QuantModule_DiffAE_LoRA
2026-01-26 11:53:27,228 [INFO]   替換層 1 -> QuantModule_DiffAE_LoRA
2026-01-26 11:53:27,233 [INFO]   替換層 3 -> QuantModule_DiffAE_LoRA
2026-01-26 11:53:27,233 [INFO]   替換層 3 -> QuantModule_DiffAE_LoRA
2026-01-26 11:53:27,243 [INFO]   跳過量化 skip connection: skip_connection
2026-01-26 11:53:27,243 [INFO]   跳過量化 skip connection: skip_connection
2026-01-26 11:53:27,243 [INFO]   替換層 2 -> QuantModule_DiffAE_LoRA
2026-01-26 11:53:27,243 [INFO]   替換層 2 -> QuantModule_DiffAE_LoRA
2026-01-26 11:53:27,258 [INFO]   替換層 1 -> QuantModule_DiffAE_LoRA
2026-01-26 11:53:27,258 [INFO]   替換層 1 -> QuantModule_DiffAE_LoRA
2026-01-26 11:53:27,266 [INFO]   替換層 1 -> QuantModule_DiffAE_LoRA
2026-01-26 11:53:27,266 [INFO]   替換層 1 -> QuantModule_DiffAE_LoRA
2026-01-26 11:53:27,273 [INFO]   替換層 3 -> QuantModule_DiffAE_LoRA
2026-01-26 11:53:27,273 [INFO]   替換層 3 -> QuantModule_DiffAE_LoRA
2026-01-26 11:53:27,284 [INFO]   跳過量化 skip connection: skip_connection
2026-01-26 11:53:27,284 [INFO]   替換層 2 -> QuantModule_DiffAE_LoRA
2026-01-26 11:53:27,284 [INFO]   跳過量化 skip connection: skip_connection
2026-01-26 11:53:27,284 [INFO]   替換層 2 -> QuantModule_DiffAE_LoRA
2026-01-26 11:53:27,298 [INFO]   替換層 1 -> QuantModule_DiffAE_LoRA
2026-01-26 11:53:27,298 [INFO]   替換層 1 -> QuantModule_DiffAE_LoRA
2026-01-26 11:53:27,303 [INFO]   替換層 1 -> QuantModule_DiffAE_LoRA
2026-01-26 11:53:27,303 [INFO]   替換層 1 -> QuantModule_DiffAE_LoRA
2026-01-26 11:53:27,309 [INFO]   替換層 3 -> QuantModule_DiffAE_LoRA
2026-01-26 11:53:27,309 [INFO]   替換層 3 -> QuantModule_DiffAE_LoRA
2026-01-26 11:53:27,316 [INFO]   跳過量化 skip connection: skip_connection
2026-01-26 11:53:27,316 [INFO]   替換層 2 -> QuantModule_DiffAE_LoRA
2026-01-26 11:53:27,316 [INFO]   跳過量化 skip connection: skip_connection
2026-01-26 11:53:27,316 [INFO]   替換層 2 -> QuantModule_DiffAE_LoRA
2026-01-26 11:53:27,327 [INFO]   替換層 1 -> QuantModule_DiffAE_LoRA
2026-01-26 11:53:27,327 [INFO]   替換層 1 -> QuantModule_DiffAE_LoRA
2026-01-26 11:53:27,331 [INFO]   替換層 1 -> QuantModule_DiffAE_LoRA
2026-01-26 11:53:27,331 [INFO]   替換層 1 -> QuantModule_DiffAE_LoRA
2026-01-26 11:53:27,340 [INFO]   替換層 3 -> QuantModule_DiffAE_LoRA
2026-01-26 11:53:27,340 [INFO]   替換層 3 -> QuantModule_DiffAE_LoRA
2026-01-26 11:53:27,349 [INFO]   替換層 2 -> QuantModule_DiffAE_LoRA
2026-01-26 11:53:27,349 [INFO]   替換層 2 -> QuantModule_DiffAE_LoRA
2026-01-26 11:53:27,360 [INFO]   替換層 1 -> QuantModule_DiffAE_LoRA
2026-01-26 11:53:27,360 [INFO]   替換層 1 -> QuantModule_DiffAE_LoRA
2026-01-26 11:53:27,366 [INFO]   替換層 1 -> QuantModule_DiffAE_LoRA
2026-01-26 11:53:27,366 [INFO]   替換層 1 -> QuantModule_DiffAE_LoRA
2026-01-26 11:53:27,371 [INFO]   替換層 3 -> QuantModule_DiffAE_LoRA
2026-01-26 11:53:27,371 [INFO]   替換層 3 -> QuantModule_DiffAE_LoRA
2026-01-26 11:53:27,379 [INFO]   跳過量化 skip connection: skip_connection
2026-01-26 11:53:27,379 [INFO]   跳過量化 skip connection: skip_connection
2026-01-26 11:53:27,379 [INFO]   替換層 2 -> QuantModule_DiffAE_LoRA
2026-01-26 11:53:27,379 [INFO]   替換層 2 -> QuantModule_DiffAE_LoRA
2026-01-26 11:53:27,386 [INFO]   替換層 1 -> QuantModule_DiffAE_LoRA
2026-01-26 11:53:27,386 [INFO]   替換層 1 -> QuantModule_DiffAE_LoRA
2026-01-26 11:53:27,393 [INFO]   替換層 1 -> QuantModule_DiffAE_LoRA
2026-01-26 11:53:27,393 [INFO]   替換層 1 -> QuantModule_DiffAE_LoRA
2026-01-26 11:53:27,397 [INFO]   替換層 3 -> QuantModule_DiffAE_LoRA
2026-01-26 11:53:27,397 [INFO]   替換層 3 -> QuantModule_DiffAE_LoRA
2026-01-26 11:53:27,406 [INFO]   跳過量化 skip connection: skip_connection
2026-01-26 11:53:27,406 [INFO]   替換層 2 -> QuantModule_DiffAE_LoRA
2026-01-26 11:53:27,406 [INFO]   跳過量化 skip connection: skip_connection
2026-01-26 11:53:27,406 [INFO]   替換層 2 -> QuantModule_DiffAE_LoRA
2026-01-26 11:53:27,415 [INFO]   替換層 1 -> QuantModule_DiffAE_LoRA
2026-01-26 11:53:27,415 [INFO]   替換層 1 -> QuantModule_DiffAE_LoRA
2026-01-26 11:53:27,422 [INFO]   替換層 1 -> QuantModule_DiffAE_LoRA
2026-01-26 11:53:27,422 [INFO]   替換層 1 -> QuantModule_DiffAE_LoRA
2026-01-26 11:53:27,425 [INFO]   替換層 3 -> QuantModule_DiffAE_LoRA
2026-01-26 11:53:27,425 [INFO]   替換層 3 -> QuantModule_DiffAE_LoRA
2026-01-26 11:53:27,434 [INFO]   跳過量化 skip connection: skip_connection
2026-01-26 11:53:27,434 [INFO]   跳過量化 skip connection: skip_connection
2026-01-26 11:53:27,434 [INFO]   替換層 2 -> QuantModule_DiffAE_LoRA
2026-01-26 11:53:27,434 [INFO]   替換層 2 -> QuantModule_DiffAE_LoRA
2026-01-26 11:53:27,440 [INFO]   替換層 1 -> QuantModule_DiffAE_LoRA
2026-01-26 11:53:27,440 [INFO]   替換層 1 -> QuantModule_DiffAE_LoRA
2026-01-26 11:53:27,442 [INFO]   替換層 1 -> QuantModule_DiffAE_LoRA
2026-01-26 11:53:27,442 [INFO]   替換層 1 -> QuantModule_DiffAE_LoRA
2026-01-26 11:53:27,443 [INFO]   替換層 3 -> QuantModule_DiffAE_LoRA
2026-01-26 11:53:27,443 [INFO]   替換層 3 -> QuantModule_DiffAE_LoRA
2026-01-26 11:53:27,447 [INFO]   替換層 2 -> QuantModule_DiffAE_LoRA
2026-01-26 11:53:27,447 [INFO]   替換層 2 -> QuantModule_DiffAE_LoRA
2026-01-26 11:53:27,454 [INFO]   替換層 1 -> QuantModule_DiffAE_LoRA
2026-01-26 11:53:27,454 [INFO]   替換層 1 -> QuantModule_DiffAE_LoRA
2026-01-26 11:53:27,456 [INFO]   替換層 1 -> QuantModule_DiffAE_LoRA
2026-01-26 11:53:27,456 [INFO]   替換層 1 -> QuantModule_DiffAE_LoRA
2026-01-26 11:53:27,459 [INFO]   替換層 3 -> QuantModule_DiffAE_LoRA
2026-01-26 11:53:27,459 [INFO]   替換層 3 -> QuantModule_DiffAE_LoRA
2026-01-26 11:53:27,461 [INFO]   跳過量化 skip connection: skip_connection
2026-01-26 11:53:27,461 [INFO]   跳過量化 skip connection: skip_connection
2026-01-26 11:53:27,461 [INFO]   替換層 2 -> QuantModule_DiffAE_LoRA
2026-01-26 11:53:27,461 [INFO]   替換層 2 -> QuantModule_DiffAE_LoRA
2026-01-26 11:53:27,465 [INFO]   替換層 1 -> QuantModule_DiffAE_LoRA
2026-01-26 11:53:27,465 [INFO]   替換層 1 -> QuantModule_DiffAE_LoRA
2026-01-26 11:53:27,468 [INFO]   替換層 1 -> QuantModule_DiffAE_LoRA
2026-01-26 11:53:27,468 [INFO]   替換層 1 -> QuantModule_DiffAE_LoRA
2026-01-26 11:53:27,469 [INFO]   替換層 3 -> QuantModule_DiffAE_LoRA
2026-01-26 11:53:27,469 [INFO]   替換層 3 -> QuantModule_DiffAE_LoRA
2026-01-26 11:53:27,471 [INFO]   跳過量化 skip connection: skip_connection
2026-01-26 11:53:27,471 [INFO]   跳過量化 skip connection: skip_connection
2026-01-26 11:53:27,471 [INFO]   替換層 2 -> QuantModule_DiffAE_LoRA
2026-01-26 11:53:27,471 [INFO]   替換層 2 -> QuantModule_DiffAE_LoRA
2026-01-26 11:53:27,474 [INFO]   替換層 1 -> QuantModule_DiffAE_LoRA
2026-01-26 11:53:27,474 [INFO]   替換層 1 -> QuantModule_DiffAE_LoRA
2026-01-26 11:53:27,474 [INFO]   替換層 1 -> QuantModule_DiffAE_LoRA
2026-01-26 11:53:27,474 [INFO]   替換層 1 -> QuantModule_DiffAE_LoRA
2026-01-26 11:53:27,475 [INFO]   替換層 3 -> QuantModule_DiffAE_LoRA
2026-01-26 11:53:27,475 [INFO]   替換層 3 -> QuantModule_DiffAE_LoRA
2026-01-26 11:53:27,477 [INFO]   跳過量化 skip connection: skip_connection
2026-01-26 11:53:27,477 [INFO]   跳過量化 skip connection: skip_connection
2026-01-26 11:53:27,477 [INFO]   替換層 2 -> QuantModule_DiffAE_LoRA
2026-01-26 11:53:27,477 [INFO]   替換層 2 -> QuantModule_DiffAE_LoRA
2026-01-26 11:53:27,478 [INFO]   替換層 1 -> QuantModule_DiffAE_LoRA
2026-01-26 11:53:27,478 [INFO]   替換層 1 -> QuantModule_DiffAE_LoRA
2026-01-26 11:53:27,479 [INFO]   替換層 1 -> QuantModule_DiffAE_LoRA
2026-01-26 11:53:27,479 [INFO]   替換層 1 -> QuantModule_DiffAE_LoRA
2026-01-26 11:53:27,480 [INFO]   替換層 3 -> QuantModule_DiffAE_LoRA
2026-01-26 11:53:27,480 [INFO]   替換層 3 -> QuantModule_DiffAE_LoRA
2026-01-26 11:53:27,482 [INFO]   替換層 2 -> QuantModule_DiffAE_LoRA
2026-01-26 11:53:27,482 [INFO]   替換層 2 -> QuantModule_DiffAE_LoRA
2026-01-26 11:53:27,483 [INFO]   替換層 1 -> QuantModule_DiffAE_LoRA
2026-01-26 11:53:27,483 [INFO]   替換層 1 -> QuantModule_DiffAE_LoRA
2026-01-26 11:53:27,484 [INFO]   替換層 1 -> QuantModule_DiffAE_LoRA
2026-01-26 11:53:27,484 [INFO]   替換層 1 -> QuantModule_DiffAE_LoRA
2026-01-26 11:53:27,484 [INFO]   替換層 3 -> QuantModule_DiffAE_LoRA
2026-01-26 11:53:27,484 [INFO]   替換層 3 -> QuantModule_DiffAE_LoRA
2026-01-26 11:53:27,485 [INFO]   跳過量化 skip connection: skip_connection
2026-01-26 11:53:27,485 [INFO]   跳過量化 skip connection: skip_connection
2026-01-26 11:53:27,485 [INFO]   替換層 2 -> QuantModule_DiffAE_LoRA
2026-01-26 11:53:27,485 [INFO]   替換層 2 -> QuantModule_DiffAE_LoRA
2026-01-26 11:53:27,486 [INFO]   替換層 1 -> QuantModule_DiffAE_LoRA
2026-01-26 11:53:27,486 [INFO]   替換層 1 -> QuantModule_DiffAE_LoRA
2026-01-26 11:53:27,486 [INFO]   替換層 1 -> QuantModule_DiffAE_LoRA
2026-01-26 11:53:27,486 [INFO]   替換層 1 -> QuantModule_DiffAE_LoRA
2026-01-26 11:53:27,487 [INFO]   替換層 3 -> QuantModule_DiffAE_LoRA
2026-01-26 11:53:27,487 [INFO]   替換層 3 -> QuantModule_DiffAE_LoRA
2026-01-26 11:53:27,487 [INFO]   跳過量化 skip connection: skip_connection
2026-01-26 11:53:27,487 [INFO]   跳過量化 skip connection: skip_connection
2026-01-26 11:53:27,487 [INFO]   替換層 2 -> QuantModule_DiffAE_LoRA
2026-01-26 11:53:27,487 [INFO]   替換層 2 -> QuantModule_DiffAE_LoRA
2026-01-26 11:53:27,489 [INFO]   替換層 1 -> QuantModule_DiffAE_LoRA
2026-01-26 11:53:27,489 [INFO]   替換層 1 -> QuantModule_DiffAE_LoRA
2026-01-26 11:53:27,489 [INFO]   替換層 1 -> QuantModule_DiffAE_LoRA
2026-01-26 11:53:27,489 [INFO]   替換層 1 -> QuantModule_DiffAE_LoRA
2026-01-26 11:53:27,490 [INFO]   替換層 3 -> QuantModule_DiffAE_LoRA
2026-01-26 11:53:27,490 [INFO]   替換層 3 -> QuantModule_DiffAE_LoRA
2026-01-26 11:53:27,490 [INFO]   跳過量化 skip connection: skip_connection
2026-01-26 11:53:27,490 [INFO]   跳過量化 skip connection: skip_connection
2026-01-26 11:53:27,490 [INFO]   替換層 2 -> QuantModule_DiffAE_LoRA
2026-01-26 11:53:27,490 [INFO]   替換層 2 -> QuantModule_DiffAE_LoRA
2026-01-26 11:53:27,491 [INFO]   替換層 1 -> QuantModule_DiffAE_LoRA
2026-01-26 11:53:27,491 [INFO]   替換層 1 -> QuantModule_DiffAE_LoRA
2026-01-26 11:53:27,491 [INFO]   替換層 1 -> QuantModule_DiffAE_LoRA
2026-01-26 11:53:27,491 [INFO]   替換層 1 -> QuantModule_DiffAE_LoRA
2026-01-26 11:53:27,492 [INFO]   替換層 3 -> QuantModule_DiffAE_LoRA
2026-01-26 11:53:27,492 [INFO]   替換層 3 -> QuantModule_DiffAE_LoRA
2026-01-26 11:53:27,493 [INFO]   替換層 2 -> QuantModule_DiffAE_LoRA
2026-01-26 11:53:27,493 [INFO]   替換層 2 -> QuantModule_DiffAE_LoRA
2026-01-26 11:53:27,494 [INFO]   替換層 1 -> QuantModule_DiffAE_LoRA
2026-01-26 11:53:27,494 [INFO]   替換層 1 -> QuantModule_DiffAE_LoRA
2026-01-26 11:53:27,494 [INFO]   替換層 1 -> QuantModule_DiffAE_LoRA
2026-01-26 11:53:27,494 [INFO]   替換層 1 -> QuantModule_DiffAE_LoRA
2026-01-26 11:53:27,495 [INFO]   替換層 3 -> QuantModule_DiffAE_LoRA
2026-01-26 11:53:27,495 [INFO]   替換層 3 -> QuantModule_DiffAE_LoRA
2026-01-26 11:53:27,495 [INFO]   跳過量化 skip connection: skip_connection
2026-01-26 11:53:27,495 [INFO]   跳過量化 skip connection: skip_connection
2026-01-26 11:53:27,495 [INFO]   替換層 2 -> QuantModule_DiffAE_LoRA
2026-01-26 11:53:27,495 [INFO]   替換層 2 -> QuantModule_DiffAE_LoRA
2026-01-26 11:53:27,496 [INFO]   替換層 1 -> QuantModule_DiffAE_LoRA
2026-01-26 11:53:27,496 [INFO]   替換層 1 -> QuantModule_DiffAE_LoRA
2026-01-26 11:53:27,497 [INFO]   替換層 1 -> QuantModule_DiffAE_LoRA
2026-01-26 11:53:27,497 [INFO]   替換層 1 -> QuantModule_DiffAE_LoRA
2026-01-26 11:53:27,497 [INFO]   替換層 3 -> QuantModule_DiffAE_LoRA
2026-01-26 11:53:27,497 [INFO]   替換層 3 -> QuantModule_DiffAE_LoRA
2026-01-26 11:53:27,498 [INFO]   跳過量化 skip connection: skip_connection
2026-01-26 11:53:27,498 [INFO]   跳過量化 skip connection: skip_connection
2026-01-26 11:53:27,498 [INFO]   替換層 2 -> QuantModule_DiffAE_LoRA
2026-01-26 11:53:27,498 [INFO]   替換層 2 -> QuantModule_DiffAE_LoRA
2026-01-26 11:53:27,499 [INFO]   替換層 1 -> QuantModule_DiffAE_LoRA
2026-01-26 11:53:27,499 [INFO]   替換層 1 -> QuantModule_DiffAE_LoRA
2026-01-26 11:53:27,499 [INFO]   替換層 1 -> QuantModule_DiffAE_LoRA
2026-01-26 11:53:27,499 [INFO]   替換層 1 -> QuantModule_DiffAE_LoRA
2026-01-26 11:53:27,500 [INFO]   替換層 3 -> QuantModule_DiffAE_LoRA
2026-01-26 11:53:27,500 [INFO]   替換層 3 -> QuantModule_DiffAE_LoRA
2026-01-26 11:53:27,501 [INFO]   跳過量化 skip connection: skip_connection
2026-01-26 11:53:27,501 [INFO]   跳過量化 skip connection: skip_connection
2026-01-26 11:53:27,501 [INFO] 改造模組: out
2026-01-26 11:53:27,501 [INFO] 改造模組: out
2026-01-26 11:53:27,501 [INFO]   跳過量化特殊模組: 2
2026-01-26 11:53:27,501 [INFO]   跳過量化特殊模組: 2
2026-01-26 11:53:27,503 [INFO] 執行 'create_float_quantized_model' 完成，耗時: 0.68 秒
2026-01-26 11:53:27,503 [INFO] 執行 'create_float_quantized_model' 完成，耗時: 0.68 秒
2026-01-26 11:53:27,625 [INFO] 載入校準資料...
2026-01-26 11:53:27,625 [INFO] 載入校準資料...
2026-01-26 11:53:27,947 [INFO] ✅ 載入真實校準資料成功
2026-01-26 11:53:27,947 [INFO] ✅ 載入真實校準資料成功
2026-01-26 11:53:27,949 [INFO] ==================================================
2026-01-26 11:53:27,949 [INFO] ==================================================
2026-01-26 11:53:27,949 [INFO] 5. Setting first and last layers to 8-bit...
2026-01-26 11:53:27,949 [INFO] 5. Setting first and last layers to 8-bit...
2026-01-26 11:53:27,951 [INFO] 找到 144 個量化模組
2026-01-26 11:53:27,951 [INFO] 找到 144 個量化模組
2026-01-26 11:53:27,951 [INFO] ✅ 首尾層 8-bit 設定完成
2026-01-26 11:53:27,951 [INFO] ✅ 首尾層 8-bit 設定完成
2026-01-26 11:53:27,951 [INFO] ✅ 量化模型創建成功
2026-01-26 11:53:27,951 [INFO] set quant state to True, True for layer 1
2026-01-26 11:53:27,951 [INFO] set quant state to True, True for layer 2
2026-01-26 11:53:27,952 [INFO] set quant state to True, False for layer 3
2026-01-26 11:53:27,951 [INFO] ✅ 量化模型創建成功
2026-01-26 11:53:27,951 [INFO] set quant state to True, True for layer 1
2026-01-26 11:53:27,951 [INFO] set quant state to True, True for layer 2
2026-01-26 11:53:27,952 [INFO] set quant state to True, False for layer 3
2026-01-26 11:53:27,952 [INFO] set quant state to True, True for layer 144
2026-01-26 11:53:27,952 [INFO] set quant state to True, True for layer 144
2026-01-26 11:53:29,060 [INFO] ✅ 量化模型載入成功
2026-01-26 11:53:29,060 [INFO] === 初始化新功能模組 ===
2026-01-26 11:53:29,060 [INFO] ✅ 量化模型載入成功
2026-01-26 11:53:29,060 [INFO] === 初始化新功能模組 ===
local seed: 0
2026-01-26 11:53:29,085 [INFO] ✅ 基礎模型設定完成
train data: 70001
val data: 70001
2026-01-26 11:53:29,085 [INFO] ✅ 基礎模型設定完成
on train dataloader start ...
mean: tensor(-0.0606, device='cuda:0') std: tensor(0.0755, device='cuda:0')
2026-01-26 11:53:29,131 [INFO] ==================================================
2026-01-26 11:53:29,131 [INFO] 啟用 Similarity Analysis (L1/L2/Cosine)
2026-01-26 11:53:29,131 [INFO] FID 評估樣本數: 128
2026-01-26 11:53:29,131 [INFO] 實際收集樣本數: 20 (用於加速)
2026-01-26 11:53:29,131 [INFO] ==================================================
2026-01-26 11:53:29,131 [INFO] 啟用 Similarity Analysis (L1/L2/Cosine)
2026-01-26 11:53:29,131 [INFO] FID 評估樣本數: 128
2026-01-26 11:53:29,131 [INFO] 實際收集樣本數: 20 (用於加速)
2026-01-26 11:53:29,131 [INFO] 擴散步數: 100
2026-01-26 11:53:29,131 [INFO] 擴散步數: 100
2026-01-26 11:53:29,131 [INFO] ==================================================
2026-01-26 11:53:29,131 [INFO] ==================================================
2026-01-26 11:53:29,131 [INFO] [Similarity] 註冊 block hook: model.input_blocks.2
2026-01-26 11:53:29,131 [INFO] [Similarity] 註冊 block hook: model.input_blocks.2
2026-01-26 11:53:29,133 [INFO] [Similarity] 註冊 model step hook 完成
2026-01-26 11:53:29,133 [INFO] [Similarity] 註冊 model step hook 完成
generating images:   0%|          | 0/4 [00:00<?, ?it/s]/home/jimmy/diffae/./diffusion/base.py:329: FutureWarning: `torch.cuda.amp.autocast(args...)` is deprecated. Please use `torch.amp.autocast('cuda', args...)` instead.
  with autocast(self.conf.fp16):
2026-01-26 11:54:06,974 [INFO] [Similarity] Batch 0 完成，已收集 20 個樣本
2026-01-26 11:54:06,974 [INFO] [Similarity] Batch 0 完成，已收集 20 個樣本
generating images:  25%|██▌       | 1/4 [00:38<01:55, 38.41s/it]2026-01-26 11:54:45,217 [INFO] [Similarity] Batch 1 完成，已收集 20 個樣本
2026-01-26 11:54:45,217 [INFO] [Similarity] Batch 1 完成，已收集 20 個樣本
generating images:  50%|█████     | 2/4 [01:16<01:16, 38.32s/it]2026-01-26 11:55:23,473 [INFO] [Similarity] Batch 2 完成，已收集 20 個樣本
2026-01-26 11:55:23,473 [INFO] [Similarity] Batch 2 完成，已收集 20 個樣本
generating images:  75%|███████▌  | 3/4 [01:54<00:38, 38.28s/it]2026-01-26 11:55:39,717 [INFO] [Similarity] 已收集 80 个样本，停止数据收集（目标: 80）
2026-01-26 11:55:39,717 [INFO] [Similarity] 已收集 80 个样本，停止数据收集（目标: 80）
2026-01-26 11:56:01,715 [INFO] [Similarity] Batch 3 完成，已收集 20 個樣本
2026-01-26 11:56:01,715 [INFO] [Similarity] Batch 3 完成，已收集 20 個樣本
2026-01-26 11:56:02,226 [INFO] [Similarity] FID@128 100 steps score: 0
generating images: 100%|██████████| 4/4 [02:33<00:00, 38.24s/it]generating images: 100%|██████████| 4/4 [02:33<00:00, 38.27s/it]
2026-01-26 11:56:02,226 [INFO] [Similarity] FID@128 100 steps score: 0
2026-01-26 11:56:02,227 [INFO] [Similarity] model.input_blocks.2 cosine: min=0.226351, max=1.000000, diag_mean=1.000000, off_diag_mean=0.869218, off_diag_std=0.169622
2026-01-26 11:56:02,227 [INFO] [Similarity] model.input_blocks.2 cosine: min=0.226351, max=1.000000, diag_mean=1.000000, off_diag_mean=0.869218, off_diag_std=0.169622
2026-01-26 11:56:03,318 [INFO] ✅ Similarity Analysis 完成
2026-01-26 11:56:03,318 [INFO] ✅ Similarity Analysis 完成
2026-01-26 11:56:03,385 [INFO] 執行 'main_float_model' 完成，耗時: 159.49 秒
2026-01-26 11:56:03,385 [INFO] 執行 'main_float_model' 完成，耗時: 159.49 秒
/home/jimmy/anaconda3/envs/diffae_bw/lib/python3.10/site-packages/torchmetrics/utilities/imports.py:21: UserWarning: pkg_resources is deprecated as an API. See https://setuptools.pypa.io/en/latest/pkg_resources.html. The pkg_resources package is slated for removal as early as 2025-11-30. Refrain from using this package or pin to Setuptools<81.
  from pkg_resources import DistributionNotFound, get_distribution
使用自動混合精度: torch.bfloat16
[設定] Log 檔案已設為: QATcode/cache_method/L1_L2_cosine/logs/similarity_model_input_blocks_2.log
2026-03-20 18:51:27,629 [INFO] Using 100 steps
2026-03-20 18:51:27,629 [INFO] Using 100 steps
2026-03-20 18:51:27,629 [INFO] Using 50000 evaluation samples
2026-03-20 18:51:27,629 [INFO] Using 50000 evaluation samples
2026-03-20 18:51:27,629 [INFO] Cache enabled: False, method: Res, threshold: 0.1
2026-03-20 18:51:27,629 [INFO] Cache enabled: False, method: Res, threshold: 0.1
2026-03-20 18:51:27,629 [INFO] Quantitative analysis enabled: False, samples: 10
2026-03-20 18:51:27,629 [INFO] Quantitative analysis enabled: False, samples: 10
2026-03-20 18:51:27,629 [INFO] Log file: QATcode/cache_method/L1_L2_cosine/logs/similarity_model_input_blocks_2.log
2026-03-20 18:51:27,629 [INFO] Log file: QATcode/cache_method/L1_L2_cosine/logs/similarity_model_input_blocks_2.log
2026-03-20 18:51:27,629 [INFO] ==================================================
2026-03-20 18:51:27,629 [INFO] ==================================================
2026-03-20 18:51:27,629 [INFO] Diff-AE EfficientDM Step 7 : 生成圖片
2026-03-20 18:51:27,629 [INFO] Diff-AE EfficientDM Step 7 : 生成圖片
2026-03-20 18:51:27,630 [INFO] ==================================================
2026-03-20 18:51:27,630 [INFO] ==================================================
2026-03-20 18:51:27,630 [INFO] 使用設備: cuda
2026-03-20 18:51:27,630 [INFO] 使用設備: cuda
2026-03-20 18:51:27,630 [INFO] === 新功能狀態 ===
2026-03-20 18:51:27,630 [INFO] === 新功能狀態 ===
2026-03-20 18:51:27,630 [INFO] 載入 Diff-AE 模型: checkpoints/ffhq128_autoenc_latent/last.ckpt
2026-03-20 18:51:27,630 [INFO] 載入 Diff-AE 模型: checkpoints/ffhq128_autoenc_latent/last.ckpt
Global seed set to 0
2026-03-20 18:51:29,430 [INFO] Diff-AE 模型載入完成
2026-03-20 18:51:29,430 [INFO] Diff-AE 模型載入完成
2026-03-20 18:51:29,490 [INFO] 執行 'load_diffae_model' 完成，耗時: 1.86 秒
2026-03-20 18:51:29,490 [INFO] 執行 'load_diffae_model' 完成，耗時: 1.86 秒
2026-03-20 18:51:29,490 [INFO] ✅ Diff-AE 模型載入成功
2026-03-20 18:51:29,490 [INFO] ✅ Diff-AE 模型載入成功
2026-03-20 18:51:29,490 [INFO] base_model.conf.train_mode: TrainMode.latent_diffusion
2026-03-20 18:51:29,490 [INFO] base_model.conf.train_mode: TrainMode.latent_diffusion
2026-03-20 18:51:29,490 [INFO] === 創建 LoRA 量化模型 ===
2026-03-20 18:51:29,490 [INFO] === 創建 LoRA 量化模型 ===
2026-03-20 18:51:29,490 [INFO] === 開始 UNet LoRA 量化改造 ===
2026-03-20 18:51:29,490 [INFO] === 開始 UNet LoRA 量化改造 ===
2026-03-20 18:51:29,490 [INFO] 改造模組: time_embed
2026-03-20 18:51:29,490 [INFO] 改造模組: time_embed
2026-03-20 18:51:29,490 [INFO]   跳過量化特殊模組: 0
2026-03-20 18:51:29,490 [INFO]   跳過量化特殊模組: 0
2026-03-20 18:51:29,490 [INFO]   跳過量化特殊模組: 2
2026-03-20 18:51:29,490 [INFO]   跳過量化特殊模組: 2
2026-03-20 18:51:29,491 [INFO] 改造模組: input_blocks
2026-03-20 18:51:29,491 [INFO] 改造模組: input_blocks
2026-03-20 18:51:29,491 [INFO]   跳過量化特殊模組: 0
2026-03-20 18:51:29,491 [INFO]   跳過量化特殊模組: 0
2026-03-20 18:51:29,491 [INFO]   替換層 2 -> QuantModule_DiffAE_LoRA
2026-03-20 18:51:29,491 [INFO]   替換層 2 -> QuantModule_DiffAE_LoRA
2026-03-20 18:51:29,554 [INFO]   替換層 1 -> QuantModule_DiffAE_LoRA
2026-03-20 18:51:29,554 [INFO]   替換層 1 -> QuantModule_DiffAE_LoRA
2026-03-20 18:51:29,555 [INFO]   替換層 1 -> QuantModule_DiffAE_LoRA
2026-03-20 18:51:29,555 [INFO]   替換層 1 -> QuantModule_DiffAE_LoRA
2026-03-20 18:51:29,555 [INFO]   替換層 3 -> QuantModule_DiffAE_LoRA
2026-03-20 18:51:29,555 [INFO]   替換層 3 -> QuantModule_DiffAE_LoRA
2026-03-20 18:51:29,556 [INFO]   替換層 2 -> QuantModule_DiffAE_LoRA
2026-03-20 18:51:29,556 [INFO]   替換層 2 -> QuantModule_DiffAE_LoRA
2026-03-20 18:51:29,557 [INFO]   替換層 1 -> QuantModule_DiffAE_LoRA
2026-03-20 18:51:29,557 [INFO]   替換層 1 -> QuantModule_DiffAE_LoRA
2026-03-20 18:51:29,557 [INFO]   替換層 1 -> QuantModule_DiffAE_LoRA
2026-03-20 18:51:29,557 [INFO]   替換層 1 -> QuantModule_DiffAE_LoRA
2026-03-20 18:51:29,558 [INFO]   替換層 3 -> QuantModule_DiffAE_LoRA
2026-03-20 18:51:29,558 [INFO]   替換層 3 -> QuantModule_DiffAE_LoRA
2026-03-20 18:51:29,559 [INFO]   替換層 2 -> QuantModule_DiffAE_LoRA
2026-03-20 18:51:29,559 [INFO]   替換層 2 -> QuantModule_DiffAE_LoRA
2026-03-20 18:51:29,559 [INFO]   替換層 1 -> QuantModule_DiffAE_LoRA
2026-03-20 18:51:29,559 [INFO]   替換層 1 -> QuantModule_DiffAE_LoRA
2026-03-20 18:51:29,560 [INFO]   替換層 1 -> QuantModule_DiffAE_LoRA
2026-03-20 18:51:29,560 [INFO]   替換層 1 -> QuantModule_DiffAE_LoRA
2026-03-20 18:51:29,560 [INFO]   替換層 3 -> QuantModule_DiffAE_LoRA
2026-03-20 18:51:29,560 [INFO]   替換層 3 -> QuantModule_DiffAE_LoRA
2026-03-20 18:51:29,561 [INFO]   替換層 2 -> QuantModule_DiffAE_LoRA
2026-03-20 18:51:29,561 [INFO]   替換層 2 -> QuantModule_DiffAE_LoRA
2026-03-20 18:51:29,562 [INFO]   替換層 1 -> QuantModule_DiffAE_LoRA
2026-03-20 18:51:29,562 [INFO]   替換層 1 -> QuantModule_DiffAE_LoRA
2026-03-20 18:51:29,563 [INFO]   替換層 1 -> QuantModule_DiffAE_LoRA
2026-03-20 18:51:29,563 [INFO]   替換層 1 -> QuantModule_DiffAE_LoRA
2026-03-20 18:51:29,563 [INFO]   替換層 3 -> QuantModule_DiffAE_LoRA
2026-03-20 18:51:29,563 [INFO]   替換層 3 -> QuantModule_DiffAE_LoRA
2026-03-20 18:51:29,564 [INFO]   替換層 2 -> QuantModule_DiffAE_LoRA
2026-03-20 18:51:29,564 [INFO]   替換層 2 -> QuantModule_DiffAE_LoRA
2026-03-20 18:51:29,564 [INFO]   替換層 1 -> QuantModule_DiffAE_LoRA
2026-03-20 18:51:29,564 [INFO]   替換層 1 -> QuantModule_DiffAE_LoRA
2026-03-20 18:51:29,565 [INFO]   替換層 1 -> QuantModule_DiffAE_LoRA
2026-03-20 18:51:29,565 [INFO]   替換層 1 -> QuantModule_DiffAE_LoRA
2026-03-20 18:51:29,565 [INFO]   替換層 3 -> QuantModule_DiffAE_LoRA
2026-03-20 18:51:29,565 [INFO]   替換層 3 -> QuantModule_DiffAE_LoRA
2026-03-20 18:51:29,566 [INFO]   替換層 2 -> QuantModule_DiffAE_LoRA
2026-03-20 18:51:29,566 [INFO]   替換層 2 -> QuantModule_DiffAE_LoRA
2026-03-20 18:51:29,567 [INFO]   替換層 1 -> QuantModule_DiffAE_LoRA
2026-03-20 18:51:29,567 [INFO]   替換層 1 -> QuantModule_DiffAE_LoRA
2026-03-20 18:51:29,567 [INFO]   替換層 1 -> QuantModule_DiffAE_LoRA
2026-03-20 18:51:29,567 [INFO]   替換層 1 -> QuantModule_DiffAE_LoRA
2026-03-20 18:51:29,568 [INFO]   替換層 3 -> QuantModule_DiffAE_LoRA
2026-03-20 18:51:29,568 [INFO]   替換層 3 -> QuantModule_DiffAE_LoRA
2026-03-20 18:51:29,569 [INFO]   替換層 2 -> QuantModule_DiffAE_LoRA
2026-03-20 18:51:29,569 [INFO]   替換層 2 -> QuantModule_DiffAE_LoRA
2026-03-20 18:51:29,570 [INFO]   替換層 1 -> QuantModule_DiffAE_LoRA
2026-03-20 18:51:29,570 [INFO]   替換層 1 -> QuantModule_DiffAE_LoRA
2026-03-20 18:51:29,571 [INFO]   替換層 1 -> QuantModule_DiffAE_LoRA
2026-03-20 18:51:29,571 [INFO]   替換層 1 -> QuantModule_DiffAE_LoRA
2026-03-20 18:51:29,571 [INFO]   替換層 3 -> QuantModule_DiffAE_LoRA
2026-03-20 18:51:29,571 [INFO]   替換層 3 -> QuantModule_DiffAE_LoRA
2026-03-20 18:51:29,573 [INFO]   跳過量化 skip connection: skip_connection
2026-03-20 18:51:29,573 [INFO]   跳過量化 skip connection: skip_connection
2026-03-20 18:51:29,573 [INFO]   替換層 2 -> QuantModule_DiffAE_LoRA
2026-03-20 18:51:29,573 [INFO]   替換層 2 -> QuantModule_DiffAE_LoRA
2026-03-20 18:51:29,575 [INFO]   替換層 1 -> QuantModule_DiffAE_LoRA
2026-03-20 18:51:29,575 [INFO]   替換層 1 -> QuantModule_DiffAE_LoRA
2026-03-20 18:51:29,576 [INFO]   替換層 1 -> QuantModule_DiffAE_LoRA
2026-03-20 18:51:29,576 [INFO]   替換層 1 -> QuantModule_DiffAE_LoRA
2026-03-20 18:51:29,577 [INFO]   替換層 3 -> QuantModule_DiffAE_LoRA
2026-03-20 18:51:29,577 [INFO]   替換層 3 -> QuantModule_DiffAE_LoRA
2026-03-20 18:51:29,579 [INFO]   替換層 2 -> QuantModule_DiffAE_LoRA
2026-03-20 18:51:29,579 [INFO]   替換層 2 -> QuantModule_DiffAE_LoRA
2026-03-20 18:51:29,581 [INFO]   替換層 1 -> QuantModule_DiffAE_LoRA
2026-03-20 18:51:29,581 [INFO]   替換層 1 -> QuantModule_DiffAE_LoRA
2026-03-20 18:51:29,582 [INFO]   替換層 1 -> QuantModule_DiffAE_LoRA
2026-03-20 18:51:29,582 [INFO]   替換層 1 -> QuantModule_DiffAE_LoRA
2026-03-20 18:51:29,583 [INFO]   替換層 3 -> QuantModule_DiffAE_LoRA
2026-03-20 18:51:29,583 [INFO]   替換層 3 -> QuantModule_DiffAE_LoRA
2026-03-20 18:51:29,585 [INFO]   替換層 2 -> QuantModule_DiffAE_LoRA
2026-03-20 18:51:29,585 [INFO]   替換層 2 -> QuantModule_DiffAE_LoRA
2026-03-20 18:51:29,587 [INFO]   替換層 1 -> QuantModule_DiffAE_LoRA
2026-03-20 18:51:29,587 [INFO]   替換層 1 -> QuantModule_DiffAE_LoRA
2026-03-20 18:51:29,589 [INFO]   替換層 1 -> QuantModule_DiffAE_LoRA
2026-03-20 18:51:29,589 [INFO]   替換層 1 -> QuantModule_DiffAE_LoRA
2026-03-20 18:51:29,590 [INFO]   替換層 3 -> QuantModule_DiffAE_LoRA
2026-03-20 18:51:29,590 [INFO]   替換層 3 -> QuantModule_DiffAE_LoRA
2026-03-20 18:51:29,595 [INFO]   跳過量化 skip connection: skip_connection
2026-03-20 18:51:29,595 [INFO]   跳過量化 skip connection: skip_connection
2026-03-20 18:51:29,595 [INFO]   替換層 2 -> QuantModule_DiffAE_LoRA
2026-03-20 18:51:29,595 [INFO]   替換層 2 -> QuantModule_DiffAE_LoRA
2026-03-20 18:51:29,600 [INFO]   替換層 1 -> QuantModule_DiffAE_LoRA
2026-03-20 18:51:29,600 [INFO]   替換層 1 -> QuantModule_DiffAE_LoRA
2026-03-20 18:51:29,602 [INFO]   替換層 1 -> QuantModule_DiffAE_LoRA
2026-03-20 18:51:29,602 [INFO]   替換層 1 -> QuantModule_DiffAE_LoRA
2026-03-20 18:51:29,602 [INFO]   替換層 3 -> QuantModule_DiffAE_LoRA
2026-03-20 18:51:29,602 [INFO]   替換層 3 -> QuantModule_DiffAE_LoRA
2026-03-20 18:51:29,607 [INFO]   替換層 2 -> QuantModule_DiffAE_LoRA
2026-03-20 18:51:29,607 [INFO]   替換層 2 -> QuantModule_DiffAE_LoRA
2026-03-20 18:51:29,612 [INFO]   替換層 1 -> QuantModule_DiffAE_LoRA
2026-03-20 18:51:29,612 [INFO]   替換層 1 -> QuantModule_DiffAE_LoRA
2026-03-20 18:51:29,613 [INFO]   替換層 1 -> QuantModule_DiffAE_LoRA
2026-03-20 18:51:29,613 [INFO]   替換層 1 -> QuantModule_DiffAE_LoRA
2026-03-20 18:51:29,614 [INFO]   替換層 3 -> QuantModule_DiffAE_LoRA
2026-03-20 18:51:29,614 [INFO]   替換層 3 -> QuantModule_DiffAE_LoRA
2026-03-20 18:51:29,619 [INFO]   替換層 2 -> QuantModule_DiffAE_LoRA
2026-03-20 18:51:29,619 [INFO]   替換層 2 -> QuantModule_DiffAE_LoRA
2026-03-20 18:51:29,625 [INFO]   替換層 1 -> QuantModule_DiffAE_LoRA
2026-03-20 18:51:29,625 [INFO]   替換層 1 -> QuantModule_DiffAE_LoRA
2026-03-20 18:51:29,628 [INFO]   替換層 1 -> QuantModule_DiffAE_LoRA
2026-03-20 18:51:29,628 [INFO]   替換層 1 -> QuantModule_DiffAE_LoRA
2026-03-20 18:51:29,629 [INFO]   替換層 3 -> QuantModule_DiffAE_LoRA
2026-03-20 18:51:29,629 [INFO]   替換層 3 -> QuantModule_DiffAE_LoRA
2026-03-20 18:51:29,639 [INFO]   跳過量化 skip connection: skip_connection
2026-03-20 18:51:29,639 [INFO]   跳過量化 skip connection: skip_connection
2026-03-20 18:51:29,639 [INFO]   替換層 2 -> QuantModule_DiffAE_LoRA
2026-03-20 18:51:29,639 [INFO]   替換層 2 -> QuantModule_DiffAE_LoRA
2026-03-20 18:51:29,648 [INFO]   替換層 1 -> QuantModule_DiffAE_LoRA
2026-03-20 18:51:29,648 [INFO]   替換層 1 -> QuantModule_DiffAE_LoRA
2026-03-20 18:51:29,650 [INFO]   替換層 1 -> QuantModule_DiffAE_LoRA
2026-03-20 18:51:29,650 [INFO]   替換層 1 -> QuantModule_DiffAE_LoRA
2026-03-20 18:51:29,652 [INFO]   替換層 3 -> QuantModule_DiffAE_LoRA
2026-03-20 18:51:29,652 [INFO]   替換層 3 -> QuantModule_DiffAE_LoRA
2026-03-20 18:51:29,661 [INFO] 改造模組: middle_block
2026-03-20 18:51:29,661 [INFO] 改造模組: middle_block
2026-03-20 18:51:29,661 [INFO]   替換層 2 -> QuantModule_DiffAE_LoRA
2026-03-20 18:51:29,661 [INFO]   替換層 2 -> QuantModule_DiffAE_LoRA
2026-03-20 18:51:29,670 [INFO]   替換層 1 -> QuantModule_DiffAE_LoRA
2026-03-20 18:51:29,670 [INFO]   替換層 1 -> QuantModule_DiffAE_LoRA
2026-03-20 18:51:29,672 [INFO]   替換層 1 -> QuantModule_DiffAE_LoRA
2026-03-20 18:51:29,672 [INFO]   替換層 1 -> QuantModule_DiffAE_LoRA
2026-03-20 18:51:29,673 [INFO]   替換層 3 -> QuantModule_DiffAE_LoRA
2026-03-20 18:51:29,673 [INFO]   替換層 3 -> QuantModule_DiffAE_LoRA
2026-03-20 18:51:29,682 [INFO]   替換層 2 -> QuantModule_DiffAE_LoRA
2026-03-20 18:51:29,682 [INFO]   替換層 2 -> QuantModule_DiffAE_LoRA
2026-03-20 18:51:29,690 [INFO]   替換層 1 -> QuantModule_DiffAE_LoRA
2026-03-20 18:51:29,690 [INFO]   替換層 1 -> QuantModule_DiffAE_LoRA
2026-03-20 18:51:29,692 [INFO]   替換層 1 -> QuantModule_DiffAE_LoRA
2026-03-20 18:51:29,692 [INFO]   替換層 1 -> QuantModule_DiffAE_LoRA
2026-03-20 18:51:29,694 [INFO]   替換層 3 -> QuantModule_DiffAE_LoRA
2026-03-20 18:51:29,694 [INFO]   替換層 3 -> QuantModule_DiffAE_LoRA
2026-03-20 18:51:29,703 [INFO] 改造模組: output_blocks
2026-03-20 18:51:29,703 [INFO] 改造模組: output_blocks
2026-03-20 18:51:29,703 [INFO]   替換層 2 -> QuantModule_DiffAE_LoRA
2026-03-20 18:51:29,703 [INFO]   替換層 2 -> QuantModule_DiffAE_LoRA
2026-03-20 18:51:29,717 [INFO]   替換層 1 -> QuantModule_DiffAE_LoRA
2026-03-20 18:51:29,717 [INFO]   替換層 1 -> QuantModule_DiffAE_LoRA
2026-03-20 18:51:29,719 [INFO]   替換層 1 -> QuantModule_DiffAE_LoRA
2026-03-20 18:51:29,719 [INFO]   替換層 1 -> QuantModule_DiffAE_LoRA
2026-03-20 18:51:29,720 [INFO]   替換層 3 -> QuantModule_DiffAE_LoRA
2026-03-20 18:51:29,720 [INFO]   替換層 3 -> QuantModule_DiffAE_LoRA
2026-03-20 18:51:29,729 [INFO]   跳過量化 skip connection: skip_connection
2026-03-20 18:51:29,729 [INFO]   跳過量化 skip connection: skip_connection
2026-03-20 18:51:29,729 [INFO]   替換層 2 -> QuantModule_DiffAE_LoRA
2026-03-20 18:51:29,729 [INFO]   替換層 2 -> QuantModule_DiffAE_LoRA
2026-03-20 18:51:29,743 [INFO]   替換層 1 -> QuantModule_DiffAE_LoRA
2026-03-20 18:51:29,743 [INFO]   替換層 1 -> QuantModule_DiffAE_LoRA
2026-03-20 18:51:29,746 [INFO]   替換層 1 -> QuantModule_DiffAE_LoRA
2026-03-20 18:51:29,746 [INFO]   替換層 1 -> QuantModule_DiffAE_LoRA
2026-03-20 18:51:29,747 [INFO]   替換層 3 -> QuantModule_DiffAE_LoRA
2026-03-20 18:51:29,747 [INFO]   替換層 3 -> QuantModule_DiffAE_LoRA
2026-03-20 18:51:29,756 [INFO]   跳過量化 skip connection: skip_connection
2026-03-20 18:51:29,756 [INFO]   跳過量化 skip connection: skip_connection
2026-03-20 18:51:29,756 [INFO]   替換層 2 -> QuantModule_DiffAE_LoRA
2026-03-20 18:51:29,756 [INFO]   替換層 2 -> QuantModule_DiffAE_LoRA
2026-03-20 18:51:29,768 [INFO]   替換層 1 -> QuantModule_DiffAE_LoRA
2026-03-20 18:51:29,768 [INFO]   替換層 1 -> QuantModule_DiffAE_LoRA
2026-03-20 18:51:29,770 [INFO]   替換層 1 -> QuantModule_DiffAE_LoRA
2026-03-20 18:51:29,770 [INFO]   替換層 1 -> QuantModule_DiffAE_LoRA
2026-03-20 18:51:29,772 [INFO]   替換層 3 -> QuantModule_DiffAE_LoRA
2026-03-20 18:51:29,772 [INFO]   替換層 3 -> QuantModule_DiffAE_LoRA
2026-03-20 18:51:29,779 [INFO]   跳過量化 skip connection: skip_connection
2026-03-20 18:51:29,779 [INFO]   跳過量化 skip connection: skip_connection
2026-03-20 18:51:29,779 [INFO]   替換層 2 -> QuantModule_DiffAE_LoRA
2026-03-20 18:51:29,779 [INFO]   替換層 2 -> QuantModule_DiffAE_LoRA
2026-03-20 18:51:29,786 [INFO]   替換層 1 -> QuantModule_DiffAE_LoRA
2026-03-20 18:51:29,786 [INFO]   替換層 1 -> QuantModule_DiffAE_LoRA
2026-03-20 18:51:29,789 [INFO]   替換層 1 -> QuantModule_DiffAE_LoRA
2026-03-20 18:51:29,789 [INFO]   替換層 1 -> QuantModule_DiffAE_LoRA
2026-03-20 18:51:29,790 [INFO]   替換層 3 -> QuantModule_DiffAE_LoRA
2026-03-20 18:51:29,790 [INFO]   替換層 3 -> QuantModule_DiffAE_LoRA
2026-03-20 18:51:29,799 [INFO]   替換層 2 -> QuantModule_DiffAE_LoRA
2026-03-20 18:51:29,799 [INFO]   替換層 2 -> QuantModule_DiffAE_LoRA
2026-03-20 18:51:29,809 [INFO]   替換層 1 -> QuantModule_DiffAE_LoRA
2026-03-20 18:51:29,809 [INFO]   替換層 1 -> QuantModule_DiffAE_LoRA
2026-03-20 18:51:29,811 [INFO]   替換層 1 -> QuantModule_DiffAE_LoRA
2026-03-20 18:51:29,811 [INFO]   替換層 1 -> QuantModule_DiffAE_LoRA
2026-03-20 18:51:29,812 [INFO]   替換層 3 -> QuantModule_DiffAE_LoRA
2026-03-20 18:51:29,812 [INFO]   替換層 3 -> QuantModule_DiffAE_LoRA
2026-03-20 18:51:29,816 [INFO]   跳過量化 skip connection: skip_connection
2026-03-20 18:51:29,816 [INFO]   跳過量化 skip connection: skip_connection
2026-03-20 18:51:29,816 [INFO]   替換層 2 -> QuantModule_DiffAE_LoRA
2026-03-20 18:51:29,816 [INFO]   替換層 2 -> QuantModule_DiffAE_LoRA
2026-03-20 18:51:29,827 [INFO]   替換層 1 -> QuantModule_DiffAE_LoRA
2026-03-20 18:51:29,827 [INFO]   替換層 1 -> QuantModule_DiffAE_LoRA
2026-03-20 18:51:29,829 [INFO]   替換層 1 -> QuantModule_DiffAE_LoRA
2026-03-20 18:51:29,829 [INFO]   替換層 1 -> QuantModule_DiffAE_LoRA
2026-03-20 18:51:29,833 [INFO]   替換層 3 -> QuantModule_DiffAE_LoRA
2026-03-20 18:51:29,833 [INFO]   替換層 3 -> QuantModule_DiffAE_LoRA
2026-03-20 18:51:29,837 [INFO]   跳過量化 skip connection: skip_connection
2026-03-20 18:51:29,837 [INFO]   跳過量化 skip connection: skip_connection
2026-03-20 18:51:29,837 [INFO]   替換層 2 -> QuantModule_DiffAE_LoRA
2026-03-20 18:51:29,837 [INFO]   替換層 2 -> QuantModule_DiffAE_LoRA
2026-03-20 18:51:29,844 [INFO]   替換層 1 -> QuantModule_DiffAE_LoRA
2026-03-20 18:51:29,844 [INFO]   替換層 1 -> QuantModule_DiffAE_LoRA
2026-03-20 18:51:29,845 [INFO]   替換層 1 -> QuantModule_DiffAE_LoRA
2026-03-20 18:51:29,845 [INFO]   替換層 1 -> QuantModule_DiffAE_LoRA
2026-03-20 18:51:29,846 [INFO]   替換層 3 -> QuantModule_DiffAE_LoRA
2026-03-20 18:51:29,846 [INFO]   替換層 3 -> QuantModule_DiffAE_LoRA
2026-03-20 18:51:29,851 [INFO]   跳過量化 skip connection: skip_connection
2026-03-20 18:51:29,851 [INFO]   跳過量化 skip connection: skip_connection
2026-03-20 18:51:29,851 [INFO]   替換層 2 -> QuantModule_DiffAE_LoRA
2026-03-20 18:51:29,851 [INFO]   替換層 2 -> QuantModule_DiffAE_LoRA
2026-03-20 18:51:29,856 [INFO]   替換層 1 -> QuantModule_DiffAE_LoRA
2026-03-20 18:51:29,856 [INFO]   替換層 1 -> QuantModule_DiffAE_LoRA
2026-03-20 18:51:29,858 [INFO]   替換層 1 -> QuantModule_DiffAE_LoRA
2026-03-20 18:51:29,858 [INFO]   替換層 1 -> QuantModule_DiffAE_LoRA
2026-03-20 18:51:29,859 [INFO]   替換層 3 -> QuantModule_DiffAE_LoRA
2026-03-20 18:51:29,859 [INFO]   替換層 3 -> QuantModule_DiffAE_LoRA
2026-03-20 18:51:29,864 [INFO]   替換層 2 -> QuantModule_DiffAE_LoRA
2026-03-20 18:51:29,864 [INFO]   替換層 2 -> QuantModule_DiffAE_LoRA
2026-03-20 18:51:29,869 [INFO]   替換層 1 -> QuantModule_DiffAE_LoRA
2026-03-20 18:51:29,869 [INFO]   替換層 1 -> QuantModule_DiffAE_LoRA
2026-03-20 18:51:29,870 [INFO]   替換層 1 -> QuantModule_DiffAE_LoRA
2026-03-20 18:51:29,870 [INFO]   替換層 1 -> QuantModule_DiffAE_LoRA
2026-03-20 18:51:29,871 [INFO]   替換層 3 -> QuantModule_DiffAE_LoRA
2026-03-20 18:51:29,871 [INFO]   替換層 3 -> QuantModule_DiffAE_LoRA
2026-03-20 18:51:29,873 [INFO]   跳過量化 skip connection: skip_connection
2026-03-20 18:51:29,873 [INFO]   跳過量化 skip connection: skip_connection
2026-03-20 18:51:29,873 [INFO]   替換層 2 -> QuantModule_DiffAE_LoRA
2026-03-20 18:51:29,873 [INFO]   替換層 2 -> QuantModule_DiffAE_LoRA
2026-03-20 18:51:29,877 [INFO]   替換層 1 -> QuantModule_DiffAE_LoRA
2026-03-20 18:51:29,877 [INFO]   替換層 1 -> QuantModule_DiffAE_LoRA
2026-03-20 18:51:29,878 [INFO]   替換層 1 -> QuantModule_DiffAE_LoRA
2026-03-20 18:51:29,878 [INFO]   替換層 1 -> QuantModule_DiffAE_LoRA
2026-03-20 18:51:29,879 [INFO]   替換層 3 -> QuantModule_DiffAE_LoRA
2026-03-20 18:51:29,879 [INFO]   替換層 3 -> QuantModule_DiffAE_LoRA
2026-03-20 18:51:29,881 [INFO]   跳過量化 skip connection: skip_connection
2026-03-20 18:51:29,881 [INFO]   跳過量化 skip connection: skip_connection
2026-03-20 18:51:29,881 [INFO]   替換層 2 -> QuantModule_DiffAE_LoRA
2026-03-20 18:51:29,881 [INFO]   替換層 2 -> QuantModule_DiffAE_LoRA
2026-03-20 18:51:29,884 [INFO]   替換層 1 -> QuantModule_DiffAE_LoRA
2026-03-20 18:51:29,884 [INFO]   替換層 1 -> QuantModule_DiffAE_LoRA
2026-03-20 18:51:29,885 [INFO]   替換層 1 -> QuantModule_DiffAE_LoRA
2026-03-20 18:51:29,885 [INFO]   替換層 1 -> QuantModule_DiffAE_LoRA
2026-03-20 18:51:29,886 [INFO]   替換層 3 -> QuantModule_DiffAE_LoRA
2026-03-20 18:51:29,886 [INFO]   替換層 3 -> QuantModule_DiffAE_LoRA
2026-03-20 18:51:29,888 [INFO]   跳過量化 skip connection: skip_connection
2026-03-20 18:51:29,888 [INFO]   跳過量化 skip connection: skip_connection
2026-03-20 18:51:29,888 [INFO]   替換層 2 -> QuantModule_DiffAE_LoRA
2026-03-20 18:51:29,888 [INFO]   替換層 2 -> QuantModule_DiffAE_LoRA
2026-03-20 18:51:29,890 [INFO]   替換層 1 -> QuantModule_DiffAE_LoRA
2026-03-20 18:51:29,890 [INFO]   替換層 1 -> QuantModule_DiffAE_LoRA
2026-03-20 18:51:29,891 [INFO]   替換層 1 -> QuantModule_DiffAE_LoRA
2026-03-20 18:51:29,891 [INFO]   替換層 1 -> QuantModule_DiffAE_LoRA
2026-03-20 18:51:29,892 [INFO]   替換層 3 -> QuantModule_DiffAE_LoRA
2026-03-20 18:51:29,892 [INFO]   替換層 3 -> QuantModule_DiffAE_LoRA
2026-03-20 18:51:29,894 [INFO]   替換層 2 -> QuantModule_DiffAE_LoRA
2026-03-20 18:51:29,894 [INFO]   替換層 2 -> QuantModule_DiffAE_LoRA
2026-03-20 18:51:29,896 [INFO]   替換層 1 -> QuantModule_DiffAE_LoRA
2026-03-20 18:51:29,896 [INFO]   替換層 1 -> QuantModule_DiffAE_LoRA
2026-03-20 18:51:29,897 [INFO]   替換層 1 -> QuantModule_DiffAE_LoRA
2026-03-20 18:51:29,897 [INFO]   替換層 1 -> QuantModule_DiffAE_LoRA
2026-03-20 18:51:29,897 [INFO]   替換層 3 -> QuantModule_DiffAE_LoRA
2026-03-20 18:51:29,897 [INFO]   替換層 3 -> QuantModule_DiffAE_LoRA
2026-03-20 18:51:29,898 [INFO]   跳過量化 skip connection: skip_connection
2026-03-20 18:51:29,898 [INFO]   跳過量化 skip connection: skip_connection
2026-03-20 18:51:29,898 [INFO]   替換層 2 -> QuantModule_DiffAE_LoRA
2026-03-20 18:51:29,898 [INFO]   替換層 2 -> QuantModule_DiffAE_LoRA
2026-03-20 18:51:29,899 [INFO]   替換層 1 -> QuantModule_DiffAE_LoRA
2026-03-20 18:51:29,899 [INFO]   替換層 1 -> QuantModule_DiffAE_LoRA
2026-03-20 18:51:29,900 [INFO]   替換層 1 -> QuantModule_DiffAE_LoRA
2026-03-20 18:51:29,900 [INFO]   替換層 1 -> QuantModule_DiffAE_LoRA
2026-03-20 18:51:29,900 [INFO]   替換層 3 -> QuantModule_DiffAE_LoRA
2026-03-20 18:51:29,900 [INFO]   替換層 3 -> QuantModule_DiffAE_LoRA
2026-03-20 18:51:29,901 [INFO]   跳過量化 skip connection: skip_connection
2026-03-20 18:51:29,901 [INFO]   跳過量化 skip connection: skip_connection
2026-03-20 18:51:29,901 [INFO]   替換層 2 -> QuantModule_DiffAE_LoRA
2026-03-20 18:51:29,901 [INFO]   替換層 2 -> QuantModule_DiffAE_LoRA
2026-03-20 18:51:29,902 [INFO]   替換層 1 -> QuantModule_DiffAE_LoRA
2026-03-20 18:51:29,902 [INFO]   替換層 1 -> QuantModule_DiffAE_LoRA
2026-03-20 18:51:29,903 [INFO]   替換層 1 -> QuantModule_DiffAE_LoRA
2026-03-20 18:51:29,903 [INFO]   替換層 1 -> QuantModule_DiffAE_LoRA
2026-03-20 18:51:29,903 [INFO]   替換層 3 -> QuantModule_DiffAE_LoRA
2026-03-20 18:51:29,903 [INFO]   替換層 3 -> QuantModule_DiffAE_LoRA
2026-03-20 18:51:29,904 [INFO]   跳過量化 skip connection: skip_connection
2026-03-20 18:51:29,904 [INFO]   跳過量化 skip connection: skip_connection
2026-03-20 18:51:29,904 [INFO]   替換層 2 -> QuantModule_DiffAE_LoRA
2026-03-20 18:51:29,904 [INFO]   替換層 2 -> QuantModule_DiffAE_LoRA
2026-03-20 18:51:29,905 [INFO]   替換層 1 -> QuantModule_DiffAE_LoRA
2026-03-20 18:51:29,905 [INFO]   替換層 1 -> QuantModule_DiffAE_LoRA
2026-03-20 18:51:29,905 [INFO]   替換層 1 -> QuantModule_DiffAE_LoRA
2026-03-20 18:51:29,905 [INFO]   替換層 1 -> QuantModule_DiffAE_LoRA
2026-03-20 18:51:29,906 [INFO]   替換層 3 -> QuantModule_DiffAE_LoRA
2026-03-20 18:51:29,906 [INFO]   替換層 3 -> QuantModule_DiffAE_LoRA
2026-03-20 18:51:29,907 [INFO]   替換層 2 -> QuantModule_DiffAE_LoRA
2026-03-20 18:51:29,907 [INFO]   替換層 2 -> QuantModule_DiffAE_LoRA
2026-03-20 18:51:29,908 [INFO]   替換層 1 -> QuantModule_DiffAE_LoRA
2026-03-20 18:51:29,908 [INFO]   替換層 1 -> QuantModule_DiffAE_LoRA
2026-03-20 18:51:29,909 [INFO]   替換層 1 -> QuantModule_DiffAE_LoRA
2026-03-20 18:51:29,909 [INFO]   替換層 1 -> QuantModule_DiffAE_LoRA
2026-03-20 18:51:29,909 [INFO]   替換層 3 -> QuantModule_DiffAE_LoRA
2026-03-20 18:51:29,909 [INFO]   替換層 3 -> QuantModule_DiffAE_LoRA
2026-03-20 18:51:29,910 [INFO]   跳過量化 skip connection: skip_connection
2026-03-20 18:51:29,910 [INFO]   跳過量化 skip connection: skip_connection
2026-03-20 18:51:29,910 [INFO]   替換層 2 -> QuantModule_DiffAE_LoRA
2026-03-20 18:51:29,910 [INFO]   替換層 2 -> QuantModule_DiffAE_LoRA
2026-03-20 18:51:29,911 [INFO]   替換層 1 -> QuantModule_DiffAE_LoRA
2026-03-20 18:51:29,911 [INFO]   替換層 1 -> QuantModule_DiffAE_LoRA
2026-03-20 18:51:29,912 [INFO]   替換層 1 -> QuantModule_DiffAE_LoRA
2026-03-20 18:51:29,912 [INFO]   替換層 1 -> QuantModule_DiffAE_LoRA
2026-03-20 18:51:29,912 [INFO]   替換層 3 -> QuantModule_DiffAE_LoRA
2026-03-20 18:51:29,912 [INFO]   替換層 3 -> QuantModule_DiffAE_LoRA
2026-03-20 18:51:29,913 [INFO]   跳過量化 skip connection: skip_connection
2026-03-20 18:51:29,913 [INFO]   跳過量化 skip connection: skip_connection
2026-03-20 18:51:29,913 [INFO]   替換層 2 -> QuantModule_DiffAE_LoRA
2026-03-20 18:51:29,913 [INFO]   替換層 2 -> QuantModule_DiffAE_LoRA
2026-03-20 18:51:29,914 [INFO]   替換層 1 -> QuantModule_DiffAE_LoRA
2026-03-20 18:51:29,914 [INFO]   替換層 1 -> QuantModule_DiffAE_LoRA
2026-03-20 18:51:29,915 [INFO]   替換層 1 -> QuantModule_DiffAE_LoRA
2026-03-20 18:51:29,915 [INFO]   替換層 1 -> QuantModule_DiffAE_LoRA
2026-03-20 18:51:29,916 [INFO]   替換層 3 -> QuantModule_DiffAE_LoRA
2026-03-20 18:51:29,916 [INFO]   替換層 3 -> QuantModule_DiffAE_LoRA
2026-03-20 18:51:29,916 [INFO]   跳過量化 skip connection: skip_connection
2026-03-20 18:51:29,916 [INFO]   跳過量化 skip connection: skip_connection
2026-03-20 18:51:29,916 [INFO] 改造模組: out
2026-03-20 18:51:29,916 [INFO] 改造模組: out
2026-03-20 18:51:29,916 [INFO]   跳過量化特殊模組: 2
2026-03-20 18:51:29,916 [INFO]   跳過量化特殊模組: 2
2026-03-20 18:51:29,920 [INFO] 執行 'create_float_quantized_model' 完成，耗時: 0.43 秒
2026-03-20 18:51:29,920 [INFO] 執行 'create_float_quantized_model' 完成，耗時: 0.43 秒
2026-03-20 18:51:30,007 [INFO] 載入校準資料...
2026-03-20 18:51:30,007 [INFO] 載入校準資料...
2026-03-20 18:51:30,224 [INFO] ✅ 載入真實校準資料成功
2026-03-20 18:51:30,224 [INFO] ✅ 載入真實校準資料成功
2026-03-20 18:51:30,226 [INFO] ==================================================
2026-03-20 18:51:30,226 [INFO] ==================================================
2026-03-20 18:51:30,227 [INFO] 5. Setting first and last layers to 8-bit...
2026-03-20 18:51:30,227 [INFO] 5. Setting first and last layers to 8-bit...
2026-03-20 18:51:30,228 [INFO] 找到 144 個量化模組
2026-03-20 18:51:30,228 [INFO] 找到 144 個量化模組
2026-03-20 18:51:30,228 [INFO] ✅ 首尾層 8-bit 設定完成
2026-03-20 18:51:30,228 [INFO] ✅ 首尾層 8-bit 設定完成
2026-03-20 18:51:30,228 [INFO] ✅ 量化模型創建成功
2026-03-20 18:51:30,228 [INFO] ✅ 量化模型創建成功
2026-03-20 18:51:30,228 [INFO] set quant state to True, True for layer 1
2026-03-20 18:51:30,228 [INFO] set quant state to True, True for layer 1
2026-03-20 18:51:30,228 [INFO] set quant state to True, True for layer 2
2026-03-20 18:51:30,228 [INFO] set quant state to True, True for layer 2
2026-03-20 18:51:30,228 [INFO] set quant state to True, False for layer 3
2026-03-20 18:51:30,228 [INFO] set quant state to True, False for layer 3
2026-03-20 18:51:30,230 [INFO] set quant state to True, True for layer 144
2026-03-20 18:51:30,230 [INFO] set quant state to True, True for layer 144
2026-03-20 18:51:31,162 [INFO] EMA(load from ema_model.model.*): provided=1822 effective_loaded=1822 missing=280 unexpected=0
2026-03-20 18:51:31,162 [INFO] EMA(load from ema_model.model.*): provided=1822 effective_loaded=1822 missing=280 unexpected=0
2026-03-20 18:51:31,162 [WARNING] EMA missing keys (前10): ['model.input_blocks.1.0.in_layers.2.intn_dequantizer.delta', 'model.input_blocks.1.0.in_layers.2.intn_dequantizer.zero_point', 'model.input_blocks.1.0.emb_layers.1.intn_dequantizer.delta', 'model.input_blocks.1.0.emb_layers.1.intn_dequantizer.zero_point', 'model.input_blocks.1.0.cond_emb_layers.1.intn_dequantizer.delta', 'model.input_blocks.1.0.cond_emb_layers.1.intn_dequantizer.zero_point', 'model.input_blocks.1.0.out_layers.3.intn_dequantizer.delta', 'model.input_blocks.1.0.out_layers.3.intn_dequantizer.zero_point', 'model.input_blocks.2.0.in_layers.2.intn_dequantizer.delta', 'model.input_blocks.2.0.in_layers.2.intn_dequantizer.zero_point']
2026-03-20 18:51:31,162 [WARNING] EMA missing keys (前10): ['model.input_blocks.1.0.in_layers.2.intn_dequantizer.delta', 'model.input_blocks.1.0.in_layers.2.intn_dequantizer.zero_point', 'model.input_blocks.1.0.emb_layers.1.intn_dequantizer.delta', 'model.input_blocks.1.0.emb_layers.1.intn_dequantizer.zero_point', 'model.input_blocks.1.0.cond_emb_layers.1.intn_dequantizer.delta', 'model.input_blocks.1.0.cond_emb_layers.1.intn_dequantizer.zero_point', 'model.input_blocks.1.0.out_layers.3.intn_dequantizer.delta', 'model.input_blocks.1.0.out_layers.3.intn_dequantizer.zero_point', 'model.input_blocks.2.0.in_layers.2.intn_dequantizer.delta', 'model.input_blocks.2.0.in_layers.2.intn_dequantizer.zero_point']
2026-03-20 18:51:31,217 [INFO] MODEL(load from model.model.*): provided=1822 effective_loaded=1822 missing=280 unexpected=0
2026-03-20 18:51:31,217 [INFO] MODEL(load from model.model.*): provided=1822 effective_loaded=1822 missing=280 unexpected=0
2026-03-20 18:51:31,217 [INFO] ✅ 量化模型載入成功
2026-03-20 18:51:31,217 [INFO] ✅ 量化模型載入成功
2026-03-20 18:51:31,217 [INFO] === 初始化新功能模組 ===
2026-03-20 18:51:31,217 [INFO] === 初始化新功能模組 ===
2026-03-20 18:51:31,246 [INFO] ✅ 基礎模型設定完成
2026-03-20 18:51:31,246 [INFO] ✅ 基礎模型設定完成
2026-03-20 18:51:31,285 [INFO] ==================================================
2026-03-20 18:51:31,285 [INFO] ==================================================
2026-03-20 18:51:31,285 [INFO] 啟用 Similarity Analysis (L1/L2/Cosine)
2026-03-20 18:51:31,285 [INFO] 啟用 Similarity Analysis (L1/L2/Cosine)
2026-03-20 18:51:31,285 [INFO] FID 評估樣本數: 128
2026-03-20 18:51:31,285 [INFO] FID 評估樣本數: 128
2026-03-20 18:51:31,285 [INFO] 實際收集樣本數: 20 (用於加速)
2026-03-20 18:51:31,285 [INFO] 實際收集樣本數: 20 (用於加速)
2026-03-20 18:51:31,286 [INFO] 擴散步數: 100
2026-03-20 18:51:31,286 [INFO] 擴散步數: 100
2026-03-20 18:51:31,286 [INFO] ==================================================
2026-03-20 18:51:31,286 [INFO] ==================================================
2026-03-20 18:51:31,286 [INFO] [Similarity] 註冊 block hook: model.input_blocks.2
2026-03-20 18:51:31,286 [INFO] [Similarity] 註冊 block hook: model.input_blocks.2
2026-03-20 18:51:31,287 [INFO] [Similarity] 註冊 model step hook 完成
2026-03-20 18:51:31,287 [INFO] [Similarity] 註冊 model step hook 完成
Model params: 174.19 M
loading pretrain ... 130M
step: 1019986
loading latent stats ...
local seed: 0
train data: 70001
val data: 70001
on train dataloader start ...
mean: tensor(-0.0606, device='cuda:0') std: tensor(0.0755, device='cuda:0')
generating images:   0%|          | 0/4 [00:00<?, ?it/s]/home/jimmy/diffae/./diffusion/base.py:329: FutureWarning: `torch.cuda.amp.autocast(args...)` is deprecated. Please use `torch.amp.autocast('cuda', args...)` instead.
  with autocast(self.conf.fp16):
2026-03-20 18:52:09,113 [INFO] [Similarity] Batch 0 完成，已收集 20 個樣本
2026-03-20 18:52:09,113 [INFO] [Similarity] Batch 0 完成，已收集 20 個樣本
generating images:  25%|██▌       | 1/4 [00:38<01:54, 38.19s/it]2026-03-20 18:52:47,148 [INFO] [Similarity] Batch 1 完成，已收集 20 個樣本
2026-03-20 18:52:47,148 [INFO] [Similarity] Batch 1 完成，已收集 20 個樣本
generating images:  50%|█████     | 2/4 [01:16<01:16, 38.10s/it]2026-03-20 18:53:25,195 [INFO] [Similarity] Batch 2 完成，已收集 20 個樣本
2026-03-20 18:53:25,195 [INFO] [Similarity] Batch 2 完成，已收集 20 個樣本
generating images:  75%|███████▌  | 3/4 [01:54<00:38, 38.07s/it]2026-03-20 18:53:41,202 [INFO] [Similarity] 已收集 80 个样本，停止数据收集（目标: 80）
2026-03-20 18:53:41,202 [INFO] [Similarity] 已收集 80 个样本，停止数据收集（目标: 80）
2026-03-20 18:54:03,271 [INFO] [Similarity] Batch 3 完成，已收集 20 個樣本
2026-03-20 18:54:03,271 [INFO] [Similarity] Batch 3 完成，已收集 20 個樣本
generating images: 100%|██████████| 4/4 [02:32<00:00, 38.07s/it]generating images: 100%|██████████| 4/4 [02:32<00:00, 38.09s/it]
  0%|          | 0/4 [00:00<?, ?it/s] 25%|██▌       | 1/4 [00:00<00:00,  9.07it/s]100%|██████████| 4/4 [00:00<00:00, 21.50it/s]
  0%|          | 0/4 [00:00<?, ?it/s]100%|██████████| 4/4 [00:00<00:00, 36.09it/s]100%|██████████| 4/4 [00:00<00:00, 26.55it/s]
2026-03-20 18:54:06,434 [ERROR] Error: Imaginary component 8.431799684314134e+131
2026-03-20 18:54:06,434 [ERROR] Error: Imaginary component 8.431799684314134e+131
Traceback (most recent call last):
  File "/home/jimmy/diffae/QATcode/cache_method/L1_L2_cosine/similarity_calculation.py", line 1695, in <module>
    main_float_model()
  File "/home/jimmy/diffae/QATcode/cache_method/L1_L2_cosine/similarity_calculation.py", line 200, in wrapper
    result = func(*args, **kwargs)
  File "/home/jimmy/diffae/QATcode/cache_method/L1_L2_cosine/similarity_calculation.py", line 1503, in main_float_model
    raise e
  File "/home/jimmy/diffae/QATcode/cache_method/L1_L2_cosine/similarity_calculation.py", line 1454, in main_float_model
    score = evaluate_fid(
  File "/home/jimmy/diffae/./metrics.py", line 348, in evaluate_fid
    fid = fid_score.calculate_fid_given_paths(
  File "/home/jimmy/anaconda3/envs/diffae_bw/lib/python3.10/site-packages/pytorch_fid/fid_score.py", line 263, in calculate_fid_given_paths
    fid_value = calculate_frechet_distance(m1, s1, m2, s2)
  File "/home/jimmy/anaconda3/envs/diffae_bw/lib/python3.10/site-packages/pytorch_fid/fid_score.py", line 200, in calculate_frechet_distance
    raise ValueError('Imaginary component {}'.format(m))
ValueError: Imaginary component 8.431799684314134e+131
/home/jimmy/anaconda3/envs/diffae_bw/lib/python3.10/site-packages/torchmetrics/utilities/imports.py:21: UserWarning: pkg_resources is deprecated as an API. See https://setuptools.pypa.io/en/latest/pkg_resources.html. The pkg_resources package is slated for removal as early as 2025-11-30. Refrain from using this package or pin to Setuptools<81.
  from pkg_resources import DistributionNotFound, get_distribution
使用自動混合精度: torch.bfloat16
[設定] Log 檔案已設為: QATcode/cache_method/L1_L2_cosine/logs/similarity_model_input_blocks_2.log
2026-03-20 19:00:52,208 [INFO] Using 100 steps
2026-03-20 19:00:52,208 [INFO] Using 100 steps
2026-03-20 19:00:52,208 [INFO] Using 50000 evaluation samples
2026-03-20 19:00:52,208 [INFO] Using 50000 evaluation samples
2026-03-20 19:00:52,208 [INFO] Cache enabled: False, method: Res, threshold: 0.1
2026-03-20 19:00:52,208 [INFO] Cache enabled: False, method: Res, threshold: 0.1
2026-03-20 19:00:52,208 [INFO] Quantitative analysis enabled: False, samples: 10
2026-03-20 19:00:52,208 [INFO] Quantitative analysis enabled: False, samples: 10
2026-03-20 19:00:52,208 [INFO] Log file: QATcode/cache_method/L1_L2_cosine/logs/similarity_model_input_blocks_2.log
2026-03-20 19:00:52,208 [INFO] Log file: QATcode/cache_method/L1_L2_cosine/logs/similarity_model_input_blocks_2.log
2026-03-20 19:00:52,208 [INFO] ==================================================
2026-03-20 19:00:52,208 [INFO] ==================================================
2026-03-20 19:00:52,208 [INFO] Diff-AE EfficientDM Step 7 : 生成圖片
2026-03-20 19:00:52,208 [INFO] Diff-AE EfficientDM Step 7 : 生成圖片
2026-03-20 19:00:52,208 [INFO] ==================================================
2026-03-20 19:00:52,208 [INFO] ==================================================
2026-03-20 19:00:52,208 [INFO] 使用設備: cuda
2026-03-20 19:00:52,208 [INFO] 使用設備: cuda
2026-03-20 19:00:52,208 [INFO] === 新功能狀態 ===
2026-03-20 19:00:52,208 [INFO] === 新功能狀態 ===
2026-03-20 19:00:52,208 [INFO] 載入 Diff-AE 模型: checkpoints/ffhq128_autoenc_latent/last.ckpt
2026-03-20 19:00:52,208 [INFO] 載入 Diff-AE 模型: checkpoints/ffhq128_autoenc_latent/last.ckpt
Global seed set to 0
2026-03-20 19:00:54,016 [INFO] Diff-AE 模型載入完成
2026-03-20 19:00:54,016 [INFO] Diff-AE 模型載入完成
2026-03-20 19:00:54,062 [INFO] 執行 'load_diffae_model' 完成，耗時: 1.85 秒
2026-03-20 19:00:54,062 [INFO] 執行 'load_diffae_model' 完成，耗時: 1.85 秒
2026-03-20 19:00:54,062 [INFO] ✅ Diff-AE 模型載入成功
2026-03-20 19:00:54,062 [INFO] ✅ Diff-AE 模型載入成功
2026-03-20 19:00:54,062 [INFO] base_model.conf.train_mode: TrainMode.latent_diffusion
2026-03-20 19:00:54,062 [INFO] base_model.conf.train_mode: TrainMode.latent_diffusion
2026-03-20 19:00:54,062 [INFO] === 創建 LoRA 量化模型 ===
2026-03-20 19:00:54,062 [INFO] === 創建 LoRA 量化模型 ===
2026-03-20 19:00:54,062 [INFO] === 開始 UNet LoRA 量化改造 ===
2026-03-20 19:00:54,062 [INFO] === 開始 UNet LoRA 量化改造 ===
2026-03-20 19:00:54,062 [INFO] 改造模組: time_embed
2026-03-20 19:00:54,062 [INFO] 改造模組: time_embed
2026-03-20 19:00:54,062 [INFO]   跳過量化特殊模組: 0
2026-03-20 19:00:54,062 [INFO]   跳過量化特殊模組: 0
2026-03-20 19:00:54,063 [INFO]   跳過量化特殊模組: 2
2026-03-20 19:00:54,063 [INFO]   跳過量化特殊模組: 2
2026-03-20 19:00:54,063 [INFO] 改造模組: input_blocks
2026-03-20 19:00:54,063 [INFO] 改造模組: input_blocks
2026-03-20 19:00:54,063 [INFO]   跳過量化特殊模組: 0
2026-03-20 19:00:54,063 [INFO]   跳過量化特殊模組: 0
2026-03-20 19:00:54,063 [INFO]   替換層 2 -> QuantModule_DiffAE_LoRA
2026-03-20 19:00:54,063 [INFO]   替換層 2 -> QuantModule_DiffAE_LoRA
2026-03-20 19:00:54,125 [INFO]   替換層 1 -> QuantModule_DiffAE_LoRA
2026-03-20 19:00:54,125 [INFO]   替換層 1 -> QuantModule_DiffAE_LoRA
2026-03-20 19:00:54,126 [INFO]   替換層 1 -> QuantModule_DiffAE_LoRA
2026-03-20 19:00:54,126 [INFO]   替換層 1 -> QuantModule_DiffAE_LoRA
2026-03-20 19:00:54,126 [INFO]   替換層 3 -> QuantModule_DiffAE_LoRA
2026-03-20 19:00:54,126 [INFO]   替換層 3 -> QuantModule_DiffAE_LoRA
2026-03-20 19:00:54,127 [INFO]   替換層 2 -> QuantModule_DiffAE_LoRA
2026-03-20 19:00:54,127 [INFO]   替換層 2 -> QuantModule_DiffAE_LoRA
2026-03-20 19:00:54,128 [INFO]   替換層 1 -> QuantModule_DiffAE_LoRA
2026-03-20 19:00:54,128 [INFO]   替換層 1 -> QuantModule_DiffAE_LoRA
2026-03-20 19:00:54,129 [INFO]   替換層 1 -> QuantModule_DiffAE_LoRA
2026-03-20 19:00:54,129 [INFO]   替換層 1 -> QuantModule_DiffAE_LoRA
2026-03-20 19:00:54,129 [INFO]   替換層 3 -> QuantModule_DiffAE_LoRA
2026-03-20 19:00:54,129 [INFO]   替換層 3 -> QuantModule_DiffAE_LoRA
2026-03-20 19:00:54,130 [INFO]   替換層 2 -> QuantModule_DiffAE_LoRA
2026-03-20 19:00:54,130 [INFO]   替換層 2 -> QuantModule_DiffAE_LoRA
2026-03-20 19:00:54,131 [INFO]   替換層 1 -> QuantModule_DiffAE_LoRA
2026-03-20 19:00:54,131 [INFO]   替換層 1 -> QuantModule_DiffAE_LoRA
2026-03-20 19:00:54,132 [INFO]   替換層 1 -> QuantModule_DiffAE_LoRA
2026-03-20 19:00:54,132 [INFO]   替換層 1 -> QuantModule_DiffAE_LoRA
2026-03-20 19:00:54,132 [INFO]   替換層 3 -> QuantModule_DiffAE_LoRA
2026-03-20 19:00:54,132 [INFO]   替換層 3 -> QuantModule_DiffAE_LoRA
2026-03-20 19:00:54,133 [INFO]   替換層 2 -> QuantModule_DiffAE_LoRA
2026-03-20 19:00:54,133 [INFO]   替換層 2 -> QuantModule_DiffAE_LoRA
2026-03-20 19:00:54,134 [INFO]   替換層 1 -> QuantModule_DiffAE_LoRA
2026-03-20 19:00:54,134 [INFO]   替換層 1 -> QuantModule_DiffAE_LoRA
2026-03-20 19:00:54,135 [INFO]   替換層 1 -> QuantModule_DiffAE_LoRA
2026-03-20 19:00:54,135 [INFO]   替換層 1 -> QuantModule_DiffAE_LoRA
2026-03-20 19:00:54,135 [INFO]   替換層 3 -> QuantModule_DiffAE_LoRA
2026-03-20 19:00:54,135 [INFO]   替換層 3 -> QuantModule_DiffAE_LoRA
2026-03-20 19:00:54,136 [INFO]   替換層 2 -> QuantModule_DiffAE_LoRA
2026-03-20 19:00:54,136 [INFO]   替換層 2 -> QuantModule_DiffAE_LoRA
2026-03-20 19:00:54,137 [INFO]   替換層 1 -> QuantModule_DiffAE_LoRA
2026-03-20 19:00:54,137 [INFO]   替換層 1 -> QuantModule_DiffAE_LoRA
2026-03-20 19:00:54,137 [INFO]   替換層 1 -> QuantModule_DiffAE_LoRA
2026-03-20 19:00:54,137 [INFO]   替換層 1 -> QuantModule_DiffAE_LoRA
2026-03-20 19:00:54,138 [INFO]   替換層 3 -> QuantModule_DiffAE_LoRA
2026-03-20 19:00:54,138 [INFO]   替換層 3 -> QuantModule_DiffAE_LoRA
2026-03-20 19:00:54,138 [INFO]   替換層 2 -> QuantModule_DiffAE_LoRA
2026-03-20 19:00:54,138 [INFO]   替換層 2 -> QuantModule_DiffAE_LoRA
2026-03-20 19:00:54,139 [INFO]   替換層 1 -> QuantModule_DiffAE_LoRA
2026-03-20 19:00:54,139 [INFO]   替換層 1 -> QuantModule_DiffAE_LoRA
2026-03-20 19:00:54,140 [INFO]   替換層 1 -> QuantModule_DiffAE_LoRA
2026-03-20 19:00:54,140 [INFO]   替換層 1 -> QuantModule_DiffAE_LoRA
2026-03-20 19:00:54,140 [INFO]   替換層 3 -> QuantModule_DiffAE_LoRA
2026-03-20 19:00:54,140 [INFO]   替換層 3 -> QuantModule_DiffAE_LoRA
2026-03-20 19:00:54,141 [INFO]   替換層 2 -> QuantModule_DiffAE_LoRA
2026-03-20 19:00:54,141 [INFO]   替換層 2 -> QuantModule_DiffAE_LoRA
2026-03-20 19:00:54,142 [INFO]   替換層 1 -> QuantModule_DiffAE_LoRA
2026-03-20 19:00:54,142 [INFO]   替換層 1 -> QuantModule_DiffAE_LoRA
2026-03-20 19:00:54,143 [INFO]   替換層 1 -> QuantModule_DiffAE_LoRA
2026-03-20 19:00:54,143 [INFO]   替換層 1 -> QuantModule_DiffAE_LoRA
2026-03-20 19:00:54,144 [INFO]   替換層 3 -> QuantModule_DiffAE_LoRA
2026-03-20 19:00:54,144 [INFO]   替換層 3 -> QuantModule_DiffAE_LoRA
2026-03-20 19:00:54,146 [INFO]   跳過量化 skip connection: skip_connection
2026-03-20 19:00:54,146 [INFO]   跳過量化 skip connection: skip_connection
2026-03-20 19:00:54,146 [INFO]   替換層 2 -> QuantModule_DiffAE_LoRA
2026-03-20 19:00:54,146 [INFO]   替換層 2 -> QuantModule_DiffAE_LoRA
2026-03-20 19:00:54,148 [INFO]   替換層 1 -> QuantModule_DiffAE_LoRA
2026-03-20 19:00:54,148 [INFO]   替換層 1 -> QuantModule_DiffAE_LoRA
2026-03-20 19:00:54,149 [INFO]   替換層 1 -> QuantModule_DiffAE_LoRA
2026-03-20 19:00:54,149 [INFO]   替換層 1 -> QuantModule_DiffAE_LoRA
2026-03-20 19:00:54,150 [INFO]   替換層 3 -> QuantModule_DiffAE_LoRA
2026-03-20 19:00:54,150 [INFO]   替換層 3 -> QuantModule_DiffAE_LoRA
2026-03-20 19:00:54,152 [INFO]   替換層 2 -> QuantModule_DiffAE_LoRA
2026-03-20 19:00:54,152 [INFO]   替換層 2 -> QuantModule_DiffAE_LoRA
2026-03-20 19:00:54,153 [INFO]   替換層 1 -> QuantModule_DiffAE_LoRA
2026-03-20 19:00:54,153 [INFO]   替換層 1 -> QuantModule_DiffAE_LoRA
2026-03-20 19:00:54,155 [INFO]   替換層 1 -> QuantModule_DiffAE_LoRA
2026-03-20 19:00:54,155 [INFO]   替換層 1 -> QuantModule_DiffAE_LoRA
2026-03-20 19:00:54,155 [INFO]   替換層 3 -> QuantModule_DiffAE_LoRA
2026-03-20 19:00:54,155 [INFO]   替換層 3 -> QuantModule_DiffAE_LoRA
2026-03-20 19:00:54,158 [INFO]   替換層 2 -> QuantModule_DiffAE_LoRA
2026-03-20 19:00:54,158 [INFO]   替換層 2 -> QuantModule_DiffAE_LoRA
2026-03-20 19:00:54,161 [INFO]   替換層 1 -> QuantModule_DiffAE_LoRA
2026-03-20 19:00:54,161 [INFO]   替換層 1 -> QuantModule_DiffAE_LoRA
2026-03-20 19:00:54,162 [INFO]   替換層 1 -> QuantModule_DiffAE_LoRA
2026-03-20 19:00:54,162 [INFO]   替換層 1 -> QuantModule_DiffAE_LoRA
2026-03-20 19:00:54,163 [INFO]   替換層 3 -> QuantModule_DiffAE_LoRA
2026-03-20 19:00:54,163 [INFO]   替換層 3 -> QuantModule_DiffAE_LoRA
2026-03-20 19:00:54,167 [INFO]   跳過量化 skip connection: skip_connection
2026-03-20 19:00:54,167 [INFO]   跳過量化 skip connection: skip_connection
2026-03-20 19:00:54,167 [INFO]   替換層 2 -> QuantModule_DiffAE_LoRA
2026-03-20 19:00:54,167 [INFO]   替換層 2 -> QuantModule_DiffAE_LoRA
2026-03-20 19:00:54,171 [INFO]   替換層 1 -> QuantModule_DiffAE_LoRA
2026-03-20 19:00:54,171 [INFO]   替換層 1 -> QuantModule_DiffAE_LoRA
2026-03-20 19:00:54,173 [INFO]   替換層 1 -> QuantModule_DiffAE_LoRA
2026-03-20 19:00:54,173 [INFO]   替換層 1 -> QuantModule_DiffAE_LoRA
2026-03-20 19:00:54,173 [INFO]   替換層 3 -> QuantModule_DiffAE_LoRA
2026-03-20 19:00:54,173 [INFO]   替換層 3 -> QuantModule_DiffAE_LoRA
2026-03-20 19:00:54,178 [INFO]   替換層 2 -> QuantModule_DiffAE_LoRA
2026-03-20 19:00:54,178 [INFO]   替換層 2 -> QuantModule_DiffAE_LoRA
2026-03-20 19:00:54,183 [INFO]   替換層 1 -> QuantModule_DiffAE_LoRA
2026-03-20 19:00:54,183 [INFO]   替換層 1 -> QuantModule_DiffAE_LoRA
2026-03-20 19:00:54,184 [INFO]   替換層 1 -> QuantModule_DiffAE_LoRA
2026-03-20 19:00:54,184 [INFO]   替換層 1 -> QuantModule_DiffAE_LoRA
2026-03-20 19:00:54,186 [INFO]   替換層 3 -> QuantModule_DiffAE_LoRA
2026-03-20 19:00:54,186 [INFO]   替換層 3 -> QuantModule_DiffAE_LoRA
2026-03-20 19:00:54,190 [INFO]   替換層 2 -> QuantModule_DiffAE_LoRA
2026-03-20 19:00:54,190 [INFO]   替換層 2 -> QuantModule_DiffAE_LoRA
2026-03-20 19:00:54,195 [INFO]   替換層 1 -> QuantModule_DiffAE_LoRA
2026-03-20 19:00:54,195 [INFO]   替換層 1 -> QuantModule_DiffAE_LoRA
2026-03-20 19:00:54,196 [INFO]   替換層 1 -> QuantModule_DiffAE_LoRA
2026-03-20 19:00:54,196 [INFO]   替換層 1 -> QuantModule_DiffAE_LoRA
2026-03-20 19:00:54,197 [INFO]   替換層 3 -> QuantModule_DiffAE_LoRA
2026-03-20 19:00:54,197 [INFO]   替換層 3 -> QuantModule_DiffAE_LoRA
2026-03-20 19:00:54,206 [INFO]   跳過量化 skip connection: skip_connection
2026-03-20 19:00:54,206 [INFO]   跳過量化 skip connection: skip_connection
2026-03-20 19:00:54,206 [INFO]   替換層 2 -> QuantModule_DiffAE_LoRA
2026-03-20 19:00:54,206 [INFO]   替換層 2 -> QuantModule_DiffAE_LoRA
2026-03-20 19:00:54,215 [INFO]   替換層 1 -> QuantModule_DiffAE_LoRA
2026-03-20 19:00:54,215 [INFO]   替換層 1 -> QuantModule_DiffAE_LoRA
2026-03-20 19:00:54,217 [INFO]   替換層 1 -> QuantModule_DiffAE_LoRA
2026-03-20 19:00:54,217 [INFO]   替換層 1 -> QuantModule_DiffAE_LoRA
2026-03-20 19:00:54,218 [INFO]   替換層 3 -> QuantModule_DiffAE_LoRA
2026-03-20 19:00:54,218 [INFO]   替換層 3 -> QuantModule_DiffAE_LoRA
2026-03-20 19:00:54,225 [INFO] 改造模組: middle_block
2026-03-20 19:00:54,225 [INFO] 改造模組: middle_block
2026-03-20 19:00:54,225 [INFO]   替換層 2 -> QuantModule_DiffAE_LoRA
2026-03-20 19:00:54,225 [INFO]   替換層 2 -> QuantModule_DiffAE_LoRA
2026-03-20 19:00:54,233 [INFO]   替換層 1 -> QuantModule_DiffAE_LoRA
2026-03-20 19:00:54,233 [INFO]   替換層 1 -> QuantModule_DiffAE_LoRA
2026-03-20 19:00:54,235 [INFO]   替換層 1 -> QuantModule_DiffAE_LoRA
2026-03-20 19:00:54,235 [INFO]   替換層 1 -> QuantModule_DiffAE_LoRA
2026-03-20 19:00:54,236 [INFO]   替換層 3 -> QuantModule_DiffAE_LoRA
2026-03-20 19:00:54,236 [INFO]   替換層 3 -> QuantModule_DiffAE_LoRA
2026-03-20 19:00:54,243 [INFO]   替換層 2 -> QuantModule_DiffAE_LoRA
2026-03-20 19:00:54,243 [INFO]   替換層 2 -> QuantModule_DiffAE_LoRA
2026-03-20 19:00:54,249 [INFO]   替換層 1 -> QuantModule_DiffAE_LoRA
2026-03-20 19:00:54,249 [INFO]   替換層 1 -> QuantModule_DiffAE_LoRA
2026-03-20 19:00:54,251 [INFO]   替換層 1 -> QuantModule_DiffAE_LoRA
2026-03-20 19:00:54,251 [INFO]   替換層 1 -> QuantModule_DiffAE_LoRA
2026-03-20 19:00:54,252 [INFO]   替換層 3 -> QuantModule_DiffAE_LoRA
2026-03-20 19:00:54,252 [INFO]   替換層 3 -> QuantModule_DiffAE_LoRA
2026-03-20 19:00:54,259 [INFO] 改造模組: output_blocks
2026-03-20 19:00:54,259 [INFO] 改造模組: output_blocks
2026-03-20 19:00:54,259 [INFO]   替換層 2 -> QuantModule_DiffAE_LoRA
2026-03-20 19:00:54,259 [INFO]   替換層 2 -> QuantModule_DiffAE_LoRA
2026-03-20 19:00:54,273 [INFO]   替換層 1 -> QuantModule_DiffAE_LoRA
2026-03-20 19:00:54,273 [INFO]   替換層 1 -> QuantModule_DiffAE_LoRA
2026-03-20 19:00:54,276 [INFO]   替換層 1 -> QuantModule_DiffAE_LoRA
2026-03-20 19:00:54,276 [INFO]   替換層 1 -> QuantModule_DiffAE_LoRA
2026-03-20 19:00:54,277 [INFO]   替換層 3 -> QuantModule_DiffAE_LoRA
2026-03-20 19:00:54,277 [INFO]   替換層 3 -> QuantModule_DiffAE_LoRA
2026-03-20 19:00:54,285 [INFO]   跳過量化 skip connection: skip_connection
2026-03-20 19:00:54,285 [INFO]   跳過量化 skip connection: skip_connection
2026-03-20 19:00:54,285 [INFO]   替換層 2 -> QuantModule_DiffAE_LoRA
2026-03-20 19:00:54,285 [INFO]   替換層 2 -> QuantModule_DiffAE_LoRA
2026-03-20 19:00:54,305 [INFO]   替換層 1 -> QuantModule_DiffAE_LoRA
2026-03-20 19:00:54,305 [INFO]   替換層 1 -> QuantModule_DiffAE_LoRA
2026-03-20 19:00:54,307 [INFO]   替換層 1 -> QuantModule_DiffAE_LoRA
2026-03-20 19:00:54,307 [INFO]   替換層 1 -> QuantModule_DiffAE_LoRA
2026-03-20 19:00:54,308 [INFO]   替換層 3 -> QuantModule_DiffAE_LoRA
2026-03-20 19:00:54,308 [INFO]   替換層 3 -> QuantModule_DiffAE_LoRA
2026-03-20 19:00:54,316 [INFO]   跳過量化 skip connection: skip_connection
2026-03-20 19:00:54,316 [INFO]   跳過量化 skip connection: skip_connection
2026-03-20 19:00:54,316 [INFO]   替換層 2 -> QuantModule_DiffAE_LoRA
2026-03-20 19:00:54,316 [INFO]   替換層 2 -> QuantModule_DiffAE_LoRA
2026-03-20 19:00:54,328 [INFO]   替換層 1 -> QuantModule_DiffAE_LoRA
2026-03-20 19:00:54,328 [INFO]   替換層 1 -> QuantModule_DiffAE_LoRA
2026-03-20 19:00:54,329 [INFO]   替換層 1 -> QuantModule_DiffAE_LoRA
2026-03-20 19:00:54,329 [INFO]   替換層 1 -> QuantModule_DiffAE_LoRA
2026-03-20 19:00:54,331 [INFO]   替換層 3 -> QuantModule_DiffAE_LoRA
2026-03-20 19:00:54,331 [INFO]   替換層 3 -> QuantModule_DiffAE_LoRA
2026-03-20 19:00:54,338 [INFO]   跳過量化 skip connection: skip_connection
2026-03-20 19:00:54,338 [INFO]   跳過量化 skip connection: skip_connection
2026-03-20 19:00:54,338 [INFO]   替換層 2 -> QuantModule_DiffAE_LoRA
2026-03-20 19:00:54,338 [INFO]   替換層 2 -> QuantModule_DiffAE_LoRA
2026-03-20 19:00:54,345 [INFO]   替換層 1 -> QuantModule_DiffAE_LoRA
2026-03-20 19:00:54,345 [INFO]   替換層 1 -> QuantModule_DiffAE_LoRA
2026-03-20 19:00:54,346 [INFO]   替換層 1 -> QuantModule_DiffAE_LoRA
2026-03-20 19:00:54,346 [INFO]   替換層 1 -> QuantModule_DiffAE_LoRA
2026-03-20 19:00:54,347 [INFO]   替換層 3 -> QuantModule_DiffAE_LoRA
2026-03-20 19:00:54,347 [INFO]   替換層 3 -> QuantModule_DiffAE_LoRA
2026-03-20 19:00:54,354 [INFO]   替換層 2 -> QuantModule_DiffAE_LoRA
2026-03-20 19:00:54,354 [INFO]   替換層 2 -> QuantModule_DiffAE_LoRA
2026-03-20 19:00:54,363 [INFO]   替換層 1 -> QuantModule_DiffAE_LoRA
2026-03-20 19:00:54,363 [INFO]   替換層 1 -> QuantModule_DiffAE_LoRA
2026-03-20 19:00:54,365 [INFO]   替換層 1 -> QuantModule_DiffAE_LoRA
2026-03-20 19:00:54,365 [INFO]   替換層 1 -> QuantModule_DiffAE_LoRA
2026-03-20 19:00:54,365 [INFO]   替換層 3 -> QuantModule_DiffAE_LoRA
2026-03-20 19:00:54,365 [INFO]   替換層 3 -> QuantModule_DiffAE_LoRA
2026-03-20 19:00:54,369 [INFO]   跳過量化 skip connection: skip_connection
2026-03-20 19:00:54,369 [INFO]   跳過量化 skip connection: skip_connection
2026-03-20 19:00:54,369 [INFO]   替換層 2 -> QuantModule_DiffAE_LoRA
2026-03-20 19:00:54,369 [INFO]   替換層 2 -> QuantModule_DiffAE_LoRA
2026-03-20 19:00:54,377 [INFO]   替換層 1 -> QuantModule_DiffAE_LoRA
2026-03-20 19:00:54,377 [INFO]   替換層 1 -> QuantModule_DiffAE_LoRA
2026-03-20 19:00:54,378 [INFO]   替換層 1 -> QuantModule_DiffAE_LoRA
2026-03-20 19:00:54,378 [INFO]   替換層 1 -> QuantModule_DiffAE_LoRA
2026-03-20 19:00:54,379 [INFO]   替換層 3 -> QuantModule_DiffAE_LoRA
2026-03-20 19:00:54,379 [INFO]   替換層 3 -> QuantModule_DiffAE_LoRA
2026-03-20 19:00:54,384 [INFO]   跳過量化 skip connection: skip_connection
2026-03-20 19:00:54,384 [INFO]   跳過量化 skip connection: skip_connection
2026-03-20 19:00:54,384 [INFO]   替換層 2 -> QuantModule_DiffAE_LoRA
2026-03-20 19:00:54,384 [INFO]   替換層 2 -> QuantModule_DiffAE_LoRA
2026-03-20 19:00:54,391 [INFO]   替換層 1 -> QuantModule_DiffAE_LoRA
2026-03-20 19:00:54,391 [INFO]   替換層 1 -> QuantModule_DiffAE_LoRA
2026-03-20 19:00:54,392 [INFO]   替換層 1 -> QuantModule_DiffAE_LoRA
2026-03-20 19:00:54,392 [INFO]   替換層 1 -> QuantModule_DiffAE_LoRA
2026-03-20 19:00:54,393 [INFO]   替換層 3 -> QuantModule_DiffAE_LoRA
2026-03-20 19:00:54,393 [INFO]   替換層 3 -> QuantModule_DiffAE_LoRA
2026-03-20 19:00:54,396 [INFO]   跳過量化 skip connection: skip_connection
2026-03-20 19:00:54,396 [INFO]   跳過量化 skip connection: skip_connection
2026-03-20 19:00:54,396 [INFO]   替換層 2 -> QuantModule_DiffAE_LoRA
2026-03-20 19:00:54,396 [INFO]   替換層 2 -> QuantModule_DiffAE_LoRA
2026-03-20 19:00:54,400 [INFO]   替換層 1 -> QuantModule_DiffAE_LoRA
2026-03-20 19:00:54,400 [INFO]   替換層 1 -> QuantModule_DiffAE_LoRA
2026-03-20 19:00:54,402 [INFO]   替換層 1 -> QuantModule_DiffAE_LoRA
2026-03-20 19:00:54,402 [INFO]   替換層 1 -> QuantModule_DiffAE_LoRA
2026-03-20 19:00:54,403 [INFO]   替換層 3 -> QuantModule_DiffAE_LoRA
2026-03-20 19:00:54,403 [INFO]   替換層 3 -> QuantModule_DiffAE_LoRA
2026-03-20 19:00:54,407 [INFO]   替換層 2 -> QuantModule_DiffAE_LoRA
2026-03-20 19:00:54,407 [INFO]   替換層 2 -> QuantModule_DiffAE_LoRA
2026-03-20 19:00:54,411 [INFO]   替換層 1 -> QuantModule_DiffAE_LoRA
2026-03-20 19:00:54,411 [INFO]   替換層 1 -> QuantModule_DiffAE_LoRA
2026-03-20 19:00:54,413 [INFO]   替換層 1 -> QuantModule_DiffAE_LoRA
2026-03-20 19:00:54,413 [INFO]   替換層 1 -> QuantModule_DiffAE_LoRA
2026-03-20 19:00:54,413 [INFO]   替換層 3 -> QuantModule_DiffAE_LoRA
2026-03-20 19:00:54,413 [INFO]   替換層 3 -> QuantModule_DiffAE_LoRA
2026-03-20 19:00:54,415 [INFO]   跳過量化 skip connection: skip_connection
2026-03-20 19:00:54,415 [INFO]   跳過量化 skip connection: skip_connection
2026-03-20 19:00:54,415 [INFO]   替換層 2 -> QuantModule_DiffAE_LoRA
2026-03-20 19:00:54,415 [INFO]   替換層 2 -> QuantModule_DiffAE_LoRA
2026-03-20 19:00:54,420 [INFO]   替換層 1 -> QuantModule_DiffAE_LoRA
2026-03-20 19:00:54,420 [INFO]   替換層 1 -> QuantModule_DiffAE_LoRA
2026-03-20 19:00:54,421 [INFO]   替換層 1 -> QuantModule_DiffAE_LoRA
2026-03-20 19:00:54,421 [INFO]   替換層 1 -> QuantModule_DiffAE_LoRA
2026-03-20 19:00:54,421 [INFO]   替換層 3 -> QuantModule_DiffAE_LoRA
2026-03-20 19:00:54,421 [INFO]   替換層 3 -> QuantModule_DiffAE_LoRA
2026-03-20 19:00:54,423 [INFO]   跳過量化 skip connection: skip_connection
2026-03-20 19:00:54,423 [INFO]   跳過量化 skip connection: skip_connection
2026-03-20 19:00:54,423 [INFO]   替換層 2 -> QuantModule_DiffAE_LoRA
2026-03-20 19:00:54,423 [INFO]   替換層 2 -> QuantModule_DiffAE_LoRA
2026-03-20 19:00:54,426 [INFO]   替換層 1 -> QuantModule_DiffAE_LoRA
2026-03-20 19:00:54,426 [INFO]   替換層 1 -> QuantModule_DiffAE_LoRA
2026-03-20 19:00:54,428 [INFO]   替換層 1 -> QuantModule_DiffAE_LoRA
2026-03-20 19:00:54,428 [INFO]   替換層 1 -> QuantModule_DiffAE_LoRA
2026-03-20 19:00:54,428 [INFO]   替換層 3 -> QuantModule_DiffAE_LoRA
2026-03-20 19:00:54,428 [INFO]   替換層 3 -> QuantModule_DiffAE_LoRA
2026-03-20 19:00:54,430 [INFO]   跳過量化 skip connection: skip_connection
2026-03-20 19:00:54,430 [INFO]   跳過量化 skip connection: skip_connection
2026-03-20 19:00:54,430 [INFO]   替換層 2 -> QuantModule_DiffAE_LoRA
2026-03-20 19:00:54,430 [INFO]   替換層 2 -> QuantModule_DiffAE_LoRA
2026-03-20 19:00:54,432 [INFO]   替換層 1 -> QuantModule_DiffAE_LoRA
2026-03-20 19:00:54,432 [INFO]   替換層 1 -> QuantModule_DiffAE_LoRA
2026-03-20 19:00:54,433 [INFO]   替換層 1 -> QuantModule_DiffAE_LoRA
2026-03-20 19:00:54,433 [INFO]   替換層 1 -> QuantModule_DiffAE_LoRA
2026-03-20 19:00:54,434 [INFO]   替換層 3 -> QuantModule_DiffAE_LoRA
2026-03-20 19:00:54,434 [INFO]   替換層 3 -> QuantModule_DiffAE_LoRA
2026-03-20 19:00:54,436 [INFO]   替換層 2 -> QuantModule_DiffAE_LoRA
2026-03-20 19:00:54,436 [INFO]   替換層 2 -> QuantModule_DiffAE_LoRA
2026-03-20 19:00:54,438 [INFO]   替換層 1 -> QuantModule_DiffAE_LoRA
2026-03-20 19:00:54,438 [INFO]   替換層 1 -> QuantModule_DiffAE_LoRA
2026-03-20 19:00:54,439 [INFO]   替換層 1 -> QuantModule_DiffAE_LoRA
2026-03-20 19:00:54,439 [INFO]   替換層 1 -> QuantModule_DiffAE_LoRA
2026-03-20 19:00:54,439 [INFO]   替換層 3 -> QuantModule_DiffAE_LoRA
2026-03-20 19:00:54,439 [INFO]   替換層 3 -> QuantModule_DiffAE_LoRA
2026-03-20 19:00:54,440 [INFO]   跳過量化 skip connection: skip_connection
2026-03-20 19:00:54,440 [INFO]   跳過量化 skip connection: skip_connection
2026-03-20 19:00:54,440 [INFO]   替換層 2 -> QuantModule_DiffAE_LoRA
2026-03-20 19:00:54,440 [INFO]   替換層 2 -> QuantModule_DiffAE_LoRA
2026-03-20 19:00:54,441 [INFO]   替換層 1 -> QuantModule_DiffAE_LoRA
2026-03-20 19:00:54,441 [INFO]   替換層 1 -> QuantModule_DiffAE_LoRA
2026-03-20 19:00:54,442 [INFO]   替換層 1 -> QuantModule_DiffAE_LoRA
2026-03-20 19:00:54,442 [INFO]   替換層 1 -> QuantModule_DiffAE_LoRA
2026-03-20 19:00:54,443 [INFO]   替換層 3 -> QuantModule_DiffAE_LoRA
2026-03-20 19:00:54,443 [INFO]   替換層 3 -> QuantModule_DiffAE_LoRA
2026-03-20 19:00:54,443 [INFO]   跳過量化 skip connection: skip_connection
2026-03-20 19:00:54,443 [INFO]   跳過量化 skip connection: skip_connection
2026-03-20 19:00:54,443 [INFO]   替換層 2 -> QuantModule_DiffAE_LoRA
2026-03-20 19:00:54,443 [INFO]   替換層 2 -> QuantModule_DiffAE_LoRA
2026-03-20 19:00:54,445 [INFO]   替換層 1 -> QuantModule_DiffAE_LoRA
2026-03-20 19:00:54,445 [INFO]   替換層 1 -> QuantModule_DiffAE_LoRA
2026-03-20 19:00:54,445 [INFO]   替換層 1 -> QuantModule_DiffAE_LoRA
2026-03-20 19:00:54,445 [INFO]   替換層 1 -> QuantModule_DiffAE_LoRA
2026-03-20 19:00:54,446 [INFO]   替換層 3 -> QuantModule_DiffAE_LoRA
2026-03-20 19:00:54,446 [INFO]   替換層 3 -> QuantModule_DiffAE_LoRA
2026-03-20 19:00:54,446 [INFO]   跳過量化 skip connection: skip_connection
2026-03-20 19:00:54,446 [INFO]   跳過量化 skip connection: skip_connection
2026-03-20 19:00:54,446 [INFO]   替換層 2 -> QuantModule_DiffAE_LoRA
2026-03-20 19:00:54,446 [INFO]   替換層 2 -> QuantModule_DiffAE_LoRA
2026-03-20 19:00:54,447 [INFO]   替換層 1 -> QuantModule_DiffAE_LoRA
2026-03-20 19:00:54,447 [INFO]   替換層 1 -> QuantModule_DiffAE_LoRA
2026-03-20 19:00:54,448 [INFO]   替換層 1 -> QuantModule_DiffAE_LoRA
2026-03-20 19:00:54,448 [INFO]   替換層 1 -> QuantModule_DiffAE_LoRA
2026-03-20 19:00:54,448 [INFO]   替換層 3 -> QuantModule_DiffAE_LoRA
2026-03-20 19:00:54,448 [INFO]   替換層 3 -> QuantModule_DiffAE_LoRA
2026-03-20 19:00:54,449 [INFO]   替換層 2 -> QuantModule_DiffAE_LoRA
2026-03-20 19:00:54,449 [INFO]   替換層 2 -> QuantModule_DiffAE_LoRA
2026-03-20 19:00:54,450 [INFO]   替換層 1 -> QuantModule_DiffAE_LoRA
2026-03-20 19:00:54,450 [INFO]   替換層 1 -> QuantModule_DiffAE_LoRA
2026-03-20 19:00:54,451 [INFO]   替換層 1 -> QuantModule_DiffAE_LoRA
2026-03-20 19:00:54,451 [INFO]   替換層 1 -> QuantModule_DiffAE_LoRA
2026-03-20 19:00:54,451 [INFO]   替換層 3 -> QuantModule_DiffAE_LoRA
2026-03-20 19:00:54,451 [INFO]   替換層 3 -> QuantModule_DiffAE_LoRA
2026-03-20 19:00:54,452 [INFO]   跳過量化 skip connection: skip_connection
2026-03-20 19:00:54,452 [INFO]   跳過量化 skip connection: skip_connection
2026-03-20 19:00:54,452 [INFO]   替換層 2 -> QuantModule_DiffAE_LoRA
2026-03-20 19:00:54,452 [INFO]   替換層 2 -> QuantModule_DiffAE_LoRA
2026-03-20 19:00:54,453 [INFO]   替換層 1 -> QuantModule_DiffAE_LoRA
2026-03-20 19:00:54,453 [INFO]   替換層 1 -> QuantModule_DiffAE_LoRA
2026-03-20 19:00:54,454 [INFO]   替換層 1 -> QuantModule_DiffAE_LoRA
2026-03-20 19:00:54,454 [INFO]   替換層 1 -> QuantModule_DiffAE_LoRA
2026-03-20 19:00:54,454 [INFO]   替換層 3 -> QuantModule_DiffAE_LoRA
2026-03-20 19:00:54,454 [INFO]   替換層 3 -> QuantModule_DiffAE_LoRA
2026-03-20 19:00:54,455 [INFO]   跳過量化 skip connection: skip_connection
2026-03-20 19:00:54,455 [INFO]   跳過量化 skip connection: skip_connection
2026-03-20 19:00:54,455 [INFO]   替換層 2 -> QuantModule_DiffAE_LoRA
2026-03-20 19:00:54,455 [INFO]   替換層 2 -> QuantModule_DiffAE_LoRA
2026-03-20 19:00:54,456 [INFO]   替換層 1 -> QuantModule_DiffAE_LoRA
2026-03-20 19:00:54,456 [INFO]   替換層 1 -> QuantModule_DiffAE_LoRA
2026-03-20 19:00:54,457 [INFO]   替換層 1 -> QuantModule_DiffAE_LoRA
2026-03-20 19:00:54,457 [INFO]   替換層 1 -> QuantModule_DiffAE_LoRA
2026-03-20 19:00:54,457 [INFO]   替換層 3 -> QuantModule_DiffAE_LoRA
2026-03-20 19:00:54,457 [INFO]   替換層 3 -> QuantModule_DiffAE_LoRA
2026-03-20 19:00:54,458 [INFO]   跳過量化 skip connection: skip_connection
2026-03-20 19:00:54,458 [INFO]   跳過量化 skip connection: skip_connection
2026-03-20 19:00:54,458 [INFO] 改造模組: out
2026-03-20 19:00:54,458 [INFO] 改造模組: out
2026-03-20 19:00:54,458 [INFO]   跳過量化特殊模組: 2
2026-03-20 19:00:54,458 [INFO]   跳過量化特殊模組: 2
2026-03-20 19:00:54,461 [INFO] 執行 'create_float_quantized_model' 完成，耗時: 0.40 秒
2026-03-20 19:00:54,461 [INFO] 執行 'create_float_quantized_model' 完成，耗時: 0.40 秒
2026-03-20 19:00:54,549 [INFO] 載入校準資料...
2026-03-20 19:00:54,549 [INFO] 載入校準資料...
2026-03-20 19:00:54,774 [INFO] ✅ 載入真實校準資料成功
2026-03-20 19:00:54,774 [INFO] ✅ 載入真實校準資料成功
2026-03-20 19:00:54,776 [INFO] ==================================================
2026-03-20 19:00:54,776 [INFO] ==================================================
2026-03-20 19:00:54,776 [INFO] 5. Setting first and last layers to 8-bit...
2026-03-20 19:00:54,776 [INFO] 5. Setting first and last layers to 8-bit...
2026-03-20 19:00:54,778 [INFO] 找到 144 個量化模組
2026-03-20 19:00:54,778 [INFO] 找到 144 個量化模組
2026-03-20 19:00:54,778 [INFO] ✅ 首尾層 8-bit 設定完成
2026-03-20 19:00:54,778 [INFO] ✅ 首尾層 8-bit 設定完成
2026-03-20 19:00:54,778 [INFO] ✅ 量化模型創建成功
2026-03-20 19:00:54,778 [INFO] ✅ 量化模型創建成功
2026-03-20 19:00:54,778 [INFO] set quant state to True, True for layer 1
2026-03-20 19:00:54,778 [INFO] set quant state to True, True for layer 1
2026-03-20 19:00:54,778 [INFO] set quant state to True, True for layer 2
2026-03-20 19:00:54,778 [INFO] set quant state to True, True for layer 2
2026-03-20 19:00:54,778 [INFO] set quant state to True, False for layer 3
2026-03-20 19:00:54,778 [INFO] set quant state to True, False for layer 3
2026-03-20 19:00:54,779 [INFO] set quant state to True, True for layer 144
2026-03-20 19:00:54,779 [INFO] set quant state to True, True for layer 144
2026-03-20 19:00:55,700 [INFO] EMA(load from ema_model.model.*): provided=1822 effective_loaded=1822 missing=280 unexpected=0
2026-03-20 19:00:55,700 [INFO] EMA(load from ema_model.model.*): provided=1822 effective_loaded=1822 missing=280 unexpected=0
2026-03-20 19:00:55,700 [WARNING] EMA missing keys (前10): ['model.input_blocks.1.0.in_layers.2.intn_dequantizer.delta', 'model.input_blocks.1.0.in_layers.2.intn_dequantizer.zero_point', 'model.input_blocks.1.0.emb_layers.1.intn_dequantizer.delta', 'model.input_blocks.1.0.emb_layers.1.intn_dequantizer.zero_point', 'model.input_blocks.1.0.cond_emb_layers.1.intn_dequantizer.delta', 'model.input_blocks.1.0.cond_emb_layers.1.intn_dequantizer.zero_point', 'model.input_blocks.1.0.out_layers.3.intn_dequantizer.delta', 'model.input_blocks.1.0.out_layers.3.intn_dequantizer.zero_point', 'model.input_blocks.2.0.in_layers.2.intn_dequantizer.delta', 'model.input_blocks.2.0.in_layers.2.intn_dequantizer.zero_point']
2026-03-20 19:00:55,700 [WARNING] EMA missing keys (前10): ['model.input_blocks.1.0.in_layers.2.intn_dequantizer.delta', 'model.input_blocks.1.0.in_layers.2.intn_dequantizer.zero_point', 'model.input_blocks.1.0.emb_layers.1.intn_dequantizer.delta', 'model.input_blocks.1.0.emb_layers.1.intn_dequantizer.zero_point', 'model.input_blocks.1.0.cond_emb_layers.1.intn_dequantizer.delta', 'model.input_blocks.1.0.cond_emb_layers.1.intn_dequantizer.zero_point', 'model.input_blocks.1.0.out_layers.3.intn_dequantizer.delta', 'model.input_blocks.1.0.out_layers.3.intn_dequantizer.zero_point', 'model.input_blocks.2.0.in_layers.2.intn_dequantizer.delta', 'model.input_blocks.2.0.in_layers.2.intn_dequantizer.zero_point']
2026-03-20 19:00:55,756 [INFO] MODEL(load from model.model.*): provided=1822 effective_loaded=1822 missing=280 unexpected=0
2026-03-20 19:00:55,756 [INFO] MODEL(load from model.model.*): provided=1822 effective_loaded=1822 missing=280 unexpected=0
2026-03-20 19:00:55,756 [INFO] ✅ 量化模型載入成功
2026-03-20 19:00:55,756 [INFO] ✅ 量化模型載入成功
2026-03-20 19:00:55,756 [INFO] === 初始化新功能模組 ===
2026-03-20 19:00:55,756 [INFO] === 初始化新功能模組 ===
2026-03-20 19:00:55,786 [INFO] ✅ 基礎模型設定完成
2026-03-20 19:00:55,786 [INFO] ✅ 基礎模型設定完成
2026-03-20 19:00:55,817 [INFO] ==================================================
2026-03-20 19:00:55,817 [INFO] ==================================================
2026-03-20 19:00:55,817 [INFO] 啟用 Similarity Analysis (L1/L2/Cosine)
2026-03-20 19:00:55,817 [INFO] 啟用 Similarity Analysis (L1/L2/Cosine)
2026-03-20 19:00:55,817 [INFO] FID 評估樣本數: 128
2026-03-20 19:00:55,817 [INFO] FID 評估樣本數: 128
2026-03-20 19:00:55,817 [INFO] 實際收集樣本數: 20 (用於加速)
2026-03-20 19:00:55,817 [INFO] 實際收集樣本數: 20 (用於加速)
2026-03-20 19:00:55,817 [INFO] 擴散步數: 100
2026-03-20 19:00:55,817 [INFO] 擴散步數: 100
2026-03-20 19:00:55,817 [INFO] ==================================================
2026-03-20 19:00:55,817 [INFO] ==================================================
2026-03-20 19:00:55,817 [INFO] [Similarity] 註冊 block hook: model.input_blocks.2
2026-03-20 19:00:55,817 [INFO] [Similarity] 註冊 block hook: model.input_blocks.2
2026-03-20 19:00:55,819 [INFO] [Similarity] 註冊 model step hook 完成
2026-03-20 19:00:55,819 [INFO] [Similarity] 註冊 model step hook 完成
Model params: 174.19 M
loading pretrain ... 130M
step: 1019986
loading latent stats ...
local seed: 0
train data: 70001
val data: 70001
on train dataloader start ...
mean: tensor(-0.0606, device='cuda:0') std: tensor(0.0755, device='cuda:0')
generating images:   0%|          | 0/4 [00:00<?, ?it/s]/home/jimmy/diffae/./diffusion/base.py:329: FutureWarning: `torch.cuda.amp.autocast(args...)` is deprecated. Please use `torch.amp.autocast('cuda', args...)` instead.
  with autocast(self.conf.fp16):
2026-03-20 19:01:33,661 [INFO] [Similarity] Batch 0 完成，已收集 20 個樣本
2026-03-20 19:01:33,661 [INFO] [Similarity] Batch 0 完成，已收集 20 個樣本
generating images:  25%|██▌       | 1/4 [00:38<01:54, 38.21s/it]2026-03-20 19:02:11,764 [INFO] [Similarity] Batch 1 完成，已收集 20 個樣本
2026-03-20 19:02:11,764 [INFO] [Similarity] Batch 1 完成，已收集 20 個樣本
generating images:  50%|█████     | 2/4 [01:16<01:16, 38.15s/it]2026-03-20 19:02:49,867 [INFO] [Similarity] Batch 2 完成，已收集 20 個樣本
2026-03-20 19:02:49,867 [INFO] [Similarity] Batch 2 完成，已收集 20 個樣本
generating images:  75%|███████▌  | 3/4 [01:54<00:38, 38.12s/it]2026-03-20 19:03:05,888 [INFO] [Similarity] 已收集 80 个样本，停止数据收集（目标: 80）
2026-03-20 19:03:05,888 [INFO] [Similarity] 已收集 80 个样本，停止数据收集（目标: 80）
2026-03-20 19:03:27,964 [INFO] [Similarity] Batch 3 完成，已收集 20 個樣本
2026-03-20 19:03:27,964 [INFO] [Similarity] Batch 3 完成，已收集 20 個樣本
generating images: 100%|██████████| 4/4 [02:32<00:00, 38.11s/it]generating images: 100%|██████████| 4/4 [02:32<00:00, 38.13s/it]
2026-03-20 19:03:28,330 [INFO] [Similarity] FID@128 100 steps score: 0
2026-03-20 19:03:28,330 [INFO] [Similarity] FID@128 100 steps score: 0
2026-03-20 19:03:28,331 [INFO] [Similarity] model.input_blocks.2 cosine: min=0.185627, max=1.000000, diag_mean=1.000000, off_diag_mean=0.867287, off_diag_std=0.173207
2026-03-20 19:03:28,331 [INFO] [Similarity] model.input_blocks.2 cosine: min=0.185627, max=1.000000, diag_mean=1.000000, off_diag_mean=0.867287, off_diag_std=0.173207
2026-03-20 19:03:29,370 [INFO] ✅ Similarity Analysis 完成
2026-03-20 19:03:29,370 [INFO] ✅ Similarity Analysis 完成
2026-03-20 19:03:29,447 [INFO] 執行 'main_float_model' 完成，耗時: 157.24 秒
2026-03-20 19:03:29,447 [INFO] 執行 'main_float_model' 完成，耗時: 157.24 秒
