/home/jimmy/anaconda3/envs/diffae_bw/lib/python3.10/site-packages/lightning_fabric/__init__.py:41: pkg_resources is deprecated as an API. See https://setuptools.pypa.io/en/latest/pkg_resources.html. The pkg_resources package is slated for removal as early as 2025-11-30. Refrain from using this package or pin to Setuptools<81.
使用自動混合精度: torch.bfloat16
[設定] Log 檔案已設為: QATcode/cache_method/L1_L2_cosine/logs/similarity_model_input_blocks_1.log
2026-01-26 11:50:42,271 [INFO] Using 100 steps
2026-01-26 11:50:42,271 [INFO] Using 50000 evaluation samples
2026-01-26 11:50:42,271 [INFO] Cache enabled: False, method: Res, threshold: 0.1
2026-01-26 11:50:42,271 [INFO] Quantitative analysis enabled: False, samples: 10
2026-01-26 11:50:42,271 [INFO] Log file: QATcode/cache_method/L1_L2_cosine/logs/similarity_model_input_blocks_1.log
2026-01-26 11:50:42,271 [INFO] ==================================================
2026-01-26 11:50:42,271 [INFO] Diff-AE EfficientDM Step 7 : 生成圖片
2026-01-26 11:50:42,271 [INFO] ==================================================
2026-01-26 11:50:42,271 [INFO] Using 100 steps
2026-01-26 11:50:42,271 [INFO] Using 50000 evaluation samples
2026-01-26 11:50:42,271 [INFO] Cache enabled: False, method: Res, threshold: 0.1
2026-01-26 11:50:42,271 [INFO] Quantitative analysis enabled: False, samples: 10
2026-01-26 11:50:42,271 [INFO] Log file: QATcode/cache_method/L1_L2_cosine/logs/similarity_model_input_blocks_1.log
2026-01-26 11:50:42,271 [INFO] ==================================================
2026-01-26 11:50:42,271 [INFO] Diff-AE EfficientDM Step 7 : 生成圖片
2026-01-26 11:50:42,271 [INFO] ==================================================
2026-01-26 11:50:42,271 [INFO] 使用設備: cuda
2026-01-26 11:50:42,271 [INFO] === 新功能狀態 ===
2026-01-26 11:50:42,271 [INFO] 使用設備: cuda
2026-01-26 11:50:42,271 [INFO] === 新功能狀態 ===
2026-01-26 11:50:42,271 [INFO] 載入 Diff-AE 模型: checkpoints/ffhq128_autoenc_latent/last.ckpt
2026-01-26 11:50:42,271 [INFO] 載入 Diff-AE 模型: checkpoints/ffhq128_autoenc_latent/last.ckpt
Seed set to 0
Model params: 174.19 M
loading pretrain ... 130M
step: 1019986
loading latent stats ...
2026-01-26 11:50:45,155 [INFO] Diff-AE 模型載入完成
2026-01-26 11:50:45,155 [INFO] Diff-AE 模型載入完成
2026-01-26 11:50:45,200 [INFO] 執行 'load_diffae_model' 完成，耗時: 2.93 秒
2026-01-26 11:50:45,200 [INFO] ✅ Diff-AE 模型載入成功
2026-01-26 11:50:45,200 [INFO] base_model.conf.train_mode: TrainMode.latent_diffusion
2026-01-26 11:50:45,200 [INFO] === 創建 LoRA 量化模型 ===
2026-01-26 11:50:45,200 [INFO] === 開始 UNet LoRA 量化改造 ===
2026-01-26 11:50:45,200 [INFO] 執行 'load_diffae_model' 完成，耗時: 2.93 秒
2026-01-26 11:50:45,200 [INFO] ✅ Diff-AE 模型載入成功
2026-01-26 11:50:45,200 [INFO] base_model.conf.train_mode: TrainMode.latent_diffusion
2026-01-26 11:50:45,200 [INFO] === 創建 LoRA 量化模型 ===
2026-01-26 11:50:45,200 [INFO] === 開始 UNet LoRA 量化改造 ===
2026-01-26 11:50:45,200 [INFO] 改造模組: time_embed
2026-01-26 11:50:45,200 [INFO] 改造模組: time_embed
2026-01-26 11:50:45,200 [INFO]   跳過量化特殊模組: 0
2026-01-26 11:50:45,200 [INFO]   跳過量化特殊模組: 0
2026-01-26 11:50:45,205 [INFO]   跳過量化特殊模組: 2
2026-01-26 11:50:45,205 [INFO]   跳過量化特殊模組: 2
2026-01-26 11:50:45,210 [INFO] 改造模組: input_blocks
2026-01-26 11:50:45,210 [INFO] 改造模組: input_blocks
2026-01-26 11:50:45,210 [INFO]   跳過量化特殊模組: 0
2026-01-26 11:50:45,210 [INFO]   跳過量化特殊模組: 0
2026-01-26 11:50:45,210 [INFO]   替換層 2 -> QuantModule_DiffAE_LoRA
2026-01-26 11:50:45,210 [INFO]   替換層 2 -> QuantModule_DiffAE_LoRA
2026-01-26 11:50:45,292 [INFO]   替換層 1 -> QuantModule_DiffAE_LoRA
2026-01-26 11:50:45,292 [INFO]   替換層 1 -> QuantModule_DiffAE_LoRA
2026-01-26 11:50:45,299 [INFO]   替換層 1 -> QuantModule_DiffAE_LoRA
2026-01-26 11:50:45,299 [INFO]   替換層 1 -> QuantModule_DiffAE_LoRA
2026-01-26 11:50:45,304 [INFO]   替換層 3 -> QuantModule_DiffAE_LoRA
2026-01-26 11:50:45,304 [INFO]   替換層 3 -> QuantModule_DiffAE_LoRA
2026-01-26 11:50:45,310 [INFO]   替換層 2 -> QuantModule_DiffAE_LoRA
2026-01-26 11:50:45,310 [INFO]   替換層 2 -> QuantModule_DiffAE_LoRA
2026-01-26 11:50:45,316 [INFO]   替換層 1 -> QuantModule_DiffAE_LoRA
2026-01-26 11:50:45,316 [INFO]   替換層 1 -> QuantModule_DiffAE_LoRA
2026-01-26 11:50:45,322 [INFO]   替換層 1 -> QuantModule_DiffAE_LoRA
2026-01-26 11:50:45,322 [INFO]   替換層 1 -> QuantModule_DiffAE_LoRA
2026-01-26 11:50:45,328 [INFO]   替換層 3 -> QuantModule_DiffAE_LoRA
2026-01-26 11:50:45,328 [INFO]   替換層 3 -> QuantModule_DiffAE_LoRA
2026-01-26 11:50:45,330 [INFO]   替換層 2 -> QuantModule_DiffAE_LoRA
2026-01-26 11:50:45,330 [INFO]   替換層 2 -> QuantModule_DiffAE_LoRA
2026-01-26 11:50:45,331 [INFO]   替換層 1 -> QuantModule_DiffAE_LoRA
2026-01-26 11:50:45,331 [INFO]   替換層 1 -> QuantModule_DiffAE_LoRA
2026-01-26 11:50:45,331 [INFO]   替換層 1 -> QuantModule_DiffAE_LoRA
2026-01-26 11:50:45,331 [INFO]   替換層 1 -> QuantModule_DiffAE_LoRA
2026-01-26 11:50:45,332 [INFO]   替換層 3 -> QuantModule_DiffAE_LoRA
2026-01-26 11:50:45,332 [INFO]   替換層 3 -> QuantModule_DiffAE_LoRA
2026-01-26 11:50:45,332 [INFO]   替換層 2 -> QuantModule_DiffAE_LoRA
2026-01-26 11:50:45,332 [INFO]   替換層 2 -> QuantModule_DiffAE_LoRA
2026-01-26 11:50:45,333 [INFO]   替換層 1 -> QuantModule_DiffAE_LoRA
2026-01-26 11:50:45,333 [INFO]   替換層 1 -> QuantModule_DiffAE_LoRA
2026-01-26 11:50:45,333 [INFO]   替換層 1 -> QuantModule_DiffAE_LoRA
2026-01-26 11:50:45,333 [INFO]   替換層 1 -> QuantModule_DiffAE_LoRA
2026-01-26 11:50:45,334 [INFO]   替換層 3 -> QuantModule_DiffAE_LoRA
2026-01-26 11:50:45,334 [INFO]   替換層 3 -> QuantModule_DiffAE_LoRA
2026-01-26 11:50:45,334 [INFO]   替換層 2 -> QuantModule_DiffAE_LoRA
2026-01-26 11:50:45,334 [INFO]   替換層 2 -> QuantModule_DiffAE_LoRA
2026-01-26 11:50:45,335 [INFO]   替換層 1 -> QuantModule_DiffAE_LoRA
2026-01-26 11:50:45,335 [INFO]   替換層 1 -> QuantModule_DiffAE_LoRA
2026-01-26 11:50:45,336 [INFO]   替換層 1 -> QuantModule_DiffAE_LoRA
2026-01-26 11:50:45,336 [INFO]   替換層 1 -> QuantModule_DiffAE_LoRA
2026-01-26 11:50:45,336 [INFO]   替換層 3 -> QuantModule_DiffAE_LoRA
2026-01-26 11:50:45,336 [INFO]   替換層 3 -> QuantModule_DiffAE_LoRA
2026-01-26 11:50:45,337 [INFO]   替換層 2 -> QuantModule_DiffAE_LoRA
2026-01-26 11:50:45,337 [INFO]   替換層 2 -> QuantModule_DiffAE_LoRA
2026-01-26 11:50:45,337 [INFO]   替換層 1 -> QuantModule_DiffAE_LoRA
2026-01-26 11:50:45,337 [INFO]   替換層 1 -> QuantModule_DiffAE_LoRA
2026-01-26 11:50:45,338 [INFO]   替換層 1 -> QuantModule_DiffAE_LoRA
2026-01-26 11:50:45,338 [INFO]   替換層 1 -> QuantModule_DiffAE_LoRA
2026-01-26 11:50:45,338 [INFO]   替換層 3 -> QuantModule_DiffAE_LoRA
2026-01-26 11:50:45,338 [INFO]   替換層 3 -> QuantModule_DiffAE_LoRA
2026-01-26 11:50:45,339 [INFO]   替換層 2 -> QuantModule_DiffAE_LoRA
2026-01-26 11:50:45,339 [INFO]   替換層 2 -> QuantModule_DiffAE_LoRA
2026-01-26 11:50:45,340 [INFO]   替換層 1 -> QuantModule_DiffAE_LoRA
2026-01-26 11:50:45,340 [INFO]   替換層 1 -> QuantModule_DiffAE_LoRA
2026-01-26 11:50:45,341 [INFO]   替換層 1 -> QuantModule_DiffAE_LoRA
2026-01-26 11:50:45,341 [INFO]   替換層 1 -> QuantModule_DiffAE_LoRA
2026-01-26 11:50:45,341 [INFO]   替換層 3 -> QuantModule_DiffAE_LoRA
2026-01-26 11:50:45,341 [INFO]   替換層 3 -> QuantModule_DiffAE_LoRA
2026-01-26 11:50:45,343 [INFO]   跳過量化 skip connection: skip_connection
2026-01-26 11:50:45,343 [INFO]   跳過量化 skip connection: skip_connection
2026-01-26 11:50:45,343 [INFO]   替換層 2 -> QuantModule_DiffAE_LoRA
2026-01-26 11:50:45,343 [INFO]   替換層 2 -> QuantModule_DiffAE_LoRA
2026-01-26 11:50:45,345 [INFO]   替換層 1 -> QuantModule_DiffAE_LoRA
2026-01-26 11:50:45,345 [INFO]   替換層 1 -> QuantModule_DiffAE_LoRA
2026-01-26 11:50:45,346 [INFO]   替換層 1 -> QuantModule_DiffAE_LoRA
2026-01-26 11:50:45,346 [INFO]   替換層 1 -> QuantModule_DiffAE_LoRA
2026-01-26 11:50:45,346 [INFO]   替換層 3 -> QuantModule_DiffAE_LoRA
2026-01-26 11:50:45,346 [INFO]   替換層 3 -> QuantModule_DiffAE_LoRA
2026-01-26 11:50:45,348 [INFO]   替換層 2 -> QuantModule_DiffAE_LoRA
2026-01-26 11:50:45,348 [INFO]   替換層 2 -> QuantModule_DiffAE_LoRA
2026-01-26 11:50:45,349 [INFO]   替換層 1 -> QuantModule_DiffAE_LoRA
2026-01-26 11:50:45,349 [INFO]   替換層 1 -> QuantModule_DiffAE_LoRA
2026-01-26 11:50:45,350 [INFO]   替換層 1 -> QuantModule_DiffAE_LoRA
2026-01-26 11:50:45,350 [INFO]   替換層 1 -> QuantModule_DiffAE_LoRA
2026-01-26 11:50:45,351 [INFO]   替換層 3 -> QuantModule_DiffAE_LoRA
2026-01-26 11:50:45,351 [INFO]   替換層 3 -> QuantModule_DiffAE_LoRA
2026-01-26 11:50:45,352 [INFO]   替換層 2 -> QuantModule_DiffAE_LoRA
2026-01-26 11:50:45,352 [INFO]   替換層 2 -> QuantModule_DiffAE_LoRA
2026-01-26 11:50:45,355 [INFO]   替換層 1 -> QuantModule_DiffAE_LoRA
2026-01-26 11:50:45,355 [INFO]   替換層 1 -> QuantModule_DiffAE_LoRA
2026-01-26 11:50:45,356 [INFO]   替換層 1 -> QuantModule_DiffAE_LoRA
2026-01-26 11:50:45,356 [INFO]   替換層 1 -> QuantModule_DiffAE_LoRA
2026-01-26 11:50:45,358 [INFO]   替換層 3 -> QuantModule_DiffAE_LoRA
2026-01-26 11:50:45,358 [INFO]   替換層 3 -> QuantModule_DiffAE_LoRA
2026-01-26 11:50:45,362 [INFO]   跳過量化 skip connection: skip_connection
2026-01-26 11:50:45,362 [INFO]   跳過量化 skip connection: skip_connection
2026-01-26 11:50:45,362 [INFO]   替換層 2 -> QuantModule_DiffAE_LoRA
2026-01-26 11:50:45,362 [INFO]   替換層 2 -> QuantModule_DiffAE_LoRA
2026-01-26 11:50:45,366 [INFO]   替換層 1 -> QuantModule_DiffAE_LoRA
2026-01-26 11:50:45,366 [INFO]   替換層 1 -> QuantModule_DiffAE_LoRA
2026-01-26 11:50:45,370 [INFO]   替換層 1 -> QuantModule_DiffAE_LoRA
2026-01-26 11:50:45,370 [INFO]   替換層 1 -> QuantModule_DiffAE_LoRA
2026-01-26 11:50:45,375 [INFO]   替換層 3 -> QuantModule_DiffAE_LoRA
2026-01-26 11:50:45,375 [INFO]   替換層 3 -> QuantModule_DiffAE_LoRA
2026-01-26 11:50:45,383 [INFO]   替換層 2 -> QuantModule_DiffAE_LoRA
2026-01-26 11:50:45,383 [INFO]   替換層 2 -> QuantModule_DiffAE_LoRA
2026-01-26 11:50:45,388 [INFO]   替換層 1 -> QuantModule_DiffAE_LoRA
2026-01-26 11:50:45,388 [INFO]   替換層 1 -> QuantModule_DiffAE_LoRA
2026-01-26 11:50:45,390 [INFO]   替換層 1 -> QuantModule_DiffAE_LoRA
2026-01-26 11:50:45,390 [INFO]   替換層 1 -> QuantModule_DiffAE_LoRA
2026-01-26 11:50:45,394 [INFO]   替換層 3 -> QuantModule_DiffAE_LoRA
2026-01-26 11:50:45,394 [INFO]   替換層 3 -> QuantModule_DiffAE_LoRA
2026-01-26 11:50:45,398 [INFO]   替換層 2 -> QuantModule_DiffAE_LoRA
2026-01-26 11:50:45,398 [INFO]   替換層 2 -> QuantModule_DiffAE_LoRA
2026-01-26 11:50:45,406 [INFO]   替換層 1 -> QuantModule_DiffAE_LoRA
2026-01-26 11:50:45,406 [INFO]   替換層 1 -> QuantModule_DiffAE_LoRA
2026-01-26 11:50:45,409 [INFO]   替換層 1 -> QuantModule_DiffAE_LoRA
2026-01-26 11:50:45,409 [INFO]   替換層 1 -> QuantModule_DiffAE_LoRA
2026-01-26 11:50:45,413 [INFO]   替換層 3 -> QuantModule_DiffAE_LoRA
2026-01-26 11:50:45,413 [INFO]   替換層 3 -> QuantModule_DiffAE_LoRA
2026-01-26 11:50:45,424 [INFO]   跳過量化 skip connection: skip_connection
2026-01-26 11:50:45,424 [INFO]   替換層 2 -> QuantModule_DiffAE_LoRA
2026-01-26 11:50:45,424 [INFO]   跳過量化 skip connection: skip_connection
2026-01-26 11:50:45,424 [INFO]   替換層 2 -> QuantModule_DiffAE_LoRA
2026-01-26 11:50:45,436 [INFO]   替換層 1 -> QuantModule_DiffAE_LoRA
2026-01-26 11:50:45,436 [INFO]   替換層 1 -> QuantModule_DiffAE_LoRA
2026-01-26 11:50:45,442 [INFO]   替換層 1 -> QuantModule_DiffAE_LoRA
2026-01-26 11:50:45,442 [INFO]   替換層 1 -> QuantModule_DiffAE_LoRA
2026-01-26 11:50:45,450 [INFO]   替換層 3 -> QuantModule_DiffAE_LoRA
2026-01-26 11:50:45,450 [INFO]   替換層 3 -> QuantModule_DiffAE_LoRA
2026-01-26 11:50:45,458 [INFO] 改造模組: middle_block
2026-01-26 11:50:45,458 [INFO]   替換層 2 -> QuantModule_DiffAE_LoRA
2026-01-26 11:50:45,458 [INFO] 改造模組: middle_block
2026-01-26 11:50:45,458 [INFO]   替換層 2 -> QuantModule_DiffAE_LoRA
2026-01-26 11:50:45,470 [INFO]   替換層 1 -> QuantModule_DiffAE_LoRA
2026-01-26 11:50:45,470 [INFO]   替換層 1 -> QuantModule_DiffAE_LoRA
2026-01-26 11:50:45,475 [INFO]   替換層 1 -> QuantModule_DiffAE_LoRA
2026-01-26 11:50:45,475 [INFO]   替換層 1 -> QuantModule_DiffAE_LoRA
2026-01-26 11:50:45,481 [INFO]   替換層 3 -> QuantModule_DiffAE_LoRA
2026-01-26 11:50:45,481 [INFO]   替換層 3 -> QuantModule_DiffAE_LoRA
2026-01-26 11:50:45,490 [INFO]   替換層 2 -> QuantModule_DiffAE_LoRA
2026-01-26 11:50:45,490 [INFO]   替換層 2 -> QuantModule_DiffAE_LoRA
2026-01-26 11:50:45,501 [INFO]   替換層 1 -> QuantModule_DiffAE_LoRA
2026-01-26 11:50:45,501 [INFO]   替換層 1 -> QuantModule_DiffAE_LoRA
2026-01-26 11:50:45,505 [INFO]   替換層 1 -> QuantModule_DiffAE_LoRA
2026-01-26 11:50:45,505 [INFO]   替換層 1 -> QuantModule_DiffAE_LoRA
2026-01-26 11:50:45,511 [INFO]   替換層 3 -> QuantModule_DiffAE_LoRA
2026-01-26 11:50:45,511 [INFO]   替換層 3 -> QuantModule_DiffAE_LoRA
2026-01-26 11:50:45,518 [INFO] 改造模組: output_blocks
2026-01-26 11:50:45,518 [INFO]   替換層 2 -> QuantModule_DiffAE_LoRA
2026-01-26 11:50:45,518 [INFO] 改造模組: output_blocks
2026-01-26 11:50:45,518 [INFO]   替換層 2 -> QuantModule_DiffAE_LoRA
2026-01-26 11:50:45,534 [INFO]   替換層 1 -> QuantModule_DiffAE_LoRA
2026-01-26 11:50:45,534 [INFO]   替換層 1 -> QuantModule_DiffAE_LoRA
2026-01-26 11:50:45,538 [INFO]   替換層 1 -> QuantModule_DiffAE_LoRA
2026-01-26 11:50:45,542 [INFO]   替換層 3 -> QuantModule_DiffAE_LoRA
2026-01-26 11:50:45,538 [INFO]   替換層 1 -> QuantModule_DiffAE_LoRA
2026-01-26 11:50:45,542 [INFO]   替換層 3 -> QuantModule_DiffAE_LoRA
2026-01-26 11:50:45,556 [INFO]   跳過量化 skip connection: skip_connection
2026-01-26 11:50:45,556 [INFO]   跳過量化 skip connection: skip_connection
2026-01-26 11:50:45,556 [INFO]   替換層 2 -> QuantModule_DiffAE_LoRA
2026-01-26 11:50:45,556 [INFO]   替換層 2 -> QuantModule_DiffAE_LoRA
2026-01-26 11:50:45,573 [INFO]   替換層 1 -> QuantModule_DiffAE_LoRA
2026-01-26 11:50:45,573 [INFO]   替換層 1 -> QuantModule_DiffAE_LoRA
2026-01-26 11:50:45,578 [INFO]   替換層 1 -> QuantModule_DiffAE_LoRA
2026-01-26 11:50:45,578 [INFO]   替換層 1 -> QuantModule_DiffAE_LoRA
2026-01-26 11:50:45,580 [INFO]   替換層 3 -> QuantModule_DiffAE_LoRA
2026-01-26 11:50:45,580 [INFO]   替換層 3 -> QuantModule_DiffAE_LoRA
2026-01-26 11:50:45,587 [INFO]   跳過量化 skip connection: skip_connection
2026-01-26 11:50:45,587 [INFO]   替換層 2 -> QuantModule_DiffAE_LoRA
2026-01-26 11:50:45,587 [INFO]   跳過量化 skip connection: skip_connection
2026-01-26 11:50:45,587 [INFO]   替換層 2 -> QuantModule_DiffAE_LoRA
2026-01-26 11:50:45,604 [INFO]   替換層 1 -> QuantModule_DiffAE_LoRA
2026-01-26 11:50:45,604 [INFO]   替換層 1 -> QuantModule_DiffAE_LoRA
2026-01-26 11:50:45,610 [INFO]   替換層 1 -> QuantModule_DiffAE_LoRA
2026-01-26 11:50:45,612 [INFO]   替換層 3 -> QuantModule_DiffAE_LoRA
2026-01-26 11:50:45,610 [INFO]   替換層 1 -> QuantModule_DiffAE_LoRA
2026-01-26 11:50:45,612 [INFO]   替換層 3 -> QuantModule_DiffAE_LoRA
2026-01-26 11:50:45,618 [INFO]   跳過量化 skip connection: skip_connection
2026-01-26 11:50:45,618 [INFO]   替換層 2 -> QuantModule_DiffAE_LoRA
2026-01-26 11:50:45,618 [INFO]   跳過量化 skip connection: skip_connection
2026-01-26 11:50:45,618 [INFO]   替換層 2 -> QuantModule_DiffAE_LoRA
2026-01-26 11:50:45,631 [INFO]   替換層 1 -> QuantModule_DiffAE_LoRA
2026-01-26 11:50:45,631 [INFO]   替換層 1 -> QuantModule_DiffAE_LoRA
2026-01-26 11:50:45,641 [INFO]   替換層 1 -> QuantModule_DiffAE_LoRA
2026-01-26 11:50:45,641 [INFO]   替換層 1 -> QuantModule_DiffAE_LoRA
2026-01-26 11:50:45,645 [INFO]   替換層 3 -> QuantModule_DiffAE_LoRA
2026-01-26 11:50:45,645 [INFO]   替換層 3 -> QuantModule_DiffAE_LoRA
2026-01-26 11:50:45,658 [INFO]   替換層 2 -> QuantModule_DiffAE_LoRA
2026-01-26 11:50:45,658 [INFO]   替換層 2 -> QuantModule_DiffAE_LoRA
2026-01-26 11:50:45,667 [INFO]   替換層 1 -> QuantModule_DiffAE_LoRA
2026-01-26 11:50:45,667 [INFO]   替換層 1 -> QuantModule_DiffAE_LoRA
2026-01-26 11:50:45,675 [INFO]   替換層 1 -> QuantModule_DiffAE_LoRA
2026-01-26 11:50:45,675 [INFO]   替換層 1 -> QuantModule_DiffAE_LoRA
2026-01-26 11:50:45,678 [INFO]   替換層 3 -> QuantModule_DiffAE_LoRA
2026-01-26 11:50:45,678 [INFO]   替換層 3 -> QuantModule_DiffAE_LoRA
2026-01-26 11:50:45,687 [INFO]   跳過量化 skip connection: skip_connection
2026-01-26 11:50:45,687 [INFO]   跳過量化 skip connection: skip_connection
2026-01-26 11:50:45,687 [INFO]   替換層 2 -> QuantModule_DiffAE_LoRA
2026-01-26 11:50:45,687 [INFO]   替換層 2 -> QuantModule_DiffAE_LoRA
2026-01-26 11:50:45,697 [INFO]   替換層 1 -> QuantModule_DiffAE_LoRA
2026-01-26 11:50:45,697 [INFO]   替換層 1 -> QuantModule_DiffAE_LoRA
2026-01-26 11:50:45,702 [INFO]   替換層 1 -> QuantModule_DiffAE_LoRA
2026-01-26 11:50:45,702 [INFO]   替換層 1 -> QuantModule_DiffAE_LoRA
2026-01-26 11:50:45,706 [INFO]   替換層 3 -> QuantModule_DiffAE_LoRA
2026-01-26 11:50:45,706 [INFO]   替換層 3 -> QuantModule_DiffAE_LoRA
2026-01-26 11:50:45,711 [INFO]   跳過量化 skip connection: skip_connection
2026-01-26 11:50:45,711 [INFO]   跳過量化 skip connection: skip_connection
2026-01-26 11:50:45,711 [INFO]   替換層 2 -> QuantModule_DiffAE_LoRA
2026-01-26 11:50:45,711 [INFO]   替換層 2 -> QuantModule_DiffAE_LoRA
2026-01-26 11:50:45,724 [INFO]   替換層 1 -> QuantModule_DiffAE_LoRA
2026-01-26 11:50:45,724 [INFO]   替換層 1 -> QuantModule_DiffAE_LoRA
2026-01-26 11:50:45,728 [INFO]   替換層 1 -> QuantModule_DiffAE_LoRA
2026-01-26 11:50:45,728 [INFO]   替換層 1 -> QuantModule_DiffAE_LoRA
2026-01-26 11:50:45,732 [INFO]   替換層 3 -> QuantModule_DiffAE_LoRA
2026-01-26 11:50:45,732 [INFO]   替換層 3 -> QuantModule_DiffAE_LoRA
2026-01-26 11:50:45,736 [INFO]   跳過量化 skip connection: skip_connection
2026-01-26 11:50:45,736 [INFO]   替換層 2 -> QuantModule_DiffAE_LoRA
2026-01-26 11:50:45,736 [INFO]   跳過量化 skip connection: skip_connection
2026-01-26 11:50:45,736 [INFO]   替換層 2 -> QuantModule_DiffAE_LoRA
2026-01-26 11:50:45,743 [INFO]   替換層 1 -> QuantModule_DiffAE_LoRA
2026-01-26 11:50:45,743 [INFO]   替換層 1 -> QuantModule_DiffAE_LoRA
2026-01-26 11:50:45,747 [INFO]   替換層 1 -> QuantModule_DiffAE_LoRA
2026-01-26 11:50:45,747 [INFO]   替換層 1 -> QuantModule_DiffAE_LoRA
2026-01-26 11:50:45,748 [INFO]   替換層 3 -> QuantModule_DiffAE_LoRA
2026-01-26 11:50:45,748 [INFO]   替換層 3 -> QuantModule_DiffAE_LoRA
2026-01-26 11:50:45,752 [INFO]   替換層 2 -> QuantModule_DiffAE_LoRA
2026-01-26 11:50:45,752 [INFO]   替換層 2 -> QuantModule_DiffAE_LoRA
2026-01-26 11:50:45,759 [INFO]   替換層 1 -> QuantModule_DiffAE_LoRA
2026-01-26 11:50:45,759 [INFO]   替換層 1 -> QuantModule_DiffAE_LoRA
2026-01-26 11:50:45,763 [INFO]   替換層 1 -> QuantModule_DiffAE_LoRA
2026-01-26 11:50:45,763 [INFO]   替換層 1 -> QuantModule_DiffAE_LoRA
2026-01-26 11:50:45,768 [INFO]   替換層 3 -> QuantModule_DiffAE_LoRA
2026-01-26 11:50:45,768 [INFO]   替換層 3 -> QuantModule_DiffAE_LoRA
2026-01-26 11:50:45,777 [INFO]   跳過量化 skip connection: skip_connection
2026-01-26 11:50:45,777 [INFO]   替換層 2 -> QuantModule_DiffAE_LoRA
2026-01-26 11:50:45,777 [INFO]   跳過量化 skip connection: skip_connection
2026-01-26 11:50:45,777 [INFO]   替換層 2 -> QuantModule_DiffAE_LoRA
2026-01-26 11:50:45,786 [INFO]   替換層 1 -> QuantModule_DiffAE_LoRA
2026-01-26 11:50:45,786 [INFO]   替換層 1 -> QuantModule_DiffAE_LoRA
2026-01-26 11:50:45,793 [INFO]   替換層 1 -> QuantModule_DiffAE_LoRA
2026-01-26 11:50:45,793 [INFO]   替換層 1 -> QuantModule_DiffAE_LoRA
2026-01-26 11:50:45,800 [INFO]   替換層 3 -> QuantModule_DiffAE_LoRA
2026-01-26 11:50:45,800 [INFO]   替換層 3 -> QuantModule_DiffAE_LoRA
2026-01-26 11:50:45,808 [INFO]   跳過量化 skip connection: skip_connection
2026-01-26 11:50:45,808 [INFO]   替換層 2 -> QuantModule_DiffAE_LoRA
2026-01-26 11:50:45,808 [INFO]   跳過量化 skip connection: skip_connection
2026-01-26 11:50:45,808 [INFO]   替換層 2 -> QuantModule_DiffAE_LoRA
2026-01-26 11:50:45,816 [INFO]   替換層 1 -> QuantModule_DiffAE_LoRA
2026-01-26 11:50:45,816 [INFO]   替換層 1 -> QuantModule_DiffAE_LoRA
2026-01-26 11:50:45,821 [INFO]   替換層 1 -> QuantModule_DiffAE_LoRA
2026-01-26 11:50:45,821 [INFO]   替換層 1 -> QuantModule_DiffAE_LoRA
2026-01-26 11:50:45,822 [INFO]   替換層 3 -> QuantModule_DiffAE_LoRA
2026-01-26 11:50:45,824 [INFO]   跳過量化 skip connection: skip_connection
2026-01-26 11:50:45,825 [INFO]   替換層 2 -> QuantModule_DiffAE_LoRA
2026-01-26 11:50:45,822 [INFO]   替換層 3 -> QuantModule_DiffAE_LoRA
2026-01-26 11:50:45,824 [INFO]   跳過量化 skip connection: skip_connection
2026-01-26 11:50:45,825 [INFO]   替換層 2 -> QuantModule_DiffAE_LoRA
2026-01-26 11:50:45,827 [INFO]   替換層 1 -> QuantModule_DiffAE_LoRA
2026-01-26 11:50:45,827 [INFO]   替換層 1 -> QuantModule_DiffAE_LoRA
2026-01-26 11:50:45,828 [INFO]   替換層 1 -> QuantModule_DiffAE_LoRA
2026-01-26 11:50:45,828 [INFO]   替換層 1 -> QuantModule_DiffAE_LoRA
2026-01-26 11:50:45,829 [INFO]   替換層 3 -> QuantModule_DiffAE_LoRA
2026-01-26 11:50:45,829 [INFO]   替換層 3 -> QuantModule_DiffAE_LoRA
2026-01-26 11:50:45,831 [INFO]   替換層 2 -> QuantModule_DiffAE_LoRA
2026-01-26 11:50:45,831 [INFO]   替換層 2 -> QuantModule_DiffAE_LoRA
2026-01-26 11:50:45,833 [INFO]   替換層 1 -> QuantModule_DiffAE_LoRA
2026-01-26 11:50:45,833 [INFO]   替換層 1 -> QuantModule_DiffAE_LoRA
2026-01-26 11:50:45,834 [INFO]   替換層 1 -> QuantModule_DiffAE_LoRA
2026-01-26 11:50:45,834 [INFO]   替換層 1 -> QuantModule_DiffAE_LoRA
2026-01-26 11:50:45,834 [INFO]   替換層 3 -> QuantModule_DiffAE_LoRA
2026-01-26 11:50:45,834 [INFO]   替換層 3 -> QuantModule_DiffAE_LoRA
2026-01-26 11:50:45,835 [INFO]   跳過量化 skip connection: skip_connection
2026-01-26 11:50:45,835 [INFO]   跳過量化 skip connection: skip_connection
2026-01-26 11:50:45,835 [INFO]   替換層 2 -> QuantModule_DiffAE_LoRA
2026-01-26 11:50:45,835 [INFO]   替換層 2 -> QuantModule_DiffAE_LoRA
2026-01-26 11:50:45,837 [INFO]   替換層 1 -> QuantModule_DiffAE_LoRA
2026-01-26 11:50:45,837 [INFO]   替換層 1 -> QuantModule_DiffAE_LoRA
2026-01-26 11:50:45,837 [INFO]   替換層 1 -> QuantModule_DiffAE_LoRA
2026-01-26 11:50:45,837 [INFO]   替換層 1 -> QuantModule_DiffAE_LoRA
2026-01-26 11:50:45,838 [INFO]   替換層 3 -> QuantModule_DiffAE_LoRA
2026-01-26 11:50:45,838 [INFO]   替換層 3 -> QuantModule_DiffAE_LoRA
2026-01-26 11:50:45,839 [INFO]   跳過量化 skip connection: skip_connection
2026-01-26 11:50:45,839 [INFO]   跳過量化 skip connection: skip_connection
2026-01-26 11:50:45,839 [INFO]   替換層 2 -> QuantModule_DiffAE_LoRA
2026-01-26 11:50:45,839 [INFO]   替換層 2 -> QuantModule_DiffAE_LoRA
2026-01-26 11:50:45,840 [INFO]   替換層 1 -> QuantModule_DiffAE_LoRA
2026-01-26 11:50:45,840 [INFO]   替換層 1 -> QuantModule_DiffAE_LoRA
2026-01-26 11:50:45,841 [INFO]   替換層 1 -> QuantModule_DiffAE_LoRA
2026-01-26 11:50:45,841 [INFO]   替換層 1 -> QuantModule_DiffAE_LoRA
2026-01-26 11:50:45,842 [INFO]   替換層 3 -> QuantModule_DiffAE_LoRA
2026-01-26 11:50:45,842 [INFO]   替換層 3 -> QuantModule_DiffAE_LoRA
2026-01-26 11:50:45,843 [INFO]   跳過量化 skip connection: skip_connection
2026-01-26 11:50:45,843 [INFO]   跳過量化 skip connection: skip_connection
2026-01-26 11:50:45,843 [INFO]   替換層 2 -> QuantModule_DiffAE_LoRA
2026-01-26 11:50:45,843 [INFO]   替換層 2 -> QuantModule_DiffAE_LoRA
2026-01-26 11:50:45,844 [INFO]   替換層 1 -> QuantModule_DiffAE_LoRA
2026-01-26 11:50:45,844 [INFO]   替換層 1 -> QuantModule_DiffAE_LoRA
2026-01-26 11:50:45,844 [INFO]   替換層 1 -> QuantModule_DiffAE_LoRA
2026-01-26 11:50:45,844 [INFO]   替換層 1 -> QuantModule_DiffAE_LoRA
2026-01-26 11:50:45,845 [INFO]   替換層 3 -> QuantModule_DiffAE_LoRA
2026-01-26 11:50:45,845 [INFO]   替換層 3 -> QuantModule_DiffAE_LoRA
2026-01-26 11:50:45,846 [INFO]   替換層 2 -> QuantModule_DiffAE_LoRA
2026-01-26 11:50:45,846 [INFO]   替換層 2 -> QuantModule_DiffAE_LoRA
2026-01-26 11:50:45,847 [INFO]   替換層 1 -> QuantModule_DiffAE_LoRA
2026-01-26 11:50:45,847 [INFO]   替換層 1 -> QuantModule_DiffAE_LoRA
2026-01-26 11:50:45,848 [INFO]   替換層 1 -> QuantModule_DiffAE_LoRA
2026-01-26 11:50:45,848 [INFO]   替換層 1 -> QuantModule_DiffAE_LoRA
2026-01-26 11:50:45,848 [INFO]   替換層 3 -> QuantModule_DiffAE_LoRA
2026-01-26 11:50:45,848 [INFO]   替換層 3 -> QuantModule_DiffAE_LoRA
2026-01-26 11:50:45,849 [INFO]   跳過量化 skip connection: skip_connection
2026-01-26 11:50:45,849 [INFO]   跳過量化 skip connection: skip_connection
2026-01-26 11:50:45,849 [INFO]   替換層 2 -> QuantModule_DiffAE_LoRA
2026-01-26 11:50:45,849 [INFO]   替換層 2 -> QuantModule_DiffAE_LoRA
2026-01-26 11:50:45,851 [INFO]   替換層 1 -> QuantModule_DiffAE_LoRA
2026-01-26 11:50:45,851 [INFO]   替換層 1 -> QuantModule_DiffAE_LoRA
2026-01-26 11:50:45,851 [INFO]   替換層 1 -> QuantModule_DiffAE_LoRA
2026-01-26 11:50:45,851 [INFO]   替換層 1 -> QuantModule_DiffAE_LoRA
2026-01-26 11:50:45,852 [INFO]   替換層 3 -> QuantModule_DiffAE_LoRA
2026-01-26 11:50:45,852 [INFO]   替換層 3 -> QuantModule_DiffAE_LoRA
2026-01-26 11:50:45,853 [INFO]   跳過量化 skip connection: skip_connection
2026-01-26 11:50:45,853 [INFO]   跳過量化 skip connection: skip_connection
2026-01-26 11:50:45,853 [INFO]   替換層 2 -> QuantModule_DiffAE_LoRA
2026-01-26 11:50:45,853 [INFO]   替換層 2 -> QuantModule_DiffAE_LoRA
2026-01-26 11:50:45,854 [INFO]   替換層 1 -> QuantModule_DiffAE_LoRA
2026-01-26 11:50:45,854 [INFO]   替換層 1 -> QuantModule_DiffAE_LoRA
2026-01-26 11:50:45,855 [INFO]   替換層 1 -> QuantModule_DiffAE_LoRA
2026-01-26 11:50:45,855 [INFO]   替換層 1 -> QuantModule_DiffAE_LoRA
2026-01-26 11:50:45,856 [INFO]   替換層 3 -> QuantModule_DiffAE_LoRA
2026-01-26 11:50:45,856 [INFO]   替換層 3 -> QuantModule_DiffAE_LoRA
2026-01-26 11:50:45,857 [INFO]   跳過量化 skip connection: skip_connection
2026-01-26 11:50:45,857 [INFO]   跳過量化 skip connection: skip_connection
2026-01-26 11:50:45,857 [INFO] 改造模組: out
2026-01-26 11:50:45,857 [INFO] 改造模組: out
2026-01-26 11:50:45,857 [INFO]   跳過量化特殊模組: 2
2026-01-26 11:50:45,857 [INFO]   跳過量化特殊模組: 2
2026-01-26 11:50:45,860 [INFO] 執行 'create_float_quantized_model' 完成，耗時: 0.66 秒
2026-01-26 11:50:45,860 [INFO] 執行 'create_float_quantized_model' 完成，耗時: 0.66 秒
2026-01-26 11:50:45,985 [INFO] 載入校準資料...
2026-01-26 11:50:45,985 [INFO] 載入校準資料...
2026-01-26 11:50:46,306 [INFO] ✅ 載入真實校準資料成功
2026-01-26 11:50:46,306 [INFO] ✅ 載入真實校準資料成功
2026-01-26 11:50:46,309 [INFO] ==================================================
2026-01-26 11:50:46,309 [INFO] 5. Setting first and last layers to 8-bit...
2026-01-26 11:50:46,309 [INFO] ==================================================
2026-01-26 11:50:46,309 [INFO] 5. Setting first and last layers to 8-bit...
2026-01-26 11:50:46,311 [INFO] 找到 144 個量化模組
2026-01-26 11:50:46,311 [INFO] ✅ 首尾層 8-bit 設定完成
2026-01-26 11:50:46,311 [INFO] 找到 144 個量化模組
2026-01-26 11:50:46,311 [INFO] ✅ 首尾層 8-bit 設定完成
2026-01-26 11:50:46,311 [INFO] ✅ 量化模型創建成功
2026-01-26 11:50:46,311 [INFO] ✅ 量化模型創建成功
2026-01-26 11:50:46,311 [INFO] set quant state to True, True for layer 1
2026-01-26 11:50:46,311 [INFO] set quant state to True, True for layer 1
2026-01-26 11:50:46,311 [INFO] set quant state to True, True for layer 2
2026-01-26 11:50:46,311 [INFO] set quant state to True, True for layer 2
2026-01-26 11:50:46,311 [INFO] set quant state to True, False for layer 3
2026-01-26 11:50:46,311 [INFO] set quant state to True, False for layer 3
2026-01-26 11:50:46,312 [INFO] set quant state to True, True for layer 144
2026-01-26 11:50:46,312 [INFO] set quant state to True, True for layer 144
2026-01-26 11:50:47,427 [INFO] ✅ 量化模型載入成功
2026-01-26 11:50:47,427 [INFO] === 初始化新功能模組 ===
2026-01-26 11:50:47,427 [INFO] ✅ 量化模型載入成功
2026-01-26 11:50:47,427 [INFO] === 初始化新功能模組 ===
local seed: 0
train data: 70001
val data: 70001
2026-01-26 11:50:47,454 [INFO] ✅ 基礎模型設定完成
2026-01-26 11:50:47,454 [INFO] ✅ 基礎模型設定完成
on train dataloader start ...
mean: tensor(-0.0606, device='cuda:0') std: tensor(0.0755, device='cuda:0')
2026-01-26 11:50:47,511 [INFO] ==================================================
2026-01-26 11:50:47,511 [INFO] 啟用 Similarity Analysis (L1/L2/Cosine)
2026-01-26 11:50:47,511 [INFO] FID 評估樣本數: 128
2026-01-26 11:50:47,511 [INFO] 實際收集樣本數: 20 (用於加速)
2026-01-26 11:50:47,511 [INFO] 擴散步數: 100
2026-01-26 11:50:47,511 [INFO] ==================================================
2026-01-26 11:50:47,511 [INFO] ==================================================
2026-01-26 11:50:47,511 [INFO] 啟用 Similarity Analysis (L1/L2/Cosine)
2026-01-26 11:50:47,511 [INFO] FID 評估樣本數: 128
2026-01-26 11:50:47,511 [INFO] 實際收集樣本數: 20 (用於加速)
2026-01-26 11:50:47,511 [INFO] 擴散步數: 100
2026-01-26 11:50:47,511 [INFO] ==================================================
2026-01-26 11:50:47,511 [INFO] [Similarity] 註冊 block hook: model.input_blocks.1
2026-01-26 11:50:47,511 [INFO] [Similarity] 註冊 block hook: model.input_blocks.1
2026-01-26 11:50:47,513 [INFO] [Similarity] 註冊 model step hook 完成
2026-01-26 11:50:47,513 [INFO] [Similarity] 註冊 model step hook 完成
generating images:   0%|          | 0/4 [00:00<?, ?it/s]/home/jimmy/diffae/./diffusion/base.py:329: FutureWarning: `torch.cuda.amp.autocast(args...)` is deprecated. Please use `torch.amp.autocast('cuda', args...)` instead.
  with autocast(self.conf.fp16):
2026-01-26 11:51:25,406 [INFO] [Similarity] Batch 0 完成，已收集 20 個樣本
2026-01-26 11:51:25,406 [INFO] [Similarity] Batch 0 完成，已收集 20 個樣本
generating images:  25%|██▌       | 1/4 [00:38<01:55, 38.45s/it]2026-01-26 11:52:03,658 [INFO] [Similarity] Batch 1 完成，已收集 20 個樣本
2026-01-26 11:52:03,658 [INFO] [Similarity] Batch 1 完成，已收集 20 個樣本
generating images:  50%|█████     | 2/4 [01:16<01:16, 38.36s/it]2026-01-26 11:52:41,959 [INFO] [Similarity] Batch 2 完成，已收集 20 個樣本
2026-01-26 11:52:41,959 [INFO] [Similarity] Batch 2 完成，已收集 20 個樣本
generating images:  75%|███████▌  | 3/4 [01:55<00:38, 38.33s/it]2026-01-26 11:52:58,230 [INFO] [Similarity] 已收集 80 个样本，停止数据收集（目标: 80）
2026-01-26 11:52:58,230 [INFO] [Similarity] 已收集 80 个样本，停止数据收集（目标: 80）
2026-01-26 11:53:20,222 [INFO] [Similarity] Batch 3 完成，已收集 20 個樣本
2026-01-26 11:53:20,222 [INFO] [Similarity] Batch 3 完成，已收集 20 個樣本
generating images: 100%|██████████| 4/4 [02:33<00:00, 38.25s/it]generating images: 100%|██████████| 4/4 [02:33<00:00, 38.29s/it]
2026-01-26 11:53:20,680 [INFO] [Similarity] FID@128 100 steps score: 0
2026-01-26 11:53:20,680 [INFO] [Similarity] FID@128 100 steps score: 0
2026-01-26 11:53:20,681 [INFO] [Similarity] model.input_blocks.1 cosine: min=0.117573, max=1.000000, diag_mean=1.000000, off_diag_mean=0.870283, off_diag_std=0.187798
2026-01-26 11:53:20,681 [INFO] [Similarity] model.input_blocks.1 cosine: min=0.117573, max=1.000000, diag_mean=1.000000, off_diag_mean=0.870283, off_diag_std=0.187798
2026-01-26 11:53:21,734 [INFO] ✅ Similarity Analysis 完成
2026-01-26 11:53:21,734 [INFO] ✅ Similarity Analysis 完成
2026-01-26 11:53:21,801 [INFO] 執行 'main_float_model' 完成，耗時: 159.53 秒
2026-01-26 11:53:21,801 [INFO] 執行 'main_float_model' 完成，耗時: 159.53 秒
/home/jimmy/anaconda3/envs/diffae_bw/lib/python3.10/site-packages/torchmetrics/utilities/imports.py:21: UserWarning: pkg_resources is deprecated as an API. See https://setuptools.pypa.io/en/latest/pkg_resources.html. The pkg_resources package is slated for removal as early as 2025-11-30. Refrain from using this package or pin to Setuptools<81.
  from pkg_resources import DistributionNotFound, get_distribution
使用自動混合精度: torch.bfloat16
[設定] Log 檔案已設為: QATcode/cache_method/L1_L2_cosine/logs/similarity_model_input_blocks_1.log
2026-03-20 18:48:46,588 [INFO] Using 100 steps
2026-03-20 18:48:46,588 [INFO] Using 100 steps
2026-03-20 18:48:46,588 [INFO] Using 50000 evaluation samples
2026-03-20 18:48:46,588 [INFO] Using 50000 evaluation samples
2026-03-20 18:48:46,588 [INFO] Cache enabled: False, method: Res, threshold: 0.1
2026-03-20 18:48:46,588 [INFO] Cache enabled: False, method: Res, threshold: 0.1
2026-03-20 18:48:46,588 [INFO] Quantitative analysis enabled: False, samples: 10
2026-03-20 18:48:46,588 [INFO] Quantitative analysis enabled: False, samples: 10
2026-03-20 18:48:46,588 [INFO] Log file: QATcode/cache_method/L1_L2_cosine/logs/similarity_model_input_blocks_1.log
2026-03-20 18:48:46,588 [INFO] Log file: QATcode/cache_method/L1_L2_cosine/logs/similarity_model_input_blocks_1.log
2026-03-20 18:48:46,588 [INFO] ==================================================
2026-03-20 18:48:46,588 [INFO] ==================================================
2026-03-20 18:48:46,588 [INFO] Diff-AE EfficientDM Step 7 : 生成圖片
2026-03-20 18:48:46,588 [INFO] Diff-AE EfficientDM Step 7 : 生成圖片
2026-03-20 18:48:46,588 [INFO] ==================================================
2026-03-20 18:48:46,588 [INFO] ==================================================
2026-03-20 18:48:46,588 [INFO] 使用設備: cuda
2026-03-20 18:48:46,588 [INFO] 使用設備: cuda
2026-03-20 18:48:46,588 [INFO] === 新功能狀態 ===
2026-03-20 18:48:46,588 [INFO] === 新功能狀態 ===
2026-03-20 18:48:46,588 [INFO] 載入 Diff-AE 模型: checkpoints/ffhq128_autoenc_latent/last.ckpt
2026-03-20 18:48:46,588 [INFO] 載入 Diff-AE 模型: checkpoints/ffhq128_autoenc_latent/last.ckpt
Global seed set to 0
2026-03-20 18:48:48,388 [INFO] Diff-AE 模型載入完成
2026-03-20 18:48:48,388 [INFO] Diff-AE 模型載入完成
2026-03-20 18:48:48,442 [INFO] 執行 'load_diffae_model' 完成，耗時: 1.85 秒
2026-03-20 18:48:48,442 [INFO] 執行 'load_diffae_model' 完成，耗時: 1.85 秒
2026-03-20 18:48:48,442 [INFO] ✅ Diff-AE 模型載入成功
2026-03-20 18:48:48,442 [INFO] ✅ Diff-AE 模型載入成功
2026-03-20 18:48:48,442 [INFO] base_model.conf.train_mode: TrainMode.latent_diffusion
2026-03-20 18:48:48,442 [INFO] base_model.conf.train_mode: TrainMode.latent_diffusion
2026-03-20 18:48:48,443 [INFO] === 創建 LoRA 量化模型 ===
2026-03-20 18:48:48,443 [INFO] === 創建 LoRA 量化模型 ===
2026-03-20 18:48:48,443 [INFO] === 開始 UNet LoRA 量化改造 ===
2026-03-20 18:48:48,443 [INFO] === 開始 UNet LoRA 量化改造 ===
2026-03-20 18:48:48,443 [INFO] 改造模組: time_embed
2026-03-20 18:48:48,443 [INFO] 改造模組: time_embed
2026-03-20 18:48:48,443 [INFO]   跳過量化特殊模組: 0
2026-03-20 18:48:48,443 [INFO]   跳過量化特殊模組: 0
2026-03-20 18:48:48,443 [INFO]   跳過量化特殊模組: 2
2026-03-20 18:48:48,443 [INFO]   跳過量化特殊模組: 2
2026-03-20 18:48:48,443 [INFO] 改造模組: input_blocks
2026-03-20 18:48:48,443 [INFO] 改造模組: input_blocks
2026-03-20 18:48:48,443 [INFO]   跳過量化特殊模組: 0
2026-03-20 18:48:48,443 [INFO]   跳過量化特殊模組: 0
2026-03-20 18:48:48,443 [INFO]   替換層 2 -> QuantModule_DiffAE_LoRA
2026-03-20 18:48:48,443 [INFO]   替換層 2 -> QuantModule_DiffAE_LoRA
2026-03-20 18:48:48,505 [INFO]   替換層 1 -> QuantModule_DiffAE_LoRA
2026-03-20 18:48:48,505 [INFO]   替換層 1 -> QuantModule_DiffAE_LoRA
2026-03-20 18:48:48,506 [INFO]   替換層 1 -> QuantModule_DiffAE_LoRA
2026-03-20 18:48:48,506 [INFO]   替換層 1 -> QuantModule_DiffAE_LoRA
2026-03-20 18:48:48,506 [INFO]   替換層 3 -> QuantModule_DiffAE_LoRA
2026-03-20 18:48:48,506 [INFO]   替換層 3 -> QuantModule_DiffAE_LoRA
2026-03-20 18:48:48,507 [INFO]   替換層 2 -> QuantModule_DiffAE_LoRA
2026-03-20 18:48:48,507 [INFO]   替換層 2 -> QuantModule_DiffAE_LoRA
2026-03-20 18:48:48,508 [INFO]   替換層 1 -> QuantModule_DiffAE_LoRA
2026-03-20 18:48:48,508 [INFO]   替換層 1 -> QuantModule_DiffAE_LoRA
2026-03-20 18:48:48,509 [INFO]   替換層 1 -> QuantModule_DiffAE_LoRA
2026-03-20 18:48:48,509 [INFO]   替換層 1 -> QuantModule_DiffAE_LoRA
2026-03-20 18:48:48,510 [INFO]   替換層 3 -> QuantModule_DiffAE_LoRA
2026-03-20 18:48:48,510 [INFO]   替換層 3 -> QuantModule_DiffAE_LoRA
2026-03-20 18:48:48,510 [INFO]   替換層 2 -> QuantModule_DiffAE_LoRA
2026-03-20 18:48:48,510 [INFO]   替換層 2 -> QuantModule_DiffAE_LoRA
2026-03-20 18:48:48,511 [INFO]   替換層 1 -> QuantModule_DiffAE_LoRA
2026-03-20 18:48:48,511 [INFO]   替換層 1 -> QuantModule_DiffAE_LoRA
2026-03-20 18:48:48,512 [INFO]   替換層 1 -> QuantModule_DiffAE_LoRA
2026-03-20 18:48:48,512 [INFO]   替換層 1 -> QuantModule_DiffAE_LoRA
2026-03-20 18:48:48,513 [INFO]   替換層 3 -> QuantModule_DiffAE_LoRA
2026-03-20 18:48:48,513 [INFO]   替換層 3 -> QuantModule_DiffAE_LoRA
2026-03-20 18:48:48,513 [INFO]   替換層 2 -> QuantModule_DiffAE_LoRA
2026-03-20 18:48:48,513 [INFO]   替換層 2 -> QuantModule_DiffAE_LoRA
2026-03-20 18:48:48,514 [INFO]   替換層 1 -> QuantModule_DiffAE_LoRA
2026-03-20 18:48:48,514 [INFO]   替換層 1 -> QuantModule_DiffAE_LoRA
2026-03-20 18:48:48,515 [INFO]   替換層 1 -> QuantModule_DiffAE_LoRA
2026-03-20 18:48:48,515 [INFO]   替換層 1 -> QuantModule_DiffAE_LoRA
2026-03-20 18:48:48,516 [INFO]   替換層 3 -> QuantModule_DiffAE_LoRA
2026-03-20 18:48:48,516 [INFO]   替換層 3 -> QuantModule_DiffAE_LoRA
2026-03-20 18:48:48,516 [INFO]   替換層 2 -> QuantModule_DiffAE_LoRA
2026-03-20 18:48:48,516 [INFO]   替換層 2 -> QuantModule_DiffAE_LoRA
2026-03-20 18:48:48,517 [INFO]   替換層 1 -> QuantModule_DiffAE_LoRA
2026-03-20 18:48:48,517 [INFO]   替換層 1 -> QuantModule_DiffAE_LoRA
2026-03-20 18:48:48,518 [INFO]   替換層 1 -> QuantModule_DiffAE_LoRA
2026-03-20 18:48:48,518 [INFO]   替換層 1 -> QuantModule_DiffAE_LoRA
2026-03-20 18:48:48,518 [INFO]   替換層 3 -> QuantModule_DiffAE_LoRA
2026-03-20 18:48:48,518 [INFO]   替換層 3 -> QuantModule_DiffAE_LoRA
2026-03-20 18:48:48,519 [INFO]   替換層 2 -> QuantModule_DiffAE_LoRA
2026-03-20 18:48:48,519 [INFO]   替換層 2 -> QuantModule_DiffAE_LoRA
2026-03-20 18:48:48,520 [INFO]   替換層 1 -> QuantModule_DiffAE_LoRA
2026-03-20 18:48:48,520 [INFO]   替換層 1 -> QuantModule_DiffAE_LoRA
2026-03-20 18:48:48,521 [INFO]   替換層 1 -> QuantModule_DiffAE_LoRA
2026-03-20 18:48:48,521 [INFO]   替換層 1 -> QuantModule_DiffAE_LoRA
2026-03-20 18:48:48,521 [INFO]   替換層 3 -> QuantModule_DiffAE_LoRA
2026-03-20 18:48:48,521 [INFO]   替換層 3 -> QuantModule_DiffAE_LoRA
2026-03-20 18:48:48,522 [INFO]   替換層 2 -> QuantModule_DiffAE_LoRA
2026-03-20 18:48:48,522 [INFO]   替換層 2 -> QuantModule_DiffAE_LoRA
2026-03-20 18:48:48,524 [INFO]   替換層 1 -> QuantModule_DiffAE_LoRA
2026-03-20 18:48:48,524 [INFO]   替換層 1 -> QuantModule_DiffAE_LoRA
2026-03-20 18:48:48,525 [INFO]   替換層 1 -> QuantModule_DiffAE_LoRA
2026-03-20 18:48:48,525 [INFO]   替換層 1 -> QuantModule_DiffAE_LoRA
2026-03-20 18:48:48,525 [INFO]   替換層 3 -> QuantModule_DiffAE_LoRA
2026-03-20 18:48:48,525 [INFO]   替換層 3 -> QuantModule_DiffAE_LoRA
2026-03-20 18:48:48,528 [INFO]   跳過量化 skip connection: skip_connection
2026-03-20 18:48:48,528 [INFO]   跳過量化 skip connection: skip_connection
2026-03-20 18:48:48,528 [INFO]   替換層 2 -> QuantModule_DiffAE_LoRA
2026-03-20 18:48:48,528 [INFO]   替換層 2 -> QuantModule_DiffAE_LoRA
2026-03-20 18:48:48,530 [INFO]   替換層 1 -> QuantModule_DiffAE_LoRA
2026-03-20 18:48:48,530 [INFO]   替換層 1 -> QuantModule_DiffAE_LoRA
2026-03-20 18:48:48,532 [INFO]   替換層 1 -> QuantModule_DiffAE_LoRA
2026-03-20 18:48:48,532 [INFO]   替換層 1 -> QuantModule_DiffAE_LoRA
2026-03-20 18:48:48,532 [INFO]   替換層 3 -> QuantModule_DiffAE_LoRA
2026-03-20 18:48:48,532 [INFO]   替換層 3 -> QuantModule_DiffAE_LoRA
2026-03-20 18:48:48,535 [INFO]   替換層 2 -> QuantModule_DiffAE_LoRA
2026-03-20 18:48:48,535 [INFO]   替換層 2 -> QuantModule_DiffAE_LoRA
2026-03-20 18:48:48,537 [INFO]   替換層 1 -> QuantModule_DiffAE_LoRA
2026-03-20 18:48:48,537 [INFO]   替換層 1 -> QuantModule_DiffAE_LoRA
2026-03-20 18:48:48,538 [INFO]   替換層 1 -> QuantModule_DiffAE_LoRA
2026-03-20 18:48:48,538 [INFO]   替換層 1 -> QuantModule_DiffAE_LoRA
2026-03-20 18:48:48,539 [INFO]   替換層 3 -> QuantModule_DiffAE_LoRA
2026-03-20 18:48:48,539 [INFO]   替換層 3 -> QuantModule_DiffAE_LoRA
2026-03-20 18:48:48,541 [INFO]   替換層 2 -> QuantModule_DiffAE_LoRA
2026-03-20 18:48:48,541 [INFO]   替換層 2 -> QuantModule_DiffAE_LoRA
2026-03-20 18:48:48,544 [INFO]   替換層 1 -> QuantModule_DiffAE_LoRA
2026-03-20 18:48:48,544 [INFO]   替換層 1 -> QuantModule_DiffAE_LoRA
2026-03-20 18:48:48,545 [INFO]   替換層 1 -> QuantModule_DiffAE_LoRA
2026-03-20 18:48:48,545 [INFO]   替換層 1 -> QuantModule_DiffAE_LoRA
2026-03-20 18:48:48,546 [INFO]   替換層 3 -> QuantModule_DiffAE_LoRA
2026-03-20 18:48:48,546 [INFO]   替換層 3 -> QuantModule_DiffAE_LoRA
2026-03-20 18:48:48,551 [INFO]   跳過量化 skip connection: skip_connection
2026-03-20 18:48:48,551 [INFO]   跳過量化 skip connection: skip_connection
2026-03-20 18:48:48,551 [INFO]   替換層 2 -> QuantModule_DiffAE_LoRA
2026-03-20 18:48:48,551 [INFO]   替換層 2 -> QuantModule_DiffAE_LoRA
2026-03-20 18:48:48,556 [INFO]   替換層 1 -> QuantModule_DiffAE_LoRA
2026-03-20 18:48:48,556 [INFO]   替換層 1 -> QuantModule_DiffAE_LoRA
2026-03-20 18:48:48,558 [INFO]   替換層 1 -> QuantModule_DiffAE_LoRA
2026-03-20 18:48:48,558 [INFO]   替換層 1 -> QuantModule_DiffAE_LoRA
2026-03-20 18:48:48,559 [INFO]   替換層 3 -> QuantModule_DiffAE_LoRA
2026-03-20 18:48:48,559 [INFO]   替換層 3 -> QuantModule_DiffAE_LoRA
2026-03-20 18:48:48,564 [INFO]   替換層 2 -> QuantModule_DiffAE_LoRA
2026-03-20 18:48:48,564 [INFO]   替換層 2 -> QuantModule_DiffAE_LoRA
2026-03-20 18:48:48,569 [INFO]   替換層 1 -> QuantModule_DiffAE_LoRA
2026-03-20 18:48:48,569 [INFO]   替換層 1 -> QuantModule_DiffAE_LoRA
2026-03-20 18:48:48,571 [INFO]   替換層 1 -> QuantModule_DiffAE_LoRA
2026-03-20 18:48:48,571 [INFO]   替換層 1 -> QuantModule_DiffAE_LoRA
2026-03-20 18:48:48,572 [INFO]   替換層 3 -> QuantModule_DiffAE_LoRA
2026-03-20 18:48:48,572 [INFO]   替換層 3 -> QuantModule_DiffAE_LoRA
2026-03-20 18:48:48,578 [INFO]   替換層 2 -> QuantModule_DiffAE_LoRA
2026-03-20 18:48:48,578 [INFO]   替換層 2 -> QuantModule_DiffAE_LoRA
2026-03-20 18:48:48,585 [INFO]   替換層 1 -> QuantModule_DiffAE_LoRA
2026-03-20 18:48:48,585 [INFO]   替換層 1 -> QuantModule_DiffAE_LoRA
2026-03-20 18:48:48,588 [INFO]   替換層 1 -> QuantModule_DiffAE_LoRA
2026-03-20 18:48:48,588 [INFO]   替換層 1 -> QuantModule_DiffAE_LoRA
2026-03-20 18:48:48,589 [INFO]   替換層 3 -> QuantModule_DiffAE_LoRA
2026-03-20 18:48:48,589 [INFO]   替換層 3 -> QuantModule_DiffAE_LoRA
2026-03-20 18:48:48,596 [INFO]   跳過量化 skip connection: skip_connection
2026-03-20 18:48:48,596 [INFO]   跳過量化 skip connection: skip_connection
2026-03-20 18:48:48,596 [INFO]   替換層 2 -> QuantModule_DiffAE_LoRA
2026-03-20 18:48:48,596 [INFO]   替換層 2 -> QuantModule_DiffAE_LoRA
2026-03-20 18:48:48,605 [INFO]   替換層 1 -> QuantModule_DiffAE_LoRA
2026-03-20 18:48:48,605 [INFO]   替換層 1 -> QuantModule_DiffAE_LoRA
2026-03-20 18:48:48,607 [INFO]   替換層 1 -> QuantModule_DiffAE_LoRA
2026-03-20 18:48:48,607 [INFO]   替換層 1 -> QuantModule_DiffAE_LoRA
2026-03-20 18:48:48,608 [INFO]   替換層 3 -> QuantModule_DiffAE_LoRA
2026-03-20 18:48:48,608 [INFO]   替換層 3 -> QuantModule_DiffAE_LoRA
2026-03-20 18:48:48,616 [INFO] 改造模組: middle_block
2026-03-20 18:48:48,616 [INFO] 改造模組: middle_block
2026-03-20 18:48:48,616 [INFO]   替換層 2 -> QuantModule_DiffAE_LoRA
2026-03-20 18:48:48,616 [INFO]   替換層 2 -> QuantModule_DiffAE_LoRA
2026-03-20 18:48:48,623 [INFO]   替換層 1 -> QuantModule_DiffAE_LoRA
2026-03-20 18:48:48,623 [INFO]   替換層 1 -> QuantModule_DiffAE_LoRA
2026-03-20 18:48:48,625 [INFO]   替換層 1 -> QuantModule_DiffAE_LoRA
2026-03-20 18:48:48,625 [INFO]   替換層 1 -> QuantModule_DiffAE_LoRA
2026-03-20 18:48:48,626 [INFO]   替換層 3 -> QuantModule_DiffAE_LoRA
2026-03-20 18:48:48,626 [INFO]   替換層 3 -> QuantModule_DiffAE_LoRA
2026-03-20 18:48:48,634 [INFO]   替換層 2 -> QuantModule_DiffAE_LoRA
2026-03-20 18:48:48,634 [INFO]   替換層 2 -> QuantModule_DiffAE_LoRA
2026-03-20 18:48:48,641 [INFO]   替換層 1 -> QuantModule_DiffAE_LoRA
2026-03-20 18:48:48,641 [INFO]   替換層 1 -> QuantModule_DiffAE_LoRA
2026-03-20 18:48:48,643 [INFO]   替換層 1 -> QuantModule_DiffAE_LoRA
2026-03-20 18:48:48,643 [INFO]   替換層 1 -> QuantModule_DiffAE_LoRA
2026-03-20 18:48:48,644 [INFO]   替換層 3 -> QuantModule_DiffAE_LoRA
2026-03-20 18:48:48,644 [INFO]   替換層 3 -> QuantModule_DiffAE_LoRA
2026-03-20 18:48:48,651 [INFO] 改造模組: output_blocks
2026-03-20 18:48:48,651 [INFO] 改造模組: output_blocks
2026-03-20 18:48:48,651 [INFO]   替換層 2 -> QuantModule_DiffAE_LoRA
2026-03-20 18:48:48,651 [INFO]   替換層 2 -> QuantModule_DiffAE_LoRA
2026-03-20 18:48:48,665 [INFO]   替換層 1 -> QuantModule_DiffAE_LoRA
2026-03-20 18:48:48,665 [INFO]   替換層 1 -> QuantModule_DiffAE_LoRA
2026-03-20 18:48:48,667 [INFO]   替換層 1 -> QuantModule_DiffAE_LoRA
2026-03-20 18:48:48,667 [INFO]   替換層 1 -> QuantModule_DiffAE_LoRA
2026-03-20 18:48:48,669 [INFO]   替換層 3 -> QuantModule_DiffAE_LoRA
2026-03-20 18:48:48,669 [INFO]   替換層 3 -> QuantModule_DiffAE_LoRA
2026-03-20 18:48:48,676 [INFO]   跳過量化 skip connection: skip_connection
2026-03-20 18:48:48,676 [INFO]   跳過量化 skip connection: skip_connection
2026-03-20 18:48:48,676 [INFO]   替換層 2 -> QuantModule_DiffAE_LoRA
2026-03-20 18:48:48,676 [INFO]   替換層 2 -> QuantModule_DiffAE_LoRA
2026-03-20 18:48:48,690 [INFO]   替換層 1 -> QuantModule_DiffAE_LoRA
2026-03-20 18:48:48,690 [INFO]   替換層 1 -> QuantModule_DiffAE_LoRA
2026-03-20 18:48:48,692 [INFO]   替換層 1 -> QuantModule_DiffAE_LoRA
2026-03-20 18:48:48,692 [INFO]   替換層 1 -> QuantModule_DiffAE_LoRA
2026-03-20 18:48:48,694 [INFO]   替換層 3 -> QuantModule_DiffAE_LoRA
2026-03-20 18:48:48,694 [INFO]   替換層 3 -> QuantModule_DiffAE_LoRA
2026-03-20 18:48:48,701 [INFO]   跳過量化 skip connection: skip_connection
2026-03-20 18:48:48,701 [INFO]   跳過量化 skip connection: skip_connection
2026-03-20 18:48:48,701 [INFO]   替換層 2 -> QuantModule_DiffAE_LoRA
2026-03-20 18:48:48,701 [INFO]   替換層 2 -> QuantModule_DiffAE_LoRA
2026-03-20 18:48:48,713 [INFO]   替換層 1 -> QuantModule_DiffAE_LoRA
2026-03-20 18:48:48,713 [INFO]   替換層 1 -> QuantModule_DiffAE_LoRA
2026-03-20 18:48:48,715 [INFO]   替換層 1 -> QuantModule_DiffAE_LoRA
2026-03-20 18:48:48,715 [INFO]   替換層 1 -> QuantModule_DiffAE_LoRA
2026-03-20 18:48:48,716 [INFO]   替換層 3 -> QuantModule_DiffAE_LoRA
2026-03-20 18:48:48,716 [INFO]   替換層 3 -> QuantModule_DiffAE_LoRA
2026-03-20 18:48:48,723 [INFO]   跳過量化 skip connection: skip_connection
2026-03-20 18:48:48,723 [INFO]   跳過量化 skip connection: skip_connection
2026-03-20 18:48:48,723 [INFO]   替換層 2 -> QuantModule_DiffAE_LoRA
2026-03-20 18:48:48,723 [INFO]   替換層 2 -> QuantModule_DiffAE_LoRA
2026-03-20 18:48:48,730 [INFO]   替換層 1 -> QuantModule_DiffAE_LoRA
2026-03-20 18:48:48,730 [INFO]   替換層 1 -> QuantModule_DiffAE_LoRA
2026-03-20 18:48:48,732 [INFO]   替換層 1 -> QuantModule_DiffAE_LoRA
2026-03-20 18:48:48,732 [INFO]   替換層 1 -> QuantModule_DiffAE_LoRA
2026-03-20 18:48:48,733 [INFO]   替換層 3 -> QuantModule_DiffAE_LoRA
2026-03-20 18:48:48,733 [INFO]   替換層 3 -> QuantModule_DiffAE_LoRA
2026-03-20 18:48:48,739 [INFO]   替換層 2 -> QuantModule_DiffAE_LoRA
2026-03-20 18:48:48,739 [INFO]   替換層 2 -> QuantModule_DiffAE_LoRA
2026-03-20 18:48:48,748 [INFO]   替換層 1 -> QuantModule_DiffAE_LoRA
2026-03-20 18:48:48,748 [INFO]   替換層 1 -> QuantModule_DiffAE_LoRA
2026-03-20 18:48:48,750 [INFO]   替換層 1 -> QuantModule_DiffAE_LoRA
2026-03-20 18:48:48,750 [INFO]   替換層 1 -> QuantModule_DiffAE_LoRA
2026-03-20 18:48:48,751 [INFO]   替換層 3 -> QuantModule_DiffAE_LoRA
2026-03-20 18:48:48,751 [INFO]   替換層 3 -> QuantModule_DiffAE_LoRA
2026-03-20 18:48:48,755 [INFO]   跳過量化 skip connection: skip_connection
2026-03-20 18:48:48,755 [INFO]   跳過量化 skip connection: skip_connection
2026-03-20 18:48:48,755 [INFO]   替換層 2 -> QuantModule_DiffAE_LoRA
2026-03-20 18:48:48,755 [INFO]   替換層 2 -> QuantModule_DiffAE_LoRA
2026-03-20 18:48:48,762 [INFO]   替換層 1 -> QuantModule_DiffAE_LoRA
2026-03-20 18:48:48,762 [INFO]   替換層 1 -> QuantModule_DiffAE_LoRA
2026-03-20 18:48:48,763 [INFO]   替換層 1 -> QuantModule_DiffAE_LoRA
2026-03-20 18:48:48,763 [INFO]   替換層 1 -> QuantModule_DiffAE_LoRA
2026-03-20 18:48:48,764 [INFO]   替換層 3 -> QuantModule_DiffAE_LoRA
2026-03-20 18:48:48,764 [INFO]   替換層 3 -> QuantModule_DiffAE_LoRA
2026-03-20 18:48:48,769 [INFO]   跳過量化 skip connection: skip_connection
2026-03-20 18:48:48,769 [INFO]   跳過量化 skip connection: skip_connection
2026-03-20 18:48:48,769 [INFO]   替換層 2 -> QuantModule_DiffAE_LoRA
2026-03-20 18:48:48,769 [INFO]   替換層 2 -> QuantModule_DiffAE_LoRA
2026-03-20 18:48:48,775 [INFO]   替換層 1 -> QuantModule_DiffAE_LoRA
2026-03-20 18:48:48,775 [INFO]   替換層 1 -> QuantModule_DiffAE_LoRA
2026-03-20 18:48:48,777 [INFO]   替換層 1 -> QuantModule_DiffAE_LoRA
2026-03-20 18:48:48,777 [INFO]   替換層 1 -> QuantModule_DiffAE_LoRA
2026-03-20 18:48:48,777 [INFO]   替換層 3 -> QuantModule_DiffAE_LoRA
2026-03-20 18:48:48,777 [INFO]   替換層 3 -> QuantModule_DiffAE_LoRA
2026-03-20 18:48:48,781 [INFO]   跳過量化 skip connection: skip_connection
2026-03-20 18:48:48,781 [INFO]   跳過量化 skip connection: skip_connection
2026-03-20 18:48:48,781 [INFO]   替換層 2 -> QuantModule_DiffAE_LoRA
2026-03-20 18:48:48,781 [INFO]   替換層 2 -> QuantModule_DiffAE_LoRA
2026-03-20 18:48:48,786 [INFO]   替換層 1 -> QuantModule_DiffAE_LoRA
2026-03-20 18:48:48,786 [INFO]   替換層 1 -> QuantModule_DiffAE_LoRA
2026-03-20 18:48:48,788 [INFO]   替換層 1 -> QuantModule_DiffAE_LoRA
2026-03-20 18:48:48,788 [INFO]   替換層 1 -> QuantModule_DiffAE_LoRA
2026-03-20 18:48:48,789 [INFO]   替換層 3 -> QuantModule_DiffAE_LoRA
2026-03-20 18:48:48,789 [INFO]   替換層 3 -> QuantModule_DiffAE_LoRA
2026-03-20 18:48:48,794 [INFO]   替換層 2 -> QuantModule_DiffAE_LoRA
2026-03-20 18:48:48,794 [INFO]   替換層 2 -> QuantModule_DiffAE_LoRA
2026-03-20 18:48:48,801 [INFO]   替換層 1 -> QuantModule_DiffAE_LoRA
2026-03-20 18:48:48,801 [INFO]   替換層 1 -> QuantModule_DiffAE_LoRA
2026-03-20 18:48:48,803 [INFO]   替換層 1 -> QuantModule_DiffAE_LoRA
2026-03-20 18:48:48,803 [INFO]   替換層 1 -> QuantModule_DiffAE_LoRA
2026-03-20 18:48:48,803 [INFO]   替換層 3 -> QuantModule_DiffAE_LoRA
2026-03-20 18:48:48,803 [INFO]   替換層 3 -> QuantModule_DiffAE_LoRA
2026-03-20 18:48:48,805 [INFO]   跳過量化 skip connection: skip_connection
2026-03-20 18:48:48,805 [INFO]   跳過量化 skip connection: skip_connection
2026-03-20 18:48:48,805 [INFO]   替換層 2 -> QuantModule_DiffAE_LoRA
2026-03-20 18:48:48,805 [INFO]   替換層 2 -> QuantModule_DiffAE_LoRA
2026-03-20 18:48:48,811 [INFO]   替換層 1 -> QuantModule_DiffAE_LoRA
2026-03-20 18:48:48,811 [INFO]   替換層 1 -> QuantModule_DiffAE_LoRA
2026-03-20 18:48:48,812 [INFO]   替換層 1 -> QuantModule_DiffAE_LoRA
2026-03-20 18:48:48,812 [INFO]   替換層 1 -> QuantModule_DiffAE_LoRA
2026-03-20 18:48:48,813 [INFO]   替換層 3 -> QuantModule_DiffAE_LoRA
2026-03-20 18:48:48,813 [INFO]   替換層 3 -> QuantModule_DiffAE_LoRA
2026-03-20 18:48:48,815 [INFO]   跳過量化 skip connection: skip_connection
2026-03-20 18:48:48,815 [INFO]   跳過量化 skip connection: skip_connection
2026-03-20 18:48:48,815 [INFO]   替換層 2 -> QuantModule_DiffAE_LoRA
2026-03-20 18:48:48,815 [INFO]   替換層 2 -> QuantModule_DiffAE_LoRA
2026-03-20 18:48:48,818 [INFO]   替換層 1 -> QuantModule_DiffAE_LoRA
2026-03-20 18:48:48,818 [INFO]   替換層 1 -> QuantModule_DiffAE_LoRA
2026-03-20 18:48:48,819 [INFO]   替換層 1 -> QuantModule_DiffAE_LoRA
2026-03-20 18:48:48,819 [INFO]   替換層 1 -> QuantModule_DiffAE_LoRA
2026-03-20 18:48:48,820 [INFO]   替換層 3 -> QuantModule_DiffAE_LoRA
2026-03-20 18:48:48,820 [INFO]   替換層 3 -> QuantModule_DiffAE_LoRA
2026-03-20 18:48:48,822 [INFO]   跳過量化 skip connection: skip_connection
2026-03-20 18:48:48,822 [INFO]   跳過量化 skip connection: skip_connection
2026-03-20 18:48:48,822 [INFO]   替換層 2 -> QuantModule_DiffAE_LoRA
2026-03-20 18:48:48,822 [INFO]   替換層 2 -> QuantModule_DiffAE_LoRA
2026-03-20 18:48:48,823 [INFO]   替換層 1 -> QuantModule_DiffAE_LoRA
2026-03-20 18:48:48,823 [INFO]   替換層 1 -> QuantModule_DiffAE_LoRA
2026-03-20 18:48:48,824 [INFO]   替換層 1 -> QuantModule_DiffAE_LoRA
2026-03-20 18:48:48,824 [INFO]   替換層 1 -> QuantModule_DiffAE_LoRA
2026-03-20 18:48:48,825 [INFO]   替換層 3 -> QuantModule_DiffAE_LoRA
2026-03-20 18:48:48,825 [INFO]   替換層 3 -> QuantModule_DiffAE_LoRA
2026-03-20 18:48:48,827 [INFO]   替換層 2 -> QuantModule_DiffAE_LoRA
2026-03-20 18:48:48,827 [INFO]   替換層 2 -> QuantModule_DiffAE_LoRA
2026-03-20 18:48:48,829 [INFO]   替換層 1 -> QuantModule_DiffAE_LoRA
2026-03-20 18:48:48,829 [INFO]   替換層 1 -> QuantModule_DiffAE_LoRA
2026-03-20 18:48:48,830 [INFO]   替換層 1 -> QuantModule_DiffAE_LoRA
2026-03-20 18:48:48,830 [INFO]   替換層 1 -> QuantModule_DiffAE_LoRA
2026-03-20 18:48:48,830 [INFO]   替換層 3 -> QuantModule_DiffAE_LoRA
2026-03-20 18:48:48,830 [INFO]   替換層 3 -> QuantModule_DiffAE_LoRA
2026-03-20 18:48:48,831 [INFO]   跳過量化 skip connection: skip_connection
2026-03-20 18:48:48,831 [INFO]   跳過量化 skip connection: skip_connection
2026-03-20 18:48:48,831 [INFO]   替換層 2 -> QuantModule_DiffAE_LoRA
2026-03-20 18:48:48,831 [INFO]   替換層 2 -> QuantModule_DiffAE_LoRA
2026-03-20 18:48:48,832 [INFO]   替換層 1 -> QuantModule_DiffAE_LoRA
2026-03-20 18:48:48,832 [INFO]   替換層 1 -> QuantModule_DiffAE_LoRA
2026-03-20 18:48:48,833 [INFO]   替換層 1 -> QuantModule_DiffAE_LoRA
2026-03-20 18:48:48,833 [INFO]   替換層 1 -> QuantModule_DiffAE_LoRA
2026-03-20 18:48:48,833 [INFO]   替換層 3 -> QuantModule_DiffAE_LoRA
2026-03-20 18:48:48,833 [INFO]   替換層 3 -> QuantModule_DiffAE_LoRA
2026-03-20 18:48:48,834 [INFO]   跳過量化 skip connection: skip_connection
2026-03-20 18:48:48,834 [INFO]   跳過量化 skip connection: skip_connection
2026-03-20 18:48:48,834 [INFO]   替換層 2 -> QuantModule_DiffAE_LoRA
2026-03-20 18:48:48,834 [INFO]   替換層 2 -> QuantModule_DiffAE_LoRA
2026-03-20 18:48:48,835 [INFO]   替換層 1 -> QuantModule_DiffAE_LoRA
2026-03-20 18:48:48,835 [INFO]   替換層 1 -> QuantModule_DiffAE_LoRA
2026-03-20 18:48:48,836 [INFO]   替換層 1 -> QuantModule_DiffAE_LoRA
2026-03-20 18:48:48,836 [INFO]   替換層 1 -> QuantModule_DiffAE_LoRA
2026-03-20 18:48:48,836 [INFO]   替換層 3 -> QuantModule_DiffAE_LoRA
2026-03-20 18:48:48,836 [INFO]   替換層 3 -> QuantModule_DiffAE_LoRA
2026-03-20 18:48:48,837 [INFO]   跳過量化 skip connection: skip_connection
2026-03-20 18:48:48,837 [INFO]   跳過量化 skip connection: skip_connection
2026-03-20 18:48:48,837 [INFO]   替換層 2 -> QuantModule_DiffAE_LoRA
2026-03-20 18:48:48,837 [INFO]   替換層 2 -> QuantModule_DiffAE_LoRA
2026-03-20 18:48:48,838 [INFO]   替換層 1 -> QuantModule_DiffAE_LoRA
2026-03-20 18:48:48,838 [INFO]   替換層 1 -> QuantModule_DiffAE_LoRA
2026-03-20 18:48:48,838 [INFO]   替換層 1 -> QuantModule_DiffAE_LoRA
2026-03-20 18:48:48,838 [INFO]   替換層 1 -> QuantModule_DiffAE_LoRA
2026-03-20 18:48:48,839 [INFO]   替換層 3 -> QuantModule_DiffAE_LoRA
2026-03-20 18:48:48,839 [INFO]   替換層 3 -> QuantModule_DiffAE_LoRA
2026-03-20 18:48:48,840 [INFO]   替換層 2 -> QuantModule_DiffAE_LoRA
2026-03-20 18:48:48,840 [INFO]   替換層 2 -> QuantModule_DiffAE_LoRA
2026-03-20 18:48:48,841 [INFO]   替換層 1 -> QuantModule_DiffAE_LoRA
2026-03-20 18:48:48,841 [INFO]   替換層 1 -> QuantModule_DiffAE_LoRA
2026-03-20 18:48:48,841 [INFO]   替換層 1 -> QuantModule_DiffAE_LoRA
2026-03-20 18:48:48,841 [INFO]   替換層 1 -> QuantModule_DiffAE_LoRA
2026-03-20 18:48:48,842 [INFO]   替換層 3 -> QuantModule_DiffAE_LoRA
2026-03-20 18:48:48,842 [INFO]   替換層 3 -> QuantModule_DiffAE_LoRA
2026-03-20 18:48:48,842 [INFO]   跳過量化 skip connection: skip_connection
2026-03-20 18:48:48,842 [INFO]   跳過量化 skip connection: skip_connection
2026-03-20 18:48:48,842 [INFO]   替換層 2 -> QuantModule_DiffAE_LoRA
2026-03-20 18:48:48,842 [INFO]   替換層 2 -> QuantModule_DiffAE_LoRA
2026-03-20 18:48:48,844 [INFO]   替換層 1 -> QuantModule_DiffAE_LoRA
2026-03-20 18:48:48,844 [INFO]   替換層 1 -> QuantModule_DiffAE_LoRA
2026-03-20 18:48:48,844 [INFO]   替換層 1 -> QuantModule_DiffAE_LoRA
2026-03-20 18:48:48,844 [INFO]   替換層 1 -> QuantModule_DiffAE_LoRA
2026-03-20 18:48:48,845 [INFO]   替換層 3 -> QuantModule_DiffAE_LoRA
2026-03-20 18:48:48,845 [INFO]   替換層 3 -> QuantModule_DiffAE_LoRA
2026-03-20 18:48:48,845 [INFO]   跳過量化 skip connection: skip_connection
2026-03-20 18:48:48,845 [INFO]   跳過量化 skip connection: skip_connection
2026-03-20 18:48:48,845 [INFO]   替換層 2 -> QuantModule_DiffAE_LoRA
2026-03-20 18:48:48,845 [INFO]   替換層 2 -> QuantModule_DiffAE_LoRA
2026-03-20 18:48:48,847 [INFO]   替換層 1 -> QuantModule_DiffAE_LoRA
2026-03-20 18:48:48,847 [INFO]   替換層 1 -> QuantModule_DiffAE_LoRA
2026-03-20 18:48:48,848 [INFO]   替換層 1 -> QuantModule_DiffAE_LoRA
2026-03-20 18:48:48,848 [INFO]   替換層 1 -> QuantModule_DiffAE_LoRA
2026-03-20 18:48:48,848 [INFO]   替換層 3 -> QuantModule_DiffAE_LoRA
2026-03-20 18:48:48,848 [INFO]   替換層 3 -> QuantModule_DiffAE_LoRA
2026-03-20 18:48:48,849 [INFO]   跳過量化 skip connection: skip_connection
2026-03-20 18:48:48,849 [INFO]   跳過量化 skip connection: skip_connection
2026-03-20 18:48:48,849 [INFO] 改造模組: out
2026-03-20 18:48:48,849 [INFO] 改造模組: out
2026-03-20 18:48:48,849 [INFO]   跳過量化特殊模組: 2
2026-03-20 18:48:48,849 [INFO]   跳過量化特殊模組: 2
2026-03-20 18:48:48,852 [INFO] 執行 'create_float_quantized_model' 完成，耗時: 0.41 秒
2026-03-20 18:48:48,852 [INFO] 執行 'create_float_quantized_model' 完成，耗時: 0.41 秒
2026-03-20 18:48:48,944 [INFO] 載入校準資料...
2026-03-20 18:48:48,944 [INFO] 載入校準資料...
2026-03-20 18:48:49,167 [INFO] ✅ 載入真實校準資料成功
2026-03-20 18:48:49,167 [INFO] ✅ 載入真實校準資料成功
2026-03-20 18:48:49,169 [INFO] ==================================================
2026-03-20 18:48:49,169 [INFO] ==================================================
2026-03-20 18:48:49,169 [INFO] 5. Setting first and last layers to 8-bit...
2026-03-20 18:48:49,169 [INFO] 5. Setting first and last layers to 8-bit...
2026-03-20 18:48:49,171 [INFO] 找到 144 個量化模組
2026-03-20 18:48:49,171 [INFO] 找到 144 個量化模組
2026-03-20 18:48:49,171 [INFO] ✅ 首尾層 8-bit 設定完成
2026-03-20 18:48:49,171 [INFO] ✅ 首尾層 8-bit 設定完成
2026-03-20 18:48:49,171 [INFO] ✅ 量化模型創建成功
2026-03-20 18:48:49,171 [INFO] ✅ 量化模型創建成功
2026-03-20 18:48:49,171 [INFO] set quant state to True, True for layer 1
2026-03-20 18:48:49,171 [INFO] set quant state to True, True for layer 1
2026-03-20 18:48:49,171 [INFO] set quant state to True, True for layer 2
2026-03-20 18:48:49,171 [INFO] set quant state to True, True for layer 2
2026-03-20 18:48:49,171 [INFO] set quant state to True, False for layer 3
2026-03-20 18:48:49,171 [INFO] set quant state to True, False for layer 3
2026-03-20 18:48:49,172 [INFO] set quant state to True, True for layer 144
2026-03-20 18:48:49,172 [INFO] set quant state to True, True for layer 144
2026-03-20 18:48:50,084 [INFO] EMA(load from ema_model.model.*): provided=1822 effective_loaded=1822 missing=280 unexpected=0
2026-03-20 18:48:50,084 [INFO] EMA(load from ema_model.model.*): provided=1822 effective_loaded=1822 missing=280 unexpected=0
2026-03-20 18:48:50,084 [WARNING] EMA missing keys (前10): ['model.input_blocks.1.0.in_layers.2.intn_dequantizer.delta', 'model.input_blocks.1.0.in_layers.2.intn_dequantizer.zero_point', 'model.input_blocks.1.0.emb_layers.1.intn_dequantizer.delta', 'model.input_blocks.1.0.emb_layers.1.intn_dequantizer.zero_point', 'model.input_blocks.1.0.cond_emb_layers.1.intn_dequantizer.delta', 'model.input_blocks.1.0.cond_emb_layers.1.intn_dequantizer.zero_point', 'model.input_blocks.1.0.out_layers.3.intn_dequantizer.delta', 'model.input_blocks.1.0.out_layers.3.intn_dequantizer.zero_point', 'model.input_blocks.2.0.in_layers.2.intn_dequantizer.delta', 'model.input_blocks.2.0.in_layers.2.intn_dequantizer.zero_point']
2026-03-20 18:48:50,084 [WARNING] EMA missing keys (前10): ['model.input_blocks.1.0.in_layers.2.intn_dequantizer.delta', 'model.input_blocks.1.0.in_layers.2.intn_dequantizer.zero_point', 'model.input_blocks.1.0.emb_layers.1.intn_dequantizer.delta', 'model.input_blocks.1.0.emb_layers.1.intn_dequantizer.zero_point', 'model.input_blocks.1.0.cond_emb_layers.1.intn_dequantizer.delta', 'model.input_blocks.1.0.cond_emb_layers.1.intn_dequantizer.zero_point', 'model.input_blocks.1.0.out_layers.3.intn_dequantizer.delta', 'model.input_blocks.1.0.out_layers.3.intn_dequantizer.zero_point', 'model.input_blocks.2.0.in_layers.2.intn_dequantizer.delta', 'model.input_blocks.2.0.in_layers.2.intn_dequantizer.zero_point']
2026-03-20 18:48:50,140 [INFO] MODEL(load from model.model.*): provided=1822 effective_loaded=1822 missing=280 unexpected=0
2026-03-20 18:48:50,140 [INFO] MODEL(load from model.model.*): provided=1822 effective_loaded=1822 missing=280 unexpected=0
2026-03-20 18:48:50,140 [INFO] ✅ 量化模型載入成功
2026-03-20 18:48:50,140 [INFO] ✅ 量化模型載入成功
2026-03-20 18:48:50,140 [INFO] === 初始化新功能模組 ===
2026-03-20 18:48:50,140 [INFO] === 初始化新功能模組 ===
2026-03-20 18:48:50,167 [INFO] ✅ 基礎模型設定完成
2026-03-20 18:48:50,167 [INFO] ✅ 基礎模型設定完成
2026-03-20 18:48:50,199 [INFO] ==================================================
2026-03-20 18:48:50,199 [INFO] ==================================================
2026-03-20 18:48:50,200 [INFO] 啟用 Similarity Analysis (L1/L2/Cosine)
2026-03-20 18:48:50,200 [INFO] 啟用 Similarity Analysis (L1/L2/Cosine)
2026-03-20 18:48:50,200 [INFO] FID 評估樣本數: 128
2026-03-20 18:48:50,200 [INFO] FID 評估樣本數: 128
2026-03-20 18:48:50,200 [INFO] 實際收集樣本數: 20 (用於加速)
2026-03-20 18:48:50,200 [INFO] 實際收集樣本數: 20 (用於加速)
2026-03-20 18:48:50,200 [INFO] 擴散步數: 100
2026-03-20 18:48:50,200 [INFO] 擴散步數: 100
2026-03-20 18:48:50,200 [INFO] ==================================================
2026-03-20 18:48:50,200 [INFO] ==================================================
2026-03-20 18:48:50,200 [INFO] [Similarity] 註冊 block hook: model.input_blocks.1
2026-03-20 18:48:50,200 [INFO] [Similarity] 註冊 block hook: model.input_blocks.1
2026-03-20 18:48:50,201 [INFO] [Similarity] 註冊 model step hook 完成
2026-03-20 18:48:50,201 [INFO] [Similarity] 註冊 model step hook 完成
Model params: 174.19 M
loading pretrain ... 130M
step: 1019986
loading latent stats ...
local seed: 0
train data: 70001
val data: 70001
on train dataloader start ...
mean: tensor(-0.0606, device='cuda:0') std: tensor(0.0755, device='cuda:0')
generating images:   0%|          | 0/4 [00:00<?, ?it/s]/home/jimmy/diffae/./diffusion/base.py:329: FutureWarning: `torch.cuda.amp.autocast(args...)` is deprecated. Please use `torch.amp.autocast('cuda', args...)` instead.
  with autocast(self.conf.fp16):
2026-03-20 18:49:27,981 [INFO] [Similarity] Batch 0 完成，已收集 20 個樣本
2026-03-20 18:49:27,981 [INFO] [Similarity] Batch 0 完成，已收集 20 個樣本
generating images:  25%|██▌       | 1/4 [00:38<01:54, 38.14s/it]2026-03-20 18:50:06,035 [INFO] [Similarity] Batch 1 完成，已收集 20 個樣本
2026-03-20 18:50:06,035 [INFO] [Similarity] Batch 1 完成，已收集 20 個樣本
generating images:  50%|█████     | 2/4 [01:16<01:16, 38.09s/it]2026-03-20 18:50:44,103 [INFO] [Similarity] Batch 2 完成，已收集 20 個樣本
2026-03-20 18:50:44,103 [INFO] [Similarity] Batch 2 完成，已收集 20 個樣本
generating images:  75%|███████▌  | 3/4 [01:54<00:38, 38.08s/it]2026-03-20 18:51:00,108 [INFO] [Similarity] 已收集 80 个样本，停止数据收集（目标: 80）
2026-03-20 18:51:00,108 [INFO] [Similarity] 已收集 80 个样本，停止数据收集（目标: 80）
2026-03-20 18:51:22,182 [INFO] [Similarity] Batch 3 完成，已收集 20 個樣本
2026-03-20 18:51:22,182 [INFO] [Similarity] Batch 3 完成，已收集 20 個樣本
generating images: 100%|██████████| 4/4 [02:32<00:00, 38.08s/it]generating images: 100%|██████████| 4/4 [02:32<00:00, 38.08s/it]
  0%|          | 0/4 [00:00<?, ?it/s] 25%|██▌       | 1/4 [00:00<00:00,  8.80it/s]100%|██████████| 4/4 [00:00<00:00, 21.00it/s]
  0%|          | 0/4 [00:00<?, ?it/s]100%|██████████| 4/4 [00:00<00:00, 35.80it/s]100%|██████████| 4/4 [00:00<00:00, 26.17it/s]
2026-03-20 18:51:25,337 [ERROR] Error: Imaginary component 8.431799684314134e+131
2026-03-20 18:51:25,337 [ERROR] Error: Imaginary component 8.431799684314134e+131
Traceback (most recent call last):
  File "/home/jimmy/diffae/QATcode/cache_method/L1_L2_cosine/similarity_calculation.py", line 1695, in <module>
    main_float_model()
  File "/home/jimmy/diffae/QATcode/cache_method/L1_L2_cosine/similarity_calculation.py", line 200, in wrapper
    result = func(*args, **kwargs)
  File "/home/jimmy/diffae/QATcode/cache_method/L1_L2_cosine/similarity_calculation.py", line 1503, in main_float_model
    raise e
  File "/home/jimmy/diffae/QATcode/cache_method/L1_L2_cosine/similarity_calculation.py", line 1454, in main_float_model
    score = evaluate_fid(
  File "/home/jimmy/diffae/./metrics.py", line 348, in evaluate_fid
    fid = fid_score.calculate_fid_given_paths(
  File "/home/jimmy/anaconda3/envs/diffae_bw/lib/python3.10/site-packages/pytorch_fid/fid_score.py", line 263, in calculate_fid_given_paths
    fid_value = calculate_frechet_distance(m1, s1, m2, s2)
  File "/home/jimmy/anaconda3/envs/diffae_bw/lib/python3.10/site-packages/pytorch_fid/fid_score.py", line 200, in calculate_frechet_distance
    raise ValueError('Imaginary component {}'.format(m))
ValueError: Imaginary component 8.431799684314134e+131
/home/jimmy/anaconda3/envs/diffae_bw/lib/python3.10/site-packages/torchmetrics/utilities/imports.py:21: UserWarning: pkg_resources is deprecated as an API. See https://setuptools.pypa.io/en/latest/pkg_resources.html. The pkg_resources package is slated for removal as early as 2025-11-30. Refrain from using this package or pin to Setuptools<81.
  from pkg_resources import DistributionNotFound, get_distribution
使用自動混合精度: torch.bfloat16
[設定] Log 檔案已設為: QATcode/cache_method/L1_L2_cosine/logs/similarity_model_input_blocks_1.log
2026-03-20 18:58:12,892 [INFO] Using 100 steps
2026-03-20 18:58:12,892 [INFO] Using 100 steps
2026-03-20 18:58:12,892 [INFO] Using 50000 evaluation samples
2026-03-20 18:58:12,892 [INFO] Using 50000 evaluation samples
2026-03-20 18:58:12,892 [INFO] Cache enabled: False, method: Res, threshold: 0.1
2026-03-20 18:58:12,892 [INFO] Cache enabled: False, method: Res, threshold: 0.1
2026-03-20 18:58:12,892 [INFO] Quantitative analysis enabled: False, samples: 10
2026-03-20 18:58:12,892 [INFO] Quantitative analysis enabled: False, samples: 10
2026-03-20 18:58:12,892 [INFO] Log file: QATcode/cache_method/L1_L2_cosine/logs/similarity_model_input_blocks_1.log
2026-03-20 18:58:12,892 [INFO] Log file: QATcode/cache_method/L1_L2_cosine/logs/similarity_model_input_blocks_1.log
2026-03-20 18:58:12,892 [INFO] ==================================================
2026-03-20 18:58:12,892 [INFO] ==================================================
2026-03-20 18:58:12,892 [INFO] Diff-AE EfficientDM Step 7 : 生成圖片
2026-03-20 18:58:12,892 [INFO] Diff-AE EfficientDM Step 7 : 生成圖片
2026-03-20 18:58:12,892 [INFO] ==================================================
2026-03-20 18:58:12,892 [INFO] ==================================================
2026-03-20 18:58:12,892 [INFO] 使用設備: cuda
2026-03-20 18:58:12,892 [INFO] 使用設備: cuda
2026-03-20 18:58:12,892 [INFO] === 新功能狀態 ===
2026-03-20 18:58:12,892 [INFO] === 新功能狀態 ===
2026-03-20 18:58:12,892 [INFO] 載入 Diff-AE 模型: checkpoints/ffhq128_autoenc_latent/last.ckpt
2026-03-20 18:58:12,892 [INFO] 載入 Diff-AE 模型: checkpoints/ffhq128_autoenc_latent/last.ckpt
Global seed set to 0
2026-03-20 18:58:14,687 [INFO] Diff-AE 模型載入完成
2026-03-20 18:58:14,687 [INFO] Diff-AE 模型載入完成
2026-03-20 18:58:14,734 [INFO] 執行 'load_diffae_model' 完成，耗時: 1.84 秒
2026-03-20 18:58:14,734 [INFO] 執行 'load_diffae_model' 完成，耗時: 1.84 秒
2026-03-20 18:58:14,734 [INFO] ✅ Diff-AE 模型載入成功
2026-03-20 18:58:14,734 [INFO] ✅ Diff-AE 模型載入成功
2026-03-20 18:58:14,734 [INFO] base_model.conf.train_mode: TrainMode.latent_diffusion
2026-03-20 18:58:14,734 [INFO] base_model.conf.train_mode: TrainMode.latent_diffusion
2026-03-20 18:58:14,734 [INFO] === 創建 LoRA 量化模型 ===
2026-03-20 18:58:14,734 [INFO] === 創建 LoRA 量化模型 ===
2026-03-20 18:58:14,734 [INFO] === 開始 UNet LoRA 量化改造 ===
2026-03-20 18:58:14,734 [INFO] === 開始 UNet LoRA 量化改造 ===
2026-03-20 18:58:14,734 [INFO] 改造模組: time_embed
2026-03-20 18:58:14,734 [INFO] 改造模組: time_embed
2026-03-20 18:58:14,734 [INFO]   跳過量化特殊模組: 0
2026-03-20 18:58:14,734 [INFO]   跳過量化特殊模組: 0
2026-03-20 18:58:14,734 [INFO]   跳過量化特殊模組: 2
2026-03-20 18:58:14,734 [INFO]   跳過量化特殊模組: 2
2026-03-20 18:58:14,735 [INFO] 改造模組: input_blocks
2026-03-20 18:58:14,735 [INFO] 改造模組: input_blocks
2026-03-20 18:58:14,735 [INFO]   跳過量化特殊模組: 0
2026-03-20 18:58:14,735 [INFO]   跳過量化特殊模組: 0
2026-03-20 18:58:14,735 [INFO]   替換層 2 -> QuantModule_DiffAE_LoRA
2026-03-20 18:58:14,735 [INFO]   替換層 2 -> QuantModule_DiffAE_LoRA
2026-03-20 18:58:14,798 [INFO]   替換層 1 -> QuantModule_DiffAE_LoRA
2026-03-20 18:58:14,798 [INFO]   替換層 1 -> QuantModule_DiffAE_LoRA
2026-03-20 18:58:14,799 [INFO]   替換層 1 -> QuantModule_DiffAE_LoRA
2026-03-20 18:58:14,799 [INFO]   替換層 1 -> QuantModule_DiffAE_LoRA
2026-03-20 18:58:14,799 [INFO]   替換層 3 -> QuantModule_DiffAE_LoRA
2026-03-20 18:58:14,799 [INFO]   替換層 3 -> QuantModule_DiffAE_LoRA
2026-03-20 18:58:14,800 [INFO]   替換層 2 -> QuantModule_DiffAE_LoRA
2026-03-20 18:58:14,800 [INFO]   替換層 2 -> QuantModule_DiffAE_LoRA
2026-03-20 18:58:14,801 [INFO]   替換層 1 -> QuantModule_DiffAE_LoRA
2026-03-20 18:58:14,801 [INFO]   替換層 1 -> QuantModule_DiffAE_LoRA
2026-03-20 18:58:14,802 [INFO]   替換層 1 -> QuantModule_DiffAE_LoRA
2026-03-20 18:58:14,802 [INFO]   替換層 1 -> QuantModule_DiffAE_LoRA
2026-03-20 18:58:14,802 [INFO]   替換層 3 -> QuantModule_DiffAE_LoRA
2026-03-20 18:58:14,802 [INFO]   替換層 3 -> QuantModule_DiffAE_LoRA
2026-03-20 18:58:14,803 [INFO]   替換層 2 -> QuantModule_DiffAE_LoRA
2026-03-20 18:58:14,803 [INFO]   替換層 2 -> QuantModule_DiffAE_LoRA
2026-03-20 18:58:14,804 [INFO]   替換層 1 -> QuantModule_DiffAE_LoRA
2026-03-20 18:58:14,804 [INFO]   替換層 1 -> QuantModule_DiffAE_LoRA
2026-03-20 18:58:14,804 [INFO]   替換層 1 -> QuantModule_DiffAE_LoRA
2026-03-20 18:58:14,804 [INFO]   替換層 1 -> QuantModule_DiffAE_LoRA
2026-03-20 18:58:14,805 [INFO]   替換層 3 -> QuantModule_DiffAE_LoRA
2026-03-20 18:58:14,805 [INFO]   替換層 3 -> QuantModule_DiffAE_LoRA
2026-03-20 18:58:14,806 [INFO]   替換層 2 -> QuantModule_DiffAE_LoRA
2026-03-20 18:58:14,806 [INFO]   替換層 2 -> QuantModule_DiffAE_LoRA
2026-03-20 18:58:14,806 [INFO]   替換層 1 -> QuantModule_DiffAE_LoRA
2026-03-20 18:58:14,806 [INFO]   替換層 1 -> QuantModule_DiffAE_LoRA
2026-03-20 18:58:14,807 [INFO]   替換層 1 -> QuantModule_DiffAE_LoRA
2026-03-20 18:58:14,807 [INFO]   替換層 1 -> QuantModule_DiffAE_LoRA
2026-03-20 18:58:14,807 [INFO]   替換層 3 -> QuantModule_DiffAE_LoRA
2026-03-20 18:58:14,807 [INFO]   替換層 3 -> QuantModule_DiffAE_LoRA
2026-03-20 18:58:14,808 [INFO]   替換層 2 -> QuantModule_DiffAE_LoRA
2026-03-20 18:58:14,808 [INFO]   替換層 2 -> QuantModule_DiffAE_LoRA
2026-03-20 18:58:14,809 [INFO]   替換層 1 -> QuantModule_DiffAE_LoRA
2026-03-20 18:58:14,809 [INFO]   替換層 1 -> QuantModule_DiffAE_LoRA
2026-03-20 18:58:14,810 [INFO]   替換層 1 -> QuantModule_DiffAE_LoRA
2026-03-20 18:58:14,810 [INFO]   替換層 1 -> QuantModule_DiffAE_LoRA
2026-03-20 18:58:14,810 [INFO]   替換層 3 -> QuantModule_DiffAE_LoRA
2026-03-20 18:58:14,810 [INFO]   替換層 3 -> QuantModule_DiffAE_LoRA
2026-03-20 18:58:14,811 [INFO]   替換層 2 -> QuantModule_DiffAE_LoRA
2026-03-20 18:58:14,811 [INFO]   替換層 2 -> QuantModule_DiffAE_LoRA
2026-03-20 18:58:14,812 [INFO]   替換層 1 -> QuantModule_DiffAE_LoRA
2026-03-20 18:58:14,812 [INFO]   替換層 1 -> QuantModule_DiffAE_LoRA
2026-03-20 18:58:14,812 [INFO]   替換層 1 -> QuantModule_DiffAE_LoRA
2026-03-20 18:58:14,812 [INFO]   替換層 1 -> QuantModule_DiffAE_LoRA
2026-03-20 18:58:14,813 [INFO]   替換層 3 -> QuantModule_DiffAE_LoRA
2026-03-20 18:58:14,813 [INFO]   替換層 3 -> QuantModule_DiffAE_LoRA
2026-03-20 18:58:14,813 [INFO]   替換層 2 -> QuantModule_DiffAE_LoRA
2026-03-20 18:58:14,813 [INFO]   替換層 2 -> QuantModule_DiffAE_LoRA
2026-03-20 18:58:14,815 [INFO]   替換層 1 -> QuantModule_DiffAE_LoRA
2026-03-20 18:58:14,815 [INFO]   替換層 1 -> QuantModule_DiffAE_LoRA
2026-03-20 18:58:14,816 [INFO]   替換層 1 -> QuantModule_DiffAE_LoRA
2026-03-20 18:58:14,816 [INFO]   替換層 1 -> QuantModule_DiffAE_LoRA
2026-03-20 18:58:14,816 [INFO]   替換層 3 -> QuantModule_DiffAE_LoRA
2026-03-20 18:58:14,816 [INFO]   替換層 3 -> QuantModule_DiffAE_LoRA
2026-03-20 18:58:14,818 [INFO]   跳過量化 skip connection: skip_connection
2026-03-20 18:58:14,818 [INFO]   跳過量化 skip connection: skip_connection
2026-03-20 18:58:14,818 [INFO]   替換層 2 -> QuantModule_DiffAE_LoRA
2026-03-20 18:58:14,818 [INFO]   替換層 2 -> QuantModule_DiffAE_LoRA
2026-03-20 18:58:14,820 [INFO]   替換層 1 -> QuantModule_DiffAE_LoRA
2026-03-20 18:58:14,820 [INFO]   替換層 1 -> QuantModule_DiffAE_LoRA
2026-03-20 18:58:14,821 [INFO]   替換層 1 -> QuantModule_DiffAE_LoRA
2026-03-20 18:58:14,821 [INFO]   替換層 1 -> QuantModule_DiffAE_LoRA
2026-03-20 18:58:14,822 [INFO]   替換層 3 -> QuantModule_DiffAE_LoRA
2026-03-20 18:58:14,822 [INFO]   替換層 3 -> QuantModule_DiffAE_LoRA
2026-03-20 18:58:14,824 [INFO]   替換層 2 -> QuantModule_DiffAE_LoRA
2026-03-20 18:58:14,824 [INFO]   替換層 2 -> QuantModule_DiffAE_LoRA
2026-03-20 18:58:14,826 [INFO]   替換層 1 -> QuantModule_DiffAE_LoRA
2026-03-20 18:58:14,826 [INFO]   替換層 1 -> QuantModule_DiffAE_LoRA
2026-03-20 18:58:14,827 [INFO]   替換層 1 -> QuantModule_DiffAE_LoRA
2026-03-20 18:58:14,827 [INFO]   替換層 1 -> QuantModule_DiffAE_LoRA
2026-03-20 18:58:14,828 [INFO]   替換層 3 -> QuantModule_DiffAE_LoRA
2026-03-20 18:58:14,828 [INFO]   替換層 3 -> QuantModule_DiffAE_LoRA
2026-03-20 18:58:14,830 [INFO]   替換層 2 -> QuantModule_DiffAE_LoRA
2026-03-20 18:58:14,830 [INFO]   替換層 2 -> QuantModule_DiffAE_LoRA
2026-03-20 18:58:14,833 [INFO]   替換層 1 -> QuantModule_DiffAE_LoRA
2026-03-20 18:58:14,833 [INFO]   替換層 1 -> QuantModule_DiffAE_LoRA
2026-03-20 18:58:14,834 [INFO]   替換層 1 -> QuantModule_DiffAE_LoRA
2026-03-20 18:58:14,834 [INFO]   替換層 1 -> QuantModule_DiffAE_LoRA
2026-03-20 18:58:14,835 [INFO]   替換層 3 -> QuantModule_DiffAE_LoRA
2026-03-20 18:58:14,835 [INFO]   替換層 3 -> QuantModule_DiffAE_LoRA
2026-03-20 18:58:14,840 [INFO]   跳過量化 skip connection: skip_connection
2026-03-20 18:58:14,840 [INFO]   跳過量化 skip connection: skip_connection
2026-03-20 18:58:14,840 [INFO]   替換層 2 -> QuantModule_DiffAE_LoRA
2026-03-20 18:58:14,840 [INFO]   替換層 2 -> QuantModule_DiffAE_LoRA
2026-03-20 18:58:14,844 [INFO]   替換層 1 -> QuantModule_DiffAE_LoRA
2026-03-20 18:58:14,844 [INFO]   替換層 1 -> QuantModule_DiffAE_LoRA
2026-03-20 18:58:14,845 [INFO]   替換層 1 -> QuantModule_DiffAE_LoRA
2026-03-20 18:58:14,845 [INFO]   替換層 1 -> QuantModule_DiffAE_LoRA
2026-03-20 18:58:14,846 [INFO]   替換層 3 -> QuantModule_DiffAE_LoRA
2026-03-20 18:58:14,846 [INFO]   替換層 3 -> QuantModule_DiffAE_LoRA
2026-03-20 18:58:14,850 [INFO]   替換層 2 -> QuantModule_DiffAE_LoRA
2026-03-20 18:58:14,850 [INFO]   替換層 2 -> QuantModule_DiffAE_LoRA
2026-03-20 18:58:14,854 [INFO]   替換層 1 -> QuantModule_DiffAE_LoRA
2026-03-20 18:58:14,854 [INFO]   替換層 1 -> QuantModule_DiffAE_LoRA
2026-03-20 18:58:14,856 [INFO]   替換層 1 -> QuantModule_DiffAE_LoRA
2026-03-20 18:58:14,856 [INFO]   替換層 1 -> QuantModule_DiffAE_LoRA
2026-03-20 18:58:14,857 [INFO]   替換層 3 -> QuantModule_DiffAE_LoRA
2026-03-20 18:58:14,857 [INFO]   替換層 3 -> QuantModule_DiffAE_LoRA
2026-03-20 18:58:14,860 [INFO]   替換層 2 -> QuantModule_DiffAE_LoRA
2026-03-20 18:58:14,860 [INFO]   替換層 2 -> QuantModule_DiffAE_LoRA
2026-03-20 18:58:14,865 [INFO]   替換層 1 -> QuantModule_DiffAE_LoRA
2026-03-20 18:58:14,865 [INFO]   替換層 1 -> QuantModule_DiffAE_LoRA
2026-03-20 18:58:14,867 [INFO]   替換層 1 -> QuantModule_DiffAE_LoRA
2026-03-20 18:58:14,867 [INFO]   替換層 1 -> QuantModule_DiffAE_LoRA
2026-03-20 18:58:14,868 [INFO]   替換層 3 -> QuantModule_DiffAE_LoRA
2026-03-20 18:58:14,868 [INFO]   替換層 3 -> QuantModule_DiffAE_LoRA
2026-03-20 18:58:14,875 [INFO]   跳過量化 skip connection: skip_connection
2026-03-20 18:58:14,875 [INFO]   跳過量化 skip connection: skip_connection
2026-03-20 18:58:14,875 [INFO]   替換層 2 -> QuantModule_DiffAE_LoRA
2026-03-20 18:58:14,875 [INFO]   替換層 2 -> QuantModule_DiffAE_LoRA
2026-03-20 18:58:14,882 [INFO]   替換層 1 -> QuantModule_DiffAE_LoRA
2026-03-20 18:58:14,882 [INFO]   替換層 1 -> QuantModule_DiffAE_LoRA
2026-03-20 18:58:14,883 [INFO]   替換層 1 -> QuantModule_DiffAE_LoRA
2026-03-20 18:58:14,883 [INFO]   替換層 1 -> QuantModule_DiffAE_LoRA
2026-03-20 18:58:14,885 [INFO]   替換層 3 -> QuantModule_DiffAE_LoRA
2026-03-20 18:58:14,885 [INFO]   替換層 3 -> QuantModule_DiffAE_LoRA
2026-03-20 18:58:14,891 [INFO] 改造模組: middle_block
2026-03-20 18:58:14,891 [INFO] 改造模組: middle_block
2026-03-20 18:58:14,891 [INFO]   替換層 2 -> QuantModule_DiffAE_LoRA
2026-03-20 18:58:14,891 [INFO]   替換層 2 -> QuantModule_DiffAE_LoRA
2026-03-20 18:58:14,898 [INFO]   替換層 1 -> QuantModule_DiffAE_LoRA
2026-03-20 18:58:14,898 [INFO]   替換層 1 -> QuantModule_DiffAE_LoRA
2026-03-20 18:58:14,900 [INFO]   替換層 1 -> QuantModule_DiffAE_LoRA
2026-03-20 18:58:14,900 [INFO]   替換層 1 -> QuantModule_DiffAE_LoRA
2026-03-20 18:58:14,901 [INFO]   替換層 3 -> QuantModule_DiffAE_LoRA
2026-03-20 18:58:14,901 [INFO]   替換層 3 -> QuantModule_DiffAE_LoRA
2026-03-20 18:58:14,909 [INFO]   替換層 2 -> QuantModule_DiffAE_LoRA
2026-03-20 18:58:14,909 [INFO]   替換層 2 -> QuantModule_DiffAE_LoRA
2026-03-20 18:58:14,916 [INFO]   替換層 1 -> QuantModule_DiffAE_LoRA
2026-03-20 18:58:14,916 [INFO]   替換層 1 -> QuantModule_DiffAE_LoRA
2026-03-20 18:58:14,918 [INFO]   替換層 1 -> QuantModule_DiffAE_LoRA
2026-03-20 18:58:14,918 [INFO]   替換層 1 -> QuantModule_DiffAE_LoRA
2026-03-20 18:58:14,919 [INFO]   替換層 3 -> QuantModule_DiffAE_LoRA
2026-03-20 18:58:14,919 [INFO]   替換層 3 -> QuantModule_DiffAE_LoRA
2026-03-20 18:58:14,926 [INFO] 改造模組: output_blocks
2026-03-20 18:58:14,926 [INFO] 改造模組: output_blocks
2026-03-20 18:58:14,926 [INFO]   替換層 2 -> QuantModule_DiffAE_LoRA
2026-03-20 18:58:14,926 [INFO]   替換層 2 -> QuantModule_DiffAE_LoRA
2026-03-20 18:58:14,939 [INFO]   替換層 1 -> QuantModule_DiffAE_LoRA
2026-03-20 18:58:14,939 [INFO]   替換層 1 -> QuantModule_DiffAE_LoRA
2026-03-20 18:58:14,941 [INFO]   替換層 1 -> QuantModule_DiffAE_LoRA
2026-03-20 18:58:14,941 [INFO]   替換層 1 -> QuantModule_DiffAE_LoRA
2026-03-20 18:58:14,942 [INFO]   替換層 3 -> QuantModule_DiffAE_LoRA
2026-03-20 18:58:14,942 [INFO]   替換層 3 -> QuantModule_DiffAE_LoRA
2026-03-20 18:58:14,949 [INFO]   跳過量化 skip connection: skip_connection
2026-03-20 18:58:14,949 [INFO]   跳過量化 skip connection: skip_connection
2026-03-20 18:58:14,949 [INFO]   替換層 2 -> QuantModule_DiffAE_LoRA
2026-03-20 18:58:14,949 [INFO]   替換層 2 -> QuantModule_DiffAE_LoRA
2026-03-20 18:58:14,962 [INFO]   替換層 1 -> QuantModule_DiffAE_LoRA
2026-03-20 18:58:14,962 [INFO]   替換層 1 -> QuantModule_DiffAE_LoRA
2026-03-20 18:58:14,964 [INFO]   替換層 1 -> QuantModule_DiffAE_LoRA
2026-03-20 18:58:14,964 [INFO]   替換層 1 -> QuantModule_DiffAE_LoRA
2026-03-20 18:58:14,965 [INFO]   替換層 3 -> QuantModule_DiffAE_LoRA
2026-03-20 18:58:14,965 [INFO]   替換層 3 -> QuantModule_DiffAE_LoRA
2026-03-20 18:58:14,972 [INFO]   跳過量化 skip connection: skip_connection
2026-03-20 18:58:14,972 [INFO]   跳過量化 skip connection: skip_connection
2026-03-20 18:58:14,972 [INFO]   替換層 2 -> QuantModule_DiffAE_LoRA
2026-03-20 18:58:14,972 [INFO]   替換層 2 -> QuantModule_DiffAE_LoRA
2026-03-20 18:58:14,986 [INFO]   替換層 1 -> QuantModule_DiffAE_LoRA
2026-03-20 18:58:14,986 [INFO]   替換層 1 -> QuantModule_DiffAE_LoRA
2026-03-20 18:58:14,988 [INFO]   替換層 1 -> QuantModule_DiffAE_LoRA
2026-03-20 18:58:14,988 [INFO]   替換層 1 -> QuantModule_DiffAE_LoRA
2026-03-20 18:58:14,989 [INFO]   替換層 3 -> QuantModule_DiffAE_LoRA
2026-03-20 18:58:14,989 [INFO]   替換層 3 -> QuantModule_DiffAE_LoRA
2026-03-20 18:58:14,998 [INFO]   跳過量化 skip connection: skip_connection
2026-03-20 18:58:14,998 [INFO]   跳過量化 skip connection: skip_connection
2026-03-20 18:58:14,998 [INFO]   替換層 2 -> QuantModule_DiffAE_LoRA
2026-03-20 18:58:14,998 [INFO]   替換層 2 -> QuantModule_DiffAE_LoRA
2026-03-20 18:58:15,005 [INFO]   替換層 1 -> QuantModule_DiffAE_LoRA
2026-03-20 18:58:15,005 [INFO]   替換層 1 -> QuantModule_DiffAE_LoRA
2026-03-20 18:58:15,006 [INFO]   替換層 1 -> QuantModule_DiffAE_LoRA
2026-03-20 18:58:15,006 [INFO]   替換層 1 -> QuantModule_DiffAE_LoRA
2026-03-20 18:58:15,008 [INFO]   替換層 3 -> QuantModule_DiffAE_LoRA
2026-03-20 18:58:15,008 [INFO]   替換層 3 -> QuantModule_DiffAE_LoRA
2026-03-20 18:58:15,014 [INFO]   替換層 2 -> QuantModule_DiffAE_LoRA
2026-03-20 18:58:15,014 [INFO]   替換層 2 -> QuantModule_DiffAE_LoRA
2026-03-20 18:58:15,024 [INFO]   替換層 1 -> QuantModule_DiffAE_LoRA
2026-03-20 18:58:15,024 [INFO]   替換層 1 -> QuantModule_DiffAE_LoRA
2026-03-20 18:58:15,026 [INFO]   替換層 1 -> QuantModule_DiffAE_LoRA
2026-03-20 18:58:15,026 [INFO]   替換層 1 -> QuantModule_DiffAE_LoRA
2026-03-20 18:58:15,027 [INFO]   替換層 3 -> QuantModule_DiffAE_LoRA
2026-03-20 18:58:15,027 [INFO]   替換層 3 -> QuantModule_DiffAE_LoRA
2026-03-20 18:58:15,032 [INFO]   跳過量化 skip connection: skip_connection
2026-03-20 18:58:15,032 [INFO]   跳過量化 skip connection: skip_connection
2026-03-20 18:58:15,032 [INFO]   替換層 2 -> QuantModule_DiffAE_LoRA
2026-03-20 18:58:15,032 [INFO]   替換層 2 -> QuantModule_DiffAE_LoRA
2026-03-20 18:58:15,041 [INFO]   替換層 1 -> QuantModule_DiffAE_LoRA
2026-03-20 18:58:15,041 [INFO]   替換層 1 -> QuantModule_DiffAE_LoRA
2026-03-20 18:58:15,042 [INFO]   替換層 1 -> QuantModule_DiffAE_LoRA
2026-03-20 18:58:15,042 [INFO]   替換層 1 -> QuantModule_DiffAE_LoRA
2026-03-20 18:58:15,044 [INFO]   替換層 3 -> QuantModule_DiffAE_LoRA
2026-03-20 18:58:15,044 [INFO]   替換層 3 -> QuantModule_DiffAE_LoRA
2026-03-20 18:58:15,048 [INFO]   跳過量化 skip connection: skip_connection
2026-03-20 18:58:15,048 [INFO]   跳過量化 skip connection: skip_connection
2026-03-20 18:58:15,048 [INFO]   替換層 2 -> QuantModule_DiffAE_LoRA
2026-03-20 18:58:15,048 [INFO]   替換層 2 -> QuantModule_DiffAE_LoRA
2026-03-20 18:58:15,055 [INFO]   替換層 1 -> QuantModule_DiffAE_LoRA
2026-03-20 18:58:15,055 [INFO]   替換層 1 -> QuantModule_DiffAE_LoRA
2026-03-20 18:58:15,057 [INFO]   替換層 1 -> QuantModule_DiffAE_LoRA
2026-03-20 18:58:15,057 [INFO]   替換層 1 -> QuantModule_DiffAE_LoRA
2026-03-20 18:58:15,057 [INFO]   替換層 3 -> QuantModule_DiffAE_LoRA
2026-03-20 18:58:15,057 [INFO]   替換層 3 -> QuantModule_DiffAE_LoRA
2026-03-20 18:58:15,061 [INFO]   跳過量化 skip connection: skip_connection
2026-03-20 18:58:15,061 [INFO]   跳過量化 skip connection: skip_connection
2026-03-20 18:58:15,061 [INFO]   替換層 2 -> QuantModule_DiffAE_LoRA
2026-03-20 18:58:15,061 [INFO]   替換層 2 -> QuantModule_DiffAE_LoRA
2026-03-20 18:58:15,066 [INFO]   替換層 1 -> QuantModule_DiffAE_LoRA
2026-03-20 18:58:15,066 [INFO]   替換層 1 -> QuantModule_DiffAE_LoRA
2026-03-20 18:58:15,067 [INFO]   替換層 1 -> QuantModule_DiffAE_LoRA
2026-03-20 18:58:15,067 [INFO]   替換層 1 -> QuantModule_DiffAE_LoRA
2026-03-20 18:58:15,068 [INFO]   替換層 3 -> QuantModule_DiffAE_LoRA
2026-03-20 18:58:15,068 [INFO]   替換層 3 -> QuantModule_DiffAE_LoRA
2026-03-20 18:58:15,072 [INFO]   替換層 2 -> QuantModule_DiffAE_LoRA
2026-03-20 18:58:15,072 [INFO]   替換層 2 -> QuantModule_DiffAE_LoRA
2026-03-20 18:58:15,077 [INFO]   替換層 1 -> QuantModule_DiffAE_LoRA
2026-03-20 18:58:15,077 [INFO]   替換層 1 -> QuantModule_DiffAE_LoRA
2026-03-20 18:58:15,078 [INFO]   替換層 1 -> QuantModule_DiffAE_LoRA
2026-03-20 18:58:15,078 [INFO]   替換層 1 -> QuantModule_DiffAE_LoRA
2026-03-20 18:58:15,079 [INFO]   替換層 3 -> QuantModule_DiffAE_LoRA
2026-03-20 18:58:15,079 [INFO]   替換層 3 -> QuantModule_DiffAE_LoRA
2026-03-20 18:58:15,081 [INFO]   跳過量化 skip connection: skip_connection
2026-03-20 18:58:15,081 [INFO]   跳過量化 skip connection: skip_connection
2026-03-20 18:58:15,081 [INFO]   替換層 2 -> QuantModule_DiffAE_LoRA
2026-03-20 18:58:15,081 [INFO]   替換層 2 -> QuantModule_DiffAE_LoRA
2026-03-20 18:58:15,085 [INFO]   替換層 1 -> QuantModule_DiffAE_LoRA
2026-03-20 18:58:15,085 [INFO]   替換層 1 -> QuantModule_DiffAE_LoRA
2026-03-20 18:58:15,086 [INFO]   替換層 1 -> QuantModule_DiffAE_LoRA
2026-03-20 18:58:15,086 [INFO]   替換層 1 -> QuantModule_DiffAE_LoRA
2026-03-20 18:58:15,087 [INFO]   替換層 3 -> QuantModule_DiffAE_LoRA
2026-03-20 18:58:15,087 [INFO]   替換層 3 -> QuantModule_DiffAE_LoRA
2026-03-20 18:58:15,089 [INFO]   跳過量化 skip connection: skip_connection
2026-03-20 18:58:15,089 [INFO]   跳過量化 skip connection: skip_connection
2026-03-20 18:58:15,089 [INFO]   替換層 2 -> QuantModule_DiffAE_LoRA
2026-03-20 18:58:15,089 [INFO]   替換層 2 -> QuantModule_DiffAE_LoRA
2026-03-20 18:58:15,091 [INFO]   替換層 1 -> QuantModule_DiffAE_LoRA
2026-03-20 18:58:15,091 [INFO]   替換層 1 -> QuantModule_DiffAE_LoRA
2026-03-20 18:58:15,093 [INFO]   替換層 1 -> QuantModule_DiffAE_LoRA
2026-03-20 18:58:15,093 [INFO]   替換層 1 -> QuantModule_DiffAE_LoRA
2026-03-20 18:58:15,093 [INFO]   替換層 3 -> QuantModule_DiffAE_LoRA
2026-03-20 18:58:15,093 [INFO]   替換層 3 -> QuantModule_DiffAE_LoRA
2026-03-20 18:58:15,095 [INFO]   跳過量化 skip connection: skip_connection
2026-03-20 18:58:15,095 [INFO]   跳過量化 skip connection: skip_connection
2026-03-20 18:58:15,095 [INFO]   替換層 2 -> QuantModule_DiffAE_LoRA
2026-03-20 18:58:15,095 [INFO]   替換層 2 -> QuantModule_DiffAE_LoRA
2026-03-20 18:58:15,097 [INFO]   替換層 1 -> QuantModule_DiffAE_LoRA
2026-03-20 18:58:15,097 [INFO]   替換層 1 -> QuantModule_DiffAE_LoRA
2026-03-20 18:58:15,098 [INFO]   替換層 1 -> QuantModule_DiffAE_LoRA
2026-03-20 18:58:15,098 [INFO]   替換層 1 -> QuantModule_DiffAE_LoRA
2026-03-20 18:58:15,099 [INFO]   替換層 3 -> QuantModule_DiffAE_LoRA
2026-03-20 18:58:15,099 [INFO]   替換層 3 -> QuantModule_DiffAE_LoRA
2026-03-20 18:58:15,100 [INFO]   替換層 2 -> QuantModule_DiffAE_LoRA
2026-03-20 18:58:15,100 [INFO]   替換層 2 -> QuantModule_DiffAE_LoRA
2026-03-20 18:58:15,102 [INFO]   替換層 1 -> QuantModule_DiffAE_LoRA
2026-03-20 18:58:15,102 [INFO]   替換層 1 -> QuantModule_DiffAE_LoRA
2026-03-20 18:58:15,103 [INFO]   替換層 1 -> QuantModule_DiffAE_LoRA
2026-03-20 18:58:15,103 [INFO]   替換層 1 -> QuantModule_DiffAE_LoRA
2026-03-20 18:58:15,103 [INFO]   替換層 3 -> QuantModule_DiffAE_LoRA
2026-03-20 18:58:15,103 [INFO]   替換層 3 -> QuantModule_DiffAE_LoRA
2026-03-20 18:58:15,104 [INFO]   跳過量化 skip connection: skip_connection
2026-03-20 18:58:15,104 [INFO]   跳過量化 skip connection: skip_connection
2026-03-20 18:58:15,104 [INFO]   替換層 2 -> QuantModule_DiffAE_LoRA
2026-03-20 18:58:15,104 [INFO]   替換層 2 -> QuantModule_DiffAE_LoRA
2026-03-20 18:58:15,105 [INFO]   替換層 1 -> QuantModule_DiffAE_LoRA
2026-03-20 18:58:15,105 [INFO]   替換層 1 -> QuantModule_DiffAE_LoRA
2026-03-20 18:58:15,106 [INFO]   替換層 1 -> QuantModule_DiffAE_LoRA
2026-03-20 18:58:15,106 [INFO]   替換層 1 -> QuantModule_DiffAE_LoRA
2026-03-20 18:58:15,106 [INFO]   替換層 3 -> QuantModule_DiffAE_LoRA
2026-03-20 18:58:15,106 [INFO]   替換層 3 -> QuantModule_DiffAE_LoRA
2026-03-20 18:58:15,107 [INFO]   跳過量化 skip connection: skip_connection
2026-03-20 18:58:15,107 [INFO]   跳過量化 skip connection: skip_connection
2026-03-20 18:58:15,107 [INFO]   替換層 2 -> QuantModule_DiffAE_LoRA
2026-03-20 18:58:15,107 [INFO]   替換層 2 -> QuantModule_DiffAE_LoRA
2026-03-20 18:58:15,108 [INFO]   替換層 1 -> QuantModule_DiffAE_LoRA
2026-03-20 18:58:15,108 [INFO]   替換層 1 -> QuantModule_DiffAE_LoRA
2026-03-20 18:58:15,109 [INFO]   替換層 1 -> QuantModule_DiffAE_LoRA
2026-03-20 18:58:15,109 [INFO]   替換層 1 -> QuantModule_DiffAE_LoRA
2026-03-20 18:58:15,109 [INFO]   替換層 3 -> QuantModule_DiffAE_LoRA
2026-03-20 18:58:15,109 [INFO]   替換層 3 -> QuantModule_DiffAE_LoRA
2026-03-20 18:58:15,110 [INFO]   跳過量化 skip connection: skip_connection
2026-03-20 18:58:15,110 [INFO]   跳過量化 skip connection: skip_connection
2026-03-20 18:58:15,110 [INFO]   替換層 2 -> QuantModule_DiffAE_LoRA
2026-03-20 18:58:15,110 [INFO]   替換層 2 -> QuantModule_DiffAE_LoRA
2026-03-20 18:58:15,111 [INFO]   替換層 1 -> QuantModule_DiffAE_LoRA
2026-03-20 18:58:15,111 [INFO]   替換層 1 -> QuantModule_DiffAE_LoRA
2026-03-20 18:58:15,112 [INFO]   替換層 1 -> QuantModule_DiffAE_LoRA
2026-03-20 18:58:15,112 [INFO]   替換層 1 -> QuantModule_DiffAE_LoRA
2026-03-20 18:58:15,112 [INFO]   替換層 3 -> QuantModule_DiffAE_LoRA
2026-03-20 18:58:15,112 [INFO]   替換層 3 -> QuantModule_DiffAE_LoRA
2026-03-20 18:58:15,114 [INFO]   替換層 2 -> QuantModule_DiffAE_LoRA
2026-03-20 18:58:15,114 [INFO]   替換層 2 -> QuantModule_DiffAE_LoRA
2026-03-20 18:58:15,115 [INFO]   替換層 1 -> QuantModule_DiffAE_LoRA
2026-03-20 18:58:15,115 [INFO]   替換層 1 -> QuantModule_DiffAE_LoRA
2026-03-20 18:58:15,116 [INFO]   替換層 1 -> QuantModule_DiffAE_LoRA
2026-03-20 18:58:15,116 [INFO]   替換層 1 -> QuantModule_DiffAE_LoRA
2026-03-20 18:58:15,116 [INFO]   替換層 3 -> QuantModule_DiffAE_LoRA
2026-03-20 18:58:15,116 [INFO]   替換層 3 -> QuantModule_DiffAE_LoRA
2026-03-20 18:58:15,117 [INFO]   跳過量化 skip connection: skip_connection
2026-03-20 18:58:15,117 [INFO]   跳過量化 skip connection: skip_connection
2026-03-20 18:58:15,117 [INFO]   替換層 2 -> QuantModule_DiffAE_LoRA
2026-03-20 18:58:15,117 [INFO]   替換層 2 -> QuantModule_DiffAE_LoRA
2026-03-20 18:58:15,118 [INFO]   替換層 1 -> QuantModule_DiffAE_LoRA
2026-03-20 18:58:15,118 [INFO]   替換層 1 -> QuantModule_DiffAE_LoRA
2026-03-20 18:58:15,119 [INFO]   替換層 1 -> QuantModule_DiffAE_LoRA
2026-03-20 18:58:15,119 [INFO]   替換層 1 -> QuantModule_DiffAE_LoRA
2026-03-20 18:58:15,119 [INFO]   替換層 3 -> QuantModule_DiffAE_LoRA
2026-03-20 18:58:15,119 [INFO]   替換層 3 -> QuantModule_DiffAE_LoRA
2026-03-20 18:58:15,120 [INFO]   跳過量化 skip connection: skip_connection
2026-03-20 18:58:15,120 [INFO]   跳過量化 skip connection: skip_connection
2026-03-20 18:58:15,120 [INFO]   替換層 2 -> QuantModule_DiffAE_LoRA
2026-03-20 18:58:15,120 [INFO]   替換層 2 -> QuantModule_DiffAE_LoRA
2026-03-20 18:58:15,121 [INFO]   替換層 1 -> QuantModule_DiffAE_LoRA
2026-03-20 18:58:15,121 [INFO]   替換層 1 -> QuantModule_DiffAE_LoRA
2026-03-20 18:58:15,122 [INFO]   替換層 1 -> QuantModule_DiffAE_LoRA
2026-03-20 18:58:15,122 [INFO]   替換層 1 -> QuantModule_DiffAE_LoRA
2026-03-20 18:58:15,122 [INFO]   替換層 3 -> QuantModule_DiffAE_LoRA
2026-03-20 18:58:15,122 [INFO]   替換層 3 -> QuantModule_DiffAE_LoRA
2026-03-20 18:58:15,123 [INFO]   跳過量化 skip connection: skip_connection
2026-03-20 18:58:15,123 [INFO]   跳過量化 skip connection: skip_connection
2026-03-20 18:58:15,123 [INFO] 改造模組: out
2026-03-20 18:58:15,123 [INFO] 改造模組: out
2026-03-20 18:58:15,123 [INFO]   跳過量化特殊模組: 2
2026-03-20 18:58:15,123 [INFO]   跳過量化特殊模組: 2
2026-03-20 18:58:15,126 [INFO] 執行 'create_float_quantized_model' 完成，耗時: 0.39 秒
2026-03-20 18:58:15,126 [INFO] 執行 'create_float_quantized_model' 完成，耗時: 0.39 秒
2026-03-20 18:58:15,219 [INFO] 載入校準資料...
2026-03-20 18:58:15,219 [INFO] 載入校準資料...
2026-03-20 18:58:15,410 [INFO] ✅ 載入真實校準資料成功
2026-03-20 18:58:15,410 [INFO] ✅ 載入真實校準資料成功
2026-03-20 18:58:15,413 [INFO] ==================================================
2026-03-20 18:58:15,413 [INFO] ==================================================
2026-03-20 18:58:15,413 [INFO] 5. Setting first and last layers to 8-bit...
2026-03-20 18:58:15,413 [INFO] 5. Setting first and last layers to 8-bit...
2026-03-20 18:58:15,414 [INFO] 找到 144 個量化模組
2026-03-20 18:58:15,414 [INFO] 找到 144 個量化模組
2026-03-20 18:58:15,414 [INFO] ✅ 首尾層 8-bit 設定完成
2026-03-20 18:58:15,414 [INFO] ✅ 首尾層 8-bit 設定完成
2026-03-20 18:58:15,414 [INFO] ✅ 量化模型創建成功
2026-03-20 18:58:15,414 [INFO] ✅ 量化模型創建成功
2026-03-20 18:58:15,414 [INFO] set quant state to True, True for layer 1
2026-03-20 18:58:15,414 [INFO] set quant state to True, True for layer 1
2026-03-20 18:58:15,414 [INFO] set quant state to True, True for layer 2
2026-03-20 18:58:15,414 [INFO] set quant state to True, True for layer 2
2026-03-20 18:58:15,414 [INFO] set quant state to True, False for layer 3
2026-03-20 18:58:15,414 [INFO] set quant state to True, False for layer 3
2026-03-20 18:58:15,416 [INFO] set quant state to True, True for layer 144
2026-03-20 18:58:15,416 [INFO] set quant state to True, True for layer 144
2026-03-20 18:58:16,325 [INFO] EMA(load from ema_model.model.*): provided=1822 effective_loaded=1822 missing=280 unexpected=0
2026-03-20 18:58:16,325 [INFO] EMA(load from ema_model.model.*): provided=1822 effective_loaded=1822 missing=280 unexpected=0
2026-03-20 18:58:16,325 [WARNING] EMA missing keys (前10): ['model.input_blocks.1.0.in_layers.2.intn_dequantizer.delta', 'model.input_blocks.1.0.in_layers.2.intn_dequantizer.zero_point', 'model.input_blocks.1.0.emb_layers.1.intn_dequantizer.delta', 'model.input_blocks.1.0.emb_layers.1.intn_dequantizer.zero_point', 'model.input_blocks.1.0.cond_emb_layers.1.intn_dequantizer.delta', 'model.input_blocks.1.0.cond_emb_layers.1.intn_dequantizer.zero_point', 'model.input_blocks.1.0.out_layers.3.intn_dequantizer.delta', 'model.input_blocks.1.0.out_layers.3.intn_dequantizer.zero_point', 'model.input_blocks.2.0.in_layers.2.intn_dequantizer.delta', 'model.input_blocks.2.0.in_layers.2.intn_dequantizer.zero_point']
2026-03-20 18:58:16,325 [WARNING] EMA missing keys (前10): ['model.input_blocks.1.0.in_layers.2.intn_dequantizer.delta', 'model.input_blocks.1.0.in_layers.2.intn_dequantizer.zero_point', 'model.input_blocks.1.0.emb_layers.1.intn_dequantizer.delta', 'model.input_blocks.1.0.emb_layers.1.intn_dequantizer.zero_point', 'model.input_blocks.1.0.cond_emb_layers.1.intn_dequantizer.delta', 'model.input_blocks.1.0.cond_emb_layers.1.intn_dequantizer.zero_point', 'model.input_blocks.1.0.out_layers.3.intn_dequantizer.delta', 'model.input_blocks.1.0.out_layers.3.intn_dequantizer.zero_point', 'model.input_blocks.2.0.in_layers.2.intn_dequantizer.delta', 'model.input_blocks.2.0.in_layers.2.intn_dequantizer.zero_point']
2026-03-20 18:58:16,381 [INFO] MODEL(load from model.model.*): provided=1822 effective_loaded=1822 missing=280 unexpected=0
2026-03-20 18:58:16,381 [INFO] MODEL(load from model.model.*): provided=1822 effective_loaded=1822 missing=280 unexpected=0
2026-03-20 18:58:16,381 [INFO] ✅ 量化模型載入成功
2026-03-20 18:58:16,381 [INFO] ✅ 量化模型載入成功
2026-03-20 18:58:16,381 [INFO] === 初始化新功能模組 ===
2026-03-20 18:58:16,381 [INFO] === 初始化新功能模組 ===
2026-03-20 18:58:16,411 [INFO] ✅ 基礎模型設定完成
2026-03-20 18:58:16,411 [INFO] ✅ 基礎模型設定完成
2026-03-20 18:58:16,443 [INFO] ==================================================
2026-03-20 18:58:16,443 [INFO] ==================================================
2026-03-20 18:58:16,444 [INFO] 啟用 Similarity Analysis (L1/L2/Cosine)
2026-03-20 18:58:16,444 [INFO] 啟用 Similarity Analysis (L1/L2/Cosine)
2026-03-20 18:58:16,444 [INFO] FID 評估樣本數: 128
2026-03-20 18:58:16,444 [INFO] FID 評估樣本數: 128
2026-03-20 18:58:16,444 [INFO] 實際收集樣本數: 20 (用於加速)
2026-03-20 18:58:16,444 [INFO] 實際收集樣本數: 20 (用於加速)
2026-03-20 18:58:16,444 [INFO] 擴散步數: 100
2026-03-20 18:58:16,444 [INFO] 擴散步數: 100
2026-03-20 18:58:16,444 [INFO] ==================================================
2026-03-20 18:58:16,444 [INFO] ==================================================
2026-03-20 18:58:16,444 [INFO] [Similarity] 註冊 block hook: model.input_blocks.1
2026-03-20 18:58:16,444 [INFO] [Similarity] 註冊 block hook: model.input_blocks.1
2026-03-20 18:58:16,445 [INFO] [Similarity] 註冊 model step hook 完成
2026-03-20 18:58:16,445 [INFO] [Similarity] 註冊 model step hook 完成
Model params: 174.19 M
loading pretrain ... 130M
step: 1019986
loading latent stats ...
local seed: 0
train data: 70001
val data: 70001
on train dataloader start ...
mean: tensor(-0.0606, device='cuda:0') std: tensor(0.0755, device='cuda:0')
generating images:   0%|          | 0/4 [00:00<?, ?it/s]/home/jimmy/diffae/./diffusion/base.py:329: FutureWarning: `torch.cuda.amp.autocast(args...)` is deprecated. Please use `torch.amp.autocast('cuda', args...)` instead.
  with autocast(self.conf.fp16):
2026-03-20 18:58:54,263 [INFO] [Similarity] Batch 0 完成，已收集 20 個樣本
2026-03-20 18:58:54,263 [INFO] [Similarity] Batch 0 完成，已收集 20 個樣本
generating images:  25%|██▌       | 1/4 [00:38<01:54, 38.18s/it]2026-03-20 18:59:32,339 [INFO] [Similarity] Batch 1 完成，已收集 20 個樣本
2026-03-20 18:59:32,339 [INFO] [Similarity] Batch 1 完成，已收集 20 個樣本
generating images:  50%|█████     | 2/4 [01:16<01:16, 38.12s/it]2026-03-20 19:00:10,467 [INFO] [Similarity] Batch 2 完成，已收集 20 個樣本
2026-03-20 19:00:10,467 [INFO] [Similarity] Batch 2 完成，已收集 20 個樣本
generating images:  75%|███████▌  | 3/4 [01:54<00:38, 38.12s/it]2026-03-20 19:00:26,504 [INFO] [Similarity] 已收集 80 个样本，停止数据收集（目标: 80）
2026-03-20 19:00:26,504 [INFO] [Similarity] 已收集 80 个样本，停止数据收集（目标: 80）
2026-03-20 19:00:48,591 [INFO] [Similarity] Batch 3 完成，已收集 20 個樣本
2026-03-20 19:00:48,591 [INFO] [Similarity] Batch 3 完成，已收集 20 個樣本
generating images: 100%|██████████| 4/4 [02:32<00:00, 38.12s/it]generating images: 100%|██████████| 4/4 [02:32<00:00, 38.13s/it]
2026-03-20 19:00:48,955 [INFO] [Similarity] FID@128 100 steps score: 0
2026-03-20 19:00:48,955 [INFO] [Similarity] FID@128 100 steps score: 0
2026-03-20 19:00:48,956 [INFO] [Similarity] model.input_blocks.1 cosine: min=0.099246, max=1.000000, diag_mean=1.000000, off_diag_mean=0.870148, off_diag_std=0.188776
2026-03-20 19:00:48,956 [INFO] [Similarity] model.input_blocks.1 cosine: min=0.099246, max=1.000000, diag_mean=1.000000, off_diag_mean=0.870148, off_diag_std=0.188776
2026-03-20 19:00:49,969 [INFO] ✅ Similarity Analysis 完成
2026-03-20 19:00:49,969 [INFO] ✅ Similarity Analysis 完成
2026-03-20 19:00:50,046 [INFO] 執行 'main_float_model' 完成，耗時: 157.15 秒
2026-03-20 19:00:50,046 [INFO] 執行 'main_float_model' 完成，耗時: 157.15 秒
