/home/jimmy/anaconda3/envs/diffae_bw/lib/python3.10/site-packages/lightning_fabric/__init__.py:41: pkg_resources is deprecated as an API. See https://setuptools.pypa.io/en/latest/pkg_resources.html. The pkg_resources package is slated for removal as early as 2025-11-30. Refrain from using this package or pin to Setuptools<81.
使用自動混合精度: torch.bfloat16
[設定] Log 檔案已設為: QATcode/cache_method/L1_L2_cosine/logs/similarity_model_output_blocks_14.log
2026-01-26 12:37:29,443 [INFO] Using 100 steps
2026-01-26 12:37:29,443 [INFO] Using 100 steps
2026-01-26 12:37:29,444 [INFO] Using 50000 evaluation samples
2026-01-26 12:37:29,444 [INFO] Using 50000 evaluation samples
2026-01-26 12:37:29,444 [INFO] Cache enabled: False, method: Res, threshold: 0.1
2026-01-26 12:37:29,444 [INFO] Cache enabled: False, method: Res, threshold: 0.1
2026-01-26 12:37:29,444 [INFO] Quantitative analysis enabled: False, samples: 10
2026-01-26 12:37:29,444 [INFO] Quantitative analysis enabled: False, samples: 10
2026-01-26 12:37:29,444 [INFO] Log file: QATcode/cache_method/L1_L2_cosine/logs/similarity_model_output_blocks_14.log
2026-01-26 12:37:29,444 [INFO] Log file: QATcode/cache_method/L1_L2_cosine/logs/similarity_model_output_blocks_14.log
2026-01-26 12:37:29,444 [INFO] ==================================================
2026-01-26 12:37:29,444 [INFO] ==================================================
2026-01-26 12:37:29,444 [INFO] Diff-AE EfficientDM Step 7 : 生成圖片
2026-01-26 12:37:29,444 [INFO] Diff-AE EfficientDM Step 7 : 生成圖片
2026-01-26 12:37:29,444 [INFO] ==================================================
2026-01-26 12:37:29,444 [INFO] ==================================================
2026-01-26 12:37:29,444 [INFO] 使用設備: cuda
2026-01-26 12:37:29,444 [INFO] 使用設備: cuda
2026-01-26 12:37:29,444 [INFO] === 新功能狀態 ===
2026-01-26 12:37:29,444 [INFO] === 新功能狀態 ===
2026-01-26 12:37:29,444 [INFO] 載入 Diff-AE 模型: checkpoints/ffhq128_autoenc_latent/last.ckpt
2026-01-26 12:37:29,444 [INFO] 載入 Diff-AE 模型: checkpoints/ffhq128_autoenc_latent/last.ckpt
Seed set to 0
Model params: 174.19 M
loading pretrain ... 130M
step: 1019986
loading latent stats ...
2026-01-26 12:37:32,379 [INFO] Diff-AE 模型載入完成
2026-01-26 12:37:32,379 [INFO] Diff-AE 模型載入完成
2026-01-26 12:37:32,425 [INFO] 執行 'load_diffae_model' 完成，耗時: 2.98 秒
2026-01-26 12:37:32,425 [INFO] 執行 'load_diffae_model' 完成，耗時: 2.98 秒
2026-01-26 12:37:32,425 [INFO] ✅ Diff-AE 模型載入成功
2026-01-26 12:37:32,425 [INFO] ✅ Diff-AE 模型載入成功
2026-01-26 12:37:32,425 [INFO] base_model.conf.train_mode: TrainMode.latent_diffusion
2026-01-26 12:37:32,425 [INFO] base_model.conf.train_mode: TrainMode.latent_diffusion
2026-01-26 12:37:32,425 [INFO] === 創建 LoRA 量化模型 ===
2026-01-26 12:37:32,425 [INFO] === 創建 LoRA 量化模型 ===
2026-01-26 12:37:32,425 [INFO] === 開始 UNet LoRA 量化改造 ===
2026-01-26 12:37:32,425 [INFO] === 開始 UNet LoRA 量化改造 ===
2026-01-26 12:37:32,425 [INFO] 改造模組: time_embed
2026-01-26 12:37:32,425 [INFO] 改造模組: time_embed
2026-01-26 12:37:32,425 [INFO]   跳過量化特殊模組: 0
2026-01-26 12:37:32,425 [INFO]   跳過量化特殊模組: 0
2026-01-26 12:37:32,432 [INFO]   跳過量化特殊模組: 2
2026-01-26 12:37:32,432 [INFO]   跳過量化特殊模組: 2
2026-01-26 12:37:32,438 [INFO] 改造模組: input_blocks
2026-01-26 12:37:32,438 [INFO] 改造模組: input_blocks
2026-01-26 12:37:32,438 [INFO]   跳過量化特殊模組: 0
2026-01-26 12:37:32,438 [INFO]   跳過量化特殊模組: 0
2026-01-26 12:37:32,439 [INFO]   替換層 2 -> QuantModule_DiffAE_LoRA
2026-01-26 12:37:32,439 [INFO]   替換層 2 -> QuantModule_DiffAE_LoRA
2026-01-26 12:37:32,515 [INFO]   替換層 1 -> QuantModule_DiffAE_LoRA
2026-01-26 12:37:32,515 [INFO]   替換層 1 -> QuantModule_DiffAE_LoRA
2026-01-26 12:37:32,522 [INFO]   替換層 1 -> QuantModule_DiffAE_LoRA
2026-01-26 12:37:32,522 [INFO]   替換層 1 -> QuantModule_DiffAE_LoRA
2026-01-26 12:37:32,529 [INFO]   替換層 3 -> QuantModule_DiffAE_LoRA
2026-01-26 12:37:32,529 [INFO]   替換層 3 -> QuantModule_DiffAE_LoRA
2026-01-26 12:37:32,532 [INFO]   替換層 2 -> QuantModule_DiffAE_LoRA
2026-01-26 12:37:32,532 [INFO]   替換層 2 -> QuantModule_DiffAE_LoRA
2026-01-26 12:37:32,539 [INFO]   替換層 1 -> QuantModule_DiffAE_LoRA
2026-01-26 12:37:32,539 [INFO]   替換層 1 -> QuantModule_DiffAE_LoRA
2026-01-26 12:37:32,544 [INFO]   替換層 1 -> QuantModule_DiffAE_LoRA
2026-01-26 12:37:32,544 [INFO]   替換層 1 -> QuantModule_DiffAE_LoRA
2026-01-26 12:37:32,550 [INFO]   替換層 3 -> QuantModule_DiffAE_LoRA
2026-01-26 12:37:32,550 [INFO]   替換層 3 -> QuantModule_DiffAE_LoRA
2026-01-26 12:37:32,555 [INFO]   替換層 2 -> QuantModule_DiffAE_LoRA
2026-01-26 12:37:32,555 [INFO]   替換層 2 -> QuantModule_DiffAE_LoRA
2026-01-26 12:37:32,556 [INFO]   替換層 1 -> QuantModule_DiffAE_LoRA
2026-01-26 12:37:32,556 [INFO]   替換層 1 -> QuantModule_DiffAE_LoRA
2026-01-26 12:37:32,556 [INFO]   替換層 1 -> QuantModule_DiffAE_LoRA
2026-01-26 12:37:32,556 [INFO]   替換層 1 -> QuantModule_DiffAE_LoRA
2026-01-26 12:37:32,557 [INFO]   替換層 3 -> QuantModule_DiffAE_LoRA
2026-01-26 12:37:32,557 [INFO]   替換層 3 -> QuantModule_DiffAE_LoRA
2026-01-26 12:37:32,557 [INFO]   替換層 2 -> QuantModule_DiffAE_LoRA
2026-01-26 12:37:32,557 [INFO]   替換層 2 -> QuantModule_DiffAE_LoRA
2026-01-26 12:37:32,558 [INFO]   替換層 1 -> QuantModule_DiffAE_LoRA
2026-01-26 12:37:32,558 [INFO]   替換層 1 -> QuantModule_DiffAE_LoRA
2026-01-26 12:37:32,559 [INFO]   替換層 1 -> QuantModule_DiffAE_LoRA
2026-01-26 12:37:32,559 [INFO]   替換層 1 -> QuantModule_DiffAE_LoRA
2026-01-26 12:37:32,559 [INFO]   替換層 3 -> QuantModule_DiffAE_LoRA
2026-01-26 12:37:32,559 [INFO]   替換層 3 -> QuantModule_DiffAE_LoRA
2026-01-26 12:37:32,560 [INFO]   替換層 2 -> QuantModule_DiffAE_LoRA
2026-01-26 12:37:32,560 [INFO]   替換層 2 -> QuantModule_DiffAE_LoRA
2026-01-26 12:37:32,560 [INFO]   替換層 1 -> QuantModule_DiffAE_LoRA
2026-01-26 12:37:32,560 [INFO]   替換層 1 -> QuantModule_DiffAE_LoRA
2026-01-26 12:37:32,561 [INFO]   替換層 1 -> QuantModule_DiffAE_LoRA
2026-01-26 12:37:32,561 [INFO]   替換層 1 -> QuantModule_DiffAE_LoRA
2026-01-26 12:37:32,561 [INFO]   替換層 3 -> QuantModule_DiffAE_LoRA
2026-01-26 12:37:32,561 [INFO]   替換層 3 -> QuantModule_DiffAE_LoRA
2026-01-26 12:37:32,562 [INFO]   替換層 2 -> QuantModule_DiffAE_LoRA
2026-01-26 12:37:32,562 [INFO]   替換層 2 -> QuantModule_DiffAE_LoRA
2026-01-26 12:37:32,562 [INFO]   替換層 1 -> QuantModule_DiffAE_LoRA
2026-01-26 12:37:32,562 [INFO]   替換層 1 -> QuantModule_DiffAE_LoRA
2026-01-26 12:37:32,563 [INFO]   替換層 1 -> QuantModule_DiffAE_LoRA
2026-01-26 12:37:32,563 [INFO]   替換層 1 -> QuantModule_DiffAE_LoRA
2026-01-26 12:37:32,563 [INFO]   替換層 3 -> QuantModule_DiffAE_LoRA
2026-01-26 12:37:32,563 [INFO]   替換層 3 -> QuantModule_DiffAE_LoRA
2026-01-26 12:37:32,564 [INFO]   替換層 2 -> QuantModule_DiffAE_LoRA
2026-01-26 12:37:32,564 [INFO]   替換層 2 -> QuantModule_DiffAE_LoRA
2026-01-26 12:37:32,565 [INFO]   替換層 1 -> QuantModule_DiffAE_LoRA
2026-01-26 12:37:32,565 [INFO]   替換層 1 -> QuantModule_DiffAE_LoRA
2026-01-26 12:37:32,566 [INFO]   替換層 1 -> QuantModule_DiffAE_LoRA
2026-01-26 12:37:32,566 [INFO]   替換層 1 -> QuantModule_DiffAE_LoRA
2026-01-26 12:37:32,566 [INFO]   替換層 3 -> QuantModule_DiffAE_LoRA
2026-01-26 12:37:32,566 [INFO]   替換層 3 -> QuantModule_DiffAE_LoRA
2026-01-26 12:37:32,568 [INFO]   跳過量化 skip connection: skip_connection
2026-01-26 12:37:32,568 [INFO]   跳過量化 skip connection: skip_connection
2026-01-26 12:37:32,568 [INFO]   替換層 2 -> QuantModule_DiffAE_LoRA
2026-01-26 12:37:32,568 [INFO]   替換層 2 -> QuantModule_DiffAE_LoRA
2026-01-26 12:37:32,570 [INFO]   替換層 1 -> QuantModule_DiffAE_LoRA
2026-01-26 12:37:32,570 [INFO]   替換層 1 -> QuantModule_DiffAE_LoRA
2026-01-26 12:37:32,571 [INFO]   替換層 1 -> QuantModule_DiffAE_LoRA
2026-01-26 12:37:32,571 [INFO]   替換層 1 -> QuantModule_DiffAE_LoRA
2026-01-26 12:37:32,571 [INFO]   替換層 3 -> QuantModule_DiffAE_LoRA
2026-01-26 12:37:32,571 [INFO]   替換層 3 -> QuantModule_DiffAE_LoRA
2026-01-26 12:37:32,573 [INFO]   替換層 2 -> QuantModule_DiffAE_LoRA
2026-01-26 12:37:32,573 [INFO]   替換層 2 -> QuantModule_DiffAE_LoRA
2026-01-26 12:37:32,575 [INFO]   替換層 1 -> QuantModule_DiffAE_LoRA
2026-01-26 12:37:32,575 [INFO]   替換層 1 -> QuantModule_DiffAE_LoRA
2026-01-26 12:37:32,575 [INFO]   替換層 1 -> QuantModule_DiffAE_LoRA
2026-01-26 12:37:32,575 [INFO]   替換層 1 -> QuantModule_DiffAE_LoRA
2026-01-26 12:37:32,576 [INFO]   替換層 3 -> QuantModule_DiffAE_LoRA
2026-01-26 12:37:32,576 [INFO]   替換層 3 -> QuantModule_DiffAE_LoRA
2026-01-26 12:37:32,578 [INFO]   替換層 2 -> QuantModule_DiffAE_LoRA
2026-01-26 12:37:32,578 [INFO]   替換層 2 -> QuantModule_DiffAE_LoRA
2026-01-26 12:37:32,580 [INFO]   替換層 1 -> QuantModule_DiffAE_LoRA
2026-01-26 12:37:32,580 [INFO]   替換層 1 -> QuantModule_DiffAE_LoRA
2026-01-26 12:37:32,581 [INFO]   替換層 1 -> QuantModule_DiffAE_LoRA
2026-01-26 12:37:32,581 [INFO]   替換層 1 -> QuantModule_DiffAE_LoRA
2026-01-26 12:37:32,582 [INFO]   替換層 3 -> QuantModule_DiffAE_LoRA
2026-01-26 12:37:32,582 [INFO]   替換層 3 -> QuantModule_DiffAE_LoRA
2026-01-26 12:37:32,585 [INFO]   跳過量化 skip connection: skip_connection
2026-01-26 12:37:32,585 [INFO]   跳過量化 skip connection: skip_connection
2026-01-26 12:37:32,585 [INFO]   替換層 2 -> QuantModule_DiffAE_LoRA
2026-01-26 12:37:32,585 [INFO]   替換層 2 -> QuantModule_DiffAE_LoRA
2026-01-26 12:37:32,589 [INFO]   替換層 1 -> QuantModule_DiffAE_LoRA
2026-01-26 12:37:32,589 [INFO]   替換層 1 -> QuantModule_DiffAE_LoRA
2026-01-26 12:37:32,593 [INFO]   替換層 1 -> QuantModule_DiffAE_LoRA
2026-01-26 12:37:32,593 [INFO]   替換層 1 -> QuantModule_DiffAE_LoRA
2026-01-26 12:37:32,597 [INFO]   替換層 3 -> QuantModule_DiffAE_LoRA
2026-01-26 12:37:32,597 [INFO]   替換層 3 -> QuantModule_DiffAE_LoRA
2026-01-26 12:37:32,605 [INFO]   替換層 2 -> QuantModule_DiffAE_LoRA
2026-01-26 12:37:32,605 [INFO]   替換層 2 -> QuantModule_DiffAE_LoRA
2026-01-26 12:37:32,609 [INFO]   替換層 1 -> QuantModule_DiffAE_LoRA
2026-01-26 12:37:32,609 [INFO]   替換層 1 -> QuantModule_DiffAE_LoRA
2026-01-26 12:37:32,612 [INFO]   替換層 1 -> QuantModule_DiffAE_LoRA
2026-01-26 12:37:32,612 [INFO]   替換層 1 -> QuantModule_DiffAE_LoRA
2026-01-26 12:37:32,613 [INFO]   替換層 3 -> QuantModule_DiffAE_LoRA
2026-01-26 12:37:32,613 [INFO]   替換層 3 -> QuantModule_DiffAE_LoRA
2026-01-26 12:37:32,616 [INFO]   替換層 2 -> QuantModule_DiffAE_LoRA
2026-01-26 12:37:32,616 [INFO]   替換層 2 -> QuantModule_DiffAE_LoRA
2026-01-26 12:37:32,623 [INFO]   替換層 1 -> QuantModule_DiffAE_LoRA
2026-01-26 12:37:32,623 [INFO]   替換層 1 -> QuantModule_DiffAE_LoRA
2026-01-26 12:37:32,627 [INFO]   替換層 1 -> QuantModule_DiffAE_LoRA
2026-01-26 12:37:32,627 [INFO]   替換層 1 -> QuantModule_DiffAE_LoRA
2026-01-26 12:37:32,631 [INFO]   替換層 3 -> QuantModule_DiffAE_LoRA
2026-01-26 12:37:32,631 [INFO]   替換層 3 -> QuantModule_DiffAE_LoRA
2026-01-26 12:37:32,637 [INFO]   跳過量化 skip connection: skip_connection
2026-01-26 12:37:32,637 [INFO]   替換層 2 -> QuantModule_DiffAE_LoRA
2026-01-26 12:37:32,637 [INFO]   跳過量化 skip connection: skip_connection
2026-01-26 12:37:32,637 [INFO]   替換層 2 -> QuantModule_DiffAE_LoRA
2026-01-26 12:37:32,646 [INFO]   替換層 1 -> QuantModule_DiffAE_LoRA
2026-01-26 12:37:32,646 [INFO]   替換層 1 -> QuantModule_DiffAE_LoRA
2026-01-26 12:37:32,650 [INFO]   替換層 1 -> QuantModule_DiffAE_LoRA
2026-01-26 12:37:32,650 [INFO]   替換層 1 -> QuantModule_DiffAE_LoRA
2026-01-26 12:37:32,659 [INFO]   替換層 3 -> QuantModule_DiffAE_LoRA
2026-01-26 12:37:32,659 [INFO]   替換層 3 -> QuantModule_DiffAE_LoRA
2026-01-26 12:37:32,668 [INFO] 改造模組: middle_block
2026-01-26 12:37:32,668 [INFO]   替換層 2 -> QuantModule_DiffAE_LoRA
2026-01-26 12:37:32,668 [INFO] 改造模組: middle_block
2026-01-26 12:37:32,668 [INFO]   替換層 2 -> QuantModule_DiffAE_LoRA
2026-01-26 12:37:32,681 [INFO]   替換層 1 -> QuantModule_DiffAE_LoRA
2026-01-26 12:37:32,681 [INFO]   替換層 1 -> QuantModule_DiffAE_LoRA
2026-01-26 12:37:32,689 [INFO]   替換層 1 -> QuantModule_DiffAE_LoRA
2026-01-26 12:37:32,689 [INFO]   替換層 1 -> QuantModule_DiffAE_LoRA
2026-01-26 12:37:32,693 [INFO]   替換層 3 -> QuantModule_DiffAE_LoRA
2026-01-26 12:37:32,693 [INFO]   替換層 3 -> QuantModule_DiffAE_LoRA
2026-01-26 12:37:32,704 [INFO]   替換層 2 -> QuantModule_DiffAE_LoRA
2026-01-26 12:37:32,704 [INFO]   替換層 2 -> QuantModule_DiffAE_LoRA
2026-01-26 12:37:32,716 [INFO]   替換層 1 -> QuantModule_DiffAE_LoRA
2026-01-26 12:37:32,716 [INFO]   替換層 1 -> QuantModule_DiffAE_LoRA
2026-01-26 12:37:32,723 [INFO]   替換層 1 -> QuantModule_DiffAE_LoRA
2026-01-26 12:37:32,723 [INFO]   替換層 1 -> QuantModule_DiffAE_LoRA
2026-01-26 12:37:32,729 [INFO]   替換層 3 -> QuantModule_DiffAE_LoRA
2026-01-26 12:37:32,729 [INFO]   替換層 3 -> QuantModule_DiffAE_LoRA
2026-01-26 12:37:32,739 [INFO] 改造模組: output_blocks
2026-01-26 12:37:32,739 [INFO]   替換層 2 -> QuantModule_DiffAE_LoRA
2026-01-26 12:37:32,739 [INFO] 改造模組: output_blocks
2026-01-26 12:37:32,739 [INFO]   替換層 2 -> QuantModule_DiffAE_LoRA
2026-01-26 12:37:32,753 [INFO]   替換層 1 -> QuantModule_DiffAE_LoRA
2026-01-26 12:37:32,753 [INFO]   替換層 1 -> QuantModule_DiffAE_LoRA
2026-01-26 12:37:32,761 [INFO]   替換層 1 -> QuantModule_DiffAE_LoRA
2026-01-26 12:37:32,761 [INFO]   替換層 1 -> QuantModule_DiffAE_LoRA
2026-01-26 12:37:32,768 [INFO]   替換層 3 -> QuantModule_DiffAE_LoRA
2026-01-26 12:37:32,768 [INFO]   替換層 3 -> QuantModule_DiffAE_LoRA
2026-01-26 12:37:32,779 [INFO]   跳過量化 skip connection: skip_connection
2026-01-26 12:37:32,780 [INFO]   替換層 2 -> QuantModule_DiffAE_LoRA
2026-01-26 12:37:32,779 [INFO]   跳過量化 skip connection: skip_connection
2026-01-26 12:37:32,780 [INFO]   替換層 2 -> QuantModule_DiffAE_LoRA
2026-01-26 12:37:32,795 [INFO]   替換層 1 -> QuantModule_DiffAE_LoRA
2026-01-26 12:37:32,795 [INFO]   替換層 1 -> QuantModule_DiffAE_LoRA
2026-01-26 12:37:32,801 [INFO]   替換層 1 -> QuantModule_DiffAE_LoRA
2026-01-26 12:37:32,801 [INFO]   替換層 1 -> QuantModule_DiffAE_LoRA
2026-01-26 12:37:32,806 [INFO]   替換層 3 -> QuantModule_DiffAE_LoRA
2026-01-26 12:37:32,806 [INFO]   替換層 3 -> QuantModule_DiffAE_LoRA
2026-01-26 12:37:32,817 [INFO]   跳過量化 skip connection: skip_connection
2026-01-26 12:37:32,817 [INFO]   替換層 2 -> QuantModule_DiffAE_LoRA
2026-01-26 12:37:32,817 [INFO]   跳過量化 skip connection: skip_connection
2026-01-26 12:37:32,817 [INFO]   替換層 2 -> QuantModule_DiffAE_LoRA
2026-01-26 12:37:32,830 [INFO]   替換層 1 -> QuantModule_DiffAE_LoRA
2026-01-26 12:37:32,830 [INFO]   替換層 1 -> QuantModule_DiffAE_LoRA
2026-01-26 12:37:32,836 [INFO]   替換層 1 -> QuantModule_DiffAE_LoRA
2026-01-26 12:37:32,836 [INFO]   替換層 1 -> QuantModule_DiffAE_LoRA
2026-01-26 12:37:32,840 [INFO]   替換層 3 -> QuantModule_DiffAE_LoRA
2026-01-26 12:37:32,840 [INFO]   替換層 3 -> QuantModule_DiffAE_LoRA
2026-01-26 12:37:32,855 [INFO]   跳過量化 skip connection: skip_connection
2026-01-26 12:37:32,855 [INFO]   替換層 2 -> QuantModule_DiffAE_LoRA
2026-01-26 12:37:32,855 [INFO]   跳過量化 skip connection: skip_connection
2026-01-26 12:37:32,855 [INFO]   替換層 2 -> QuantModule_DiffAE_LoRA
2026-01-26 12:37:32,862 [INFO]   替換層 1 -> QuantModule_DiffAE_LoRA
2026-01-26 12:37:32,862 [INFO]   替換層 1 -> QuantModule_DiffAE_LoRA
2026-01-26 12:37:32,865 [INFO]   替換層 1 -> QuantModule_DiffAE_LoRA
2026-01-26 12:37:32,866 [INFO]   替換層 3 -> QuantModule_DiffAE_LoRA
2026-01-26 12:37:32,865 [INFO]   替換層 1 -> QuantModule_DiffAE_LoRA
2026-01-26 12:37:32,866 [INFO]   替換層 3 -> QuantModule_DiffAE_LoRA
2026-01-26 12:37:32,873 [INFO]   替換層 2 -> QuantModule_DiffAE_LoRA
2026-01-26 12:37:32,873 [INFO]   替換層 2 -> QuantModule_DiffAE_LoRA
2026-01-26 12:37:32,887 [INFO]   替換層 1 -> QuantModule_DiffAE_LoRA
2026-01-26 12:37:32,887 [INFO]   替換層 1 -> QuantModule_DiffAE_LoRA
2026-01-26 12:37:32,891 [INFO]   替換層 1 -> QuantModule_DiffAE_LoRA
2026-01-26 12:37:32,892 [INFO]   替換層 3 -> QuantModule_DiffAE_LoRA
2026-01-26 12:37:32,891 [INFO]   替換層 1 -> QuantModule_DiffAE_LoRA
2026-01-26 12:37:32,892 [INFO]   替換層 3 -> QuantModule_DiffAE_LoRA
2026-01-26 12:37:32,896 [INFO]   跳過量化 skip connection: skip_connection
2026-01-26 12:37:32,896 [INFO]   跳過量化 skip connection: skip_connection
2026-01-26 12:37:32,896 [INFO]   替換層 2 -> QuantModule_DiffAE_LoRA
2026-01-26 12:37:32,896 [INFO]   替換層 2 -> QuantModule_DiffAE_LoRA
2026-01-26 12:37:32,902 [INFO]   替換層 1 -> QuantModule_DiffAE_LoRA
2026-01-26 12:37:32,902 [INFO]   替換層 1 -> QuantModule_DiffAE_LoRA
2026-01-26 12:37:32,910 [INFO]   替換層 1 -> QuantModule_DiffAE_LoRA
2026-01-26 12:37:32,910 [INFO]   替換層 1 -> QuantModule_DiffAE_LoRA
2026-01-26 12:37:32,918 [INFO]   替換層 3 -> QuantModule_DiffAE_LoRA
2026-01-26 12:37:32,918 [INFO]   替換層 3 -> QuantModule_DiffAE_LoRA
2026-01-26 12:37:32,925 [INFO]   跳過量化 skip connection: skip_connection
2026-01-26 12:37:32,925 [INFO]   跳過量化 skip connection: skip_connection
2026-01-26 12:37:32,925 [INFO]   替換層 2 -> QuantModule_DiffAE_LoRA
2026-01-26 12:37:32,925 [INFO]   替換層 2 -> QuantModule_DiffAE_LoRA
2026-01-26 12:37:32,936 [INFO]   替換層 1 -> QuantModule_DiffAE_LoRA
2026-01-26 12:37:32,936 [INFO]   替換層 1 -> QuantModule_DiffAE_LoRA
2026-01-26 12:37:32,942 [INFO]   替換層 1 -> QuantModule_DiffAE_LoRA
2026-01-26 12:37:32,943 [INFO]   替換層 3 -> QuantModule_DiffAE_LoRA
2026-01-26 12:37:32,942 [INFO]   替換層 1 -> QuantModule_DiffAE_LoRA
2026-01-26 12:37:32,943 [INFO]   替換層 3 -> QuantModule_DiffAE_LoRA
2026-01-26 12:37:32,947 [INFO]   跳過量化 skip connection: skip_connection
2026-01-26 12:37:32,947 [INFO]   跳過量化 skip connection: skip_connection
2026-01-26 12:37:32,947 [INFO]   替換層 2 -> QuantModule_DiffAE_LoRA
2026-01-26 12:37:32,947 [INFO]   替換層 2 -> QuantModule_DiffAE_LoRA
2026-01-26 12:37:32,953 [INFO]   替換層 1 -> QuantModule_DiffAE_LoRA
2026-01-26 12:37:32,954 [INFO]   替換層 1 -> QuantModule_DiffAE_LoRA
2026-01-26 12:37:32,955 [INFO]   替換層 3 -> QuantModule_DiffAE_LoRA
2026-01-26 12:37:32,953 [INFO]   替換層 1 -> QuantModule_DiffAE_LoRA
2026-01-26 12:37:32,954 [INFO]   替換層 1 -> QuantModule_DiffAE_LoRA
2026-01-26 12:37:32,955 [INFO]   替換層 3 -> QuantModule_DiffAE_LoRA
2026-01-26 12:37:32,959 [INFO]   替換層 2 -> QuantModule_DiffAE_LoRA
2026-01-26 12:37:32,959 [INFO]   替換層 2 -> QuantModule_DiffAE_LoRA
2026-01-26 12:37:32,965 [INFO]   替換層 1 -> QuantModule_DiffAE_LoRA
2026-01-26 12:37:32,965 [INFO]   替換層 1 -> QuantModule_DiffAE_LoRA
2026-01-26 12:37:32,966 [INFO]   替換層 1 -> QuantModule_DiffAE_LoRA
2026-01-26 12:37:32,967 [INFO]   替換層 3 -> QuantModule_DiffAE_LoRA
2026-01-26 12:37:32,968 [INFO]   跳過量化 skip connection: skip_connection
2026-01-26 12:37:32,968 [INFO]   替換層 2 -> QuantModule_DiffAE_LoRA
2026-01-26 12:37:32,966 [INFO]   替換層 1 -> QuantModule_DiffAE_LoRA
2026-01-26 12:37:32,967 [INFO]   替換層 3 -> QuantModule_DiffAE_LoRA
2026-01-26 12:37:32,968 [INFO]   跳過量化 skip connection: skip_connection
2026-01-26 12:37:32,968 [INFO]   替換層 2 -> QuantModule_DiffAE_LoRA
2026-01-26 12:37:32,972 [INFO]   替換層 1 -> QuantModule_DiffAE_LoRA
2026-01-26 12:37:32,972 [INFO]   替換層 1 -> QuantModule_DiffAE_LoRA
2026-01-26 12:37:32,975 [INFO]   替換層 1 -> QuantModule_DiffAE_LoRA
2026-01-26 12:37:32,975 [INFO]   替換層 1 -> QuantModule_DiffAE_LoRA
2026-01-26 12:37:32,976 [INFO]   替換層 3 -> QuantModule_DiffAE_LoRA
2026-01-26 12:37:32,976 [INFO]   替換層 3 -> QuantModule_DiffAE_LoRA
2026-01-26 12:37:32,977 [INFO]   跳過量化 skip connection: skip_connection
2026-01-26 12:37:32,977 [INFO]   跳過量化 skip connection: skip_connection
2026-01-26 12:37:32,977 [INFO]   替換層 2 -> QuantModule_DiffAE_LoRA
2026-01-26 12:37:32,977 [INFO]   替換層 2 -> QuantModule_DiffAE_LoRA
2026-01-26 12:37:32,980 [INFO]   替換層 1 -> QuantModule_DiffAE_LoRA
2026-01-26 12:37:32,980 [INFO]   替換層 1 -> QuantModule_DiffAE_LoRA
2026-01-26 12:37:32,981 [INFO]   替換層 1 -> QuantModule_DiffAE_LoRA
2026-01-26 12:37:32,981 [INFO]   替換層 1 -> QuantModule_DiffAE_LoRA
2026-01-26 12:37:32,981 [INFO]   替換層 3 -> QuantModule_DiffAE_LoRA
2026-01-26 12:37:32,981 [INFO]   替換層 3 -> QuantModule_DiffAE_LoRA
2026-01-26 12:37:32,983 [INFO]   跳過量化 skip connection: skip_connection
2026-01-26 12:37:32,983 [INFO]   替換層 2 -> QuantModule_DiffAE_LoRA
2026-01-26 12:37:32,983 [INFO]   跳過量化 skip connection: skip_connection
2026-01-26 12:37:32,983 [INFO]   替換層 2 -> QuantModule_DiffAE_LoRA
2026-01-26 12:37:32,985 [INFO]   替換層 1 -> QuantModule_DiffAE_LoRA
2026-01-26 12:37:32,985 [INFO]   替換層 1 -> QuantModule_DiffAE_LoRA
2026-01-26 12:37:32,986 [INFO]   替換層 1 -> QuantModule_DiffAE_LoRA
2026-01-26 12:37:32,986 [INFO]   替換層 1 -> QuantModule_DiffAE_LoRA
2026-01-26 12:37:32,986 [INFO]   替換層 3 -> QuantModule_DiffAE_LoRA
2026-01-26 12:37:32,986 [INFO]   替換層 3 -> QuantModule_DiffAE_LoRA
2026-01-26 12:37:32,988 [INFO]   替換層 2 -> QuantModule_DiffAE_LoRA
2026-01-26 12:37:32,988 [INFO]   替換層 2 -> QuantModule_DiffAE_LoRA
2026-01-26 12:37:32,989 [INFO]   替換層 1 -> QuantModule_DiffAE_LoRA
2026-01-26 12:37:32,989 [INFO]   替換層 1 -> QuantModule_DiffAE_LoRA
2026-01-26 12:37:32,990 [INFO]   替換層 1 -> QuantModule_DiffAE_LoRA
2026-01-26 12:37:32,990 [INFO]   替換層 1 -> QuantModule_DiffAE_LoRA
2026-01-26 12:37:32,990 [INFO]   替換層 3 -> QuantModule_DiffAE_LoRA
2026-01-26 12:37:32,990 [INFO]   替換層 3 -> QuantModule_DiffAE_LoRA
2026-01-26 12:37:32,991 [INFO]   跳過量化 skip connection: skip_connection
2026-01-26 12:37:32,991 [INFO]   跳過量化 skip connection: skip_connection
2026-01-26 12:37:32,991 [INFO]   替換層 2 -> QuantModule_DiffAE_LoRA
2026-01-26 12:37:32,991 [INFO]   替換層 2 -> QuantModule_DiffAE_LoRA
2026-01-26 12:37:32,992 [INFO]   替換層 1 -> QuantModule_DiffAE_LoRA
2026-01-26 12:37:32,992 [INFO]   替換層 1 -> QuantModule_DiffAE_LoRA
2026-01-26 12:37:32,992 [INFO]   替換層 1 -> QuantModule_DiffAE_LoRA
2026-01-26 12:37:32,992 [INFO]   替換層 1 -> QuantModule_DiffAE_LoRA
2026-01-26 12:37:32,993 [INFO]   替換層 3 -> QuantModule_DiffAE_LoRA
2026-01-26 12:37:32,993 [INFO]   替換層 3 -> QuantModule_DiffAE_LoRA
2026-01-26 12:37:32,993 [INFO]   跳過量化 skip connection: skip_connection
2026-01-26 12:37:32,993 [INFO]   跳過量化 skip connection: skip_connection
2026-01-26 12:37:32,994 [INFO]   替換層 2 -> QuantModule_DiffAE_LoRA
2026-01-26 12:37:32,994 [INFO]   替換層 2 -> QuantModule_DiffAE_LoRA
2026-01-26 12:37:32,995 [INFO]   替換層 1 -> QuantModule_DiffAE_LoRA
2026-01-26 12:37:32,995 [INFO]   替換層 1 -> QuantModule_DiffAE_LoRA
2026-01-26 12:37:32,995 [INFO]   替換層 1 -> QuantModule_DiffAE_LoRA
2026-01-26 12:37:32,995 [INFO]   替換層 1 -> QuantModule_DiffAE_LoRA
2026-01-26 12:37:32,995 [INFO]   替換層 3 -> QuantModule_DiffAE_LoRA
2026-01-26 12:37:32,995 [INFO]   替換層 3 -> QuantModule_DiffAE_LoRA
2026-01-26 12:37:32,996 [INFO]   跳過量化 skip connection: skip_connection
2026-01-26 12:37:32,996 [INFO]   跳過量化 skip connection: skip_connection
2026-01-26 12:37:32,996 [INFO]   替換層 2 -> QuantModule_DiffAE_LoRA
2026-01-26 12:37:32,996 [INFO]   替換層 2 -> QuantModule_DiffAE_LoRA
2026-01-26 12:37:32,997 [INFO]   替換層 1 -> QuantModule_DiffAE_LoRA
2026-01-26 12:37:32,997 [INFO]   替換層 1 -> QuantModule_DiffAE_LoRA
2026-01-26 12:37:32,998 [INFO]   替換層 1 -> QuantModule_DiffAE_LoRA
2026-01-26 12:37:32,998 [INFO]   替換層 1 -> QuantModule_DiffAE_LoRA
2026-01-26 12:37:32,998 [INFO]   替換層 3 -> QuantModule_DiffAE_LoRA
2026-01-26 12:37:32,998 [INFO]   替換層 3 -> QuantModule_DiffAE_LoRA
2026-01-26 12:37:32,999 [INFO]   替換層 2 -> QuantModule_DiffAE_LoRA
2026-01-26 12:37:32,999 [INFO]   替換層 2 -> QuantModule_DiffAE_LoRA
2026-01-26 12:37:33,000 [INFO]   替換層 1 -> QuantModule_DiffAE_LoRA
2026-01-26 12:37:33,000 [INFO]   替換層 1 -> QuantModule_DiffAE_LoRA
2026-01-26 12:37:33,000 [INFO]   替換層 1 -> QuantModule_DiffAE_LoRA
2026-01-26 12:37:33,000 [INFO]   替換層 1 -> QuantModule_DiffAE_LoRA
2026-01-26 12:37:33,001 [INFO]   替換層 3 -> QuantModule_DiffAE_LoRA
2026-01-26 12:37:33,001 [INFO]   替換層 3 -> QuantModule_DiffAE_LoRA
2026-01-26 12:37:33,001 [INFO]   跳過量化 skip connection: skip_connection
2026-01-26 12:37:33,001 [INFO]   跳過量化 skip connection: skip_connection
2026-01-26 12:37:33,001 [INFO]   替換層 2 -> QuantModule_DiffAE_LoRA
2026-01-26 12:37:33,001 [INFO]   替換層 2 -> QuantModule_DiffAE_LoRA
2026-01-26 12:37:33,002 [INFO]   替換層 1 -> QuantModule_DiffAE_LoRA
2026-01-26 12:37:33,002 [INFO]   替換層 1 -> QuantModule_DiffAE_LoRA
2026-01-26 12:37:33,003 [INFO]   替換層 1 -> QuantModule_DiffAE_LoRA
2026-01-26 12:37:33,003 [INFO]   替換層 1 -> QuantModule_DiffAE_LoRA
2026-01-26 12:37:33,004 [INFO]   替換層 3 -> QuantModule_DiffAE_LoRA
2026-01-26 12:37:33,004 [INFO]   替換層 3 -> QuantModule_DiffAE_LoRA
2026-01-26 12:37:33,004 [INFO]   跳過量化 skip connection: skip_connection
2026-01-26 12:37:33,004 [INFO]   跳過量化 skip connection: skip_connection
2026-01-26 12:37:33,004 [INFO]   替換層 2 -> QuantModule_DiffAE_LoRA
2026-01-26 12:37:33,004 [INFO]   替換層 2 -> QuantModule_DiffAE_LoRA
2026-01-26 12:37:33,005 [INFO]   替換層 1 -> QuantModule_DiffAE_LoRA
2026-01-26 12:37:33,005 [INFO]   替換層 1 -> QuantModule_DiffAE_LoRA
2026-01-26 12:37:33,006 [INFO]   替換層 1 -> QuantModule_DiffAE_LoRA
2026-01-26 12:37:33,006 [INFO]   替換層 1 -> QuantModule_DiffAE_LoRA
2026-01-26 12:37:33,006 [INFO]   替換層 3 -> QuantModule_DiffAE_LoRA
2026-01-26 12:37:33,006 [INFO]   替換層 3 -> QuantModule_DiffAE_LoRA
2026-01-26 12:37:33,007 [INFO]   跳過量化 skip connection: skip_connection
2026-01-26 12:37:33,007 [INFO]   跳過量化 skip connection: skip_connection
2026-01-26 12:37:33,007 [INFO] 改造模組: out
2026-01-26 12:37:33,007 [INFO] 改造模組: out
2026-01-26 12:37:33,007 [INFO]   跳過量化特殊模組: 2
2026-01-26 12:37:33,007 [INFO]   跳過量化特殊模組: 2
2026-01-26 12:37:33,010 [INFO] 執行 'create_float_quantized_model' 完成，耗時: 0.58 秒
2026-01-26 12:37:33,010 [INFO] 執行 'create_float_quantized_model' 完成，耗時: 0.58 秒
2026-01-26 12:37:33,130 [INFO] 載入校準資料...
2026-01-26 12:37:33,130 [INFO] 載入校準資料...
2026-01-26 12:37:33,430 [INFO] ✅ 載入真實校準資料成功
2026-01-26 12:37:33,430 [INFO] ✅ 載入真實校準資料成功
2026-01-26 12:37:33,432 [INFO] ==================================================
2026-01-26 12:37:33,432 [INFO] 5. Setting first and last layers to 8-bit...
2026-01-26 12:37:33,432 [INFO] ==================================================
2026-01-26 12:37:33,432 [INFO] 5. Setting first and last layers to 8-bit...
2026-01-26 12:37:33,434 [INFO] 找到 144 個量化模組
2026-01-26 12:37:33,434 [INFO] 找到 144 個量化模組
2026-01-26 12:37:33,434 [INFO] ✅ 首尾層 8-bit 設定完成
2026-01-26 12:37:33,434 [INFO] ✅ 首尾層 8-bit 設定完成
2026-01-26 12:37:33,434 [INFO] ✅ 量化模型創建成功
2026-01-26 12:37:33,434 [INFO] ✅ 量化模型創建成功
2026-01-26 12:37:33,434 [INFO] set quant state to True, True for layer 1
2026-01-26 12:37:33,434 [INFO] set quant state to True, True for layer 1
2026-01-26 12:37:33,434 [INFO] set quant state to True, True for layer 2
2026-01-26 12:37:33,434 [INFO] set quant state to True, True for layer 2
2026-01-26 12:37:33,434 [INFO] set quant state to True, False for layer 3
2026-01-26 12:37:33,434 [INFO] set quant state to True, False for layer 3
2026-01-26 12:37:33,435 [INFO] set quant state to True, True for layer 144
2026-01-26 12:37:33,435 [INFO] set quant state to True, True for layer 144
2026-01-26 12:37:34,575 [INFO] ✅ 量化模型載入成功
2026-01-26 12:37:34,575 [INFO] === 初始化新功能模組 ===
2026-01-26 12:37:34,575 [INFO] ✅ 量化模型載入成功
2026-01-26 12:37:34,575 [INFO] === 初始化新功能模組 ===
local seed: 0
train data: 70001
val data: 70001
2026-01-26 12:37:34,601 [INFO] ✅ 基礎模型設定完成
2026-01-26 12:37:34,601 [INFO] ✅ 基礎模型設定完成
on train dataloader start ...
mean: tensor(-0.0606, device='cuda:0') std: tensor(0.0755, device='cuda:0')
2026-01-26 12:37:34,646 [INFO] ==================================================
2026-01-26 12:37:34,646 [INFO] 啟用 Similarity Analysis (L1/L2/Cosine)
2026-01-26 12:37:34,646 [INFO] ==================================================
2026-01-26 12:37:34,646 [INFO] 啟用 Similarity Analysis (L1/L2/Cosine)
2026-01-26 12:37:34,646 [INFO] FID 評估樣本數: 128
2026-01-26 12:37:34,646 [INFO] FID 評估樣本數: 128
2026-01-26 12:37:34,646 [INFO] 實際收集樣本數: 20 (用於加速)
2026-01-26 12:37:34,646 [INFO] 擴散步數: 100
2026-01-26 12:37:34,646 [INFO] 實際收集樣本數: 20 (用於加速)
2026-01-26 12:37:34,646 [INFO] 擴散步數: 100
2026-01-26 12:37:34,646 [INFO] ==================================================
2026-01-26 12:37:34,646 [INFO] ==================================================
2026-01-26 12:37:34,648 [INFO] [Similarity] 註冊 block hook: model.output_blocks.14
2026-01-26 12:37:34,648 [INFO] [Similarity] 註冊 block hook: model.output_blocks.14
2026-01-26 12:37:34,648 [INFO] [Similarity] 註冊 model step hook 完成
2026-01-26 12:37:34,648 [INFO] [Similarity] 註冊 model step hook 完成
generating images:   0%|          | 0/4 [00:00<?, ?it/s]/home/jimmy/diffae/./diffusion/base.py:329: FutureWarning: `torch.cuda.amp.autocast(args...)` is deprecated. Please use `torch.amp.autocast('cuda', args...)` instead.
  with autocast(self.conf.fp16):
2026-01-26 12:38:12,509 [INFO] [Similarity] Batch 0 完成，已收集 20 個樣本
2026-01-26 12:38:12,509 [INFO] [Similarity] Batch 0 完成，已收集 20 個樣本
generating images:  25%|██▌       | 1/4 [00:38<01:55, 38.58s/it]2026-01-26 12:38:50,875 [INFO] [Similarity] Batch 1 完成，已收集 20 個樣本
2026-01-26 12:38:50,875 [INFO] [Similarity] Batch 1 完成，已收集 20 個樣本
generating images:  50%|█████     | 2/4 [01:16<01:16, 38.43s/it]2026-01-26 12:39:29,210 [INFO] [Similarity] Batch 2 完成，已收集 20 個樣本
2026-01-26 12:39:29,210 [INFO] [Similarity] Batch 2 完成，已收集 20 個樣本
generating images:  75%|███████▌  | 3/4 [01:55<00:38, 38.31s/it]2026-01-26 12:39:45,403 [INFO] [Similarity] 已收集 80 个样本，停止数据收集（目标: 80）
2026-01-26 12:39:45,403 [INFO] [Similarity] 已收集 80 个样本，停止数据收集（目标: 80）
2026-01-26 12:40:07,460 [INFO] [Similarity] Batch 3 完成，已收集 20 個樣本
2026-01-26 12:40:07,460 [INFO] [Similarity] Batch 3 完成，已收集 20 個樣本
2026-01-26 12:40:08,130 [INFO] [Similarity] FID@128 100 steps score: 0
generating images: 100%|██████████| 4/4 [02:33<00:00, 38.35s/it]generating images: 100%|██████████| 4/4 [02:33<00:00, 38.37s/it]
2026-01-26 12:40:08,130 [INFO] [Similarity] FID@128 100 steps score: 0
2026-01-26 12:40:08,131 [INFO] [Similarity] model.output_blocks.14 cosine: min=0.491653, max=1.000000, diag_mean=1.000000, off_diag_mean=0.974061, off_diag_std=0.077866
2026-01-26 12:40:08,131 [INFO] [Similarity] model.output_blocks.14 cosine: min=0.491653, max=1.000000, diag_mean=1.000000, off_diag_mean=0.974061, off_diag_std=0.077866
2026-01-26 12:40:09,190 [INFO] ✅ Similarity Analysis 完成
2026-01-26 12:40:09,190 [INFO] ✅ Similarity Analysis 完成
2026-01-26 12:40:09,261 [INFO] 執行 'main_float_model' 完成，耗時: 159.82 秒
2026-01-26 12:40:09,261 [INFO] 執行 'main_float_model' 完成，耗時: 159.82 秒
/home/jimmy/anaconda3/envs/diffae_bw/lib/python3.10/site-packages/torchmetrics/utilities/imports.py:21: UserWarning: pkg_resources is deprecated as an API. See https://setuptools.pypa.io/en/latest/pkg_resources.html. The pkg_resources package is slated for removal as early as 2025-11-30. Refrain from using this package or pin to Setuptools<81.
  from pkg_resources import DistributionNotFound, get_distribution
使用自動混合精度: torch.bfloat16
[設定] Log 檔案已設為: QATcode/cache_method/L1_L2_cosine/logs/similarity_model_output_blocks_14.log
2026-03-20 19:43:49,131 [INFO] Using 100 steps
2026-03-20 19:43:49,131 [INFO] Using 100 steps
2026-03-20 19:43:49,131 [INFO] Using 50000 evaluation samples
2026-03-20 19:43:49,131 [INFO] Using 50000 evaluation samples
2026-03-20 19:43:49,131 [INFO] Cache enabled: False, method: Res, threshold: 0.1
2026-03-20 19:43:49,131 [INFO] Cache enabled: False, method: Res, threshold: 0.1
2026-03-20 19:43:49,131 [INFO] Quantitative analysis enabled: False, samples: 10
2026-03-20 19:43:49,131 [INFO] Quantitative analysis enabled: False, samples: 10
2026-03-20 19:43:49,131 [INFO] Log file: QATcode/cache_method/L1_L2_cosine/logs/similarity_model_output_blocks_14.log
2026-03-20 19:43:49,131 [INFO] Log file: QATcode/cache_method/L1_L2_cosine/logs/similarity_model_output_blocks_14.log
2026-03-20 19:43:49,131 [INFO] ==================================================
2026-03-20 19:43:49,131 [INFO] ==================================================
2026-03-20 19:43:49,131 [INFO] Diff-AE EfficientDM Step 7 : 生成圖片
2026-03-20 19:43:49,131 [INFO] Diff-AE EfficientDM Step 7 : 生成圖片
2026-03-20 19:43:49,131 [INFO] ==================================================
2026-03-20 19:43:49,131 [INFO] ==================================================
2026-03-20 19:43:49,131 [INFO] 使用設備: cuda
2026-03-20 19:43:49,131 [INFO] 使用設備: cuda
2026-03-20 19:43:49,131 [INFO] === 新功能狀態 ===
2026-03-20 19:43:49,131 [INFO] === 新功能狀態 ===
2026-03-20 19:43:49,131 [INFO] 載入 Diff-AE 模型: checkpoints/ffhq128_autoenc_latent/last.ckpt
2026-03-20 19:43:49,131 [INFO] 載入 Diff-AE 模型: checkpoints/ffhq128_autoenc_latent/last.ckpt
Global seed set to 0
2026-03-20 19:43:50,905 [INFO] Diff-AE 模型載入完成
2026-03-20 19:43:50,905 [INFO] Diff-AE 模型載入完成
2026-03-20 19:43:50,941 [INFO] 執行 'load_diffae_model' 完成，耗時: 1.81 秒
2026-03-20 19:43:50,941 [INFO] 執行 'load_diffae_model' 完成，耗時: 1.81 秒
2026-03-20 19:43:50,941 [INFO] ✅ Diff-AE 模型載入成功
2026-03-20 19:43:50,941 [INFO] ✅ Diff-AE 模型載入成功
2026-03-20 19:43:50,941 [INFO] base_model.conf.train_mode: TrainMode.latent_diffusion
2026-03-20 19:43:50,941 [INFO] base_model.conf.train_mode: TrainMode.latent_diffusion
2026-03-20 19:43:50,941 [INFO] === 創建 LoRA 量化模型 ===
2026-03-20 19:43:50,941 [INFO] === 創建 LoRA 量化模型 ===
2026-03-20 19:43:50,941 [INFO] === 開始 UNet LoRA 量化改造 ===
2026-03-20 19:43:50,941 [INFO] === 開始 UNet LoRA 量化改造 ===
2026-03-20 19:43:50,942 [INFO] 改造模組: time_embed
2026-03-20 19:43:50,942 [INFO] 改造模組: time_embed
2026-03-20 19:43:50,942 [INFO]   跳過量化特殊模組: 0
2026-03-20 19:43:50,942 [INFO]   跳過量化特殊模組: 0
2026-03-20 19:43:50,942 [INFO]   跳過量化特殊模組: 2
2026-03-20 19:43:50,942 [INFO]   跳過量化特殊模組: 2
2026-03-20 19:43:50,942 [INFO] 改造模組: input_blocks
2026-03-20 19:43:50,942 [INFO] 改造模組: input_blocks
2026-03-20 19:43:50,942 [INFO]   跳過量化特殊模組: 0
2026-03-20 19:43:50,942 [INFO]   跳過量化特殊模組: 0
2026-03-20 19:43:50,942 [INFO]   替換層 2 -> QuantModule_DiffAE_LoRA
2026-03-20 19:43:50,942 [INFO]   替換層 2 -> QuantModule_DiffAE_LoRA
2026-03-20 19:43:51,004 [INFO]   替換層 1 -> QuantModule_DiffAE_LoRA
2026-03-20 19:43:51,004 [INFO]   替換層 1 -> QuantModule_DiffAE_LoRA
2026-03-20 19:43:51,005 [INFO]   替換層 1 -> QuantModule_DiffAE_LoRA
2026-03-20 19:43:51,005 [INFO]   替換層 1 -> QuantModule_DiffAE_LoRA
2026-03-20 19:43:51,006 [INFO]   替換層 3 -> QuantModule_DiffAE_LoRA
2026-03-20 19:43:51,006 [INFO]   替換層 3 -> QuantModule_DiffAE_LoRA
2026-03-20 19:43:51,007 [INFO]   替換層 2 -> QuantModule_DiffAE_LoRA
2026-03-20 19:43:51,007 [INFO]   替換層 2 -> QuantModule_DiffAE_LoRA
2026-03-20 19:43:51,008 [INFO]   替換層 1 -> QuantModule_DiffAE_LoRA
2026-03-20 19:43:51,008 [INFO]   替換層 1 -> QuantModule_DiffAE_LoRA
2026-03-20 19:43:51,009 [INFO]   替換層 1 -> QuantModule_DiffAE_LoRA
2026-03-20 19:43:51,009 [INFO]   替換層 1 -> QuantModule_DiffAE_LoRA
2026-03-20 19:43:51,009 [INFO]   替換層 3 -> QuantModule_DiffAE_LoRA
2026-03-20 19:43:51,009 [INFO]   替換層 3 -> QuantModule_DiffAE_LoRA
2026-03-20 19:43:51,010 [INFO]   替換層 2 -> QuantModule_DiffAE_LoRA
2026-03-20 19:43:51,010 [INFO]   替換層 2 -> QuantModule_DiffAE_LoRA
2026-03-20 19:43:51,011 [INFO]   替換層 1 -> QuantModule_DiffAE_LoRA
2026-03-20 19:43:51,011 [INFO]   替換層 1 -> QuantModule_DiffAE_LoRA
2026-03-20 19:43:51,012 [INFO]   替換層 1 -> QuantModule_DiffAE_LoRA
2026-03-20 19:43:51,012 [INFO]   替換層 1 -> QuantModule_DiffAE_LoRA
2026-03-20 19:43:51,013 [INFO]   替換層 3 -> QuantModule_DiffAE_LoRA
2026-03-20 19:43:51,013 [INFO]   替換層 3 -> QuantModule_DiffAE_LoRA
2026-03-20 19:43:51,014 [INFO]   替換層 2 -> QuantModule_DiffAE_LoRA
2026-03-20 19:43:51,014 [INFO]   替換層 2 -> QuantModule_DiffAE_LoRA
2026-03-20 19:43:51,015 [INFO]   替換層 1 -> QuantModule_DiffAE_LoRA
2026-03-20 19:43:51,015 [INFO]   替換層 1 -> QuantModule_DiffAE_LoRA
2026-03-20 19:43:51,015 [INFO]   替換層 1 -> QuantModule_DiffAE_LoRA
2026-03-20 19:43:51,015 [INFO]   替換層 1 -> QuantModule_DiffAE_LoRA
2026-03-20 19:43:51,016 [INFO]   替換層 3 -> QuantModule_DiffAE_LoRA
2026-03-20 19:43:51,016 [INFO]   替換層 3 -> QuantModule_DiffAE_LoRA
2026-03-20 19:43:51,017 [INFO]   替換層 2 -> QuantModule_DiffAE_LoRA
2026-03-20 19:43:51,017 [INFO]   替換層 2 -> QuantModule_DiffAE_LoRA
2026-03-20 19:43:51,017 [INFO]   替換層 1 -> QuantModule_DiffAE_LoRA
2026-03-20 19:43:51,017 [INFO]   替換層 1 -> QuantModule_DiffAE_LoRA
2026-03-20 19:43:51,018 [INFO]   替換層 1 -> QuantModule_DiffAE_LoRA
2026-03-20 19:43:51,018 [INFO]   替換層 1 -> QuantModule_DiffAE_LoRA
2026-03-20 19:43:51,019 [INFO]   替換層 3 -> QuantModule_DiffAE_LoRA
2026-03-20 19:43:51,019 [INFO]   替換層 3 -> QuantModule_DiffAE_LoRA
2026-03-20 19:43:51,019 [INFO]   替換層 2 -> QuantModule_DiffAE_LoRA
2026-03-20 19:43:51,019 [INFO]   替換層 2 -> QuantModule_DiffAE_LoRA
2026-03-20 19:43:51,020 [INFO]   替換層 1 -> QuantModule_DiffAE_LoRA
2026-03-20 19:43:51,020 [INFO]   替換層 1 -> QuantModule_DiffAE_LoRA
2026-03-20 19:43:51,021 [INFO]   替換層 1 -> QuantModule_DiffAE_LoRA
2026-03-20 19:43:51,021 [INFO]   替換層 1 -> QuantModule_DiffAE_LoRA
2026-03-20 19:43:51,021 [INFO]   替換層 3 -> QuantModule_DiffAE_LoRA
2026-03-20 19:43:51,021 [INFO]   替換層 3 -> QuantModule_DiffAE_LoRA
2026-03-20 19:43:51,022 [INFO]   替換層 2 -> QuantModule_DiffAE_LoRA
2026-03-20 19:43:51,022 [INFO]   替換層 2 -> QuantModule_DiffAE_LoRA
2026-03-20 19:43:51,023 [INFO]   替換層 1 -> QuantModule_DiffAE_LoRA
2026-03-20 19:43:51,023 [INFO]   替換層 1 -> QuantModule_DiffAE_LoRA
2026-03-20 19:43:51,024 [INFO]   替換層 1 -> QuantModule_DiffAE_LoRA
2026-03-20 19:43:51,024 [INFO]   替換層 1 -> QuantModule_DiffAE_LoRA
2026-03-20 19:43:51,025 [INFO]   替換層 3 -> QuantModule_DiffAE_LoRA
2026-03-20 19:43:51,025 [INFO]   替換層 3 -> QuantModule_DiffAE_LoRA
2026-03-20 19:43:51,027 [INFO]   跳過量化 skip connection: skip_connection
2026-03-20 19:43:51,027 [INFO]   跳過量化 skip connection: skip_connection
2026-03-20 19:43:51,027 [INFO]   替換層 2 -> QuantModule_DiffAE_LoRA
2026-03-20 19:43:51,027 [INFO]   替換層 2 -> QuantModule_DiffAE_LoRA
2026-03-20 19:43:51,029 [INFO]   替換層 1 -> QuantModule_DiffAE_LoRA
2026-03-20 19:43:51,029 [INFO]   替換層 1 -> QuantModule_DiffAE_LoRA
2026-03-20 19:43:51,030 [INFO]   替換層 1 -> QuantModule_DiffAE_LoRA
2026-03-20 19:43:51,030 [INFO]   替換層 1 -> QuantModule_DiffAE_LoRA
2026-03-20 19:43:51,031 [INFO]   替換層 3 -> QuantModule_DiffAE_LoRA
2026-03-20 19:43:51,031 [INFO]   替換層 3 -> QuantModule_DiffAE_LoRA
2026-03-20 19:43:51,033 [INFO]   替換層 2 -> QuantModule_DiffAE_LoRA
2026-03-20 19:43:51,033 [INFO]   替換層 2 -> QuantModule_DiffAE_LoRA
2026-03-20 19:43:51,035 [INFO]   替換層 1 -> QuantModule_DiffAE_LoRA
2026-03-20 19:43:51,035 [INFO]   替換層 1 -> QuantModule_DiffAE_LoRA
2026-03-20 19:43:51,036 [INFO]   替換層 1 -> QuantModule_DiffAE_LoRA
2026-03-20 19:43:51,036 [INFO]   替換層 1 -> QuantModule_DiffAE_LoRA
2026-03-20 19:43:51,037 [INFO]   替換層 3 -> QuantModule_DiffAE_LoRA
2026-03-20 19:43:51,037 [INFO]   替換層 3 -> QuantModule_DiffAE_LoRA
2026-03-20 19:43:51,039 [INFO]   替換層 2 -> QuantModule_DiffAE_LoRA
2026-03-20 19:43:51,039 [INFO]   替換層 2 -> QuantModule_DiffAE_LoRA
2026-03-20 19:43:51,042 [INFO]   替換層 1 -> QuantModule_DiffAE_LoRA
2026-03-20 19:43:51,042 [INFO]   替換層 1 -> QuantModule_DiffAE_LoRA
2026-03-20 19:43:51,043 [INFO]   替換層 1 -> QuantModule_DiffAE_LoRA
2026-03-20 19:43:51,043 [INFO]   替換層 1 -> QuantModule_DiffAE_LoRA
2026-03-20 19:43:51,044 [INFO]   替換層 3 -> QuantModule_DiffAE_LoRA
2026-03-20 19:43:51,044 [INFO]   替換層 3 -> QuantModule_DiffAE_LoRA
2026-03-20 19:43:51,049 [INFO]   跳過量化 skip connection: skip_connection
2026-03-20 19:43:51,049 [INFO]   跳過量化 skip connection: skip_connection
2026-03-20 19:43:51,049 [INFO]   替換層 2 -> QuantModule_DiffAE_LoRA
2026-03-20 19:43:51,049 [INFO]   替換層 2 -> QuantModule_DiffAE_LoRA
2026-03-20 19:43:51,054 [INFO]   替換層 1 -> QuantModule_DiffAE_LoRA
2026-03-20 19:43:51,054 [INFO]   替換層 1 -> QuantModule_DiffAE_LoRA
2026-03-20 19:43:51,055 [INFO]   替換層 1 -> QuantModule_DiffAE_LoRA
2026-03-20 19:43:51,055 [INFO]   替換層 1 -> QuantModule_DiffAE_LoRA
2026-03-20 19:43:51,056 [INFO]   替換層 3 -> QuantModule_DiffAE_LoRA
2026-03-20 19:43:51,056 [INFO]   替換層 3 -> QuantModule_DiffAE_LoRA
2026-03-20 19:43:51,061 [INFO]   替換層 2 -> QuantModule_DiffAE_LoRA
2026-03-20 19:43:51,061 [INFO]   替換層 2 -> QuantModule_DiffAE_LoRA
2026-03-20 19:43:51,065 [INFO]   替換層 1 -> QuantModule_DiffAE_LoRA
2026-03-20 19:43:51,065 [INFO]   替換層 1 -> QuantModule_DiffAE_LoRA
2026-03-20 19:43:51,067 [INFO]   替換層 1 -> QuantModule_DiffAE_LoRA
2026-03-20 19:43:51,067 [INFO]   替換層 1 -> QuantModule_DiffAE_LoRA
2026-03-20 19:43:51,068 [INFO]   替換層 3 -> QuantModule_DiffAE_LoRA
2026-03-20 19:43:51,068 [INFO]   替換層 3 -> QuantModule_DiffAE_LoRA
2026-03-20 19:43:51,073 [INFO]   替換層 2 -> QuantModule_DiffAE_LoRA
2026-03-20 19:43:51,073 [INFO]   替換層 2 -> QuantModule_DiffAE_LoRA
2026-03-20 19:43:51,080 [INFO]   替換層 1 -> QuantModule_DiffAE_LoRA
2026-03-20 19:43:51,080 [INFO]   替換層 1 -> QuantModule_DiffAE_LoRA
2026-03-20 19:43:51,082 [INFO]   替換層 1 -> QuantModule_DiffAE_LoRA
2026-03-20 19:43:51,082 [INFO]   替換層 1 -> QuantModule_DiffAE_LoRA
2026-03-20 19:43:51,084 [INFO]   替換層 3 -> QuantModule_DiffAE_LoRA
2026-03-20 19:43:51,084 [INFO]   替換層 3 -> QuantModule_DiffAE_LoRA
2026-03-20 19:43:51,091 [INFO]   跳過量化 skip connection: skip_connection
2026-03-20 19:43:51,091 [INFO]   跳過量化 skip connection: skip_connection
2026-03-20 19:43:51,091 [INFO]   替換層 2 -> QuantModule_DiffAE_LoRA
2026-03-20 19:43:51,091 [INFO]   替換層 2 -> QuantModule_DiffAE_LoRA
2026-03-20 19:43:51,099 [INFO]   替換層 1 -> QuantModule_DiffAE_LoRA
2026-03-20 19:43:51,099 [INFO]   替換層 1 -> QuantModule_DiffAE_LoRA
2026-03-20 19:43:51,101 [INFO]   替換層 1 -> QuantModule_DiffAE_LoRA
2026-03-20 19:43:51,101 [INFO]   替換層 1 -> QuantModule_DiffAE_LoRA
2026-03-20 19:43:51,102 [INFO]   替換層 3 -> QuantModule_DiffAE_LoRA
2026-03-20 19:43:51,102 [INFO]   替換層 3 -> QuantModule_DiffAE_LoRA
2026-03-20 19:43:51,109 [INFO] 改造模組: middle_block
2026-03-20 19:43:51,109 [INFO] 改造模組: middle_block
2026-03-20 19:43:51,109 [INFO]   替換層 2 -> QuantModule_DiffAE_LoRA
2026-03-20 19:43:51,109 [INFO]   替換層 2 -> QuantModule_DiffAE_LoRA
2026-03-20 19:43:51,119 [INFO]   替換層 1 -> QuantModule_DiffAE_LoRA
2026-03-20 19:43:51,119 [INFO]   替換層 1 -> QuantModule_DiffAE_LoRA
2026-03-20 19:43:51,121 [INFO]   替換層 1 -> QuantModule_DiffAE_LoRA
2026-03-20 19:43:51,121 [INFO]   替換層 1 -> QuantModule_DiffAE_LoRA
2026-03-20 19:43:51,122 [INFO]   替換層 3 -> QuantModule_DiffAE_LoRA
2026-03-20 19:43:51,122 [INFO]   替換層 3 -> QuantModule_DiffAE_LoRA
2026-03-20 19:43:51,129 [INFO]   替換層 2 -> QuantModule_DiffAE_LoRA
2026-03-20 19:43:51,129 [INFO]   替換層 2 -> QuantModule_DiffAE_LoRA
2026-03-20 19:43:51,140 [INFO]   替換層 1 -> QuantModule_DiffAE_LoRA
2026-03-20 19:43:51,140 [INFO]   替換層 1 -> QuantModule_DiffAE_LoRA
2026-03-20 19:43:51,143 [INFO]   替換層 1 -> QuantModule_DiffAE_LoRA
2026-03-20 19:43:51,143 [INFO]   替換層 1 -> QuantModule_DiffAE_LoRA
2026-03-20 19:43:51,144 [INFO]   替換層 3 -> QuantModule_DiffAE_LoRA
2026-03-20 19:43:51,144 [INFO]   替換層 3 -> QuantModule_DiffAE_LoRA
2026-03-20 19:43:51,151 [INFO] 改造模組: output_blocks
2026-03-20 19:43:51,151 [INFO] 改造模組: output_blocks
2026-03-20 19:43:51,152 [INFO]   替換層 2 -> QuantModule_DiffAE_LoRA
2026-03-20 19:43:51,152 [INFO]   替換層 2 -> QuantModule_DiffAE_LoRA
2026-03-20 19:43:51,167 [INFO]   替換層 1 -> QuantModule_DiffAE_LoRA
2026-03-20 19:43:51,167 [INFO]   替換層 1 -> QuantModule_DiffAE_LoRA
2026-03-20 19:43:51,170 [INFO]   替換層 1 -> QuantModule_DiffAE_LoRA
2026-03-20 19:43:51,170 [INFO]   替換層 1 -> QuantModule_DiffAE_LoRA
2026-03-20 19:43:51,171 [INFO]   替換層 3 -> QuantModule_DiffAE_LoRA
2026-03-20 19:43:51,171 [INFO]   替換層 3 -> QuantModule_DiffAE_LoRA
2026-03-20 19:43:51,180 [INFO]   跳過量化 skip connection: skip_connection
2026-03-20 19:43:51,180 [INFO]   跳過量化 skip connection: skip_connection
2026-03-20 19:43:51,180 [INFO]   替換層 2 -> QuantModule_DiffAE_LoRA
2026-03-20 19:43:51,180 [INFO]   替換層 2 -> QuantModule_DiffAE_LoRA
2026-03-20 19:43:51,193 [INFO]   替換層 1 -> QuantModule_DiffAE_LoRA
2026-03-20 19:43:51,193 [INFO]   替換層 1 -> QuantModule_DiffAE_LoRA
2026-03-20 19:43:51,196 [INFO]   替換層 1 -> QuantModule_DiffAE_LoRA
2026-03-20 19:43:51,196 [INFO]   替換層 1 -> QuantModule_DiffAE_LoRA
2026-03-20 19:43:51,200 [INFO]   替換層 3 -> QuantModule_DiffAE_LoRA
2026-03-20 19:43:51,200 [INFO]   替換層 3 -> QuantModule_DiffAE_LoRA
2026-03-20 19:43:51,206 [INFO]   跳過量化 skip connection: skip_connection
2026-03-20 19:43:51,206 [INFO]   跳過量化 skip connection: skip_connection
2026-03-20 19:43:51,206 [INFO]   替換層 2 -> QuantModule_DiffAE_LoRA
2026-03-20 19:43:51,206 [INFO]   替換層 2 -> QuantModule_DiffAE_LoRA
2026-03-20 19:43:51,219 [INFO]   替換層 1 -> QuantModule_DiffAE_LoRA
2026-03-20 19:43:51,219 [INFO]   替換層 1 -> QuantModule_DiffAE_LoRA
2026-03-20 19:43:51,221 [INFO]   替換層 1 -> QuantModule_DiffAE_LoRA
2026-03-20 19:43:51,221 [INFO]   替換層 1 -> QuantModule_DiffAE_LoRA
2026-03-20 19:43:51,223 [INFO]   替換層 3 -> QuantModule_DiffAE_LoRA
2026-03-20 19:43:51,223 [INFO]   替換層 3 -> QuantModule_DiffAE_LoRA
2026-03-20 19:43:51,231 [INFO]   跳過量化 skip connection: skip_connection
2026-03-20 19:43:51,231 [INFO]   跳過量化 skip connection: skip_connection
2026-03-20 19:43:51,232 [INFO]   替換層 2 -> QuantModule_DiffAE_LoRA
2026-03-20 19:43:51,232 [INFO]   替換層 2 -> QuantModule_DiffAE_LoRA
2026-03-20 19:43:51,241 [INFO]   替換層 1 -> QuantModule_DiffAE_LoRA
2026-03-20 19:43:51,241 [INFO]   替換層 1 -> QuantModule_DiffAE_LoRA
2026-03-20 19:43:51,243 [INFO]   替換層 1 -> QuantModule_DiffAE_LoRA
2026-03-20 19:43:51,243 [INFO]   替換層 1 -> QuantModule_DiffAE_LoRA
2026-03-20 19:43:51,245 [INFO]   替換層 3 -> QuantModule_DiffAE_LoRA
2026-03-20 19:43:51,245 [INFO]   替換層 3 -> QuantModule_DiffAE_LoRA
2026-03-20 19:43:51,252 [INFO]   替換層 2 -> QuantModule_DiffAE_LoRA
2026-03-20 19:43:51,252 [INFO]   替換層 2 -> QuantModule_DiffAE_LoRA
2026-03-20 19:43:51,262 [INFO]   替換層 1 -> QuantModule_DiffAE_LoRA
2026-03-20 19:43:51,262 [INFO]   替換層 1 -> QuantModule_DiffAE_LoRA
2026-03-20 19:43:51,264 [INFO]   替換層 1 -> QuantModule_DiffAE_LoRA
2026-03-20 19:43:51,264 [INFO]   替換層 1 -> QuantModule_DiffAE_LoRA
2026-03-20 19:43:51,264 [INFO]   替換層 3 -> QuantModule_DiffAE_LoRA
2026-03-20 19:43:51,264 [INFO]   替換層 3 -> QuantModule_DiffAE_LoRA
2026-03-20 19:43:51,269 [INFO]   跳過量化 skip connection: skip_connection
2026-03-20 19:43:51,269 [INFO]   跳過量化 skip connection: skip_connection
2026-03-20 19:43:51,269 [INFO]   替換層 2 -> QuantModule_DiffAE_LoRA
2026-03-20 19:43:51,269 [INFO]   替換層 2 -> QuantModule_DiffAE_LoRA
2026-03-20 19:43:51,277 [INFO]   替換層 1 -> QuantModule_DiffAE_LoRA
2026-03-20 19:43:51,277 [INFO]   替換層 1 -> QuantModule_DiffAE_LoRA
2026-03-20 19:43:51,278 [INFO]   替換層 1 -> QuantModule_DiffAE_LoRA
2026-03-20 19:43:51,278 [INFO]   替換層 1 -> QuantModule_DiffAE_LoRA
2026-03-20 19:43:51,279 [INFO]   替換層 3 -> QuantModule_DiffAE_LoRA
2026-03-20 19:43:51,279 [INFO]   替換層 3 -> QuantModule_DiffAE_LoRA
2026-03-20 19:43:51,283 [INFO]   跳過量化 skip connection: skip_connection
2026-03-20 19:43:51,283 [INFO]   跳過量化 skip connection: skip_connection
2026-03-20 19:43:51,283 [INFO]   替換層 2 -> QuantModule_DiffAE_LoRA
2026-03-20 19:43:51,283 [INFO]   替換層 2 -> QuantModule_DiffAE_LoRA
2026-03-20 19:43:51,290 [INFO]   替換層 1 -> QuantModule_DiffAE_LoRA
2026-03-20 19:43:51,290 [INFO]   替換層 1 -> QuantModule_DiffAE_LoRA
2026-03-20 19:43:51,291 [INFO]   替換層 1 -> QuantModule_DiffAE_LoRA
2026-03-20 19:43:51,291 [INFO]   替換層 1 -> QuantModule_DiffAE_LoRA
2026-03-20 19:43:51,292 [INFO]   替換層 3 -> QuantModule_DiffAE_LoRA
2026-03-20 19:43:51,292 [INFO]   替換層 3 -> QuantModule_DiffAE_LoRA
2026-03-20 19:43:51,296 [INFO]   跳過量化 skip connection: skip_connection
2026-03-20 19:43:51,296 [INFO]   跳過量化 skip connection: skip_connection
2026-03-20 19:43:51,296 [INFO]   替換層 2 -> QuantModule_DiffAE_LoRA
2026-03-20 19:43:51,296 [INFO]   替換層 2 -> QuantModule_DiffAE_LoRA
2026-03-20 19:43:51,300 [INFO]   替換層 1 -> QuantModule_DiffAE_LoRA
2026-03-20 19:43:51,300 [INFO]   替換層 1 -> QuantModule_DiffAE_LoRA
2026-03-20 19:43:51,301 [INFO]   替換層 1 -> QuantModule_DiffAE_LoRA
2026-03-20 19:43:51,301 [INFO]   替換層 1 -> QuantModule_DiffAE_LoRA
2026-03-20 19:43:51,302 [INFO]   替換層 3 -> QuantModule_DiffAE_LoRA
2026-03-20 19:43:51,302 [INFO]   替換層 3 -> QuantModule_DiffAE_LoRA
2026-03-20 19:43:51,306 [INFO]   替換層 2 -> QuantModule_DiffAE_LoRA
2026-03-20 19:43:51,306 [INFO]   替換層 2 -> QuantModule_DiffAE_LoRA
2026-03-20 19:43:51,311 [INFO]   替換層 1 -> QuantModule_DiffAE_LoRA
2026-03-20 19:43:51,311 [INFO]   替換層 1 -> QuantModule_DiffAE_LoRA
2026-03-20 19:43:51,312 [INFO]   替換層 1 -> QuantModule_DiffAE_LoRA
2026-03-20 19:43:51,312 [INFO]   替換層 1 -> QuantModule_DiffAE_LoRA
2026-03-20 19:43:51,312 [INFO]   替換層 3 -> QuantModule_DiffAE_LoRA
2026-03-20 19:43:51,312 [INFO]   替換層 3 -> QuantModule_DiffAE_LoRA
2026-03-20 19:43:51,314 [INFO]   跳過量化 skip connection: skip_connection
2026-03-20 19:43:51,314 [INFO]   跳過量化 skip connection: skip_connection
2026-03-20 19:43:51,314 [INFO]   替換層 2 -> QuantModule_DiffAE_LoRA
2026-03-20 19:43:51,314 [INFO]   替換層 2 -> QuantModule_DiffAE_LoRA
2026-03-20 19:43:51,319 [INFO]   替換層 1 -> QuantModule_DiffAE_LoRA
2026-03-20 19:43:51,319 [INFO]   替換層 1 -> QuantModule_DiffAE_LoRA
2026-03-20 19:43:51,320 [INFO]   替換層 1 -> QuantModule_DiffAE_LoRA
2026-03-20 19:43:51,320 [INFO]   替換層 1 -> QuantModule_DiffAE_LoRA
2026-03-20 19:43:51,321 [INFO]   替換層 3 -> QuantModule_DiffAE_LoRA
2026-03-20 19:43:51,321 [INFO]   替換層 3 -> QuantModule_DiffAE_LoRA
2026-03-20 19:43:51,323 [INFO]   跳過量化 skip connection: skip_connection
2026-03-20 19:43:51,323 [INFO]   跳過量化 skip connection: skip_connection
2026-03-20 19:43:51,323 [INFO]   替換層 2 -> QuantModule_DiffAE_LoRA
2026-03-20 19:43:51,323 [INFO]   替換層 2 -> QuantModule_DiffAE_LoRA
2026-03-20 19:43:51,326 [INFO]   替換層 1 -> QuantModule_DiffAE_LoRA
2026-03-20 19:43:51,326 [INFO]   替換層 1 -> QuantModule_DiffAE_LoRA
2026-03-20 19:43:51,327 [INFO]   替換層 1 -> QuantModule_DiffAE_LoRA
2026-03-20 19:43:51,327 [INFO]   替換層 1 -> QuantModule_DiffAE_LoRA
2026-03-20 19:43:51,328 [INFO]   替換層 3 -> QuantModule_DiffAE_LoRA
2026-03-20 19:43:51,328 [INFO]   替換層 3 -> QuantModule_DiffAE_LoRA
2026-03-20 19:43:51,329 [INFO]   跳過量化 skip connection: skip_connection
2026-03-20 19:43:51,329 [INFO]   跳過量化 skip connection: skip_connection
2026-03-20 19:43:51,330 [INFO]   替換層 2 -> QuantModule_DiffAE_LoRA
2026-03-20 19:43:51,330 [INFO]   替換層 2 -> QuantModule_DiffAE_LoRA
2026-03-20 19:43:51,331 [INFO]   替換層 1 -> QuantModule_DiffAE_LoRA
2026-03-20 19:43:51,331 [INFO]   替換層 1 -> QuantModule_DiffAE_LoRA
2026-03-20 19:43:51,332 [INFO]   替換層 1 -> QuantModule_DiffAE_LoRA
2026-03-20 19:43:51,332 [INFO]   替換層 1 -> QuantModule_DiffAE_LoRA
2026-03-20 19:43:51,333 [INFO]   替換層 3 -> QuantModule_DiffAE_LoRA
2026-03-20 19:43:51,333 [INFO]   替換層 3 -> QuantModule_DiffAE_LoRA
2026-03-20 19:43:51,335 [INFO]   替換層 2 -> QuantModule_DiffAE_LoRA
2026-03-20 19:43:51,335 [INFO]   替換層 2 -> QuantModule_DiffAE_LoRA
2026-03-20 19:43:51,337 [INFO]   替換層 1 -> QuantModule_DiffAE_LoRA
2026-03-20 19:43:51,337 [INFO]   替換層 1 -> QuantModule_DiffAE_LoRA
2026-03-20 19:43:51,338 [INFO]   替換層 1 -> QuantModule_DiffAE_LoRA
2026-03-20 19:43:51,338 [INFO]   替換層 1 -> QuantModule_DiffAE_LoRA
2026-03-20 19:43:51,338 [INFO]   替換層 3 -> QuantModule_DiffAE_LoRA
2026-03-20 19:43:51,338 [INFO]   替換層 3 -> QuantModule_DiffAE_LoRA
2026-03-20 19:43:51,339 [INFO]   跳過量化 skip connection: skip_connection
2026-03-20 19:43:51,339 [INFO]   跳過量化 skip connection: skip_connection
2026-03-20 19:43:51,339 [INFO]   替換層 2 -> QuantModule_DiffAE_LoRA
2026-03-20 19:43:51,339 [INFO]   替換層 2 -> QuantModule_DiffAE_LoRA
2026-03-20 19:43:51,340 [INFO]   替換層 1 -> QuantModule_DiffAE_LoRA
2026-03-20 19:43:51,340 [INFO]   替換層 1 -> QuantModule_DiffAE_LoRA
2026-03-20 19:43:51,341 [INFO]   替換層 1 -> QuantModule_DiffAE_LoRA
2026-03-20 19:43:51,341 [INFO]   替換層 1 -> QuantModule_DiffAE_LoRA
2026-03-20 19:43:51,341 [INFO]   替換層 3 -> QuantModule_DiffAE_LoRA
2026-03-20 19:43:51,341 [INFO]   替換層 3 -> QuantModule_DiffAE_LoRA
2026-03-20 19:43:51,342 [INFO]   跳過量化 skip connection: skip_connection
2026-03-20 19:43:51,342 [INFO]   跳過量化 skip connection: skip_connection
2026-03-20 19:43:51,342 [INFO]   替換層 2 -> QuantModule_DiffAE_LoRA
2026-03-20 19:43:51,342 [INFO]   替換層 2 -> QuantModule_DiffAE_LoRA
2026-03-20 19:43:51,343 [INFO]   替換層 1 -> QuantModule_DiffAE_LoRA
2026-03-20 19:43:51,343 [INFO]   替換層 1 -> QuantModule_DiffAE_LoRA
2026-03-20 19:43:51,344 [INFO]   替換層 1 -> QuantModule_DiffAE_LoRA
2026-03-20 19:43:51,344 [INFO]   替換層 1 -> QuantModule_DiffAE_LoRA
2026-03-20 19:43:51,344 [INFO]   替換層 3 -> QuantModule_DiffAE_LoRA
2026-03-20 19:43:51,344 [INFO]   替換層 3 -> QuantModule_DiffAE_LoRA
2026-03-20 19:43:51,345 [INFO]   跳過量化 skip connection: skip_connection
2026-03-20 19:43:51,345 [INFO]   跳過量化 skip connection: skip_connection
2026-03-20 19:43:51,345 [INFO]   替換層 2 -> QuantModule_DiffAE_LoRA
2026-03-20 19:43:51,345 [INFO]   替換層 2 -> QuantModule_DiffAE_LoRA
2026-03-20 19:43:51,346 [INFO]   替換層 1 -> QuantModule_DiffAE_LoRA
2026-03-20 19:43:51,346 [INFO]   替換層 1 -> QuantModule_DiffAE_LoRA
2026-03-20 19:43:51,347 [INFO]   替換層 1 -> QuantModule_DiffAE_LoRA
2026-03-20 19:43:51,347 [INFO]   替換層 1 -> QuantModule_DiffAE_LoRA
2026-03-20 19:43:51,347 [INFO]   替換層 3 -> QuantModule_DiffAE_LoRA
2026-03-20 19:43:51,347 [INFO]   替換層 3 -> QuantModule_DiffAE_LoRA
2026-03-20 19:43:51,348 [INFO]   替換層 2 -> QuantModule_DiffAE_LoRA
2026-03-20 19:43:51,348 [INFO]   替換層 2 -> QuantModule_DiffAE_LoRA
2026-03-20 19:43:51,349 [INFO]   替換層 1 -> QuantModule_DiffAE_LoRA
2026-03-20 19:43:51,349 [INFO]   替換層 1 -> QuantModule_DiffAE_LoRA
2026-03-20 19:43:51,350 [INFO]   替換層 1 -> QuantModule_DiffAE_LoRA
2026-03-20 19:43:51,350 [INFO]   替換層 1 -> QuantModule_DiffAE_LoRA
2026-03-20 19:43:51,351 [INFO]   替換層 3 -> QuantModule_DiffAE_LoRA
2026-03-20 19:43:51,351 [INFO]   替換層 3 -> QuantModule_DiffAE_LoRA
2026-03-20 19:43:51,351 [INFO]   跳過量化 skip connection: skip_connection
2026-03-20 19:43:51,351 [INFO]   跳過量化 skip connection: skip_connection
2026-03-20 19:43:51,351 [INFO]   替換層 2 -> QuantModule_DiffAE_LoRA
2026-03-20 19:43:51,351 [INFO]   替換層 2 -> QuantModule_DiffAE_LoRA
2026-03-20 19:43:51,353 [INFO]   替換層 1 -> QuantModule_DiffAE_LoRA
2026-03-20 19:43:51,353 [INFO]   替換層 1 -> QuantModule_DiffAE_LoRA
2026-03-20 19:43:51,353 [INFO]   替換層 1 -> QuantModule_DiffAE_LoRA
2026-03-20 19:43:51,353 [INFO]   替換層 1 -> QuantModule_DiffAE_LoRA
2026-03-20 19:43:51,354 [INFO]   替換層 3 -> QuantModule_DiffAE_LoRA
2026-03-20 19:43:51,354 [INFO]   替換層 3 -> QuantModule_DiffAE_LoRA
2026-03-20 19:43:51,354 [INFO]   跳過量化 skip connection: skip_connection
2026-03-20 19:43:51,354 [INFO]   跳過量化 skip connection: skip_connection
2026-03-20 19:43:51,354 [INFO]   替換層 2 -> QuantModule_DiffAE_LoRA
2026-03-20 19:43:51,354 [INFO]   替換層 2 -> QuantModule_DiffAE_LoRA
2026-03-20 19:43:51,356 [INFO]   替換層 1 -> QuantModule_DiffAE_LoRA
2026-03-20 19:43:51,356 [INFO]   替換層 1 -> QuantModule_DiffAE_LoRA
2026-03-20 19:43:51,356 [INFO]   替換層 1 -> QuantModule_DiffAE_LoRA
2026-03-20 19:43:51,356 [INFO]   替換層 1 -> QuantModule_DiffAE_LoRA
2026-03-20 19:43:51,357 [INFO]   替換層 3 -> QuantModule_DiffAE_LoRA
2026-03-20 19:43:51,357 [INFO]   替換層 3 -> QuantModule_DiffAE_LoRA
2026-03-20 19:43:51,358 [INFO]   跳過量化 skip connection: skip_connection
2026-03-20 19:43:51,358 [INFO]   跳過量化 skip connection: skip_connection
2026-03-20 19:43:51,358 [INFO] 改造模組: out
2026-03-20 19:43:51,358 [INFO] 改造模組: out
2026-03-20 19:43:51,358 [INFO]   跳過量化特殊模組: 2
2026-03-20 19:43:51,358 [INFO]   跳過量化特殊模組: 2
2026-03-20 19:43:51,361 [INFO] 執行 'create_float_quantized_model' 完成，耗時: 0.42 秒
2026-03-20 19:43:51,361 [INFO] 執行 'create_float_quantized_model' 完成，耗時: 0.42 秒
2026-03-20 19:43:51,451 [INFO] 載入校準資料...
2026-03-20 19:43:51,451 [INFO] 載入校準資料...
2026-03-20 19:43:51,642 [INFO] ✅ 載入真實校準資料成功
2026-03-20 19:43:51,642 [INFO] ✅ 載入真實校準資料成功
2026-03-20 19:43:51,644 [INFO] ==================================================
2026-03-20 19:43:51,644 [INFO] ==================================================
2026-03-20 19:43:51,644 [INFO] 5. Setting first and last layers to 8-bit...
2026-03-20 19:43:51,644 [INFO] 5. Setting first and last layers to 8-bit...
2026-03-20 19:43:51,646 [INFO] 找到 144 個量化模組
2026-03-20 19:43:51,646 [INFO] 找到 144 個量化模組
2026-03-20 19:43:51,646 [INFO] ✅ 首尾層 8-bit 設定完成
2026-03-20 19:43:51,646 [INFO] ✅ 首尾層 8-bit 設定完成
2026-03-20 19:43:51,646 [INFO] ✅ 量化模型創建成功
2026-03-20 19:43:51,646 [INFO] ✅ 量化模型創建成功
2026-03-20 19:43:51,646 [INFO] set quant state to True, True for layer 1
2026-03-20 19:43:51,646 [INFO] set quant state to True, True for layer 1
2026-03-20 19:43:51,646 [INFO] set quant state to True, True for layer 2
2026-03-20 19:43:51,646 [INFO] set quant state to True, True for layer 2
2026-03-20 19:43:51,646 [INFO] set quant state to True, False for layer 3
2026-03-20 19:43:51,646 [INFO] set quant state to True, False for layer 3
2026-03-20 19:43:51,648 [INFO] set quant state to True, True for layer 144
2026-03-20 19:43:51,648 [INFO] set quant state to True, True for layer 144
2026-03-20 19:43:52,579 [INFO] EMA(load from ema_model.model.*): provided=1822 effective_loaded=1822 missing=280 unexpected=0
2026-03-20 19:43:52,579 [INFO] EMA(load from ema_model.model.*): provided=1822 effective_loaded=1822 missing=280 unexpected=0
2026-03-20 19:43:52,579 [WARNING] EMA missing keys (前10): ['model.input_blocks.1.0.in_layers.2.intn_dequantizer.delta', 'model.input_blocks.1.0.in_layers.2.intn_dequantizer.zero_point', 'model.input_blocks.1.0.emb_layers.1.intn_dequantizer.delta', 'model.input_blocks.1.0.emb_layers.1.intn_dequantizer.zero_point', 'model.input_blocks.1.0.cond_emb_layers.1.intn_dequantizer.delta', 'model.input_blocks.1.0.cond_emb_layers.1.intn_dequantizer.zero_point', 'model.input_blocks.1.0.out_layers.3.intn_dequantizer.delta', 'model.input_blocks.1.0.out_layers.3.intn_dequantizer.zero_point', 'model.input_blocks.2.0.in_layers.2.intn_dequantizer.delta', 'model.input_blocks.2.0.in_layers.2.intn_dequantizer.zero_point']
2026-03-20 19:43:52,579 [WARNING] EMA missing keys (前10): ['model.input_blocks.1.0.in_layers.2.intn_dequantizer.delta', 'model.input_blocks.1.0.in_layers.2.intn_dequantizer.zero_point', 'model.input_blocks.1.0.emb_layers.1.intn_dequantizer.delta', 'model.input_blocks.1.0.emb_layers.1.intn_dequantizer.zero_point', 'model.input_blocks.1.0.cond_emb_layers.1.intn_dequantizer.delta', 'model.input_blocks.1.0.cond_emb_layers.1.intn_dequantizer.zero_point', 'model.input_blocks.1.0.out_layers.3.intn_dequantizer.delta', 'model.input_blocks.1.0.out_layers.3.intn_dequantizer.zero_point', 'model.input_blocks.2.0.in_layers.2.intn_dequantizer.delta', 'model.input_blocks.2.0.in_layers.2.intn_dequantizer.zero_point']
2026-03-20 19:43:52,635 [INFO] MODEL(load from model.model.*): provided=1822 effective_loaded=1822 missing=280 unexpected=0
2026-03-20 19:43:52,635 [INFO] MODEL(load from model.model.*): provided=1822 effective_loaded=1822 missing=280 unexpected=0
2026-03-20 19:43:52,636 [INFO] ✅ 量化模型載入成功
2026-03-20 19:43:52,636 [INFO] ✅ 量化模型載入成功
2026-03-20 19:43:52,636 [INFO] === 初始化新功能模組 ===
2026-03-20 19:43:52,636 [INFO] === 初始化新功能模組 ===
2026-03-20 19:43:52,665 [INFO] ✅ 基礎模型設定完成
2026-03-20 19:43:52,665 [INFO] ✅ 基礎模型設定完成
2026-03-20 19:43:52,689 [INFO] ==================================================
2026-03-20 19:43:52,689 [INFO] ==================================================
2026-03-20 19:43:52,689 [INFO] 啟用 Similarity Analysis (L1/L2/Cosine)
2026-03-20 19:43:52,689 [INFO] 啟用 Similarity Analysis (L1/L2/Cosine)
2026-03-20 19:43:52,689 [INFO] FID 評估樣本數: 128
2026-03-20 19:43:52,689 [INFO] FID 評估樣本數: 128
2026-03-20 19:43:52,689 [INFO] 實際收集樣本數: 20 (用於加速)
2026-03-20 19:43:52,689 [INFO] 實際收集樣本數: 20 (用於加速)
2026-03-20 19:43:52,689 [INFO] 擴散步數: 100
2026-03-20 19:43:52,689 [INFO] 擴散步數: 100
2026-03-20 19:43:52,689 [INFO] ==================================================
2026-03-20 19:43:52,689 [INFO] ==================================================
2026-03-20 19:43:52,691 [INFO] [Similarity] 註冊 block hook: model.output_blocks.14
2026-03-20 19:43:52,691 [INFO] [Similarity] 註冊 block hook: model.output_blocks.14
2026-03-20 19:43:52,691 [INFO] [Similarity] 註冊 model step hook 完成
2026-03-20 19:43:52,691 [INFO] [Similarity] 註冊 model step hook 完成
Model params: 174.19 M
loading pretrain ... 130M
step: 1019986
loading latent stats ...
local seed: 0
train data: 70001
val data: 70001
on train dataloader start ...
mean: tensor(-0.0606, device='cuda:0') std: tensor(0.0755, device='cuda:0')
generating images:   0%|          | 0/4 [00:00<?, ?it/s]/home/jimmy/diffae/./diffusion/base.py:329: FutureWarning: `torch.cuda.amp.autocast(args...)` is deprecated. Please use `torch.amp.autocast('cuda', args...)` instead.
  with autocast(self.conf.fp16):
2026-03-20 19:44:30,528 [INFO] [Similarity] Batch 0 完成，已收集 20 個樣本
2026-03-20 19:44:30,528 [INFO] [Similarity] Batch 0 完成，已收集 20 個樣本
generating images:  25%|██▌       | 1/4 [00:38<01:54, 38.20s/it]2026-03-20 19:45:08,615 [INFO] [Similarity] Batch 1 完成，已收集 20 個樣本
2026-03-20 19:45:08,615 [INFO] [Similarity] Batch 1 完成，已收集 20 個樣本
generating images:  50%|█████     | 2/4 [01:16<01:16, 38.14s/it]2026-03-20 19:45:46,717 [INFO] [Similarity] Batch 2 完成，已收集 20 個樣本
2026-03-20 19:45:46,717 [INFO] [Similarity] Batch 2 完成，已收集 20 個樣本
generating images:  75%|███████▌  | 3/4 [01:54<00:38, 38.12s/it]2026-03-20 19:46:02,735 [INFO] [Similarity] 已收集 80 个样本，停止数据收集（目标: 80）
2026-03-20 19:46:02,735 [INFO] [Similarity] 已收集 80 个样本，停止数据收集（目标: 80）
2026-03-20 19:46:24,819 [INFO] [Similarity] Batch 3 完成，已收集 20 個樣本
2026-03-20 19:46:24,819 [INFO] [Similarity] Batch 3 完成，已收集 20 個樣本
generating images: 100%|██████████| 4/4 [02:32<00:00, 38.11s/it]generating images: 100%|██████████| 4/4 [02:32<00:00, 38.12s/it]
2026-03-20 19:46:25,181 [INFO] [Similarity] FID@128 100 steps score: 0
2026-03-20 19:46:25,181 [INFO] [Similarity] FID@128 100 steps score: 0
2026-03-20 19:46:25,182 [INFO] [Similarity] model.output_blocks.14 cosine: min=0.371908, max=1.000000, diag_mean=1.000000, off_diag_mean=0.971945, off_diag_std=0.091681
2026-03-20 19:46:25,182 [INFO] [Similarity] model.output_blocks.14 cosine: min=0.371908, max=1.000000, diag_mean=1.000000, off_diag_mean=0.971945, off_diag_std=0.091681
2026-03-20 19:46:26,220 [INFO] ✅ Similarity Analysis 完成
2026-03-20 19:46:26,220 [INFO] ✅ Similarity Analysis 完成
2026-03-20 19:46:26,298 [INFO] 執行 'main_float_model' 完成，耗時: 157.17 秒
2026-03-20 19:46:26,298 [INFO] 執行 'main_float_model' 完成，耗時: 157.17 秒
