/home/jimmy/anaconda3/envs/diffae_bw/lib/python3.10/site-packages/lightning_fabric/__init__.py:41: pkg_resources is deprecated as an API. See https://setuptools.pypa.io/en/latest/pkg_resources.html. The pkg_resources package is slated for removal as early as 2025-11-30. Refrain from using this package or pin to Setuptools<81.
使用自動混合精度: torch.bfloat16
[設定] Log 檔案已設為: QATcode/cache_method/L1_L2_cosine/logs/similarity_model_output_blocks_6.log
2026-01-26 12:21:45,037 [INFO] Using 100 steps
2026-01-26 12:21:45,037 [INFO] Using 50000 evaluation samples
2026-01-26 12:21:45,037 [INFO] Cache enabled: False, method: Res, threshold: 0.1
2026-01-26 12:21:45,037 [INFO] Quantitative analysis enabled: False, samples: 10
2026-01-26 12:21:45,037 [INFO] Log file: QATcode/cache_method/L1_L2_cosine/logs/similarity_model_output_blocks_6.log
2026-01-26 12:21:45,037 [INFO] ==================================================
2026-01-26 12:21:45,037 [INFO] Using 100 steps
2026-01-26 12:21:45,037 [INFO] Using 50000 evaluation samples
2026-01-26 12:21:45,037 [INFO] Cache enabled: False, method: Res, threshold: 0.1
2026-01-26 12:21:45,037 [INFO] Quantitative analysis enabled: False, samples: 10
2026-01-26 12:21:45,037 [INFO] Log file: QATcode/cache_method/L1_L2_cosine/logs/similarity_model_output_blocks_6.log
2026-01-26 12:21:45,037 [INFO] ==================================================
2026-01-26 12:21:45,037 [INFO] Diff-AE EfficientDM Step 7 : 生成圖片
2026-01-26 12:21:45,037 [INFO] Diff-AE EfficientDM Step 7 : 生成圖片
2026-01-26 12:21:45,037 [INFO] ==================================================
2026-01-26 12:21:45,037 [INFO] ==================================================
2026-01-26 12:21:45,037 [INFO] 使用設備: cuda
2026-01-26 12:21:45,037 [INFO] 使用設備: cuda
2026-01-26 12:21:45,037 [INFO] === 新功能狀態 ===
2026-01-26 12:21:45,037 [INFO] === 新功能狀態 ===
2026-01-26 12:21:45,037 [INFO] 載入 Diff-AE 模型: checkpoints/ffhq128_autoenc_latent/last.ckpt
2026-01-26 12:21:45,037 [INFO] 載入 Diff-AE 模型: checkpoints/ffhq128_autoenc_latent/last.ckpt
Seed set to 0
Model params: 174.19 M
loading pretrain ... 130M
step: 1019986
loading latent stats ...
2026-01-26 12:21:47,900 [INFO] Diff-AE 模型載入完成
2026-01-26 12:21:47,900 [INFO] Diff-AE 模型載入完成
2026-01-26 12:21:47,945 [INFO] 執行 'load_diffae_model' 完成，耗時: 2.91 秒
2026-01-26 12:21:47,945 [INFO] ✅ Diff-AE 模型載入成功
2026-01-26 12:21:47,945 [INFO] base_model.conf.train_mode: TrainMode.latent_diffusion
2026-01-26 12:21:47,945 [INFO] === 創建 LoRA 量化模型 ===
2026-01-26 12:21:47,945 [INFO] 執行 'load_diffae_model' 完成，耗時: 2.91 秒
2026-01-26 12:21:47,945 [INFO] ✅ Diff-AE 模型載入成功
2026-01-26 12:21:47,945 [INFO] base_model.conf.train_mode: TrainMode.latent_diffusion
2026-01-26 12:21:47,945 [INFO] === 創建 LoRA 量化模型 ===
2026-01-26 12:21:47,945 [INFO] === 開始 UNet LoRA 量化改造 ===
2026-01-26 12:21:47,945 [INFO] === 開始 UNet LoRA 量化改造 ===
2026-01-26 12:21:47,945 [INFO] 改造模組: time_embed
2026-01-26 12:21:47,945 [INFO]   跳過量化特殊模組: 0
2026-01-26 12:21:47,945 [INFO] 改造模組: time_embed
2026-01-26 12:21:47,945 [INFO]   跳過量化特殊模組: 0
2026-01-26 12:21:47,946 [INFO]   跳過量化特殊模組: 2
2026-01-26 12:21:47,946 [INFO]   跳過量化特殊模組: 2
2026-01-26 12:21:47,947 [INFO] 改造模組: input_blocks
2026-01-26 12:21:47,947 [INFO] 改造模組: input_blocks
2026-01-26 12:21:47,947 [INFO]   跳過量化特殊模組: 0
2026-01-26 12:21:47,947 [INFO]   替換層 2 -> QuantModule_DiffAE_LoRA
2026-01-26 12:21:47,947 [INFO]   跳過量化特殊模組: 0
2026-01-26 12:21:47,947 [INFO]   替換層 2 -> QuantModule_DiffAE_LoRA
2026-01-26 12:21:48,023 [INFO]   替換層 1 -> QuantModule_DiffAE_LoRA
2026-01-26 12:21:48,023 [INFO]   替換層 1 -> QuantModule_DiffAE_LoRA
2026-01-26 12:21:48,031 [INFO]   替換層 1 -> QuantModule_DiffAE_LoRA
2026-01-26 12:21:48,031 [INFO]   替換層 1 -> QuantModule_DiffAE_LoRA
2026-01-26 12:21:48,035 [INFO]   替換層 3 -> QuantModule_DiffAE_LoRA
2026-01-26 12:21:48,035 [INFO]   替換層 3 -> QuantModule_DiffAE_LoRA
2026-01-26 12:21:48,041 [INFO]   替換層 2 -> QuantModule_DiffAE_LoRA
2026-01-26 12:21:48,041 [INFO]   替換層 2 -> QuantModule_DiffAE_LoRA
2026-01-26 12:21:48,047 [INFO]   替換層 1 -> QuantModule_DiffAE_LoRA
2026-01-26 12:21:48,047 [INFO]   替換層 1 -> QuantModule_DiffAE_LoRA
2026-01-26 12:21:48,052 [INFO]   替換層 1 -> QuantModule_DiffAE_LoRA
2026-01-26 12:21:48,052 [INFO]   替換層 1 -> QuantModule_DiffAE_LoRA
2026-01-26 12:21:48,058 [INFO]   替換層 3 -> QuantModule_DiffAE_LoRA
2026-01-26 12:21:48,058 [INFO]   替換層 3 -> QuantModule_DiffAE_LoRA
2026-01-26 12:21:48,062 [INFO]   替換層 2 -> QuantModule_DiffAE_LoRA
2026-01-26 12:21:48,062 [INFO]   替換層 2 -> QuantModule_DiffAE_LoRA
2026-01-26 12:21:48,063 [INFO]   替換層 1 -> QuantModule_DiffAE_LoRA
2026-01-26 12:21:48,063 [INFO]   替換層 1 -> QuantModule_DiffAE_LoRA
2026-01-26 12:21:48,064 [INFO]   替換層 1 -> QuantModule_DiffAE_LoRA
2026-01-26 12:21:48,064 [INFO]   替換層 1 -> QuantModule_DiffAE_LoRA
2026-01-26 12:21:48,064 [INFO]   替換層 3 -> QuantModule_DiffAE_LoRA
2026-01-26 12:21:48,064 [INFO]   替換層 3 -> QuantModule_DiffAE_LoRA
2026-01-26 12:21:48,065 [INFO]   替換層 2 -> QuantModule_DiffAE_LoRA
2026-01-26 12:21:48,065 [INFO]   替換層 2 -> QuantModule_DiffAE_LoRA
2026-01-26 12:21:48,066 [INFO]   替換層 1 -> QuantModule_DiffAE_LoRA
2026-01-26 12:21:48,066 [INFO]   替換層 1 -> QuantModule_DiffAE_LoRA
2026-01-26 12:21:48,067 [INFO]   替換層 1 -> QuantModule_DiffAE_LoRA
2026-01-26 12:21:48,067 [INFO]   替換層 1 -> QuantModule_DiffAE_LoRA
2026-01-26 12:21:48,067 [INFO]   替換層 3 -> QuantModule_DiffAE_LoRA
2026-01-26 12:21:48,067 [INFO]   替換層 3 -> QuantModule_DiffAE_LoRA
2026-01-26 12:21:48,068 [INFO]   替換層 2 -> QuantModule_DiffAE_LoRA
2026-01-26 12:21:48,068 [INFO]   替換層 2 -> QuantModule_DiffAE_LoRA
2026-01-26 12:21:48,069 [INFO]   替換層 1 -> QuantModule_DiffAE_LoRA
2026-01-26 12:21:48,069 [INFO]   替換層 1 -> QuantModule_DiffAE_LoRA
2026-01-26 12:21:48,070 [INFO]   替換層 1 -> QuantModule_DiffAE_LoRA
2026-01-26 12:21:48,070 [INFO]   替換層 1 -> QuantModule_DiffAE_LoRA
2026-01-26 12:21:48,070 [INFO]   替換層 3 -> QuantModule_DiffAE_LoRA
2026-01-26 12:21:48,070 [INFO]   替換層 3 -> QuantModule_DiffAE_LoRA
2026-01-26 12:21:48,071 [INFO]   替換層 2 -> QuantModule_DiffAE_LoRA
2026-01-26 12:21:48,071 [INFO]   替換層 2 -> QuantModule_DiffAE_LoRA
2026-01-26 12:21:48,072 [INFO]   替換層 1 -> QuantModule_DiffAE_LoRA
2026-01-26 12:21:48,072 [INFO]   替換層 1 -> QuantModule_DiffAE_LoRA
2026-01-26 12:21:48,073 [INFO]   替換層 1 -> QuantModule_DiffAE_LoRA
2026-01-26 12:21:48,073 [INFO]   替換層 1 -> QuantModule_DiffAE_LoRA
2026-01-26 12:21:48,073 [INFO]   替換層 3 -> QuantModule_DiffAE_LoRA
2026-01-26 12:21:48,073 [INFO]   替換層 3 -> QuantModule_DiffAE_LoRA
2026-01-26 12:21:48,074 [INFO]   替換層 2 -> QuantModule_DiffAE_LoRA
2026-01-26 12:21:48,074 [INFO]   替換層 2 -> QuantModule_DiffAE_LoRA
2026-01-26 12:21:48,075 [INFO]   替換層 1 -> QuantModule_DiffAE_LoRA
2026-01-26 12:21:48,075 [INFO]   替換層 1 -> QuantModule_DiffAE_LoRA
2026-01-26 12:21:48,077 [INFO]   替換層 1 -> QuantModule_DiffAE_LoRA
2026-01-26 12:21:48,077 [INFO]   替換層 1 -> QuantModule_DiffAE_LoRA
2026-01-26 12:21:48,077 [INFO]   替換層 3 -> QuantModule_DiffAE_LoRA
2026-01-26 12:21:48,077 [INFO]   替換層 3 -> QuantModule_DiffAE_LoRA
2026-01-26 12:21:48,080 [INFO]   跳過量化 skip connection: skip_connection
2026-01-26 12:21:48,080 [INFO]   跳過量化 skip connection: skip_connection
2026-01-26 12:21:48,080 [INFO]   替換層 2 -> QuantModule_DiffAE_LoRA
2026-01-26 12:21:48,080 [INFO]   替換層 2 -> QuantModule_DiffAE_LoRA
2026-01-26 12:21:48,082 [INFO]   替換層 1 -> QuantModule_DiffAE_LoRA
2026-01-26 12:21:48,082 [INFO]   替換層 1 -> QuantModule_DiffAE_LoRA
2026-01-26 12:21:48,083 [INFO]   替換層 1 -> QuantModule_DiffAE_LoRA
2026-01-26 12:21:48,083 [INFO]   替換層 1 -> QuantModule_DiffAE_LoRA
2026-01-26 12:21:48,084 [INFO]   替換層 3 -> QuantModule_DiffAE_LoRA
2026-01-26 12:21:48,084 [INFO]   替換層 3 -> QuantModule_DiffAE_LoRA
2026-01-26 12:21:48,086 [INFO]   替換層 2 -> QuantModule_DiffAE_LoRA
2026-01-26 12:21:48,086 [INFO]   替換層 2 -> QuantModule_DiffAE_LoRA
2026-01-26 12:21:48,088 [INFO]   替換層 1 -> QuantModule_DiffAE_LoRA
2026-01-26 12:21:48,088 [INFO]   替換層 1 -> QuantModule_DiffAE_LoRA
2026-01-26 12:21:48,089 [INFO]   替換層 1 -> QuantModule_DiffAE_LoRA
2026-01-26 12:21:48,089 [INFO]   替換層 1 -> QuantModule_DiffAE_LoRA
2026-01-26 12:21:48,090 [INFO]   替換層 3 -> QuantModule_DiffAE_LoRA
2026-01-26 12:21:48,090 [INFO]   替換層 3 -> QuantModule_DiffAE_LoRA
2026-01-26 12:21:48,092 [INFO]   替換層 2 -> QuantModule_DiffAE_LoRA
2026-01-26 12:21:48,092 [INFO]   替換層 2 -> QuantModule_DiffAE_LoRA
2026-01-26 12:21:48,096 [INFO]   替換層 1 -> QuantModule_DiffAE_LoRA
2026-01-26 12:21:48,096 [INFO]   替換層 1 -> QuantModule_DiffAE_LoRA
2026-01-26 12:21:48,098 [INFO]   替換層 1 -> QuantModule_DiffAE_LoRA
2026-01-26 12:21:48,099 [INFO]   替換層 3 -> QuantModule_DiffAE_LoRA
2026-01-26 12:21:48,098 [INFO]   替換層 1 -> QuantModule_DiffAE_LoRA
2026-01-26 12:21:48,099 [INFO]   替換層 3 -> QuantModule_DiffAE_LoRA
2026-01-26 12:21:48,104 [INFO]   跳過量化 skip connection: skip_connection
2026-01-26 12:21:48,104 [INFO]   跳過量化 skip connection: skip_connection
2026-01-26 12:21:48,104 [INFO]   替換層 2 -> QuantModule_DiffAE_LoRA
2026-01-26 12:21:48,104 [INFO]   替換層 2 -> QuantModule_DiffAE_LoRA
2026-01-26 12:21:48,111 [INFO]   替換層 1 -> QuantModule_DiffAE_LoRA
2026-01-26 12:21:48,111 [INFO]   替換層 1 -> QuantModule_DiffAE_LoRA
2026-01-26 12:21:48,116 [INFO]   替換層 1 -> QuantModule_DiffAE_LoRA
2026-01-26 12:21:48,116 [INFO]   替換層 1 -> QuantModule_DiffAE_LoRA
2026-01-26 12:21:48,121 [INFO]   替換層 3 -> QuantModule_DiffAE_LoRA
2026-01-26 12:21:48,121 [INFO]   替換層 3 -> QuantModule_DiffAE_LoRA
2026-01-26 12:21:48,129 [INFO]   替換層 2 -> QuantModule_DiffAE_LoRA
2026-01-26 12:21:48,129 [INFO]   替換層 2 -> QuantModule_DiffAE_LoRA
2026-01-26 12:21:48,136 [INFO]   替換層 1 -> QuantModule_DiffAE_LoRA
2026-01-26 12:21:48,136 [INFO]   替換層 1 -> QuantModule_DiffAE_LoRA
2026-01-26 12:21:48,141 [INFO]   替換層 1 -> QuantModule_DiffAE_LoRA
2026-01-26 12:21:48,141 [INFO]   替換層 1 -> QuantModule_DiffAE_LoRA
2026-01-26 12:21:48,147 [INFO]   替換層 3 -> QuantModule_DiffAE_LoRA
2026-01-26 12:21:48,147 [INFO]   替換層 3 -> QuantModule_DiffAE_LoRA
2026-01-26 12:21:48,156 [INFO]   替換層 2 -> QuantModule_DiffAE_LoRA
2026-01-26 12:21:48,156 [INFO]   替換層 2 -> QuantModule_DiffAE_LoRA
2026-01-26 12:21:48,165 [INFO]   替換層 1 -> QuantModule_DiffAE_LoRA
2026-01-26 12:21:48,165 [INFO]   替換層 1 -> QuantModule_DiffAE_LoRA
2026-01-26 12:21:48,170 [INFO]   替換層 1 -> QuantModule_DiffAE_LoRA
2026-01-26 12:21:48,170 [INFO]   替換層 1 -> QuantModule_DiffAE_LoRA
2026-01-26 12:21:48,176 [INFO]   替換層 3 -> QuantModule_DiffAE_LoRA
2026-01-26 12:21:48,176 [INFO]   替換層 3 -> QuantModule_DiffAE_LoRA
2026-01-26 12:21:48,190 [INFO]   跳過量化 skip connection: skip_connection
2026-01-26 12:21:48,190 [INFO]   替換層 2 -> QuantModule_DiffAE_LoRA
2026-01-26 12:21:48,190 [INFO]   跳過量化 skip connection: skip_connection
2026-01-26 12:21:48,190 [INFO]   替換層 2 -> QuantModule_DiffAE_LoRA
2026-01-26 12:21:48,202 [INFO]   替換層 1 -> QuantModule_DiffAE_LoRA
2026-01-26 12:21:48,206 [INFO]   替換層 1 -> QuantModule_DiffAE_LoRA
2026-01-26 12:21:48,202 [INFO]   替換層 1 -> QuantModule_DiffAE_LoRA
2026-01-26 12:21:48,206 [INFO]   替換層 1 -> QuantModule_DiffAE_LoRA
2026-01-26 12:21:48,207 [INFO]   替換層 3 -> QuantModule_DiffAE_LoRA
2026-01-26 12:21:48,207 [INFO]   替換層 3 -> QuantModule_DiffAE_LoRA
2026-01-26 12:21:48,213 [INFO] 改造模組: middle_block
2026-01-26 12:21:48,214 [INFO]   替換層 2 -> QuantModule_DiffAE_LoRA
2026-01-26 12:21:48,213 [INFO] 改造模組: middle_block
2026-01-26 12:21:48,214 [INFO]   替換層 2 -> QuantModule_DiffAE_LoRA
2026-01-26 12:21:48,225 [INFO]   替換層 1 -> QuantModule_DiffAE_LoRA
2026-01-26 12:21:48,225 [INFO]   替換層 1 -> QuantModule_DiffAE_LoRA
2026-01-26 12:21:48,233 [INFO]   替換層 1 -> QuantModule_DiffAE_LoRA
2026-01-26 12:21:48,233 [INFO]   替換層 1 -> QuantModule_DiffAE_LoRA
2026-01-26 12:21:48,241 [INFO]   替換層 3 -> QuantModule_DiffAE_LoRA
2026-01-26 12:21:48,241 [INFO]   替換層 3 -> QuantModule_DiffAE_LoRA
2026-01-26 12:21:48,253 [INFO]   替換層 2 -> QuantModule_DiffAE_LoRA
2026-01-26 12:21:48,253 [INFO]   替換層 2 -> QuantModule_DiffAE_LoRA
2026-01-26 12:21:48,266 [INFO]   替換層 1 -> QuantModule_DiffAE_LoRA
2026-01-26 12:21:48,266 [INFO]   替換層 1 -> QuantModule_DiffAE_LoRA
2026-01-26 12:21:48,272 [INFO]   替換層 1 -> QuantModule_DiffAE_LoRA
2026-01-26 12:21:48,272 [INFO]   替換層 1 -> QuantModule_DiffAE_LoRA
2026-01-26 12:21:48,277 [INFO]   替換層 3 -> QuantModule_DiffAE_LoRA
2026-01-26 12:21:48,277 [INFO]   替換層 3 -> QuantModule_DiffAE_LoRA
2026-01-26 12:21:48,289 [INFO] 改造模組: output_blocks
2026-01-26 12:21:48,289 [INFO]   替換層 2 -> QuantModule_DiffAE_LoRA
2026-01-26 12:21:48,289 [INFO] 改造模組: output_blocks
2026-01-26 12:21:48,289 [INFO]   替換層 2 -> QuantModule_DiffAE_LoRA
2026-01-26 12:21:48,306 [INFO]   替換層 1 -> QuantModule_DiffAE_LoRA
2026-01-26 12:21:48,306 [INFO]   替換層 1 -> QuantModule_DiffAE_LoRA
2026-01-26 12:21:48,315 [INFO]   替換層 1 -> QuantModule_DiffAE_LoRA
2026-01-26 12:21:48,315 [INFO]   替換層 1 -> QuantModule_DiffAE_LoRA
2026-01-26 12:21:48,319 [INFO]   替換層 3 -> QuantModule_DiffAE_LoRA
2026-01-26 12:21:48,319 [INFO]   替換層 3 -> QuantModule_DiffAE_LoRA
2026-01-26 12:21:48,332 [INFO]   跳過量化 skip connection: skip_connection
2026-01-26 12:21:48,332 [INFO]   替換層 2 -> QuantModule_DiffAE_LoRA
2026-01-26 12:21:48,332 [INFO]   跳過量化 skip connection: skip_connection
2026-01-26 12:21:48,332 [INFO]   替換層 2 -> QuantModule_DiffAE_LoRA
2026-01-26 12:21:48,348 [INFO]   替換層 1 -> QuantModule_DiffAE_LoRA
2026-01-26 12:21:48,348 [INFO]   替換層 1 -> QuantModule_DiffAE_LoRA
2026-01-26 12:21:48,356 [INFO]   替換層 1 -> QuantModule_DiffAE_LoRA
2026-01-26 12:21:48,356 [INFO]   替換層 1 -> QuantModule_DiffAE_LoRA
2026-01-26 12:21:48,361 [INFO]   替換層 3 -> QuantModule_DiffAE_LoRA
2026-01-26 12:21:48,361 [INFO]   替換層 3 -> QuantModule_DiffAE_LoRA
2026-01-26 12:21:48,375 [INFO]   跳過量化 skip connection: skip_connection
2026-01-26 12:21:48,375 [INFO]   替換層 2 -> QuantModule_DiffAE_LoRA
2026-01-26 12:21:48,375 [INFO]   跳過量化 skip connection: skip_connection
2026-01-26 12:21:48,375 [INFO]   替換層 2 -> QuantModule_DiffAE_LoRA
2026-01-26 12:21:48,390 [INFO]   替換層 1 -> QuantModule_DiffAE_LoRA
2026-01-26 12:21:48,390 [INFO]   替換層 1 -> QuantModule_DiffAE_LoRA
2026-01-26 12:21:48,397 [INFO]   替換層 1 -> QuantModule_DiffAE_LoRA
2026-01-26 12:21:48,397 [INFO]   替換層 1 -> QuantModule_DiffAE_LoRA
2026-01-26 12:21:48,401 [INFO]   替換層 3 -> QuantModule_DiffAE_LoRA
2026-01-26 12:21:48,401 [INFO]   替換層 3 -> QuantModule_DiffAE_LoRA
2026-01-26 12:21:48,412 [INFO]   跳過量化 skip connection: skip_connection
2026-01-26 12:21:48,412 [INFO]   替換層 2 -> QuantModule_DiffAE_LoRA
2026-01-26 12:21:48,412 [INFO]   跳過量化 skip connection: skip_connection
2026-01-26 12:21:48,412 [INFO]   替換層 2 -> QuantModule_DiffAE_LoRA
2026-01-26 12:21:48,421 [INFO]   替換層 1 -> QuantModule_DiffAE_LoRA
2026-01-26 12:21:48,421 [INFO]   替換層 1 -> QuantModule_DiffAE_LoRA
2026-01-26 12:21:48,429 [INFO]   替換層 1 -> QuantModule_DiffAE_LoRA
2026-01-26 12:21:48,429 [INFO]   替換層 1 -> QuantModule_DiffAE_LoRA
2026-01-26 12:21:48,432 [INFO]   替換層 3 -> QuantModule_DiffAE_LoRA
2026-01-26 12:21:48,432 [INFO]   替換層 3 -> QuantModule_DiffAE_LoRA
2026-01-26 12:21:48,438 [INFO]   替換層 2 -> QuantModule_DiffAE_LoRA
2026-01-26 12:21:48,438 [INFO]   替換層 2 -> QuantModule_DiffAE_LoRA
2026-01-26 12:21:48,449 [INFO]   替換層 1 -> QuantModule_DiffAE_LoRA
2026-01-26 12:21:48,449 [INFO]   替換層 1 -> QuantModule_DiffAE_LoRA
2026-01-26 12:21:48,454 [INFO]   替換層 1 -> QuantModule_DiffAE_LoRA
2026-01-26 12:21:48,454 [INFO]   替換層 1 -> QuantModule_DiffAE_LoRA
2026-01-26 12:21:48,459 [INFO]   替換層 3 -> QuantModule_DiffAE_LoRA
2026-01-26 12:21:48,459 [INFO]   替換層 3 -> QuantModule_DiffAE_LoRA
2026-01-26 12:21:48,464 [INFO]   跳過量化 skip connection: skip_connection
2026-01-26 12:21:48,464 [INFO]   跳過量化 skip connection: skip_connection
2026-01-26 12:21:48,464 [INFO]   替換層 2 -> QuantModule_DiffAE_LoRA
2026-01-26 12:21:48,464 [INFO]   替換層 2 -> QuantModule_DiffAE_LoRA
2026-01-26 12:21:48,471 [INFO]   替換層 1 -> QuantModule_DiffAE_LoRA
2026-01-26 12:21:48,471 [INFO]   替換層 1 -> QuantModule_DiffAE_LoRA
2026-01-26 12:21:48,477 [INFO]   替換層 1 -> QuantModule_DiffAE_LoRA
2026-01-26 12:21:48,477 [INFO]   替換層 1 -> QuantModule_DiffAE_LoRA
2026-01-26 12:21:48,478 [INFO]   替換層 3 -> QuantModule_DiffAE_LoRA
2026-01-26 12:21:48,478 [INFO]   替換層 3 -> QuantModule_DiffAE_LoRA
2026-01-26 12:21:48,483 [INFO]   跳過量化 skip connection: skip_connection
2026-01-26 12:21:48,483 [INFO]   替換層 2 -> QuantModule_DiffAE_LoRA
2026-01-26 12:21:48,483 [INFO]   跳過量化 skip connection: skip_connection
2026-01-26 12:21:48,483 [INFO]   替換層 2 -> QuantModule_DiffAE_LoRA
2026-01-26 12:21:48,492 [INFO]   替換層 1 -> QuantModule_DiffAE_LoRA
2026-01-26 12:21:48,495 [INFO]   替換層 1 -> QuantModule_DiffAE_LoRA
2026-01-26 12:21:48,492 [INFO]   替換層 1 -> QuantModule_DiffAE_LoRA
2026-01-26 12:21:48,495 [INFO]   替換層 1 -> QuantModule_DiffAE_LoRA
2026-01-26 12:21:48,496 [INFO]   替換層 3 -> QuantModule_DiffAE_LoRA
2026-01-26 12:21:48,496 [INFO]   替換層 3 -> QuantModule_DiffAE_LoRA
2026-01-26 12:21:48,500 [INFO]   跳過量化 skip connection: skip_connection
2026-01-26 12:21:48,500 [INFO]   跳過量化 skip connection: skip_connection
2026-01-26 12:21:48,500 [INFO]   替換層 2 -> QuantModule_DiffAE_LoRA
2026-01-26 12:21:48,500 [INFO]   替換層 2 -> QuantModule_DiffAE_LoRA
2026-01-26 12:21:48,504 [INFO]   替換層 1 -> QuantModule_DiffAE_LoRA
2026-01-26 12:21:48,504 [INFO]   替換層 1 -> QuantModule_DiffAE_LoRA
2026-01-26 12:21:48,508 [INFO]   替換層 1 -> QuantModule_DiffAE_LoRA
2026-01-26 12:21:48,508 [INFO]   替換層 1 -> QuantModule_DiffAE_LoRA
2026-01-26 12:21:48,511 [INFO]   替換層 3 -> QuantModule_DiffAE_LoRA
2026-01-26 12:21:48,511 [INFO]   替換層 3 -> QuantModule_DiffAE_LoRA
2026-01-26 12:21:48,515 [INFO]   替換層 2 -> QuantModule_DiffAE_LoRA
2026-01-26 12:21:48,515 [INFO]   替換層 2 -> QuantModule_DiffAE_LoRA
2026-01-26 12:21:48,522 [INFO]   替換層 1 -> QuantModule_DiffAE_LoRA
2026-01-26 12:21:48,522 [INFO]   替換層 1 -> QuantModule_DiffAE_LoRA
2026-01-26 12:21:48,523 [INFO]   替換層 1 -> QuantModule_DiffAE_LoRA
2026-01-26 12:21:48,523 [INFO]   替換層 1 -> QuantModule_DiffAE_LoRA
2026-01-26 12:21:48,528 [INFO]   替換層 3 -> QuantModule_DiffAE_LoRA
2026-01-26 12:21:48,528 [INFO]   替換層 3 -> QuantModule_DiffAE_LoRA
2026-01-26 12:21:48,530 [INFO]   跳過量化 skip connection: skip_connection
2026-01-26 12:21:48,530 [INFO]   跳過量化 skip connection: skip_connection
2026-01-26 12:21:48,530 [INFO]   替換層 2 -> QuantModule_DiffAE_LoRA
2026-01-26 12:21:48,530 [INFO]   替換層 2 -> QuantModule_DiffAE_LoRA
2026-01-26 12:21:48,534 [INFO]   替換層 1 -> QuantModule_DiffAE_LoRA
2026-01-26 12:21:48,534 [INFO]   替換層 1 -> QuantModule_DiffAE_LoRA
2026-01-26 12:21:48,535 [INFO]   替換層 1 -> QuantModule_DiffAE_LoRA
2026-01-26 12:21:48,535 [INFO]   替換層 1 -> QuantModule_DiffAE_LoRA
2026-01-26 12:21:48,535 [INFO]   替換層 3 -> QuantModule_DiffAE_LoRA
2026-01-26 12:21:48,535 [INFO]   替換層 3 -> QuantModule_DiffAE_LoRA
2026-01-26 12:21:48,537 [INFO]   跳過量化 skip connection: skip_connection
2026-01-26 12:21:48,537 [INFO]   跳過量化 skip connection: skip_connection
2026-01-26 12:21:48,537 [INFO]   替換層 2 -> QuantModule_DiffAE_LoRA
2026-01-26 12:21:48,537 [INFO]   替換層 2 -> QuantModule_DiffAE_LoRA
2026-01-26 12:21:48,540 [INFO]   替換層 1 -> QuantModule_DiffAE_LoRA
2026-01-26 12:21:48,540 [INFO]   替換層 1 -> QuantModule_DiffAE_LoRA
2026-01-26 12:21:48,541 [INFO]   替換層 1 -> QuantModule_DiffAE_LoRA
2026-01-26 12:21:48,541 [INFO]   替換層 1 -> QuantModule_DiffAE_LoRA
2026-01-26 12:21:48,541 [INFO]   替換層 3 -> QuantModule_DiffAE_LoRA
2026-01-26 12:21:48,541 [INFO]   替換層 3 -> QuantModule_DiffAE_LoRA
2026-01-26 12:21:48,543 [INFO]   跳過量化 skip connection: skip_connection
2026-01-26 12:21:48,543 [INFO]   跳過量化 skip connection: skip_connection
2026-01-26 12:21:48,543 [INFO]   替換層 2 -> QuantModule_DiffAE_LoRA
2026-01-26 12:21:48,543 [INFO]   替換層 2 -> QuantModule_DiffAE_LoRA
2026-01-26 12:21:48,545 [INFO]   替換層 1 -> QuantModule_DiffAE_LoRA
2026-01-26 12:21:48,545 [INFO]   替換層 1 -> QuantModule_DiffAE_LoRA
2026-01-26 12:21:48,546 [INFO]   替換層 1 -> QuantModule_DiffAE_LoRA
2026-01-26 12:21:48,546 [INFO]   替換層 1 -> QuantModule_DiffAE_LoRA
2026-01-26 12:21:48,546 [INFO]   替換層 3 -> QuantModule_DiffAE_LoRA
2026-01-26 12:21:48,546 [INFO]   替換層 3 -> QuantModule_DiffAE_LoRA
2026-01-26 12:21:48,548 [INFO]   替換層 2 -> QuantModule_DiffAE_LoRA
2026-01-26 12:21:48,548 [INFO]   替換層 2 -> QuantModule_DiffAE_LoRA
2026-01-26 12:21:48,550 [INFO]   替換層 1 -> QuantModule_DiffAE_LoRA
2026-01-26 12:21:48,550 [INFO]   替換層 1 -> QuantModule_DiffAE_LoRA
2026-01-26 12:21:48,550 [INFO]   替換層 1 -> QuantModule_DiffAE_LoRA
2026-01-26 12:21:48,550 [INFO]   替換層 1 -> QuantModule_DiffAE_LoRA
2026-01-26 12:21:48,550 [INFO]   替換層 3 -> QuantModule_DiffAE_LoRA
2026-01-26 12:21:48,550 [INFO]   替換層 3 -> QuantModule_DiffAE_LoRA
2026-01-26 12:21:48,551 [INFO]   跳過量化 skip connection: skip_connection
2026-01-26 12:21:48,551 [INFO]   跳過量化 skip connection: skip_connection
2026-01-26 12:21:48,551 [INFO]   替換層 2 -> QuantModule_DiffAE_LoRA
2026-01-26 12:21:48,551 [INFO]   替換層 2 -> QuantModule_DiffAE_LoRA
2026-01-26 12:21:48,552 [INFO]   替換層 1 -> QuantModule_DiffAE_LoRA
2026-01-26 12:21:48,552 [INFO]   替換層 1 -> QuantModule_DiffAE_LoRA
2026-01-26 12:21:48,553 [INFO]   替換層 1 -> QuantModule_DiffAE_LoRA
2026-01-26 12:21:48,553 [INFO]   替換層 1 -> QuantModule_DiffAE_LoRA
2026-01-26 12:21:48,553 [INFO]   替換層 3 -> QuantModule_DiffAE_LoRA
2026-01-26 12:21:48,553 [INFO]   替換層 3 -> QuantModule_DiffAE_LoRA
2026-01-26 12:21:48,554 [INFO]   跳過量化 skip connection: skip_connection
2026-01-26 12:21:48,554 [INFO]   跳過量化 skip connection: skip_connection
2026-01-26 12:21:48,554 [INFO]   替換層 2 -> QuantModule_DiffAE_LoRA
2026-01-26 12:21:48,554 [INFO]   替換層 2 -> QuantModule_DiffAE_LoRA
2026-01-26 12:21:48,555 [INFO]   替換層 1 -> QuantModule_DiffAE_LoRA
2026-01-26 12:21:48,555 [INFO]   替換層 1 -> QuantModule_DiffAE_LoRA
2026-01-26 12:21:48,555 [INFO]   替換層 1 -> QuantModule_DiffAE_LoRA
2026-01-26 12:21:48,555 [INFO]   替換層 1 -> QuantModule_DiffAE_LoRA
2026-01-26 12:21:48,556 [INFO]   替換層 3 -> QuantModule_DiffAE_LoRA
2026-01-26 12:21:48,556 [INFO]   替換層 3 -> QuantModule_DiffAE_LoRA
2026-01-26 12:21:48,556 [INFO]   跳過量化 skip connection: skip_connection
2026-01-26 12:21:48,556 [INFO]   跳過量化 skip connection: skip_connection
2026-01-26 12:21:48,556 [INFO]   替換層 2 -> QuantModule_DiffAE_LoRA
2026-01-26 12:21:48,556 [INFO]   替換層 2 -> QuantModule_DiffAE_LoRA
2026-01-26 12:21:48,557 [INFO]   替換層 1 -> QuantModule_DiffAE_LoRA
2026-01-26 12:21:48,557 [INFO]   替換層 1 -> QuantModule_DiffAE_LoRA
2026-01-26 12:21:48,558 [INFO]   替換層 1 -> QuantModule_DiffAE_LoRA
2026-01-26 12:21:48,558 [INFO]   替換層 1 -> QuantModule_DiffAE_LoRA
2026-01-26 12:21:48,558 [INFO]   替換層 3 -> QuantModule_DiffAE_LoRA
2026-01-26 12:21:48,558 [INFO]   替換層 3 -> QuantModule_DiffAE_LoRA
2026-01-26 12:21:48,559 [INFO]   替換層 2 -> QuantModule_DiffAE_LoRA
2026-01-26 12:21:48,559 [INFO]   替換層 2 -> QuantModule_DiffAE_LoRA
2026-01-26 12:21:48,560 [INFO]   替換層 1 -> QuantModule_DiffAE_LoRA
2026-01-26 12:21:48,560 [INFO]   替換層 1 -> QuantModule_DiffAE_LoRA
2026-01-26 12:21:48,560 [INFO]   替換層 1 -> QuantModule_DiffAE_LoRA
2026-01-26 12:21:48,560 [INFO]   替換層 1 -> QuantModule_DiffAE_LoRA
2026-01-26 12:21:48,561 [INFO]   替換層 3 -> QuantModule_DiffAE_LoRA
2026-01-26 12:21:48,561 [INFO]   替換層 3 -> QuantModule_DiffAE_LoRA
2026-01-26 12:21:48,562 [INFO]   跳過量化 skip connection: skip_connection
2026-01-26 12:21:48,562 [INFO]   跳過量化 skip connection: skip_connection
2026-01-26 12:21:48,562 [INFO]   替換層 2 -> QuantModule_DiffAE_LoRA
2026-01-26 12:21:48,562 [INFO]   替換層 2 -> QuantModule_DiffAE_LoRA
2026-01-26 12:21:48,563 [INFO]   替換層 1 -> QuantModule_DiffAE_LoRA
2026-01-26 12:21:48,563 [INFO]   替換層 1 -> QuantModule_DiffAE_LoRA
2026-01-26 12:21:48,563 [INFO]   替換層 1 -> QuantModule_DiffAE_LoRA
2026-01-26 12:21:48,563 [INFO]   替換層 1 -> QuantModule_DiffAE_LoRA
2026-01-26 12:21:48,564 [INFO]   替換層 3 -> QuantModule_DiffAE_LoRA
2026-01-26 12:21:48,564 [INFO]   替換層 3 -> QuantModule_DiffAE_LoRA
2026-01-26 12:21:48,564 [INFO]   跳過量化 skip connection: skip_connection
2026-01-26 12:21:48,564 [INFO]   跳過量化 skip connection: skip_connection
2026-01-26 12:21:48,564 [INFO]   替換層 2 -> QuantModule_DiffAE_LoRA
2026-01-26 12:21:48,564 [INFO]   替換層 2 -> QuantModule_DiffAE_LoRA
2026-01-26 12:21:48,565 [INFO]   替換層 1 -> QuantModule_DiffAE_LoRA
2026-01-26 12:21:48,565 [INFO]   替換層 1 -> QuantModule_DiffAE_LoRA
2026-01-26 12:21:48,566 [INFO]   替換層 1 -> QuantModule_DiffAE_LoRA
2026-01-26 12:21:48,566 [INFO]   替換層 1 -> QuantModule_DiffAE_LoRA
2026-01-26 12:21:48,566 [INFO]   替換層 3 -> QuantModule_DiffAE_LoRA
2026-01-26 12:21:48,566 [INFO]   替換層 3 -> QuantModule_DiffAE_LoRA
2026-01-26 12:21:48,567 [INFO]   跳過量化 skip connection: skip_connection
2026-01-26 12:21:48,567 [INFO]   跳過量化 skip connection: skip_connection
2026-01-26 12:21:48,567 [INFO] 改造模組: out
2026-01-26 12:21:48,567 [INFO] 改造模組: out
2026-01-26 12:21:48,567 [INFO]   跳過量化特殊模組: 2
2026-01-26 12:21:48,567 [INFO]   跳過量化特殊模組: 2
2026-01-26 12:21:48,570 [INFO] 執行 'create_float_quantized_model' 完成，耗時: 0.62 秒
2026-01-26 12:21:48,570 [INFO] 執行 'create_float_quantized_model' 完成，耗時: 0.62 秒
2026-01-26 12:21:48,694 [INFO] 載入校準資料...
2026-01-26 12:21:48,694 [INFO] 載入校準資料...
2026-01-26 12:21:49,122 [INFO] ✅ 載入真實校準資料成功
2026-01-26 12:21:49,122 [INFO] ✅ 載入真實校準資料成功
2026-01-26 12:21:49,124 [INFO] ==================================================
2026-01-26 12:21:49,124 [INFO] ==================================================
2026-01-26 12:21:49,124 [INFO] 5. Setting first and last layers to 8-bit...
2026-01-26 12:21:49,124 [INFO] 5. Setting first and last layers to 8-bit...
2026-01-26 12:21:49,125 [INFO] 找到 144 個量化模組
2026-01-26 12:21:49,125 [INFO] 找到 144 個量化模組
2026-01-26 12:21:49,125 [INFO] ✅ 首尾層 8-bit 設定完成
2026-01-26 12:21:49,126 [INFO] ✅ 量化模型創建成功
2026-01-26 12:21:49,126 [INFO] set quant state to True, True for layer 1
2026-01-26 12:21:49,126 [INFO] set quant state to True, True for layer 2
2026-01-26 12:21:49,126 [INFO] set quant state to True, False for layer 3
2026-01-26 12:21:49,125 [INFO] ✅ 首尾層 8-bit 設定完成
2026-01-26 12:21:49,126 [INFO] ✅ 量化模型創建成功
2026-01-26 12:21:49,126 [INFO] set quant state to True, True for layer 1
2026-01-26 12:21:49,126 [INFO] set quant state to True, True for layer 2
2026-01-26 12:21:49,126 [INFO] set quant state to True, False for layer 3
2026-01-26 12:21:49,127 [INFO] set quant state to True, True for layer 144
2026-01-26 12:21:49,127 [INFO] set quant state to True, True for layer 144
2026-01-26 12:21:50,226 [INFO] ✅ 量化模型載入成功
2026-01-26 12:21:50,226 [INFO] === 初始化新功能模組 ===
2026-01-26 12:21:50,226 [INFO] ✅ 量化模型載入成功
2026-01-26 12:21:50,226 [INFO] === 初始化新功能模組 ===
local seed: 0
train data: 70001
val data: 70001
2026-01-26 12:21:50,251 [INFO] ✅ 基礎模型設定完成
2026-01-26 12:21:50,251 [INFO] ✅ 基礎模型設定完成
on train dataloader start ...
mean: tensor(-0.0606, device='cuda:0') std: tensor(0.0755, device='cuda:0')
2026-01-26 12:21:50,309 [INFO] ==================================================
2026-01-26 12:21:50,309 [INFO] 啟用 Similarity Analysis (L1/L2/Cosine)
2026-01-26 12:21:50,309 [INFO] FID 評估樣本數: 128
2026-01-26 12:21:50,309 [INFO] 實際收集樣本數: 20 (用於加速)
2026-01-26 12:21:50,309 [INFO] 擴散步數: 100
2026-01-26 12:21:50,309 [INFO] ==================================================
2026-01-26 12:21:50,309 [INFO] ==================================================
2026-01-26 12:21:50,309 [INFO] 啟用 Similarity Analysis (L1/L2/Cosine)
2026-01-26 12:21:50,309 [INFO] FID 評估樣本數: 128
2026-01-26 12:21:50,309 [INFO] 實際收集樣本數: 20 (用於加速)
2026-01-26 12:21:50,309 [INFO] 擴散步數: 100
2026-01-26 12:21:50,309 [INFO] ==================================================
2026-01-26 12:21:50,310 [INFO] [Similarity] 註冊 block hook: model.output_blocks.6
2026-01-26 12:21:50,310 [INFO] [Similarity] 註冊 block hook: model.output_blocks.6
2026-01-26 12:21:50,311 [INFO] [Similarity] 註冊 model step hook 完成
2026-01-26 12:21:50,311 [INFO] [Similarity] 註冊 model step hook 完成
generating images:   0%|          | 0/4 [00:00<?, ?it/s]/home/jimmy/diffae/./diffusion/base.py:329: FutureWarning: `torch.cuda.amp.autocast(args...)` is deprecated. Please use `torch.amp.autocast('cuda', args...)` instead.
  with autocast(self.conf.fp16):
2026-01-26 12:22:08,702 [INFO] [Similarity] Batch 0 完成，已收集 20 個樣本
2026-01-26 12:22:08,702 [INFO] [Similarity] Batch 0 完成，已收集 20 個樣本
generating images:  25%|██▌       | 1/4 [00:18<00:55, 18.66s/it]2026-01-26 12:22:27,117 [INFO] [Similarity] Batch 1 完成，已收集 20 個樣本
2026-01-26 12:22:27,117 [INFO] [Similarity] Batch 1 完成，已收集 20 個樣本
generating images:  50%|█████     | 2/4 [00:37<00:37, 18.58s/it]2026-01-26 12:22:45,651 [INFO] [Similarity] Batch 2 完成，已收集 20 個樣本
2026-01-26 12:22:45,651 [INFO] [Similarity] Batch 2 完成，已收集 20 個樣本
generating images:  75%|███████▌  | 3/4 [00:55<00:18, 18.55s/it]2026-01-26 12:23:01,679 [INFO] [Similarity] 已收集 80 个样本，停止数据收集（目标: 80）
2026-01-26 12:23:01,679 [INFO] [Similarity] 已收集 80 个样本，停止数据收集（目标: 80）
2026-01-26 12:23:04,179 [INFO] [Similarity] Batch 3 完成，已收集 20 個樣本
2026-01-26 12:23:04,179 [INFO] [Similarity] Batch 3 完成，已收集 20 個樣本
2026-01-26 12:23:04,486 [INFO] [Similarity] FID@128 100 steps score: 0
generating images: 100%|██████████| 4/4 [01:14<00:00, 18.52s/it]generating images: 100%|██████████| 4/4 [01:14<00:00, 18.54s/it]
2026-01-26 12:23:04,486 [INFO] [Similarity] FID@128 100 steps score: 0
2026-01-26 12:23:04,487 [INFO] [Similarity] model.output_blocks.6 cosine: min=0.387492, max=1.000000, diag_mean=1.000000, off_diag_mean=0.883500, off_diag_std=0.111927
2026-01-26 12:23:04,487 [INFO] [Similarity] model.output_blocks.6 cosine: min=0.387492, max=1.000000, diag_mean=1.000000, off_diag_mean=0.883500, off_diag_std=0.111927
2026-01-26 12:23:05,609 [INFO] ✅ Similarity Analysis 完成
2026-01-26 12:23:05,609 [INFO] ✅ Similarity Analysis 完成
2026-01-26 12:23:05,650 [INFO] 執行 'main_float_model' 完成，耗時: 80.61 秒
2026-01-26 12:23:05,650 [INFO] 執行 'main_float_model' 完成，耗時: 80.61 秒
/home/jimmy/anaconda3/envs/diffae_bw/lib/python3.10/site-packages/torchmetrics/utilities/imports.py:21: UserWarning: pkg_resources is deprecated as an API. See https://setuptools.pypa.io/en/latest/pkg_resources.html. The pkg_resources package is slated for removal as early as 2025-11-30. Refrain from using this package or pin to Setuptools<81.
  from pkg_resources import DistributionNotFound, get_distribution
使用自動混合精度: torch.bfloat16
[設定] Log 檔案已設為: QATcode/cache_method/L1_L2_cosine/logs/similarity_model_output_blocks_6.log
2026-03-20 19:28:24,400 [INFO] Using 100 steps
2026-03-20 19:28:24,400 [INFO] Using 100 steps
2026-03-20 19:28:24,400 [INFO] Using 50000 evaluation samples
2026-03-20 19:28:24,400 [INFO] Using 50000 evaluation samples
2026-03-20 19:28:24,400 [INFO] Cache enabled: False, method: Res, threshold: 0.1
2026-03-20 19:28:24,400 [INFO] Cache enabled: False, method: Res, threshold: 0.1
2026-03-20 19:28:24,400 [INFO] Quantitative analysis enabled: False, samples: 10
2026-03-20 19:28:24,400 [INFO] Quantitative analysis enabled: False, samples: 10
2026-03-20 19:28:24,400 [INFO] Log file: QATcode/cache_method/L1_L2_cosine/logs/similarity_model_output_blocks_6.log
2026-03-20 19:28:24,400 [INFO] Log file: QATcode/cache_method/L1_L2_cosine/logs/similarity_model_output_blocks_6.log
2026-03-20 19:28:24,400 [INFO] ==================================================
2026-03-20 19:28:24,400 [INFO] ==================================================
2026-03-20 19:28:24,400 [INFO] Diff-AE EfficientDM Step 7 : 生成圖片
2026-03-20 19:28:24,400 [INFO] Diff-AE EfficientDM Step 7 : 生成圖片
2026-03-20 19:28:24,400 [INFO] ==================================================
2026-03-20 19:28:24,400 [INFO] ==================================================
2026-03-20 19:28:24,400 [INFO] 使用設備: cuda
2026-03-20 19:28:24,400 [INFO] 使用設備: cuda
2026-03-20 19:28:24,400 [INFO] === 新功能狀態 ===
2026-03-20 19:28:24,400 [INFO] === 新功能狀態 ===
2026-03-20 19:28:24,401 [INFO] 載入 Diff-AE 模型: checkpoints/ffhq128_autoenc_latent/last.ckpt
2026-03-20 19:28:24,401 [INFO] 載入 Diff-AE 模型: checkpoints/ffhq128_autoenc_latent/last.ckpt
Global seed set to 0
2026-03-20 19:28:26,237 [INFO] Diff-AE 模型載入完成
2026-03-20 19:28:26,237 [INFO] Diff-AE 模型載入完成
2026-03-20 19:28:26,277 [INFO] 執行 'load_diffae_model' 完成，耗時: 1.88 秒
2026-03-20 19:28:26,277 [INFO] 執行 'load_diffae_model' 完成，耗時: 1.88 秒
2026-03-20 19:28:26,277 [INFO] ✅ Diff-AE 模型載入成功
2026-03-20 19:28:26,277 [INFO] ✅ Diff-AE 模型載入成功
2026-03-20 19:28:26,277 [INFO] base_model.conf.train_mode: TrainMode.latent_diffusion
2026-03-20 19:28:26,277 [INFO] base_model.conf.train_mode: TrainMode.latent_diffusion
2026-03-20 19:28:26,278 [INFO] === 創建 LoRA 量化模型 ===
2026-03-20 19:28:26,278 [INFO] === 創建 LoRA 量化模型 ===
2026-03-20 19:28:26,278 [INFO] === 開始 UNet LoRA 量化改造 ===
2026-03-20 19:28:26,278 [INFO] === 開始 UNet LoRA 量化改造 ===
2026-03-20 19:28:26,278 [INFO] 改造模組: time_embed
2026-03-20 19:28:26,278 [INFO] 改造模組: time_embed
2026-03-20 19:28:26,278 [INFO]   跳過量化特殊模組: 0
2026-03-20 19:28:26,278 [INFO]   跳過量化特殊模組: 0
2026-03-20 19:28:26,278 [INFO]   跳過量化特殊模組: 2
2026-03-20 19:28:26,278 [INFO]   跳過量化特殊模組: 2
2026-03-20 19:28:26,278 [INFO] 改造模組: input_blocks
2026-03-20 19:28:26,278 [INFO] 改造模組: input_blocks
2026-03-20 19:28:26,278 [INFO]   跳過量化特殊模組: 0
2026-03-20 19:28:26,278 [INFO]   跳過量化特殊模組: 0
2026-03-20 19:28:26,278 [INFO]   替換層 2 -> QuantModule_DiffAE_LoRA
2026-03-20 19:28:26,278 [INFO]   替換層 2 -> QuantModule_DiffAE_LoRA
2026-03-20 19:28:26,343 [INFO]   替換層 1 -> QuantModule_DiffAE_LoRA
2026-03-20 19:28:26,343 [INFO]   替換層 1 -> QuantModule_DiffAE_LoRA
2026-03-20 19:28:26,343 [INFO]   替換層 1 -> QuantModule_DiffAE_LoRA
2026-03-20 19:28:26,343 [INFO]   替換層 1 -> QuantModule_DiffAE_LoRA
2026-03-20 19:28:26,344 [INFO]   替換層 3 -> QuantModule_DiffAE_LoRA
2026-03-20 19:28:26,344 [INFO]   替換層 3 -> QuantModule_DiffAE_LoRA
2026-03-20 19:28:26,345 [INFO]   替換層 2 -> QuantModule_DiffAE_LoRA
2026-03-20 19:28:26,345 [INFO]   替換層 2 -> QuantModule_DiffAE_LoRA
2026-03-20 19:28:26,346 [INFO]   替換層 1 -> QuantModule_DiffAE_LoRA
2026-03-20 19:28:26,346 [INFO]   替換層 1 -> QuantModule_DiffAE_LoRA
2026-03-20 19:28:26,346 [INFO]   替換層 1 -> QuantModule_DiffAE_LoRA
2026-03-20 19:28:26,346 [INFO]   替換層 1 -> QuantModule_DiffAE_LoRA
2026-03-20 19:28:26,347 [INFO]   替換層 3 -> QuantModule_DiffAE_LoRA
2026-03-20 19:28:26,347 [INFO]   替換層 3 -> QuantModule_DiffAE_LoRA
2026-03-20 19:28:26,347 [INFO]   替換層 2 -> QuantModule_DiffAE_LoRA
2026-03-20 19:28:26,347 [INFO]   替換層 2 -> QuantModule_DiffAE_LoRA
2026-03-20 19:28:26,348 [INFO]   替換層 1 -> QuantModule_DiffAE_LoRA
2026-03-20 19:28:26,348 [INFO]   替換層 1 -> QuantModule_DiffAE_LoRA
2026-03-20 19:28:26,349 [INFO]   替換層 1 -> QuantModule_DiffAE_LoRA
2026-03-20 19:28:26,349 [INFO]   替換層 1 -> QuantModule_DiffAE_LoRA
2026-03-20 19:28:26,349 [INFO]   替換層 3 -> QuantModule_DiffAE_LoRA
2026-03-20 19:28:26,349 [INFO]   替換層 3 -> QuantModule_DiffAE_LoRA
2026-03-20 19:28:26,350 [INFO]   替換層 2 -> QuantModule_DiffAE_LoRA
2026-03-20 19:28:26,350 [INFO]   替換層 2 -> QuantModule_DiffAE_LoRA
2026-03-20 19:28:26,351 [INFO]   替換層 1 -> QuantModule_DiffAE_LoRA
2026-03-20 19:28:26,351 [INFO]   替換層 1 -> QuantModule_DiffAE_LoRA
2026-03-20 19:28:26,352 [INFO]   替換層 1 -> QuantModule_DiffAE_LoRA
2026-03-20 19:28:26,352 [INFO]   替換層 1 -> QuantModule_DiffAE_LoRA
2026-03-20 19:28:26,352 [INFO]   替換層 3 -> QuantModule_DiffAE_LoRA
2026-03-20 19:28:26,352 [INFO]   替換層 3 -> QuantModule_DiffAE_LoRA
2026-03-20 19:28:26,353 [INFO]   替換層 2 -> QuantModule_DiffAE_LoRA
2026-03-20 19:28:26,353 [INFO]   替換層 2 -> QuantModule_DiffAE_LoRA
2026-03-20 19:28:26,354 [INFO]   替換層 1 -> QuantModule_DiffAE_LoRA
2026-03-20 19:28:26,354 [INFO]   替換層 1 -> QuantModule_DiffAE_LoRA
2026-03-20 19:28:26,354 [INFO]   替換層 1 -> QuantModule_DiffAE_LoRA
2026-03-20 19:28:26,354 [INFO]   替換層 1 -> QuantModule_DiffAE_LoRA
2026-03-20 19:28:26,355 [INFO]   替換層 3 -> QuantModule_DiffAE_LoRA
2026-03-20 19:28:26,355 [INFO]   替換層 3 -> QuantModule_DiffAE_LoRA
2026-03-20 19:28:26,356 [INFO]   替換層 2 -> QuantModule_DiffAE_LoRA
2026-03-20 19:28:26,356 [INFO]   替換層 2 -> QuantModule_DiffAE_LoRA
2026-03-20 19:28:26,357 [INFO]   替換層 1 -> QuantModule_DiffAE_LoRA
2026-03-20 19:28:26,357 [INFO]   替換層 1 -> QuantModule_DiffAE_LoRA
2026-03-20 19:28:26,357 [INFO]   替換層 1 -> QuantModule_DiffAE_LoRA
2026-03-20 19:28:26,357 [INFO]   替換層 1 -> QuantModule_DiffAE_LoRA
2026-03-20 19:28:26,358 [INFO]   替換層 3 -> QuantModule_DiffAE_LoRA
2026-03-20 19:28:26,358 [INFO]   替換層 3 -> QuantModule_DiffAE_LoRA
2026-03-20 19:28:26,359 [INFO]   替換層 2 -> QuantModule_DiffAE_LoRA
2026-03-20 19:28:26,359 [INFO]   替換層 2 -> QuantModule_DiffAE_LoRA
2026-03-20 19:28:26,360 [INFO]   替換層 1 -> QuantModule_DiffAE_LoRA
2026-03-20 19:28:26,360 [INFO]   替換層 1 -> QuantModule_DiffAE_LoRA
2026-03-20 19:28:26,361 [INFO]   替換層 1 -> QuantModule_DiffAE_LoRA
2026-03-20 19:28:26,361 [INFO]   替換層 1 -> QuantModule_DiffAE_LoRA
2026-03-20 19:28:26,362 [INFO]   替換層 3 -> QuantModule_DiffAE_LoRA
2026-03-20 19:28:26,362 [INFO]   替換層 3 -> QuantModule_DiffAE_LoRA
2026-03-20 19:28:26,364 [INFO]   跳過量化 skip connection: skip_connection
2026-03-20 19:28:26,364 [INFO]   跳過量化 skip connection: skip_connection
2026-03-20 19:28:26,364 [INFO]   替換層 2 -> QuantModule_DiffAE_LoRA
2026-03-20 19:28:26,364 [INFO]   替換層 2 -> QuantModule_DiffAE_LoRA
2026-03-20 19:28:26,367 [INFO]   替換層 1 -> QuantModule_DiffAE_LoRA
2026-03-20 19:28:26,367 [INFO]   替換層 1 -> QuantModule_DiffAE_LoRA
2026-03-20 19:28:26,368 [INFO]   替換層 1 -> QuantModule_DiffAE_LoRA
2026-03-20 19:28:26,368 [INFO]   替換層 1 -> QuantModule_DiffAE_LoRA
2026-03-20 19:28:26,368 [INFO]   替換層 3 -> QuantModule_DiffAE_LoRA
2026-03-20 19:28:26,368 [INFO]   替換層 3 -> QuantModule_DiffAE_LoRA
2026-03-20 19:28:26,371 [INFO]   替換層 2 -> QuantModule_DiffAE_LoRA
2026-03-20 19:28:26,371 [INFO]   替換層 2 -> QuantModule_DiffAE_LoRA
2026-03-20 19:28:26,373 [INFO]   替換層 1 -> QuantModule_DiffAE_LoRA
2026-03-20 19:28:26,373 [INFO]   替換層 1 -> QuantModule_DiffAE_LoRA
2026-03-20 19:28:26,375 [INFO]   替換層 1 -> QuantModule_DiffAE_LoRA
2026-03-20 19:28:26,375 [INFO]   替換層 1 -> QuantModule_DiffAE_LoRA
2026-03-20 19:28:26,375 [INFO]   替換層 3 -> QuantModule_DiffAE_LoRA
2026-03-20 19:28:26,375 [INFO]   替換層 3 -> QuantModule_DiffAE_LoRA
2026-03-20 19:28:26,378 [INFO]   替換層 2 -> QuantModule_DiffAE_LoRA
2026-03-20 19:28:26,378 [INFO]   替換層 2 -> QuantModule_DiffAE_LoRA
2026-03-20 19:28:26,381 [INFO]   替換層 1 -> QuantModule_DiffAE_LoRA
2026-03-20 19:28:26,381 [INFO]   替換層 1 -> QuantModule_DiffAE_LoRA
2026-03-20 19:28:26,383 [INFO]   替換層 1 -> QuantModule_DiffAE_LoRA
2026-03-20 19:28:26,383 [INFO]   替換層 1 -> QuantModule_DiffAE_LoRA
2026-03-20 19:28:26,384 [INFO]   替換層 3 -> QuantModule_DiffAE_LoRA
2026-03-20 19:28:26,384 [INFO]   替換層 3 -> QuantModule_DiffAE_LoRA
2026-03-20 19:28:26,389 [INFO]   跳過量化 skip connection: skip_connection
2026-03-20 19:28:26,389 [INFO]   跳過量化 skip connection: skip_connection
2026-03-20 19:28:26,389 [INFO]   替換層 2 -> QuantModule_DiffAE_LoRA
2026-03-20 19:28:26,389 [INFO]   替換層 2 -> QuantModule_DiffAE_LoRA
2026-03-20 19:28:26,394 [INFO]   替換層 1 -> QuantModule_DiffAE_LoRA
2026-03-20 19:28:26,394 [INFO]   替換層 1 -> QuantModule_DiffAE_LoRA
2026-03-20 19:28:26,396 [INFO]   替換層 1 -> QuantModule_DiffAE_LoRA
2026-03-20 19:28:26,396 [INFO]   替換層 1 -> QuantModule_DiffAE_LoRA
2026-03-20 19:28:26,396 [INFO]   替換層 3 -> QuantModule_DiffAE_LoRA
2026-03-20 19:28:26,396 [INFO]   替換層 3 -> QuantModule_DiffAE_LoRA
2026-03-20 19:28:26,402 [INFO]   替換層 2 -> QuantModule_DiffAE_LoRA
2026-03-20 19:28:26,402 [INFO]   替換層 2 -> QuantModule_DiffAE_LoRA
2026-03-20 19:28:26,407 [INFO]   替換層 1 -> QuantModule_DiffAE_LoRA
2026-03-20 19:28:26,407 [INFO]   替換層 1 -> QuantModule_DiffAE_LoRA
2026-03-20 19:28:26,410 [INFO]   替換層 1 -> QuantModule_DiffAE_LoRA
2026-03-20 19:28:26,410 [INFO]   替換層 1 -> QuantModule_DiffAE_LoRA
2026-03-20 19:28:26,411 [INFO]   替換層 3 -> QuantModule_DiffAE_LoRA
2026-03-20 19:28:26,411 [INFO]   替換層 3 -> QuantModule_DiffAE_LoRA
2026-03-20 19:28:26,416 [INFO]   替換層 2 -> QuantModule_DiffAE_LoRA
2026-03-20 19:28:26,416 [INFO]   替換層 2 -> QuantModule_DiffAE_LoRA
2026-03-20 19:28:26,421 [INFO]   替換層 1 -> QuantModule_DiffAE_LoRA
2026-03-20 19:28:26,421 [INFO]   替換層 1 -> QuantModule_DiffAE_LoRA
2026-03-20 19:28:26,423 [INFO]   替換層 1 -> QuantModule_DiffAE_LoRA
2026-03-20 19:28:26,423 [INFO]   替換層 1 -> QuantModule_DiffAE_LoRA
2026-03-20 19:28:26,424 [INFO]   替換層 3 -> QuantModule_DiffAE_LoRA
2026-03-20 19:28:26,424 [INFO]   替換層 3 -> QuantModule_DiffAE_LoRA
2026-03-20 19:28:26,431 [INFO]   跳過量化 skip connection: skip_connection
2026-03-20 19:28:26,431 [INFO]   跳過量化 skip connection: skip_connection
2026-03-20 19:28:26,431 [INFO]   替換層 2 -> QuantModule_DiffAE_LoRA
2026-03-20 19:28:26,431 [INFO]   替換層 2 -> QuantModule_DiffAE_LoRA
2026-03-20 19:28:26,441 [INFO]   替換層 1 -> QuantModule_DiffAE_LoRA
2026-03-20 19:28:26,441 [INFO]   替換層 1 -> QuantModule_DiffAE_LoRA
2026-03-20 19:28:26,443 [INFO]   替換層 1 -> QuantModule_DiffAE_LoRA
2026-03-20 19:28:26,443 [INFO]   替換層 1 -> QuantModule_DiffAE_LoRA
2026-03-20 19:28:26,445 [INFO]   替換層 3 -> QuantModule_DiffAE_LoRA
2026-03-20 19:28:26,445 [INFO]   替換層 3 -> QuantModule_DiffAE_LoRA
2026-03-20 19:28:26,455 [INFO] 改造模組: middle_block
2026-03-20 19:28:26,455 [INFO] 改造模組: middle_block
2026-03-20 19:28:26,455 [INFO]   替換層 2 -> QuantModule_DiffAE_LoRA
2026-03-20 19:28:26,455 [INFO]   替換層 2 -> QuantModule_DiffAE_LoRA
2026-03-20 19:28:26,462 [INFO]   替換層 1 -> QuantModule_DiffAE_LoRA
2026-03-20 19:28:26,462 [INFO]   替換層 1 -> QuantModule_DiffAE_LoRA
2026-03-20 19:28:26,464 [INFO]   替換層 1 -> QuantModule_DiffAE_LoRA
2026-03-20 19:28:26,464 [INFO]   替換層 1 -> QuantModule_DiffAE_LoRA
2026-03-20 19:28:26,465 [INFO]   替換層 3 -> QuantModule_DiffAE_LoRA
2026-03-20 19:28:26,465 [INFO]   替換層 3 -> QuantModule_DiffAE_LoRA
2026-03-20 19:28:26,472 [INFO]   替換層 2 -> QuantModule_DiffAE_LoRA
2026-03-20 19:28:26,472 [INFO]   替換層 2 -> QuantModule_DiffAE_LoRA
2026-03-20 19:28:26,479 [INFO]   替換層 1 -> QuantModule_DiffAE_LoRA
2026-03-20 19:28:26,479 [INFO]   替換層 1 -> QuantModule_DiffAE_LoRA
2026-03-20 19:28:26,481 [INFO]   替換層 1 -> QuantModule_DiffAE_LoRA
2026-03-20 19:28:26,481 [INFO]   替換層 1 -> QuantModule_DiffAE_LoRA
2026-03-20 19:28:26,482 [INFO]   替換層 3 -> QuantModule_DiffAE_LoRA
2026-03-20 19:28:26,482 [INFO]   替換層 3 -> QuantModule_DiffAE_LoRA
2026-03-20 19:28:26,490 [INFO] 改造模組: output_blocks
2026-03-20 19:28:26,490 [INFO] 改造模組: output_blocks
2026-03-20 19:28:26,490 [INFO]   替換層 2 -> QuantModule_DiffAE_LoRA
2026-03-20 19:28:26,490 [INFO]   替換層 2 -> QuantModule_DiffAE_LoRA
2026-03-20 19:28:26,506 [INFO]   替換層 1 -> QuantModule_DiffAE_LoRA
2026-03-20 19:28:26,506 [INFO]   替換層 1 -> QuantModule_DiffAE_LoRA
2026-03-20 19:28:26,509 [INFO]   替換層 1 -> QuantModule_DiffAE_LoRA
2026-03-20 19:28:26,509 [INFO]   替換層 1 -> QuantModule_DiffAE_LoRA
2026-03-20 19:28:26,510 [INFO]   替換層 3 -> QuantModule_DiffAE_LoRA
2026-03-20 19:28:26,510 [INFO]   替換層 3 -> QuantModule_DiffAE_LoRA
2026-03-20 19:28:26,521 [INFO]   跳過量化 skip connection: skip_connection
2026-03-20 19:28:26,521 [INFO]   跳過量化 skip connection: skip_connection
2026-03-20 19:28:26,521 [INFO]   替換層 2 -> QuantModule_DiffAE_LoRA
2026-03-20 19:28:26,521 [INFO]   替換層 2 -> QuantModule_DiffAE_LoRA
2026-03-20 19:28:26,539 [INFO]   替換層 1 -> QuantModule_DiffAE_LoRA
2026-03-20 19:28:26,539 [INFO]   替換層 1 -> QuantModule_DiffAE_LoRA
2026-03-20 19:28:26,540 [INFO]   替換層 1 -> QuantModule_DiffAE_LoRA
2026-03-20 19:28:26,540 [INFO]   替換層 1 -> QuantModule_DiffAE_LoRA
2026-03-20 19:28:26,542 [INFO]   替換層 3 -> QuantModule_DiffAE_LoRA
2026-03-20 19:28:26,542 [INFO]   替換層 3 -> QuantModule_DiffAE_LoRA
2026-03-20 19:28:26,550 [INFO]   跳過量化 skip connection: skip_connection
2026-03-20 19:28:26,550 [INFO]   跳過量化 skip connection: skip_connection
2026-03-20 19:28:26,550 [INFO]   替換層 2 -> QuantModule_DiffAE_LoRA
2026-03-20 19:28:26,550 [INFO]   替換層 2 -> QuantModule_DiffAE_LoRA
2026-03-20 19:28:26,565 [INFO]   替換層 1 -> QuantModule_DiffAE_LoRA
2026-03-20 19:28:26,565 [INFO]   替換層 1 -> QuantModule_DiffAE_LoRA
2026-03-20 19:28:26,567 [INFO]   替換層 1 -> QuantModule_DiffAE_LoRA
2026-03-20 19:28:26,567 [INFO]   替換層 1 -> QuantModule_DiffAE_LoRA
2026-03-20 19:28:26,568 [INFO]   替換層 3 -> QuantModule_DiffAE_LoRA
2026-03-20 19:28:26,568 [INFO]   替換層 3 -> QuantModule_DiffAE_LoRA
2026-03-20 19:28:26,577 [INFO]   跳過量化 skip connection: skip_connection
2026-03-20 19:28:26,577 [INFO]   跳過量化 skip connection: skip_connection
2026-03-20 19:28:26,577 [INFO]   替換層 2 -> QuantModule_DiffAE_LoRA
2026-03-20 19:28:26,577 [INFO]   替換層 2 -> QuantModule_DiffAE_LoRA
2026-03-20 19:28:26,584 [INFO]   替換層 1 -> QuantModule_DiffAE_LoRA
2026-03-20 19:28:26,584 [INFO]   替換層 1 -> QuantModule_DiffAE_LoRA
2026-03-20 19:28:26,587 [INFO]   替換層 1 -> QuantModule_DiffAE_LoRA
2026-03-20 19:28:26,587 [INFO]   替換層 1 -> QuantModule_DiffAE_LoRA
2026-03-20 19:28:26,589 [INFO]   替換層 3 -> QuantModule_DiffAE_LoRA
2026-03-20 19:28:26,589 [INFO]   替換層 3 -> QuantModule_DiffAE_LoRA
2026-03-20 19:28:26,601 [INFO]   替換層 2 -> QuantModule_DiffAE_LoRA
2026-03-20 19:28:26,601 [INFO]   替換層 2 -> QuantModule_DiffAE_LoRA
2026-03-20 19:28:26,610 [INFO]   替換層 1 -> QuantModule_DiffAE_LoRA
2026-03-20 19:28:26,610 [INFO]   替換層 1 -> QuantModule_DiffAE_LoRA
2026-03-20 19:28:26,612 [INFO]   替換層 1 -> QuantModule_DiffAE_LoRA
2026-03-20 19:28:26,612 [INFO]   替換層 1 -> QuantModule_DiffAE_LoRA
2026-03-20 19:28:26,613 [INFO]   替換層 3 -> QuantModule_DiffAE_LoRA
2026-03-20 19:28:26,613 [INFO]   替換層 3 -> QuantModule_DiffAE_LoRA
2026-03-20 19:28:26,618 [INFO]   跳過量化 skip connection: skip_connection
2026-03-20 19:28:26,618 [INFO]   跳過量化 skip connection: skip_connection
2026-03-20 19:28:26,618 [INFO]   替換層 2 -> QuantModule_DiffAE_LoRA
2026-03-20 19:28:26,618 [INFO]   替換層 2 -> QuantModule_DiffAE_LoRA
2026-03-20 19:28:26,626 [INFO]   替換層 1 -> QuantModule_DiffAE_LoRA
2026-03-20 19:28:26,626 [INFO]   替換層 1 -> QuantModule_DiffAE_LoRA
2026-03-20 19:28:26,628 [INFO]   替換層 1 -> QuantModule_DiffAE_LoRA
2026-03-20 19:28:26,628 [INFO]   替換層 1 -> QuantModule_DiffAE_LoRA
2026-03-20 19:28:26,629 [INFO]   替換層 3 -> QuantModule_DiffAE_LoRA
2026-03-20 19:28:26,629 [INFO]   替換層 3 -> QuantModule_DiffAE_LoRA
2026-03-20 19:28:26,634 [INFO]   跳過量化 skip connection: skip_connection
2026-03-20 19:28:26,634 [INFO]   跳過量化 skip connection: skip_connection
2026-03-20 19:28:26,634 [INFO]   替換層 2 -> QuantModule_DiffAE_LoRA
2026-03-20 19:28:26,634 [INFO]   替換層 2 -> QuantModule_DiffAE_LoRA
2026-03-20 19:28:26,643 [INFO]   替換層 1 -> QuantModule_DiffAE_LoRA
2026-03-20 19:28:26,643 [INFO]   替換層 1 -> QuantModule_DiffAE_LoRA
2026-03-20 19:28:26,645 [INFO]   替換層 1 -> QuantModule_DiffAE_LoRA
2026-03-20 19:28:26,645 [INFO]   替換層 1 -> QuantModule_DiffAE_LoRA
2026-03-20 19:28:26,646 [INFO]   替換層 3 -> QuantModule_DiffAE_LoRA
2026-03-20 19:28:26,646 [INFO]   替換層 3 -> QuantModule_DiffAE_LoRA
2026-03-20 19:28:26,651 [INFO]   跳過量化 skip connection: skip_connection
2026-03-20 19:28:26,651 [INFO]   跳過量化 skip connection: skip_connection
2026-03-20 19:28:26,651 [INFO]   替換層 2 -> QuantModule_DiffAE_LoRA
2026-03-20 19:28:26,651 [INFO]   替換層 2 -> QuantModule_DiffAE_LoRA
2026-03-20 19:28:26,655 [INFO]   替換層 1 -> QuantModule_DiffAE_LoRA
2026-03-20 19:28:26,655 [INFO]   替換層 1 -> QuantModule_DiffAE_LoRA
2026-03-20 19:28:26,657 [INFO]   替換層 1 -> QuantModule_DiffAE_LoRA
2026-03-20 19:28:26,657 [INFO]   替換層 1 -> QuantModule_DiffAE_LoRA
2026-03-20 19:28:26,658 [INFO]   替換層 3 -> QuantModule_DiffAE_LoRA
2026-03-20 19:28:26,658 [INFO]   替換層 3 -> QuantModule_DiffAE_LoRA
2026-03-20 19:28:26,662 [INFO]   替換層 2 -> QuantModule_DiffAE_LoRA
2026-03-20 19:28:26,662 [INFO]   替換層 2 -> QuantModule_DiffAE_LoRA
2026-03-20 19:28:26,667 [INFO]   替換層 1 -> QuantModule_DiffAE_LoRA
2026-03-20 19:28:26,667 [INFO]   替換層 1 -> QuantModule_DiffAE_LoRA
2026-03-20 19:28:26,668 [INFO]   替換層 1 -> QuantModule_DiffAE_LoRA
2026-03-20 19:28:26,668 [INFO]   替換層 1 -> QuantModule_DiffAE_LoRA
2026-03-20 19:28:26,669 [INFO]   替換層 3 -> QuantModule_DiffAE_LoRA
2026-03-20 19:28:26,669 [INFO]   替換層 3 -> QuantModule_DiffAE_LoRA
2026-03-20 19:28:26,671 [INFO]   跳過量化 skip connection: skip_connection
2026-03-20 19:28:26,671 [INFO]   跳過量化 skip connection: skip_connection
2026-03-20 19:28:26,671 [INFO]   替換層 2 -> QuantModule_DiffAE_LoRA
2026-03-20 19:28:26,671 [INFO]   替換層 2 -> QuantModule_DiffAE_LoRA
2026-03-20 19:28:26,676 [INFO]   替換層 1 -> QuantModule_DiffAE_LoRA
2026-03-20 19:28:26,676 [INFO]   替換層 1 -> QuantModule_DiffAE_LoRA
2026-03-20 19:28:26,677 [INFO]   替換層 1 -> QuantModule_DiffAE_LoRA
2026-03-20 19:28:26,677 [INFO]   替換層 1 -> QuantModule_DiffAE_LoRA
2026-03-20 19:28:26,678 [INFO]   替換層 3 -> QuantModule_DiffAE_LoRA
2026-03-20 19:28:26,678 [INFO]   替換層 3 -> QuantModule_DiffAE_LoRA
2026-03-20 19:28:26,681 [INFO]   跳過量化 skip connection: skip_connection
2026-03-20 19:28:26,681 [INFO]   跳過量化 skip connection: skip_connection
2026-03-20 19:28:26,681 [INFO]   替換層 2 -> QuantModule_DiffAE_LoRA
2026-03-20 19:28:26,681 [INFO]   替換層 2 -> QuantModule_DiffAE_LoRA
2026-03-20 19:28:26,685 [INFO]   替換層 1 -> QuantModule_DiffAE_LoRA
2026-03-20 19:28:26,685 [INFO]   替換層 1 -> QuantModule_DiffAE_LoRA
2026-03-20 19:28:26,687 [INFO]   替換層 1 -> QuantModule_DiffAE_LoRA
2026-03-20 19:28:26,687 [INFO]   替換層 1 -> QuantModule_DiffAE_LoRA
2026-03-20 19:28:26,687 [INFO]   替換層 3 -> QuantModule_DiffAE_LoRA
2026-03-20 19:28:26,687 [INFO]   替換層 3 -> QuantModule_DiffAE_LoRA
2026-03-20 19:28:26,690 [INFO]   跳過量化 skip connection: skip_connection
2026-03-20 19:28:26,690 [INFO]   跳過量化 skip connection: skip_connection
2026-03-20 19:28:26,691 [INFO]   替換層 2 -> QuantModule_DiffAE_LoRA
2026-03-20 19:28:26,691 [INFO]   替換層 2 -> QuantModule_DiffAE_LoRA
2026-03-20 19:28:26,692 [INFO]   替換層 1 -> QuantModule_DiffAE_LoRA
2026-03-20 19:28:26,692 [INFO]   替換層 1 -> QuantModule_DiffAE_LoRA
2026-03-20 19:28:26,693 [INFO]   替換層 1 -> QuantModule_DiffAE_LoRA
2026-03-20 19:28:26,693 [INFO]   替換層 1 -> QuantModule_DiffAE_LoRA
2026-03-20 19:28:26,694 [INFO]   替換層 3 -> QuantModule_DiffAE_LoRA
2026-03-20 19:28:26,694 [INFO]   替換層 3 -> QuantModule_DiffAE_LoRA
2026-03-20 19:28:26,696 [INFO]   替換層 2 -> QuantModule_DiffAE_LoRA
2026-03-20 19:28:26,696 [INFO]   替換層 2 -> QuantModule_DiffAE_LoRA
2026-03-20 19:28:26,698 [INFO]   替換層 1 -> QuantModule_DiffAE_LoRA
2026-03-20 19:28:26,698 [INFO]   替換層 1 -> QuantModule_DiffAE_LoRA
2026-03-20 19:28:26,699 [INFO]   替換層 1 -> QuantModule_DiffAE_LoRA
2026-03-20 19:28:26,699 [INFO]   替換層 1 -> QuantModule_DiffAE_LoRA
2026-03-20 19:28:26,700 [INFO]   替換層 3 -> QuantModule_DiffAE_LoRA
2026-03-20 19:28:26,700 [INFO]   替換層 3 -> QuantModule_DiffAE_LoRA
2026-03-20 19:28:26,700 [INFO]   跳過量化 skip connection: skip_connection
2026-03-20 19:28:26,700 [INFO]   跳過量化 skip connection: skip_connection
2026-03-20 19:28:26,700 [INFO]   替換層 2 -> QuantModule_DiffAE_LoRA
2026-03-20 19:28:26,700 [INFO]   替換層 2 -> QuantModule_DiffAE_LoRA
2026-03-20 19:28:26,702 [INFO]   替換層 1 -> QuantModule_DiffAE_LoRA
2026-03-20 19:28:26,702 [INFO]   替換層 1 -> QuantModule_DiffAE_LoRA
2026-03-20 19:28:26,702 [INFO]   替換層 1 -> QuantModule_DiffAE_LoRA
2026-03-20 19:28:26,702 [INFO]   替換層 1 -> QuantModule_DiffAE_LoRA
2026-03-20 19:28:26,703 [INFO]   替換層 3 -> QuantModule_DiffAE_LoRA
2026-03-20 19:28:26,703 [INFO]   替換層 3 -> QuantModule_DiffAE_LoRA
2026-03-20 19:28:26,703 [INFO]   跳過量化 skip connection: skip_connection
2026-03-20 19:28:26,703 [INFO]   跳過量化 skip connection: skip_connection
2026-03-20 19:28:26,703 [INFO]   替換層 2 -> QuantModule_DiffAE_LoRA
2026-03-20 19:28:26,703 [INFO]   替換層 2 -> QuantModule_DiffAE_LoRA
2026-03-20 19:28:26,705 [INFO]   替換層 1 -> QuantModule_DiffAE_LoRA
2026-03-20 19:28:26,705 [INFO]   替換層 1 -> QuantModule_DiffAE_LoRA
2026-03-20 19:28:26,705 [INFO]   替換層 1 -> QuantModule_DiffAE_LoRA
2026-03-20 19:28:26,705 [INFO]   替換層 1 -> QuantModule_DiffAE_LoRA
2026-03-20 19:28:26,706 [INFO]   替換層 3 -> QuantModule_DiffAE_LoRA
2026-03-20 19:28:26,706 [INFO]   替換層 3 -> QuantModule_DiffAE_LoRA
2026-03-20 19:28:26,707 [INFO]   跳過量化 skip connection: skip_connection
2026-03-20 19:28:26,707 [INFO]   跳過量化 skip connection: skip_connection
2026-03-20 19:28:26,707 [INFO]   替換層 2 -> QuantModule_DiffAE_LoRA
2026-03-20 19:28:26,707 [INFO]   替換層 2 -> QuantModule_DiffAE_LoRA
2026-03-20 19:28:26,707 [INFO]   替換層 1 -> QuantModule_DiffAE_LoRA
2026-03-20 19:28:26,707 [INFO]   替換層 1 -> QuantModule_DiffAE_LoRA
2026-03-20 19:28:26,708 [INFO]   替換層 1 -> QuantModule_DiffAE_LoRA
2026-03-20 19:28:26,708 [INFO]   替換層 1 -> QuantModule_DiffAE_LoRA
2026-03-20 19:28:26,708 [INFO]   替換層 3 -> QuantModule_DiffAE_LoRA
2026-03-20 19:28:26,708 [INFO]   替換層 3 -> QuantModule_DiffAE_LoRA
2026-03-20 19:28:26,709 [INFO]   替換層 2 -> QuantModule_DiffAE_LoRA
2026-03-20 19:28:26,709 [INFO]   替換層 2 -> QuantModule_DiffAE_LoRA
2026-03-20 19:28:26,711 [INFO]   替換層 1 -> QuantModule_DiffAE_LoRA
2026-03-20 19:28:26,711 [INFO]   替換層 1 -> QuantModule_DiffAE_LoRA
2026-03-20 19:28:26,711 [INFO]   替換層 1 -> QuantModule_DiffAE_LoRA
2026-03-20 19:28:26,711 [INFO]   替換層 1 -> QuantModule_DiffAE_LoRA
2026-03-20 19:28:26,712 [INFO]   替換層 3 -> QuantModule_DiffAE_LoRA
2026-03-20 19:28:26,712 [INFO]   替換層 3 -> QuantModule_DiffAE_LoRA
2026-03-20 19:28:26,712 [INFO]   跳過量化 skip connection: skip_connection
2026-03-20 19:28:26,712 [INFO]   跳過量化 skip connection: skip_connection
2026-03-20 19:28:26,712 [INFO]   替換層 2 -> QuantModule_DiffAE_LoRA
2026-03-20 19:28:26,712 [INFO]   替換層 2 -> QuantModule_DiffAE_LoRA
2026-03-20 19:28:26,714 [INFO]   替換層 1 -> QuantModule_DiffAE_LoRA
2026-03-20 19:28:26,714 [INFO]   替換層 1 -> QuantModule_DiffAE_LoRA
2026-03-20 19:28:26,714 [INFO]   替換層 1 -> QuantModule_DiffAE_LoRA
2026-03-20 19:28:26,714 [INFO]   替換層 1 -> QuantModule_DiffAE_LoRA
2026-03-20 19:28:26,715 [INFO]   替換層 3 -> QuantModule_DiffAE_LoRA
2026-03-20 19:28:26,715 [INFO]   替換層 3 -> QuantModule_DiffAE_LoRA
2026-03-20 19:28:26,716 [INFO]   跳過量化 skip connection: skip_connection
2026-03-20 19:28:26,716 [INFO]   跳過量化 skip connection: skip_connection
2026-03-20 19:28:26,716 [INFO]   替換層 2 -> QuantModule_DiffAE_LoRA
2026-03-20 19:28:26,716 [INFO]   替換層 2 -> QuantModule_DiffAE_LoRA
2026-03-20 19:28:26,717 [INFO]   替換層 1 -> QuantModule_DiffAE_LoRA
2026-03-20 19:28:26,717 [INFO]   替換層 1 -> QuantModule_DiffAE_LoRA
2026-03-20 19:28:26,718 [INFO]   替換層 1 -> QuantModule_DiffAE_LoRA
2026-03-20 19:28:26,718 [INFO]   替換層 1 -> QuantModule_DiffAE_LoRA
2026-03-20 19:28:26,718 [INFO]   替換層 3 -> QuantModule_DiffAE_LoRA
2026-03-20 19:28:26,718 [INFO]   替換層 3 -> QuantModule_DiffAE_LoRA
2026-03-20 19:28:26,719 [INFO]   跳過量化 skip connection: skip_connection
2026-03-20 19:28:26,719 [INFO]   跳過量化 skip connection: skip_connection
2026-03-20 19:28:26,719 [INFO] 改造模組: out
2026-03-20 19:28:26,719 [INFO] 改造模組: out
2026-03-20 19:28:26,719 [INFO]   跳過量化特殊模組: 2
2026-03-20 19:28:26,719 [INFO]   跳過量化特殊模組: 2
2026-03-20 19:28:26,723 [INFO] 執行 'create_float_quantized_model' 完成，耗時: 0.45 秒
2026-03-20 19:28:26,723 [INFO] 執行 'create_float_quantized_model' 完成，耗時: 0.45 秒
2026-03-20 19:28:26,811 [INFO] 載入校準資料...
2026-03-20 19:28:26,811 [INFO] 載入校準資料...
2026-03-20 19:28:27,035 [INFO] ✅ 載入真實校準資料成功
2026-03-20 19:28:27,035 [INFO] ✅ 載入真實校準資料成功
2026-03-20 19:28:27,037 [INFO] ==================================================
2026-03-20 19:28:27,037 [INFO] ==================================================
2026-03-20 19:28:27,037 [INFO] 5. Setting first and last layers to 8-bit...
2026-03-20 19:28:27,037 [INFO] 5. Setting first and last layers to 8-bit...
2026-03-20 19:28:27,039 [INFO] 找到 144 個量化模組
2026-03-20 19:28:27,039 [INFO] 找到 144 個量化模組
2026-03-20 19:28:27,039 [INFO] ✅ 首尾層 8-bit 設定完成
2026-03-20 19:28:27,039 [INFO] ✅ 首尾層 8-bit 設定完成
2026-03-20 19:28:27,039 [INFO] ✅ 量化模型創建成功
2026-03-20 19:28:27,039 [INFO] ✅ 量化模型創建成功
2026-03-20 19:28:27,039 [INFO] set quant state to True, True for layer 1
2026-03-20 19:28:27,039 [INFO] set quant state to True, True for layer 1
2026-03-20 19:28:27,039 [INFO] set quant state to True, True for layer 2
2026-03-20 19:28:27,039 [INFO] set quant state to True, True for layer 2
2026-03-20 19:28:27,040 [INFO] set quant state to True, False for layer 3
2026-03-20 19:28:27,040 [INFO] set quant state to True, False for layer 3
2026-03-20 19:28:27,041 [INFO] set quant state to True, True for layer 144
2026-03-20 19:28:27,041 [INFO] set quant state to True, True for layer 144
2026-03-20 19:28:27,995 [INFO] EMA(load from ema_model.model.*): provided=1822 effective_loaded=1822 missing=280 unexpected=0
2026-03-20 19:28:27,995 [INFO] EMA(load from ema_model.model.*): provided=1822 effective_loaded=1822 missing=280 unexpected=0
2026-03-20 19:28:27,995 [WARNING] EMA missing keys (前10): ['model.input_blocks.1.0.in_layers.2.intn_dequantizer.delta', 'model.input_blocks.1.0.in_layers.2.intn_dequantizer.zero_point', 'model.input_blocks.1.0.emb_layers.1.intn_dequantizer.delta', 'model.input_blocks.1.0.emb_layers.1.intn_dequantizer.zero_point', 'model.input_blocks.1.0.cond_emb_layers.1.intn_dequantizer.delta', 'model.input_blocks.1.0.cond_emb_layers.1.intn_dequantizer.zero_point', 'model.input_blocks.1.0.out_layers.3.intn_dequantizer.delta', 'model.input_blocks.1.0.out_layers.3.intn_dequantizer.zero_point', 'model.input_blocks.2.0.in_layers.2.intn_dequantizer.delta', 'model.input_blocks.2.0.in_layers.2.intn_dequantizer.zero_point']
2026-03-20 19:28:27,995 [WARNING] EMA missing keys (前10): ['model.input_blocks.1.0.in_layers.2.intn_dequantizer.delta', 'model.input_blocks.1.0.in_layers.2.intn_dequantizer.zero_point', 'model.input_blocks.1.0.emb_layers.1.intn_dequantizer.delta', 'model.input_blocks.1.0.emb_layers.1.intn_dequantizer.zero_point', 'model.input_blocks.1.0.cond_emb_layers.1.intn_dequantizer.delta', 'model.input_blocks.1.0.cond_emb_layers.1.intn_dequantizer.zero_point', 'model.input_blocks.1.0.out_layers.3.intn_dequantizer.delta', 'model.input_blocks.1.0.out_layers.3.intn_dequantizer.zero_point', 'model.input_blocks.2.0.in_layers.2.intn_dequantizer.delta', 'model.input_blocks.2.0.in_layers.2.intn_dequantizer.zero_point']
2026-03-20 19:28:28,051 [INFO] MODEL(load from model.model.*): provided=1822 effective_loaded=1822 missing=280 unexpected=0
2026-03-20 19:28:28,051 [INFO] MODEL(load from model.model.*): provided=1822 effective_loaded=1822 missing=280 unexpected=0
2026-03-20 19:28:28,051 [INFO] ✅ 量化模型載入成功
2026-03-20 19:28:28,051 [INFO] ✅ 量化模型載入成功
2026-03-20 19:28:28,051 [INFO] === 初始化新功能模組 ===
2026-03-20 19:28:28,051 [INFO] === 初始化新功能模組 ===
2026-03-20 19:28:28,081 [INFO] ✅ 基礎模型設定完成
2026-03-20 19:28:28,081 [INFO] ✅ 基礎模型設定完成
2026-03-20 19:28:28,107 [INFO] ==================================================
2026-03-20 19:28:28,107 [INFO] ==================================================
2026-03-20 19:28:28,107 [INFO] 啟用 Similarity Analysis (L1/L2/Cosine)
2026-03-20 19:28:28,107 [INFO] 啟用 Similarity Analysis (L1/L2/Cosine)
2026-03-20 19:28:28,107 [INFO] FID 評估樣本數: 128
2026-03-20 19:28:28,107 [INFO] FID 評估樣本數: 128
2026-03-20 19:28:28,107 [INFO] 實際收集樣本數: 20 (用於加速)
2026-03-20 19:28:28,107 [INFO] 實際收集樣本數: 20 (用於加速)
2026-03-20 19:28:28,107 [INFO] 擴散步數: 100
2026-03-20 19:28:28,107 [INFO] 擴散步數: 100
2026-03-20 19:28:28,107 [INFO] ==================================================
2026-03-20 19:28:28,107 [INFO] ==================================================
2026-03-20 19:28:28,108 [INFO] [Similarity] 註冊 block hook: model.output_blocks.6
2026-03-20 19:28:28,108 [INFO] [Similarity] 註冊 block hook: model.output_blocks.6
2026-03-20 19:28:28,109 [INFO] [Similarity] 註冊 model step hook 完成
2026-03-20 19:28:28,109 [INFO] [Similarity] 註冊 model step hook 完成
Model params: 174.19 M
loading pretrain ... 130M
step: 1019986
loading latent stats ...
local seed: 0
train data: 70001
val data: 70001
on train dataloader start ...
mean: tensor(-0.0606, device='cuda:0') std: tensor(0.0755, device='cuda:0')
generating images:   0%|          | 0/4 [00:00<?, ?it/s]/home/jimmy/diffae/./diffusion/base.py:329: FutureWarning: `torch.cuda.amp.autocast(args...)` is deprecated. Please use `torch.amp.autocast('cuda', args...)` instead.
  with autocast(self.conf.fp16):
2026-03-20 19:28:46,402 [INFO] [Similarity] Batch 0 完成，已收集 20 個樣本
2026-03-20 19:28:46,402 [INFO] [Similarity] Batch 0 完成，已收集 20 個樣本
generating images:  25%|██▌       | 1/4 [00:18<00:55, 18.42s/it]2026-03-20 19:29:04,683 [INFO] [Similarity] Batch 1 完成，已收集 20 個樣本
2026-03-20 19:29:04,683 [INFO] [Similarity] Batch 1 完成，已收集 20 個樣本
generating images:  50%|█████     | 2/4 [00:36<00:36, 18.35s/it]2026-03-20 19:29:22,975 [INFO] [Similarity] Batch 2 完成，已收集 20 個樣本
2026-03-20 19:29:22,975 [INFO] [Similarity] Batch 2 完成，已收集 20 個樣本
generating images:  75%|███████▌  | 3/4 [00:54<00:18, 18.32s/it]2026-03-20 19:29:38,791 [INFO] [Similarity] 已收集 80 个样本，停止数据收集（目标: 80）
2026-03-20 19:29:38,791 [INFO] [Similarity] 已收集 80 个样本，停止数据收集（目标: 80）
2026-03-20 19:29:41,275 [INFO] [Similarity] Batch 3 完成，已收集 20 個樣本
2026-03-20 19:29:41,275 [INFO] [Similarity] Batch 3 完成，已收集 20 個樣本
generating images: 100%|██████████| 4/4 [01:13<00:00, 18.31s/it]generating images: 100%|██████████| 4/4 [01:13<00:00, 18.32s/it]
2026-03-20 19:29:41,409 [INFO] [Similarity] FID@128 100 steps score: 0
2026-03-20 19:29:41,409 [INFO] [Similarity] FID@128 100 steps score: 0
2026-03-20 19:29:41,410 [INFO] [Similarity] model.output_blocks.6 cosine: min=0.357801, max=1.000000, diag_mean=1.000000, off_diag_mean=0.882237, off_diag_std=0.113431
2026-03-20 19:29:41,410 [INFO] [Similarity] model.output_blocks.6 cosine: min=0.357801, max=1.000000, diag_mean=1.000000, off_diag_mean=0.882237, off_diag_std=0.113431
2026-03-20 19:29:42,476 [INFO] ✅ Similarity Analysis 完成
2026-03-20 19:29:42,476 [INFO] ✅ Similarity Analysis 完成
2026-03-20 19:29:42,517 [INFO] 執行 'main_float_model' 完成，耗時: 78.12 秒
2026-03-20 19:29:42,517 [INFO] 執行 'main_float_model' 完成，耗時: 78.12 秒
