/home/jimmy/anaconda3/envs/diffae_bw/lib/python3.10/site-packages/lightning_fabric/__init__.py:41: pkg_resources is deprecated as an API. See https://setuptools.pypa.io/en/latest/pkg_resources.html. The pkg_resources package is slated for removal as early as 2025-11-30. Refrain from using this package or pin to Setuptools<81.
使用自動混合精度: torch.bfloat16
[設定] Log 檔案已設為: QATcode/cache_method/L1_L2_cosine/logs/similarity_model_input_blocks_7.log
2026-01-26 12:01:56,144 [INFO] Using 100 steps
2026-01-26 12:01:56,144 [INFO] Using 50000 evaluation samples
2026-01-26 12:01:56,144 [INFO] Cache enabled: False, method: Res, threshold: 0.1
2026-01-26 12:01:56,144 [INFO] Quantitative analysis enabled: False, samples: 10
2026-01-26 12:01:56,144 [INFO] Log file: QATcode/cache_method/L1_L2_cosine/logs/similarity_model_input_blocks_7.log
2026-01-26 12:01:56,144 [INFO] ==================================================
2026-01-26 12:01:56,144 [INFO] Diff-AE EfficientDM Step 7 : 生成圖片
2026-01-26 12:01:56,144 [INFO] ==================================================
2026-01-26 12:01:56,144 [INFO] Using 100 steps
2026-01-26 12:01:56,144 [INFO] Using 50000 evaluation samples
2026-01-26 12:01:56,144 [INFO] Cache enabled: False, method: Res, threshold: 0.1
2026-01-26 12:01:56,144 [INFO] Quantitative analysis enabled: False, samples: 10
2026-01-26 12:01:56,144 [INFO] Log file: QATcode/cache_method/L1_L2_cosine/logs/similarity_model_input_blocks_7.log
2026-01-26 12:01:56,144 [INFO] ==================================================
2026-01-26 12:01:56,144 [INFO] Diff-AE EfficientDM Step 7 : 生成圖片
2026-01-26 12:01:56,144 [INFO] ==================================================
2026-01-26 12:01:56,144 [INFO] 使用設備: cuda
2026-01-26 12:01:56,144 [INFO] 使用設備: cuda
2026-01-26 12:01:56,144 [INFO] === 新功能狀態 ===
2026-01-26 12:01:56,144 [INFO] === 新功能狀態 ===
2026-01-26 12:01:56,144 [INFO] 載入 Diff-AE 模型: checkpoints/ffhq128_autoenc_latent/last.ckpt
2026-01-26 12:01:56,144 [INFO] 載入 Diff-AE 模型: checkpoints/ffhq128_autoenc_latent/last.ckpt
Seed set to 0
Model params: 174.19 M
loading pretrain ... 130M
step: 1019986
loading latent stats ...
2026-01-26 12:01:58,985 [INFO] Diff-AE 模型載入完成
2026-01-26 12:01:58,985 [INFO] Diff-AE 模型載入完成
2026-01-26 12:01:59,029 [INFO] 執行 'load_diffae_model' 完成，耗時: 2.89 秒
2026-01-26 12:01:59,029 [INFO] ✅ Diff-AE 模型載入成功
2026-01-26 12:01:59,029 [INFO] base_model.conf.train_mode: TrainMode.latent_diffusion
2026-01-26 12:01:59,029 [INFO] === 創建 LoRA 量化模型 ===
2026-01-26 12:01:59,029 [INFO] 執行 'load_diffae_model' 完成，耗時: 2.89 秒
2026-01-26 12:01:59,029 [INFO] ✅ Diff-AE 模型載入成功
2026-01-26 12:01:59,029 [INFO] base_model.conf.train_mode: TrainMode.latent_diffusion
2026-01-26 12:01:59,029 [INFO] === 創建 LoRA 量化模型 ===
2026-01-26 12:01:59,029 [INFO] === 開始 UNet LoRA 量化改造 ===
2026-01-26 12:01:59,029 [INFO] 改造模組: time_embed
2026-01-26 12:01:59,029 [INFO]   跳過量化特殊模組: 0
2026-01-26 12:01:59,029 [INFO] === 開始 UNet LoRA 量化改造 ===
2026-01-26 12:01:59,029 [INFO] 改造模組: time_embed
2026-01-26 12:01:59,029 [INFO]   跳過量化特殊模組: 0
2026-01-26 12:01:59,033 [INFO]   跳過量化特殊模組: 2
2026-01-26 12:01:59,033 [INFO]   跳過量化特殊模組: 2
2026-01-26 12:01:59,040 [INFO] 改造模組: input_blocks
2026-01-26 12:01:59,040 [INFO] 改造模組: input_blocks
2026-01-26 12:01:59,040 [INFO]   跳過量化特殊模組: 0
2026-01-26 12:01:59,040 [INFO]   跳過量化特殊模組: 0
2026-01-26 12:01:59,041 [INFO]   替換層 2 -> QuantModule_DiffAE_LoRA
2026-01-26 12:01:59,041 [INFO]   替換層 2 -> QuantModule_DiffAE_LoRA
2026-01-26 12:01:59,120 [INFO]   替換層 1 -> QuantModule_DiffAE_LoRA
2026-01-26 12:01:59,120 [INFO]   替換層 1 -> QuantModule_DiffAE_LoRA
2026-01-26 12:01:59,127 [INFO]   替換層 1 -> QuantModule_DiffAE_LoRA
2026-01-26 12:01:59,127 [INFO]   替換層 1 -> QuantModule_DiffAE_LoRA
2026-01-26 12:01:59,130 [INFO]   替換層 3 -> QuantModule_DiffAE_LoRA
2026-01-26 12:01:59,130 [INFO]   替換層 3 -> QuantModule_DiffAE_LoRA
2026-01-26 12:01:59,137 [INFO]   替換層 2 -> QuantModule_DiffAE_LoRA
2026-01-26 12:01:59,137 [INFO]   替換層 2 -> QuantModule_DiffAE_LoRA
2026-01-26 12:01:59,144 [INFO]   替換層 1 -> QuantModule_DiffAE_LoRA
2026-01-26 12:01:59,144 [INFO]   替換層 1 -> QuantModule_DiffAE_LoRA
2026-01-26 12:01:59,149 [INFO]   替換層 1 -> QuantModule_DiffAE_LoRA
2026-01-26 12:01:59,149 [INFO]   替換層 1 -> QuantModule_DiffAE_LoRA
2026-01-26 12:01:59,155 [INFO]   替換層 3 -> QuantModule_DiffAE_LoRA
2026-01-26 12:01:59,155 [INFO]   替換層 3 -> QuantModule_DiffAE_LoRA
2026-01-26 12:01:59,161 [INFO]   替換層 2 -> QuantModule_DiffAE_LoRA
2026-01-26 12:01:59,161 [INFO]   替換層 2 -> QuantModule_DiffAE_LoRA
2026-01-26 12:01:59,164 [INFO]   替換層 1 -> QuantModule_DiffAE_LoRA
2026-01-26 12:01:59,164 [INFO]   替換層 1 -> QuantModule_DiffAE_LoRA
2026-01-26 12:01:59,165 [INFO]   替換層 1 -> QuantModule_DiffAE_LoRA
2026-01-26 12:01:59,165 [INFO]   替換層 1 -> QuantModule_DiffAE_LoRA
2026-01-26 12:01:59,165 [INFO]   替換層 3 -> QuantModule_DiffAE_LoRA
2026-01-26 12:01:59,165 [INFO]   替換層 3 -> QuantModule_DiffAE_LoRA
2026-01-26 12:01:59,166 [INFO]   替換層 2 -> QuantModule_DiffAE_LoRA
2026-01-26 12:01:59,166 [INFO]   替換層 2 -> QuantModule_DiffAE_LoRA
2026-01-26 12:01:59,167 [INFO]   替換層 1 -> QuantModule_DiffAE_LoRA
2026-01-26 12:01:59,167 [INFO]   替換層 1 -> QuantModule_DiffAE_LoRA
2026-01-26 12:01:59,168 [INFO]   替換層 1 -> QuantModule_DiffAE_LoRA
2026-01-26 12:01:59,168 [INFO]   替換層 1 -> QuantModule_DiffAE_LoRA
2026-01-26 12:01:59,168 [INFO]   替換層 3 -> QuantModule_DiffAE_LoRA
2026-01-26 12:01:59,168 [INFO]   替換層 3 -> QuantModule_DiffAE_LoRA
2026-01-26 12:01:59,169 [INFO]   替換層 2 -> QuantModule_DiffAE_LoRA
2026-01-26 12:01:59,169 [INFO]   替換層 2 -> QuantModule_DiffAE_LoRA
2026-01-26 12:01:59,170 [INFO]   替換層 1 -> QuantModule_DiffAE_LoRA
2026-01-26 12:01:59,170 [INFO]   替換層 1 -> QuantModule_DiffAE_LoRA
2026-01-26 12:01:59,171 [INFO]   替換層 1 -> QuantModule_DiffAE_LoRA
2026-01-26 12:01:59,171 [INFO]   替換層 1 -> QuantModule_DiffAE_LoRA
2026-01-26 12:01:59,172 [INFO]   替換層 3 -> QuantModule_DiffAE_LoRA
2026-01-26 12:01:59,172 [INFO]   替換層 3 -> QuantModule_DiffAE_LoRA
2026-01-26 12:01:59,172 [INFO]   替換層 2 -> QuantModule_DiffAE_LoRA
2026-01-26 12:01:59,172 [INFO]   替換層 2 -> QuantModule_DiffAE_LoRA
2026-01-26 12:01:59,173 [INFO]   替換層 1 -> QuantModule_DiffAE_LoRA
2026-01-26 12:01:59,173 [INFO]   替換層 1 -> QuantModule_DiffAE_LoRA
2026-01-26 12:01:59,174 [INFO]   替換層 1 -> QuantModule_DiffAE_LoRA
2026-01-26 12:01:59,174 [INFO]   替換層 1 -> QuantModule_DiffAE_LoRA
2026-01-26 12:01:59,175 [INFO]   替換層 3 -> QuantModule_DiffAE_LoRA
2026-01-26 12:01:59,175 [INFO]   替換層 3 -> QuantModule_DiffAE_LoRA
2026-01-26 12:01:59,175 [INFO]   替換層 2 -> QuantModule_DiffAE_LoRA
2026-01-26 12:01:59,175 [INFO]   替換層 2 -> QuantModule_DiffAE_LoRA
2026-01-26 12:01:59,177 [INFO]   替換層 1 -> QuantModule_DiffAE_LoRA
2026-01-26 12:01:59,177 [INFO]   替換層 1 -> QuantModule_DiffAE_LoRA
2026-01-26 12:01:59,178 [INFO]   替換層 1 -> QuantModule_DiffAE_LoRA
2026-01-26 12:01:59,178 [INFO]   替換層 1 -> QuantModule_DiffAE_LoRA
2026-01-26 12:01:59,179 [INFO]   替換層 3 -> QuantModule_DiffAE_LoRA
2026-01-26 12:01:59,179 [INFO]   替換層 3 -> QuantModule_DiffAE_LoRA
2026-01-26 12:01:59,181 [INFO]   跳過量化 skip connection: skip_connection
2026-01-26 12:01:59,181 [INFO]   跳過量化 skip connection: skip_connection
2026-01-26 12:01:59,181 [INFO]   替換層 2 -> QuantModule_DiffAE_LoRA
2026-01-26 12:01:59,181 [INFO]   替換層 2 -> QuantModule_DiffAE_LoRA
2026-01-26 12:01:59,183 [INFO]   替換層 1 -> QuantModule_DiffAE_LoRA
2026-01-26 12:01:59,183 [INFO]   替換層 1 -> QuantModule_DiffAE_LoRA
2026-01-26 12:01:59,185 [INFO]   替換層 1 -> QuantModule_DiffAE_LoRA
2026-01-26 12:01:59,185 [INFO]   替換層 1 -> QuantModule_DiffAE_LoRA
2026-01-26 12:01:59,185 [INFO]   替換層 3 -> QuantModule_DiffAE_LoRA
2026-01-26 12:01:59,185 [INFO]   替換層 3 -> QuantModule_DiffAE_LoRA
2026-01-26 12:01:59,188 [INFO]   替換層 2 -> QuantModule_DiffAE_LoRA
2026-01-26 12:01:59,188 [INFO]   替換層 2 -> QuantModule_DiffAE_LoRA
2026-01-26 12:01:59,190 [INFO]   替換層 1 -> QuantModule_DiffAE_LoRA
2026-01-26 12:01:59,190 [INFO]   替換層 1 -> QuantModule_DiffAE_LoRA
2026-01-26 12:01:59,191 [INFO]   替換層 1 -> QuantModule_DiffAE_LoRA
2026-01-26 12:01:59,191 [INFO]   替換層 1 -> QuantModule_DiffAE_LoRA
2026-01-26 12:01:59,192 [INFO]   替換層 3 -> QuantModule_DiffAE_LoRA
2026-01-26 12:01:59,192 [INFO]   替換層 3 -> QuantModule_DiffAE_LoRA
2026-01-26 12:01:59,194 [INFO]   替換層 2 -> QuantModule_DiffAE_LoRA
2026-01-26 12:01:59,194 [INFO]   替換層 2 -> QuantModule_DiffAE_LoRA
2026-01-26 12:01:59,198 [INFO]   替換層 1 -> QuantModule_DiffAE_LoRA
2026-01-26 12:01:59,198 [INFO]   替換層 1 -> QuantModule_DiffAE_LoRA
2026-01-26 12:01:59,202 [INFO]   替換層 1 -> QuantModule_DiffAE_LoRA
2026-01-26 12:01:59,202 [INFO]   替換層 1 -> QuantModule_DiffAE_LoRA
2026-01-26 12:01:59,208 [INFO]   替換層 3 -> QuantModule_DiffAE_LoRA
2026-01-26 12:01:59,208 [INFO]   替換層 3 -> QuantModule_DiffAE_LoRA
2026-01-26 12:01:59,216 [INFO]   跳過量化 skip connection: skip_connection
2026-01-26 12:01:59,216 [INFO]   跳過量化 skip connection: skip_connection
2026-01-26 12:01:59,216 [INFO]   替換層 2 -> QuantModule_DiffAE_LoRA
2026-01-26 12:01:59,216 [INFO]   替換層 2 -> QuantModule_DiffAE_LoRA
2026-01-26 12:01:59,222 [INFO]   替換層 1 -> QuantModule_DiffAE_LoRA
2026-01-26 12:01:59,222 [INFO]   替換層 1 -> QuantModule_DiffAE_LoRA
2026-01-26 12:01:59,224 [INFO]   替換層 1 -> QuantModule_DiffAE_LoRA
2026-01-26 12:01:59,224 [INFO]   替換層 1 -> QuantModule_DiffAE_LoRA
2026-01-26 12:01:59,225 [INFO]   替換層 3 -> QuantModule_DiffAE_LoRA
2026-01-26 12:01:59,225 [INFO]   替換層 3 -> QuantModule_DiffAE_LoRA
2026-01-26 12:01:59,228 [INFO]   替換層 2 -> QuantModule_DiffAE_LoRA
2026-01-26 12:01:59,228 [INFO]   替換層 2 -> QuantModule_DiffAE_LoRA
2026-01-26 12:01:59,234 [INFO]   替換層 1 -> QuantModule_DiffAE_LoRA
2026-01-26 12:01:59,234 [INFO]   替換層 1 -> QuantModule_DiffAE_LoRA
2026-01-26 12:01:59,237 [INFO]   替換層 1 -> QuantModule_DiffAE_LoRA
2026-01-26 12:01:59,237 [INFO]   替換層 1 -> QuantModule_DiffAE_LoRA
2026-01-26 12:01:59,239 [INFO]   替換層 3 -> QuantModule_DiffAE_LoRA
2026-01-26 12:01:59,239 [INFO]   替換層 3 -> QuantModule_DiffAE_LoRA
2026-01-26 12:01:59,243 [INFO]   替換層 2 -> QuantModule_DiffAE_LoRA
2026-01-26 12:01:59,243 [INFO]   替換層 2 -> QuantModule_DiffAE_LoRA
2026-01-26 12:01:59,247 [INFO]   替換層 1 -> QuantModule_DiffAE_LoRA
2026-01-26 12:01:59,247 [INFO]   替換層 1 -> QuantModule_DiffAE_LoRA
2026-01-26 12:01:59,251 [INFO]   替換層 1 -> QuantModule_DiffAE_LoRA
2026-01-26 12:01:59,251 [INFO]   替換層 1 -> QuantModule_DiffAE_LoRA
2026-01-26 12:01:59,254 [INFO]   替換層 3 -> QuantModule_DiffAE_LoRA
2026-01-26 12:01:59,254 [INFO]   替換層 3 -> QuantModule_DiffAE_LoRA
2026-01-26 12:01:59,261 [INFO]   跳過量化 skip connection: skip_connection
2026-01-26 12:01:59,261 [INFO]   跳過量化 skip connection: skip_connection
2026-01-26 12:01:59,261 [INFO]   替換層 2 -> QuantModule_DiffAE_LoRA
2026-01-26 12:01:59,261 [INFO]   替換層 2 -> QuantModule_DiffAE_LoRA
2026-01-26 12:01:59,270 [INFO]   替換層 1 -> QuantModule_DiffAE_LoRA
2026-01-26 12:01:59,270 [INFO]   替換層 1 -> QuantModule_DiffAE_LoRA
2026-01-26 12:01:59,278 [INFO]   替換層 1 -> QuantModule_DiffAE_LoRA
2026-01-26 12:01:59,278 [INFO]   替換層 1 -> QuantModule_DiffAE_LoRA
2026-01-26 12:01:59,284 [INFO]   替換層 3 -> QuantModule_DiffAE_LoRA
2026-01-26 12:01:59,284 [INFO]   替換層 3 -> QuantModule_DiffAE_LoRA
2026-01-26 12:01:59,297 [INFO] 改造模組: middle_block
2026-01-26 12:01:59,297 [INFO] 改造模組: middle_block
2026-01-26 12:01:59,297 [INFO]   替換層 2 -> QuantModule_DiffAE_LoRA
2026-01-26 12:01:59,297 [INFO]   替換層 2 -> QuantModule_DiffAE_LoRA
2026-01-26 12:01:59,305 [INFO]   替換層 1 -> QuantModule_DiffAE_LoRA
2026-01-26 12:01:59,308 [INFO]   替換層 1 -> QuantModule_DiffAE_LoRA
2026-01-26 12:01:59,305 [INFO]   替換層 1 -> QuantModule_DiffAE_LoRA
2026-01-26 12:01:59,308 [INFO]   替換層 1 -> QuantModule_DiffAE_LoRA
2026-01-26 12:01:59,314 [INFO]   替換層 3 -> QuantModule_DiffAE_LoRA
2026-01-26 12:01:59,314 [INFO]   替換層 3 -> QuantModule_DiffAE_LoRA
2026-01-26 12:01:59,324 [INFO]   替換層 2 -> QuantModule_DiffAE_LoRA
2026-01-26 12:01:59,324 [INFO]   替換層 2 -> QuantModule_DiffAE_LoRA
2026-01-26 12:01:59,335 [INFO]   替換層 1 -> QuantModule_DiffAE_LoRA
2026-01-26 12:01:59,335 [INFO]   替換層 1 -> QuantModule_DiffAE_LoRA
2026-01-26 12:01:59,342 [INFO]   替換層 1 -> QuantModule_DiffAE_LoRA
2026-01-26 12:01:59,342 [INFO]   替換層 1 -> QuantModule_DiffAE_LoRA
2026-01-26 12:01:59,347 [INFO]   替換層 3 -> QuantModule_DiffAE_LoRA
2026-01-26 12:01:59,347 [INFO]   替換層 3 -> QuantModule_DiffAE_LoRA
2026-01-26 12:01:59,358 [INFO] 改造模組: output_blocks
2026-01-26 12:01:59,358 [INFO] 改造模組: output_blocks
2026-01-26 12:01:59,358 [INFO]   替換層 2 -> QuantModule_DiffAE_LoRA
2026-01-26 12:01:59,358 [INFO]   替換層 2 -> QuantModule_DiffAE_LoRA
2026-01-26 12:01:59,377 [INFO]   替換層 1 -> QuantModule_DiffAE_LoRA
2026-01-26 12:01:59,377 [INFO]   替換層 1 -> QuantModule_DiffAE_LoRA
2026-01-26 12:01:59,382 [INFO]   替換層 1 -> QuantModule_DiffAE_LoRA
2026-01-26 12:01:59,382 [INFO]   替換層 1 -> QuantModule_DiffAE_LoRA
2026-01-26 12:01:59,387 [INFO]   替換層 3 -> QuantModule_DiffAE_LoRA
2026-01-26 12:01:59,387 [INFO]   替換層 3 -> QuantModule_DiffAE_LoRA
2026-01-26 12:01:59,402 [INFO]   跳過量化 skip connection: skip_connection
2026-01-26 12:01:59,402 [INFO]   替換層 2 -> QuantModule_DiffAE_LoRA
2026-01-26 12:01:59,402 [INFO]   跳過量化 skip connection: skip_connection
2026-01-26 12:01:59,402 [INFO]   替換層 2 -> QuantModule_DiffAE_LoRA
2026-01-26 12:01:59,415 [INFO]   替換層 1 -> QuantModule_DiffAE_LoRA
2026-01-26 12:01:59,415 [INFO]   替換層 1 -> QuantModule_DiffAE_LoRA
2026-01-26 12:01:59,421 [INFO]   替換層 1 -> QuantModule_DiffAE_LoRA
2026-01-26 12:01:59,421 [INFO]   替換層 1 -> QuantModule_DiffAE_LoRA
2026-01-26 12:01:59,423 [INFO]   替換層 3 -> QuantModule_DiffAE_LoRA
2026-01-26 12:01:59,423 [INFO]   替換層 3 -> QuantModule_DiffAE_LoRA
2026-01-26 12:01:59,430 [INFO]   跳過量化 skip connection: skip_connection
2026-01-26 12:01:59,430 [INFO]   替換層 2 -> QuantModule_DiffAE_LoRA
2026-01-26 12:01:59,430 [INFO]   跳過量化 skip connection: skip_connection
2026-01-26 12:01:59,430 [INFO]   替換層 2 -> QuantModule_DiffAE_LoRA
2026-01-26 12:01:59,447 [INFO]   替換層 1 -> QuantModule_DiffAE_LoRA
2026-01-26 12:01:59,447 [INFO]   替換層 1 -> QuantModule_DiffAE_LoRA
2026-01-26 12:01:59,452 [INFO]   替換層 1 -> QuantModule_DiffAE_LoRA
2026-01-26 12:01:59,452 [INFO]   替換層 1 -> QuantModule_DiffAE_LoRA
2026-01-26 12:01:59,457 [INFO]   替換層 3 -> QuantModule_DiffAE_LoRA
2026-01-26 12:01:59,457 [INFO]   替換層 3 -> QuantModule_DiffAE_LoRA
2026-01-26 12:01:59,468 [INFO]   跳過量化 skip connection: skip_connection
2026-01-26 12:01:59,468 [INFO]   替換層 2 -> QuantModule_DiffAE_LoRA
2026-01-26 12:01:59,468 [INFO]   跳過量化 skip connection: skip_connection
2026-01-26 12:01:59,468 [INFO]   替換層 2 -> QuantModule_DiffAE_LoRA
2026-01-26 12:01:59,477 [INFO]   替換層 1 -> QuantModule_DiffAE_LoRA
2026-01-26 12:01:59,477 [INFO]   替換層 1 -> QuantModule_DiffAE_LoRA
2026-01-26 12:01:59,485 [INFO]   替換層 1 -> QuantModule_DiffAE_LoRA
2026-01-26 12:01:59,485 [INFO]   替換層 1 -> QuantModule_DiffAE_LoRA
2026-01-26 12:01:59,491 [INFO]   替換層 3 -> QuantModule_DiffAE_LoRA
2026-01-26 12:01:59,491 [INFO]   替換層 3 -> QuantModule_DiffAE_LoRA
2026-01-26 12:01:59,502 [INFO]   替換層 2 -> QuantModule_DiffAE_LoRA
2026-01-26 12:01:59,502 [INFO]   替換層 2 -> QuantModule_DiffAE_LoRA
2026-01-26 12:01:59,514 [INFO]   替換層 1 -> QuantModule_DiffAE_LoRA
2026-01-26 12:01:59,514 [INFO]   替換層 1 -> QuantModule_DiffAE_LoRA
2026-01-26 12:01:59,519 [INFO]   替換層 1 -> QuantModule_DiffAE_LoRA
2026-01-26 12:01:59,519 [INFO]   替換層 1 -> QuantModule_DiffAE_LoRA
2026-01-26 12:01:59,524 [INFO]   替換層 3 -> QuantModule_DiffAE_LoRA
2026-01-26 12:01:59,524 [INFO]   替換層 3 -> QuantModule_DiffAE_LoRA
2026-01-26 12:01:59,534 [INFO]   跳過量化 skip connection: skip_connection
2026-01-26 12:01:59,534 [INFO]   跳過量化 skip connection: skip_connection
2026-01-26 12:01:59,534 [INFO]   替換層 2 -> QuantModule_DiffAE_LoRA
2026-01-26 12:01:59,534 [INFO]   替換層 2 -> QuantModule_DiffAE_LoRA
2026-01-26 12:01:59,545 [INFO]   替換層 1 -> QuantModule_DiffAE_LoRA
2026-01-26 12:01:59,545 [INFO]   替換層 1 -> QuantModule_DiffAE_LoRA
2026-01-26 12:01:59,551 [INFO]   替換層 1 -> QuantModule_DiffAE_LoRA
2026-01-26 12:01:59,551 [INFO]   替換層 1 -> QuantModule_DiffAE_LoRA
2026-01-26 12:01:59,556 [INFO]   替換層 3 -> QuantModule_DiffAE_LoRA
2026-01-26 12:01:59,556 [INFO]   替換層 3 -> QuantModule_DiffAE_LoRA
2026-01-26 12:01:59,561 [INFO]   跳過量化 skip connection: skip_connection
2026-01-26 12:01:59,561 [INFO]   跳過量化 skip connection: skip_connection
2026-01-26 12:01:59,561 [INFO]   替換層 2 -> QuantModule_DiffAE_LoRA
2026-01-26 12:01:59,561 [INFO]   替換層 2 -> QuantModule_DiffAE_LoRA
2026-01-26 12:01:59,574 [INFO]   替換層 1 -> QuantModule_DiffAE_LoRA
2026-01-26 12:01:59,574 [INFO]   替換層 1 -> QuantModule_DiffAE_LoRA
2026-01-26 12:01:59,583 [INFO]   替換層 1 -> QuantModule_DiffAE_LoRA
2026-01-26 12:01:59,583 [INFO]   替換層 1 -> QuantModule_DiffAE_LoRA
2026-01-26 12:01:59,587 [INFO]   替換層 3 -> QuantModule_DiffAE_LoRA
2026-01-26 12:01:59,587 [INFO]   替換層 3 -> QuantModule_DiffAE_LoRA
2026-01-26 12:01:59,596 [INFO]   跳過量化 skip connection: skip_connection
2026-01-26 12:01:59,596 [INFO]   替換層 2 -> QuantModule_DiffAE_LoRA
2026-01-26 12:01:59,596 [INFO]   跳過量化 skip connection: skip_connection
2026-01-26 12:01:59,596 [INFO]   替換層 2 -> QuantModule_DiffAE_LoRA
2026-01-26 12:01:59,603 [INFO]   替換層 1 -> QuantModule_DiffAE_LoRA
2026-01-26 12:01:59,603 [INFO]   替換層 1 -> QuantModule_DiffAE_LoRA
2026-01-26 12:01:59,608 [INFO]   替換層 1 -> QuantModule_DiffAE_LoRA
2026-01-26 12:01:59,608 [INFO]   替換層 1 -> QuantModule_DiffAE_LoRA
2026-01-26 12:01:59,613 [INFO]   替換層 3 -> QuantModule_DiffAE_LoRA
2026-01-26 12:01:59,613 [INFO]   替換層 3 -> QuantModule_DiffAE_LoRA
2026-01-26 12:01:59,622 [INFO]   替換層 2 -> QuantModule_DiffAE_LoRA
2026-01-26 12:01:59,622 [INFO]   替換層 2 -> QuantModule_DiffAE_LoRA
2026-01-26 12:01:59,629 [INFO]   替換層 1 -> QuantModule_DiffAE_LoRA
2026-01-26 12:01:59,629 [INFO]   替換層 1 -> QuantModule_DiffAE_LoRA
2026-01-26 12:01:59,632 [INFO]   替換層 1 -> QuantModule_DiffAE_LoRA
2026-01-26 12:01:59,637 [INFO]   替換層 3 -> QuantModule_DiffAE_LoRA
2026-01-26 12:01:59,632 [INFO]   替換層 1 -> QuantModule_DiffAE_LoRA
2026-01-26 12:01:59,637 [INFO]   替換層 3 -> QuantModule_DiffAE_LoRA
2026-01-26 12:01:59,639 [INFO]   跳過量化 skip connection: skip_connection
2026-01-26 12:01:59,639 [INFO]   跳過量化 skip connection: skip_connection
2026-01-26 12:01:59,639 [INFO]   替換層 2 -> QuantModule_DiffAE_LoRA
2026-01-26 12:01:59,639 [INFO]   替換層 2 -> QuantModule_DiffAE_LoRA
2026-01-26 12:01:59,643 [INFO]   替換層 1 -> QuantModule_DiffAE_LoRA
2026-01-26 12:01:59,643 [INFO]   替換層 1 -> QuantModule_DiffAE_LoRA
2026-01-26 12:01:59,645 [INFO]   替換層 1 -> QuantModule_DiffAE_LoRA
2026-01-26 12:01:59,645 [INFO]   替換層 1 -> QuantModule_DiffAE_LoRA
2026-01-26 12:01:59,646 [INFO]   替換層 3 -> QuantModule_DiffAE_LoRA
2026-01-26 12:01:59,646 [INFO]   替換層 3 -> QuantModule_DiffAE_LoRA
2026-01-26 12:01:59,648 [INFO]   跳過量化 skip connection: skip_connection
2026-01-26 12:01:59,648 [INFO]   跳過量化 skip connection: skip_connection
2026-01-26 12:01:59,648 [INFO]   替換層 2 -> QuantModule_DiffAE_LoRA
2026-01-26 12:01:59,648 [INFO]   替換層 2 -> QuantModule_DiffAE_LoRA
2026-01-26 12:01:59,650 [INFO]   替換層 1 -> QuantModule_DiffAE_LoRA
2026-01-26 12:01:59,650 [INFO]   替換層 1 -> QuantModule_DiffAE_LoRA
2026-01-26 12:01:59,651 [INFO]   替換層 1 -> QuantModule_DiffAE_LoRA
2026-01-26 12:01:59,651 [INFO]   替換層 1 -> QuantModule_DiffAE_LoRA
2026-01-26 12:01:59,652 [INFO]   替換層 3 -> QuantModule_DiffAE_LoRA
2026-01-26 12:01:59,652 [INFO]   替換層 3 -> QuantModule_DiffAE_LoRA
2026-01-26 12:01:59,654 [INFO]   跳過量化 skip connection: skip_connection
2026-01-26 12:01:59,654 [INFO]   跳過量化 skip connection: skip_connection
2026-01-26 12:01:59,654 [INFO]   替換層 2 -> QuantModule_DiffAE_LoRA
2026-01-26 12:01:59,654 [INFO]   替換層 2 -> QuantModule_DiffAE_LoRA
2026-01-26 12:01:59,655 [INFO]   替換層 1 -> QuantModule_DiffAE_LoRA
2026-01-26 12:01:59,655 [INFO]   替換層 1 -> QuantModule_DiffAE_LoRA
2026-01-26 12:01:59,656 [INFO]   替換層 1 -> QuantModule_DiffAE_LoRA
2026-01-26 12:01:59,656 [INFO]   替換層 1 -> QuantModule_DiffAE_LoRA
2026-01-26 12:01:59,657 [INFO]   替換層 3 -> QuantModule_DiffAE_LoRA
2026-01-26 12:01:59,657 [INFO]   替換層 3 -> QuantModule_DiffAE_LoRA
2026-01-26 12:01:59,659 [INFO]   替換層 2 -> QuantModule_DiffAE_LoRA
2026-01-26 12:01:59,659 [INFO]   替換層 2 -> QuantModule_DiffAE_LoRA
2026-01-26 12:01:59,660 [INFO]   替換層 1 -> QuantModule_DiffAE_LoRA
2026-01-26 12:01:59,660 [INFO]   替換層 1 -> QuantModule_DiffAE_LoRA
2026-01-26 12:01:59,661 [INFO]   替換層 1 -> QuantModule_DiffAE_LoRA
2026-01-26 12:01:59,661 [INFO]   替換層 1 -> QuantModule_DiffAE_LoRA
2026-01-26 12:01:59,661 [INFO]   替換層 3 -> QuantModule_DiffAE_LoRA
2026-01-26 12:01:59,661 [INFO]   替換層 3 -> QuantModule_DiffAE_LoRA
2026-01-26 12:01:59,662 [INFO]   跳過量化 skip connection: skip_connection
2026-01-26 12:01:59,662 [INFO]   跳過量化 skip connection: skip_connection
2026-01-26 12:01:59,662 [INFO]   替換層 2 -> QuantModule_DiffAE_LoRA
2026-01-26 12:01:59,662 [INFO]   替換層 2 -> QuantModule_DiffAE_LoRA
2026-01-26 12:01:59,663 [INFO]   替換層 1 -> QuantModule_DiffAE_LoRA
2026-01-26 12:01:59,663 [INFO]   替換層 1 -> QuantModule_DiffAE_LoRA
2026-01-26 12:01:59,664 [INFO]   替換層 1 -> QuantModule_DiffAE_LoRA
2026-01-26 12:01:59,664 [INFO]   替換層 1 -> QuantModule_DiffAE_LoRA
2026-01-26 12:01:59,664 [INFO]   替換層 3 -> QuantModule_DiffAE_LoRA
2026-01-26 12:01:59,664 [INFO]   替換層 3 -> QuantModule_DiffAE_LoRA
2026-01-26 12:01:59,665 [INFO]   跳過量化 skip connection: skip_connection
2026-01-26 12:01:59,665 [INFO]   跳過量化 skip connection: skip_connection
2026-01-26 12:01:59,665 [INFO]   替換層 2 -> QuantModule_DiffAE_LoRA
2026-01-26 12:01:59,665 [INFO]   替換層 2 -> QuantModule_DiffAE_LoRA
2026-01-26 12:01:59,666 [INFO]   替換層 1 -> QuantModule_DiffAE_LoRA
2026-01-26 12:01:59,666 [INFO]   替換層 1 -> QuantModule_DiffAE_LoRA
2026-01-26 12:01:59,666 [INFO]   替換層 1 -> QuantModule_DiffAE_LoRA
2026-01-26 12:01:59,666 [INFO]   替換層 1 -> QuantModule_DiffAE_LoRA
2026-01-26 12:01:59,667 [INFO]   替換層 3 -> QuantModule_DiffAE_LoRA
2026-01-26 12:01:59,667 [INFO]   替換層 3 -> QuantModule_DiffAE_LoRA
2026-01-26 12:01:59,667 [INFO]   跳過量化 skip connection: skip_connection
2026-01-26 12:01:59,667 [INFO]   跳過量化 skip connection: skip_connection
2026-01-26 12:01:59,667 [INFO]   替換層 2 -> QuantModule_DiffAE_LoRA
2026-01-26 12:01:59,667 [INFO]   替換層 2 -> QuantModule_DiffAE_LoRA
2026-01-26 12:01:59,668 [INFO]   替換層 1 -> QuantModule_DiffAE_LoRA
2026-01-26 12:01:59,668 [INFO]   替換層 1 -> QuantModule_DiffAE_LoRA
2026-01-26 12:01:59,669 [INFO]   替換層 1 -> QuantModule_DiffAE_LoRA
2026-01-26 12:01:59,669 [INFO]   替換層 1 -> QuantModule_DiffAE_LoRA
2026-01-26 12:01:59,669 [INFO]   替換層 3 -> QuantModule_DiffAE_LoRA
2026-01-26 12:01:59,669 [INFO]   替換層 3 -> QuantModule_DiffAE_LoRA
2026-01-26 12:01:59,670 [INFO]   替換層 2 -> QuantModule_DiffAE_LoRA
2026-01-26 12:01:59,670 [INFO]   替換層 2 -> QuantModule_DiffAE_LoRA
2026-01-26 12:01:59,671 [INFO]   替換層 1 -> QuantModule_DiffAE_LoRA
2026-01-26 12:01:59,671 [INFO]   替換層 1 -> QuantModule_DiffAE_LoRA
2026-01-26 12:01:59,672 [INFO]   替換層 1 -> QuantModule_DiffAE_LoRA
2026-01-26 12:01:59,672 [INFO]   替換層 1 -> QuantModule_DiffAE_LoRA
2026-01-26 12:01:59,672 [INFO]   替換層 3 -> QuantModule_DiffAE_LoRA
2026-01-26 12:01:59,672 [INFO]   替換層 3 -> QuantModule_DiffAE_LoRA
2026-01-26 12:01:59,673 [INFO]   跳過量化 skip connection: skip_connection
2026-01-26 12:01:59,673 [INFO]   跳過量化 skip connection: skip_connection
2026-01-26 12:01:59,673 [INFO]   替換層 2 -> QuantModule_DiffAE_LoRA
2026-01-26 12:01:59,673 [INFO]   替換層 2 -> QuantModule_DiffAE_LoRA
2026-01-26 12:01:59,674 [INFO]   替換層 1 -> QuantModule_DiffAE_LoRA
2026-01-26 12:01:59,674 [INFO]   替換層 1 -> QuantModule_DiffAE_LoRA
2026-01-26 12:01:59,674 [INFO]   替換層 1 -> QuantModule_DiffAE_LoRA
2026-01-26 12:01:59,674 [INFO]   替換層 1 -> QuantModule_DiffAE_LoRA
2026-01-26 12:01:59,675 [INFO]   替換層 3 -> QuantModule_DiffAE_LoRA
2026-01-26 12:01:59,675 [INFO]   替換層 3 -> QuantModule_DiffAE_LoRA
2026-01-26 12:01:59,675 [INFO]   跳過量化 skip connection: skip_connection
2026-01-26 12:01:59,675 [INFO]   跳過量化 skip connection: skip_connection
2026-01-26 12:01:59,676 [INFO]   替換層 2 -> QuantModule_DiffAE_LoRA
2026-01-26 12:01:59,676 [INFO]   替換層 2 -> QuantModule_DiffAE_LoRA
2026-01-26 12:01:59,677 [INFO]   替換層 1 -> QuantModule_DiffAE_LoRA
2026-01-26 12:01:59,677 [INFO]   替換層 1 -> QuantModule_DiffAE_LoRA
2026-01-26 12:01:59,677 [INFO]   替換層 1 -> QuantModule_DiffAE_LoRA
2026-01-26 12:01:59,677 [INFO]   替換層 1 -> QuantModule_DiffAE_LoRA
2026-01-26 12:01:59,677 [INFO]   替換層 3 -> QuantModule_DiffAE_LoRA
2026-01-26 12:01:59,677 [INFO]   替換層 3 -> QuantModule_DiffAE_LoRA
2026-01-26 12:01:59,678 [INFO]   跳過量化 skip connection: skip_connection
2026-01-26 12:01:59,678 [INFO]   跳過量化 skip connection: skip_connection
2026-01-26 12:01:59,678 [INFO] 改造模組: out
2026-01-26 12:01:59,678 [INFO] 改造模組: out
2026-01-26 12:01:59,678 [INFO]   跳過量化特殊模組: 2
2026-01-26 12:01:59,678 [INFO]   跳過量化特殊模組: 2
2026-01-26 12:01:59,681 [INFO] 執行 'create_float_quantized_model' 完成，耗時: 0.65 秒
2026-01-26 12:01:59,681 [INFO] 執行 'create_float_quantized_model' 完成，耗時: 0.65 秒
2026-01-26 12:01:59,810 [INFO] 載入校準資料...
2026-01-26 12:01:59,810 [INFO] 載入校準資料...
2026-01-26 12:02:00,161 [INFO] ✅ 載入真實校準資料成功
2026-01-26 12:02:00,161 [INFO] ✅ 載入真實校準資料成功
2026-01-26 12:02:00,164 [INFO] ==================================================
2026-01-26 12:02:00,164 [INFO] 5. Setting first and last layers to 8-bit...
2026-01-26 12:02:00,164 [INFO] ==================================================
2026-01-26 12:02:00,164 [INFO] 5. Setting first and last layers to 8-bit...
2026-01-26 12:02:00,166 [INFO] 找到 144 個量化模組
2026-01-26 12:02:00,166 [INFO] ✅ 首尾層 8-bit 設定完成
2026-01-26 12:02:00,166 [INFO] 找到 144 個量化模組
2026-01-26 12:02:00,166 [INFO] ✅ 首尾層 8-bit 設定完成
2026-01-26 12:02:00,166 [INFO] ✅ 量化模型創建成功
2026-01-26 12:02:00,166 [INFO] ✅ 量化模型創建成功
2026-01-26 12:02:00,166 [INFO] set quant state to True, True for layer 1
2026-01-26 12:02:00,166 [INFO] set quant state to True, True for layer 1
2026-01-26 12:02:00,166 [INFO] set quant state to True, True for layer 2
2026-01-26 12:02:00,166 [INFO] set quant state to True, False for layer 3
2026-01-26 12:02:00,166 [INFO] set quant state to True, True for layer 2
2026-01-26 12:02:00,166 [INFO] set quant state to True, False for layer 3
2026-01-26 12:02:00,167 [INFO] set quant state to True, True for layer 144
2026-01-26 12:02:00,167 [INFO] set quant state to True, True for layer 144
2026-01-26 12:02:01,271 [INFO] ✅ 量化模型載入成功
2026-01-26 12:02:01,271 [INFO] === 初始化新功能模組 ===
2026-01-26 12:02:01,271 [INFO] ✅ 量化模型載入成功
2026-01-26 12:02:01,271 [INFO] === 初始化新功能模組 ===
local seed: 0
train data: 70001
val data: 70001
2026-01-26 12:02:01,296 [INFO] ✅ 基礎模型設定完成
2026-01-26 12:02:01,296 [INFO] ✅ 基礎模型設定完成
on train dataloader start ...
mean: tensor(-0.0606, device='cuda:0') std: tensor(0.0755, device='cuda:0')
2026-01-26 12:02:01,343 [INFO] ==================================================
2026-01-26 12:02:01,343 [INFO] 啟用 Similarity Analysis (L1/L2/Cosine)
2026-01-26 12:02:01,343 [INFO] FID 評估樣本數: 128
2026-01-26 12:02:01,343 [INFO] 實際收集樣本數: 20 (用於加速)
2026-01-26 12:02:01,343 [INFO] 擴散步數: 100
2026-01-26 12:02:01,343 [INFO] ==================================================
2026-01-26 12:02:01,343 [INFO] ==================================================
2026-01-26 12:02:01,343 [INFO] 啟用 Similarity Analysis (L1/L2/Cosine)
2026-01-26 12:02:01,343 [INFO] FID 評估樣本數: 128
2026-01-26 12:02:01,343 [INFO] 實際收集樣本數: 20 (用於加速)
2026-01-26 12:02:01,343 [INFO] 擴散步數: 100
2026-01-26 12:02:01,343 [INFO] ==================================================
2026-01-26 12:02:01,344 [INFO] [Similarity] 註冊 block hook: model.input_blocks.7
2026-01-26 12:02:01,344 [INFO] [Similarity] 註冊 block hook: model.input_blocks.7
2026-01-26 12:02:01,345 [INFO] [Similarity] 註冊 model step hook 完成
2026-01-26 12:02:01,345 [INFO] [Similarity] 註冊 model step hook 完成
generating images:   0%|          | 0/4 [00:00<?, ?it/s]/home/jimmy/diffae/./diffusion/base.py:329: FutureWarning: `torch.cuda.amp.autocast(args...)` is deprecated. Please use `torch.amp.autocast('cuda', args...)` instead.
  with autocast(self.conf.fp16):
2026-01-26 12:02:19,705 [INFO] [Similarity] Batch 0 完成，已收集 20 個樣本
2026-01-26 12:02:19,705 [INFO] [Similarity] Batch 0 完成，已收集 20 個樣本
generating images:  25%|██▌       | 1/4 [00:18<00:56, 18.69s/it]2026-01-26 12:02:38,178 [INFO] [Similarity] Batch 1 完成，已收集 20 個樣本
2026-01-26 12:02:38,178 [INFO] [Similarity] Batch 1 完成，已收集 20 個樣本
generating images:  50%|█████     | 2/4 [00:37<00:37, 18.58s/it]2026-01-26 12:02:56,674 [INFO] [Similarity] Batch 2 完成，已收集 20 個樣本
2026-01-26 12:02:56,674 [INFO] [Similarity] Batch 2 完成，已收集 20 個樣本
generating images:  75%|███████▌  | 3/4 [00:55<00:18, 18.48s/it]2026-01-26 12:03:12,569 [INFO] [Similarity] 已收集 80 个样本，停止数据收集（目标: 80）
2026-01-26 12:03:12,569 [INFO] [Similarity] 已收集 80 个样本，停止数据收集（目标: 80）
2026-01-26 12:03:15,060 [INFO] [Similarity] Batch 3 完成，已收集 20 個樣本
2026-01-26 12:03:15,060 [INFO] [Similarity] Batch 3 完成，已收集 20 個樣本
2026-01-26 12:03:15,455 [INFO] [Similarity] FID@128 100 steps score: 0
generating images: 100%|██████████| 4/4 [01:14<00:00, 18.51s/it]generating images: 100%|██████████| 4/4 [01:14<00:00, 18.53s/it]
2026-01-26 12:03:15,455 [INFO] [Similarity] FID@128 100 steps score: 0
2026-01-26 12:03:15,456 [INFO] [Similarity] model.input_blocks.7 cosine: min=0.078116, max=1.000000, diag_mean=1.000000, off_diag_mean=0.796630, off_diag_std=0.198346
2026-01-26 12:03:15,456 [INFO] [Similarity] model.input_blocks.7 cosine: min=0.078116, max=1.000000, diag_mean=1.000000, off_diag_mean=0.796630, off_diag_std=0.198346
2026-01-26 12:03:16,564 [INFO] ✅ Similarity Analysis 完成
2026-01-26 12:03:16,564 [INFO] ✅ Similarity Analysis 完成
2026-01-26 12:03:16,603 [INFO] 執行 'main_float_model' 完成，耗時: 80.46 秒
2026-01-26 12:03:16,603 [INFO] 執行 'main_float_model' 完成，耗時: 80.46 秒
/home/jimmy/anaconda3/envs/diffae_bw/lib/python3.10/site-packages/torchmetrics/utilities/imports.py:21: UserWarning: pkg_resources is deprecated as an API. See https://setuptools.pypa.io/en/latest/pkg_resources.html. The pkg_resources package is slated for removal as early as 2025-11-30. Refrain from using this package or pin to Setuptools<81.
  from pkg_resources import DistributionNotFound, get_distribution
使用自動混合精度: torch.bfloat16
[設定] Log 檔案已設為: QATcode/cache_method/L1_L2_cosine/logs/similarity_model_input_blocks_7.log
2026-03-20 19:09:12,308 [INFO] Using 100 steps
2026-03-20 19:09:12,308 [INFO] Using 100 steps
2026-03-20 19:09:12,308 [INFO] Using 50000 evaluation samples
2026-03-20 19:09:12,308 [INFO] Using 50000 evaluation samples
2026-03-20 19:09:12,308 [INFO] Cache enabled: False, method: Res, threshold: 0.1
2026-03-20 19:09:12,308 [INFO] Cache enabled: False, method: Res, threshold: 0.1
2026-03-20 19:09:12,308 [INFO] Quantitative analysis enabled: False, samples: 10
2026-03-20 19:09:12,308 [INFO] Quantitative analysis enabled: False, samples: 10
2026-03-20 19:09:12,308 [INFO] Log file: QATcode/cache_method/L1_L2_cosine/logs/similarity_model_input_blocks_7.log
2026-03-20 19:09:12,308 [INFO] Log file: QATcode/cache_method/L1_L2_cosine/logs/similarity_model_input_blocks_7.log
2026-03-20 19:09:12,308 [INFO] ==================================================
2026-03-20 19:09:12,308 [INFO] ==================================================
2026-03-20 19:09:12,308 [INFO] Diff-AE EfficientDM Step 7 : 生成圖片
2026-03-20 19:09:12,308 [INFO] Diff-AE EfficientDM Step 7 : 生成圖片
2026-03-20 19:09:12,308 [INFO] ==================================================
2026-03-20 19:09:12,308 [INFO] ==================================================
2026-03-20 19:09:12,308 [INFO] 使用設備: cuda
2026-03-20 19:09:12,308 [INFO] 使用設備: cuda
2026-03-20 19:09:12,308 [INFO] === 新功能狀態 ===
2026-03-20 19:09:12,308 [INFO] === 新功能狀態 ===
2026-03-20 19:09:12,308 [INFO] 載入 Diff-AE 模型: checkpoints/ffhq128_autoenc_latent/last.ckpt
2026-03-20 19:09:12,308 [INFO] 載入 Diff-AE 模型: checkpoints/ffhq128_autoenc_latent/last.ckpt
Global seed set to 0
2026-03-20 19:09:14,117 [INFO] Diff-AE 模型載入完成
2026-03-20 19:09:14,117 [INFO] Diff-AE 模型載入完成
2026-03-20 19:09:14,164 [INFO] 執行 'load_diffae_model' 完成，耗時: 1.86 秒
2026-03-20 19:09:14,164 [INFO] 執行 'load_diffae_model' 完成，耗時: 1.86 秒
2026-03-20 19:09:14,164 [INFO] ✅ Diff-AE 模型載入成功
2026-03-20 19:09:14,164 [INFO] ✅ Diff-AE 模型載入成功
2026-03-20 19:09:14,164 [INFO] base_model.conf.train_mode: TrainMode.latent_diffusion
2026-03-20 19:09:14,164 [INFO] base_model.conf.train_mode: TrainMode.latent_diffusion
2026-03-20 19:09:14,164 [INFO] === 創建 LoRA 量化模型 ===
2026-03-20 19:09:14,164 [INFO] === 創建 LoRA 量化模型 ===
2026-03-20 19:09:14,164 [INFO] === 開始 UNet LoRA 量化改造 ===
2026-03-20 19:09:14,164 [INFO] === 開始 UNet LoRA 量化改造 ===
2026-03-20 19:09:14,164 [INFO] 改造模組: time_embed
2026-03-20 19:09:14,164 [INFO] 改造模組: time_embed
2026-03-20 19:09:14,164 [INFO]   跳過量化特殊模組: 0
2026-03-20 19:09:14,164 [INFO]   跳過量化特殊模組: 0
2026-03-20 19:09:14,165 [INFO]   跳過量化特殊模組: 2
2026-03-20 19:09:14,165 [INFO]   跳過量化特殊模組: 2
2026-03-20 19:09:14,165 [INFO] 改造模組: input_blocks
2026-03-20 19:09:14,165 [INFO] 改造模組: input_blocks
2026-03-20 19:09:14,165 [INFO]   跳過量化特殊模組: 0
2026-03-20 19:09:14,165 [INFO]   跳過量化特殊模組: 0
2026-03-20 19:09:14,165 [INFO]   替換層 2 -> QuantModule_DiffAE_LoRA
2026-03-20 19:09:14,165 [INFO]   替換層 2 -> QuantModule_DiffAE_LoRA
2026-03-20 19:09:14,230 [INFO]   替換層 1 -> QuantModule_DiffAE_LoRA
2026-03-20 19:09:14,230 [INFO]   替換層 1 -> QuantModule_DiffAE_LoRA
2026-03-20 19:09:14,230 [INFO]   替換層 1 -> QuantModule_DiffAE_LoRA
2026-03-20 19:09:14,230 [INFO]   替換層 1 -> QuantModule_DiffAE_LoRA
2026-03-20 19:09:14,231 [INFO]   替換層 3 -> QuantModule_DiffAE_LoRA
2026-03-20 19:09:14,231 [INFO]   替換層 3 -> QuantModule_DiffAE_LoRA
2026-03-20 19:09:14,232 [INFO]   替換層 2 -> QuantModule_DiffAE_LoRA
2026-03-20 19:09:14,232 [INFO]   替換層 2 -> QuantModule_DiffAE_LoRA
2026-03-20 19:09:14,233 [INFO]   替換層 1 -> QuantModule_DiffAE_LoRA
2026-03-20 19:09:14,233 [INFO]   替換層 1 -> QuantModule_DiffAE_LoRA
2026-03-20 19:09:14,233 [INFO]   替換層 1 -> QuantModule_DiffAE_LoRA
2026-03-20 19:09:14,233 [INFO]   替換層 1 -> QuantModule_DiffAE_LoRA
2026-03-20 19:09:14,234 [INFO]   替換層 3 -> QuantModule_DiffAE_LoRA
2026-03-20 19:09:14,234 [INFO]   替換層 3 -> QuantModule_DiffAE_LoRA
2026-03-20 19:09:14,235 [INFO]   替換層 2 -> QuantModule_DiffAE_LoRA
2026-03-20 19:09:14,235 [INFO]   替換層 2 -> QuantModule_DiffAE_LoRA
2026-03-20 19:09:14,236 [INFO]   替換層 1 -> QuantModule_DiffAE_LoRA
2026-03-20 19:09:14,236 [INFO]   替換層 1 -> QuantModule_DiffAE_LoRA
2026-03-20 19:09:14,237 [INFO]   替換層 1 -> QuantModule_DiffAE_LoRA
2026-03-20 19:09:14,237 [INFO]   替換層 1 -> QuantModule_DiffAE_LoRA
2026-03-20 19:09:14,237 [INFO]   替換層 3 -> QuantModule_DiffAE_LoRA
2026-03-20 19:09:14,237 [INFO]   替換層 3 -> QuantModule_DiffAE_LoRA
2026-03-20 19:09:14,238 [INFO]   替換層 2 -> QuantModule_DiffAE_LoRA
2026-03-20 19:09:14,238 [INFO]   替換層 2 -> QuantModule_DiffAE_LoRA
2026-03-20 19:09:14,239 [INFO]   替換層 1 -> QuantModule_DiffAE_LoRA
2026-03-20 19:09:14,239 [INFO]   替換層 1 -> QuantModule_DiffAE_LoRA
2026-03-20 19:09:14,240 [INFO]   替換層 1 -> QuantModule_DiffAE_LoRA
2026-03-20 19:09:14,240 [INFO]   替換層 1 -> QuantModule_DiffAE_LoRA
2026-03-20 19:09:14,240 [INFO]   替換層 3 -> QuantModule_DiffAE_LoRA
2026-03-20 19:09:14,240 [INFO]   替換層 3 -> QuantModule_DiffAE_LoRA
2026-03-20 19:09:14,241 [INFO]   替換層 2 -> QuantModule_DiffAE_LoRA
2026-03-20 19:09:14,241 [INFO]   替換層 2 -> QuantModule_DiffAE_LoRA
2026-03-20 19:09:14,242 [INFO]   替換層 1 -> QuantModule_DiffAE_LoRA
2026-03-20 19:09:14,242 [INFO]   替換層 1 -> QuantModule_DiffAE_LoRA
2026-03-20 19:09:14,243 [INFO]   替換層 1 -> QuantModule_DiffAE_LoRA
2026-03-20 19:09:14,243 [INFO]   替換層 1 -> QuantModule_DiffAE_LoRA
2026-03-20 19:09:14,243 [INFO]   替換層 3 -> QuantModule_DiffAE_LoRA
2026-03-20 19:09:14,243 [INFO]   替換層 3 -> QuantModule_DiffAE_LoRA
2026-03-20 19:09:14,244 [INFO]   替換層 2 -> QuantModule_DiffAE_LoRA
2026-03-20 19:09:14,244 [INFO]   替換層 2 -> QuantModule_DiffAE_LoRA
2026-03-20 19:09:14,244 [INFO]   替換層 1 -> QuantModule_DiffAE_LoRA
2026-03-20 19:09:14,244 [INFO]   替換層 1 -> QuantModule_DiffAE_LoRA
2026-03-20 19:09:14,245 [INFO]   替換層 1 -> QuantModule_DiffAE_LoRA
2026-03-20 19:09:14,245 [INFO]   替換層 1 -> QuantModule_DiffAE_LoRA
2026-03-20 19:09:14,246 [INFO]   替換層 3 -> QuantModule_DiffAE_LoRA
2026-03-20 19:09:14,246 [INFO]   替換層 3 -> QuantModule_DiffAE_LoRA
2026-03-20 19:09:14,246 [INFO]   替換層 2 -> QuantModule_DiffAE_LoRA
2026-03-20 19:09:14,246 [INFO]   替換層 2 -> QuantModule_DiffAE_LoRA
2026-03-20 19:09:14,248 [INFO]   替換層 1 -> QuantModule_DiffAE_LoRA
2026-03-20 19:09:14,248 [INFO]   替換層 1 -> QuantModule_DiffAE_LoRA
2026-03-20 19:09:14,249 [INFO]   替換層 1 -> QuantModule_DiffAE_LoRA
2026-03-20 19:09:14,249 [INFO]   替換層 1 -> QuantModule_DiffAE_LoRA
2026-03-20 19:09:14,249 [INFO]   替換層 3 -> QuantModule_DiffAE_LoRA
2026-03-20 19:09:14,249 [INFO]   替換層 3 -> QuantModule_DiffAE_LoRA
2026-03-20 19:09:14,252 [INFO]   跳過量化 skip connection: skip_connection
2026-03-20 19:09:14,252 [INFO]   跳過量化 skip connection: skip_connection
2026-03-20 19:09:14,252 [INFO]   替換層 2 -> QuantModule_DiffAE_LoRA
2026-03-20 19:09:14,252 [INFO]   替換層 2 -> QuantModule_DiffAE_LoRA
2026-03-20 19:09:14,254 [INFO]   替換層 1 -> QuantModule_DiffAE_LoRA
2026-03-20 19:09:14,254 [INFO]   替換層 1 -> QuantModule_DiffAE_LoRA
2026-03-20 19:09:14,255 [INFO]   替換層 1 -> QuantModule_DiffAE_LoRA
2026-03-20 19:09:14,255 [INFO]   替換層 1 -> QuantModule_DiffAE_LoRA
2026-03-20 19:09:14,256 [INFO]   替換層 3 -> QuantModule_DiffAE_LoRA
2026-03-20 19:09:14,256 [INFO]   替換層 3 -> QuantModule_DiffAE_LoRA
2026-03-20 19:09:14,257 [INFO]   替換層 2 -> QuantModule_DiffAE_LoRA
2026-03-20 19:09:14,257 [INFO]   替換層 2 -> QuantModule_DiffAE_LoRA
2026-03-20 19:09:14,259 [INFO]   替換層 1 -> QuantModule_DiffAE_LoRA
2026-03-20 19:09:14,259 [INFO]   替換層 1 -> QuantModule_DiffAE_LoRA
2026-03-20 19:09:14,261 [INFO]   替換層 1 -> QuantModule_DiffAE_LoRA
2026-03-20 19:09:14,261 [INFO]   替換層 1 -> QuantModule_DiffAE_LoRA
2026-03-20 19:09:14,261 [INFO]   替換層 3 -> QuantModule_DiffAE_LoRA
2026-03-20 19:09:14,261 [INFO]   替換層 3 -> QuantModule_DiffAE_LoRA
2026-03-20 19:09:14,263 [INFO]   替換層 2 -> QuantModule_DiffAE_LoRA
2026-03-20 19:09:14,263 [INFO]   替換層 2 -> QuantModule_DiffAE_LoRA
2026-03-20 19:09:14,267 [INFO]   替換層 1 -> QuantModule_DiffAE_LoRA
2026-03-20 19:09:14,267 [INFO]   替換層 1 -> QuantModule_DiffAE_LoRA
2026-03-20 19:09:14,269 [INFO]   替換層 1 -> QuantModule_DiffAE_LoRA
2026-03-20 19:09:14,269 [INFO]   替換層 1 -> QuantModule_DiffAE_LoRA
2026-03-20 19:09:14,270 [INFO]   替換層 3 -> QuantModule_DiffAE_LoRA
2026-03-20 19:09:14,270 [INFO]   替換層 3 -> QuantModule_DiffAE_LoRA
2026-03-20 19:09:14,274 [INFO]   跳過量化 skip connection: skip_connection
2026-03-20 19:09:14,274 [INFO]   跳過量化 skip connection: skip_connection
2026-03-20 19:09:14,274 [INFO]   替換層 2 -> QuantModule_DiffAE_LoRA
2026-03-20 19:09:14,274 [INFO]   替換層 2 -> QuantModule_DiffAE_LoRA
2026-03-20 19:09:14,279 [INFO]   替換層 1 -> QuantModule_DiffAE_LoRA
2026-03-20 19:09:14,279 [INFO]   替換層 1 -> QuantModule_DiffAE_LoRA
2026-03-20 19:09:14,280 [INFO]   替換層 1 -> QuantModule_DiffAE_LoRA
2026-03-20 19:09:14,280 [INFO]   替換層 1 -> QuantModule_DiffAE_LoRA
2026-03-20 19:09:14,281 [INFO]   替換層 3 -> QuantModule_DiffAE_LoRA
2026-03-20 19:09:14,281 [INFO]   替換層 3 -> QuantModule_DiffAE_LoRA
2026-03-20 19:09:14,286 [INFO]   替換層 2 -> QuantModule_DiffAE_LoRA
2026-03-20 19:09:14,286 [INFO]   替換層 2 -> QuantModule_DiffAE_LoRA
2026-03-20 19:09:14,290 [INFO]   替換層 1 -> QuantModule_DiffAE_LoRA
2026-03-20 19:09:14,290 [INFO]   替換層 1 -> QuantModule_DiffAE_LoRA
2026-03-20 19:09:14,292 [INFO]   替換層 1 -> QuantModule_DiffAE_LoRA
2026-03-20 19:09:14,292 [INFO]   替換層 1 -> QuantModule_DiffAE_LoRA
2026-03-20 19:09:14,293 [INFO]   替換層 3 -> QuantModule_DiffAE_LoRA
2026-03-20 19:09:14,293 [INFO]   替換層 3 -> QuantModule_DiffAE_LoRA
2026-03-20 19:09:14,298 [INFO]   替換層 2 -> QuantModule_DiffAE_LoRA
2026-03-20 19:09:14,298 [INFO]   替換層 2 -> QuantModule_DiffAE_LoRA
2026-03-20 19:09:14,305 [INFO]   替換層 1 -> QuantModule_DiffAE_LoRA
2026-03-20 19:09:14,305 [INFO]   替換層 1 -> QuantModule_DiffAE_LoRA
2026-03-20 19:09:14,306 [INFO]   替換層 1 -> QuantModule_DiffAE_LoRA
2026-03-20 19:09:14,306 [INFO]   替換層 1 -> QuantModule_DiffAE_LoRA
2026-03-20 19:09:14,307 [INFO]   替換層 3 -> QuantModule_DiffAE_LoRA
2026-03-20 19:09:14,307 [INFO]   替換層 3 -> QuantModule_DiffAE_LoRA
2026-03-20 19:09:14,316 [INFO]   跳過量化 skip connection: skip_connection
2026-03-20 19:09:14,316 [INFO]   跳過量化 skip connection: skip_connection
2026-03-20 19:09:14,316 [INFO]   替換層 2 -> QuantModule_DiffAE_LoRA
2026-03-20 19:09:14,316 [INFO]   替換層 2 -> QuantModule_DiffAE_LoRA
2026-03-20 19:09:14,323 [INFO]   替換層 1 -> QuantModule_DiffAE_LoRA
2026-03-20 19:09:14,323 [INFO]   替換層 1 -> QuantModule_DiffAE_LoRA
2026-03-20 19:09:14,325 [INFO]   替換層 1 -> QuantModule_DiffAE_LoRA
2026-03-20 19:09:14,325 [INFO]   替換層 1 -> QuantModule_DiffAE_LoRA
2026-03-20 19:09:14,326 [INFO]   替換層 3 -> QuantModule_DiffAE_LoRA
2026-03-20 19:09:14,326 [INFO]   替換層 3 -> QuantModule_DiffAE_LoRA
2026-03-20 19:09:14,334 [INFO] 改造模組: middle_block
2026-03-20 19:09:14,334 [INFO] 改造模組: middle_block
2026-03-20 19:09:14,334 [INFO]   替換層 2 -> QuantModule_DiffAE_LoRA
2026-03-20 19:09:14,334 [INFO]   替換層 2 -> QuantModule_DiffAE_LoRA
2026-03-20 19:09:14,341 [INFO]   替換層 1 -> QuantModule_DiffAE_LoRA
2026-03-20 19:09:14,341 [INFO]   替換層 1 -> QuantModule_DiffAE_LoRA
2026-03-20 19:09:14,343 [INFO]   替換層 1 -> QuantModule_DiffAE_LoRA
2026-03-20 19:09:14,343 [INFO]   替換層 1 -> QuantModule_DiffAE_LoRA
2026-03-20 19:09:14,344 [INFO]   替換層 3 -> QuantModule_DiffAE_LoRA
2026-03-20 19:09:14,344 [INFO]   替換層 3 -> QuantModule_DiffAE_LoRA
2026-03-20 19:09:14,351 [INFO]   替換層 2 -> QuantModule_DiffAE_LoRA
2026-03-20 19:09:14,351 [INFO]   替換層 2 -> QuantModule_DiffAE_LoRA
2026-03-20 19:09:14,358 [INFO]   替換層 1 -> QuantModule_DiffAE_LoRA
2026-03-20 19:09:14,358 [INFO]   替換層 1 -> QuantModule_DiffAE_LoRA
2026-03-20 19:09:14,360 [INFO]   替換層 1 -> QuantModule_DiffAE_LoRA
2026-03-20 19:09:14,360 [INFO]   替換層 1 -> QuantModule_DiffAE_LoRA
2026-03-20 19:09:14,361 [INFO]   替換層 3 -> QuantModule_DiffAE_LoRA
2026-03-20 19:09:14,361 [INFO]   替換層 3 -> QuantModule_DiffAE_LoRA
2026-03-20 19:09:14,368 [INFO] 改造模組: output_blocks
2026-03-20 19:09:14,368 [INFO] 改造模組: output_blocks
2026-03-20 19:09:14,368 [INFO]   替換層 2 -> QuantModule_DiffAE_LoRA
2026-03-20 19:09:14,368 [INFO]   替換層 2 -> QuantModule_DiffAE_LoRA
2026-03-20 19:09:14,383 [INFO]   替換層 1 -> QuantModule_DiffAE_LoRA
2026-03-20 19:09:14,383 [INFO]   替換層 1 -> QuantModule_DiffAE_LoRA
2026-03-20 19:09:14,385 [INFO]   替換層 1 -> QuantModule_DiffAE_LoRA
2026-03-20 19:09:14,385 [INFO]   替換層 1 -> QuantModule_DiffAE_LoRA
2026-03-20 19:09:14,386 [INFO]   替換層 3 -> QuantModule_DiffAE_LoRA
2026-03-20 19:09:14,386 [INFO]   替換層 3 -> QuantModule_DiffAE_LoRA
2026-03-20 19:09:14,393 [INFO]   跳過量化 skip connection: skip_connection
2026-03-20 19:09:14,393 [INFO]   跳過量化 skip connection: skip_connection
2026-03-20 19:09:14,393 [INFO]   替換層 2 -> QuantModule_DiffAE_LoRA
2026-03-20 19:09:14,393 [INFO]   替換層 2 -> QuantModule_DiffAE_LoRA
2026-03-20 19:09:14,406 [INFO]   替換層 1 -> QuantModule_DiffAE_LoRA
2026-03-20 19:09:14,406 [INFO]   替換層 1 -> QuantModule_DiffAE_LoRA
2026-03-20 19:09:14,409 [INFO]   替換層 1 -> QuantModule_DiffAE_LoRA
2026-03-20 19:09:14,409 [INFO]   替換層 1 -> QuantModule_DiffAE_LoRA
2026-03-20 19:09:14,410 [INFO]   替換層 3 -> QuantModule_DiffAE_LoRA
2026-03-20 19:09:14,410 [INFO]   替換層 3 -> QuantModule_DiffAE_LoRA
2026-03-20 19:09:14,417 [INFO]   跳過量化 skip connection: skip_connection
2026-03-20 19:09:14,417 [INFO]   跳過量化 skip connection: skip_connection
2026-03-20 19:09:14,417 [INFO]   替換層 2 -> QuantModule_DiffAE_LoRA
2026-03-20 19:09:14,417 [INFO]   替換層 2 -> QuantModule_DiffAE_LoRA
2026-03-20 19:09:14,429 [INFO]   替換層 1 -> QuantModule_DiffAE_LoRA
2026-03-20 19:09:14,429 [INFO]   替換層 1 -> QuantModule_DiffAE_LoRA
2026-03-20 19:09:14,431 [INFO]   替換層 1 -> QuantModule_DiffAE_LoRA
2026-03-20 19:09:14,431 [INFO]   替換層 1 -> QuantModule_DiffAE_LoRA
2026-03-20 19:09:14,432 [INFO]   替換層 3 -> QuantModule_DiffAE_LoRA
2026-03-20 19:09:14,432 [INFO]   替換層 3 -> QuantModule_DiffAE_LoRA
2026-03-20 19:09:14,440 [INFO]   跳過量化 skip connection: skip_connection
2026-03-20 19:09:14,440 [INFO]   跳過量化 skip connection: skip_connection
2026-03-20 19:09:14,440 [INFO]   替換層 2 -> QuantModule_DiffAE_LoRA
2026-03-20 19:09:14,440 [INFO]   替換層 2 -> QuantModule_DiffAE_LoRA
2026-03-20 19:09:14,447 [INFO]   替換層 1 -> QuantModule_DiffAE_LoRA
2026-03-20 19:09:14,447 [INFO]   替換層 1 -> QuantModule_DiffAE_LoRA
2026-03-20 19:09:14,449 [INFO]   替換層 1 -> QuantModule_DiffAE_LoRA
2026-03-20 19:09:14,449 [INFO]   替換層 1 -> QuantModule_DiffAE_LoRA
2026-03-20 19:09:14,450 [INFO]   替換層 3 -> QuantModule_DiffAE_LoRA
2026-03-20 19:09:14,450 [INFO]   替換層 3 -> QuantModule_DiffAE_LoRA
2026-03-20 19:09:14,457 [INFO]   替換層 2 -> QuantModule_DiffAE_LoRA
2026-03-20 19:09:14,457 [INFO]   替換層 2 -> QuantModule_DiffAE_LoRA
2026-03-20 19:09:14,466 [INFO]   替換層 1 -> QuantModule_DiffAE_LoRA
2026-03-20 19:09:14,466 [INFO]   替換層 1 -> QuantModule_DiffAE_LoRA
2026-03-20 19:09:14,468 [INFO]   替換層 1 -> QuantModule_DiffAE_LoRA
2026-03-20 19:09:14,468 [INFO]   替換層 1 -> QuantModule_DiffAE_LoRA
2026-03-20 19:09:14,469 [INFO]   替換層 3 -> QuantModule_DiffAE_LoRA
2026-03-20 19:09:14,469 [INFO]   替換層 3 -> QuantModule_DiffAE_LoRA
2026-03-20 19:09:14,474 [INFO]   跳過量化 skip connection: skip_connection
2026-03-20 19:09:14,474 [INFO]   跳過量化 skip connection: skip_connection
2026-03-20 19:09:14,474 [INFO]   替換層 2 -> QuantModule_DiffAE_LoRA
2026-03-20 19:09:14,474 [INFO]   替換層 2 -> QuantModule_DiffAE_LoRA
2026-03-20 19:09:14,482 [INFO]   替換層 1 -> QuantModule_DiffAE_LoRA
2026-03-20 19:09:14,482 [INFO]   替換層 1 -> QuantModule_DiffAE_LoRA
2026-03-20 19:09:14,483 [INFO]   替換層 1 -> QuantModule_DiffAE_LoRA
2026-03-20 19:09:14,483 [INFO]   替換層 1 -> QuantModule_DiffAE_LoRA
2026-03-20 19:09:14,485 [INFO]   替換層 3 -> QuantModule_DiffAE_LoRA
2026-03-20 19:09:14,485 [INFO]   替換層 3 -> QuantModule_DiffAE_LoRA
2026-03-20 19:09:14,489 [INFO]   跳過量化 skip connection: skip_connection
2026-03-20 19:09:14,489 [INFO]   跳過量化 skip connection: skip_connection
2026-03-20 19:09:14,489 [INFO]   替換層 2 -> QuantModule_DiffAE_LoRA
2026-03-20 19:09:14,489 [INFO]   替換層 2 -> QuantModule_DiffAE_LoRA
2026-03-20 19:09:14,496 [INFO]   替換層 1 -> QuantModule_DiffAE_LoRA
2026-03-20 19:09:14,496 [INFO]   替換層 1 -> QuantModule_DiffAE_LoRA
2026-03-20 19:09:14,497 [INFO]   替換層 1 -> QuantModule_DiffAE_LoRA
2026-03-20 19:09:14,497 [INFO]   替換層 1 -> QuantModule_DiffAE_LoRA
2026-03-20 19:09:14,498 [INFO]   替換層 3 -> QuantModule_DiffAE_LoRA
2026-03-20 19:09:14,498 [INFO]   替換層 3 -> QuantModule_DiffAE_LoRA
2026-03-20 19:09:14,502 [INFO]   跳過量化 skip connection: skip_connection
2026-03-20 19:09:14,502 [INFO]   跳過量化 skip connection: skip_connection
2026-03-20 19:09:14,502 [INFO]   替換層 2 -> QuantModule_DiffAE_LoRA
2026-03-20 19:09:14,502 [INFO]   替換層 2 -> QuantModule_DiffAE_LoRA
2026-03-20 19:09:14,506 [INFO]   替換層 1 -> QuantModule_DiffAE_LoRA
2026-03-20 19:09:14,506 [INFO]   替換層 1 -> QuantModule_DiffAE_LoRA
2026-03-20 19:09:14,508 [INFO]   替換層 1 -> QuantModule_DiffAE_LoRA
2026-03-20 19:09:14,508 [INFO]   替換層 1 -> QuantModule_DiffAE_LoRA
2026-03-20 19:09:14,508 [INFO]   替換層 3 -> QuantModule_DiffAE_LoRA
2026-03-20 19:09:14,508 [INFO]   替換層 3 -> QuantModule_DiffAE_LoRA
2026-03-20 19:09:14,512 [INFO]   替換層 2 -> QuantModule_DiffAE_LoRA
2026-03-20 19:09:14,512 [INFO]   替換層 2 -> QuantModule_DiffAE_LoRA
2026-03-20 19:09:14,517 [INFO]   替換層 1 -> QuantModule_DiffAE_LoRA
2026-03-20 19:09:14,517 [INFO]   替換層 1 -> QuantModule_DiffAE_LoRA
2026-03-20 19:09:14,518 [INFO]   替換層 1 -> QuantModule_DiffAE_LoRA
2026-03-20 19:09:14,518 [INFO]   替換層 1 -> QuantModule_DiffAE_LoRA
2026-03-20 19:09:14,519 [INFO]   替換層 3 -> QuantModule_DiffAE_LoRA
2026-03-20 19:09:14,519 [INFO]   替換層 3 -> QuantModule_DiffAE_LoRA
2026-03-20 19:09:14,521 [INFO]   跳過量化 skip connection: skip_connection
2026-03-20 19:09:14,521 [INFO]   跳過量化 skip connection: skip_connection
2026-03-20 19:09:14,521 [INFO]   替換層 2 -> QuantModule_DiffAE_LoRA
2026-03-20 19:09:14,521 [INFO]   替換層 2 -> QuantModule_DiffAE_LoRA
2026-03-20 19:09:14,526 [INFO]   替換層 1 -> QuantModule_DiffAE_LoRA
2026-03-20 19:09:14,526 [INFO]   替換層 1 -> QuantModule_DiffAE_LoRA
2026-03-20 19:09:14,527 [INFO]   替換層 1 -> QuantModule_DiffAE_LoRA
2026-03-20 19:09:14,527 [INFO]   替換層 1 -> QuantModule_DiffAE_LoRA
2026-03-20 19:09:14,528 [INFO]   替換層 3 -> QuantModule_DiffAE_LoRA
2026-03-20 19:09:14,528 [INFO]   替換層 3 -> QuantModule_DiffAE_LoRA
2026-03-20 19:09:14,529 [INFO]   跳過量化 skip connection: skip_connection
2026-03-20 19:09:14,529 [INFO]   跳過量化 skip connection: skip_connection
2026-03-20 19:09:14,529 [INFO]   替換層 2 -> QuantModule_DiffAE_LoRA
2026-03-20 19:09:14,529 [INFO]   替換層 2 -> QuantModule_DiffAE_LoRA
2026-03-20 19:09:14,532 [INFO]   替換層 1 -> QuantModule_DiffAE_LoRA
2026-03-20 19:09:14,532 [INFO]   替換層 1 -> QuantModule_DiffAE_LoRA
2026-03-20 19:09:14,533 [INFO]   替換層 1 -> QuantModule_DiffAE_LoRA
2026-03-20 19:09:14,533 [INFO]   替換層 1 -> QuantModule_DiffAE_LoRA
2026-03-20 19:09:14,534 [INFO]   替換層 3 -> QuantModule_DiffAE_LoRA
2026-03-20 19:09:14,534 [INFO]   替換層 3 -> QuantModule_DiffAE_LoRA
2026-03-20 19:09:14,536 [INFO]   跳過量化 skip connection: skip_connection
2026-03-20 19:09:14,536 [INFO]   跳過量化 skip connection: skip_connection
2026-03-20 19:09:14,536 [INFO]   替換層 2 -> QuantModule_DiffAE_LoRA
2026-03-20 19:09:14,536 [INFO]   替換層 2 -> QuantModule_DiffAE_LoRA
2026-03-20 19:09:14,538 [INFO]   替換層 1 -> QuantModule_DiffAE_LoRA
2026-03-20 19:09:14,538 [INFO]   替換層 1 -> QuantModule_DiffAE_LoRA
2026-03-20 19:09:14,539 [INFO]   替換層 1 -> QuantModule_DiffAE_LoRA
2026-03-20 19:09:14,539 [INFO]   替換層 1 -> QuantModule_DiffAE_LoRA
2026-03-20 19:09:14,540 [INFO]   替換層 3 -> QuantModule_DiffAE_LoRA
2026-03-20 19:09:14,540 [INFO]   替換層 3 -> QuantModule_DiffAE_LoRA
2026-03-20 19:09:14,542 [INFO]   替換層 2 -> QuantModule_DiffAE_LoRA
2026-03-20 19:09:14,542 [INFO]   替換層 2 -> QuantModule_DiffAE_LoRA
2026-03-20 19:09:14,544 [INFO]   替換層 1 -> QuantModule_DiffAE_LoRA
2026-03-20 19:09:14,544 [INFO]   替換層 1 -> QuantModule_DiffAE_LoRA
2026-03-20 19:09:14,545 [INFO]   替換層 1 -> QuantModule_DiffAE_LoRA
2026-03-20 19:09:14,545 [INFO]   替換層 1 -> QuantModule_DiffAE_LoRA
2026-03-20 19:09:14,545 [INFO]   替換層 3 -> QuantModule_DiffAE_LoRA
2026-03-20 19:09:14,545 [INFO]   替換層 3 -> QuantModule_DiffAE_LoRA
2026-03-20 19:09:14,546 [INFO]   跳過量化 skip connection: skip_connection
2026-03-20 19:09:14,546 [INFO]   跳過量化 skip connection: skip_connection
2026-03-20 19:09:14,546 [INFO]   替換層 2 -> QuantModule_DiffAE_LoRA
2026-03-20 19:09:14,546 [INFO]   替換層 2 -> QuantModule_DiffAE_LoRA
2026-03-20 19:09:14,547 [INFO]   替換層 1 -> QuantModule_DiffAE_LoRA
2026-03-20 19:09:14,547 [INFO]   替換層 1 -> QuantModule_DiffAE_LoRA
2026-03-20 19:09:14,548 [INFO]   替換層 1 -> QuantModule_DiffAE_LoRA
2026-03-20 19:09:14,548 [INFO]   替換層 1 -> QuantModule_DiffAE_LoRA
2026-03-20 19:09:14,548 [INFO]   替換層 3 -> QuantModule_DiffAE_LoRA
2026-03-20 19:09:14,548 [INFO]   替換層 3 -> QuantModule_DiffAE_LoRA
2026-03-20 19:09:14,549 [INFO]   跳過量化 skip connection: skip_connection
2026-03-20 19:09:14,549 [INFO]   跳過量化 skip connection: skip_connection
2026-03-20 19:09:14,549 [INFO]   替換層 2 -> QuantModule_DiffAE_LoRA
2026-03-20 19:09:14,549 [INFO]   替換層 2 -> QuantModule_DiffAE_LoRA
2026-03-20 19:09:14,551 [INFO]   替換層 1 -> QuantModule_DiffAE_LoRA
2026-03-20 19:09:14,551 [INFO]   替換層 1 -> QuantModule_DiffAE_LoRA
2026-03-20 19:09:14,551 [INFO]   替換層 1 -> QuantModule_DiffAE_LoRA
2026-03-20 19:09:14,551 [INFO]   替換層 1 -> QuantModule_DiffAE_LoRA
2026-03-20 19:09:14,552 [INFO]   替換層 3 -> QuantModule_DiffAE_LoRA
2026-03-20 19:09:14,552 [INFO]   替換層 3 -> QuantModule_DiffAE_LoRA
2026-03-20 19:09:14,553 [INFO]   跳過量化 skip connection: skip_connection
2026-03-20 19:09:14,553 [INFO]   跳過量化 skip connection: skip_connection
2026-03-20 19:09:14,553 [INFO]   替換層 2 -> QuantModule_DiffAE_LoRA
2026-03-20 19:09:14,553 [INFO]   替換層 2 -> QuantModule_DiffAE_LoRA
2026-03-20 19:09:14,553 [INFO]   替換層 1 -> QuantModule_DiffAE_LoRA
2026-03-20 19:09:14,553 [INFO]   替換層 1 -> QuantModule_DiffAE_LoRA
2026-03-20 19:09:14,554 [INFO]   替換層 1 -> QuantModule_DiffAE_LoRA
2026-03-20 19:09:14,554 [INFO]   替換層 1 -> QuantModule_DiffAE_LoRA
2026-03-20 19:09:14,555 [INFO]   替換層 3 -> QuantModule_DiffAE_LoRA
2026-03-20 19:09:14,555 [INFO]   替換層 3 -> QuantModule_DiffAE_LoRA
2026-03-20 19:09:14,555 [INFO]   替換層 2 -> QuantModule_DiffAE_LoRA
2026-03-20 19:09:14,555 [INFO]   替換層 2 -> QuantModule_DiffAE_LoRA
2026-03-20 19:09:14,556 [INFO]   替換層 1 -> QuantModule_DiffAE_LoRA
2026-03-20 19:09:14,556 [INFO]   替換層 1 -> QuantModule_DiffAE_LoRA
2026-03-20 19:09:14,557 [INFO]   替換層 1 -> QuantModule_DiffAE_LoRA
2026-03-20 19:09:14,557 [INFO]   替換層 1 -> QuantModule_DiffAE_LoRA
2026-03-20 19:09:14,557 [INFO]   替換層 3 -> QuantModule_DiffAE_LoRA
2026-03-20 19:09:14,557 [INFO]   替換層 3 -> QuantModule_DiffAE_LoRA
2026-03-20 19:09:14,558 [INFO]   跳過量化 skip connection: skip_connection
2026-03-20 19:09:14,558 [INFO]   跳過量化 skip connection: skip_connection
2026-03-20 19:09:14,558 [INFO]   替換層 2 -> QuantModule_DiffAE_LoRA
2026-03-20 19:09:14,558 [INFO]   替換層 2 -> QuantModule_DiffAE_LoRA
2026-03-20 19:09:14,559 [INFO]   替換層 1 -> QuantModule_DiffAE_LoRA
2026-03-20 19:09:14,559 [INFO]   替換層 1 -> QuantModule_DiffAE_LoRA
2026-03-20 19:09:14,560 [INFO]   替換層 1 -> QuantModule_DiffAE_LoRA
2026-03-20 19:09:14,560 [INFO]   替換層 1 -> QuantModule_DiffAE_LoRA
2026-03-20 19:09:14,560 [INFO]   替換層 3 -> QuantModule_DiffAE_LoRA
2026-03-20 19:09:14,560 [INFO]   替換層 3 -> QuantModule_DiffAE_LoRA
2026-03-20 19:09:14,561 [INFO]   跳過量化 skip connection: skip_connection
2026-03-20 19:09:14,561 [INFO]   跳過量化 skip connection: skip_connection
2026-03-20 19:09:14,561 [INFO]   替換層 2 -> QuantModule_DiffAE_LoRA
2026-03-20 19:09:14,561 [INFO]   替換層 2 -> QuantModule_DiffAE_LoRA
2026-03-20 19:09:14,563 [INFO]   替換層 1 -> QuantModule_DiffAE_LoRA
2026-03-20 19:09:14,563 [INFO]   替換層 1 -> QuantModule_DiffAE_LoRA
2026-03-20 19:09:14,563 [INFO]   替換層 1 -> QuantModule_DiffAE_LoRA
2026-03-20 19:09:14,563 [INFO]   替換層 1 -> QuantModule_DiffAE_LoRA
2026-03-20 19:09:14,564 [INFO]   替換層 3 -> QuantModule_DiffAE_LoRA
2026-03-20 19:09:14,564 [INFO]   替換層 3 -> QuantModule_DiffAE_LoRA
2026-03-20 19:09:14,564 [INFO]   跳過量化 skip connection: skip_connection
2026-03-20 19:09:14,564 [INFO]   跳過量化 skip connection: skip_connection
2026-03-20 19:09:14,564 [INFO] 改造模組: out
2026-03-20 19:09:14,564 [INFO] 改造模組: out
2026-03-20 19:09:14,564 [INFO]   跳過量化特殊模組: 2
2026-03-20 19:09:14,564 [INFO]   跳過量化特殊模組: 2
2026-03-20 19:09:14,568 [INFO] 執行 'create_float_quantized_model' 完成，耗時: 0.40 秒
2026-03-20 19:09:14,568 [INFO] 執行 'create_float_quantized_model' 完成，耗時: 0.40 秒
2026-03-20 19:09:14,657 [INFO] 載入校準資料...
2026-03-20 19:09:14,657 [INFO] 載入校準資料...
2026-03-20 19:09:14,880 [INFO] ✅ 載入真實校準資料成功
2026-03-20 19:09:14,880 [INFO] ✅ 載入真實校準資料成功
2026-03-20 19:09:14,883 [INFO] ==================================================
2026-03-20 19:09:14,883 [INFO] ==================================================
2026-03-20 19:09:14,883 [INFO] 5. Setting first and last layers to 8-bit...
2026-03-20 19:09:14,883 [INFO] 5. Setting first and last layers to 8-bit...
2026-03-20 19:09:14,885 [INFO] 找到 144 個量化模組
2026-03-20 19:09:14,885 [INFO] 找到 144 個量化模組
2026-03-20 19:09:14,885 [INFO] ✅ 首尾層 8-bit 設定完成
2026-03-20 19:09:14,885 [INFO] ✅ 首尾層 8-bit 設定完成
2026-03-20 19:09:14,885 [INFO] ✅ 量化模型創建成功
2026-03-20 19:09:14,885 [INFO] ✅ 量化模型創建成功
2026-03-20 19:09:14,885 [INFO] set quant state to True, True for layer 1
2026-03-20 19:09:14,885 [INFO] set quant state to True, True for layer 1
2026-03-20 19:09:14,885 [INFO] set quant state to True, True for layer 2
2026-03-20 19:09:14,885 [INFO] set quant state to True, True for layer 2
2026-03-20 19:09:14,885 [INFO] set quant state to True, False for layer 3
2026-03-20 19:09:14,885 [INFO] set quant state to True, False for layer 3
2026-03-20 19:09:14,887 [INFO] set quant state to True, True for layer 144
2026-03-20 19:09:14,887 [INFO] set quant state to True, True for layer 144
2026-03-20 19:09:15,815 [INFO] EMA(load from ema_model.model.*): provided=1822 effective_loaded=1822 missing=280 unexpected=0
2026-03-20 19:09:15,815 [INFO] EMA(load from ema_model.model.*): provided=1822 effective_loaded=1822 missing=280 unexpected=0
2026-03-20 19:09:15,815 [WARNING] EMA missing keys (前10): ['model.input_blocks.1.0.in_layers.2.intn_dequantizer.delta', 'model.input_blocks.1.0.in_layers.2.intn_dequantizer.zero_point', 'model.input_blocks.1.0.emb_layers.1.intn_dequantizer.delta', 'model.input_blocks.1.0.emb_layers.1.intn_dequantizer.zero_point', 'model.input_blocks.1.0.cond_emb_layers.1.intn_dequantizer.delta', 'model.input_blocks.1.0.cond_emb_layers.1.intn_dequantizer.zero_point', 'model.input_blocks.1.0.out_layers.3.intn_dequantizer.delta', 'model.input_blocks.1.0.out_layers.3.intn_dequantizer.zero_point', 'model.input_blocks.2.0.in_layers.2.intn_dequantizer.delta', 'model.input_blocks.2.0.in_layers.2.intn_dequantizer.zero_point']
2026-03-20 19:09:15,815 [WARNING] EMA missing keys (前10): ['model.input_blocks.1.0.in_layers.2.intn_dequantizer.delta', 'model.input_blocks.1.0.in_layers.2.intn_dequantizer.zero_point', 'model.input_blocks.1.0.emb_layers.1.intn_dequantizer.delta', 'model.input_blocks.1.0.emb_layers.1.intn_dequantizer.zero_point', 'model.input_blocks.1.0.cond_emb_layers.1.intn_dequantizer.delta', 'model.input_blocks.1.0.cond_emb_layers.1.intn_dequantizer.zero_point', 'model.input_blocks.1.0.out_layers.3.intn_dequantizer.delta', 'model.input_blocks.1.0.out_layers.3.intn_dequantizer.zero_point', 'model.input_blocks.2.0.in_layers.2.intn_dequantizer.delta', 'model.input_blocks.2.0.in_layers.2.intn_dequantizer.zero_point']
2026-03-20 19:09:15,872 [INFO] MODEL(load from model.model.*): provided=1822 effective_loaded=1822 missing=280 unexpected=0
2026-03-20 19:09:15,872 [INFO] MODEL(load from model.model.*): provided=1822 effective_loaded=1822 missing=280 unexpected=0
2026-03-20 19:09:15,872 [INFO] ✅ 量化模型載入成功
2026-03-20 19:09:15,872 [INFO] ✅ 量化模型載入成功
2026-03-20 19:09:15,872 [INFO] === 初始化新功能模組 ===
2026-03-20 19:09:15,872 [INFO] === 初始化新功能模組 ===
2026-03-20 19:09:15,902 [INFO] ✅ 基礎模型設定完成
2026-03-20 19:09:15,902 [INFO] ✅ 基礎模型設定完成
2026-03-20 19:09:15,936 [INFO] ==================================================
2026-03-20 19:09:15,936 [INFO] ==================================================
2026-03-20 19:09:15,936 [INFO] 啟用 Similarity Analysis (L1/L2/Cosine)
2026-03-20 19:09:15,936 [INFO] 啟用 Similarity Analysis (L1/L2/Cosine)
2026-03-20 19:09:15,936 [INFO] FID 評估樣本數: 128
2026-03-20 19:09:15,936 [INFO] FID 評估樣本數: 128
2026-03-20 19:09:15,936 [INFO] 實際收集樣本數: 20 (用於加速)
2026-03-20 19:09:15,936 [INFO] 實際收集樣本數: 20 (用於加速)
2026-03-20 19:09:15,936 [INFO] 擴散步數: 100
2026-03-20 19:09:15,936 [INFO] 擴散步數: 100
2026-03-20 19:09:15,936 [INFO] ==================================================
2026-03-20 19:09:15,936 [INFO] ==================================================
2026-03-20 19:09:15,936 [INFO] [Similarity] 註冊 block hook: model.input_blocks.7
2026-03-20 19:09:15,936 [INFO] [Similarity] 註冊 block hook: model.input_blocks.7
2026-03-20 19:09:15,938 [INFO] [Similarity] 註冊 model step hook 完成
2026-03-20 19:09:15,938 [INFO] [Similarity] 註冊 model step hook 完成
Model params: 174.19 M
loading pretrain ... 130M
step: 1019986
loading latent stats ...
local seed: 0
train data: 70001
val data: 70001
on train dataloader start ...
mean: tensor(-0.0606, device='cuda:0') std: tensor(0.0755, device='cuda:0')
generating images:   0%|          | 0/4 [00:00<?, ?it/s]/home/jimmy/diffae/./diffusion/base.py:329: FutureWarning: `torch.cuda.amp.autocast(args...)` is deprecated. Please use `torch.amp.autocast('cuda', args...)` instead.
  with autocast(self.conf.fp16):
2026-03-20 19:09:34,221 [INFO] [Similarity] Batch 0 完成，已收集 20 個樣本
2026-03-20 19:09:34,221 [INFO] [Similarity] Batch 0 完成，已收集 20 個樣本
generating images:  25%|██▌       | 1/4 [00:18<00:55, 18.41s/it]2026-03-20 19:09:52,494 [INFO] [Similarity] Batch 1 完成，已收集 20 個樣本
2026-03-20 19:09:52,494 [INFO] [Similarity] Batch 1 完成，已收集 20 個樣本
generating images:  50%|█████     | 2/4 [00:36<00:36, 18.33s/it]2026-03-20 19:10:10,768 [INFO] [Similarity] Batch 2 完成，已收集 20 個樣本
2026-03-20 19:10:10,768 [INFO] [Similarity] Batch 2 完成，已收集 20 個樣本
generating images:  75%|███████▌  | 3/4 [00:54<00:18, 18.31s/it]2026-03-20 19:10:26,565 [INFO] [Similarity] 已收集 80 个样本，停止数据收集（目标: 80）
2026-03-20 19:10:26,565 [INFO] [Similarity] 已收集 80 个样本，停止数据收集（目标: 80）
2026-03-20 19:10:29,048 [INFO] [Similarity] Batch 3 完成，已收集 20 個樣本
2026-03-20 19:10:29,048 [INFO] [Similarity] Batch 3 完成，已收集 20 個樣本
generating images: 100%|██████████| 4/4 [01:13<00:00, 18.29s/it]generating images: 100%|██████████| 4/4 [01:13<00:00, 18.31s/it]
2026-03-20 19:10:29,179 [INFO] [Similarity] FID@128 100 steps score: 0
2026-03-20 19:10:29,179 [INFO] [Similarity] FID@128 100 steps score: 0
2026-03-20 19:10:29,180 [INFO] [Similarity] model.input_blocks.7 cosine: min=0.072614, max=1.000000, diag_mean=1.000000, off_diag_mean=0.794003, off_diag_std=0.200148
2026-03-20 19:10:29,180 [INFO] [Similarity] model.input_blocks.7 cosine: min=0.072614, max=1.000000, diag_mean=1.000000, off_diag_mean=0.794003, off_diag_std=0.200148
2026-03-20 19:10:30,238 [INFO] ✅ Similarity Analysis 完成
2026-03-20 19:10:30,238 [INFO] ✅ Similarity Analysis 完成
2026-03-20 19:10:30,286 [INFO] 執行 'main_float_model' 完成，耗時: 77.98 秒
2026-03-20 19:10:30,286 [INFO] 執行 'main_float_model' 完成，耗時: 77.98 秒
