/home/jimmy/anaconda3/envs/diffae_bw/lib/python3.10/site-packages/lightning_fabric/__init__.py:41: pkg_resources is deprecated as an API. See https://setuptools.pypa.io/en/latest/pkg_resources.html. The pkg_resources package is slated for removal as early as 2025-11-30. Refrain from using this package or pin to Setuptools<81.
使用自動混合精度: torch.bfloat16
[設定] Log 檔案已設為: QATcode/cache_method/L1_L2_cosine/logs/similarity_model_input_blocks_6.log
2026-01-26 12:00:36,276 [INFO] Using 100 steps
2026-01-26 12:00:36,276 [INFO] Using 50000 evaluation samples
2026-01-26 12:00:36,276 [INFO] Cache enabled: False, method: Res, threshold: 0.1
2026-01-26 12:00:36,277 [INFO] Quantitative analysis enabled: False, samples: 10
2026-01-26 12:00:36,277 [INFO] Log file: QATcode/cache_method/L1_L2_cosine/logs/similarity_model_input_blocks_6.log
2026-01-26 12:00:36,277 [INFO] ==================================================
2026-01-26 12:00:36,277 [INFO] Diff-AE EfficientDM Step 7 : 生成圖片
2026-01-26 12:00:36,277 [INFO] ==================================================
2026-01-26 12:00:36,277 [INFO] 使用設備: cuda
2026-01-26 12:00:36,277 [INFO] === 新功能狀態 ===
2026-01-26 12:00:36,277 [INFO] 載入 Diff-AE 模型: checkpoints/ffhq128_autoenc_latent/last.ckpt
2026-01-26 12:00:36,276 [INFO] Using 100 steps
2026-01-26 12:00:36,276 [INFO] Using 50000 evaluation samples
2026-01-26 12:00:36,276 [INFO] Cache enabled: False, method: Res, threshold: 0.1
2026-01-26 12:00:36,277 [INFO] Quantitative analysis enabled: False, samples: 10
2026-01-26 12:00:36,277 [INFO] Log file: QATcode/cache_method/L1_L2_cosine/logs/similarity_model_input_blocks_6.log
2026-01-26 12:00:36,277 [INFO] ==================================================
2026-01-26 12:00:36,277 [INFO] Diff-AE EfficientDM Step 7 : 生成圖片
2026-01-26 12:00:36,277 [INFO] ==================================================
2026-01-26 12:00:36,277 [INFO] 使用設備: cuda
2026-01-26 12:00:36,277 [INFO] === 新功能狀態 ===
2026-01-26 12:00:36,277 [INFO] 載入 Diff-AE 模型: checkpoints/ffhq128_autoenc_latent/last.ckpt
Seed set to 0
Model params: 174.19 M
loading pretrain ... 130M
step: 1019986
loading latent stats ...
2026-01-26 12:00:39,088 [INFO] Diff-AE 模型載入完成
2026-01-26 12:00:39,088 [INFO] Diff-AE 模型載入完成
2026-01-26 12:00:39,131 [INFO] 執行 'load_diffae_model' 完成，耗時: 2.85 秒
2026-01-26 12:00:39,131 [INFO] ✅ Diff-AE 模型載入成功
2026-01-26 12:00:39,131 [INFO] base_model.conf.train_mode: TrainMode.latent_diffusion
2026-01-26 12:00:39,131 [INFO] === 創建 LoRA 量化模型 ===
2026-01-26 12:00:39,131 [INFO] === 開始 UNet LoRA 量化改造 ===
2026-01-26 12:00:39,131 [INFO] 改造模組: time_embed
2026-01-26 12:00:39,132 [INFO]   跳過量化特殊模組: 0
2026-01-26 12:00:39,131 [INFO] 執行 'load_diffae_model' 完成，耗時: 2.85 秒
2026-01-26 12:00:39,131 [INFO] ✅ Diff-AE 模型載入成功
2026-01-26 12:00:39,131 [INFO] base_model.conf.train_mode: TrainMode.latent_diffusion
2026-01-26 12:00:39,131 [INFO] === 創建 LoRA 量化模型 ===
2026-01-26 12:00:39,131 [INFO] === 開始 UNet LoRA 量化改造 ===
2026-01-26 12:00:39,131 [INFO] 改造模組: time_embed
2026-01-26 12:00:39,132 [INFO]   跳過量化特殊模組: 0
2026-01-26 12:00:39,133 [INFO]   跳過量化特殊模組: 2
2026-01-26 12:00:39,133 [INFO]   跳過量化特殊模組: 2
2026-01-26 12:00:39,134 [INFO] 改造模組: input_blocks
2026-01-26 12:00:39,134 [INFO] 改造模組: input_blocks
2026-01-26 12:00:39,134 [INFO]   跳過量化特殊模組: 0
2026-01-26 12:00:39,134 [INFO]   跳過量化特殊模組: 0
2026-01-26 12:00:39,134 [INFO]   替換層 2 -> QuantModule_DiffAE_LoRA
2026-01-26 12:00:39,134 [INFO]   替換層 2 -> QuantModule_DiffAE_LoRA
2026-01-26 12:00:39,213 [INFO]   替換層 1 -> QuantModule_DiffAE_LoRA
2026-01-26 12:00:39,213 [INFO]   替換層 1 -> QuantModule_DiffAE_LoRA
2026-01-26 12:00:39,220 [INFO]   替換層 1 -> QuantModule_DiffAE_LoRA
2026-01-26 12:00:39,220 [INFO]   替換層 1 -> QuantModule_DiffAE_LoRA
2026-01-26 12:00:39,223 [INFO]   替換層 3 -> QuantModule_DiffAE_LoRA
2026-01-26 12:00:39,223 [INFO]   替換層 3 -> QuantModule_DiffAE_LoRA
2026-01-26 12:00:39,227 [INFO]   替換層 2 -> QuantModule_DiffAE_LoRA
2026-01-26 12:00:39,227 [INFO]   替換層 2 -> QuantModule_DiffAE_LoRA
2026-01-26 12:00:39,237 [INFO]   替換層 1 -> QuantModule_DiffAE_LoRA
2026-01-26 12:00:39,237 [INFO]   替換層 1 -> QuantModule_DiffAE_LoRA
2026-01-26 12:00:39,241 [INFO]   替換層 1 -> QuantModule_DiffAE_LoRA
2026-01-26 12:00:39,241 [INFO]   替換層 1 -> QuantModule_DiffAE_LoRA
2026-01-26 12:00:39,247 [INFO]   替換層 3 -> QuantModule_DiffAE_LoRA
2026-01-26 12:00:39,247 [INFO]   替換層 3 -> QuantModule_DiffAE_LoRA
2026-01-26 12:00:39,253 [INFO]   替換層 2 -> QuantModule_DiffAE_LoRA
2026-01-26 12:00:39,253 [INFO]   替換層 2 -> QuantModule_DiffAE_LoRA
2026-01-26 12:00:39,259 [INFO]   替換層 1 -> QuantModule_DiffAE_LoRA
2026-01-26 12:00:39,259 [INFO]   替換層 1 -> QuantModule_DiffAE_LoRA
2026-01-26 12:00:39,264 [INFO]   替換層 1 -> QuantModule_DiffAE_LoRA
2026-01-26 12:00:39,264 [INFO]   替換層 1 -> QuantModule_DiffAE_LoRA
2026-01-26 12:00:39,270 [INFO]   替換層 3 -> QuantModule_DiffAE_LoRA
2026-01-26 12:00:39,270 [INFO]   替換層 3 -> QuantModule_DiffAE_LoRA
2026-01-26 12:00:39,277 [INFO]   替換層 2 -> QuantModule_DiffAE_LoRA
2026-01-26 12:00:39,277 [INFO]   替換層 2 -> QuantModule_DiffAE_LoRA
2026-01-26 12:00:39,283 [INFO]   替換層 1 -> QuantModule_DiffAE_LoRA
2026-01-26 12:00:39,283 [INFO]   替換層 1 -> QuantModule_DiffAE_LoRA
2026-01-26 12:00:39,289 [INFO]   替換層 1 -> QuantModule_DiffAE_LoRA
2026-01-26 12:00:39,289 [INFO]   替換層 1 -> QuantModule_DiffAE_LoRA
2026-01-26 12:00:39,294 [INFO]   替換層 3 -> QuantModule_DiffAE_LoRA
2026-01-26 12:00:39,294 [INFO]   替換層 3 -> QuantModule_DiffAE_LoRA
2026-01-26 12:00:39,300 [INFO]   替換層 2 -> QuantModule_DiffAE_LoRA
2026-01-26 12:00:39,300 [INFO]   替換層 2 -> QuantModule_DiffAE_LoRA
2026-01-26 12:00:39,307 [INFO]   替換層 1 -> QuantModule_DiffAE_LoRA
2026-01-26 12:00:39,307 [INFO]   替換層 1 -> QuantModule_DiffAE_LoRA
2026-01-26 12:00:39,312 [INFO]   替換層 1 -> QuantModule_DiffAE_LoRA
2026-01-26 12:00:39,312 [INFO]   替換層 1 -> QuantModule_DiffAE_LoRA
2026-01-26 12:00:39,318 [INFO]   替換層 3 -> QuantModule_DiffAE_LoRA
2026-01-26 12:00:39,318 [INFO]   替換層 3 -> QuantModule_DiffAE_LoRA
2026-01-26 12:00:39,324 [INFO]   替換層 2 -> QuantModule_DiffAE_LoRA
2026-01-26 12:00:39,324 [INFO]   替換層 2 -> QuantModule_DiffAE_LoRA
2026-01-26 12:00:39,331 [INFO]   替換層 1 -> QuantModule_DiffAE_LoRA
2026-01-26 12:00:39,331 [INFO]   替換層 1 -> QuantModule_DiffAE_LoRA
2026-01-26 12:00:39,338 [INFO]   替換層 1 -> QuantModule_DiffAE_LoRA
2026-01-26 12:00:39,338 [INFO]   替換層 1 -> QuantModule_DiffAE_LoRA
2026-01-26 12:00:39,343 [INFO]   替換層 3 -> QuantModule_DiffAE_LoRA
2026-01-26 12:00:39,343 [INFO]   替換層 3 -> QuantModule_DiffAE_LoRA
2026-01-26 12:00:39,350 [INFO]   替換層 2 -> QuantModule_DiffAE_LoRA
2026-01-26 12:00:39,350 [INFO]   替換層 2 -> QuantModule_DiffAE_LoRA
2026-01-26 12:00:39,356 [INFO]   替換層 1 -> QuantModule_DiffAE_LoRA
2026-01-26 12:00:39,356 [INFO]   替換層 1 -> QuantModule_DiffAE_LoRA
2026-01-26 12:00:39,362 [INFO]   替換層 1 -> QuantModule_DiffAE_LoRA
2026-01-26 12:00:39,362 [INFO]   替換層 1 -> QuantModule_DiffAE_LoRA
2026-01-26 12:00:39,367 [INFO]   替換層 3 -> QuantModule_DiffAE_LoRA
2026-01-26 12:00:39,367 [INFO]   替換層 3 -> QuantModule_DiffAE_LoRA
2026-01-26 12:00:39,374 [INFO]   跳過量化 skip connection: skip_connection
2026-01-26 12:00:39,374 [INFO]   跳過量化 skip connection: skip_connection
2026-01-26 12:00:39,374 [INFO]   替換層 2 -> QuantModule_DiffAE_LoRA
2026-01-26 12:00:39,374 [INFO]   替換層 2 -> QuantModule_DiffAE_LoRA
2026-01-26 12:00:39,379 [INFO]   替換層 1 -> QuantModule_DiffAE_LoRA
2026-01-26 12:00:39,379 [INFO]   替換層 1 -> QuantModule_DiffAE_LoRA
2026-01-26 12:00:39,380 [INFO]   替換層 1 -> QuantModule_DiffAE_LoRA
2026-01-26 12:00:39,380 [INFO]   替換層 1 -> QuantModule_DiffAE_LoRA
2026-01-26 12:00:39,380 [INFO]   替換層 3 -> QuantModule_DiffAE_LoRA
2026-01-26 12:00:39,380 [INFO]   替換層 3 -> QuantModule_DiffAE_LoRA
2026-01-26 12:00:39,382 [INFO]   替換層 2 -> QuantModule_DiffAE_LoRA
2026-01-26 12:00:39,382 [INFO]   替換層 2 -> QuantModule_DiffAE_LoRA
2026-01-26 12:00:39,383 [INFO]   替換層 1 -> QuantModule_DiffAE_LoRA
2026-01-26 12:00:39,383 [INFO]   替換層 1 -> QuantModule_DiffAE_LoRA
2026-01-26 12:00:39,384 [INFO]   替換層 1 -> QuantModule_DiffAE_LoRA
2026-01-26 12:00:39,384 [INFO]   替換層 1 -> QuantModule_DiffAE_LoRA
2026-01-26 12:00:39,386 [INFO]   替換層 3 -> QuantModule_DiffAE_LoRA
2026-01-26 12:00:39,386 [INFO]   替換層 3 -> QuantModule_DiffAE_LoRA
2026-01-26 12:00:39,387 [INFO]   替換層 2 -> QuantModule_DiffAE_LoRA
2026-01-26 12:00:39,387 [INFO]   替換層 2 -> QuantModule_DiffAE_LoRA
2026-01-26 12:00:39,389 [INFO]   替換層 1 -> QuantModule_DiffAE_LoRA
2026-01-26 12:00:39,389 [INFO]   替換層 1 -> QuantModule_DiffAE_LoRA
2026-01-26 12:00:39,391 [INFO]   替換層 1 -> QuantModule_DiffAE_LoRA
2026-01-26 12:00:39,391 [INFO]   替換層 1 -> QuantModule_DiffAE_LoRA
2026-01-26 12:00:39,391 [INFO]   替換層 3 -> QuantModule_DiffAE_LoRA
2026-01-26 12:00:39,391 [INFO]   替換層 3 -> QuantModule_DiffAE_LoRA
2026-01-26 12:00:39,395 [INFO]   跳過量化 skip connection: skip_connection
2026-01-26 12:00:39,395 [INFO]   跳過量化 skip connection: skip_connection
2026-01-26 12:00:39,395 [INFO]   替換層 2 -> QuantModule_DiffAE_LoRA
2026-01-26 12:00:39,395 [INFO]   替換層 2 -> QuantModule_DiffAE_LoRA
2026-01-26 12:00:39,398 [INFO]   替換層 1 -> QuantModule_DiffAE_LoRA
2026-01-26 12:00:39,398 [INFO]   替換層 1 -> QuantModule_DiffAE_LoRA
2026-01-26 12:00:39,400 [INFO]   替換層 1 -> QuantModule_DiffAE_LoRA
2026-01-26 12:00:39,400 [INFO]   替換層 1 -> QuantModule_DiffAE_LoRA
2026-01-26 12:00:39,402 [INFO]   替換層 3 -> QuantModule_DiffAE_LoRA
2026-01-26 12:00:39,402 [INFO]   替換層 3 -> QuantModule_DiffAE_LoRA
2026-01-26 12:00:39,405 [INFO]   替換層 2 -> QuantModule_DiffAE_LoRA
2026-01-26 12:00:39,405 [INFO]   替換層 2 -> QuantModule_DiffAE_LoRA
2026-01-26 12:00:39,412 [INFO]   替換層 1 -> QuantModule_DiffAE_LoRA
2026-01-26 12:00:39,412 [INFO]   替換層 1 -> QuantModule_DiffAE_LoRA
2026-01-26 12:00:39,416 [INFO]   替換層 1 -> QuantModule_DiffAE_LoRA
2026-01-26 12:00:39,416 [INFO]   替換層 1 -> QuantModule_DiffAE_LoRA
2026-01-26 12:00:39,422 [INFO]   替換層 3 -> QuantModule_DiffAE_LoRA
2026-01-26 12:00:39,422 [INFO]   替換層 3 -> QuantModule_DiffAE_LoRA
2026-01-26 12:00:39,431 [INFO]   替換層 2 -> QuantModule_DiffAE_LoRA
2026-01-26 12:00:39,431 [INFO]   替換層 2 -> QuantModule_DiffAE_LoRA
2026-01-26 12:00:39,439 [INFO]   替換層 1 -> QuantModule_DiffAE_LoRA
2026-01-26 12:00:39,439 [INFO]   替換層 1 -> QuantModule_DiffAE_LoRA
2026-01-26 12:00:39,441 [INFO]   替換層 1 -> QuantModule_DiffAE_LoRA
2026-01-26 12:00:39,441 [INFO]   替換層 1 -> QuantModule_DiffAE_LoRA
2026-01-26 12:00:39,445 [INFO]   替換層 3 -> QuantModule_DiffAE_LoRA
2026-01-26 12:00:39,445 [INFO]   替換層 3 -> QuantModule_DiffAE_LoRA
2026-01-26 12:00:39,451 [INFO]   跳過量化 skip connection: skip_connection
2026-01-26 12:00:39,452 [INFO]   替換層 2 -> QuantModule_DiffAE_LoRA
2026-01-26 12:00:39,451 [INFO]   跳過量化 skip connection: skip_connection
2026-01-26 12:00:39,452 [INFO]   替換層 2 -> QuantModule_DiffAE_LoRA
2026-01-26 12:00:39,461 [INFO]   替換層 1 -> QuantModule_DiffAE_LoRA
2026-01-26 12:00:39,461 [INFO]   替換層 1 -> QuantModule_DiffAE_LoRA
2026-01-26 12:00:39,468 [INFO]   替換層 1 -> QuantModule_DiffAE_LoRA
2026-01-26 12:00:39,468 [INFO]   替換層 1 -> QuantModule_DiffAE_LoRA
2026-01-26 12:00:39,474 [INFO]   替換層 3 -> QuantModule_DiffAE_LoRA
2026-01-26 12:00:39,474 [INFO]   替換層 3 -> QuantModule_DiffAE_LoRA
2026-01-26 12:00:39,483 [INFO] 改造模組: middle_block
2026-01-26 12:00:39,484 [INFO]   替換層 2 -> QuantModule_DiffAE_LoRA
2026-01-26 12:00:39,483 [INFO] 改造模組: middle_block
2026-01-26 12:00:39,484 [INFO]   替換層 2 -> QuantModule_DiffAE_LoRA
2026-01-26 12:00:39,493 [INFO]   替換層 1 -> QuantModule_DiffAE_LoRA
2026-01-26 12:00:39,493 [INFO]   替換層 1 -> QuantModule_DiffAE_LoRA
2026-01-26 12:00:39,501 [INFO]   替換層 1 -> QuantModule_DiffAE_LoRA
2026-01-26 12:00:39,501 [INFO]   替換層 1 -> QuantModule_DiffAE_LoRA
2026-01-26 12:00:39,508 [INFO]   替換層 3 -> QuantModule_DiffAE_LoRA
2026-01-26 12:00:39,508 [INFO]   替換層 3 -> QuantModule_DiffAE_LoRA
2026-01-26 12:00:39,520 [INFO]   替換層 2 -> QuantModule_DiffAE_LoRA
2026-01-26 12:00:39,520 [INFO]   替換層 2 -> QuantModule_DiffAE_LoRA
2026-01-26 12:00:39,533 [INFO]   替換層 1 -> QuantModule_DiffAE_LoRA
2026-01-26 12:00:39,533 [INFO]   替換層 1 -> QuantModule_DiffAE_LoRA
2026-01-26 12:00:39,538 [INFO]   替換層 1 -> QuantModule_DiffAE_LoRA
2026-01-26 12:00:39,538 [INFO]   替換層 1 -> QuantModule_DiffAE_LoRA
2026-01-26 12:00:39,543 [INFO]   替換層 3 -> QuantModule_DiffAE_LoRA
2026-01-26 12:00:39,543 [INFO]   替換層 3 -> QuantModule_DiffAE_LoRA
2026-01-26 12:00:39,555 [INFO] 改造模組: output_blocks
2026-01-26 12:00:39,555 [INFO]   替換層 2 -> QuantModule_DiffAE_LoRA
2026-01-26 12:00:39,555 [INFO] 改造模組: output_blocks
2026-01-26 12:00:39,555 [INFO]   替換層 2 -> QuantModule_DiffAE_LoRA
2026-01-26 12:00:39,573 [INFO]   替換層 1 -> QuantModule_DiffAE_LoRA
2026-01-26 12:00:39,573 [INFO]   替換層 1 -> QuantModule_DiffAE_LoRA
2026-01-26 12:00:39,580 [INFO]   替換層 1 -> QuantModule_DiffAE_LoRA
2026-01-26 12:00:39,580 [INFO]   替換層 1 -> QuantModule_DiffAE_LoRA
2026-01-26 12:00:39,587 [INFO]   替換層 3 -> QuantModule_DiffAE_LoRA
2026-01-26 12:00:39,587 [INFO]   替換層 3 -> QuantModule_DiffAE_LoRA
2026-01-26 12:00:39,596 [INFO]   跳過量化 skip connection: skip_connection
2026-01-26 12:00:39,596 [INFO]   替換層 2 -> QuantModule_DiffAE_LoRA
2026-01-26 12:00:39,596 [INFO]   跳過量化 skip connection: skip_connection
2026-01-26 12:00:39,596 [INFO]   替換層 2 -> QuantModule_DiffAE_LoRA
2026-01-26 12:00:39,615 [INFO]   替換層 1 -> QuantModule_DiffAE_LoRA
2026-01-26 12:00:39,615 [INFO]   替換層 1 -> QuantModule_DiffAE_LoRA
2026-01-26 12:00:39,620 [INFO]   替換層 1 -> QuantModule_DiffAE_LoRA
2026-01-26 12:00:39,620 [INFO]   替換層 1 -> QuantModule_DiffAE_LoRA
2026-01-26 12:00:39,625 [INFO]   替換層 3 -> QuantModule_DiffAE_LoRA
2026-01-26 12:00:39,625 [INFO]   替換層 3 -> QuantModule_DiffAE_LoRA
2026-01-26 12:00:39,637 [INFO]   跳過量化 skip connection: skip_connection
2026-01-26 12:00:39,637 [INFO]   替換層 2 -> QuantModule_DiffAE_LoRA
2026-01-26 12:00:39,637 [INFO]   跳過量化 skip connection: skip_connection
2026-01-26 12:00:39,637 [INFO]   替換層 2 -> QuantModule_DiffAE_LoRA
2026-01-26 12:00:39,652 [INFO]   替換層 1 -> QuantModule_DiffAE_LoRA
2026-01-26 12:00:39,652 [INFO]   替換層 1 -> QuantModule_DiffAE_LoRA
2026-01-26 12:00:39,656 [INFO]   替換層 1 -> QuantModule_DiffAE_LoRA
2026-01-26 12:00:39,657 [INFO]   替換層 3 -> QuantModule_DiffAE_LoRA
2026-01-26 12:00:39,656 [INFO]   替換層 1 -> QuantModule_DiffAE_LoRA
2026-01-26 12:00:39,657 [INFO]   替換層 3 -> QuantModule_DiffAE_LoRA
2026-01-26 12:00:39,664 [INFO]   跳過量化 skip connection: skip_connection
2026-01-26 12:00:39,664 [INFO]   替換層 2 -> QuantModule_DiffAE_LoRA
2026-01-26 12:00:39,664 [INFO]   跳過量化 skip connection: skip_connection
2026-01-26 12:00:39,664 [INFO]   替換層 2 -> QuantModule_DiffAE_LoRA
2026-01-26 12:00:39,673 [INFO]   替換層 1 -> QuantModule_DiffAE_LoRA
2026-01-26 12:00:39,673 [INFO]   替換層 1 -> QuantModule_DiffAE_LoRA
2026-01-26 12:00:39,679 [INFO]   替換層 1 -> QuantModule_DiffAE_LoRA
2026-01-26 12:00:39,679 [INFO]   替換層 1 -> QuantModule_DiffAE_LoRA
2026-01-26 12:00:39,684 [INFO]   替換層 3 -> QuantModule_DiffAE_LoRA
2026-01-26 12:00:39,684 [INFO]   替換層 3 -> QuantModule_DiffAE_LoRA
2026-01-26 12:00:39,695 [INFO]   替換層 2 -> QuantModule_DiffAE_LoRA
2026-01-26 12:00:39,695 [INFO]   替換層 2 -> QuantModule_DiffAE_LoRA
2026-01-26 12:00:39,709 [INFO]   替換層 1 -> QuantModule_DiffAE_LoRA
2026-01-26 12:00:39,709 [INFO]   替換層 1 -> QuantModule_DiffAE_LoRA
2026-01-26 12:00:39,714 [INFO]   替換層 1 -> QuantModule_DiffAE_LoRA
2026-01-26 12:00:39,714 [INFO]   替換層 1 -> QuantModule_DiffAE_LoRA
2026-01-26 12:00:39,720 [INFO]   替換層 3 -> QuantModule_DiffAE_LoRA
2026-01-26 12:00:39,720 [INFO]   替換層 3 -> QuantModule_DiffAE_LoRA
2026-01-26 12:00:39,729 [INFO]   跳過量化 skip connection: skip_connection
2026-01-26 12:00:39,729 [INFO]   替換層 2 -> QuantModule_DiffAE_LoRA
2026-01-26 12:00:39,729 [INFO]   跳過量化 skip connection: skip_connection
2026-01-26 12:00:39,729 [INFO]   替換層 2 -> QuantModule_DiffAE_LoRA
2026-01-26 12:00:39,740 [INFO]   替換層 1 -> QuantModule_DiffAE_LoRA
2026-01-26 12:00:39,740 [INFO]   替換層 1 -> QuantModule_DiffAE_LoRA
2026-01-26 12:00:39,744 [INFO]   替換層 1 -> QuantModule_DiffAE_LoRA
2026-01-26 12:00:39,744 [INFO]   替換層 1 -> QuantModule_DiffAE_LoRA
2026-01-26 12:00:39,750 [INFO]   替換層 3 -> QuantModule_DiffAE_LoRA
2026-01-26 12:00:39,750 [INFO]   替換層 3 -> QuantModule_DiffAE_LoRA
2026-01-26 12:00:39,758 [INFO]   跳過量化 skip connection: skip_connection
2026-01-26 12:00:39,758 [INFO]   跳過量化 skip connection: skip_connection
2026-01-26 12:00:39,758 [INFO]   替換層 2 -> QuantModule_DiffAE_LoRA
2026-01-26 12:00:39,758 [INFO]   替換層 2 -> QuantModule_DiffAE_LoRA
2026-01-26 12:00:39,767 [INFO]   替換層 1 -> QuantModule_DiffAE_LoRA
2026-01-26 12:00:39,767 [INFO]   替換層 1 -> QuantModule_DiffAE_LoRA
2026-01-26 12:00:39,769 [INFO]   替換層 1 -> QuantModule_DiffAE_LoRA
2026-01-26 12:00:39,769 [INFO]   替換層 1 -> QuantModule_DiffAE_LoRA
2026-01-26 12:00:39,775 [INFO]   替換層 3 -> QuantModule_DiffAE_LoRA
2026-01-26 12:00:39,775 [INFO]   替換層 3 -> QuantModule_DiffAE_LoRA
2026-01-26 12:00:39,783 [INFO]   跳過量化 skip connection: skip_connection
2026-01-26 12:00:39,783 [INFO]   替換層 2 -> QuantModule_DiffAE_LoRA
2026-01-26 12:00:39,783 [INFO]   跳過量化 skip connection: skip_connection
2026-01-26 12:00:39,783 [INFO]   替換層 2 -> QuantModule_DiffAE_LoRA
2026-01-26 12:00:39,788 [INFO]   替換層 1 -> QuantModule_DiffAE_LoRA
2026-01-26 12:00:39,788 [INFO]   替換層 1 -> QuantModule_DiffAE_LoRA
2026-01-26 12:00:39,792 [INFO]   替換層 1 -> QuantModule_DiffAE_LoRA
2026-01-26 12:00:39,794 [INFO]   替換層 3 -> QuantModule_DiffAE_LoRA
2026-01-26 12:00:39,792 [INFO]   替換層 1 -> QuantModule_DiffAE_LoRA
2026-01-26 12:00:39,794 [INFO]   替換層 3 -> QuantModule_DiffAE_LoRA
2026-01-26 12:00:39,798 [INFO]   替換層 2 -> QuantModule_DiffAE_LoRA
2026-01-26 12:00:39,798 [INFO]   替換層 2 -> QuantModule_DiffAE_LoRA
2026-01-26 12:00:39,805 [INFO]   替換層 1 -> QuantModule_DiffAE_LoRA
2026-01-26 12:00:39,805 [INFO]   替換層 1 -> QuantModule_DiffAE_LoRA
2026-01-26 12:00:39,806 [INFO]   替換層 1 -> QuantModule_DiffAE_LoRA
2026-01-26 12:00:39,806 [INFO]   替換層 1 -> QuantModule_DiffAE_LoRA
2026-01-26 12:00:39,807 [INFO]   替換層 3 -> QuantModule_DiffAE_LoRA
2026-01-26 12:00:39,807 [INFO]   替換層 3 -> QuantModule_DiffAE_LoRA
2026-01-26 12:00:39,808 [INFO]   跳過量化 skip connection: skip_connection
2026-01-26 12:00:39,808 [INFO]   跳過量化 skip connection: skip_connection
2026-01-26 12:00:39,808 [INFO]   替換層 2 -> QuantModule_DiffAE_LoRA
2026-01-26 12:00:39,808 [INFO]   替換層 2 -> QuantModule_DiffAE_LoRA
2026-01-26 12:00:39,812 [INFO]   替換層 1 -> QuantModule_DiffAE_LoRA
2026-01-26 12:00:39,812 [INFO]   替換層 1 -> QuantModule_DiffAE_LoRA
2026-01-26 12:00:39,813 [INFO]   替換層 1 -> QuantModule_DiffAE_LoRA
2026-01-26 12:00:39,814 [INFO]   替換層 3 -> QuantModule_DiffAE_LoRA
2026-01-26 12:00:39,813 [INFO]   替換層 1 -> QuantModule_DiffAE_LoRA
2026-01-26 12:00:39,814 [INFO]   替換層 3 -> QuantModule_DiffAE_LoRA
2026-01-26 12:00:39,815 [INFO]   跳過量化 skip connection: skip_connection
2026-01-26 12:00:39,815 [INFO]   跳過量化 skip connection: skip_connection
2026-01-26 12:00:39,815 [INFO]   替換層 2 -> QuantModule_DiffAE_LoRA
2026-01-26 12:00:39,815 [INFO]   替換層 2 -> QuantModule_DiffAE_LoRA
2026-01-26 12:00:39,818 [INFO]   替換層 1 -> QuantModule_DiffAE_LoRA
2026-01-26 12:00:39,818 [INFO]   替換層 1 -> QuantModule_DiffAE_LoRA
2026-01-26 12:00:39,819 [INFO]   替換層 1 -> QuantModule_DiffAE_LoRA
2026-01-26 12:00:39,819 [INFO]   替換層 1 -> QuantModule_DiffAE_LoRA
2026-01-26 12:00:39,819 [INFO]   替換層 3 -> QuantModule_DiffAE_LoRA
2026-01-26 12:00:39,819 [INFO]   替換層 3 -> QuantModule_DiffAE_LoRA
2026-01-26 12:00:39,821 [INFO]   跳過量化 skip connection: skip_connection
2026-01-26 12:00:39,821 [INFO]   跳過量化 skip connection: skip_connection
2026-01-26 12:00:39,821 [INFO]   替換層 2 -> QuantModule_DiffAE_LoRA
2026-01-26 12:00:39,821 [INFO]   替換層 2 -> QuantModule_DiffAE_LoRA
2026-01-26 12:00:39,823 [INFO]   替換層 1 -> QuantModule_DiffAE_LoRA
2026-01-26 12:00:39,823 [INFO]   替換層 1 -> QuantModule_DiffAE_LoRA
2026-01-26 12:00:39,823 [INFO]   替換層 1 -> QuantModule_DiffAE_LoRA
2026-01-26 12:00:39,823 [INFO]   替換層 1 -> QuantModule_DiffAE_LoRA
2026-01-26 12:00:39,824 [INFO]   替換層 3 -> QuantModule_DiffAE_LoRA
2026-01-26 12:00:39,824 [INFO]   替換層 3 -> QuantModule_DiffAE_LoRA
2026-01-26 12:00:39,826 [INFO]   替換層 2 -> QuantModule_DiffAE_LoRA
2026-01-26 12:00:39,826 [INFO]   替換層 2 -> QuantModule_DiffAE_LoRA
2026-01-26 12:00:39,827 [INFO]   替換層 1 -> QuantModule_DiffAE_LoRA
2026-01-26 12:00:39,827 [INFO]   替換層 1 -> QuantModule_DiffAE_LoRA
2026-01-26 12:00:39,828 [INFO]   替換層 1 -> QuantModule_DiffAE_LoRA
2026-01-26 12:00:39,828 [INFO]   替換層 1 -> QuantModule_DiffAE_LoRA
2026-01-26 12:00:39,828 [INFO]   替換層 3 -> QuantModule_DiffAE_LoRA
2026-01-26 12:00:39,828 [INFO]   替換層 3 -> QuantModule_DiffAE_LoRA
2026-01-26 12:00:39,829 [INFO]   跳過量化 skip connection: skip_connection
2026-01-26 12:00:39,829 [INFO]   跳過量化 skip connection: skip_connection
2026-01-26 12:00:39,829 [INFO]   替換層 2 -> QuantModule_DiffAE_LoRA
2026-01-26 12:00:39,829 [INFO]   替換層 2 -> QuantModule_DiffAE_LoRA
2026-01-26 12:00:39,830 [INFO]   替換層 1 -> QuantModule_DiffAE_LoRA
2026-01-26 12:00:39,830 [INFO]   替換層 1 -> QuantModule_DiffAE_LoRA
2026-01-26 12:00:39,831 [INFO]   替換層 1 -> QuantModule_DiffAE_LoRA
2026-01-26 12:00:39,831 [INFO]   替換層 1 -> QuantModule_DiffAE_LoRA
2026-01-26 12:00:39,831 [INFO]   替換層 3 -> QuantModule_DiffAE_LoRA
2026-01-26 12:00:39,831 [INFO]   替換層 3 -> QuantModule_DiffAE_LoRA
2026-01-26 12:00:39,832 [INFO]   跳過量化 skip connection: skip_connection
2026-01-26 12:00:39,832 [INFO]   跳過量化 skip connection: skip_connection
2026-01-26 12:00:39,832 [INFO]   替換層 2 -> QuantModule_DiffAE_LoRA
2026-01-26 12:00:39,832 [INFO]   替換層 2 -> QuantModule_DiffAE_LoRA
2026-01-26 12:00:39,833 [INFO]   替換層 1 -> QuantModule_DiffAE_LoRA
2026-01-26 12:00:39,833 [INFO]   替換層 1 -> QuantModule_DiffAE_LoRA
2026-01-26 12:00:39,833 [INFO]   替換層 1 -> QuantModule_DiffAE_LoRA
2026-01-26 12:00:39,833 [INFO]   替換層 1 -> QuantModule_DiffAE_LoRA
2026-01-26 12:00:39,834 [INFO]   替換層 3 -> QuantModule_DiffAE_LoRA
2026-01-26 12:00:39,834 [INFO]   替換層 3 -> QuantModule_DiffAE_LoRA
2026-01-26 12:00:39,834 [INFO]   跳過量化 skip connection: skip_connection
2026-01-26 12:00:39,834 [INFO]   跳過量化 skip connection: skip_connection
2026-01-26 12:00:39,835 [INFO]   替換層 2 -> QuantModule_DiffAE_LoRA
2026-01-26 12:00:39,835 [INFO]   替換層 2 -> QuantModule_DiffAE_LoRA
2026-01-26 12:00:39,835 [INFO]   替換層 1 -> QuantModule_DiffAE_LoRA
2026-01-26 12:00:39,835 [INFO]   替換層 1 -> QuantModule_DiffAE_LoRA
2026-01-26 12:00:39,836 [INFO]   替換層 1 -> QuantModule_DiffAE_LoRA
2026-01-26 12:00:39,836 [INFO]   替換層 1 -> QuantModule_DiffAE_LoRA
2026-01-26 12:00:39,836 [INFO]   替換層 3 -> QuantModule_DiffAE_LoRA
2026-01-26 12:00:39,836 [INFO]   替換層 3 -> QuantModule_DiffAE_LoRA
2026-01-26 12:00:39,837 [INFO]   替換層 2 -> QuantModule_DiffAE_LoRA
2026-01-26 12:00:39,837 [INFO]   替換層 2 -> QuantModule_DiffAE_LoRA
2026-01-26 12:00:39,838 [INFO]   替換層 1 -> QuantModule_DiffAE_LoRA
2026-01-26 12:00:39,838 [INFO]   替換層 1 -> QuantModule_DiffAE_LoRA
2026-01-26 12:00:39,839 [INFO]   替換層 1 -> QuantModule_DiffAE_LoRA
2026-01-26 12:00:39,839 [INFO]   替換層 1 -> QuantModule_DiffAE_LoRA
2026-01-26 12:00:39,839 [INFO]   替換層 3 -> QuantModule_DiffAE_LoRA
2026-01-26 12:00:39,839 [INFO]   替換層 3 -> QuantModule_DiffAE_LoRA
2026-01-26 12:00:39,840 [INFO]   跳過量化 skip connection: skip_connection
2026-01-26 12:00:39,840 [INFO]   跳過量化 skip connection: skip_connection
2026-01-26 12:00:39,840 [INFO]   替換層 2 -> QuantModule_DiffAE_LoRA
2026-01-26 12:00:39,840 [INFO]   替換層 2 -> QuantModule_DiffAE_LoRA
2026-01-26 12:00:39,841 [INFO]   替換層 1 -> QuantModule_DiffAE_LoRA
2026-01-26 12:00:39,841 [INFO]   替換層 1 -> QuantModule_DiffAE_LoRA
2026-01-26 12:00:39,841 [INFO]   替換層 1 -> QuantModule_DiffAE_LoRA
2026-01-26 12:00:39,841 [INFO]   替換層 1 -> QuantModule_DiffAE_LoRA
2026-01-26 12:00:39,842 [INFO]   替換層 3 -> QuantModule_DiffAE_LoRA
2026-01-26 12:00:39,842 [INFO]   替換層 3 -> QuantModule_DiffAE_LoRA
2026-01-26 12:00:39,842 [INFO]   跳過量化 skip connection: skip_connection
2026-01-26 12:00:39,842 [INFO]   跳過量化 skip connection: skip_connection
2026-01-26 12:00:39,842 [INFO]   替換層 2 -> QuantModule_DiffAE_LoRA
2026-01-26 12:00:39,842 [INFO]   替換層 2 -> QuantModule_DiffAE_LoRA
2026-01-26 12:00:39,843 [INFO]   替換層 1 -> QuantModule_DiffAE_LoRA
2026-01-26 12:00:39,843 [INFO]   替換層 1 -> QuantModule_DiffAE_LoRA
2026-01-26 12:00:39,844 [INFO]   替換層 1 -> QuantModule_DiffAE_LoRA
2026-01-26 12:00:39,844 [INFO]   替換層 1 -> QuantModule_DiffAE_LoRA
2026-01-26 12:00:39,844 [INFO]   替換層 3 -> QuantModule_DiffAE_LoRA
2026-01-26 12:00:39,844 [INFO]   替換層 3 -> QuantModule_DiffAE_LoRA
2026-01-26 12:00:39,845 [INFO]   跳過量化 skip connection: skip_connection
2026-01-26 12:00:39,845 [INFO]   跳過量化 skip connection: skip_connection
2026-01-26 12:00:39,845 [INFO] 改造模組: out
2026-01-26 12:00:39,845 [INFO] 改造模組: out
2026-01-26 12:00:39,845 [INFO]   跳過量化特殊模組: 2
2026-01-26 12:00:39,845 [INFO]   跳過量化特殊模組: 2
2026-01-26 12:00:39,848 [INFO] 執行 'create_float_quantized_model' 完成，耗時: 0.72 秒
2026-01-26 12:00:39,848 [INFO] 執行 'create_float_quantized_model' 完成，耗時: 0.72 秒
2026-01-26 12:00:39,972 [INFO] 載入校準資料...
2026-01-26 12:00:39,972 [INFO] 載入校準資料...
2026-01-26 12:00:40,409 [INFO] ✅ 載入真實校準資料成功
2026-01-26 12:00:40,409 [INFO] ✅ 載入真實校準資料成功
2026-01-26 12:00:40,411 [INFO] ==================================================
2026-01-26 12:00:40,411 [INFO] ==================================================
2026-01-26 12:00:40,411 [INFO] 5. Setting first and last layers to 8-bit...
2026-01-26 12:00:40,411 [INFO] 5. Setting first and last layers to 8-bit...
2026-01-26 12:00:40,412 [INFO] 找到 144 個量化模組
2026-01-26 12:00:40,412 [INFO] 找到 144 個量化模組
2026-01-26 12:00:40,413 [INFO] ✅ 首尾層 8-bit 設定完成
2026-01-26 12:00:40,413 [INFO] ✅ 量化模型創建成功
2026-01-26 12:00:40,413 [INFO] set quant state to True, True for layer 1
2026-01-26 12:00:40,413 [INFO] set quant state to True, True for layer 2
2026-01-26 12:00:40,413 [INFO] set quant state to True, False for layer 3
2026-01-26 12:00:40,413 [INFO] ✅ 首尾層 8-bit 設定完成
2026-01-26 12:00:40,413 [INFO] ✅ 量化模型創建成功
2026-01-26 12:00:40,413 [INFO] set quant state to True, True for layer 1
2026-01-26 12:00:40,413 [INFO] set quant state to True, True for layer 2
2026-01-26 12:00:40,413 [INFO] set quant state to True, False for layer 3
2026-01-26 12:00:40,414 [INFO] set quant state to True, True for layer 144
2026-01-26 12:00:40,414 [INFO] set quant state to True, True for layer 144
2026-01-26 12:00:41,543 [INFO] ✅ 量化模型載入成功
2026-01-26 12:00:41,544 [INFO] === 初始化新功能模組 ===
2026-01-26 12:00:41,543 [INFO] ✅ 量化模型載入成功
2026-01-26 12:00:41,544 [INFO] === 初始化新功能模組 ===
2026-01-26 12:00:41,568 [INFO] ✅ 基礎模型設定完成
local seed: 0
train data: 70001
val data: 70001
2026-01-26 12:00:41,568 [INFO] ✅ 基礎模型設定完成
on train dataloader start ...
mean: tensor(-0.0606, device='cuda:0') std: tensor(0.0755, device='cuda:0')
2026-01-26 12:00:41,627 [INFO] ==================================================
2026-01-26 12:00:41,627 [INFO] ==================================================
2026-01-26 12:00:41,627 [INFO] 啟用 Similarity Analysis (L1/L2/Cosine)
2026-01-26 12:00:41,627 [INFO] 啟用 Similarity Analysis (L1/L2/Cosine)
2026-01-26 12:00:41,627 [INFO] FID 評估樣本數: 128
2026-01-26 12:00:41,627 [INFO] FID 評估樣本數: 128
2026-01-26 12:00:41,627 [INFO] 實際收集樣本數: 20 (用於加速)
2026-01-26 12:00:41,627 [INFO] 實際收集樣本數: 20 (用於加速)
2026-01-26 12:00:41,627 [INFO] 擴散步數: 100
2026-01-26 12:00:41,627 [INFO] 擴散步數: 100
2026-01-26 12:00:41,627 [INFO] ==================================================
2026-01-26 12:00:41,627 [INFO] ==================================================
2026-01-26 12:00:41,627 [INFO] [Similarity] 註冊 block hook: model.input_blocks.6
2026-01-26 12:00:41,627 [INFO] [Similarity] 註冊 block hook: model.input_blocks.6
2026-01-26 12:00:41,628 [INFO] [Similarity] 註冊 model step hook 完成
2026-01-26 12:00:41,628 [INFO] [Similarity] 註冊 model step hook 完成
generating images:   0%|          | 0/4 [00:00<?, ?it/s]/home/jimmy/diffae/./diffusion/base.py:329: FutureWarning: `torch.cuda.amp.autocast(args...)` is deprecated. Please use `torch.amp.autocast('cuda', args...)` instead.
  with autocast(self.conf.fp16):
2026-01-26 12:00:59,296 [INFO] [Similarity] Batch 0 完成，已收集 20 個樣本
2026-01-26 12:00:59,296 [INFO] [Similarity] Batch 0 完成，已收集 20 個樣本
generating images:  25%|██▌       | 1/4 [00:17<00:53, 17.98s/it]2026-01-26 12:01:17,053 [INFO] [Similarity] Batch 1 完成，已收集 20 個樣本
2026-01-26 12:01:17,053 [INFO] [Similarity] Batch 1 完成，已收集 20 個樣本
generating images:  50%|█████     | 2/4 [00:35<00:35, 17.84s/it]2026-01-26 12:01:34,797 [INFO] [Similarity] Batch 2 完成，已收集 20 個樣本
2026-01-26 12:01:34,797 [INFO] [Similarity] Batch 2 完成，已收集 20 個樣本
generating images:  75%|███████▌  | 3/4 [00:53<00:17, 17.80s/it]2026-01-26 12:01:50,755 [INFO] [Similarity] 已收集 80 个样本，停止数据收集（目标: 80）
2026-01-26 12:01:50,755 [INFO] [Similarity] 已收集 80 个样本，停止数据收集（目标: 80）
2026-01-26 12:01:52,553 [INFO] [Similarity] Batch 3 完成，已收集 20 個樣本
2026-01-26 12:01:52,553 [INFO] [Similarity] Batch 3 完成，已收集 20 個樣本
2026-01-26 12:01:52,891 [INFO] [Similarity] FID@128 100 steps score: 0
generating images: 100%|██████████| 4/4 [01:11<00:00, 17.79s/it]generating images: 100%|██████████| 4/4 [01:11<00:00, 17.81s/it]
2026-01-26 12:01:52,891 [INFO] [Similarity] FID@128 100 steps score: 0
2026-01-26 12:01:52,892 [INFO] [Similarity] model.input_blocks.6 cosine: min=0.050826, max=1.000000, diag_mean=1.000000, off_diag_mean=0.786246, off_diag_std=0.202023
2026-01-26 12:01:52,892 [INFO] [Similarity] model.input_blocks.6 cosine: min=0.050826, max=1.000000, diag_mean=1.000000, off_diag_mean=0.786246, off_diag_std=0.202023
2026-01-26 12:01:54,015 [INFO] ✅ Similarity Analysis 完成
2026-01-26 12:01:54,015 [INFO] ✅ Similarity Analysis 完成
2026-01-26 12:01:54,054 [INFO] 執行 'main_float_model' 完成，耗時: 77.78 秒
2026-01-26 12:01:54,054 [INFO] 執行 'main_float_model' 完成，耗時: 77.78 秒
/home/jimmy/anaconda3/envs/diffae_bw/lib/python3.10/site-packages/torchmetrics/utilities/imports.py:21: UserWarning: pkg_resources is deprecated as an API. See https://setuptools.pypa.io/en/latest/pkg_resources.html. The pkg_resources package is slated for removal as early as 2025-11-30. Refrain from using this package or pin to Setuptools<81.
  from pkg_resources import DistributionNotFound, get_distribution
使用自動混合精度: torch.bfloat16
[設定] Log 檔案已設為: QATcode/cache_method/L1_L2_cosine/logs/similarity_model_input_blocks_6.log
2026-03-20 19:07:55,298 [INFO] Using 100 steps
2026-03-20 19:07:55,298 [INFO] Using 100 steps
2026-03-20 19:07:55,298 [INFO] Using 50000 evaluation samples
2026-03-20 19:07:55,298 [INFO] Using 50000 evaluation samples
2026-03-20 19:07:55,298 [INFO] Cache enabled: False, method: Res, threshold: 0.1
2026-03-20 19:07:55,298 [INFO] Cache enabled: False, method: Res, threshold: 0.1
2026-03-20 19:07:55,298 [INFO] Quantitative analysis enabled: False, samples: 10
2026-03-20 19:07:55,298 [INFO] Quantitative analysis enabled: False, samples: 10
2026-03-20 19:07:55,298 [INFO] Log file: QATcode/cache_method/L1_L2_cosine/logs/similarity_model_input_blocks_6.log
2026-03-20 19:07:55,298 [INFO] Log file: QATcode/cache_method/L1_L2_cosine/logs/similarity_model_input_blocks_6.log
2026-03-20 19:07:55,298 [INFO] ==================================================
2026-03-20 19:07:55,298 [INFO] ==================================================
2026-03-20 19:07:55,298 [INFO] Diff-AE EfficientDM Step 7 : 生成圖片
2026-03-20 19:07:55,298 [INFO] Diff-AE EfficientDM Step 7 : 生成圖片
2026-03-20 19:07:55,298 [INFO] ==================================================
2026-03-20 19:07:55,298 [INFO] ==================================================
2026-03-20 19:07:55,298 [INFO] 使用設備: cuda
2026-03-20 19:07:55,298 [INFO] 使用設備: cuda
2026-03-20 19:07:55,298 [INFO] === 新功能狀態 ===
2026-03-20 19:07:55,298 [INFO] === 新功能狀態 ===
2026-03-20 19:07:55,298 [INFO] 載入 Diff-AE 模型: checkpoints/ffhq128_autoenc_latent/last.ckpt
2026-03-20 19:07:55,298 [INFO] 載入 Diff-AE 模型: checkpoints/ffhq128_autoenc_latent/last.ckpt
Global seed set to 0
2026-03-20 19:07:57,106 [INFO] Diff-AE 模型載入完成
2026-03-20 19:07:57,106 [INFO] Diff-AE 模型載入完成
2026-03-20 19:07:57,160 [INFO] 執行 'load_diffae_model' 完成，耗時: 1.86 秒
2026-03-20 19:07:57,160 [INFO] 執行 'load_diffae_model' 完成，耗時: 1.86 秒
2026-03-20 19:07:57,161 [INFO] ✅ Diff-AE 模型載入成功
2026-03-20 19:07:57,161 [INFO] ✅ Diff-AE 模型載入成功
2026-03-20 19:07:57,161 [INFO] base_model.conf.train_mode: TrainMode.latent_diffusion
2026-03-20 19:07:57,161 [INFO] base_model.conf.train_mode: TrainMode.latent_diffusion
2026-03-20 19:07:57,161 [INFO] === 創建 LoRA 量化模型 ===
2026-03-20 19:07:57,161 [INFO] === 創建 LoRA 量化模型 ===
2026-03-20 19:07:57,161 [INFO] === 開始 UNet LoRA 量化改造 ===
2026-03-20 19:07:57,161 [INFO] === 開始 UNet LoRA 量化改造 ===
2026-03-20 19:07:57,161 [INFO] 改造模組: time_embed
2026-03-20 19:07:57,161 [INFO] 改造模組: time_embed
2026-03-20 19:07:57,161 [INFO]   跳過量化特殊模組: 0
2026-03-20 19:07:57,161 [INFO]   跳過量化特殊模組: 0
2026-03-20 19:07:57,161 [INFO]   跳過量化特殊模組: 2
2026-03-20 19:07:57,161 [INFO]   跳過量化特殊模組: 2
2026-03-20 19:07:57,161 [INFO] 改造模組: input_blocks
2026-03-20 19:07:57,161 [INFO] 改造模組: input_blocks
2026-03-20 19:07:57,161 [INFO]   跳過量化特殊模組: 0
2026-03-20 19:07:57,161 [INFO]   跳過量化特殊模組: 0
2026-03-20 19:07:57,162 [INFO]   替換層 2 -> QuantModule_DiffAE_LoRA
2026-03-20 19:07:57,162 [INFO]   替換層 2 -> QuantModule_DiffAE_LoRA
2026-03-20 19:07:57,224 [INFO]   替換層 1 -> QuantModule_DiffAE_LoRA
2026-03-20 19:07:57,224 [INFO]   替換層 1 -> QuantModule_DiffAE_LoRA
2026-03-20 19:07:57,225 [INFO]   替換層 1 -> QuantModule_DiffAE_LoRA
2026-03-20 19:07:57,225 [INFO]   替換層 1 -> QuantModule_DiffAE_LoRA
2026-03-20 19:07:57,225 [INFO]   替換層 3 -> QuantModule_DiffAE_LoRA
2026-03-20 19:07:57,225 [INFO]   替換層 3 -> QuantModule_DiffAE_LoRA
2026-03-20 19:07:57,226 [INFO]   替換層 2 -> QuantModule_DiffAE_LoRA
2026-03-20 19:07:57,226 [INFO]   替換層 2 -> QuantModule_DiffAE_LoRA
2026-03-20 19:07:57,227 [INFO]   替換層 1 -> QuantModule_DiffAE_LoRA
2026-03-20 19:07:57,227 [INFO]   替換層 1 -> QuantModule_DiffAE_LoRA
2026-03-20 19:07:57,228 [INFO]   替換層 1 -> QuantModule_DiffAE_LoRA
2026-03-20 19:07:57,228 [INFO]   替換層 1 -> QuantModule_DiffAE_LoRA
2026-03-20 19:07:57,229 [INFO]   替換層 3 -> QuantModule_DiffAE_LoRA
2026-03-20 19:07:57,229 [INFO]   替換層 3 -> QuantModule_DiffAE_LoRA
2026-03-20 19:07:57,230 [INFO]   替換層 2 -> QuantModule_DiffAE_LoRA
2026-03-20 19:07:57,230 [INFO]   替換層 2 -> QuantModule_DiffAE_LoRA
2026-03-20 19:07:57,231 [INFO]   替換層 1 -> QuantModule_DiffAE_LoRA
2026-03-20 19:07:57,231 [INFO]   替換層 1 -> QuantModule_DiffAE_LoRA
2026-03-20 19:07:57,232 [INFO]   替換層 1 -> QuantModule_DiffAE_LoRA
2026-03-20 19:07:57,232 [INFO]   替換層 1 -> QuantModule_DiffAE_LoRA
2026-03-20 19:07:57,233 [INFO]   替換層 3 -> QuantModule_DiffAE_LoRA
2026-03-20 19:07:57,233 [INFO]   替換層 3 -> QuantModule_DiffAE_LoRA
2026-03-20 19:07:57,234 [INFO]   替換層 2 -> QuantModule_DiffAE_LoRA
2026-03-20 19:07:57,234 [INFO]   替換層 2 -> QuantModule_DiffAE_LoRA
2026-03-20 19:07:57,234 [INFO]   替換層 1 -> QuantModule_DiffAE_LoRA
2026-03-20 19:07:57,234 [INFO]   替換層 1 -> QuantModule_DiffAE_LoRA
2026-03-20 19:07:57,235 [INFO]   替換層 1 -> QuantModule_DiffAE_LoRA
2026-03-20 19:07:57,235 [INFO]   替換層 1 -> QuantModule_DiffAE_LoRA
2026-03-20 19:07:57,236 [INFO]   替換層 3 -> QuantModule_DiffAE_LoRA
2026-03-20 19:07:57,236 [INFO]   替換層 3 -> QuantModule_DiffAE_LoRA
2026-03-20 19:07:57,237 [INFO]   替換層 2 -> QuantModule_DiffAE_LoRA
2026-03-20 19:07:57,237 [INFO]   替換層 2 -> QuantModule_DiffAE_LoRA
2026-03-20 19:07:57,238 [INFO]   替換層 1 -> QuantModule_DiffAE_LoRA
2026-03-20 19:07:57,238 [INFO]   替換層 1 -> QuantModule_DiffAE_LoRA
2026-03-20 19:07:57,238 [INFO]   替換層 1 -> QuantModule_DiffAE_LoRA
2026-03-20 19:07:57,238 [INFO]   替換層 1 -> QuantModule_DiffAE_LoRA
2026-03-20 19:07:57,239 [INFO]   替換層 3 -> QuantModule_DiffAE_LoRA
2026-03-20 19:07:57,239 [INFO]   替換層 3 -> QuantModule_DiffAE_LoRA
2026-03-20 19:07:57,240 [INFO]   替換層 2 -> QuantModule_DiffAE_LoRA
2026-03-20 19:07:57,240 [INFO]   替換層 2 -> QuantModule_DiffAE_LoRA
2026-03-20 19:07:57,241 [INFO]   替換層 1 -> QuantModule_DiffAE_LoRA
2026-03-20 19:07:57,241 [INFO]   替換層 1 -> QuantModule_DiffAE_LoRA
2026-03-20 19:07:57,241 [INFO]   替換層 1 -> QuantModule_DiffAE_LoRA
2026-03-20 19:07:57,241 [INFO]   替換層 1 -> QuantModule_DiffAE_LoRA
2026-03-20 19:07:57,242 [INFO]   替換層 3 -> QuantModule_DiffAE_LoRA
2026-03-20 19:07:57,242 [INFO]   替換層 3 -> QuantModule_DiffAE_LoRA
2026-03-20 19:07:57,243 [INFO]   替換層 2 -> QuantModule_DiffAE_LoRA
2026-03-20 19:07:57,243 [INFO]   替換層 2 -> QuantModule_DiffAE_LoRA
2026-03-20 19:07:57,244 [INFO]   替換層 1 -> QuantModule_DiffAE_LoRA
2026-03-20 19:07:57,244 [INFO]   替換層 1 -> QuantModule_DiffAE_LoRA
2026-03-20 19:07:57,245 [INFO]   替換層 1 -> QuantModule_DiffAE_LoRA
2026-03-20 19:07:57,245 [INFO]   替換層 1 -> QuantModule_DiffAE_LoRA
2026-03-20 19:07:57,246 [INFO]   替換層 3 -> QuantModule_DiffAE_LoRA
2026-03-20 19:07:57,246 [INFO]   替換層 3 -> QuantModule_DiffAE_LoRA
2026-03-20 19:07:57,248 [INFO]   跳過量化 skip connection: skip_connection
2026-03-20 19:07:57,248 [INFO]   跳過量化 skip connection: skip_connection
2026-03-20 19:07:57,248 [INFO]   替換層 2 -> QuantModule_DiffAE_LoRA
2026-03-20 19:07:57,248 [INFO]   替換層 2 -> QuantModule_DiffAE_LoRA
2026-03-20 19:07:57,250 [INFO]   替換層 1 -> QuantModule_DiffAE_LoRA
2026-03-20 19:07:57,250 [INFO]   替換層 1 -> QuantModule_DiffAE_LoRA
2026-03-20 19:07:57,251 [INFO]   替換層 1 -> QuantModule_DiffAE_LoRA
2026-03-20 19:07:57,251 [INFO]   替換層 1 -> QuantModule_DiffAE_LoRA
2026-03-20 19:07:57,252 [INFO]   替換層 3 -> QuantModule_DiffAE_LoRA
2026-03-20 19:07:57,252 [INFO]   替換層 3 -> QuantModule_DiffAE_LoRA
2026-03-20 19:07:57,254 [INFO]   替換層 2 -> QuantModule_DiffAE_LoRA
2026-03-20 19:07:57,254 [INFO]   替換層 2 -> QuantModule_DiffAE_LoRA
2026-03-20 19:07:57,255 [INFO]   替換層 1 -> QuantModule_DiffAE_LoRA
2026-03-20 19:07:57,255 [INFO]   替換層 1 -> QuantModule_DiffAE_LoRA
2026-03-20 19:07:57,257 [INFO]   替換層 1 -> QuantModule_DiffAE_LoRA
2026-03-20 19:07:57,257 [INFO]   替換層 1 -> QuantModule_DiffAE_LoRA
2026-03-20 19:07:57,257 [INFO]   替換層 3 -> QuantModule_DiffAE_LoRA
2026-03-20 19:07:57,257 [INFO]   替換層 3 -> QuantModule_DiffAE_LoRA
2026-03-20 19:07:57,260 [INFO]   替換層 2 -> QuantModule_DiffAE_LoRA
2026-03-20 19:07:57,260 [INFO]   替換層 2 -> QuantModule_DiffAE_LoRA
2026-03-20 19:07:57,263 [INFO]   替換層 1 -> QuantModule_DiffAE_LoRA
2026-03-20 19:07:57,263 [INFO]   替換層 1 -> QuantModule_DiffAE_LoRA
2026-03-20 19:07:57,265 [INFO]   替換層 1 -> QuantModule_DiffAE_LoRA
2026-03-20 19:07:57,265 [INFO]   替換層 1 -> QuantModule_DiffAE_LoRA
2026-03-20 19:07:57,266 [INFO]   替換層 3 -> QuantModule_DiffAE_LoRA
2026-03-20 19:07:57,266 [INFO]   替換層 3 -> QuantModule_DiffAE_LoRA
2026-03-20 19:07:57,271 [INFO]   跳過量化 skip connection: skip_connection
2026-03-20 19:07:57,271 [INFO]   跳過量化 skip connection: skip_connection
2026-03-20 19:07:57,271 [INFO]   替換層 2 -> QuantModule_DiffAE_LoRA
2026-03-20 19:07:57,271 [INFO]   替換層 2 -> QuantModule_DiffAE_LoRA
2026-03-20 19:07:57,275 [INFO]   替換層 1 -> QuantModule_DiffAE_LoRA
2026-03-20 19:07:57,275 [INFO]   替換層 1 -> QuantModule_DiffAE_LoRA
2026-03-20 19:07:57,277 [INFO]   替換層 1 -> QuantModule_DiffAE_LoRA
2026-03-20 19:07:57,277 [INFO]   替換層 1 -> QuantModule_DiffAE_LoRA
2026-03-20 19:07:57,277 [INFO]   替換層 3 -> QuantModule_DiffAE_LoRA
2026-03-20 19:07:57,277 [INFO]   替換層 3 -> QuantModule_DiffAE_LoRA
2026-03-20 19:07:57,282 [INFO]   替換層 2 -> QuantModule_DiffAE_LoRA
2026-03-20 19:07:57,282 [INFO]   替換層 2 -> QuantModule_DiffAE_LoRA
2026-03-20 19:07:57,287 [INFO]   替換層 1 -> QuantModule_DiffAE_LoRA
2026-03-20 19:07:57,287 [INFO]   替換層 1 -> QuantModule_DiffAE_LoRA
2026-03-20 19:07:57,288 [INFO]   替換層 1 -> QuantModule_DiffAE_LoRA
2026-03-20 19:07:57,288 [INFO]   替換層 1 -> QuantModule_DiffAE_LoRA
2026-03-20 19:07:57,289 [INFO]   替換層 3 -> QuantModule_DiffAE_LoRA
2026-03-20 19:07:57,289 [INFO]   替換層 3 -> QuantModule_DiffAE_LoRA
2026-03-20 19:07:57,294 [INFO]   替換層 2 -> QuantModule_DiffAE_LoRA
2026-03-20 19:07:57,294 [INFO]   替換層 2 -> QuantModule_DiffAE_LoRA
2026-03-20 19:07:57,301 [INFO]   替換層 1 -> QuantModule_DiffAE_LoRA
2026-03-20 19:07:57,301 [INFO]   替換層 1 -> QuantModule_DiffAE_LoRA
2026-03-20 19:07:57,302 [INFO]   替換層 1 -> QuantModule_DiffAE_LoRA
2026-03-20 19:07:57,302 [INFO]   替換層 1 -> QuantModule_DiffAE_LoRA
2026-03-20 19:07:57,303 [INFO]   替換層 3 -> QuantModule_DiffAE_LoRA
2026-03-20 19:07:57,303 [INFO]   替換層 3 -> QuantModule_DiffAE_LoRA
2026-03-20 19:07:57,312 [INFO]   跳過量化 skip connection: skip_connection
2026-03-20 19:07:57,312 [INFO]   跳過量化 skip connection: skip_connection
2026-03-20 19:07:57,312 [INFO]   替換層 2 -> QuantModule_DiffAE_LoRA
2026-03-20 19:07:57,312 [INFO]   替換層 2 -> QuantModule_DiffAE_LoRA
2026-03-20 19:07:57,319 [INFO]   替換層 1 -> QuantModule_DiffAE_LoRA
2026-03-20 19:07:57,319 [INFO]   替換層 1 -> QuantModule_DiffAE_LoRA
2026-03-20 19:07:57,321 [INFO]   替換層 1 -> QuantModule_DiffAE_LoRA
2026-03-20 19:07:57,321 [INFO]   替換層 1 -> QuantModule_DiffAE_LoRA
2026-03-20 19:07:57,322 [INFO]   替換層 3 -> QuantModule_DiffAE_LoRA
2026-03-20 19:07:57,322 [INFO]   替換層 3 -> QuantModule_DiffAE_LoRA
2026-03-20 19:07:57,329 [INFO] 改造模組: middle_block
2026-03-20 19:07:57,329 [INFO] 改造模組: middle_block
2026-03-20 19:07:57,329 [INFO]   替換層 2 -> QuantModule_DiffAE_LoRA
2026-03-20 19:07:57,329 [INFO]   替換層 2 -> QuantModule_DiffAE_LoRA
2026-03-20 19:07:57,337 [INFO]   替換層 1 -> QuantModule_DiffAE_LoRA
2026-03-20 19:07:57,337 [INFO]   替換層 1 -> QuantModule_DiffAE_LoRA
2026-03-20 19:07:57,339 [INFO]   替換層 1 -> QuantModule_DiffAE_LoRA
2026-03-20 19:07:57,339 [INFO]   替換層 1 -> QuantModule_DiffAE_LoRA
2026-03-20 19:07:57,340 [INFO]   替換層 3 -> QuantModule_DiffAE_LoRA
2026-03-20 19:07:57,340 [INFO]   替換層 3 -> QuantModule_DiffAE_LoRA
2026-03-20 19:07:57,347 [INFO]   替換層 2 -> QuantModule_DiffAE_LoRA
2026-03-20 19:07:57,347 [INFO]   替換層 2 -> QuantModule_DiffAE_LoRA
2026-03-20 19:07:57,354 [INFO]   替換層 1 -> QuantModule_DiffAE_LoRA
2026-03-20 19:07:57,354 [INFO]   替換層 1 -> QuantModule_DiffAE_LoRA
2026-03-20 19:07:57,355 [INFO]   替換層 1 -> QuantModule_DiffAE_LoRA
2026-03-20 19:07:57,355 [INFO]   替換層 1 -> QuantModule_DiffAE_LoRA
2026-03-20 19:07:57,357 [INFO]   替換層 3 -> QuantModule_DiffAE_LoRA
2026-03-20 19:07:57,357 [INFO]   替換層 3 -> QuantModule_DiffAE_LoRA
2026-03-20 19:07:57,364 [INFO] 改造模組: output_blocks
2026-03-20 19:07:57,364 [INFO] 改造模組: output_blocks
2026-03-20 19:07:57,364 [INFO]   替換層 2 -> QuantModule_DiffAE_LoRA
2026-03-20 19:07:57,364 [INFO]   替換層 2 -> QuantModule_DiffAE_LoRA
2026-03-20 19:07:57,377 [INFO]   替換層 1 -> QuantModule_DiffAE_LoRA
2026-03-20 19:07:57,377 [INFO]   替換層 1 -> QuantModule_DiffAE_LoRA
2026-03-20 19:07:57,379 [INFO]   替換層 1 -> QuantModule_DiffAE_LoRA
2026-03-20 19:07:57,379 [INFO]   替換層 1 -> QuantModule_DiffAE_LoRA
2026-03-20 19:07:57,380 [INFO]   替換層 3 -> QuantModule_DiffAE_LoRA
2026-03-20 19:07:57,380 [INFO]   替換層 3 -> QuantModule_DiffAE_LoRA
2026-03-20 19:07:57,388 [INFO]   跳過量化 skip connection: skip_connection
2026-03-20 19:07:57,388 [INFO]   跳過量化 skip connection: skip_connection
2026-03-20 19:07:57,388 [INFO]   替換層 2 -> QuantModule_DiffAE_LoRA
2026-03-20 19:07:57,388 [INFO]   替換層 2 -> QuantModule_DiffAE_LoRA
2026-03-20 19:07:57,403 [INFO]   替換層 1 -> QuantModule_DiffAE_LoRA
2026-03-20 19:07:57,403 [INFO]   替換層 1 -> QuantModule_DiffAE_LoRA
2026-03-20 19:07:57,404 [INFO]   替換層 1 -> QuantModule_DiffAE_LoRA
2026-03-20 19:07:57,404 [INFO]   替換層 1 -> QuantModule_DiffAE_LoRA
2026-03-20 19:07:57,406 [INFO]   替換層 3 -> QuantModule_DiffAE_LoRA
2026-03-20 19:07:57,406 [INFO]   替換層 3 -> QuantModule_DiffAE_LoRA
2026-03-20 19:07:57,413 [INFO]   跳過量化 skip connection: skip_connection
2026-03-20 19:07:57,413 [INFO]   跳過量化 skip connection: skip_connection
2026-03-20 19:07:57,413 [INFO]   替換層 2 -> QuantModule_DiffAE_LoRA
2026-03-20 19:07:57,413 [INFO]   替換層 2 -> QuantModule_DiffAE_LoRA
2026-03-20 19:07:57,425 [INFO]   替換層 1 -> QuantModule_DiffAE_LoRA
2026-03-20 19:07:57,425 [INFO]   替換層 1 -> QuantModule_DiffAE_LoRA
2026-03-20 19:07:57,427 [INFO]   替換層 1 -> QuantModule_DiffAE_LoRA
2026-03-20 19:07:57,427 [INFO]   替換層 1 -> QuantModule_DiffAE_LoRA
2026-03-20 19:07:57,428 [INFO]   替換層 3 -> QuantModule_DiffAE_LoRA
2026-03-20 19:07:57,428 [INFO]   替換層 3 -> QuantModule_DiffAE_LoRA
2026-03-20 19:07:57,435 [INFO]   跳過量化 skip connection: skip_connection
2026-03-20 19:07:57,435 [INFO]   跳過量化 skip connection: skip_connection
2026-03-20 19:07:57,435 [INFO]   替換層 2 -> QuantModule_DiffAE_LoRA
2026-03-20 19:07:57,435 [INFO]   替換層 2 -> QuantModule_DiffAE_LoRA
2026-03-20 19:07:57,442 [INFO]   替換層 1 -> QuantModule_DiffAE_LoRA
2026-03-20 19:07:57,442 [INFO]   替換層 1 -> QuantModule_DiffAE_LoRA
2026-03-20 19:07:57,444 [INFO]   替換層 1 -> QuantModule_DiffAE_LoRA
2026-03-20 19:07:57,444 [INFO]   替換層 1 -> QuantModule_DiffAE_LoRA
2026-03-20 19:07:57,445 [INFO]   替換層 3 -> QuantModule_DiffAE_LoRA
2026-03-20 19:07:57,445 [INFO]   替換層 3 -> QuantModule_DiffAE_LoRA
2026-03-20 19:07:57,452 [INFO]   替換層 2 -> QuantModule_DiffAE_LoRA
2026-03-20 19:07:57,452 [INFO]   替換層 2 -> QuantModule_DiffAE_LoRA
2026-03-20 19:07:57,462 [INFO]   替換層 1 -> QuantModule_DiffAE_LoRA
2026-03-20 19:07:57,462 [INFO]   替換層 1 -> QuantModule_DiffAE_LoRA
2026-03-20 19:07:57,464 [INFO]   替換層 1 -> QuantModule_DiffAE_LoRA
2026-03-20 19:07:57,464 [INFO]   替換層 1 -> QuantModule_DiffAE_LoRA
2026-03-20 19:07:57,465 [INFO]   替換層 3 -> QuantModule_DiffAE_LoRA
2026-03-20 19:07:57,465 [INFO]   替換層 3 -> QuantModule_DiffAE_LoRA
2026-03-20 19:07:57,470 [INFO]   跳過量化 skip connection: skip_connection
2026-03-20 19:07:57,470 [INFO]   跳過量化 skip connection: skip_connection
2026-03-20 19:07:57,470 [INFO]   替換層 2 -> QuantModule_DiffAE_LoRA
2026-03-20 19:07:57,470 [INFO]   替換層 2 -> QuantModule_DiffAE_LoRA
2026-03-20 19:07:57,478 [INFO]   替換層 1 -> QuantModule_DiffAE_LoRA
2026-03-20 19:07:57,478 [INFO]   替換層 1 -> QuantModule_DiffAE_LoRA
2026-03-20 19:07:57,479 [INFO]   替換層 1 -> QuantModule_DiffAE_LoRA
2026-03-20 19:07:57,479 [INFO]   替換層 1 -> QuantModule_DiffAE_LoRA
2026-03-20 19:07:57,480 [INFO]   替換層 3 -> QuantModule_DiffAE_LoRA
2026-03-20 19:07:57,480 [INFO]   替換層 3 -> QuantModule_DiffAE_LoRA
2026-03-20 19:07:57,484 [INFO]   跳過量化 skip connection: skip_connection
2026-03-20 19:07:57,484 [INFO]   跳過量化 skip connection: skip_connection
2026-03-20 19:07:57,484 [INFO]   替換層 2 -> QuantModule_DiffAE_LoRA
2026-03-20 19:07:57,484 [INFO]   替換層 2 -> QuantModule_DiffAE_LoRA
2026-03-20 19:07:57,491 [INFO]   替換層 1 -> QuantModule_DiffAE_LoRA
2026-03-20 19:07:57,491 [INFO]   替換層 1 -> QuantModule_DiffAE_LoRA
2026-03-20 19:07:57,492 [INFO]   替換層 1 -> QuantModule_DiffAE_LoRA
2026-03-20 19:07:57,492 [INFO]   替換層 1 -> QuantModule_DiffAE_LoRA
2026-03-20 19:07:57,493 [INFO]   替換層 3 -> QuantModule_DiffAE_LoRA
2026-03-20 19:07:57,493 [INFO]   替換層 3 -> QuantModule_DiffAE_LoRA
2026-03-20 19:07:57,497 [INFO]   跳過量化 skip connection: skip_connection
2026-03-20 19:07:57,497 [INFO]   跳過量化 skip connection: skip_connection
2026-03-20 19:07:57,497 [INFO]   替換層 2 -> QuantModule_DiffAE_LoRA
2026-03-20 19:07:57,497 [INFO]   替換層 2 -> QuantModule_DiffAE_LoRA
2026-03-20 19:07:57,502 [INFO]   替換層 1 -> QuantModule_DiffAE_LoRA
2026-03-20 19:07:57,502 [INFO]   替換層 1 -> QuantModule_DiffAE_LoRA
2026-03-20 19:07:57,503 [INFO]   替換層 1 -> QuantModule_DiffAE_LoRA
2026-03-20 19:07:57,503 [INFO]   替換層 1 -> QuantModule_DiffAE_LoRA
2026-03-20 19:07:57,504 [INFO]   替換層 3 -> QuantModule_DiffAE_LoRA
2026-03-20 19:07:57,504 [INFO]   替換層 3 -> QuantModule_DiffAE_LoRA
2026-03-20 19:07:57,508 [INFO]   替換層 2 -> QuantModule_DiffAE_LoRA
2026-03-20 19:07:57,508 [INFO]   替換層 2 -> QuantModule_DiffAE_LoRA
2026-03-20 19:07:57,513 [INFO]   替換層 1 -> QuantModule_DiffAE_LoRA
2026-03-20 19:07:57,513 [INFO]   替換層 1 -> QuantModule_DiffAE_LoRA
2026-03-20 19:07:57,514 [INFO]   替換層 1 -> QuantModule_DiffAE_LoRA
2026-03-20 19:07:57,514 [INFO]   替換層 1 -> QuantModule_DiffAE_LoRA
2026-03-20 19:07:57,515 [INFO]   替換層 3 -> QuantModule_DiffAE_LoRA
2026-03-20 19:07:57,515 [INFO]   替換層 3 -> QuantModule_DiffAE_LoRA
2026-03-20 19:07:57,517 [INFO]   跳過量化 skip connection: skip_connection
2026-03-20 19:07:57,517 [INFO]   跳過量化 skip connection: skip_connection
2026-03-20 19:07:57,517 [INFO]   替換層 2 -> QuantModule_DiffAE_LoRA
2026-03-20 19:07:57,517 [INFO]   替換層 2 -> QuantModule_DiffAE_LoRA
2026-03-20 19:07:57,522 [INFO]   替換層 1 -> QuantModule_DiffAE_LoRA
2026-03-20 19:07:57,522 [INFO]   替換層 1 -> QuantModule_DiffAE_LoRA
2026-03-20 19:07:57,523 [INFO]   替換層 1 -> QuantModule_DiffAE_LoRA
2026-03-20 19:07:57,523 [INFO]   替換層 1 -> QuantModule_DiffAE_LoRA
2026-03-20 19:07:57,523 [INFO]   替換層 3 -> QuantModule_DiffAE_LoRA
2026-03-20 19:07:57,523 [INFO]   替換層 3 -> QuantModule_DiffAE_LoRA
2026-03-20 19:07:57,525 [INFO]   跳過量化 skip connection: skip_connection
2026-03-20 19:07:57,525 [INFO]   跳過量化 skip connection: skip_connection
2026-03-20 19:07:57,525 [INFO]   替換層 2 -> QuantModule_DiffAE_LoRA
2026-03-20 19:07:57,525 [INFO]   替換層 2 -> QuantModule_DiffAE_LoRA
2026-03-20 19:07:57,528 [INFO]   替換層 1 -> QuantModule_DiffAE_LoRA
2026-03-20 19:07:57,528 [INFO]   替換層 1 -> QuantModule_DiffAE_LoRA
2026-03-20 19:07:57,529 [INFO]   替換層 1 -> QuantModule_DiffAE_LoRA
2026-03-20 19:07:57,529 [INFO]   替換層 1 -> QuantModule_DiffAE_LoRA
2026-03-20 19:07:57,530 [INFO]   替換層 3 -> QuantModule_DiffAE_LoRA
2026-03-20 19:07:57,530 [INFO]   替換層 3 -> QuantModule_DiffAE_LoRA
2026-03-20 19:07:57,532 [INFO]   跳過量化 skip connection: skip_connection
2026-03-20 19:07:57,532 [INFO]   跳過量化 skip connection: skip_connection
2026-03-20 19:07:57,532 [INFO]   替換層 2 -> QuantModule_DiffAE_LoRA
2026-03-20 19:07:57,532 [INFO]   替換層 2 -> QuantModule_DiffAE_LoRA
2026-03-20 19:07:57,534 [INFO]   替換層 1 -> QuantModule_DiffAE_LoRA
2026-03-20 19:07:57,534 [INFO]   替換層 1 -> QuantModule_DiffAE_LoRA
2026-03-20 19:07:57,535 [INFO]   替換層 1 -> QuantModule_DiffAE_LoRA
2026-03-20 19:07:57,535 [INFO]   替換層 1 -> QuantModule_DiffAE_LoRA
2026-03-20 19:07:57,535 [INFO]   替換層 3 -> QuantModule_DiffAE_LoRA
2026-03-20 19:07:57,535 [INFO]   替換層 3 -> QuantModule_DiffAE_LoRA
2026-03-20 19:07:57,537 [INFO]   替換層 2 -> QuantModule_DiffAE_LoRA
2026-03-20 19:07:57,537 [INFO]   替換層 2 -> QuantModule_DiffAE_LoRA
2026-03-20 19:07:57,539 [INFO]   替換層 1 -> QuantModule_DiffAE_LoRA
2026-03-20 19:07:57,539 [INFO]   替換層 1 -> QuantModule_DiffAE_LoRA
2026-03-20 19:07:57,540 [INFO]   替換層 1 -> QuantModule_DiffAE_LoRA
2026-03-20 19:07:57,540 [INFO]   替換層 1 -> QuantModule_DiffAE_LoRA
2026-03-20 19:07:57,540 [INFO]   替換層 3 -> QuantModule_DiffAE_LoRA
2026-03-20 19:07:57,540 [INFO]   替換層 3 -> QuantModule_DiffAE_LoRA
2026-03-20 19:07:57,541 [INFO]   跳過量化 skip connection: skip_connection
2026-03-20 19:07:57,541 [INFO]   跳過量化 skip connection: skip_connection
2026-03-20 19:07:57,541 [INFO]   替換層 2 -> QuantModule_DiffAE_LoRA
2026-03-20 19:07:57,541 [INFO]   替換層 2 -> QuantModule_DiffAE_LoRA
2026-03-20 19:07:57,542 [INFO]   替換層 1 -> QuantModule_DiffAE_LoRA
2026-03-20 19:07:57,542 [INFO]   替換層 1 -> QuantModule_DiffAE_LoRA
2026-03-20 19:07:57,543 [INFO]   替換層 1 -> QuantModule_DiffAE_LoRA
2026-03-20 19:07:57,543 [INFO]   替換層 1 -> QuantModule_DiffAE_LoRA
2026-03-20 19:07:57,543 [INFO]   替換層 3 -> QuantModule_DiffAE_LoRA
2026-03-20 19:07:57,543 [INFO]   替換層 3 -> QuantModule_DiffAE_LoRA
2026-03-20 19:07:57,544 [INFO]   跳過量化 skip connection: skip_connection
2026-03-20 19:07:57,544 [INFO]   跳過量化 skip connection: skip_connection
2026-03-20 19:07:57,544 [INFO]   替換層 2 -> QuantModule_DiffAE_LoRA
2026-03-20 19:07:57,544 [INFO]   替換層 2 -> QuantModule_DiffAE_LoRA
2026-03-20 19:07:57,545 [INFO]   替換層 1 -> QuantModule_DiffAE_LoRA
2026-03-20 19:07:57,545 [INFO]   替換層 1 -> QuantModule_DiffAE_LoRA
2026-03-20 19:07:57,546 [INFO]   替換層 1 -> QuantModule_DiffAE_LoRA
2026-03-20 19:07:57,546 [INFO]   替換層 1 -> QuantModule_DiffAE_LoRA
2026-03-20 19:07:57,546 [INFO]   替換層 3 -> QuantModule_DiffAE_LoRA
2026-03-20 19:07:57,546 [INFO]   替換層 3 -> QuantModule_DiffAE_LoRA
2026-03-20 19:07:57,547 [INFO]   跳過量化 skip connection: skip_connection
2026-03-20 19:07:57,547 [INFO]   跳過量化 skip connection: skip_connection
2026-03-20 19:07:57,547 [INFO]   替換層 2 -> QuantModule_DiffAE_LoRA
2026-03-20 19:07:57,547 [INFO]   替換層 2 -> QuantModule_DiffAE_LoRA
2026-03-20 19:07:57,548 [INFO]   替換層 1 -> QuantModule_DiffAE_LoRA
2026-03-20 19:07:57,548 [INFO]   替換層 1 -> QuantModule_DiffAE_LoRA
2026-03-20 19:07:57,549 [INFO]   替換層 1 -> QuantModule_DiffAE_LoRA
2026-03-20 19:07:57,549 [INFO]   替換層 1 -> QuantModule_DiffAE_LoRA
2026-03-20 19:07:57,549 [INFO]   替換層 3 -> QuantModule_DiffAE_LoRA
2026-03-20 19:07:57,549 [INFO]   替換層 3 -> QuantModule_DiffAE_LoRA
2026-03-20 19:07:57,550 [INFO]   替換層 2 -> QuantModule_DiffAE_LoRA
2026-03-20 19:07:57,550 [INFO]   替換層 2 -> QuantModule_DiffAE_LoRA
2026-03-20 19:07:57,551 [INFO]   替換層 1 -> QuantModule_DiffAE_LoRA
2026-03-20 19:07:57,551 [INFO]   替換層 1 -> QuantModule_DiffAE_LoRA
2026-03-20 19:07:57,552 [INFO]   替換層 1 -> QuantModule_DiffAE_LoRA
2026-03-20 19:07:57,552 [INFO]   替換層 1 -> QuantModule_DiffAE_LoRA
2026-03-20 19:07:57,552 [INFO]   替換層 3 -> QuantModule_DiffAE_LoRA
2026-03-20 19:07:57,552 [INFO]   替換層 3 -> QuantModule_DiffAE_LoRA
2026-03-20 19:07:57,553 [INFO]   跳過量化 skip connection: skip_connection
2026-03-20 19:07:57,553 [INFO]   跳過量化 skip connection: skip_connection
2026-03-20 19:07:57,553 [INFO]   替換層 2 -> QuantModule_DiffAE_LoRA
2026-03-20 19:07:57,553 [INFO]   替換層 2 -> QuantModule_DiffAE_LoRA
2026-03-20 19:07:57,554 [INFO]   替換層 1 -> QuantModule_DiffAE_LoRA
2026-03-20 19:07:57,554 [INFO]   替換層 1 -> QuantModule_DiffAE_LoRA
2026-03-20 19:07:57,555 [INFO]   替換層 1 -> QuantModule_DiffAE_LoRA
2026-03-20 19:07:57,555 [INFO]   替換層 1 -> QuantModule_DiffAE_LoRA
2026-03-20 19:07:57,555 [INFO]   替換層 3 -> QuantModule_DiffAE_LoRA
2026-03-20 19:07:57,555 [INFO]   替換層 3 -> QuantModule_DiffAE_LoRA
2026-03-20 19:07:57,556 [INFO]   跳過量化 skip connection: skip_connection
2026-03-20 19:07:57,556 [INFO]   跳過量化 skip connection: skip_connection
2026-03-20 19:07:57,556 [INFO]   替換層 2 -> QuantModule_DiffAE_LoRA
2026-03-20 19:07:57,556 [INFO]   替換層 2 -> QuantModule_DiffAE_LoRA
2026-03-20 19:07:57,557 [INFO]   替換層 1 -> QuantModule_DiffAE_LoRA
2026-03-20 19:07:57,557 [INFO]   替換層 1 -> QuantModule_DiffAE_LoRA
2026-03-20 19:07:57,558 [INFO]   替換層 1 -> QuantModule_DiffAE_LoRA
2026-03-20 19:07:57,558 [INFO]   替換層 1 -> QuantModule_DiffAE_LoRA
2026-03-20 19:07:57,558 [INFO]   替換層 3 -> QuantModule_DiffAE_LoRA
2026-03-20 19:07:57,558 [INFO]   替換層 3 -> QuantModule_DiffAE_LoRA
2026-03-20 19:07:57,559 [INFO]   跳過量化 skip connection: skip_connection
2026-03-20 19:07:57,559 [INFO]   跳過量化 skip connection: skip_connection
2026-03-20 19:07:57,559 [INFO] 改造模組: out
2026-03-20 19:07:57,559 [INFO] 改造模組: out
2026-03-20 19:07:57,559 [INFO]   跳過量化特殊模組: 2
2026-03-20 19:07:57,559 [INFO]   跳過量化特殊模組: 2
2026-03-20 19:07:57,562 [INFO] 執行 'create_float_quantized_model' 完成，耗時: 0.40 秒
2026-03-20 19:07:57,562 [INFO] 執行 'create_float_quantized_model' 完成，耗時: 0.40 秒
2026-03-20 19:07:57,651 [INFO] 載入校準資料...
2026-03-20 19:07:57,651 [INFO] 載入校準資料...
2026-03-20 19:07:57,874 [INFO] ✅ 載入真實校準資料成功
2026-03-20 19:07:57,874 [INFO] ✅ 載入真實校準資料成功
2026-03-20 19:07:57,876 [INFO] ==================================================
2026-03-20 19:07:57,876 [INFO] ==================================================
2026-03-20 19:07:57,876 [INFO] 5. Setting first and last layers to 8-bit...
2026-03-20 19:07:57,876 [INFO] 5. Setting first and last layers to 8-bit...
2026-03-20 19:07:57,877 [INFO] 找到 144 個量化模組
2026-03-20 19:07:57,877 [INFO] 找到 144 個量化模組
2026-03-20 19:07:57,877 [INFO] ✅ 首尾層 8-bit 設定完成
2026-03-20 19:07:57,877 [INFO] ✅ 首尾層 8-bit 設定完成
2026-03-20 19:07:57,877 [INFO] ✅ 量化模型創建成功
2026-03-20 19:07:57,877 [INFO] ✅ 量化模型創建成功
2026-03-20 19:07:57,877 [INFO] set quant state to True, True for layer 1
2026-03-20 19:07:57,877 [INFO] set quant state to True, True for layer 1
2026-03-20 19:07:57,877 [INFO] set quant state to True, True for layer 2
2026-03-20 19:07:57,877 [INFO] set quant state to True, True for layer 2
2026-03-20 19:07:57,877 [INFO] set quant state to True, False for layer 3
2026-03-20 19:07:57,877 [INFO] set quant state to True, False for layer 3
2026-03-20 19:07:57,879 [INFO] set quant state to True, True for layer 144
2026-03-20 19:07:57,879 [INFO] set quant state to True, True for layer 144
2026-03-20 19:07:58,808 [INFO] EMA(load from ema_model.model.*): provided=1822 effective_loaded=1822 missing=280 unexpected=0
2026-03-20 19:07:58,808 [INFO] EMA(load from ema_model.model.*): provided=1822 effective_loaded=1822 missing=280 unexpected=0
2026-03-20 19:07:58,808 [WARNING] EMA missing keys (前10): ['model.input_blocks.1.0.in_layers.2.intn_dequantizer.delta', 'model.input_blocks.1.0.in_layers.2.intn_dequantizer.zero_point', 'model.input_blocks.1.0.emb_layers.1.intn_dequantizer.delta', 'model.input_blocks.1.0.emb_layers.1.intn_dequantizer.zero_point', 'model.input_blocks.1.0.cond_emb_layers.1.intn_dequantizer.delta', 'model.input_blocks.1.0.cond_emb_layers.1.intn_dequantizer.zero_point', 'model.input_blocks.1.0.out_layers.3.intn_dequantizer.delta', 'model.input_blocks.1.0.out_layers.3.intn_dequantizer.zero_point', 'model.input_blocks.2.0.in_layers.2.intn_dequantizer.delta', 'model.input_blocks.2.0.in_layers.2.intn_dequantizer.zero_point']
2026-03-20 19:07:58,808 [WARNING] EMA missing keys (前10): ['model.input_blocks.1.0.in_layers.2.intn_dequantizer.delta', 'model.input_blocks.1.0.in_layers.2.intn_dequantizer.zero_point', 'model.input_blocks.1.0.emb_layers.1.intn_dequantizer.delta', 'model.input_blocks.1.0.emb_layers.1.intn_dequantizer.zero_point', 'model.input_blocks.1.0.cond_emb_layers.1.intn_dequantizer.delta', 'model.input_blocks.1.0.cond_emb_layers.1.intn_dequantizer.zero_point', 'model.input_blocks.1.0.out_layers.3.intn_dequantizer.delta', 'model.input_blocks.1.0.out_layers.3.intn_dequantizer.zero_point', 'model.input_blocks.2.0.in_layers.2.intn_dequantizer.delta', 'model.input_blocks.2.0.in_layers.2.intn_dequantizer.zero_point']
2026-03-20 19:07:58,865 [INFO] MODEL(load from model.model.*): provided=1822 effective_loaded=1822 missing=280 unexpected=0
2026-03-20 19:07:58,865 [INFO] MODEL(load from model.model.*): provided=1822 effective_loaded=1822 missing=280 unexpected=0
2026-03-20 19:07:58,865 [INFO] ✅ 量化模型載入成功
2026-03-20 19:07:58,865 [INFO] ✅ 量化模型載入成功
2026-03-20 19:07:58,865 [INFO] === 初始化新功能模組 ===
2026-03-20 19:07:58,865 [INFO] === 初始化新功能模組 ===
2026-03-20 19:07:58,893 [INFO] ✅ 基礎模型設定完成
2026-03-20 19:07:58,893 [INFO] ✅ 基礎模型設定完成
2026-03-20 19:07:58,928 [INFO] ==================================================
2026-03-20 19:07:58,928 [INFO] ==================================================
2026-03-20 19:07:58,928 [INFO] 啟用 Similarity Analysis (L1/L2/Cosine)
2026-03-20 19:07:58,928 [INFO] 啟用 Similarity Analysis (L1/L2/Cosine)
2026-03-20 19:07:58,928 [INFO] FID 評估樣本數: 128
2026-03-20 19:07:58,928 [INFO] FID 評估樣本數: 128
2026-03-20 19:07:58,928 [INFO] 實際收集樣本數: 20 (用於加速)
2026-03-20 19:07:58,928 [INFO] 實際收集樣本數: 20 (用於加速)
2026-03-20 19:07:58,928 [INFO] 擴散步數: 100
2026-03-20 19:07:58,928 [INFO] 擴散步數: 100
2026-03-20 19:07:58,928 [INFO] ==================================================
2026-03-20 19:07:58,928 [INFO] ==================================================
2026-03-20 19:07:58,928 [INFO] [Similarity] 註冊 block hook: model.input_blocks.6
2026-03-20 19:07:58,928 [INFO] [Similarity] 註冊 block hook: model.input_blocks.6
2026-03-20 19:07:58,930 [INFO] [Similarity] 註冊 model step hook 完成
2026-03-20 19:07:58,930 [INFO] [Similarity] 註冊 model step hook 完成
Model params: 174.19 M
loading pretrain ... 130M
step: 1019986
loading latent stats ...
local seed: 0
train data: 70001
val data: 70001
on train dataloader start ...
mean: tensor(-0.0606, device='cuda:0') std: tensor(0.0755, device='cuda:0')
generating images:   0%|          | 0/4 [00:00<?, ?it/s]/home/jimmy/diffae/./diffusion/base.py:329: FutureWarning: `torch.cuda.amp.autocast(args...)` is deprecated. Please use `torch.amp.autocast('cuda', args...)` instead.
  with autocast(self.conf.fp16):
2026-03-20 19:08:16,423 [INFO] [Similarity] Batch 0 完成，已收集 20 個樣本
2026-03-20 19:08:16,423 [INFO] [Similarity] Batch 0 完成，已收集 20 個樣本
generating images:  25%|██▌       | 1/4 [00:17<00:52, 17.62s/it]2026-03-20 19:08:33,905 [INFO] [Similarity] Batch 1 完成，已收集 20 個樣本
2026-03-20 19:08:33,905 [INFO] [Similarity] Batch 1 完成，已收集 20 個樣本
generating images:  50%|█████     | 2/4 [00:35<00:35, 17.54s/it]2026-03-20 19:08:51,394 [INFO] [Similarity] Batch 2 完成，已收集 20 個樣本
2026-03-20 19:08:51,394 [INFO] [Similarity] Batch 2 完成，已收集 20 個樣本
generating images:  75%|███████▌  | 3/4 [00:52<00:17, 17.51s/it]2026-03-20 19:09:07,183 [INFO] [Similarity] 已收集 80 个样本，停止数据收集（目标: 80）
2026-03-20 19:09:07,183 [INFO] [Similarity] 已收集 80 个样本，停止数据收集（目标: 80）
2026-03-20 19:09:08,887 [INFO] [Similarity] Batch 3 完成，已收集 20 個樣本
2026-03-20 19:09:08,887 [INFO] [Similarity] Batch 3 完成，已收集 20 個樣本
generating images: 100%|██████████| 4/4 [01:10<00:00, 17.51s/it]generating images: 100%|██████████| 4/4 [01:10<00:00, 17.52s/it]
2026-03-20 19:09:09,016 [INFO] [Similarity] FID@128 100 steps score: 0
2026-03-20 19:09:09,016 [INFO] [Similarity] FID@128 100 steps score: 0
2026-03-20 19:09:09,017 [INFO] [Similarity] model.input_blocks.6 cosine: min=0.021227, max=1.000000, diag_mean=1.000000, off_diag_mean=0.780267, off_diag_std=0.206423
2026-03-20 19:09:09,017 [INFO] [Similarity] model.input_blocks.6 cosine: min=0.021227, max=1.000000, diag_mean=1.000000, off_diag_mean=0.780267, off_diag_std=0.206423
2026-03-20 19:09:10,078 [INFO] ✅ Similarity Analysis 完成
2026-03-20 19:09:10,078 [INFO] ✅ Similarity Analysis 完成
2026-03-20 19:09:10,126 [INFO] 執行 'main_float_model' 完成，耗時: 74.83 秒
2026-03-20 19:09:10,126 [INFO] 執行 'main_float_model' 完成，耗時: 74.83 秒
