/home/jimmy/anaconda3/envs/diffae_bw/lib/python3.10/site-packages/lightning_fabric/__init__.py:41: pkg_resources is deprecated as an API. See https://setuptools.pypa.io/en/latest/pkg_resources.html. The pkg_resources package is slated for removal as early as 2025-11-30. Refrain from using this package or pin to Setuptools<81.
使用自動混合精度: torch.bfloat16
[設定] Log 檔案已設為: QATcode/cache_method/L1_L2_cosine/logs/similarity_model_output_blocks_0.log
2026-01-26 12:13:46,505 [INFO] Using 100 steps
2026-01-26 12:13:46,505 [INFO] Using 50000 evaluation samples
2026-01-26 12:13:46,505 [INFO] Cache enabled: False, method: Res, threshold: 0.1
2026-01-26 12:13:46,505 [INFO] Quantitative analysis enabled: False, samples: 10
2026-01-26 12:13:46,505 [INFO] Log file: QATcode/cache_method/L1_L2_cosine/logs/similarity_model_output_blocks_0.log
2026-01-26 12:13:46,505 [INFO] ==================================================
2026-01-26 12:13:46,505 [INFO] Diff-AE EfficientDM Step 7 : 生成圖片
2026-01-26 12:13:46,505 [INFO] ==================================================
2026-01-26 12:13:46,505 [INFO] Using 100 steps
2026-01-26 12:13:46,505 [INFO] Using 50000 evaluation samples
2026-01-26 12:13:46,505 [INFO] Cache enabled: False, method: Res, threshold: 0.1
2026-01-26 12:13:46,505 [INFO] Quantitative analysis enabled: False, samples: 10
2026-01-26 12:13:46,505 [INFO] Log file: QATcode/cache_method/L1_L2_cosine/logs/similarity_model_output_blocks_0.log
2026-01-26 12:13:46,505 [INFO] ==================================================
2026-01-26 12:13:46,505 [INFO] Diff-AE EfficientDM Step 7 : 生成圖片
2026-01-26 12:13:46,505 [INFO] ==================================================
2026-01-26 12:13:46,505 [INFO] 使用設備: cuda
2026-01-26 12:13:46,505 [INFO] 使用設備: cuda
2026-01-26 12:13:46,505 [INFO] === 新功能狀態 ===
2026-01-26 12:13:46,505 [INFO] === 新功能狀態 ===
2026-01-26 12:13:46,505 [INFO] 載入 Diff-AE 模型: checkpoints/ffhq128_autoenc_latent/last.ckpt
2026-01-26 12:13:46,505 [INFO] 載入 Diff-AE 模型: checkpoints/ffhq128_autoenc_latent/last.ckpt
Seed set to 0
Model params: 174.19 M
loading pretrain ... 130M
step: 1019986
loading latent stats ...
2026-01-26 12:13:49,337 [INFO] Diff-AE 模型載入完成
2026-01-26 12:13:49,337 [INFO] Diff-AE 模型載入完成
2026-01-26 12:13:49,379 [INFO] 執行 'load_diffae_model' 完成，耗時: 2.87 秒
2026-01-26 12:13:49,380 [INFO] ✅ Diff-AE 模型載入成功
2026-01-26 12:13:49,380 [INFO] base_model.conf.train_mode: TrainMode.latent_diffusion
2026-01-26 12:13:49,380 [INFO] === 創建 LoRA 量化模型 ===
2026-01-26 12:13:49,379 [INFO] 執行 'load_diffae_model' 完成，耗時: 2.87 秒
2026-01-26 12:13:49,380 [INFO] ✅ Diff-AE 模型載入成功
2026-01-26 12:13:49,380 [INFO] base_model.conf.train_mode: TrainMode.latent_diffusion
2026-01-26 12:13:49,380 [INFO] === 創建 LoRA 量化模型 ===
2026-01-26 12:13:49,380 [INFO] === 開始 UNet LoRA 量化改造 ===
2026-01-26 12:13:49,380 [INFO] === 開始 UNet LoRA 量化改造 ===
2026-01-26 12:13:49,380 [INFO] 改造模組: time_embed
2026-01-26 12:13:49,380 [INFO] 改造模組: time_embed
2026-01-26 12:13:49,380 [INFO]   跳過量化特殊模組: 0
2026-01-26 12:13:49,380 [INFO]   跳過量化特殊模組: 0
2026-01-26 12:13:49,383 [INFO]   跳過量化特殊模組: 2
2026-01-26 12:13:49,383 [INFO]   跳過量化特殊模組: 2
2026-01-26 12:13:49,384 [INFO] 改造模組: input_blocks
2026-01-26 12:13:49,384 [INFO] 改造模組: input_blocks
2026-01-26 12:13:49,385 [INFO]   跳過量化特殊模組: 0
2026-01-26 12:13:49,385 [INFO]   跳過量化特殊模組: 0
2026-01-26 12:13:49,385 [INFO]   替換層 2 -> QuantModule_DiffAE_LoRA
2026-01-26 12:13:49,385 [INFO]   替換層 2 -> QuantModule_DiffAE_LoRA
2026-01-26 12:13:49,466 [INFO]   替換層 1 -> QuantModule_DiffAE_LoRA
2026-01-26 12:13:49,466 [INFO]   替換層 1 -> QuantModule_DiffAE_LoRA
2026-01-26 12:13:49,473 [INFO]   替換層 1 -> QuantModule_DiffAE_LoRA
2026-01-26 12:13:49,473 [INFO]   替換層 1 -> QuantModule_DiffAE_LoRA
2026-01-26 12:13:49,476 [INFO]   替換層 3 -> QuantModule_DiffAE_LoRA
2026-01-26 12:13:49,476 [INFO]   替換層 3 -> QuantModule_DiffAE_LoRA
2026-01-26 12:13:49,482 [INFO]   替換層 2 -> QuantModule_DiffAE_LoRA
2026-01-26 12:13:49,482 [INFO]   替換層 2 -> QuantModule_DiffAE_LoRA
2026-01-26 12:13:49,492 [INFO]   替換層 1 -> QuantModule_DiffAE_LoRA
2026-01-26 12:13:49,492 [INFO]   替換層 1 -> QuantModule_DiffAE_LoRA
2026-01-26 12:13:49,496 [INFO]   替換層 1 -> QuantModule_DiffAE_LoRA
2026-01-26 12:13:49,496 [INFO]   替換層 1 -> QuantModule_DiffAE_LoRA
2026-01-26 12:13:49,502 [INFO]   替換層 3 -> QuantModule_DiffAE_LoRA
2026-01-26 12:13:49,502 [INFO]   替換層 3 -> QuantModule_DiffAE_LoRA
2026-01-26 12:13:49,509 [INFO]   替換層 2 -> QuantModule_DiffAE_LoRA
2026-01-26 12:13:49,509 [INFO]   替換層 2 -> QuantModule_DiffAE_LoRA
2026-01-26 12:13:49,515 [INFO]   替換層 1 -> QuantModule_DiffAE_LoRA
2026-01-26 12:13:49,515 [INFO]   替換層 1 -> QuantModule_DiffAE_LoRA
2026-01-26 12:13:49,521 [INFO]   替換層 1 -> QuantModule_DiffAE_LoRA
2026-01-26 12:13:49,521 [INFO]   替換層 1 -> QuantModule_DiffAE_LoRA
2026-01-26 12:13:49,526 [INFO]   替換層 3 -> QuantModule_DiffAE_LoRA
2026-01-26 12:13:49,526 [INFO]   替換層 3 -> QuantModule_DiffAE_LoRA
2026-01-26 12:13:49,533 [INFO]   替換層 2 -> QuantModule_DiffAE_LoRA
2026-01-26 12:13:49,533 [INFO]   替換層 2 -> QuantModule_DiffAE_LoRA
2026-01-26 12:13:49,539 [INFO]   替換層 1 -> QuantModule_DiffAE_LoRA
2026-01-26 12:13:49,539 [INFO]   替換層 1 -> QuantModule_DiffAE_LoRA
2026-01-26 12:13:49,545 [INFO]   替換層 1 -> QuantModule_DiffAE_LoRA
2026-01-26 12:13:49,545 [INFO]   替換層 1 -> QuantModule_DiffAE_LoRA
2026-01-26 12:13:49,550 [INFO]   替換層 3 -> QuantModule_DiffAE_LoRA
2026-01-26 12:13:49,550 [INFO]   替換層 3 -> QuantModule_DiffAE_LoRA
2026-01-26 12:13:49,551 [INFO]   替換層 2 -> QuantModule_DiffAE_LoRA
2026-01-26 12:13:49,551 [INFO]   替換層 2 -> QuantModule_DiffAE_LoRA
2026-01-26 12:13:49,552 [INFO]   替換層 1 -> QuantModule_DiffAE_LoRA
2026-01-26 12:13:49,552 [INFO]   替換層 1 -> QuantModule_DiffAE_LoRA
2026-01-26 12:13:49,552 [INFO]   替換層 1 -> QuantModule_DiffAE_LoRA
2026-01-26 12:13:49,552 [INFO]   替換層 1 -> QuantModule_DiffAE_LoRA
2026-01-26 12:13:49,553 [INFO]   替換層 3 -> QuantModule_DiffAE_LoRA
2026-01-26 12:13:49,553 [INFO]   替換層 3 -> QuantModule_DiffAE_LoRA
2026-01-26 12:13:49,554 [INFO]   替換層 2 -> QuantModule_DiffAE_LoRA
2026-01-26 12:13:49,554 [INFO]   替換層 2 -> QuantModule_DiffAE_LoRA
2026-01-26 12:13:49,555 [INFO]   替換層 1 -> QuantModule_DiffAE_LoRA
2026-01-26 12:13:49,555 [INFO]   替換層 1 -> QuantModule_DiffAE_LoRA
2026-01-26 12:13:49,556 [INFO]   替換層 1 -> QuantModule_DiffAE_LoRA
2026-01-26 12:13:49,556 [INFO]   替換層 1 -> QuantModule_DiffAE_LoRA
2026-01-26 12:13:49,556 [INFO]   替換層 3 -> QuantModule_DiffAE_LoRA
2026-01-26 12:13:49,556 [INFO]   替換層 3 -> QuantModule_DiffAE_LoRA
2026-01-26 12:13:49,557 [INFO]   替換層 2 -> QuantModule_DiffAE_LoRA
2026-01-26 12:13:49,557 [INFO]   替換層 2 -> QuantModule_DiffAE_LoRA
2026-01-26 12:13:49,559 [INFO]   替換層 1 -> QuantModule_DiffAE_LoRA
2026-01-26 12:13:49,559 [INFO]   替換層 1 -> QuantModule_DiffAE_LoRA
2026-01-26 12:13:49,560 [INFO]   替換層 1 -> QuantModule_DiffAE_LoRA
2026-01-26 12:13:49,560 [INFO]   替換層 1 -> QuantModule_DiffAE_LoRA
2026-01-26 12:13:49,561 [INFO]   替換層 3 -> QuantModule_DiffAE_LoRA
2026-01-26 12:13:49,561 [INFO]   替換層 3 -> QuantModule_DiffAE_LoRA
2026-01-26 12:13:49,563 [INFO]   跳過量化 skip connection: skip_connection
2026-01-26 12:13:49,563 [INFO]   跳過量化 skip connection: skip_connection
2026-01-26 12:13:49,563 [INFO]   替換層 2 -> QuantModule_DiffAE_LoRA
2026-01-26 12:13:49,563 [INFO]   替換層 2 -> QuantModule_DiffAE_LoRA
2026-01-26 12:13:49,566 [INFO]   替換層 1 -> QuantModule_DiffAE_LoRA
2026-01-26 12:13:49,566 [INFO]   替換層 1 -> QuantModule_DiffAE_LoRA
2026-01-26 12:13:49,567 [INFO]   替換層 1 -> QuantModule_DiffAE_LoRA
2026-01-26 12:13:49,567 [INFO]   替換層 1 -> QuantModule_DiffAE_LoRA
2026-01-26 12:13:49,568 [INFO]   替換層 3 -> QuantModule_DiffAE_LoRA
2026-01-26 12:13:49,568 [INFO]   替換層 3 -> QuantModule_DiffAE_LoRA
2026-01-26 12:13:49,570 [INFO]   替換層 2 -> QuantModule_DiffAE_LoRA
2026-01-26 12:13:49,570 [INFO]   替換層 2 -> QuantModule_DiffAE_LoRA
2026-01-26 12:13:49,572 [INFO]   替換層 1 -> QuantModule_DiffAE_LoRA
2026-01-26 12:13:49,572 [INFO]   替換層 1 -> QuantModule_DiffAE_LoRA
2026-01-26 12:13:49,574 [INFO]   替換層 1 -> QuantModule_DiffAE_LoRA
2026-01-26 12:13:49,574 [INFO]   替換層 1 -> QuantModule_DiffAE_LoRA
2026-01-26 12:13:49,574 [INFO]   替換層 3 -> QuantModule_DiffAE_LoRA
2026-01-26 12:13:49,574 [INFO]   替換層 3 -> QuantModule_DiffAE_LoRA
2026-01-26 12:13:49,577 [INFO]   替換層 2 -> QuantModule_DiffAE_LoRA
2026-01-26 12:13:49,577 [INFO]   替換層 2 -> QuantModule_DiffAE_LoRA
2026-01-26 12:13:49,580 [INFO]   替換層 1 -> QuantModule_DiffAE_LoRA
2026-01-26 12:13:49,580 [INFO]   替換層 1 -> QuantModule_DiffAE_LoRA
2026-01-26 12:13:49,583 [INFO]   替換層 1 -> QuantModule_DiffAE_LoRA
2026-01-26 12:13:49,584 [INFO]   替換層 3 -> QuantModule_DiffAE_LoRA
2026-01-26 12:13:49,583 [INFO]   替換層 1 -> QuantModule_DiffAE_LoRA
2026-01-26 12:13:49,584 [INFO]   替換層 3 -> QuantModule_DiffAE_LoRA
2026-01-26 12:13:49,588 [INFO]   跳過量化 skip connection: skip_connection
2026-01-26 12:13:49,588 [INFO]   跳過量化 skip connection: skip_connection
2026-01-26 12:13:49,588 [INFO]   替換層 2 -> QuantModule_DiffAE_LoRA
2026-01-26 12:13:49,588 [INFO]   替換層 2 -> QuantModule_DiffAE_LoRA
2026-01-26 12:13:49,594 [INFO]   替換層 1 -> QuantModule_DiffAE_LoRA
2026-01-26 12:13:49,594 [INFO]   替換層 1 -> QuantModule_DiffAE_LoRA
2026-01-26 12:13:49,596 [INFO]   替換層 1 -> QuantModule_DiffAE_LoRA
2026-01-26 12:13:49,596 [INFO]   替換層 1 -> QuantModule_DiffAE_LoRA
2026-01-26 12:13:49,597 [INFO]   替換層 3 -> QuantModule_DiffAE_LoRA
2026-01-26 12:13:49,597 [INFO]   替換層 3 -> QuantModule_DiffAE_LoRA
2026-01-26 12:13:49,600 [INFO]   替換層 2 -> QuantModule_DiffAE_LoRA
2026-01-26 12:13:49,600 [INFO]   替換層 2 -> QuantModule_DiffAE_LoRA
2026-01-26 12:13:49,605 [INFO]   替換層 1 -> QuantModule_DiffAE_LoRA
2026-01-26 12:13:49,605 [INFO]   替換層 1 -> QuantModule_DiffAE_LoRA
2026-01-26 12:13:49,606 [INFO]   替換層 1 -> QuantModule_DiffAE_LoRA
2026-01-26 12:13:49,606 [INFO]   替換層 1 -> QuantModule_DiffAE_LoRA
2026-01-26 12:13:49,607 [INFO]   替換層 3 -> QuantModule_DiffAE_LoRA
2026-01-26 12:13:49,607 [INFO]   替換層 3 -> QuantModule_DiffAE_LoRA
2026-01-26 12:13:49,610 [INFO]   替換層 2 -> QuantModule_DiffAE_LoRA
2026-01-26 12:13:49,610 [INFO]   替換層 2 -> QuantModule_DiffAE_LoRA
2026-01-26 12:13:49,615 [INFO]   替換層 1 -> QuantModule_DiffAE_LoRA
2026-01-26 12:13:49,615 [INFO]   替換層 1 -> QuantModule_DiffAE_LoRA
2026-01-26 12:13:49,620 [INFO]   替換層 1 -> QuantModule_DiffAE_LoRA
2026-01-26 12:13:49,620 [INFO]   替換層 1 -> QuantModule_DiffAE_LoRA
2026-01-26 12:13:49,625 [INFO]   替換層 3 -> QuantModule_DiffAE_LoRA
2026-01-26 12:13:49,625 [INFO]   替換層 3 -> QuantModule_DiffAE_LoRA
2026-01-26 12:13:49,632 [INFO]   跳過量化 skip connection: skip_connection
2026-01-26 12:13:49,632 [INFO]   替換層 2 -> QuantModule_DiffAE_LoRA
2026-01-26 12:13:49,632 [INFO]   跳過量化 skip connection: skip_connection
2026-01-26 12:13:49,632 [INFO]   替換層 2 -> QuantModule_DiffAE_LoRA
2026-01-26 12:13:49,641 [INFO]   替換層 1 -> QuantModule_DiffAE_LoRA
2026-01-26 12:13:49,641 [INFO]   替換層 1 -> QuantModule_DiffAE_LoRA
2026-01-26 12:13:49,645 [INFO]   替換層 1 -> QuantModule_DiffAE_LoRA
2026-01-26 12:13:49,645 [INFO]   替換層 1 -> QuantModule_DiffAE_LoRA
2026-01-26 12:13:49,651 [INFO]   替換層 3 -> QuantModule_DiffAE_LoRA
2026-01-26 12:13:49,651 [INFO]   替換層 3 -> QuantModule_DiffAE_LoRA
2026-01-26 12:13:49,664 [INFO] 改造模組: middle_block
2026-01-26 12:13:49,664 [INFO]   替換層 2 -> QuantModule_DiffAE_LoRA
2026-01-26 12:13:49,664 [INFO] 改造模組: middle_block
2026-01-26 12:13:49,664 [INFO]   替換層 2 -> QuantModule_DiffAE_LoRA
2026-01-26 12:13:49,672 [INFO]   替換層 1 -> QuantModule_DiffAE_LoRA
2026-01-26 12:13:49,672 [INFO]   替換層 1 -> QuantModule_DiffAE_LoRA
2026-01-26 12:13:49,677 [INFO]   替換層 1 -> QuantModule_DiffAE_LoRA
2026-01-26 12:13:49,677 [INFO]   替換層 1 -> QuantModule_DiffAE_LoRA
2026-01-26 12:13:49,678 [INFO]   替換層 3 -> QuantModule_DiffAE_LoRA
2026-01-26 12:13:49,678 [INFO]   替換層 3 -> QuantModule_DiffAE_LoRA
2026-01-26 12:13:49,685 [INFO]   替換層 2 -> QuantModule_DiffAE_LoRA
2026-01-26 12:13:49,685 [INFO]   替換層 2 -> QuantModule_DiffAE_LoRA
2026-01-26 12:13:49,697 [INFO]   替換層 1 -> QuantModule_DiffAE_LoRA
2026-01-26 12:13:49,697 [INFO]   替換層 1 -> QuantModule_DiffAE_LoRA
2026-01-26 12:13:49,703 [INFO]   替換層 1 -> QuantModule_DiffAE_LoRA
2026-01-26 12:13:49,703 [INFO]   替換層 1 -> QuantModule_DiffAE_LoRA
2026-01-26 12:13:49,708 [INFO]   替換層 3 -> QuantModule_DiffAE_LoRA
2026-01-26 12:13:49,708 [INFO]   替換層 3 -> QuantModule_DiffAE_LoRA
2026-01-26 12:13:49,720 [INFO] 改造模組: output_blocks
2026-01-26 12:13:49,720 [INFO]   替換層 2 -> QuantModule_DiffAE_LoRA
2026-01-26 12:13:49,720 [INFO] 改造模組: output_blocks
2026-01-26 12:13:49,720 [INFO]   替換層 2 -> QuantModule_DiffAE_LoRA
2026-01-26 12:13:49,737 [INFO]   替換層 1 -> QuantModule_DiffAE_LoRA
2026-01-26 12:13:49,737 [INFO]   替換層 1 -> QuantModule_DiffAE_LoRA
2026-01-26 12:13:49,743 [INFO]   替換層 1 -> QuantModule_DiffAE_LoRA
2026-01-26 12:13:49,743 [INFO]   替換層 1 -> QuantModule_DiffAE_LoRA
2026-01-26 12:13:49,747 [INFO]   替換層 3 -> QuantModule_DiffAE_LoRA
2026-01-26 12:13:49,747 [INFO]   替換層 3 -> QuantModule_DiffAE_LoRA
2026-01-26 12:13:49,759 [INFO]   跳過量化 skip connection: skip_connection
2026-01-26 12:13:49,759 [INFO]   替換層 2 -> QuantModule_DiffAE_LoRA
2026-01-26 12:13:49,759 [INFO]   跳過量化 skip connection: skip_connection
2026-01-26 12:13:49,759 [INFO]   替換層 2 -> QuantModule_DiffAE_LoRA
2026-01-26 12:13:49,774 [INFO]   替換層 1 -> QuantModule_DiffAE_LoRA
2026-01-26 12:13:49,774 [INFO]   替換層 1 -> QuantModule_DiffAE_LoRA
2026-01-26 12:13:49,782 [INFO]   替換層 1 -> QuantModule_DiffAE_LoRA
2026-01-26 12:13:49,782 [INFO]   替換層 1 -> QuantModule_DiffAE_LoRA
2026-01-26 12:13:49,785 [INFO]   替換層 3 -> QuantModule_DiffAE_LoRA
2026-01-26 12:13:49,785 [INFO]   替換層 3 -> QuantModule_DiffAE_LoRA
2026-01-26 12:13:49,795 [INFO]   跳過量化 skip connection: skip_connection
2026-01-26 12:13:49,795 [INFO]   跳過量化 skip connection: skip_connection
2026-01-26 12:13:49,796 [INFO]   替換層 2 -> QuantModule_DiffAE_LoRA
2026-01-26 12:13:49,796 [INFO]   替換層 2 -> QuantModule_DiffAE_LoRA
2026-01-26 12:13:49,810 [INFO]   替換層 1 -> QuantModule_DiffAE_LoRA
2026-01-26 12:13:49,810 [INFO]   替換層 1 -> QuantModule_DiffAE_LoRA
2026-01-26 12:13:49,817 [INFO]   替換層 1 -> QuantModule_DiffAE_LoRA
2026-01-26 12:13:49,817 [INFO]   替換層 1 -> QuantModule_DiffAE_LoRA
2026-01-26 12:13:49,819 [INFO]   替換層 3 -> QuantModule_DiffAE_LoRA
2026-01-26 12:13:49,819 [INFO]   替換層 3 -> QuantModule_DiffAE_LoRA
2026-01-26 12:13:49,825 [INFO]   跳過量化 skip connection: skip_connection
2026-01-26 12:13:49,826 [INFO]   替換層 2 -> QuantModule_DiffAE_LoRA
2026-01-26 12:13:49,825 [INFO]   跳過量化 skip connection: skip_connection
2026-01-26 12:13:49,826 [INFO]   替換層 2 -> QuantModule_DiffAE_LoRA
2026-01-26 12:13:49,838 [INFO]   替換層 1 -> QuantModule_DiffAE_LoRA
2026-01-26 12:13:49,838 [INFO]   替換層 1 -> QuantModule_DiffAE_LoRA
2026-01-26 12:13:49,846 [INFO]   替換層 1 -> QuantModule_DiffAE_LoRA
2026-01-26 12:13:49,846 [INFO]   替換層 1 -> QuantModule_DiffAE_LoRA
2026-01-26 12:13:49,852 [INFO]   替換層 3 -> QuantModule_DiffAE_LoRA
2026-01-26 12:13:49,852 [INFO]   替換層 3 -> QuantModule_DiffAE_LoRA
2026-01-26 12:13:49,861 [INFO]   替換層 2 -> QuantModule_DiffAE_LoRA
2026-01-26 12:13:49,861 [INFO]   替換層 2 -> QuantModule_DiffAE_LoRA
2026-01-26 12:13:49,873 [INFO]   替換層 1 -> QuantModule_DiffAE_LoRA
2026-01-26 12:13:49,873 [INFO]   替換層 1 -> QuantModule_DiffAE_LoRA
2026-01-26 12:13:49,878 [INFO]   替換層 1 -> QuantModule_DiffAE_LoRA
2026-01-26 12:13:49,878 [INFO]   替換層 1 -> QuantModule_DiffAE_LoRA
2026-01-26 12:13:49,883 [INFO]   替換層 3 -> QuantModule_DiffAE_LoRA
2026-01-26 12:13:49,883 [INFO]   替換層 3 -> QuantModule_DiffAE_LoRA
2026-01-26 12:13:49,888 [INFO]   跳過量化 skip connection: skip_connection
2026-01-26 12:13:49,888 [INFO]   替換層 2 -> QuantModule_DiffAE_LoRA
2026-01-26 12:13:49,888 [INFO]   跳過量化 skip connection: skip_connection
2026-01-26 12:13:49,888 [INFO]   替換層 2 -> QuantModule_DiffAE_LoRA
2026-01-26 12:13:49,895 [INFO]   替換層 1 -> QuantModule_DiffAE_LoRA
2026-01-26 12:13:49,895 [INFO]   替換層 1 -> QuantModule_DiffAE_LoRA
2026-01-26 12:13:49,902 [INFO]   替換層 1 -> QuantModule_DiffAE_LoRA
2026-01-26 12:13:49,902 [INFO]   替換層 1 -> QuantModule_DiffAE_LoRA
2026-01-26 12:13:49,906 [INFO]   替換層 3 -> QuantModule_DiffAE_LoRA
2026-01-26 12:13:49,906 [INFO]   替換層 3 -> QuantModule_DiffAE_LoRA
2026-01-26 12:13:49,918 [INFO]   跳過量化 skip connection: skip_connection
2026-01-26 12:13:49,918 [INFO]   跳過量化 skip connection: skip_connection
2026-01-26 12:13:49,918 [INFO]   替換層 2 -> QuantModule_DiffAE_LoRA
2026-01-26 12:13:49,918 [INFO]   替換層 2 -> QuantModule_DiffAE_LoRA
2026-01-26 12:13:49,930 [INFO]   替換層 1 -> QuantModule_DiffAE_LoRA
2026-01-26 12:13:49,930 [INFO]   替換層 1 -> QuantModule_DiffAE_LoRA
2026-01-26 12:13:49,934 [INFO]   替換層 1 -> QuantModule_DiffAE_LoRA
2026-01-26 12:13:49,934 [INFO]   替換層 1 -> QuantModule_DiffAE_LoRA
2026-01-26 12:13:49,943 [INFO]   替換層 3 -> QuantModule_DiffAE_LoRA
2026-01-26 12:13:49,943 [INFO]   替換層 3 -> QuantModule_DiffAE_LoRA
2026-01-26 12:13:49,953 [INFO]   跳過量化 skip connection: skip_connection
2026-01-26 12:13:49,953 [INFO]   跳過量化 skip connection: skip_connection
2026-01-26 12:13:49,953 [INFO]   替換層 2 -> QuantModule_DiffAE_LoRA
2026-01-26 12:13:49,953 [INFO]   替換層 2 -> QuantModule_DiffAE_LoRA
2026-01-26 12:13:49,963 [INFO]   替換層 1 -> QuantModule_DiffAE_LoRA
2026-01-26 12:13:49,963 [INFO]   替換層 1 -> QuantModule_DiffAE_LoRA
2026-01-26 12:13:49,970 [INFO]   替換層 1 -> QuantModule_DiffAE_LoRA
2026-01-26 12:13:49,970 [INFO]   替換層 1 -> QuantModule_DiffAE_LoRA
2026-01-26 12:13:49,974 [INFO]   替換層 3 -> QuantModule_DiffAE_LoRA
2026-01-26 12:13:49,974 [INFO]   替換層 3 -> QuantModule_DiffAE_LoRA
2026-01-26 12:13:49,977 [INFO]   替換層 2 -> QuantModule_DiffAE_LoRA
2026-01-26 12:13:49,977 [INFO]   替換層 2 -> QuantModule_DiffAE_LoRA
2026-01-26 12:13:49,984 [INFO]   替換層 1 -> QuantModule_DiffAE_LoRA
2026-01-26 12:13:49,984 [INFO]   替換層 1 -> QuantModule_DiffAE_LoRA
2026-01-26 12:13:49,988 [INFO]   替換層 1 -> QuantModule_DiffAE_LoRA
2026-01-26 12:13:49,988 [INFO]   替換層 1 -> QuantModule_DiffAE_LoRA
2026-01-26 12:13:49,989 [INFO]   替換層 3 -> QuantModule_DiffAE_LoRA
2026-01-26 12:13:49,989 [INFO]   替換層 3 -> QuantModule_DiffAE_LoRA
2026-01-26 12:13:49,990 [INFO]   跳過量化 skip connection: skip_connection
2026-01-26 12:13:49,990 [INFO]   跳過量化 skip connection: skip_connection
2026-01-26 12:13:49,990 [INFO]   替換層 2 -> QuantModule_DiffAE_LoRA
2026-01-26 12:13:49,990 [INFO]   替換層 2 -> QuantModule_DiffAE_LoRA
2026-01-26 12:13:49,994 [INFO]   替換層 1 -> QuantModule_DiffAE_LoRA
2026-01-26 12:13:49,994 [INFO]   替換層 1 -> QuantModule_DiffAE_LoRA
2026-01-26 12:13:49,998 [INFO]   替換層 1 -> QuantModule_DiffAE_LoRA
2026-01-26 12:13:49,998 [INFO]   替換層 1 -> QuantModule_DiffAE_LoRA
2026-01-26 12:13:50,002 [INFO]   替換層 3 -> QuantModule_DiffAE_LoRA
2026-01-26 12:13:50,002 [INFO]   替換層 3 -> QuantModule_DiffAE_LoRA
2026-01-26 12:13:50,003 [INFO]   跳過量化 skip connection: skip_connection
2026-01-26 12:13:50,003 [INFO]   跳過量化 skip connection: skip_connection
2026-01-26 12:13:50,003 [INFO]   替換層 2 -> QuantModule_DiffAE_LoRA
2026-01-26 12:13:50,003 [INFO]   替換層 2 -> QuantModule_DiffAE_LoRA
2026-01-26 12:13:50,006 [INFO]   替換層 1 -> QuantModule_DiffAE_LoRA
2026-01-26 12:13:50,006 [INFO]   替換層 1 -> QuantModule_DiffAE_LoRA
2026-01-26 12:13:50,007 [INFO]   替換層 1 -> QuantModule_DiffAE_LoRA
2026-01-26 12:13:50,007 [INFO]   替換層 1 -> QuantModule_DiffAE_LoRA
2026-01-26 12:13:50,007 [INFO]   替換層 3 -> QuantModule_DiffAE_LoRA
2026-01-26 12:13:50,007 [INFO]   替換層 3 -> QuantModule_DiffAE_LoRA
2026-01-26 12:13:50,009 [INFO]   跳過量化 skip connection: skip_connection
2026-01-26 12:13:50,009 [INFO]   跳過量化 skip connection: skip_connection
2026-01-26 12:13:50,009 [INFO]   替換層 2 -> QuantModule_DiffAE_LoRA
2026-01-26 12:13:50,009 [INFO]   替換層 2 -> QuantModule_DiffAE_LoRA
2026-01-26 12:13:50,011 [INFO]   替換層 1 -> QuantModule_DiffAE_LoRA
2026-01-26 12:13:50,011 [INFO]   替換層 1 -> QuantModule_DiffAE_LoRA
2026-01-26 12:13:50,012 [INFO]   替換層 1 -> QuantModule_DiffAE_LoRA
2026-01-26 12:13:50,012 [INFO]   替換層 1 -> QuantModule_DiffAE_LoRA
2026-01-26 12:13:50,012 [INFO]   替換層 3 -> QuantModule_DiffAE_LoRA
2026-01-26 12:13:50,012 [INFO]   替換層 3 -> QuantModule_DiffAE_LoRA
2026-01-26 12:13:50,014 [INFO]   替換層 2 -> QuantModule_DiffAE_LoRA
2026-01-26 12:13:50,014 [INFO]   替換層 2 -> QuantModule_DiffAE_LoRA
2026-01-26 12:13:50,015 [INFO]   替換層 1 -> QuantModule_DiffAE_LoRA
2026-01-26 12:13:50,015 [INFO]   替換層 1 -> QuantModule_DiffAE_LoRA
2026-01-26 12:13:50,016 [INFO]   替換層 1 -> QuantModule_DiffAE_LoRA
2026-01-26 12:13:50,016 [INFO]   替換層 1 -> QuantModule_DiffAE_LoRA
2026-01-26 12:13:50,017 [INFO]   替換層 3 -> QuantModule_DiffAE_LoRA
2026-01-26 12:13:50,017 [INFO]   替換層 3 -> QuantModule_DiffAE_LoRA
2026-01-26 12:13:50,017 [INFO]   跳過量化 skip connection: skip_connection
2026-01-26 12:13:50,017 [INFO]   跳過量化 skip connection: skip_connection
2026-01-26 12:13:50,017 [INFO]   替換層 2 -> QuantModule_DiffAE_LoRA
2026-01-26 12:13:50,017 [INFO]   替換層 2 -> QuantModule_DiffAE_LoRA
2026-01-26 12:13:50,018 [INFO]   替換層 1 -> QuantModule_DiffAE_LoRA
2026-01-26 12:13:50,018 [INFO]   替換層 1 -> QuantModule_DiffAE_LoRA
2026-01-26 12:13:50,019 [INFO]   替換層 1 -> QuantModule_DiffAE_LoRA
2026-01-26 12:13:50,019 [INFO]   替換層 1 -> QuantModule_DiffAE_LoRA
2026-01-26 12:13:50,019 [INFO]   替換層 3 -> QuantModule_DiffAE_LoRA
2026-01-26 12:13:50,019 [INFO]   替換層 3 -> QuantModule_DiffAE_LoRA
2026-01-26 12:13:50,020 [INFO]   跳過量化 skip connection: skip_connection
2026-01-26 12:13:50,020 [INFO]   跳過量化 skip connection: skip_connection
2026-01-26 12:13:50,020 [INFO]   替換層 2 -> QuantModule_DiffAE_LoRA
2026-01-26 12:13:50,020 [INFO]   替換層 2 -> QuantModule_DiffAE_LoRA
2026-01-26 12:13:50,021 [INFO]   替換層 1 -> QuantModule_DiffAE_LoRA
2026-01-26 12:13:50,021 [INFO]   替換層 1 -> QuantModule_DiffAE_LoRA
2026-01-26 12:13:50,021 [INFO]   替換層 1 -> QuantModule_DiffAE_LoRA
2026-01-26 12:13:50,021 [INFO]   替換層 1 -> QuantModule_DiffAE_LoRA
2026-01-26 12:13:50,022 [INFO]   替換層 3 -> QuantModule_DiffAE_LoRA
2026-01-26 12:13:50,022 [INFO]   替換層 3 -> QuantModule_DiffAE_LoRA
2026-01-26 12:13:50,023 [INFO]   跳過量化 skip connection: skip_connection
2026-01-26 12:13:50,023 [INFO]   跳過量化 skip connection: skip_connection
2026-01-26 12:13:50,023 [INFO]   替換層 2 -> QuantModule_DiffAE_LoRA
2026-01-26 12:13:50,023 [INFO]   替換層 2 -> QuantModule_DiffAE_LoRA
2026-01-26 12:13:50,023 [INFO]   替換層 1 -> QuantModule_DiffAE_LoRA
2026-01-26 12:13:50,023 [INFO]   替換層 1 -> QuantModule_DiffAE_LoRA
2026-01-26 12:13:50,024 [INFO]   替換層 1 -> QuantModule_DiffAE_LoRA
2026-01-26 12:13:50,024 [INFO]   替換層 1 -> QuantModule_DiffAE_LoRA
2026-01-26 12:13:50,024 [INFO]   替換層 3 -> QuantModule_DiffAE_LoRA
2026-01-26 12:13:50,024 [INFO]   替換層 3 -> QuantModule_DiffAE_LoRA
2026-01-26 12:13:50,025 [INFO]   替換層 2 -> QuantModule_DiffAE_LoRA
2026-01-26 12:13:50,025 [INFO]   替換層 2 -> QuantModule_DiffAE_LoRA
2026-01-26 12:13:50,026 [INFO]   替換層 1 -> QuantModule_DiffAE_LoRA
2026-01-26 12:13:50,026 [INFO]   替換層 1 -> QuantModule_DiffAE_LoRA
2026-01-26 12:13:50,026 [INFO]   替換層 1 -> QuantModule_DiffAE_LoRA
2026-01-26 12:13:50,026 [INFO]   替換層 1 -> QuantModule_DiffAE_LoRA
2026-01-26 12:13:50,027 [INFO]   替換層 3 -> QuantModule_DiffAE_LoRA
2026-01-26 12:13:50,027 [INFO]   替換層 3 -> QuantModule_DiffAE_LoRA
2026-01-26 12:13:50,027 [INFO]   跳過量化 skip connection: skip_connection
2026-01-26 12:13:50,027 [INFO]   跳過量化 skip connection: skip_connection
2026-01-26 12:13:50,028 [INFO]   替換層 2 -> QuantModule_DiffAE_LoRA
2026-01-26 12:13:50,028 [INFO]   替換層 2 -> QuantModule_DiffAE_LoRA
2026-01-26 12:13:50,029 [INFO]   替換層 1 -> QuantModule_DiffAE_LoRA
2026-01-26 12:13:50,029 [INFO]   替換層 1 -> QuantModule_DiffAE_LoRA
2026-01-26 12:13:50,029 [INFO]   替換層 1 -> QuantModule_DiffAE_LoRA
2026-01-26 12:13:50,029 [INFO]   替換層 1 -> QuantModule_DiffAE_LoRA
2026-01-26 12:13:50,030 [INFO]   替換層 3 -> QuantModule_DiffAE_LoRA
2026-01-26 12:13:50,030 [INFO]   替換層 3 -> QuantModule_DiffAE_LoRA
2026-01-26 12:13:50,030 [INFO]   跳過量化 skip connection: skip_connection
2026-01-26 12:13:50,030 [INFO]   跳過量化 skip connection: skip_connection
2026-01-26 12:13:50,030 [INFO]   替換層 2 -> QuantModule_DiffAE_LoRA
2026-01-26 12:13:50,030 [INFO]   替換層 2 -> QuantModule_DiffAE_LoRA
2026-01-26 12:13:50,031 [INFO]   替換層 1 -> QuantModule_DiffAE_LoRA
2026-01-26 12:13:50,031 [INFO]   替換層 1 -> QuantModule_DiffAE_LoRA
2026-01-26 12:13:50,032 [INFO]   替換層 1 -> QuantModule_DiffAE_LoRA
2026-01-26 12:13:50,032 [INFO]   替換層 1 -> QuantModule_DiffAE_LoRA
2026-01-26 12:13:50,033 [INFO]   替換層 3 -> QuantModule_DiffAE_LoRA
2026-01-26 12:13:50,033 [INFO]   替換層 3 -> QuantModule_DiffAE_LoRA
2026-01-26 12:13:50,033 [INFO]   跳過量化 skip connection: skip_connection
2026-01-26 12:13:50,033 [INFO]   跳過量化 skip connection: skip_connection
2026-01-26 12:13:50,033 [INFO] 改造模組: out
2026-01-26 12:13:50,033 [INFO] 改造模組: out
2026-01-26 12:13:50,033 [INFO]   跳過量化特殊模組: 2
2026-01-26 12:13:50,033 [INFO]   跳過量化特殊模組: 2
2026-01-26 12:13:50,036 [INFO] 執行 'create_float_quantized_model' 完成，耗時: 0.66 秒
2026-01-26 12:13:50,036 [INFO] 執行 'create_float_quantized_model' 完成，耗時: 0.66 秒
2026-01-26 12:13:50,158 [INFO] 載入校準資料...
2026-01-26 12:13:50,158 [INFO] 載入校準資料...
2026-01-26 12:13:50,441 [INFO] ✅ 載入真實校準資料成功
2026-01-26 12:13:50,441 [INFO] ✅ 載入真實校準資料成功
2026-01-26 12:13:50,444 [INFO] ==================================================
2026-01-26 12:13:50,444 [INFO] 5. Setting first and last layers to 8-bit...
2026-01-26 12:13:50,444 [INFO] ==================================================
2026-01-26 12:13:50,444 [INFO] 5. Setting first and last layers to 8-bit...
2026-01-26 12:13:50,446 [INFO] 找到 144 個量化模組
2026-01-26 12:13:50,446 [INFO] ✅ 首尾層 8-bit 設定完成
2026-01-26 12:13:50,446 [INFO] ✅ 量化模型創建成功
2026-01-26 12:13:50,446 [INFO] set quant state to True, True for layer 1
2026-01-26 12:13:50,446 [INFO] 找到 144 個量化模組
2026-01-26 12:13:50,446 [INFO] ✅ 首尾層 8-bit 設定完成
2026-01-26 12:13:50,446 [INFO] ✅ 量化模型創建成功
2026-01-26 12:13:50,446 [INFO] set quant state to True, True for layer 1
2026-01-26 12:13:50,446 [INFO] set quant state to True, True for layer 2
2026-01-26 12:13:50,446 [INFO] set quant state to True, False for layer 3
2026-01-26 12:13:50,446 [INFO] set quant state to True, True for layer 2
2026-01-26 12:13:50,446 [INFO] set quant state to True, False for layer 3
2026-01-26 12:13:50,447 [INFO] set quant state to True, True for layer 144
2026-01-26 12:13:50,447 [INFO] set quant state to True, True for layer 144
2026-01-26 12:13:51,527 [INFO] ✅ 量化模型載入成功
2026-01-26 12:13:51,528 [INFO] === 初始化新功能模組 ===
2026-01-26 12:13:51,527 [INFO] ✅ 量化模型載入成功
2026-01-26 12:13:51,528 [INFO] === 初始化新功能模組 ===
local seed: 0
train data: 70001
val data: 70001
2026-01-26 12:13:51,553 [INFO] ✅ 基礎模型設定完成
2026-01-26 12:13:51,553 [INFO] ✅ 基礎模型設定完成
on train dataloader start ...
mean: tensor(-0.0606, device='cuda:0') std: 2026-01-26 12:13:51,597 [INFO] ==================================================
2026-01-26 12:13:51,597 [INFO] 啟用 Similarity Analysis (L1/L2/Cosine)
2026-01-26 12:13:51,597 [INFO] FID 評估樣本數: 128
2026-01-26 12:13:51,597 [INFO] 實際收集樣本數: 20 (用於加速)
2026-01-26 12:13:51,597 [INFO] 擴散步數: 100
2026-01-26 12:13:51,597 [INFO] ==================================================
2026-01-26 12:13:51,598 [INFO] [Similarity] 註冊 block hook: model.output_blocks.0
2026-01-26 12:13:51,599 [INFO] [Similarity] 註冊 model step hook 完成
tensor(0.0755, device='cuda:0')
2026-01-26 12:13:51,597 [INFO] ==================================================
2026-01-26 12:13:51,597 [INFO] 啟用 Similarity Analysis (L1/L2/Cosine)
2026-01-26 12:13:51,597 [INFO] FID 評估樣本數: 128
2026-01-26 12:13:51,597 [INFO] 實際收集樣本數: 20 (用於加速)
2026-01-26 12:13:51,597 [INFO] 擴散步數: 100
2026-01-26 12:13:51,597 [INFO] ==================================================
2026-01-26 12:13:51,598 [INFO] [Similarity] 註冊 block hook: model.output_blocks.0
2026-01-26 12:13:51,599 [INFO] [Similarity] 註冊 model step hook 完成
generating images:   0%|          | 0/4 [00:00<?, ?it/s]/home/jimmy/diffae/./diffusion/base.py:329: FutureWarning: `torch.cuda.amp.autocast(args...)` is deprecated. Please use `torch.amp.autocast('cuda', args...)` instead.
  with autocast(self.conf.fp16):
2026-01-26 12:14:08,770 [INFO] [Similarity] Batch 0 完成，已收集 20 個樣本
2026-01-26 12:14:08,770 [INFO] [Similarity] Batch 0 完成，已收集 20 個樣本
generating images:  25%|██▌       | 1/4 [00:17<00:52, 17.43s/it]2026-01-26 12:14:25,958 [INFO] [Similarity] Batch 1 完成，已收集 20 個樣本
2026-01-26 12:14:25,958 [INFO] [Similarity] Batch 1 完成，已收集 20 個樣本
generating images:  50%|█████     | 2/4 [00:34<00:34, 17.32s/it]2026-01-26 12:14:43,189 [INFO] [Similarity] Batch 2 完成，已收集 20 個樣本
2026-01-26 12:14:43,189 [INFO] [Similarity] Batch 2 完成，已收集 20 個樣本
generating images:  75%|███████▌  | 3/4 [00:51<00:17, 17.23s/it]2026-01-26 12:14:59,054 [INFO] [Similarity] 已收集 80 个样本，停止数据收集（目标: 80）
2026-01-26 12:14:59,054 [INFO] [Similarity] 已收集 80 个样本，停止数据收集（目标: 80）
2026-01-26 12:15:00,327 [INFO] [Similarity] Batch 3 完成，已收集 20 個樣本
2026-01-26 12:15:00,327 [INFO] [Similarity] Batch 3 完成，已收集 20 個樣本
2026-01-26 12:15:00,621 [INFO] [Similarity] FID@128 100 steps score: 0
generating images: 100%|██████████| 4/4 [01:09<00:00, 17.23s/it]generating images: 100%|██████████| 4/4 [01:09<00:00, 17.25s/it]
2026-01-26 12:15:00,621 [INFO] [Similarity] FID@128 100 steps score: 0
2026-01-26 12:15:00,622 [INFO] [Similarity] model.output_blocks.0 cosine: min=0.782056, max=1.000000, diag_mean=1.000000, off_diag_mean=0.946097, off_diag_std=0.044497
2026-01-26 12:15:00,622 [INFO] [Similarity] model.output_blocks.0 cosine: min=0.782056, max=1.000000, diag_mean=1.000000, off_diag_mean=0.946097, off_diag_std=0.044497
2026-01-26 12:15:01,449 [INFO] ✅ Similarity Analysis 完成
2026-01-26 12:15:01,449 [INFO] ✅ Similarity Analysis 完成
2026-01-26 12:15:01,492 [INFO] 執行 'main_float_model' 完成，耗時: 74.99 秒
2026-01-26 12:15:01,492 [INFO] 執行 'main_float_model' 完成，耗時: 74.99 秒
/home/jimmy/anaconda3/envs/diffae_bw/lib/python3.10/site-packages/torchmetrics/utilities/imports.py:21: UserWarning: pkg_resources is deprecated as an API. See https://setuptools.pypa.io/en/latest/pkg_resources.html. The pkg_resources package is slated for removal as early as 2025-11-30. Refrain from using this package or pin to Setuptools<81.
  from pkg_resources import DistributionNotFound, get_distribution
使用自動混合精度: torch.bfloat16
[設定] Log 檔案已設為: QATcode/cache_method/L1_L2_cosine/logs/similarity_model_output_blocks_0.log
2026-03-20 19:20:40,633 [INFO] Using 100 steps
2026-03-20 19:20:40,633 [INFO] Using 100 steps
2026-03-20 19:20:40,633 [INFO] Using 50000 evaluation samples
2026-03-20 19:20:40,633 [INFO] Using 50000 evaluation samples
2026-03-20 19:20:40,634 [INFO] Cache enabled: False, method: Res, threshold: 0.1
2026-03-20 19:20:40,634 [INFO] Cache enabled: False, method: Res, threshold: 0.1
2026-03-20 19:20:40,634 [INFO] Quantitative analysis enabled: False, samples: 10
2026-03-20 19:20:40,634 [INFO] Quantitative analysis enabled: False, samples: 10
2026-03-20 19:20:40,634 [INFO] Log file: QATcode/cache_method/L1_L2_cosine/logs/similarity_model_output_blocks_0.log
2026-03-20 19:20:40,634 [INFO] Log file: QATcode/cache_method/L1_L2_cosine/logs/similarity_model_output_blocks_0.log
2026-03-20 19:20:40,634 [INFO] ==================================================
2026-03-20 19:20:40,634 [INFO] ==================================================
2026-03-20 19:20:40,634 [INFO] Diff-AE EfficientDM Step 7 : 生成圖片
2026-03-20 19:20:40,634 [INFO] Diff-AE EfficientDM Step 7 : 生成圖片
2026-03-20 19:20:40,634 [INFO] ==================================================
2026-03-20 19:20:40,634 [INFO] ==================================================
2026-03-20 19:20:40,634 [INFO] 使用設備: cuda
2026-03-20 19:20:40,634 [INFO] 使用設備: cuda
2026-03-20 19:20:40,634 [INFO] === 新功能狀態 ===
2026-03-20 19:20:40,634 [INFO] === 新功能狀態 ===
2026-03-20 19:20:40,634 [INFO] 載入 Diff-AE 模型: checkpoints/ffhq128_autoenc_latent/last.ckpt
2026-03-20 19:20:40,634 [INFO] 載入 Diff-AE 模型: checkpoints/ffhq128_autoenc_latent/last.ckpt
Global seed set to 0
2026-03-20 19:20:42,425 [INFO] Diff-AE 模型載入完成
2026-03-20 19:20:42,425 [INFO] Diff-AE 模型載入完成
2026-03-20 19:20:42,457 [INFO] 執行 'load_diffae_model' 完成，耗時: 1.82 秒
2026-03-20 19:20:42,457 [INFO] 執行 'load_diffae_model' 完成，耗時: 1.82 秒
2026-03-20 19:20:42,457 [INFO] ✅ Diff-AE 模型載入成功
2026-03-20 19:20:42,457 [INFO] ✅ Diff-AE 模型載入成功
2026-03-20 19:20:42,457 [INFO] base_model.conf.train_mode: TrainMode.latent_diffusion
2026-03-20 19:20:42,457 [INFO] base_model.conf.train_mode: TrainMode.latent_diffusion
2026-03-20 19:20:42,457 [INFO] === 創建 LoRA 量化模型 ===
2026-03-20 19:20:42,457 [INFO] === 創建 LoRA 量化模型 ===
2026-03-20 19:20:42,457 [INFO] === 開始 UNet LoRA 量化改造 ===
2026-03-20 19:20:42,457 [INFO] === 開始 UNet LoRA 量化改造 ===
2026-03-20 19:20:42,457 [INFO] 改造模組: time_embed
2026-03-20 19:20:42,457 [INFO] 改造模組: time_embed
2026-03-20 19:20:42,457 [INFO]   跳過量化特殊模組: 0
2026-03-20 19:20:42,457 [INFO]   跳過量化特殊模組: 0
2026-03-20 19:20:42,458 [INFO]   跳過量化特殊模組: 2
2026-03-20 19:20:42,458 [INFO]   跳過量化特殊模組: 2
2026-03-20 19:20:42,458 [INFO] 改造模組: input_blocks
2026-03-20 19:20:42,458 [INFO] 改造模組: input_blocks
2026-03-20 19:20:42,458 [INFO]   跳過量化特殊模組: 0
2026-03-20 19:20:42,458 [INFO]   跳過量化特殊模組: 0
2026-03-20 19:20:42,458 [INFO]   替換層 2 -> QuantModule_DiffAE_LoRA
2026-03-20 19:20:42,458 [INFO]   替換層 2 -> QuantModule_DiffAE_LoRA
2026-03-20 19:20:42,521 [INFO]   替換層 1 -> QuantModule_DiffAE_LoRA
2026-03-20 19:20:42,521 [INFO]   替換層 1 -> QuantModule_DiffAE_LoRA
2026-03-20 19:20:42,522 [INFO]   替換層 1 -> QuantModule_DiffAE_LoRA
2026-03-20 19:20:42,522 [INFO]   替換層 1 -> QuantModule_DiffAE_LoRA
2026-03-20 19:20:42,522 [INFO]   替換層 3 -> QuantModule_DiffAE_LoRA
2026-03-20 19:20:42,522 [INFO]   替換層 3 -> QuantModule_DiffAE_LoRA
2026-03-20 19:20:42,523 [INFO]   替換層 2 -> QuantModule_DiffAE_LoRA
2026-03-20 19:20:42,523 [INFO]   替換層 2 -> QuantModule_DiffAE_LoRA
2026-03-20 19:20:42,524 [INFO]   替換層 1 -> QuantModule_DiffAE_LoRA
2026-03-20 19:20:42,524 [INFO]   替換層 1 -> QuantModule_DiffAE_LoRA
2026-03-20 19:20:42,525 [INFO]   替換層 1 -> QuantModule_DiffAE_LoRA
2026-03-20 19:20:42,525 [INFO]   替換層 1 -> QuantModule_DiffAE_LoRA
2026-03-20 19:20:42,525 [INFO]   替換層 3 -> QuantModule_DiffAE_LoRA
2026-03-20 19:20:42,525 [INFO]   替換層 3 -> QuantModule_DiffAE_LoRA
2026-03-20 19:20:42,526 [INFO]   替換層 2 -> QuantModule_DiffAE_LoRA
2026-03-20 19:20:42,526 [INFO]   替換層 2 -> QuantModule_DiffAE_LoRA
2026-03-20 19:20:42,526 [INFO]   替換層 1 -> QuantModule_DiffAE_LoRA
2026-03-20 19:20:42,526 [INFO]   替換層 1 -> QuantModule_DiffAE_LoRA
2026-03-20 19:20:42,527 [INFO]   替換層 1 -> QuantModule_DiffAE_LoRA
2026-03-20 19:20:42,527 [INFO]   替換層 1 -> QuantModule_DiffAE_LoRA
2026-03-20 19:20:42,527 [INFO]   替換層 3 -> QuantModule_DiffAE_LoRA
2026-03-20 19:20:42,527 [INFO]   替換層 3 -> QuantModule_DiffAE_LoRA
2026-03-20 19:20:42,528 [INFO]   替換層 2 -> QuantModule_DiffAE_LoRA
2026-03-20 19:20:42,528 [INFO]   替換層 2 -> QuantModule_DiffAE_LoRA
2026-03-20 19:20:42,529 [INFO]   替換層 1 -> QuantModule_DiffAE_LoRA
2026-03-20 19:20:42,529 [INFO]   替換層 1 -> QuantModule_DiffAE_LoRA
2026-03-20 19:20:42,529 [INFO]   替換層 1 -> QuantModule_DiffAE_LoRA
2026-03-20 19:20:42,529 [INFO]   替換層 1 -> QuantModule_DiffAE_LoRA
2026-03-20 19:20:42,530 [INFO]   替換層 3 -> QuantModule_DiffAE_LoRA
2026-03-20 19:20:42,530 [INFO]   替換層 3 -> QuantModule_DiffAE_LoRA
2026-03-20 19:20:42,530 [INFO]   替換層 2 -> QuantModule_DiffAE_LoRA
2026-03-20 19:20:42,530 [INFO]   替換層 2 -> QuantModule_DiffAE_LoRA
2026-03-20 19:20:42,531 [INFO]   替換層 1 -> QuantModule_DiffAE_LoRA
2026-03-20 19:20:42,531 [INFO]   替換層 1 -> QuantModule_DiffAE_LoRA
2026-03-20 19:20:42,532 [INFO]   替換層 1 -> QuantModule_DiffAE_LoRA
2026-03-20 19:20:42,532 [INFO]   替換層 1 -> QuantModule_DiffAE_LoRA
2026-03-20 19:20:42,532 [INFO]   替換層 3 -> QuantModule_DiffAE_LoRA
2026-03-20 19:20:42,532 [INFO]   替換層 3 -> QuantModule_DiffAE_LoRA
2026-03-20 19:20:42,533 [INFO]   替換層 2 -> QuantModule_DiffAE_LoRA
2026-03-20 19:20:42,533 [INFO]   替換層 2 -> QuantModule_DiffAE_LoRA
2026-03-20 19:20:42,533 [INFO]   替換層 1 -> QuantModule_DiffAE_LoRA
2026-03-20 19:20:42,533 [INFO]   替換層 1 -> QuantModule_DiffAE_LoRA
2026-03-20 19:20:42,534 [INFO]   替換層 1 -> QuantModule_DiffAE_LoRA
2026-03-20 19:20:42,534 [INFO]   替換層 1 -> QuantModule_DiffAE_LoRA
2026-03-20 19:20:42,534 [INFO]   替換層 3 -> QuantModule_DiffAE_LoRA
2026-03-20 19:20:42,534 [INFO]   替換層 3 -> QuantModule_DiffAE_LoRA
2026-03-20 19:20:42,535 [INFO]   替換層 2 -> QuantModule_DiffAE_LoRA
2026-03-20 19:20:42,535 [INFO]   替換層 2 -> QuantModule_DiffAE_LoRA
2026-03-20 19:20:42,536 [INFO]   替換層 1 -> QuantModule_DiffAE_LoRA
2026-03-20 19:20:42,536 [INFO]   替換層 1 -> QuantModule_DiffAE_LoRA
2026-03-20 19:20:42,537 [INFO]   替換層 1 -> QuantModule_DiffAE_LoRA
2026-03-20 19:20:42,537 [INFO]   替換層 1 -> QuantModule_DiffAE_LoRA
2026-03-20 19:20:42,538 [INFO]   替換層 3 -> QuantModule_DiffAE_LoRA
2026-03-20 19:20:42,538 [INFO]   替換層 3 -> QuantModule_DiffAE_LoRA
2026-03-20 19:20:42,540 [INFO]   跳過量化 skip connection: skip_connection
2026-03-20 19:20:42,540 [INFO]   跳過量化 skip connection: skip_connection
2026-03-20 19:20:42,540 [INFO]   替換層 2 -> QuantModule_DiffAE_LoRA
2026-03-20 19:20:42,540 [INFO]   替換層 2 -> QuantModule_DiffAE_LoRA
2026-03-20 19:20:42,542 [INFO]   替換層 1 -> QuantModule_DiffAE_LoRA
2026-03-20 19:20:42,542 [INFO]   替換層 1 -> QuantModule_DiffAE_LoRA
2026-03-20 19:20:42,543 [INFO]   替換層 1 -> QuantModule_DiffAE_LoRA
2026-03-20 19:20:42,543 [INFO]   替換層 1 -> QuantModule_DiffAE_LoRA
2026-03-20 19:20:42,543 [INFO]   替換層 3 -> QuantModule_DiffAE_LoRA
2026-03-20 19:20:42,543 [INFO]   替換層 3 -> QuantModule_DiffAE_LoRA
2026-03-20 19:20:42,545 [INFO]   替換層 2 -> QuantModule_DiffAE_LoRA
2026-03-20 19:20:42,545 [INFO]   替換層 2 -> QuantModule_DiffAE_LoRA
2026-03-20 19:20:42,547 [INFO]   替換層 1 -> QuantModule_DiffAE_LoRA
2026-03-20 19:20:42,547 [INFO]   替換層 1 -> QuantModule_DiffAE_LoRA
2026-03-20 19:20:42,548 [INFO]   替換層 1 -> QuantModule_DiffAE_LoRA
2026-03-20 19:20:42,548 [INFO]   替換層 1 -> QuantModule_DiffAE_LoRA
2026-03-20 19:20:42,549 [INFO]   替換層 3 -> QuantModule_DiffAE_LoRA
2026-03-20 19:20:42,549 [INFO]   替換層 3 -> QuantModule_DiffAE_LoRA
2026-03-20 19:20:42,551 [INFO]   替換層 2 -> QuantModule_DiffAE_LoRA
2026-03-20 19:20:42,551 [INFO]   替換層 2 -> QuantModule_DiffAE_LoRA
2026-03-20 19:20:42,554 [INFO]   替換層 1 -> QuantModule_DiffAE_LoRA
2026-03-20 19:20:42,554 [INFO]   替換層 1 -> QuantModule_DiffAE_LoRA
2026-03-20 19:20:42,556 [INFO]   替換層 1 -> QuantModule_DiffAE_LoRA
2026-03-20 19:20:42,556 [INFO]   替換層 1 -> QuantModule_DiffAE_LoRA
2026-03-20 19:20:42,556 [INFO]   替換層 3 -> QuantModule_DiffAE_LoRA
2026-03-20 19:20:42,556 [INFO]   替換層 3 -> QuantModule_DiffAE_LoRA
2026-03-20 19:20:42,562 [INFO]   跳過量化 skip connection: skip_connection
2026-03-20 19:20:42,562 [INFO]   跳過量化 skip connection: skip_connection
2026-03-20 19:20:42,562 [INFO]   替換層 2 -> QuantModule_DiffAE_LoRA
2026-03-20 19:20:42,562 [INFO]   替換層 2 -> QuantModule_DiffAE_LoRA
2026-03-20 19:20:42,567 [INFO]   替換層 1 -> QuantModule_DiffAE_LoRA
2026-03-20 19:20:42,567 [INFO]   替換層 1 -> QuantModule_DiffAE_LoRA
2026-03-20 19:20:42,568 [INFO]   替換層 1 -> QuantModule_DiffAE_LoRA
2026-03-20 19:20:42,568 [INFO]   替換層 1 -> QuantModule_DiffAE_LoRA
2026-03-20 19:20:42,569 [INFO]   替換層 3 -> QuantModule_DiffAE_LoRA
2026-03-20 19:20:42,569 [INFO]   替換層 3 -> QuantModule_DiffAE_LoRA
2026-03-20 19:20:42,574 [INFO]   替換層 2 -> QuantModule_DiffAE_LoRA
2026-03-20 19:20:42,574 [INFO]   替換層 2 -> QuantModule_DiffAE_LoRA
2026-03-20 19:20:42,579 [INFO]   替換層 1 -> QuantModule_DiffAE_LoRA
2026-03-20 19:20:42,579 [INFO]   替換層 1 -> QuantModule_DiffAE_LoRA
2026-03-20 19:20:42,581 [INFO]   替換層 1 -> QuantModule_DiffAE_LoRA
2026-03-20 19:20:42,581 [INFO]   替換層 1 -> QuantModule_DiffAE_LoRA
2026-03-20 19:20:42,582 [INFO]   替換層 3 -> QuantModule_DiffAE_LoRA
2026-03-20 19:20:42,582 [INFO]   替換層 3 -> QuantModule_DiffAE_LoRA
2026-03-20 19:20:42,587 [INFO]   替換層 2 -> QuantModule_DiffAE_LoRA
2026-03-20 19:20:42,587 [INFO]   替換層 2 -> QuantModule_DiffAE_LoRA
2026-03-20 19:20:42,593 [INFO]   替換層 1 -> QuantModule_DiffAE_LoRA
2026-03-20 19:20:42,593 [INFO]   替換層 1 -> QuantModule_DiffAE_LoRA
2026-03-20 19:20:42,595 [INFO]   替換層 1 -> QuantModule_DiffAE_LoRA
2026-03-20 19:20:42,595 [INFO]   替換層 1 -> QuantModule_DiffAE_LoRA
2026-03-20 19:20:42,596 [INFO]   替換層 3 -> QuantModule_DiffAE_LoRA
2026-03-20 19:20:42,596 [INFO]   替換層 3 -> QuantModule_DiffAE_LoRA
2026-03-20 19:20:42,604 [INFO]   跳過量化 skip connection: skip_connection
2026-03-20 19:20:42,604 [INFO]   跳過量化 skip connection: skip_connection
2026-03-20 19:20:42,604 [INFO]   替換層 2 -> QuantModule_DiffAE_LoRA
2026-03-20 19:20:42,604 [INFO]   替換層 2 -> QuantModule_DiffAE_LoRA
2026-03-20 19:20:42,613 [INFO]   替換層 1 -> QuantModule_DiffAE_LoRA
2026-03-20 19:20:42,613 [INFO]   替換層 1 -> QuantModule_DiffAE_LoRA
2026-03-20 19:20:42,615 [INFO]   替換層 1 -> QuantModule_DiffAE_LoRA
2026-03-20 19:20:42,615 [INFO]   替換層 1 -> QuantModule_DiffAE_LoRA
2026-03-20 19:20:42,616 [INFO]   替換層 3 -> QuantModule_DiffAE_LoRA
2026-03-20 19:20:42,616 [INFO]   替換層 3 -> QuantModule_DiffAE_LoRA
2026-03-20 19:20:42,623 [INFO] 改造模組: middle_block
2026-03-20 19:20:42,623 [INFO] 改造模組: middle_block
2026-03-20 19:20:42,623 [INFO]   替換層 2 -> QuantModule_DiffAE_LoRA
2026-03-20 19:20:42,623 [INFO]   替換層 2 -> QuantModule_DiffAE_LoRA
2026-03-20 19:20:42,630 [INFO]   替換層 1 -> QuantModule_DiffAE_LoRA
2026-03-20 19:20:42,630 [INFO]   替換層 1 -> QuantModule_DiffAE_LoRA
2026-03-20 19:20:42,632 [INFO]   替換層 1 -> QuantModule_DiffAE_LoRA
2026-03-20 19:20:42,632 [INFO]   替換層 1 -> QuantModule_DiffAE_LoRA
2026-03-20 19:20:42,633 [INFO]   替換層 3 -> QuantModule_DiffAE_LoRA
2026-03-20 19:20:42,633 [INFO]   替換層 3 -> QuantModule_DiffAE_LoRA
2026-03-20 19:20:42,640 [INFO]   替換層 2 -> QuantModule_DiffAE_LoRA
2026-03-20 19:20:42,640 [INFO]   替換層 2 -> QuantModule_DiffAE_LoRA
2026-03-20 19:20:42,646 [INFO]   替換層 1 -> QuantModule_DiffAE_LoRA
2026-03-20 19:20:42,646 [INFO]   替換層 1 -> QuantModule_DiffAE_LoRA
2026-03-20 19:20:42,648 [INFO]   替換層 1 -> QuantModule_DiffAE_LoRA
2026-03-20 19:20:42,648 [INFO]   替換層 1 -> QuantModule_DiffAE_LoRA
2026-03-20 19:20:42,650 [INFO]   替換層 3 -> QuantModule_DiffAE_LoRA
2026-03-20 19:20:42,650 [INFO]   替換層 3 -> QuantModule_DiffAE_LoRA
2026-03-20 19:20:42,656 [INFO] 改造模組: output_blocks
2026-03-20 19:20:42,656 [INFO] 改造模組: output_blocks
2026-03-20 19:20:42,656 [INFO]   替換層 2 -> QuantModule_DiffAE_LoRA
2026-03-20 19:20:42,656 [INFO]   替換層 2 -> QuantModule_DiffAE_LoRA
2026-03-20 19:20:42,670 [INFO]   替換層 1 -> QuantModule_DiffAE_LoRA
2026-03-20 19:20:42,670 [INFO]   替換層 1 -> QuantModule_DiffAE_LoRA
2026-03-20 19:20:42,671 [INFO]   替換層 1 -> QuantModule_DiffAE_LoRA
2026-03-20 19:20:42,671 [INFO]   替換層 1 -> QuantModule_DiffAE_LoRA
2026-03-20 19:20:42,673 [INFO]   替換層 3 -> QuantModule_DiffAE_LoRA
2026-03-20 19:20:42,673 [INFO]   替換層 3 -> QuantModule_DiffAE_LoRA
2026-03-20 19:20:42,679 [INFO]   跳過量化 skip connection: skip_connection
2026-03-20 19:20:42,679 [INFO]   跳過量化 skip connection: skip_connection
2026-03-20 19:20:42,679 [INFO]   替換層 2 -> QuantModule_DiffAE_LoRA
2026-03-20 19:20:42,679 [INFO]   替換層 2 -> QuantModule_DiffAE_LoRA
2026-03-20 19:20:42,693 [INFO]   替換層 1 -> QuantModule_DiffAE_LoRA
2026-03-20 19:20:42,693 [INFO]   替換層 1 -> QuantModule_DiffAE_LoRA
2026-03-20 19:20:42,695 [INFO]   替換層 1 -> QuantModule_DiffAE_LoRA
2026-03-20 19:20:42,695 [INFO]   替換層 1 -> QuantModule_DiffAE_LoRA
2026-03-20 19:20:42,697 [INFO]   替換層 3 -> QuantModule_DiffAE_LoRA
2026-03-20 19:20:42,697 [INFO]   替換層 3 -> QuantModule_DiffAE_LoRA
2026-03-20 19:20:42,705 [INFO]   跳過量化 skip connection: skip_connection
2026-03-20 19:20:42,705 [INFO]   跳過量化 skip connection: skip_connection
2026-03-20 19:20:42,705 [INFO]   替換層 2 -> QuantModule_DiffAE_LoRA
2026-03-20 19:20:42,705 [INFO]   替換層 2 -> QuantModule_DiffAE_LoRA
2026-03-20 19:20:42,716 [INFO]   替換層 1 -> QuantModule_DiffAE_LoRA
2026-03-20 19:20:42,716 [INFO]   替換層 1 -> QuantModule_DiffAE_LoRA
2026-03-20 19:20:42,718 [INFO]   替換層 1 -> QuantModule_DiffAE_LoRA
2026-03-20 19:20:42,718 [INFO]   替換層 1 -> QuantModule_DiffAE_LoRA
2026-03-20 19:20:42,719 [INFO]   替換層 3 -> QuantModule_DiffAE_LoRA
2026-03-20 19:20:42,719 [INFO]   替換層 3 -> QuantModule_DiffAE_LoRA
2026-03-20 19:20:42,728 [INFO]   跳過量化 skip connection: skip_connection
2026-03-20 19:20:42,728 [INFO]   跳過量化 skip connection: skip_connection
2026-03-20 19:20:42,728 [INFO]   替換層 2 -> QuantModule_DiffAE_LoRA
2026-03-20 19:20:42,728 [INFO]   替換層 2 -> QuantModule_DiffAE_LoRA
2026-03-20 19:20:42,735 [INFO]   替換層 1 -> QuantModule_DiffAE_LoRA
2026-03-20 19:20:42,735 [INFO]   替換層 1 -> QuantModule_DiffAE_LoRA
2026-03-20 19:20:42,737 [INFO]   替換層 1 -> QuantModule_DiffAE_LoRA
2026-03-20 19:20:42,737 [INFO]   替換層 1 -> QuantModule_DiffAE_LoRA
2026-03-20 19:20:42,738 [INFO]   替換層 3 -> QuantModule_DiffAE_LoRA
2026-03-20 19:20:42,738 [INFO]   替換層 3 -> QuantModule_DiffAE_LoRA
2026-03-20 19:20:42,747 [INFO]   替換層 2 -> QuantModule_DiffAE_LoRA
2026-03-20 19:20:42,747 [INFO]   替換層 2 -> QuantModule_DiffAE_LoRA
2026-03-20 19:20:42,756 [INFO]   替換層 1 -> QuantModule_DiffAE_LoRA
2026-03-20 19:20:42,756 [INFO]   替換層 1 -> QuantModule_DiffAE_LoRA
2026-03-20 19:20:42,758 [INFO]   替換層 1 -> QuantModule_DiffAE_LoRA
2026-03-20 19:20:42,758 [INFO]   替換層 1 -> QuantModule_DiffAE_LoRA
2026-03-20 19:20:42,758 [INFO]   替換層 3 -> QuantModule_DiffAE_LoRA
2026-03-20 19:20:42,758 [INFO]   替換層 3 -> QuantModule_DiffAE_LoRA
2026-03-20 19:20:42,763 [INFO]   跳過量化 skip connection: skip_connection
2026-03-20 19:20:42,763 [INFO]   跳過量化 skip connection: skip_connection
2026-03-20 19:20:42,763 [INFO]   替換層 2 -> QuantModule_DiffAE_LoRA
2026-03-20 19:20:42,763 [INFO]   替換層 2 -> QuantModule_DiffAE_LoRA
2026-03-20 19:20:42,773 [INFO]   替換層 1 -> QuantModule_DiffAE_LoRA
2026-03-20 19:20:42,773 [INFO]   替換層 1 -> QuantModule_DiffAE_LoRA
2026-03-20 19:20:42,774 [INFO]   替換層 1 -> QuantModule_DiffAE_LoRA
2026-03-20 19:20:42,774 [INFO]   替換層 1 -> QuantModule_DiffAE_LoRA
2026-03-20 19:20:42,775 [INFO]   替換層 3 -> QuantModule_DiffAE_LoRA
2026-03-20 19:20:42,775 [INFO]   替換層 3 -> QuantModule_DiffAE_LoRA
2026-03-20 19:20:42,779 [INFO]   跳過量化 skip connection: skip_connection
2026-03-20 19:20:42,779 [INFO]   跳過量化 skip connection: skip_connection
2026-03-20 19:20:42,779 [INFO]   替換層 2 -> QuantModule_DiffAE_LoRA
2026-03-20 19:20:42,779 [INFO]   替換層 2 -> QuantModule_DiffAE_LoRA
2026-03-20 19:20:42,786 [INFO]   替換層 1 -> QuantModule_DiffAE_LoRA
2026-03-20 19:20:42,786 [INFO]   替換層 1 -> QuantModule_DiffAE_LoRA
2026-03-20 19:20:42,788 [INFO]   替換層 1 -> QuantModule_DiffAE_LoRA
2026-03-20 19:20:42,788 [INFO]   替換層 1 -> QuantModule_DiffAE_LoRA
2026-03-20 19:20:42,788 [INFO]   替換層 3 -> QuantModule_DiffAE_LoRA
2026-03-20 19:20:42,788 [INFO]   替換層 3 -> QuantModule_DiffAE_LoRA
2026-03-20 19:20:42,792 [INFO]   跳過量化 skip connection: skip_connection
2026-03-20 19:20:42,792 [INFO]   跳過量化 skip connection: skip_connection
2026-03-20 19:20:42,792 [INFO]   替換層 2 -> QuantModule_DiffAE_LoRA
2026-03-20 19:20:42,792 [INFO]   替換層 2 -> QuantModule_DiffAE_LoRA
2026-03-20 19:20:42,797 [INFO]   替換層 1 -> QuantModule_DiffAE_LoRA
2026-03-20 19:20:42,797 [INFO]   替換層 1 -> QuantModule_DiffAE_LoRA
2026-03-20 19:20:42,798 [INFO]   替換層 1 -> QuantModule_DiffAE_LoRA
2026-03-20 19:20:42,798 [INFO]   替換層 1 -> QuantModule_DiffAE_LoRA
2026-03-20 19:20:42,799 [INFO]   替換層 3 -> QuantModule_DiffAE_LoRA
2026-03-20 19:20:42,799 [INFO]   替換層 3 -> QuantModule_DiffAE_LoRA
2026-03-20 19:20:42,804 [INFO]   替換層 2 -> QuantModule_DiffAE_LoRA
2026-03-20 19:20:42,804 [INFO]   替換層 2 -> QuantModule_DiffAE_LoRA
2026-03-20 19:20:42,809 [INFO]   替換層 1 -> QuantModule_DiffAE_LoRA
2026-03-20 19:20:42,809 [INFO]   替換層 1 -> QuantModule_DiffAE_LoRA
2026-03-20 19:20:42,810 [INFO]   替換層 1 -> QuantModule_DiffAE_LoRA
2026-03-20 19:20:42,810 [INFO]   替換層 1 -> QuantModule_DiffAE_LoRA
2026-03-20 19:20:42,811 [INFO]   替換層 3 -> QuantModule_DiffAE_LoRA
2026-03-20 19:20:42,811 [INFO]   替換層 3 -> QuantModule_DiffAE_LoRA
2026-03-20 19:20:42,813 [INFO]   跳過量化 skip connection: skip_connection
2026-03-20 19:20:42,813 [INFO]   跳過量化 skip connection: skip_connection
2026-03-20 19:20:42,813 [INFO]   替換層 2 -> QuantModule_DiffAE_LoRA
2026-03-20 19:20:42,813 [INFO]   替換層 2 -> QuantModule_DiffAE_LoRA
2026-03-20 19:20:42,817 [INFO]   替換層 1 -> QuantModule_DiffAE_LoRA
2026-03-20 19:20:42,817 [INFO]   替換層 1 -> QuantModule_DiffAE_LoRA
2026-03-20 19:20:42,818 [INFO]   替換層 1 -> QuantModule_DiffAE_LoRA
2026-03-20 19:20:42,818 [INFO]   替換層 1 -> QuantModule_DiffAE_LoRA
2026-03-20 19:20:42,818 [INFO]   替換層 3 -> QuantModule_DiffAE_LoRA
2026-03-20 19:20:42,818 [INFO]   替換層 3 -> QuantModule_DiffAE_LoRA
2026-03-20 19:20:42,821 [INFO]   跳過量化 skip connection: skip_connection
2026-03-20 19:20:42,821 [INFO]   跳過量化 skip connection: skip_connection
2026-03-20 19:20:42,821 [INFO]   替換層 2 -> QuantModule_DiffAE_LoRA
2026-03-20 19:20:42,821 [INFO]   替換層 2 -> QuantModule_DiffAE_LoRA
2026-03-20 19:20:42,824 [INFO]   替換層 1 -> QuantModule_DiffAE_LoRA
2026-03-20 19:20:42,824 [INFO]   替換層 1 -> QuantModule_DiffAE_LoRA
2026-03-20 19:20:42,825 [INFO]   替換層 1 -> QuantModule_DiffAE_LoRA
2026-03-20 19:20:42,825 [INFO]   替換層 1 -> QuantModule_DiffAE_LoRA
2026-03-20 19:20:42,826 [INFO]   替換層 3 -> QuantModule_DiffAE_LoRA
2026-03-20 19:20:42,826 [INFO]   替換層 3 -> QuantModule_DiffAE_LoRA
2026-03-20 19:20:42,828 [INFO]   跳過量化 skip connection: skip_connection
2026-03-20 19:20:42,828 [INFO]   跳過量化 skip connection: skip_connection
2026-03-20 19:20:42,828 [INFO]   替換層 2 -> QuantModule_DiffAE_LoRA
2026-03-20 19:20:42,828 [INFO]   替換層 2 -> QuantModule_DiffAE_LoRA
2026-03-20 19:20:42,830 [INFO]   替換層 1 -> QuantModule_DiffAE_LoRA
2026-03-20 19:20:42,830 [INFO]   替換層 1 -> QuantModule_DiffAE_LoRA
2026-03-20 19:20:42,830 [INFO]   替換層 1 -> QuantModule_DiffAE_LoRA
2026-03-20 19:20:42,830 [INFO]   替換層 1 -> QuantModule_DiffAE_LoRA
2026-03-20 19:20:42,831 [INFO]   替換層 3 -> QuantModule_DiffAE_LoRA
2026-03-20 19:20:42,831 [INFO]   替換層 3 -> QuantModule_DiffAE_LoRA
2026-03-20 19:20:42,834 [INFO]   替換層 2 -> QuantModule_DiffAE_LoRA
2026-03-20 19:20:42,834 [INFO]   替換層 2 -> QuantModule_DiffAE_LoRA
2026-03-20 19:20:42,836 [INFO]   替換層 1 -> QuantModule_DiffAE_LoRA
2026-03-20 19:20:42,836 [INFO]   替換層 1 -> QuantModule_DiffAE_LoRA
2026-03-20 19:20:42,836 [INFO]   替換層 1 -> QuantModule_DiffAE_LoRA
2026-03-20 19:20:42,836 [INFO]   替換層 1 -> QuantModule_DiffAE_LoRA
2026-03-20 19:20:42,837 [INFO]   替換層 3 -> QuantModule_DiffAE_LoRA
2026-03-20 19:20:42,837 [INFO]   替換層 3 -> QuantModule_DiffAE_LoRA
2026-03-20 19:20:42,837 [INFO]   跳過量化 skip connection: skip_connection
2026-03-20 19:20:42,837 [INFO]   跳過量化 skip connection: skip_connection
2026-03-20 19:20:42,837 [INFO]   替換層 2 -> QuantModule_DiffAE_LoRA
2026-03-20 19:20:42,837 [INFO]   替換層 2 -> QuantModule_DiffAE_LoRA
2026-03-20 19:20:42,839 [INFO]   替換層 1 -> QuantModule_DiffAE_LoRA
2026-03-20 19:20:42,839 [INFO]   替換層 1 -> QuantModule_DiffAE_LoRA
2026-03-20 19:20:42,839 [INFO]   替換層 1 -> QuantModule_DiffAE_LoRA
2026-03-20 19:20:42,839 [INFO]   替換層 1 -> QuantModule_DiffAE_LoRA
2026-03-20 19:20:42,840 [INFO]   替換層 3 -> QuantModule_DiffAE_LoRA
2026-03-20 19:20:42,840 [INFO]   替換層 3 -> QuantModule_DiffAE_LoRA
2026-03-20 19:20:42,841 [INFO]   跳過量化 skip connection: skip_connection
2026-03-20 19:20:42,841 [INFO]   跳過量化 skip connection: skip_connection
2026-03-20 19:20:42,841 [INFO]   替換層 2 -> QuantModule_DiffAE_LoRA
2026-03-20 19:20:42,841 [INFO]   替換層 2 -> QuantModule_DiffAE_LoRA
2026-03-20 19:20:42,842 [INFO]   替換層 1 -> QuantModule_DiffAE_LoRA
2026-03-20 19:20:42,842 [INFO]   替換層 1 -> QuantModule_DiffAE_LoRA
2026-03-20 19:20:42,842 [INFO]   替換層 1 -> QuantModule_DiffAE_LoRA
2026-03-20 19:20:42,842 [INFO]   替換層 1 -> QuantModule_DiffAE_LoRA
2026-03-20 19:20:42,843 [INFO]   替換層 3 -> QuantModule_DiffAE_LoRA
2026-03-20 19:20:42,843 [INFO]   替換層 3 -> QuantModule_DiffAE_LoRA
2026-03-20 19:20:42,844 [INFO]   跳過量化 skip connection: skip_connection
2026-03-20 19:20:42,844 [INFO]   跳過量化 skip connection: skip_connection
2026-03-20 19:20:42,844 [INFO]   替換層 2 -> QuantModule_DiffAE_LoRA
2026-03-20 19:20:42,844 [INFO]   替換層 2 -> QuantModule_DiffAE_LoRA
2026-03-20 19:20:42,844 [INFO]   替換層 1 -> QuantModule_DiffAE_LoRA
2026-03-20 19:20:42,844 [INFO]   替換層 1 -> QuantModule_DiffAE_LoRA
2026-03-20 19:20:42,845 [INFO]   替換層 1 -> QuantModule_DiffAE_LoRA
2026-03-20 19:20:42,845 [INFO]   替換層 1 -> QuantModule_DiffAE_LoRA
2026-03-20 19:20:42,845 [INFO]   替換層 3 -> QuantModule_DiffAE_LoRA
2026-03-20 19:20:42,845 [INFO]   替換層 3 -> QuantModule_DiffAE_LoRA
2026-03-20 19:20:42,846 [INFO]   替換層 2 -> QuantModule_DiffAE_LoRA
2026-03-20 19:20:42,846 [INFO]   替換層 2 -> QuantModule_DiffAE_LoRA
2026-03-20 19:20:42,848 [INFO]   替換層 1 -> QuantModule_DiffAE_LoRA
2026-03-20 19:20:42,848 [INFO]   替換層 1 -> QuantModule_DiffAE_LoRA
2026-03-20 19:20:42,848 [INFO]   替換層 1 -> QuantModule_DiffAE_LoRA
2026-03-20 19:20:42,848 [INFO]   替換層 1 -> QuantModule_DiffAE_LoRA
2026-03-20 19:20:42,849 [INFO]   替換層 3 -> QuantModule_DiffAE_LoRA
2026-03-20 19:20:42,849 [INFO]   替換層 3 -> QuantModule_DiffAE_LoRA
2026-03-20 19:20:42,849 [INFO]   跳過量化 skip connection: skip_connection
2026-03-20 19:20:42,849 [INFO]   跳過量化 skip connection: skip_connection
2026-03-20 19:20:42,849 [INFO]   替換層 2 -> QuantModule_DiffAE_LoRA
2026-03-20 19:20:42,849 [INFO]   替換層 2 -> QuantModule_DiffAE_LoRA
2026-03-20 19:20:42,851 [INFO]   替換層 1 -> QuantModule_DiffAE_LoRA
2026-03-20 19:20:42,851 [INFO]   替換層 1 -> QuantModule_DiffAE_LoRA
2026-03-20 19:20:42,851 [INFO]   替換層 1 -> QuantModule_DiffAE_LoRA
2026-03-20 19:20:42,851 [INFO]   替換層 1 -> QuantModule_DiffAE_LoRA
2026-03-20 19:20:42,852 [INFO]   替換層 3 -> QuantModule_DiffAE_LoRA
2026-03-20 19:20:42,852 [INFO]   替換層 3 -> QuantModule_DiffAE_LoRA
2026-03-20 19:20:42,852 [INFO]   跳過量化 skip connection: skip_connection
2026-03-20 19:20:42,852 [INFO]   跳過量化 skip connection: skip_connection
2026-03-20 19:20:42,853 [INFO]   替換層 2 -> QuantModule_DiffAE_LoRA
2026-03-20 19:20:42,853 [INFO]   替換層 2 -> QuantModule_DiffAE_LoRA
2026-03-20 19:20:42,854 [INFO]   替換層 1 -> QuantModule_DiffAE_LoRA
2026-03-20 19:20:42,854 [INFO]   替換層 1 -> QuantModule_DiffAE_LoRA
2026-03-20 19:20:42,854 [INFO]   替換層 1 -> QuantModule_DiffAE_LoRA
2026-03-20 19:20:42,854 [INFO]   替換層 1 -> QuantModule_DiffAE_LoRA
2026-03-20 19:20:42,855 [INFO]   替換層 3 -> QuantModule_DiffAE_LoRA
2026-03-20 19:20:42,855 [INFO]   替換層 3 -> QuantModule_DiffAE_LoRA
2026-03-20 19:20:42,856 [INFO]   跳過量化 skip connection: skip_connection
2026-03-20 19:20:42,856 [INFO]   跳過量化 skip connection: skip_connection
2026-03-20 19:20:42,856 [INFO] 改造模組: out
2026-03-20 19:20:42,856 [INFO] 改造模組: out
2026-03-20 19:20:42,856 [INFO]   跳過量化特殊模組: 2
2026-03-20 19:20:42,856 [INFO]   跳過量化特殊模組: 2
2026-03-20 19:20:42,859 [INFO] 執行 'create_float_quantized_model' 完成，耗時: 0.40 秒
2026-03-20 19:20:42,859 [INFO] 執行 'create_float_quantized_model' 完成，耗時: 0.40 秒
2026-03-20 19:20:42,945 [INFO] 載入校準資料...
2026-03-20 19:20:42,945 [INFO] 載入校準資料...
2026-03-20 19:20:43,155 [INFO] ✅ 載入真實校準資料成功
2026-03-20 19:20:43,155 [INFO] ✅ 載入真實校準資料成功
2026-03-20 19:20:43,157 [INFO] ==================================================
2026-03-20 19:20:43,157 [INFO] ==================================================
2026-03-20 19:20:43,157 [INFO] 5. Setting first and last layers to 8-bit...
2026-03-20 19:20:43,157 [INFO] 5. Setting first and last layers to 8-bit...
2026-03-20 19:20:43,159 [INFO] 找到 144 個量化模組
2026-03-20 19:20:43,159 [INFO] 找到 144 個量化模組
2026-03-20 19:20:43,159 [INFO] ✅ 首尾層 8-bit 設定完成
2026-03-20 19:20:43,159 [INFO] ✅ 首尾層 8-bit 設定完成
2026-03-20 19:20:43,159 [INFO] ✅ 量化模型創建成功
2026-03-20 19:20:43,159 [INFO] ✅ 量化模型創建成功
2026-03-20 19:20:43,159 [INFO] set quant state to True, True for layer 1
2026-03-20 19:20:43,159 [INFO] set quant state to True, True for layer 1
2026-03-20 19:20:43,159 [INFO] set quant state to True, True for layer 2
2026-03-20 19:20:43,159 [INFO] set quant state to True, True for layer 2
2026-03-20 19:20:43,159 [INFO] set quant state to True, False for layer 3
2026-03-20 19:20:43,159 [INFO] set quant state to True, False for layer 3
2026-03-20 19:20:43,161 [INFO] set quant state to True, True for layer 144
2026-03-20 19:20:43,161 [INFO] set quant state to True, True for layer 144
2026-03-20 19:20:44,101 [INFO] EMA(load from ema_model.model.*): provided=1822 effective_loaded=1822 missing=280 unexpected=0
2026-03-20 19:20:44,101 [INFO] EMA(load from ema_model.model.*): provided=1822 effective_loaded=1822 missing=280 unexpected=0
2026-03-20 19:20:44,101 [WARNING] EMA missing keys (前10): ['model.input_blocks.1.0.in_layers.2.intn_dequantizer.delta', 'model.input_blocks.1.0.in_layers.2.intn_dequantizer.zero_point', 'model.input_blocks.1.0.emb_layers.1.intn_dequantizer.delta', 'model.input_blocks.1.0.emb_layers.1.intn_dequantizer.zero_point', 'model.input_blocks.1.0.cond_emb_layers.1.intn_dequantizer.delta', 'model.input_blocks.1.0.cond_emb_layers.1.intn_dequantizer.zero_point', 'model.input_blocks.1.0.out_layers.3.intn_dequantizer.delta', 'model.input_blocks.1.0.out_layers.3.intn_dequantizer.zero_point', 'model.input_blocks.2.0.in_layers.2.intn_dequantizer.delta', 'model.input_blocks.2.0.in_layers.2.intn_dequantizer.zero_point']
2026-03-20 19:20:44,101 [WARNING] EMA missing keys (前10): ['model.input_blocks.1.0.in_layers.2.intn_dequantizer.delta', 'model.input_blocks.1.0.in_layers.2.intn_dequantizer.zero_point', 'model.input_blocks.1.0.emb_layers.1.intn_dequantizer.delta', 'model.input_blocks.1.0.emb_layers.1.intn_dequantizer.zero_point', 'model.input_blocks.1.0.cond_emb_layers.1.intn_dequantizer.delta', 'model.input_blocks.1.0.cond_emb_layers.1.intn_dequantizer.zero_point', 'model.input_blocks.1.0.out_layers.3.intn_dequantizer.delta', 'model.input_blocks.1.0.out_layers.3.intn_dequantizer.zero_point', 'model.input_blocks.2.0.in_layers.2.intn_dequantizer.delta', 'model.input_blocks.2.0.in_layers.2.intn_dequantizer.zero_point']
2026-03-20 19:20:44,156 [INFO] MODEL(load from model.model.*): provided=1822 effective_loaded=1822 missing=280 unexpected=0
2026-03-20 19:20:44,156 [INFO] MODEL(load from model.model.*): provided=1822 effective_loaded=1822 missing=280 unexpected=0
2026-03-20 19:20:44,157 [INFO] ✅ 量化模型載入成功
2026-03-20 19:20:44,157 [INFO] ✅ 量化模型載入成功
2026-03-20 19:20:44,157 [INFO] === 初始化新功能模組 ===
2026-03-20 19:20:44,157 [INFO] === 初始化新功能模組 ===
2026-03-20 19:20:44,184 [INFO] ✅ 基礎模型設定完成
2026-03-20 19:20:44,184 [INFO] ✅ 基礎模型設定完成
2026-03-20 19:20:44,216 [INFO] ==================================================
2026-03-20 19:20:44,216 [INFO] ==================================================
2026-03-20 19:20:44,216 [INFO] 啟用 Similarity Analysis (L1/L2/Cosine)
2026-03-20 19:20:44,216 [INFO] 啟用 Similarity Analysis (L1/L2/Cosine)
2026-03-20 19:20:44,216 [INFO] FID 評估樣本數: 128
2026-03-20 19:20:44,216 [INFO] FID 評估樣本數: 128
2026-03-20 19:20:44,216 [INFO] 實際收集樣本數: 20 (用於加速)
2026-03-20 19:20:44,216 [INFO] 實際收集樣本數: 20 (用於加速)
2026-03-20 19:20:44,216 [INFO] 擴散步數: 100
2026-03-20 19:20:44,216 [INFO] 擴散步數: 100
2026-03-20 19:20:44,216 [INFO] ==================================================
2026-03-20 19:20:44,216 [INFO] ==================================================
2026-03-20 19:20:44,217 [INFO] [Similarity] 註冊 block hook: model.output_blocks.0
2026-03-20 19:20:44,217 [INFO] [Similarity] 註冊 block hook: model.output_blocks.0
2026-03-20 19:20:44,218 [INFO] [Similarity] 註冊 model step hook 完成
2026-03-20 19:20:44,218 [INFO] [Similarity] 註冊 model step hook 完成
Model params: 174.19 M
loading pretrain ... 130M
step: 1019986
loading latent stats ...
local seed: 0
train data: 70001
val data: 70001
on train dataloader start ...
mean: tensor(-0.0606, device='cuda:0') std: tensor(0.0755, device='cuda:0')
generating images:   0%|          | 0/4 [00:00<?, ?it/s]/home/jimmy/diffae/./diffusion/base.py:329: FutureWarning: `torch.cuda.amp.autocast(args...)` is deprecated. Please use `torch.amp.autocast('cuda', args...)` instead.
  with autocast(self.conf.fp16):
2026-03-20 19:21:01,217 [INFO] [Similarity] Batch 0 完成，已收集 20 個樣本
2026-03-20 19:21:01,217 [INFO] [Similarity] Batch 0 完成，已收集 20 個樣本
generating images:  25%|██▌       | 1/4 [00:17<00:51, 17.10s/it]2026-03-20 19:21:18,173 [INFO] [Similarity] Batch 1 完成，已收集 20 個樣本
2026-03-20 19:21:18,173 [INFO] [Similarity] Batch 1 完成，已收集 20 個樣本
generating images:  50%|█████     | 2/4 [00:34<00:34, 17.02s/it]2026-03-20 19:21:35,137 [INFO] [Similarity] Batch 2 完成，已收集 20 個樣本
2026-03-20 19:21:35,137 [INFO] [Similarity] Batch 2 完成，已收集 20 個樣本
generating images:  75%|███████▌  | 3/4 [00:51<00:16, 16.99s/it]2026-03-20 19:21:50,914 [INFO] [Similarity] 已收集 80 个样本，停止数据收集（目标: 80）
2026-03-20 19:21:50,914 [INFO] [Similarity] 已收集 80 个样本，停止数据收集（目标: 80）
2026-03-20 19:21:52,109 [INFO] [Similarity] Batch 3 完成，已收集 20 個樣本
2026-03-20 19:21:52,109 [INFO] [Similarity] Batch 3 完成，已收集 20 個樣本
generating images: 100%|██████████| 4/4 [01:07<00:00, 16.98s/it]generating images: 100%|██████████| 4/4 [01:07<00:00, 17.00s/it]
2026-03-20 19:21:52,212 [INFO] [Similarity] FID@128 100 steps score: 0
2026-03-20 19:21:52,212 [INFO] [Similarity] FID@128 100 steps score: 0
2026-03-20 19:21:52,213 [INFO] [Similarity] model.output_blocks.0 cosine: min=0.782141, max=1.000000, diag_mean=1.000000, off_diag_mean=0.946799, off_diag_std=0.043666
2026-03-20 19:21:52,213 [INFO] [Similarity] model.output_blocks.0 cosine: min=0.782141, max=1.000000, diag_mean=1.000000, off_diag_mean=0.946799, off_diag_std=0.043666
2026-03-20 19:21:52,999 [INFO] ✅ Similarity Analysis 完成
2026-03-20 19:21:52,999 [INFO] ✅ Similarity Analysis 完成
2026-03-20 19:21:53,038 [INFO] 執行 'main_float_model' 完成，耗時: 72.40 秒
2026-03-20 19:21:53,038 [INFO] 執行 'main_float_model' 完成，耗時: 72.40 秒
