/home/jimmy/anaconda3/envs/diffae_bw/lib/python3.10/site-packages/lightning_fabric/__init__.py:41: pkg_resources is deprecated as an API. See https://setuptools.pypa.io/en/latest/pkg_resources.html. The pkg_resources package is slated for removal as early as 2025-11-30. Refrain from using this package or pin to Setuptools<81.
2026-01-26 12:12:29,061 [INFO] Using 100 steps
2026-01-26 12:12:29,061 [INFO] Using 50000 evaluation samples
使用自動混合精度: torch.bfloat16
[設定] Log 檔案已設為: QATcode/cache_method/L1_L2_cosine/logs/similarity_model_middle_block.log
2026-01-26 12:12:29,061 [INFO] Cache enabled: False, method: Res, threshold: 0.1
2026-01-26 12:12:29,061 [INFO] Using 100 steps
2026-01-26 12:12:29,061 [INFO] Using 50000 evaluation samples
2026-01-26 12:12:29,061 [INFO] Cache enabled: False, method: Res, threshold: 0.1
2026-01-26 12:12:29,061 [INFO] Quantitative analysis enabled: False, samples: 10
2026-01-26 12:12:29,061 [INFO] Quantitative analysis enabled: False, samples: 10
2026-01-26 12:12:29,061 [INFO] Log file: QATcode/cache_method/L1_L2_cosine/logs/similarity_model_middle_block.log
2026-01-26 12:12:29,061 [INFO] Log file: QATcode/cache_method/L1_L2_cosine/logs/similarity_model_middle_block.log
2026-01-26 12:12:29,061 [INFO] ==================================================
2026-01-26 12:12:29,061 [INFO] ==================================================
2026-01-26 12:12:29,061 [INFO] Diff-AE EfficientDM Step 7 : 生成圖片
2026-01-26 12:12:29,061 [INFO] Diff-AE EfficientDM Step 7 : 生成圖片
2026-01-26 12:12:29,061 [INFO] ==================================================
2026-01-26 12:12:29,061 [INFO] ==================================================
2026-01-26 12:12:29,061 [INFO] 使用設備: cuda
2026-01-26 12:12:29,061 [INFO] 使用設備: cuda
2026-01-26 12:12:29,061 [INFO] === 新功能狀態 ===
2026-01-26 12:12:29,061 [INFO] === 新功能狀態 ===
2026-01-26 12:12:29,061 [INFO] 載入 Diff-AE 模型: checkpoints/ffhq128_autoenc_latent/last.ckpt
2026-01-26 12:12:29,061 [INFO] 載入 Diff-AE 模型: checkpoints/ffhq128_autoenc_latent/last.ckpt
Seed set to 0
Model params: 174.19 M
loading pretrain ... 130M
step: 1019986
loading latent stats ...
2026-01-26 12:12:31,874 [INFO] Diff-AE 模型載入完成
2026-01-26 12:12:31,874 [INFO] Diff-AE 模型載入完成
2026-01-26 12:12:31,917 [INFO] 執行 'load_diffae_model' 完成，耗時: 2.86 秒
2026-01-26 12:12:31,918 [INFO] ✅ Diff-AE 模型載入成功
2026-01-26 12:12:31,918 [INFO] base_model.conf.train_mode: TrainMode.latent_diffusion
2026-01-26 12:12:31,918 [INFO] === 創建 LoRA 量化模型 ===
2026-01-26 12:12:31,917 [INFO] 執行 'load_diffae_model' 完成，耗時: 2.86 秒
2026-01-26 12:12:31,918 [INFO] ✅ Diff-AE 模型載入成功
2026-01-26 12:12:31,918 [INFO] base_model.conf.train_mode: TrainMode.latent_diffusion
2026-01-26 12:12:31,918 [INFO] === 創建 LoRA 量化模型 ===
2026-01-26 12:12:31,918 [INFO] === 開始 UNet LoRA 量化改造 ===
2026-01-26 12:12:31,918 [INFO] === 開始 UNet LoRA 量化改造 ===
2026-01-26 12:12:31,918 [INFO] 改造模組: time_embed
2026-01-26 12:12:31,918 [INFO] 改造模組: time_embed
2026-01-26 12:12:31,918 [INFO]   跳過量化特殊模組: 0
2026-01-26 12:12:31,918 [INFO]   跳過量化特殊模組: 0
2026-01-26 12:12:31,922 [INFO]   跳過量化特殊模組: 2
2026-01-26 12:12:31,922 [INFO]   跳過量化特殊模組: 2
2026-01-26 12:12:31,928 [INFO] 改造模組: input_blocks
2026-01-26 12:12:31,928 [INFO] 改造模組: input_blocks
2026-01-26 12:12:31,928 [INFO]   跳過量化特殊模組: 0
2026-01-26 12:12:31,928 [INFO]   跳過量化特殊模組: 0
2026-01-26 12:12:31,928 [INFO]   替換層 2 -> QuantModule_DiffAE_LoRA
2026-01-26 12:12:31,928 [INFO]   替換層 2 -> QuantModule_DiffAE_LoRA
2026-01-26 12:12:32,019 [INFO]   替換層 1 -> QuantModule_DiffAE_LoRA
2026-01-26 12:12:32,019 [INFO]   替換層 1 -> QuantModule_DiffAE_LoRA
2026-01-26 12:12:32,023 [INFO]   替換層 1 -> QuantModule_DiffAE_LoRA
2026-01-26 12:12:32,023 [INFO]   替換層 1 -> QuantModule_DiffAE_LoRA
2026-01-26 12:12:32,030 [INFO]   替換層 3 -> QuantModule_DiffAE_LoRA
2026-01-26 12:12:32,030 [INFO]   替換層 3 -> QuantModule_DiffAE_LoRA
2026-01-26 12:12:32,035 [INFO]   替換層 2 -> QuantModule_DiffAE_LoRA
2026-01-26 12:12:32,035 [INFO]   替換層 2 -> QuantModule_DiffAE_LoRA
2026-01-26 12:12:32,042 [INFO]   替換層 1 -> QuantModule_DiffAE_LoRA
2026-01-26 12:12:32,042 [INFO]   替換層 1 -> QuantModule_DiffAE_LoRA
2026-01-26 12:12:32,047 [INFO]   替換層 1 -> QuantModule_DiffAE_LoRA
2026-01-26 12:12:32,047 [INFO]   替換層 1 -> QuantModule_DiffAE_LoRA
2026-01-26 12:12:32,051 [INFO]   替換層 3 -> QuantModule_DiffAE_LoRA
2026-01-26 12:12:32,051 [INFO]   替換層 3 -> QuantModule_DiffAE_LoRA
2026-01-26 12:12:32,052 [INFO]   替換層 2 -> QuantModule_DiffAE_LoRA
2026-01-26 12:12:32,052 [INFO]   替換層 2 -> QuantModule_DiffAE_LoRA
2026-01-26 12:12:32,053 [INFO]   替換層 1 -> QuantModule_DiffAE_LoRA
2026-01-26 12:12:32,053 [INFO]   替換層 1 -> QuantModule_DiffAE_LoRA
2026-01-26 12:12:32,053 [INFO]   替換層 1 -> QuantModule_DiffAE_LoRA
2026-01-26 12:12:32,053 [INFO]   替換層 1 -> QuantModule_DiffAE_LoRA
2026-01-26 12:12:32,054 [INFO]   替換層 3 -> QuantModule_DiffAE_LoRA
2026-01-26 12:12:32,054 [INFO]   替換層 3 -> QuantModule_DiffAE_LoRA
2026-01-26 12:12:32,055 [INFO]   替換層 2 -> QuantModule_DiffAE_LoRA
2026-01-26 12:12:32,055 [INFO]   替換層 2 -> QuantModule_DiffAE_LoRA
2026-01-26 12:12:32,056 [INFO]   替換層 1 -> QuantModule_DiffAE_LoRA
2026-01-26 12:12:32,056 [INFO]   替換層 1 -> QuantModule_DiffAE_LoRA
2026-01-26 12:12:32,056 [INFO]   替換層 1 -> QuantModule_DiffAE_LoRA
2026-01-26 12:12:32,056 [INFO]   替換層 1 -> QuantModule_DiffAE_LoRA
2026-01-26 12:12:32,057 [INFO]   替換層 3 -> QuantModule_DiffAE_LoRA
2026-01-26 12:12:32,057 [INFO]   替換層 3 -> QuantModule_DiffAE_LoRA
2026-01-26 12:12:32,058 [INFO]   替換層 2 -> QuantModule_DiffAE_LoRA
2026-01-26 12:12:32,058 [INFO]   替換層 2 -> QuantModule_DiffAE_LoRA
2026-01-26 12:12:32,059 [INFO]   替換層 1 -> QuantModule_DiffAE_LoRA
2026-01-26 12:12:32,059 [INFO]   替換層 1 -> QuantModule_DiffAE_LoRA
2026-01-26 12:12:32,059 [INFO]   替換層 1 -> QuantModule_DiffAE_LoRA
2026-01-26 12:12:32,059 [INFO]   替換層 1 -> QuantModule_DiffAE_LoRA
2026-01-26 12:12:32,060 [INFO]   替換層 3 -> QuantModule_DiffAE_LoRA
2026-01-26 12:12:32,060 [INFO]   替換層 3 -> QuantModule_DiffAE_LoRA
2026-01-26 12:12:32,061 [INFO]   替換層 2 -> QuantModule_DiffAE_LoRA
2026-01-26 12:12:32,061 [INFO]   替換層 2 -> QuantModule_DiffAE_LoRA
2026-01-26 12:12:32,062 [INFO]   替換層 1 -> QuantModule_DiffAE_LoRA
2026-01-26 12:12:32,062 [INFO]   替換層 1 -> QuantModule_DiffAE_LoRA
2026-01-26 12:12:32,062 [INFO]   替換層 1 -> QuantModule_DiffAE_LoRA
2026-01-26 12:12:32,062 [INFO]   替換層 1 -> QuantModule_DiffAE_LoRA
2026-01-26 12:12:32,063 [INFO]   替換層 3 -> QuantModule_DiffAE_LoRA
2026-01-26 12:12:32,063 [INFO]   替換層 3 -> QuantModule_DiffAE_LoRA
2026-01-26 12:12:32,064 [INFO]   替換層 2 -> QuantModule_DiffAE_LoRA
2026-01-26 12:12:32,064 [INFO]   替換層 2 -> QuantModule_DiffAE_LoRA
2026-01-26 12:12:32,065 [INFO]   替換層 1 -> QuantModule_DiffAE_LoRA
2026-01-26 12:12:32,065 [INFO]   替換層 1 -> QuantModule_DiffAE_LoRA
2026-01-26 12:12:32,066 [INFO]   替換層 1 -> QuantModule_DiffAE_LoRA
2026-01-26 12:12:32,066 [INFO]   替換層 1 -> QuantModule_DiffAE_LoRA
2026-01-26 12:12:32,067 [INFO]   替換層 3 -> QuantModule_DiffAE_LoRA
2026-01-26 12:12:32,067 [INFO]   替換層 3 -> QuantModule_DiffAE_LoRA
2026-01-26 12:12:32,069 [INFO]   跳過量化 skip connection: skip_connection
2026-01-26 12:12:32,069 [INFO]   跳過量化 skip connection: skip_connection
2026-01-26 12:12:32,069 [INFO]   替換層 2 -> QuantModule_DiffAE_LoRA
2026-01-26 12:12:32,069 [INFO]   替換層 2 -> QuantModule_DiffAE_LoRA
2026-01-26 12:12:32,071 [INFO]   替換層 1 -> QuantModule_DiffAE_LoRA
2026-01-26 12:12:32,071 [INFO]   替換層 1 -> QuantModule_DiffAE_LoRA
2026-01-26 12:12:32,073 [INFO]   替換層 1 -> QuantModule_DiffAE_LoRA
2026-01-26 12:12:32,073 [INFO]   替換層 1 -> QuantModule_DiffAE_LoRA
2026-01-26 12:12:32,073 [INFO]   替換層 3 -> QuantModule_DiffAE_LoRA
2026-01-26 12:12:32,073 [INFO]   替換層 3 -> QuantModule_DiffAE_LoRA
2026-01-26 12:12:32,076 [INFO]   替換層 2 -> QuantModule_DiffAE_LoRA
2026-01-26 12:12:32,076 [INFO]   替換層 2 -> QuantModule_DiffAE_LoRA
2026-01-26 12:12:32,078 [INFO]   替換層 1 -> QuantModule_DiffAE_LoRA
2026-01-26 12:12:32,078 [INFO]   替換層 1 -> QuantModule_DiffAE_LoRA
2026-01-26 12:12:32,079 [INFO]   替換層 1 -> QuantModule_DiffAE_LoRA
2026-01-26 12:12:32,079 [INFO]   替換層 1 -> QuantModule_DiffAE_LoRA
2026-01-26 12:12:32,080 [INFO]   替換層 3 -> QuantModule_DiffAE_LoRA
2026-01-26 12:12:32,080 [INFO]   替換層 3 -> QuantModule_DiffAE_LoRA
2026-01-26 12:12:32,082 [INFO]   替換層 2 -> QuantModule_DiffAE_LoRA
2026-01-26 12:12:32,082 [INFO]   替換層 2 -> QuantModule_DiffAE_LoRA
2026-01-26 12:12:32,085 [INFO]   替換層 1 -> QuantModule_DiffAE_LoRA
2026-01-26 12:12:32,085 [INFO]   替換層 1 -> QuantModule_DiffAE_LoRA
2026-01-26 12:12:32,087 [INFO]   替換層 1 -> QuantModule_DiffAE_LoRA
2026-01-26 12:12:32,087 [INFO]   替換層 1 -> QuantModule_DiffAE_LoRA
2026-01-26 12:12:32,091 [INFO]   替換層 3 -> QuantModule_DiffAE_LoRA
2026-01-26 12:12:32,091 [INFO]   替換層 3 -> QuantModule_DiffAE_LoRA
2026-01-26 12:12:32,098 [INFO]   跳過量化 skip connection: skip_connection
2026-01-26 12:12:32,098 [INFO]   替換層 2 -> QuantModule_DiffAE_LoRA
2026-01-26 12:12:32,098 [INFO]   跳過量化 skip connection: skip_connection
2026-01-26 12:12:32,098 [INFO]   替換層 2 -> QuantModule_DiffAE_LoRA
2026-01-26 12:12:32,105 [INFO]   替換層 1 -> QuantModule_DiffAE_LoRA
2026-01-26 12:12:32,105 [INFO]   替換層 1 -> QuantModule_DiffAE_LoRA
2026-01-26 12:12:32,109 [INFO]   替換層 1 -> QuantModule_DiffAE_LoRA
2026-01-26 12:12:32,109 [INFO]   替換層 1 -> QuantModule_DiffAE_LoRA
2026-01-26 12:12:32,115 [INFO]   替換層 3 -> QuantModule_DiffAE_LoRA
2026-01-26 12:12:32,115 [INFO]   替換層 3 -> QuantModule_DiffAE_LoRA
2026-01-26 12:12:32,123 [INFO]   替換層 2 -> QuantModule_DiffAE_LoRA
2026-01-26 12:12:32,123 [INFO]   替換層 2 -> QuantModule_DiffAE_LoRA
2026-01-26 12:12:32,130 [INFO]   替換層 1 -> QuantModule_DiffAE_LoRA
2026-01-26 12:12:32,130 [INFO]   替換層 1 -> QuantModule_DiffAE_LoRA
2026-01-26 12:12:32,135 [INFO]   替換層 1 -> QuantModule_DiffAE_LoRA
2026-01-26 12:12:32,135 [INFO]   替換層 1 -> QuantModule_DiffAE_LoRA
2026-01-26 12:12:32,137 [INFO]   替換層 3 -> QuantModule_DiffAE_LoRA
2026-01-26 12:12:32,137 [INFO]   替換層 3 -> QuantModule_DiffAE_LoRA
2026-01-26 12:12:32,144 [INFO]   替換層 2 -> QuantModule_DiffAE_LoRA
2026-01-26 12:12:32,144 [INFO]   替換層 2 -> QuantModule_DiffAE_LoRA
2026-01-26 12:12:32,155 [INFO]   替換層 1 -> QuantModule_DiffAE_LoRA
2026-01-26 12:12:32,155 [INFO]   替換層 1 -> QuantModule_DiffAE_LoRA
2026-01-26 12:12:32,159 [INFO]   替換層 1 -> QuantModule_DiffAE_LoRA
2026-01-26 12:12:32,159 [INFO]   替換層 1 -> QuantModule_DiffAE_LoRA
2026-01-26 12:12:32,165 [INFO]   替換層 3 -> QuantModule_DiffAE_LoRA
2026-01-26 12:12:32,165 [INFO]   替換層 3 -> QuantModule_DiffAE_LoRA
2026-01-26 12:12:32,174 [INFO]   跳過量化 skip connection: skip_connection
2026-01-26 12:12:32,174 [INFO]   替換層 2 -> QuantModule_DiffAE_LoRA
2026-01-26 12:12:32,174 [INFO]   跳過量化 skip connection: skip_connection
2026-01-26 12:12:32,174 [INFO]   替換層 2 -> QuantModule_DiffAE_LoRA
2026-01-26 12:12:32,188 [INFO]   替換層 1 -> QuantModule_DiffAE_LoRA
2026-01-26 12:12:32,188 [INFO]   替換層 1 -> QuantModule_DiffAE_LoRA
2026-01-26 12:12:32,194 [INFO]   替換層 1 -> QuantModule_DiffAE_LoRA
2026-01-26 12:12:32,194 [INFO]   替換層 1 -> QuantModule_DiffAE_LoRA
2026-01-26 12:12:32,198 [INFO]   替換層 3 -> QuantModule_DiffAE_LoRA
2026-01-26 12:12:32,198 [INFO]   替換層 3 -> QuantModule_DiffAE_LoRA
2026-01-26 12:12:32,210 [INFO] 改造模組: middle_block
2026-01-26 12:12:32,210 [INFO]   替換層 2 -> QuantModule_DiffAE_LoRA
2026-01-26 12:12:32,210 [INFO] 改造模組: middle_block
2026-01-26 12:12:32,210 [INFO]   替換層 2 -> QuantModule_DiffAE_LoRA
2026-01-26 12:12:32,221 [INFO]   替換層 1 -> QuantModule_DiffAE_LoRA
2026-01-26 12:12:32,221 [INFO]   替換層 1 -> QuantModule_DiffAE_LoRA
2026-01-26 12:12:32,225 [INFO]   替換層 1 -> QuantModule_DiffAE_LoRA
2026-01-26 12:12:32,231 [INFO]   替換層 3 -> QuantModule_DiffAE_LoRA
2026-01-26 12:12:32,225 [INFO]   替換層 1 -> QuantModule_DiffAE_LoRA
2026-01-26 12:12:32,231 [INFO]   替換層 3 -> QuantModule_DiffAE_LoRA
2026-01-26 12:12:32,238 [INFO]   替換層 2 -> QuantModule_DiffAE_LoRA
2026-01-26 12:12:32,238 [INFO]   替換層 2 -> QuantModule_DiffAE_LoRA
2026-01-26 12:12:32,246 [INFO]   替換層 1 -> QuantModule_DiffAE_LoRA
2026-01-26 12:12:32,246 [INFO]   替換層 1 -> QuantModule_DiffAE_LoRA
2026-01-26 12:12:32,251 [INFO]   替換層 1 -> QuantModule_DiffAE_LoRA
2026-01-26 12:12:32,251 [INFO]   替換層 1 -> QuantModule_DiffAE_LoRA
2026-01-26 12:12:32,253 [INFO]   替換層 3 -> QuantModule_DiffAE_LoRA
2026-01-26 12:12:32,253 [INFO]   替換層 3 -> QuantModule_DiffAE_LoRA
2026-01-26 12:12:32,260 [INFO] 改造模組: output_blocks
2026-01-26 12:12:32,260 [INFO] 改造模組: output_blocks
2026-01-26 12:12:32,260 [INFO]   替換層 2 -> QuantModule_DiffAE_LoRA
2026-01-26 12:12:32,260 [INFO]   替換層 2 -> QuantModule_DiffAE_LoRA
2026-01-26 12:12:32,279 [INFO]   替換層 1 -> QuantModule_DiffAE_LoRA
2026-01-26 12:12:32,279 [INFO]   替換層 1 -> QuantModule_DiffAE_LoRA
2026-01-26 12:12:32,283 [INFO]   替換層 1 -> QuantModule_DiffAE_LoRA
2026-01-26 12:12:32,283 [INFO]   替換層 1 -> QuantModule_DiffAE_LoRA
2026-01-26 12:12:32,289 [INFO]   替換層 3 -> QuantModule_DiffAE_LoRA
2026-01-26 12:12:32,289 [INFO]   替換層 3 -> QuantModule_DiffAE_LoRA
2026-01-26 12:12:32,302 [INFO]   跳過量化 skip connection: skip_connection
2026-01-26 12:12:32,302 [INFO]   替換層 2 -> QuantModule_DiffAE_LoRA
2026-01-26 12:12:32,302 [INFO]   跳過量化 skip connection: skip_connection
2026-01-26 12:12:32,302 [INFO]   替換層 2 -> QuantModule_DiffAE_LoRA
2026-01-26 12:12:32,320 [INFO]   替換層 1 -> QuantModule_DiffAE_LoRA
2026-01-26 12:12:32,320 [INFO]   替換層 1 -> QuantModule_DiffAE_LoRA
2026-01-26 12:12:32,324 [INFO]   替換層 1 -> QuantModule_DiffAE_LoRA
2026-01-26 12:12:32,324 [INFO]   替換層 1 -> QuantModule_DiffAE_LoRA
2026-01-26 12:12:32,330 [INFO]   替換層 3 -> QuantModule_DiffAE_LoRA
2026-01-26 12:12:32,330 [INFO]   替換層 3 -> QuantModule_DiffAE_LoRA
2026-01-26 12:12:32,341 [INFO]   跳過量化 skip connection: skip_connection
2026-01-26 12:12:32,341 [INFO]   替換層 2 -> QuantModule_DiffAE_LoRA
2026-01-26 12:12:32,341 [INFO]   跳過量化 skip connection: skip_connection
2026-01-26 12:12:32,341 [INFO]   替換層 2 -> QuantModule_DiffAE_LoRA
2026-01-26 12:12:32,356 [INFO]   替換層 1 -> QuantModule_DiffAE_LoRA
2026-01-26 12:12:32,356 [INFO]   替換層 1 -> QuantModule_DiffAE_LoRA
2026-01-26 12:12:32,362 [INFO]   替換層 1 -> QuantModule_DiffAE_LoRA
2026-01-26 12:12:32,362 [INFO]   替換層 1 -> QuantModule_DiffAE_LoRA
2026-01-26 12:12:32,367 [INFO]   替換層 3 -> QuantModule_DiffAE_LoRA
2026-01-26 12:12:32,367 [INFO]   替換層 3 -> QuantModule_DiffAE_LoRA
2026-01-26 12:12:32,377 [INFO]   跳過量化 skip connection: skip_connection
2026-01-26 12:12:32,377 [INFO]   跳過量化 skip connection: skip_connection
2026-01-26 12:12:32,377 [INFO]   替換層 2 -> QuantModule_DiffAE_LoRA
2026-01-26 12:12:32,377 [INFO]   替換層 2 -> QuantModule_DiffAE_LoRA
2026-01-26 12:12:32,385 [INFO]   替換層 1 -> QuantModule_DiffAE_LoRA
2026-01-26 12:12:32,385 [INFO]   替換層 1 -> QuantModule_DiffAE_LoRA
2026-01-26 12:12:32,391 [INFO]   替換層 1 -> QuantModule_DiffAE_LoRA
2026-01-26 12:12:32,391 [INFO]   替換層 1 -> QuantModule_DiffAE_LoRA
2026-01-26 12:12:32,395 [INFO]   替換層 3 -> QuantModule_DiffAE_LoRA
2026-01-26 12:12:32,395 [INFO]   替換層 3 -> QuantModule_DiffAE_LoRA
2026-01-26 12:12:32,410 [INFO]   替換層 2 -> QuantModule_DiffAE_LoRA
2026-01-26 12:12:32,410 [INFO]   替換層 2 -> QuantModule_DiffAE_LoRA
2026-01-26 12:12:32,421 [INFO]   替換層 1 -> QuantModule_DiffAE_LoRA
2026-01-26 12:12:32,421 [INFO]   替換層 1 -> QuantModule_DiffAE_LoRA
2026-01-26 12:12:32,426 [INFO]   替換層 1 -> QuantModule_DiffAE_LoRA
2026-01-26 12:12:32,426 [INFO]   替換層 1 -> QuantModule_DiffAE_LoRA
2026-01-26 12:12:32,433 [INFO]   替換層 3 -> QuantModule_DiffAE_LoRA
2026-01-26 12:12:32,433 [INFO]   替換層 3 -> QuantModule_DiffAE_LoRA
2026-01-26 12:12:32,442 [INFO]   跳過量化 skip connection: skip_connection
2026-01-26 12:12:32,442 [INFO]   跳過量化 skip connection: skip_connection
2026-01-26 12:12:32,442 [INFO]   替換層 2 -> QuantModule_DiffAE_LoRA
2026-01-26 12:12:32,442 [INFO]   替換層 2 -> QuantModule_DiffAE_LoRA
2026-01-26 12:12:32,452 [INFO]   替換層 1 -> QuantModule_DiffAE_LoRA
2026-01-26 12:12:32,452 [INFO]   替換層 1 -> QuantModule_DiffAE_LoRA
2026-01-26 12:12:32,459 [INFO]   替換層 1 -> QuantModule_DiffAE_LoRA
2026-01-26 12:12:32,459 [INFO]   替換層 1 -> QuantModule_DiffAE_LoRA
2026-01-26 12:12:32,461 [INFO]   替換層 3 -> QuantModule_DiffAE_LoRA
2026-01-26 12:12:32,461 [INFO]   替換層 3 -> QuantModule_DiffAE_LoRA
2026-01-26 12:12:32,470 [INFO]   跳過量化 skip connection: skip_connection
2026-01-26 12:12:32,470 [INFO]   跳過量化 skip connection: skip_connection
2026-01-26 12:12:32,470 [INFO]   替換層 2 -> QuantModule_DiffAE_LoRA
2026-01-26 12:12:32,470 [INFO]   替換層 2 -> QuantModule_DiffAE_LoRA
2026-01-26 12:12:32,477 [INFO]   替換層 1 -> QuantModule_DiffAE_LoRA
2026-01-26 12:12:32,477 [INFO]   替換層 1 -> QuantModule_DiffAE_LoRA
2026-01-26 12:12:32,483 [INFO]   替換層 1 -> QuantModule_DiffAE_LoRA
2026-01-26 12:12:32,483 [INFO]   替換層 1 -> QuantModule_DiffAE_LoRA
2026-01-26 12:12:32,487 [INFO]   替換層 3 -> QuantModule_DiffAE_LoRA
2026-01-26 12:12:32,487 [INFO]   替換層 3 -> QuantModule_DiffAE_LoRA
2026-01-26 12:12:32,495 [INFO]   跳過量化 skip connection: skip_connection
2026-01-26 12:12:32,495 [INFO]   跳過量化 skip connection: skip_connection
2026-01-26 12:12:32,495 [INFO]   替換層 2 -> QuantModule_DiffAE_LoRA
2026-01-26 12:12:32,495 [INFO]   替換層 2 -> QuantModule_DiffAE_LoRA
2026-01-26 12:12:32,505 [INFO]   替換層 1 -> QuantModule_DiffAE_LoRA
2026-01-26 12:12:32,505 [INFO]   替換層 1 -> QuantModule_DiffAE_LoRA
2026-01-26 12:12:32,512 [INFO]   替換層 1 -> QuantModule_DiffAE_LoRA
2026-01-26 12:12:32,512 [INFO]   替換層 1 -> QuantModule_DiffAE_LoRA
2026-01-26 12:12:32,517 [INFO]   替換層 3 -> QuantModule_DiffAE_LoRA
2026-01-26 12:12:32,517 [INFO]   替換層 3 -> QuantModule_DiffAE_LoRA
2026-01-26 12:12:32,525 [INFO]   替換層 2 -> QuantModule_DiffAE_LoRA
2026-01-26 12:12:32,525 [INFO]   替換層 2 -> QuantModule_DiffAE_LoRA
2026-01-26 12:12:32,532 [INFO]   替換層 1 -> QuantModule_DiffAE_LoRA
2026-01-26 12:12:32,532 [INFO]   替換層 1 -> QuantModule_DiffAE_LoRA
2026-01-26 12:12:32,535 [INFO]   替換層 1 -> QuantModule_DiffAE_LoRA
2026-01-26 12:12:32,535 [INFO]   替換層 1 -> QuantModule_DiffAE_LoRA
2026-01-26 12:12:32,541 [INFO]   替換層 3 -> QuantModule_DiffAE_LoRA
2026-01-26 12:12:32,541 [INFO]   替換層 3 -> QuantModule_DiffAE_LoRA
2026-01-26 12:12:32,549 [INFO]   跳過量化 skip connection: skip_connection
2026-01-26 12:12:32,549 [INFO]   跳過量化 skip connection: skip_connection
2026-01-26 12:12:32,549 [INFO]   替換層 2 -> QuantModule_DiffAE_LoRA
2026-01-26 12:12:32,549 [INFO]   替換層 2 -> QuantModule_DiffAE_LoRA
2026-01-26 12:12:32,554 [INFO]   替換層 1 -> QuantModule_DiffAE_LoRA
2026-01-26 12:12:32,554 [INFO]   替換層 1 -> QuantModule_DiffAE_LoRA
2026-01-26 12:12:32,558 [INFO]   替換層 1 -> QuantModule_DiffAE_LoRA
2026-01-26 12:12:32,558 [INFO]   替換層 1 -> QuantModule_DiffAE_LoRA
2026-01-26 12:12:32,564 [INFO]   替換層 3 -> QuantModule_DiffAE_LoRA
2026-01-26 12:12:32,564 [INFO]   替換層 3 -> QuantModule_DiffAE_LoRA
2026-01-26 12:12:32,571 [INFO]   跳過量化 skip connection: skip_connection
2026-01-26 12:12:32,571 [INFO]   跳過量化 skip connection: skip_connection
2026-01-26 12:12:32,571 [INFO]   替換層 2 -> QuantModule_DiffAE_LoRA
2026-01-26 12:12:32,571 [INFO]   替換層 2 -> QuantModule_DiffAE_LoRA
2026-01-26 12:12:32,574 [INFO]   替換層 1 -> QuantModule_DiffAE_LoRA
2026-01-26 12:12:32,574 [INFO]   替換層 1 -> QuantModule_DiffAE_LoRA
2026-01-26 12:12:32,575 [INFO]   替換層 1 -> QuantModule_DiffAE_LoRA
2026-01-26 12:12:32,575 [INFO]   替換層 1 -> QuantModule_DiffAE_LoRA
2026-01-26 12:12:32,575 [INFO]   替換層 3 -> QuantModule_DiffAE_LoRA
2026-01-26 12:12:32,575 [INFO]   替換層 3 -> QuantModule_DiffAE_LoRA
2026-01-26 12:12:32,577 [INFO]   跳過量化 skip connection: skip_connection
2026-01-26 12:12:32,577 [INFO]   跳過量化 skip connection: skip_connection
2026-01-26 12:12:32,577 [INFO]   替換層 2 -> QuantModule_DiffAE_LoRA
2026-01-26 12:12:32,577 [INFO]   替換層 2 -> QuantModule_DiffAE_LoRA
2026-01-26 12:12:32,579 [INFO]   替換層 1 -> QuantModule_DiffAE_LoRA
2026-01-26 12:12:32,579 [INFO]   替換層 1 -> QuantModule_DiffAE_LoRA
2026-01-26 12:12:32,580 [INFO]   替換層 1 -> QuantModule_DiffAE_LoRA
2026-01-26 12:12:32,580 [INFO]   替換層 1 -> QuantModule_DiffAE_LoRA
2026-01-26 12:12:32,580 [INFO]   替換層 3 -> QuantModule_DiffAE_LoRA
2026-01-26 12:12:32,580 [INFO]   替換層 3 -> QuantModule_DiffAE_LoRA
2026-01-26 12:12:32,582 [INFO]   替換層 2 -> QuantModule_DiffAE_LoRA
2026-01-26 12:12:32,582 [INFO]   替換層 2 -> QuantModule_DiffAE_LoRA
2026-01-26 12:12:32,584 [INFO]   替換層 1 -> QuantModule_DiffAE_LoRA
2026-01-26 12:12:32,584 [INFO]   替換層 1 -> QuantModule_DiffAE_LoRA
2026-01-26 12:12:32,584 [INFO]   替換層 1 -> QuantModule_DiffAE_LoRA
2026-01-26 12:12:32,584 [INFO]   替換層 1 -> QuantModule_DiffAE_LoRA
2026-01-26 12:12:32,585 [INFO]   替換層 3 -> QuantModule_DiffAE_LoRA
2026-01-26 12:12:32,585 [INFO]   替換層 3 -> QuantModule_DiffAE_LoRA
2026-01-26 12:12:32,585 [INFO]   跳過量化 skip connection: skip_connection
2026-01-26 12:12:32,585 [INFO]   跳過量化 skip connection: skip_connection
2026-01-26 12:12:32,585 [INFO]   替換層 2 -> QuantModule_DiffAE_LoRA
2026-01-26 12:12:32,585 [INFO]   替換層 2 -> QuantModule_DiffAE_LoRA
2026-01-26 12:12:32,586 [INFO]   替換層 1 -> QuantModule_DiffAE_LoRA
2026-01-26 12:12:32,586 [INFO]   替換層 1 -> QuantModule_DiffAE_LoRA
2026-01-26 12:12:32,587 [INFO]   替換層 1 -> QuantModule_DiffAE_LoRA
2026-01-26 12:12:32,587 [INFO]   替換層 1 -> QuantModule_DiffAE_LoRA
2026-01-26 12:12:32,587 [INFO]   替換層 3 -> QuantModule_DiffAE_LoRA
2026-01-26 12:12:32,587 [INFO]   替換層 3 -> QuantModule_DiffAE_LoRA
2026-01-26 12:12:32,588 [INFO]   跳過量化 skip connection: skip_connection
2026-01-26 12:12:32,588 [INFO]   跳過量化 skip connection: skip_connection
2026-01-26 12:12:32,588 [INFO]   替換層 2 -> QuantModule_DiffAE_LoRA
2026-01-26 12:12:32,588 [INFO]   替換層 2 -> QuantModule_DiffAE_LoRA
2026-01-26 12:12:32,589 [INFO]   替換層 1 -> QuantModule_DiffAE_LoRA
2026-01-26 12:12:32,589 [INFO]   替換層 1 -> QuantModule_DiffAE_LoRA
2026-01-26 12:12:32,589 [INFO]   替換層 1 -> QuantModule_DiffAE_LoRA
2026-01-26 12:12:32,589 [INFO]   替換層 1 -> QuantModule_DiffAE_LoRA
2026-01-26 12:12:32,590 [INFO]   替換層 3 -> QuantModule_DiffAE_LoRA
2026-01-26 12:12:32,590 [INFO]   替換層 3 -> QuantModule_DiffAE_LoRA
2026-01-26 12:12:32,590 [INFO]   跳過量化 skip connection: skip_connection
2026-01-26 12:12:32,590 [INFO]   跳過量化 skip connection: skip_connection
2026-01-26 12:12:32,591 [INFO]   替換層 2 -> QuantModule_DiffAE_LoRA
2026-01-26 12:12:32,591 [INFO]   替換層 2 -> QuantModule_DiffAE_LoRA
2026-01-26 12:12:32,591 [INFO]   替換層 1 -> QuantModule_DiffAE_LoRA
2026-01-26 12:12:32,591 [INFO]   替換層 1 -> QuantModule_DiffAE_LoRA
2026-01-26 12:12:32,592 [INFO]   替換層 1 -> QuantModule_DiffAE_LoRA
2026-01-26 12:12:32,592 [INFO]   替換層 1 -> QuantModule_DiffAE_LoRA
2026-01-26 12:12:32,592 [INFO]   替換層 3 -> QuantModule_DiffAE_LoRA
2026-01-26 12:12:32,592 [INFO]   替換層 3 -> QuantModule_DiffAE_LoRA
2026-01-26 12:12:32,593 [INFO]   替換層 2 -> QuantModule_DiffAE_LoRA
2026-01-26 12:12:32,593 [INFO]   替換層 2 -> QuantModule_DiffAE_LoRA
2026-01-26 12:12:32,594 [INFO]   替換層 1 -> QuantModule_DiffAE_LoRA
2026-01-26 12:12:32,594 [INFO]   替換層 1 -> QuantModule_DiffAE_LoRA
2026-01-26 12:12:32,595 [INFO]   替換層 1 -> QuantModule_DiffAE_LoRA
2026-01-26 12:12:32,595 [INFO]   替換層 1 -> QuantModule_DiffAE_LoRA
2026-01-26 12:12:32,595 [INFO]   替換層 3 -> QuantModule_DiffAE_LoRA
2026-01-26 12:12:32,595 [INFO]   替換層 3 -> QuantModule_DiffAE_LoRA
2026-01-26 12:12:32,596 [INFO]   跳過量化 skip connection: skip_connection
2026-01-26 12:12:32,596 [INFO]   跳過量化 skip connection: skip_connection
2026-01-26 12:12:32,596 [INFO]   替換層 2 -> QuantModule_DiffAE_LoRA
2026-01-26 12:12:32,596 [INFO]   替換層 2 -> QuantModule_DiffAE_LoRA
2026-01-26 12:12:32,597 [INFO]   替換層 1 -> QuantModule_DiffAE_LoRA
2026-01-26 12:12:32,597 [INFO]   替換層 1 -> QuantModule_DiffAE_LoRA
2026-01-26 12:12:32,598 [INFO]   替換層 1 -> QuantModule_DiffAE_LoRA
2026-01-26 12:12:32,598 [INFO]   替換層 1 -> QuantModule_DiffAE_LoRA
2026-01-26 12:12:32,598 [INFO]   替換層 3 -> QuantModule_DiffAE_LoRA
2026-01-26 12:12:32,598 [INFO]   替換層 3 -> QuantModule_DiffAE_LoRA
2026-01-26 12:12:32,599 [INFO]   跳過量化 skip connection: skip_connection
2026-01-26 12:12:32,599 [INFO]   跳過量化 skip connection: skip_connection
2026-01-26 12:12:32,599 [INFO]   替換層 2 -> QuantModule_DiffAE_LoRA
2026-01-26 12:12:32,599 [INFO]   替換層 2 -> QuantModule_DiffAE_LoRA
2026-01-26 12:12:32,600 [INFO]   替換層 1 -> QuantModule_DiffAE_LoRA
2026-01-26 12:12:32,600 [INFO]   替換層 1 -> QuantModule_DiffAE_LoRA
2026-01-26 12:12:32,600 [INFO]   替換層 1 -> QuantModule_DiffAE_LoRA
2026-01-26 12:12:32,600 [INFO]   替換層 1 -> QuantModule_DiffAE_LoRA
2026-01-26 12:12:32,601 [INFO]   替換層 3 -> QuantModule_DiffAE_LoRA
2026-01-26 12:12:32,601 [INFO]   替換層 3 -> QuantModule_DiffAE_LoRA
2026-01-26 12:12:32,601 [INFO]   跳過量化 skip connection: skip_connection
2026-01-26 12:12:32,601 [INFO]   跳過量化 skip connection: skip_connection
2026-01-26 12:12:32,601 [INFO] 改造模組: out
2026-01-26 12:12:32,601 [INFO] 改造模組: out
2026-01-26 12:12:32,601 [INFO]   跳過量化特殊模組: 2
2026-01-26 12:12:32,601 [INFO]   跳過量化特殊模組: 2
2026-01-26 12:12:32,604 [INFO] 執行 'create_float_quantized_model' 完成，耗時: 0.69 秒
2026-01-26 12:12:32,604 [INFO] 執行 'create_float_quantized_model' 完成，耗時: 0.69 秒
2026-01-26 12:12:32,728 [INFO] 載入校準資料...
2026-01-26 12:12:32,728 [INFO] 載入校準資料...
2026-01-26 12:12:33,043 [INFO] ✅ 載入真實校準資料成功
2026-01-26 12:12:33,043 [INFO] ✅ 載入真實校準資料成功
2026-01-26 12:12:33,046 [INFO] ==================================================
2026-01-26 12:12:33,046 [INFO] 5. Setting first and last layers to 8-bit...
2026-01-26 12:12:33,046 [INFO] ==================================================
2026-01-26 12:12:33,046 [INFO] 5. Setting first and last layers to 8-bit...
2026-01-26 12:12:33,047 [INFO] 找到 144 個量化模組
2026-01-26 12:12:33,047 [INFO] ✅ 首尾層 8-bit 設定完成
2026-01-26 12:12:33,047 [INFO] ✅ 量化模型創建成功
2026-01-26 12:12:33,047 [INFO] set quant state to True, True for layer 1
2026-01-26 12:12:33,047 [INFO] set quant state to True, True for layer 2
2026-01-26 12:12:33,047 [INFO] set quant state to True, False for layer 3
2026-01-26 12:12:33,047 [INFO] 找到 144 個量化模組
2026-01-26 12:12:33,047 [INFO] ✅ 首尾層 8-bit 設定完成
2026-01-26 12:12:33,047 [INFO] ✅ 量化模型創建成功
2026-01-26 12:12:33,047 [INFO] set quant state to True, True for layer 1
2026-01-26 12:12:33,047 [INFO] set quant state to True, True for layer 2
2026-01-26 12:12:33,047 [INFO] set quant state to True, False for layer 3
2026-01-26 12:12:33,048 [INFO] set quant state to True, True for layer 144
2026-01-26 12:12:33,048 [INFO] set quant state to True, True for layer 144
2026-01-26 12:12:34,161 [INFO] ✅ 量化模型載入成功
2026-01-26 12:12:34,161 [INFO] === 初始化新功能模組 ===
2026-01-26 12:12:34,161 [INFO] ✅ 量化模型載入成功
2026-01-26 12:12:34,161 [INFO] === 初始化新功能模組 ===
local seed: 0
2026-01-26 12:12:34,187 [INFO] ✅ 基礎模型設定完成
train data: 70001
val data: 70001
2026-01-26 12:12:34,187 [INFO] ✅ 基礎模型設定完成
on train dataloader start ...
mean: tensor(-0.0606, device='cuda:0') std: tensor(0.0755, device='cuda:0')
2026-01-26 12:12:34,255 [INFO] ==================================================
2026-01-26 12:12:34,255 [INFO] ==================================================
2026-01-26 12:12:34,255 [INFO] 啟用 Similarity Analysis (L1/L2/Cosine)
2026-01-26 12:12:34,255 [INFO] 啟用 Similarity Analysis (L1/L2/Cosine)
2026-01-26 12:12:34,255 [INFO] FID 評估樣本數: 128
2026-01-26 12:12:34,255 [INFO] FID 評估樣本數: 128
2026-01-26 12:12:34,255 [INFO] 實際收集樣本數: 20 (用於加速)
2026-01-26 12:12:34,255 [INFO] 實際收集樣本數: 20 (用於加速)
2026-01-26 12:12:34,255 [INFO] 擴散步數: 100
2026-01-26 12:12:34,255 [INFO] 擴散步數: 100
2026-01-26 12:12:34,255 [INFO] ==================================================
2026-01-26 12:12:34,255 [INFO] ==================================================
2026-01-26 12:12:34,256 [INFO] [Similarity] 註冊 block hook: model.middle_block
2026-01-26 12:12:34,256 [INFO] [Similarity] 註冊 block hook: model.middle_block
2026-01-26 12:12:34,256 [INFO] [Similarity] 註冊 model step hook 完成
2026-01-26 12:12:34,256 [INFO] [Similarity] 註冊 model step hook 完成
generating images:   0%|          | 0/4 [00:00<?, ?it/s]/home/jimmy/diffae/./diffusion/base.py:329: FutureWarning: `torch.cuda.amp.autocast(args...)` is deprecated. Please use `torch.amp.autocast('cuda', args...)` instead.
  with autocast(self.conf.fp16):
2026-01-26 12:12:51,431 [INFO] [Similarity] Batch 0 完成，已收集 20 個樣本
2026-01-26 12:12:51,431 [INFO] [Similarity] Batch 0 完成，已收集 20 個樣本
generating images:  25%|██▌       | 1/4 [00:17<00:52, 17.47s/it]2026-01-26 12:13:08,666 [INFO] [Similarity] Batch 1 完成，已收集 20 個樣本
2026-01-26 12:13:08,666 [INFO] [Similarity] Batch 1 完成，已收集 20 個樣本
generating images:  50%|█████     | 2/4 [00:34<00:34, 17.37s/it]2026-01-26 12:13:25,970 [INFO] [Similarity] Batch 2 完成，已收集 20 個樣本
2026-01-26 12:13:25,970 [INFO] [Similarity] Batch 2 完成，已收集 20 個樣本
generating images:  75%|███████▌  | 3/4 [00:52<00:17, 17.31s/it]2026-01-26 12:13:41,940 [INFO] [Similarity] 已收集 80 个样本，停止数据收集（目标: 80）
2026-01-26 12:13:41,940 [INFO] [Similarity] 已收集 80 个样本，停止数据收集（目标: 80）
2026-01-26 12:13:43,215 [INFO] [Similarity] Batch 3 完成，已收集 20 個樣本
2026-01-26 12:13:43,215 [INFO] [Similarity] Batch 3 完成，已收集 20 個樣本
generating images: 100%|██████████| 4/4 [01:09<00:00, 17.29s/it]generating images: 100%|██████████| 4/4 [01:09<00:00, 17.32s/it]
2026-01-26 12:13:43,545 [INFO] [Similarity] FID@128 100 steps score: 0
2026-01-26 12:13:43,545 [INFO] [Similarity] FID@128 100 steps score: 0
2026-01-26 12:13:43,547 [INFO] [Similarity] model.middle_block cosine: min=0.812626, max=1.000000, diag_mean=1.000000, off_diag_mean=0.954107, off_diag_std=0.038287
2026-01-26 12:13:43,547 [INFO] [Similarity] model.middle_block cosine: min=0.812626, max=1.000000, diag_mean=1.000000, off_diag_mean=0.954107, off_diag_std=0.038287
2026-01-26 12:13:44,355 [INFO] ✅ Similarity Analysis 完成
2026-01-26 12:13:44,355 [INFO] ✅ Similarity Analysis 完成
2026-01-26 12:13:44,394 [INFO] 執行 'main_float_model' 完成，耗時: 75.33 秒
2026-01-26 12:13:44,394 [INFO] 執行 'main_float_model' 完成，耗時: 75.33 秒
/home/jimmy/anaconda3/envs/diffae_bw/lib/python3.10/site-packages/torchmetrics/utilities/imports.py:21: UserWarning: pkg_resources is deprecated as an API. See https://setuptools.pypa.io/en/latest/pkg_resources.html. The pkg_resources package is slated for removal as early as 2025-11-30. Refrain from using this package or pin to Setuptools<81.
  from pkg_resources import DistributionNotFound, get_distribution
使用自動混合精度: torch.bfloat16
[設定] Log 檔案已設為: QATcode/cache_method/L1_L2_cosine/logs/similarity_model_middle_block.log
2026-03-20 19:19:26,124 [INFO] Using 100 steps
2026-03-20 19:19:26,124 [INFO] Using 100 steps
2026-03-20 19:19:26,124 [INFO] Using 50000 evaluation samples
2026-03-20 19:19:26,124 [INFO] Using 50000 evaluation samples
2026-03-20 19:19:26,124 [INFO] Cache enabled: False, method: Res, threshold: 0.1
2026-03-20 19:19:26,124 [INFO] Cache enabled: False, method: Res, threshold: 0.1
2026-03-20 19:19:26,124 [INFO] Quantitative analysis enabled: False, samples: 10
2026-03-20 19:19:26,124 [INFO] Quantitative analysis enabled: False, samples: 10
2026-03-20 19:19:26,124 [INFO] Log file: QATcode/cache_method/L1_L2_cosine/logs/similarity_model_middle_block.log
2026-03-20 19:19:26,124 [INFO] Log file: QATcode/cache_method/L1_L2_cosine/logs/similarity_model_middle_block.log
2026-03-20 19:19:26,124 [INFO] ==================================================
2026-03-20 19:19:26,124 [INFO] ==================================================
2026-03-20 19:19:26,124 [INFO] Diff-AE EfficientDM Step 7 : 生成圖片
2026-03-20 19:19:26,124 [INFO] Diff-AE EfficientDM Step 7 : 生成圖片
2026-03-20 19:19:26,124 [INFO] ==================================================
2026-03-20 19:19:26,124 [INFO] ==================================================
2026-03-20 19:19:26,124 [INFO] 使用設備: cuda
2026-03-20 19:19:26,124 [INFO] 使用設備: cuda
2026-03-20 19:19:26,124 [INFO] === 新功能狀態 ===
2026-03-20 19:19:26,124 [INFO] === 新功能狀態 ===
2026-03-20 19:19:26,124 [INFO] 載入 Diff-AE 模型: checkpoints/ffhq128_autoenc_latent/last.ckpt
2026-03-20 19:19:26,124 [INFO] 載入 Diff-AE 模型: checkpoints/ffhq128_autoenc_latent/last.ckpt
Global seed set to 0
2026-03-20 19:19:27,906 [INFO] Diff-AE 模型載入完成
2026-03-20 19:19:27,906 [INFO] Diff-AE 模型載入完成
2026-03-20 19:19:27,938 [INFO] 執行 'load_diffae_model' 完成，耗時: 1.81 秒
2026-03-20 19:19:27,938 [INFO] 執行 'load_diffae_model' 完成，耗時: 1.81 秒
2026-03-20 19:19:27,938 [INFO] ✅ Diff-AE 模型載入成功
2026-03-20 19:19:27,938 [INFO] ✅ Diff-AE 模型載入成功
2026-03-20 19:19:27,938 [INFO] base_model.conf.train_mode: TrainMode.latent_diffusion
2026-03-20 19:19:27,938 [INFO] base_model.conf.train_mode: TrainMode.latent_diffusion
2026-03-20 19:19:27,938 [INFO] === 創建 LoRA 量化模型 ===
2026-03-20 19:19:27,938 [INFO] === 創建 LoRA 量化模型 ===
2026-03-20 19:19:27,938 [INFO] === 開始 UNet LoRA 量化改造 ===
2026-03-20 19:19:27,938 [INFO] === 開始 UNet LoRA 量化改造 ===
2026-03-20 19:19:27,938 [INFO] 改造模組: time_embed
2026-03-20 19:19:27,938 [INFO] 改造模組: time_embed
2026-03-20 19:19:27,939 [INFO]   跳過量化特殊模組: 0
2026-03-20 19:19:27,939 [INFO]   跳過量化特殊模組: 0
2026-03-20 19:19:27,939 [INFO]   跳過量化特殊模組: 2
2026-03-20 19:19:27,939 [INFO]   跳過量化特殊模組: 2
2026-03-20 19:19:27,939 [INFO] 改造模組: input_blocks
2026-03-20 19:19:27,939 [INFO] 改造模組: input_blocks
2026-03-20 19:19:27,939 [INFO]   跳過量化特殊模組: 0
2026-03-20 19:19:27,939 [INFO]   跳過量化特殊模組: 0
2026-03-20 19:19:27,939 [INFO]   替換層 2 -> QuantModule_DiffAE_LoRA
2026-03-20 19:19:27,939 [INFO]   替換層 2 -> QuantModule_DiffAE_LoRA
2026-03-20 19:19:28,000 [INFO]   替換層 1 -> QuantModule_DiffAE_LoRA
2026-03-20 19:19:28,000 [INFO]   替換層 1 -> QuantModule_DiffAE_LoRA
2026-03-20 19:19:28,001 [INFO]   替換層 1 -> QuantModule_DiffAE_LoRA
2026-03-20 19:19:28,001 [INFO]   替換層 1 -> QuantModule_DiffAE_LoRA
2026-03-20 19:19:28,001 [INFO]   替換層 3 -> QuantModule_DiffAE_LoRA
2026-03-20 19:19:28,001 [INFO]   替換層 3 -> QuantModule_DiffAE_LoRA
2026-03-20 19:19:28,002 [INFO]   替換層 2 -> QuantModule_DiffAE_LoRA
2026-03-20 19:19:28,002 [INFO]   替換層 2 -> QuantModule_DiffAE_LoRA
2026-03-20 19:19:28,003 [INFO]   替換層 1 -> QuantModule_DiffAE_LoRA
2026-03-20 19:19:28,003 [INFO]   替換層 1 -> QuantModule_DiffAE_LoRA
2026-03-20 19:19:28,004 [INFO]   替換層 1 -> QuantModule_DiffAE_LoRA
2026-03-20 19:19:28,004 [INFO]   替換層 1 -> QuantModule_DiffAE_LoRA
2026-03-20 19:19:28,005 [INFO]   替換層 3 -> QuantModule_DiffAE_LoRA
2026-03-20 19:19:28,005 [INFO]   替換層 3 -> QuantModule_DiffAE_LoRA
2026-03-20 19:19:28,005 [INFO]   替換層 2 -> QuantModule_DiffAE_LoRA
2026-03-20 19:19:28,005 [INFO]   替換層 2 -> QuantModule_DiffAE_LoRA
2026-03-20 19:19:28,006 [INFO]   替換層 1 -> QuantModule_DiffAE_LoRA
2026-03-20 19:19:28,006 [INFO]   替換層 1 -> QuantModule_DiffAE_LoRA
2026-03-20 19:19:28,007 [INFO]   替換層 1 -> QuantModule_DiffAE_LoRA
2026-03-20 19:19:28,007 [INFO]   替換層 1 -> QuantModule_DiffAE_LoRA
2026-03-20 19:19:28,007 [INFO]   替換層 3 -> QuantModule_DiffAE_LoRA
2026-03-20 19:19:28,007 [INFO]   替換層 3 -> QuantModule_DiffAE_LoRA
2026-03-20 19:19:28,008 [INFO]   替換層 2 -> QuantModule_DiffAE_LoRA
2026-03-20 19:19:28,008 [INFO]   替換層 2 -> QuantModule_DiffAE_LoRA
2026-03-20 19:19:28,009 [INFO]   替換層 1 -> QuantModule_DiffAE_LoRA
2026-03-20 19:19:28,009 [INFO]   替換層 1 -> QuantModule_DiffAE_LoRA
2026-03-20 19:19:28,010 [INFO]   替換層 1 -> QuantModule_DiffAE_LoRA
2026-03-20 19:19:28,010 [INFO]   替換層 1 -> QuantModule_DiffAE_LoRA
2026-03-20 19:19:28,010 [INFO]   替換層 3 -> QuantModule_DiffAE_LoRA
2026-03-20 19:19:28,010 [INFO]   替換層 3 -> QuantModule_DiffAE_LoRA
2026-03-20 19:19:28,011 [INFO]   替換層 2 -> QuantModule_DiffAE_LoRA
2026-03-20 19:19:28,011 [INFO]   替換層 2 -> QuantModule_DiffAE_LoRA
2026-03-20 19:19:28,012 [INFO]   替換層 1 -> QuantModule_DiffAE_LoRA
2026-03-20 19:19:28,012 [INFO]   替換層 1 -> QuantModule_DiffAE_LoRA
2026-03-20 19:19:28,012 [INFO]   替換層 1 -> QuantModule_DiffAE_LoRA
2026-03-20 19:19:28,012 [INFO]   替換層 1 -> QuantModule_DiffAE_LoRA
2026-03-20 19:19:28,013 [INFO]   替換層 3 -> QuantModule_DiffAE_LoRA
2026-03-20 19:19:28,013 [INFO]   替換層 3 -> QuantModule_DiffAE_LoRA
2026-03-20 19:19:28,014 [INFO]   替換層 2 -> QuantModule_DiffAE_LoRA
2026-03-20 19:19:28,014 [INFO]   替換層 2 -> QuantModule_DiffAE_LoRA
2026-03-20 19:19:28,014 [INFO]   替換層 1 -> QuantModule_DiffAE_LoRA
2026-03-20 19:19:28,014 [INFO]   替換層 1 -> QuantModule_DiffAE_LoRA
2026-03-20 19:19:28,015 [INFO]   替換層 1 -> QuantModule_DiffAE_LoRA
2026-03-20 19:19:28,015 [INFO]   替換層 1 -> QuantModule_DiffAE_LoRA
2026-03-20 19:19:28,015 [INFO]   替換層 3 -> QuantModule_DiffAE_LoRA
2026-03-20 19:19:28,015 [INFO]   替換層 3 -> QuantModule_DiffAE_LoRA
2026-03-20 19:19:28,016 [INFO]   替換層 2 -> QuantModule_DiffAE_LoRA
2026-03-20 19:19:28,016 [INFO]   替換層 2 -> QuantModule_DiffAE_LoRA
2026-03-20 19:19:28,017 [INFO]   替換層 1 -> QuantModule_DiffAE_LoRA
2026-03-20 19:19:28,017 [INFO]   替換層 1 -> QuantModule_DiffAE_LoRA
2026-03-20 19:19:28,019 [INFO]   替換層 1 -> QuantModule_DiffAE_LoRA
2026-03-20 19:19:28,019 [INFO]   替換層 1 -> QuantModule_DiffAE_LoRA
2026-03-20 19:19:28,019 [INFO]   替換層 3 -> QuantModule_DiffAE_LoRA
2026-03-20 19:19:28,019 [INFO]   替換層 3 -> QuantModule_DiffAE_LoRA
2026-03-20 19:19:28,021 [INFO]   跳過量化 skip connection: skip_connection
2026-03-20 19:19:28,021 [INFO]   跳過量化 skip connection: skip_connection
2026-03-20 19:19:28,021 [INFO]   替換層 2 -> QuantModule_DiffAE_LoRA
2026-03-20 19:19:28,021 [INFO]   替換層 2 -> QuantModule_DiffAE_LoRA
2026-03-20 19:19:28,023 [INFO]   替換層 1 -> QuantModule_DiffAE_LoRA
2026-03-20 19:19:28,023 [INFO]   替換層 1 -> QuantModule_DiffAE_LoRA
2026-03-20 19:19:28,025 [INFO]   替換層 1 -> QuantModule_DiffAE_LoRA
2026-03-20 19:19:28,025 [INFO]   替換層 1 -> QuantModule_DiffAE_LoRA
2026-03-20 19:19:28,025 [INFO]   替換層 3 -> QuantModule_DiffAE_LoRA
2026-03-20 19:19:28,025 [INFO]   替換層 3 -> QuantModule_DiffAE_LoRA
2026-03-20 19:19:28,027 [INFO]   替換層 2 -> QuantModule_DiffAE_LoRA
2026-03-20 19:19:28,027 [INFO]   替換層 2 -> QuantModule_DiffAE_LoRA
2026-03-20 19:19:28,029 [INFO]   替換層 1 -> QuantModule_DiffAE_LoRA
2026-03-20 19:19:28,029 [INFO]   替換層 1 -> QuantModule_DiffAE_LoRA
2026-03-20 19:19:28,030 [INFO]   替換層 1 -> QuantModule_DiffAE_LoRA
2026-03-20 19:19:28,030 [INFO]   替換層 1 -> QuantModule_DiffAE_LoRA
2026-03-20 19:19:28,031 [INFO]   替換層 3 -> QuantModule_DiffAE_LoRA
2026-03-20 19:19:28,031 [INFO]   替換層 3 -> QuantModule_DiffAE_LoRA
2026-03-20 19:19:28,033 [INFO]   替換層 2 -> QuantModule_DiffAE_LoRA
2026-03-20 19:19:28,033 [INFO]   替換層 2 -> QuantModule_DiffAE_LoRA
2026-03-20 19:19:28,036 [INFO]   替換層 1 -> QuantModule_DiffAE_LoRA
2026-03-20 19:19:28,036 [INFO]   替換層 1 -> QuantModule_DiffAE_LoRA
2026-03-20 19:19:28,038 [INFO]   替換層 1 -> QuantModule_DiffAE_LoRA
2026-03-20 19:19:28,038 [INFO]   替換層 1 -> QuantModule_DiffAE_LoRA
2026-03-20 19:19:28,039 [INFO]   替換層 3 -> QuantModule_DiffAE_LoRA
2026-03-20 19:19:28,039 [INFO]   替換層 3 -> QuantModule_DiffAE_LoRA
2026-03-20 19:19:28,043 [INFO]   跳過量化 skip connection: skip_connection
2026-03-20 19:19:28,043 [INFO]   跳過量化 skip connection: skip_connection
2026-03-20 19:19:28,043 [INFO]   替換層 2 -> QuantModule_DiffAE_LoRA
2026-03-20 19:19:28,043 [INFO]   替換層 2 -> QuantModule_DiffAE_LoRA
2026-03-20 19:19:28,048 [INFO]   替換層 1 -> QuantModule_DiffAE_LoRA
2026-03-20 19:19:28,048 [INFO]   替換層 1 -> QuantModule_DiffAE_LoRA
2026-03-20 19:19:28,049 [INFO]   替換層 1 -> QuantModule_DiffAE_LoRA
2026-03-20 19:19:28,049 [INFO]   替換層 1 -> QuantModule_DiffAE_LoRA
2026-03-20 19:19:28,050 [INFO]   替換層 3 -> QuantModule_DiffAE_LoRA
2026-03-20 19:19:28,050 [INFO]   替換層 3 -> QuantModule_DiffAE_LoRA
2026-03-20 19:19:28,055 [INFO]   替換層 2 -> QuantModule_DiffAE_LoRA
2026-03-20 19:19:28,055 [INFO]   替換層 2 -> QuantModule_DiffAE_LoRA
2026-03-20 19:19:28,060 [INFO]   替換層 1 -> QuantModule_DiffAE_LoRA
2026-03-20 19:19:28,060 [INFO]   替換層 1 -> QuantModule_DiffAE_LoRA
2026-03-20 19:19:28,062 [INFO]   替換層 1 -> QuantModule_DiffAE_LoRA
2026-03-20 19:19:28,062 [INFO]   替換層 1 -> QuantModule_DiffAE_LoRA
2026-03-20 19:19:28,064 [INFO]   替換層 3 -> QuantModule_DiffAE_LoRA
2026-03-20 19:19:28,064 [INFO]   替換層 3 -> QuantModule_DiffAE_LoRA
2026-03-20 19:19:28,070 [INFO]   替換層 2 -> QuantModule_DiffAE_LoRA
2026-03-20 19:19:28,070 [INFO]   替換層 2 -> QuantModule_DiffAE_LoRA
2026-03-20 19:19:28,076 [INFO]   替換層 1 -> QuantModule_DiffAE_LoRA
2026-03-20 19:19:28,076 [INFO]   替換層 1 -> QuantModule_DiffAE_LoRA
2026-03-20 19:19:28,079 [INFO]   替換層 1 -> QuantModule_DiffAE_LoRA
2026-03-20 19:19:28,079 [INFO]   替換層 1 -> QuantModule_DiffAE_LoRA
2026-03-20 19:19:28,080 [INFO]   替換層 3 -> QuantModule_DiffAE_LoRA
2026-03-20 19:19:28,080 [INFO]   替換層 3 -> QuantModule_DiffAE_LoRA
2026-03-20 19:19:28,089 [INFO]   跳過量化 skip connection: skip_connection
2026-03-20 19:19:28,089 [INFO]   跳過量化 skip connection: skip_connection
2026-03-20 19:19:28,089 [INFO]   替換層 2 -> QuantModule_DiffAE_LoRA
2026-03-20 19:19:28,089 [INFO]   替換層 2 -> QuantModule_DiffAE_LoRA
2026-03-20 19:19:28,098 [INFO]   替換層 1 -> QuantModule_DiffAE_LoRA
2026-03-20 19:19:28,098 [INFO]   替換層 1 -> QuantModule_DiffAE_LoRA
2026-03-20 19:19:28,100 [INFO]   替換層 1 -> QuantModule_DiffAE_LoRA
2026-03-20 19:19:28,100 [INFO]   替換層 1 -> QuantModule_DiffAE_LoRA
2026-03-20 19:19:28,101 [INFO]   替換層 3 -> QuantModule_DiffAE_LoRA
2026-03-20 19:19:28,101 [INFO]   替換層 3 -> QuantModule_DiffAE_LoRA
2026-03-20 19:19:28,108 [INFO] 改造模組: middle_block
2026-03-20 19:19:28,108 [INFO] 改造模組: middle_block
2026-03-20 19:19:28,108 [INFO]   替換層 2 -> QuantModule_DiffAE_LoRA
2026-03-20 19:19:28,108 [INFO]   替換層 2 -> QuantModule_DiffAE_LoRA
2026-03-20 19:19:28,118 [INFO]   替換層 1 -> QuantModule_DiffAE_LoRA
2026-03-20 19:19:28,118 [INFO]   替換層 1 -> QuantModule_DiffAE_LoRA
2026-03-20 19:19:28,123 [INFO]   替換層 1 -> QuantModule_DiffAE_LoRA
2026-03-20 19:19:28,123 [INFO]   替換層 1 -> QuantModule_DiffAE_LoRA
2026-03-20 19:19:28,124 [INFO]   替換層 3 -> QuantModule_DiffAE_LoRA
2026-03-20 19:19:28,124 [INFO]   替換層 3 -> QuantModule_DiffAE_LoRA
2026-03-20 19:19:28,132 [INFO]   替換層 2 -> QuantModule_DiffAE_LoRA
2026-03-20 19:19:28,132 [INFO]   替換層 2 -> QuantModule_DiffAE_LoRA
2026-03-20 19:19:28,142 [INFO]   替換層 1 -> QuantModule_DiffAE_LoRA
2026-03-20 19:19:28,142 [INFO]   替換層 1 -> QuantModule_DiffAE_LoRA
2026-03-20 19:19:28,145 [INFO]   替換層 1 -> QuantModule_DiffAE_LoRA
2026-03-20 19:19:28,145 [INFO]   替換層 1 -> QuantModule_DiffAE_LoRA
2026-03-20 19:19:28,147 [INFO]   替換層 3 -> QuantModule_DiffAE_LoRA
2026-03-20 19:19:28,147 [INFO]   替換層 3 -> QuantModule_DiffAE_LoRA
2026-03-20 19:19:28,156 [INFO] 改造模組: output_blocks
2026-03-20 19:19:28,156 [INFO] 改造模組: output_blocks
2026-03-20 19:19:28,156 [INFO]   替換層 2 -> QuantModule_DiffAE_LoRA
2026-03-20 19:19:28,156 [INFO]   替換層 2 -> QuantModule_DiffAE_LoRA
2026-03-20 19:19:28,172 [INFO]   替換層 1 -> QuantModule_DiffAE_LoRA
2026-03-20 19:19:28,172 [INFO]   替換層 1 -> QuantModule_DiffAE_LoRA
2026-03-20 19:19:28,175 [INFO]   替換層 1 -> QuantModule_DiffAE_LoRA
2026-03-20 19:19:28,175 [INFO]   替換層 1 -> QuantModule_DiffAE_LoRA
2026-03-20 19:19:28,176 [INFO]   替換層 3 -> QuantModule_DiffAE_LoRA
2026-03-20 19:19:28,176 [INFO]   替換層 3 -> QuantModule_DiffAE_LoRA
2026-03-20 19:19:28,185 [INFO]   跳過量化 skip connection: skip_connection
2026-03-20 19:19:28,185 [INFO]   跳過量化 skip connection: skip_connection
2026-03-20 19:19:28,186 [INFO]   替換層 2 -> QuantModule_DiffAE_LoRA
2026-03-20 19:19:28,186 [INFO]   替換層 2 -> QuantModule_DiffAE_LoRA
2026-03-20 19:19:28,206 [INFO]   替換層 1 -> QuantModule_DiffAE_LoRA
2026-03-20 19:19:28,206 [INFO]   替換層 1 -> QuantModule_DiffAE_LoRA
2026-03-20 19:19:28,209 [INFO]   替換層 1 -> QuantModule_DiffAE_LoRA
2026-03-20 19:19:28,209 [INFO]   替換層 1 -> QuantModule_DiffAE_LoRA
2026-03-20 19:19:28,211 [INFO]   替換層 3 -> QuantModule_DiffAE_LoRA
2026-03-20 19:19:28,211 [INFO]   替換層 3 -> QuantModule_DiffAE_LoRA
2026-03-20 19:19:28,221 [INFO]   跳過量化 skip connection: skip_connection
2026-03-20 19:19:28,221 [INFO]   跳過量化 skip connection: skip_connection
2026-03-20 19:19:28,221 [INFO]   替換層 2 -> QuantModule_DiffAE_LoRA
2026-03-20 19:19:28,221 [INFO]   替換層 2 -> QuantModule_DiffAE_LoRA
2026-03-20 19:19:28,233 [INFO]   替換層 1 -> QuantModule_DiffAE_LoRA
2026-03-20 19:19:28,233 [INFO]   替換層 1 -> QuantModule_DiffAE_LoRA
2026-03-20 19:19:28,235 [INFO]   替換層 1 -> QuantModule_DiffAE_LoRA
2026-03-20 19:19:28,235 [INFO]   替換層 1 -> QuantModule_DiffAE_LoRA
2026-03-20 19:19:28,237 [INFO]   替換層 3 -> QuantModule_DiffAE_LoRA
2026-03-20 19:19:28,237 [INFO]   替換層 3 -> QuantModule_DiffAE_LoRA
2026-03-20 19:19:28,246 [INFO]   跳過量化 skip connection: skip_connection
2026-03-20 19:19:28,246 [INFO]   跳過量化 skip connection: skip_connection
2026-03-20 19:19:28,246 [INFO]   替換層 2 -> QuantModule_DiffAE_LoRA
2026-03-20 19:19:28,246 [INFO]   替換層 2 -> QuantModule_DiffAE_LoRA
2026-03-20 19:19:28,253 [INFO]   替換層 1 -> QuantModule_DiffAE_LoRA
2026-03-20 19:19:28,253 [INFO]   替換層 1 -> QuantModule_DiffAE_LoRA
2026-03-20 19:19:28,255 [INFO]   替換層 1 -> QuantModule_DiffAE_LoRA
2026-03-20 19:19:28,255 [INFO]   替換層 1 -> QuantModule_DiffAE_LoRA
2026-03-20 19:19:28,257 [INFO]   替換層 3 -> QuantModule_DiffAE_LoRA
2026-03-20 19:19:28,257 [INFO]   替換層 3 -> QuantModule_DiffAE_LoRA
2026-03-20 19:19:28,265 [INFO]   替換層 2 -> QuantModule_DiffAE_LoRA
2026-03-20 19:19:28,265 [INFO]   替換層 2 -> QuantModule_DiffAE_LoRA
2026-03-20 19:19:28,275 [INFO]   替換層 1 -> QuantModule_DiffAE_LoRA
2026-03-20 19:19:28,275 [INFO]   替換層 1 -> QuantModule_DiffAE_LoRA
2026-03-20 19:19:28,277 [INFO]   替換層 1 -> QuantModule_DiffAE_LoRA
2026-03-20 19:19:28,277 [INFO]   替換層 1 -> QuantModule_DiffAE_LoRA
2026-03-20 19:19:28,278 [INFO]   替換層 3 -> QuantModule_DiffAE_LoRA
2026-03-20 19:19:28,278 [INFO]   替換層 3 -> QuantModule_DiffAE_LoRA
2026-03-20 19:19:28,282 [INFO]   跳過量化 skip connection: skip_connection
2026-03-20 19:19:28,282 [INFO]   跳過量化 skip connection: skip_connection
2026-03-20 19:19:28,282 [INFO]   替換層 2 -> QuantModule_DiffAE_LoRA
2026-03-20 19:19:28,282 [INFO]   替換層 2 -> QuantModule_DiffAE_LoRA
2026-03-20 19:19:28,291 [INFO]   替換層 1 -> QuantModule_DiffAE_LoRA
2026-03-20 19:19:28,291 [INFO]   替換層 1 -> QuantModule_DiffAE_LoRA
2026-03-20 19:19:28,293 [INFO]   替換層 1 -> QuantModule_DiffAE_LoRA
2026-03-20 19:19:28,293 [INFO]   替換層 1 -> QuantModule_DiffAE_LoRA
2026-03-20 19:19:28,294 [INFO]   替換層 3 -> QuantModule_DiffAE_LoRA
2026-03-20 19:19:28,294 [INFO]   替換層 3 -> QuantModule_DiffAE_LoRA
2026-03-20 19:19:28,298 [INFO]   跳過量化 skip connection: skip_connection
2026-03-20 19:19:28,298 [INFO]   跳過量化 skip connection: skip_connection
2026-03-20 19:19:28,299 [INFO]   替換層 2 -> QuantModule_DiffAE_LoRA
2026-03-20 19:19:28,299 [INFO]   替換層 2 -> QuantModule_DiffAE_LoRA
2026-03-20 19:19:28,307 [INFO]   替換層 1 -> QuantModule_DiffAE_LoRA
2026-03-20 19:19:28,307 [INFO]   替換層 1 -> QuantModule_DiffAE_LoRA
2026-03-20 19:19:28,309 [INFO]   替換層 1 -> QuantModule_DiffAE_LoRA
2026-03-20 19:19:28,309 [INFO]   替換層 1 -> QuantModule_DiffAE_LoRA
2026-03-20 19:19:28,310 [INFO]   替換層 3 -> QuantModule_DiffAE_LoRA
2026-03-20 19:19:28,310 [INFO]   替換層 3 -> QuantModule_DiffAE_LoRA
2026-03-20 19:19:28,315 [INFO]   跳過量化 skip connection: skip_connection
2026-03-20 19:19:28,315 [INFO]   跳過量化 skip connection: skip_connection
2026-03-20 19:19:28,315 [INFO]   替換層 2 -> QuantModule_DiffAE_LoRA
2026-03-20 19:19:28,315 [INFO]   替換層 2 -> QuantModule_DiffAE_LoRA
2026-03-20 19:19:28,319 [INFO]   替換層 1 -> QuantModule_DiffAE_LoRA
2026-03-20 19:19:28,319 [INFO]   替換層 1 -> QuantModule_DiffAE_LoRA
2026-03-20 19:19:28,321 [INFO]   替換層 1 -> QuantModule_DiffAE_LoRA
2026-03-20 19:19:28,321 [INFO]   替換層 1 -> QuantModule_DiffAE_LoRA
2026-03-20 19:19:28,323 [INFO]   替換層 3 -> QuantModule_DiffAE_LoRA
2026-03-20 19:19:28,323 [INFO]   替換層 3 -> QuantModule_DiffAE_LoRA
2026-03-20 19:19:28,328 [INFO]   替換層 2 -> QuantModule_DiffAE_LoRA
2026-03-20 19:19:28,328 [INFO]   替換層 2 -> QuantModule_DiffAE_LoRA
2026-03-20 19:19:28,334 [INFO]   替換層 1 -> QuantModule_DiffAE_LoRA
2026-03-20 19:19:28,334 [INFO]   替換層 1 -> QuantModule_DiffAE_LoRA
2026-03-20 19:19:28,335 [INFO]   替換層 1 -> QuantModule_DiffAE_LoRA
2026-03-20 19:19:28,335 [INFO]   替換層 1 -> QuantModule_DiffAE_LoRA
2026-03-20 19:19:28,336 [INFO]   替換層 3 -> QuantModule_DiffAE_LoRA
2026-03-20 19:19:28,336 [INFO]   替換層 3 -> QuantModule_DiffAE_LoRA
2026-03-20 19:19:28,339 [INFO]   跳過量化 skip connection: skip_connection
2026-03-20 19:19:28,339 [INFO]   跳過量化 skip connection: skip_connection
2026-03-20 19:19:28,339 [INFO]   替換層 2 -> QuantModule_DiffAE_LoRA
2026-03-20 19:19:28,339 [INFO]   替換層 2 -> QuantModule_DiffAE_LoRA
2026-03-20 19:19:28,343 [INFO]   替換層 1 -> QuantModule_DiffAE_LoRA
2026-03-20 19:19:28,343 [INFO]   替換層 1 -> QuantModule_DiffAE_LoRA
2026-03-20 19:19:28,344 [INFO]   替換層 1 -> QuantModule_DiffAE_LoRA
2026-03-20 19:19:28,344 [INFO]   替換層 1 -> QuantModule_DiffAE_LoRA
2026-03-20 19:19:28,345 [INFO]   替換層 3 -> QuantModule_DiffAE_LoRA
2026-03-20 19:19:28,345 [INFO]   替換層 3 -> QuantModule_DiffAE_LoRA
2026-03-20 19:19:28,347 [INFO]   跳過量化 skip connection: skip_connection
2026-03-20 19:19:28,347 [INFO]   跳過量化 skip connection: skip_connection
2026-03-20 19:19:28,348 [INFO]   替換層 2 -> QuantModule_DiffAE_LoRA
2026-03-20 19:19:28,348 [INFO]   替換層 2 -> QuantModule_DiffAE_LoRA
2026-03-20 19:19:28,351 [INFO]   替換層 1 -> QuantModule_DiffAE_LoRA
2026-03-20 19:19:28,351 [INFO]   替換層 1 -> QuantModule_DiffAE_LoRA
2026-03-20 19:19:28,352 [INFO]   替換層 1 -> QuantModule_DiffAE_LoRA
2026-03-20 19:19:28,352 [INFO]   替換層 1 -> QuantModule_DiffAE_LoRA
2026-03-20 19:19:28,353 [INFO]   替換層 3 -> QuantModule_DiffAE_LoRA
2026-03-20 19:19:28,353 [INFO]   替換層 3 -> QuantModule_DiffAE_LoRA
2026-03-20 19:19:28,356 [INFO]   跳過量化 skip connection: skip_connection
2026-03-20 19:19:28,356 [INFO]   跳過量化 skip connection: skip_connection
2026-03-20 19:19:28,356 [INFO]   替換層 2 -> QuantModule_DiffAE_LoRA
2026-03-20 19:19:28,356 [INFO]   替換層 2 -> QuantModule_DiffAE_LoRA
2026-03-20 19:19:28,358 [INFO]   替換層 1 -> QuantModule_DiffAE_LoRA
2026-03-20 19:19:28,358 [INFO]   替換層 1 -> QuantModule_DiffAE_LoRA
2026-03-20 19:19:28,359 [INFO]   替換層 1 -> QuantModule_DiffAE_LoRA
2026-03-20 19:19:28,359 [INFO]   替換層 1 -> QuantModule_DiffAE_LoRA
2026-03-20 19:19:28,360 [INFO]   替換層 3 -> QuantModule_DiffAE_LoRA
2026-03-20 19:19:28,360 [INFO]   替換層 3 -> QuantModule_DiffAE_LoRA
2026-03-20 19:19:28,363 [INFO]   替換層 2 -> QuantModule_DiffAE_LoRA
2026-03-20 19:19:28,363 [INFO]   替換層 2 -> QuantModule_DiffAE_LoRA
2026-03-20 19:19:28,365 [INFO]   替換層 1 -> QuantModule_DiffAE_LoRA
2026-03-20 19:19:28,365 [INFO]   替換層 1 -> QuantModule_DiffAE_LoRA
2026-03-20 19:19:28,365 [INFO]   替換層 1 -> QuantModule_DiffAE_LoRA
2026-03-20 19:19:28,365 [INFO]   替換層 1 -> QuantModule_DiffAE_LoRA
2026-03-20 19:19:28,366 [INFO]   替換層 3 -> QuantModule_DiffAE_LoRA
2026-03-20 19:19:28,366 [INFO]   替換層 3 -> QuantModule_DiffAE_LoRA
2026-03-20 19:19:28,367 [INFO]   跳過量化 skip connection: skip_connection
2026-03-20 19:19:28,367 [INFO]   跳過量化 skip connection: skip_connection
2026-03-20 19:19:28,367 [INFO]   替換層 2 -> QuantModule_DiffAE_LoRA
2026-03-20 19:19:28,367 [INFO]   替換層 2 -> QuantModule_DiffAE_LoRA
2026-03-20 19:19:28,368 [INFO]   替換層 1 -> QuantModule_DiffAE_LoRA
2026-03-20 19:19:28,368 [INFO]   替換層 1 -> QuantModule_DiffAE_LoRA
2026-03-20 19:19:28,369 [INFO]   替換層 1 -> QuantModule_DiffAE_LoRA
2026-03-20 19:19:28,369 [INFO]   替換層 1 -> QuantModule_DiffAE_LoRA
2026-03-20 19:19:28,369 [INFO]   替換層 3 -> QuantModule_DiffAE_LoRA
2026-03-20 19:19:28,369 [INFO]   替換層 3 -> QuantModule_DiffAE_LoRA
2026-03-20 19:19:28,370 [INFO]   跳過量化 skip connection: skip_connection
2026-03-20 19:19:28,370 [INFO]   跳過量化 skip connection: skip_connection
2026-03-20 19:19:28,370 [INFO]   替換層 2 -> QuantModule_DiffAE_LoRA
2026-03-20 19:19:28,370 [INFO]   替換層 2 -> QuantModule_DiffAE_LoRA
2026-03-20 19:19:28,372 [INFO]   替換層 1 -> QuantModule_DiffAE_LoRA
2026-03-20 19:19:28,372 [INFO]   替換層 1 -> QuantModule_DiffAE_LoRA
2026-03-20 19:19:28,372 [INFO]   替換層 1 -> QuantModule_DiffAE_LoRA
2026-03-20 19:19:28,372 [INFO]   替換層 1 -> QuantModule_DiffAE_LoRA
2026-03-20 19:19:28,373 [INFO]   替換層 3 -> QuantModule_DiffAE_LoRA
2026-03-20 19:19:28,373 [INFO]   替換層 3 -> QuantModule_DiffAE_LoRA
2026-03-20 19:19:28,374 [INFO]   跳過量化 skip connection: skip_connection
2026-03-20 19:19:28,374 [INFO]   跳過量化 skip connection: skip_connection
2026-03-20 19:19:28,374 [INFO]   替換層 2 -> QuantModule_DiffAE_LoRA
2026-03-20 19:19:28,374 [INFO]   替換層 2 -> QuantModule_DiffAE_LoRA
2026-03-20 19:19:28,374 [INFO]   替換層 1 -> QuantModule_DiffAE_LoRA
2026-03-20 19:19:28,374 [INFO]   替換層 1 -> QuantModule_DiffAE_LoRA
2026-03-20 19:19:28,375 [INFO]   替換層 1 -> QuantModule_DiffAE_LoRA
2026-03-20 19:19:28,375 [INFO]   替換層 1 -> QuantModule_DiffAE_LoRA
2026-03-20 19:19:28,376 [INFO]   替換層 3 -> QuantModule_DiffAE_LoRA
2026-03-20 19:19:28,376 [INFO]   替換層 3 -> QuantModule_DiffAE_LoRA
2026-03-20 19:19:28,376 [INFO]   替換層 2 -> QuantModule_DiffAE_LoRA
2026-03-20 19:19:28,376 [INFO]   替換層 2 -> QuantModule_DiffAE_LoRA
2026-03-20 19:19:28,378 [INFO]   替換層 1 -> QuantModule_DiffAE_LoRA
2026-03-20 19:19:28,378 [INFO]   替換層 1 -> QuantModule_DiffAE_LoRA
2026-03-20 19:19:28,379 [INFO]   替換層 1 -> QuantModule_DiffAE_LoRA
2026-03-20 19:19:28,379 [INFO]   替換層 1 -> QuantModule_DiffAE_LoRA
2026-03-20 19:19:28,379 [INFO]   替換層 3 -> QuantModule_DiffAE_LoRA
2026-03-20 19:19:28,379 [INFO]   替換層 3 -> QuantModule_DiffAE_LoRA
2026-03-20 19:19:28,380 [INFO]   跳過量化 skip connection: skip_connection
2026-03-20 19:19:28,380 [INFO]   跳過量化 skip connection: skip_connection
2026-03-20 19:19:28,380 [INFO]   替換層 2 -> QuantModule_DiffAE_LoRA
2026-03-20 19:19:28,380 [INFO]   替換層 2 -> QuantModule_DiffAE_LoRA
2026-03-20 19:19:28,381 [INFO]   替換層 1 -> QuantModule_DiffAE_LoRA
2026-03-20 19:19:28,381 [INFO]   替換層 1 -> QuantModule_DiffAE_LoRA
2026-03-20 19:19:28,382 [INFO]   替換層 1 -> QuantModule_DiffAE_LoRA
2026-03-20 19:19:28,382 [INFO]   替換層 1 -> QuantModule_DiffAE_LoRA
2026-03-20 19:19:28,383 [INFO]   替換層 3 -> QuantModule_DiffAE_LoRA
2026-03-20 19:19:28,383 [INFO]   替換層 3 -> QuantModule_DiffAE_LoRA
2026-03-20 19:19:28,383 [INFO]   跳過量化 skip connection: skip_connection
2026-03-20 19:19:28,383 [INFO]   跳過量化 skip connection: skip_connection
2026-03-20 19:19:28,383 [INFO]   替換層 2 -> QuantModule_DiffAE_LoRA
2026-03-20 19:19:28,383 [INFO]   替換層 2 -> QuantModule_DiffAE_LoRA
2026-03-20 19:19:28,385 [INFO]   替換層 1 -> QuantModule_DiffAE_LoRA
2026-03-20 19:19:28,385 [INFO]   替換層 1 -> QuantModule_DiffAE_LoRA
2026-03-20 19:19:28,386 [INFO]   替換層 1 -> QuantModule_DiffAE_LoRA
2026-03-20 19:19:28,386 [INFO]   替換層 1 -> QuantModule_DiffAE_LoRA
2026-03-20 19:19:28,386 [INFO]   替換層 3 -> QuantModule_DiffAE_LoRA
2026-03-20 19:19:28,386 [INFO]   替換層 3 -> QuantModule_DiffAE_LoRA
2026-03-20 19:19:28,388 [INFO]   跳過量化 skip connection: skip_connection
2026-03-20 19:19:28,388 [INFO]   跳過量化 skip connection: skip_connection
2026-03-20 19:19:28,388 [INFO] 改造模組: out
2026-03-20 19:19:28,388 [INFO] 改造模組: out
2026-03-20 19:19:28,388 [INFO]   跳過量化特殊模組: 2
2026-03-20 19:19:28,388 [INFO]   跳過量化特殊模組: 2
2026-03-20 19:19:28,392 [INFO] 執行 'create_float_quantized_model' 完成，耗時: 0.45 秒
2026-03-20 19:19:28,392 [INFO] 執行 'create_float_quantized_model' 完成，耗時: 0.45 秒
2026-03-20 19:19:28,483 [INFO] 載入校準資料...
2026-03-20 19:19:28,483 [INFO] 載入校準資料...
2026-03-20 19:19:28,665 [INFO] ✅ 載入真實校準資料成功
2026-03-20 19:19:28,665 [INFO] ✅ 載入真實校準資料成功
2026-03-20 19:19:28,667 [INFO] ==================================================
2026-03-20 19:19:28,667 [INFO] ==================================================
2026-03-20 19:19:28,667 [INFO] 5. Setting first and last layers to 8-bit...
2026-03-20 19:19:28,667 [INFO] 5. Setting first and last layers to 8-bit...
2026-03-20 19:19:28,669 [INFO] 找到 144 個量化模組
2026-03-20 19:19:28,669 [INFO] 找到 144 個量化模組
2026-03-20 19:19:28,669 [INFO] ✅ 首尾層 8-bit 設定完成
2026-03-20 19:19:28,669 [INFO] ✅ 首尾層 8-bit 設定完成
2026-03-20 19:19:28,669 [INFO] ✅ 量化模型創建成功
2026-03-20 19:19:28,669 [INFO] ✅ 量化模型創建成功
2026-03-20 19:19:28,669 [INFO] set quant state to True, True for layer 1
2026-03-20 19:19:28,669 [INFO] set quant state to True, True for layer 1
2026-03-20 19:19:28,669 [INFO] set quant state to True, True for layer 2
2026-03-20 19:19:28,669 [INFO] set quant state to True, True for layer 2
2026-03-20 19:19:28,669 [INFO] set quant state to True, False for layer 3
2026-03-20 19:19:28,669 [INFO] set quant state to True, False for layer 3
2026-03-20 19:19:28,670 [INFO] set quant state to True, True for layer 144
2026-03-20 19:19:28,670 [INFO] set quant state to True, True for layer 144
2026-03-20 19:19:29,605 [INFO] EMA(load from ema_model.model.*): provided=1822 effective_loaded=1822 missing=280 unexpected=0
2026-03-20 19:19:29,605 [INFO] EMA(load from ema_model.model.*): provided=1822 effective_loaded=1822 missing=280 unexpected=0
2026-03-20 19:19:29,605 [WARNING] EMA missing keys (前10): ['model.input_blocks.1.0.in_layers.2.intn_dequantizer.delta', 'model.input_blocks.1.0.in_layers.2.intn_dequantizer.zero_point', 'model.input_blocks.1.0.emb_layers.1.intn_dequantizer.delta', 'model.input_blocks.1.0.emb_layers.1.intn_dequantizer.zero_point', 'model.input_blocks.1.0.cond_emb_layers.1.intn_dequantizer.delta', 'model.input_blocks.1.0.cond_emb_layers.1.intn_dequantizer.zero_point', 'model.input_blocks.1.0.out_layers.3.intn_dequantizer.delta', 'model.input_blocks.1.0.out_layers.3.intn_dequantizer.zero_point', 'model.input_blocks.2.0.in_layers.2.intn_dequantizer.delta', 'model.input_blocks.2.0.in_layers.2.intn_dequantizer.zero_point']
2026-03-20 19:19:29,605 [WARNING] EMA missing keys (前10): ['model.input_blocks.1.0.in_layers.2.intn_dequantizer.delta', 'model.input_blocks.1.0.in_layers.2.intn_dequantizer.zero_point', 'model.input_blocks.1.0.emb_layers.1.intn_dequantizer.delta', 'model.input_blocks.1.0.emb_layers.1.intn_dequantizer.zero_point', 'model.input_blocks.1.0.cond_emb_layers.1.intn_dequantizer.delta', 'model.input_blocks.1.0.cond_emb_layers.1.intn_dequantizer.zero_point', 'model.input_blocks.1.0.out_layers.3.intn_dequantizer.delta', 'model.input_blocks.1.0.out_layers.3.intn_dequantizer.zero_point', 'model.input_blocks.2.0.in_layers.2.intn_dequantizer.delta', 'model.input_blocks.2.0.in_layers.2.intn_dequantizer.zero_point']
2026-03-20 19:19:29,661 [INFO] MODEL(load from model.model.*): provided=1822 effective_loaded=1822 missing=280 unexpected=0
2026-03-20 19:19:29,661 [INFO] MODEL(load from model.model.*): provided=1822 effective_loaded=1822 missing=280 unexpected=0
2026-03-20 19:19:29,661 [INFO] ✅ 量化模型載入成功
2026-03-20 19:19:29,661 [INFO] ✅ 量化模型載入成功
2026-03-20 19:19:29,661 [INFO] === 初始化新功能模組 ===
2026-03-20 19:19:29,661 [INFO] === 初始化新功能模組 ===
2026-03-20 19:19:29,689 [INFO] ✅ 基礎模型設定完成
2026-03-20 19:19:29,689 [INFO] ✅ 基礎模型設定完成
2026-03-20 19:19:29,714 [INFO] ==================================================
2026-03-20 19:19:29,714 [INFO] ==================================================
2026-03-20 19:19:29,714 [INFO] 啟用 Similarity Analysis (L1/L2/Cosine)
2026-03-20 19:19:29,714 [INFO] 啟用 Similarity Analysis (L1/L2/Cosine)
2026-03-20 19:19:29,714 [INFO] FID 評估樣本數: 128
2026-03-20 19:19:29,714 [INFO] FID 評估樣本數: 128
2026-03-20 19:19:29,714 [INFO] 實際收集樣本數: 20 (用於加速)
2026-03-20 19:19:29,714 [INFO] 實際收集樣本數: 20 (用於加速)
2026-03-20 19:19:29,714 [INFO] 擴散步數: 100
2026-03-20 19:19:29,714 [INFO] 擴散步數: 100
2026-03-20 19:19:29,714 [INFO] ==================================================
2026-03-20 19:19:29,714 [INFO] ==================================================
2026-03-20 19:19:29,714 [INFO] [Similarity] 註冊 block hook: model.middle_block
2026-03-20 19:19:29,714 [INFO] [Similarity] 註冊 block hook: model.middle_block
2026-03-20 19:19:29,716 [INFO] [Similarity] 註冊 model step hook 完成
2026-03-20 19:19:29,716 [INFO] [Similarity] 註冊 model step hook 完成
Model params: 174.19 M
loading pretrain ... 130M
step: 1019986
loading latent stats ...
local seed: 0
train data: 70001
val data: 70001
on train dataloader start ...
mean: tensor(-0.0606, device='cuda:0') std: tensor(0.0755, device='cuda:0')
generating images:   0%|          | 0/4 [00:00<?, ?it/s]/home/jimmy/diffae/./diffusion/base.py:329: FutureWarning: `torch.cuda.amp.autocast(args...)` is deprecated. Please use `torch.amp.autocast('cuda', args...)` instead.
  with autocast(self.conf.fp16):
2026-03-20 19:19:46,712 [INFO] [Similarity] Batch 0 完成，已收集 20 個樣本
2026-03-20 19:19:46,712 [INFO] [Similarity] Batch 0 完成，已收集 20 個樣本
generating images:  25%|██▌       | 1/4 [00:17<00:51, 17.10s/it]2026-03-20 19:20:03,665 [INFO] [Similarity] Batch 1 完成，已收集 20 個樣本
2026-03-20 19:20:03,665 [INFO] [Similarity] Batch 1 完成，已收集 20 個樣本
generating images:  50%|█████     | 2/4 [00:34<00:34, 17.01s/it]2026-03-20 19:20:20,621 [INFO] [Similarity] Batch 2 完成，已收集 20 個樣本
2026-03-20 19:20:20,621 [INFO] [Similarity] Batch 2 完成，已收集 20 個樣本
generating images:  75%|███████▌  | 3/4 [00:51<00:16, 16.99s/it]2026-03-20 19:20:36,390 [INFO] [Similarity] 已收集 80 个样本，停止数据收集（目标: 80）
2026-03-20 19:20:36,390 [INFO] [Similarity] 已收集 80 个样本，停止数据收集（目标: 80）
2026-03-20 19:20:37,578 [INFO] [Similarity] Batch 3 完成，已收集 20 個樣本
2026-03-20 19:20:37,578 [INFO] [Similarity] Batch 3 完成，已收集 20 個樣本
generating images: 100%|██████████| 4/4 [01:07<00:00, 16.97s/it]generating images: 100%|██████████| 4/4 [01:07<00:00, 16.99s/it]
2026-03-20 19:20:37,681 [INFO] [Similarity] FID@128 100 steps score: 0
2026-03-20 19:20:37,681 [INFO] [Similarity] FID@128 100 steps score: 0
2026-03-20 19:20:37,682 [INFO] [Similarity] model.middle_block cosine: min=0.813450, max=1.000000, diag_mean=1.000000, off_diag_mean=0.955029, off_diag_std=0.037288
2026-03-20 19:20:37,682 [INFO] [Similarity] model.middle_block cosine: min=0.813450, max=1.000000, diag_mean=1.000000, off_diag_mean=0.955029, off_diag_std=0.037288
2026-03-20 19:20:38,463 [INFO] ✅ Similarity Analysis 完成
2026-03-20 19:20:38,463 [INFO] ✅ Similarity Analysis 完成
2026-03-20 19:20:38,503 [INFO] 執行 'main_float_model' 完成，耗時: 72.38 秒
2026-03-20 19:20:38,503 [INFO] 執行 'main_float_model' 完成，耗時: 72.38 秒
