/home/jimmy/anaconda3/envs/diffae_bw/lib/python3.10/site-packages/lightning_fabric/__init__.py:41: pkg_resources is deprecated as an API. See https://setuptools.pypa.io/en/latest/pkg_resources.html. The pkg_resources package is slated for removal as early as 2025-11-30. Refrain from using this package or pin to Setuptools<81.
使用自動混合精度: torch.bfloat16
[設定] Log 檔案已設為: QATcode/cache_method/L1_L2_cosine/logs/similarity_model_output_blocks_12.log
2026-01-26 12:32:06,318 [INFO] Using 100 steps
2026-01-26 12:32:06,318 [INFO] Using 50000 evaluation samples
2026-01-26 12:32:06,318 [INFO] Cache enabled: False, method: Res, threshold: 0.1
2026-01-26 12:32:06,318 [INFO] Quantitative analysis enabled: False, samples: 10
2026-01-26 12:32:06,318 [INFO] Log file: QATcode/cache_method/L1_L2_cosine/logs/similarity_model_output_blocks_12.log
2026-01-26 12:32:06,319 [INFO] ==================================================
2026-01-26 12:32:06,318 [INFO] Using 100 steps
2026-01-26 12:32:06,318 [INFO] Using 50000 evaluation samples
2026-01-26 12:32:06,318 [INFO] Cache enabled: False, method: Res, threshold: 0.1
2026-01-26 12:32:06,318 [INFO] Quantitative analysis enabled: False, samples: 10
2026-01-26 12:32:06,318 [INFO] Log file: QATcode/cache_method/L1_L2_cosine/logs/similarity_model_output_blocks_12.log
2026-01-26 12:32:06,319 [INFO] ==================================================
2026-01-26 12:32:06,319 [INFO] Diff-AE EfficientDM Step 7 : 生成圖片
2026-01-26 12:32:06,319 [INFO] Diff-AE EfficientDM Step 7 : 生成圖片
2026-01-26 12:32:06,319 [INFO] ==================================================
2026-01-26 12:32:06,319 [INFO] ==================================================
2026-01-26 12:32:06,319 [INFO] 使用設備: cuda
2026-01-26 12:32:06,319 [INFO] === 新功能狀態 ===
2026-01-26 12:32:06,319 [INFO] 載入 Diff-AE 模型: checkpoints/ffhq128_autoenc_latent/last.ckpt
2026-01-26 12:32:06,319 [INFO] 使用設備: cuda
2026-01-26 12:32:06,319 [INFO] === 新功能狀態 ===
2026-01-26 12:32:06,319 [INFO] 載入 Diff-AE 模型: checkpoints/ffhq128_autoenc_latent/last.ckpt
Seed set to 0
Model params: 174.19 M
loading pretrain ... 130M
step: 1019986
loading latent stats ...
2026-01-26 12:32:09,149 [INFO] Diff-AE 模型載入完成
2026-01-26 12:32:09,149 [INFO] Diff-AE 模型載入完成
2026-01-26 12:32:09,196 [INFO] 執行 'load_diffae_model' 完成，耗時: 2.88 秒
2026-01-26 12:32:09,196 [INFO] ✅ Diff-AE 模型載入成功
2026-01-26 12:32:09,196 [INFO] base_model.conf.train_mode: TrainMode.latent_diffusion
2026-01-26 12:32:09,196 [INFO] === 創建 LoRA 量化模型 ===
2026-01-26 12:32:09,196 [INFO] === 開始 UNet LoRA 量化改造 ===
2026-01-26 12:32:09,196 [INFO] 改造模組: time_embed
2026-01-26 12:32:09,196 [INFO]   跳過量化特殊模組: 0
2026-01-26 12:32:09,196 [INFO] 執行 'load_diffae_model' 完成，耗時: 2.88 秒
2026-01-26 12:32:09,196 [INFO] ✅ Diff-AE 模型載入成功
2026-01-26 12:32:09,196 [INFO] base_model.conf.train_mode: TrainMode.latent_diffusion
2026-01-26 12:32:09,196 [INFO] === 創建 LoRA 量化模型 ===
2026-01-26 12:32:09,196 [INFO] === 開始 UNet LoRA 量化改造 ===
2026-01-26 12:32:09,196 [INFO] 改造模組: time_embed
2026-01-26 12:32:09,196 [INFO]   跳過量化特殊模組: 0
2026-01-26 12:32:09,203 [INFO]   跳過量化特殊模組: 2
2026-01-26 12:32:09,203 [INFO]   跳過量化特殊模組: 2
2026-01-26 12:32:09,210 [INFO] 改造模組: input_blocks
2026-01-26 12:32:09,210 [INFO] 改造模組: input_blocks
2026-01-26 12:32:09,210 [INFO]   跳過量化特殊模組: 0
2026-01-26 12:32:09,210 [INFO]   跳過量化特殊模組: 0
2026-01-26 12:32:09,210 [INFO]   替換層 2 -> QuantModule_DiffAE_LoRA
2026-01-26 12:32:09,210 [INFO]   替換層 2 -> QuantModule_DiffAE_LoRA
2026-01-26 12:32:09,291 [INFO]   替換層 1 -> QuantModule_DiffAE_LoRA
2026-01-26 12:32:09,295 [INFO]   替換層 1 -> QuantModule_DiffAE_LoRA
2026-01-26 12:32:09,291 [INFO]   替換層 1 -> QuantModule_DiffAE_LoRA
2026-01-26 12:32:09,295 [INFO]   替換層 1 -> QuantModule_DiffAE_LoRA
2026-01-26 12:32:09,301 [INFO]   替換層 3 -> QuantModule_DiffAE_LoRA
2026-01-26 12:32:09,301 [INFO]   替換層 3 -> QuantModule_DiffAE_LoRA
2026-01-26 12:32:09,307 [INFO]   替換層 2 -> QuantModule_DiffAE_LoRA
2026-01-26 12:32:09,307 [INFO]   替換層 2 -> QuantModule_DiffAE_LoRA
2026-01-26 12:32:09,313 [INFO]   替換層 1 -> QuantModule_DiffAE_LoRA
2026-01-26 12:32:09,313 [INFO]   替換層 1 -> QuantModule_DiffAE_LoRA
2026-01-26 12:32:09,319 [INFO]   替換層 1 -> QuantModule_DiffAE_LoRA
2026-01-26 12:32:09,319 [INFO]   替換層 1 -> QuantModule_DiffAE_LoRA
2026-01-26 12:32:09,323 [INFO]   替換層 3 -> QuantModule_DiffAE_LoRA
2026-01-26 12:32:09,323 [INFO]   替換層 3 -> QuantModule_DiffAE_LoRA
2026-01-26 12:32:09,324 [INFO]   替換層 2 -> QuantModule_DiffAE_LoRA
2026-01-26 12:32:09,324 [INFO]   替換層 2 -> QuantModule_DiffAE_LoRA
2026-01-26 12:32:09,324 [INFO]   替換層 1 -> QuantModule_DiffAE_LoRA
2026-01-26 12:32:09,324 [INFO]   替換層 1 -> QuantModule_DiffAE_LoRA
2026-01-26 12:32:09,325 [INFO]   替換層 1 -> QuantModule_DiffAE_LoRA
2026-01-26 12:32:09,325 [INFO]   替換層 1 -> QuantModule_DiffAE_LoRA
2026-01-26 12:32:09,325 [INFO]   替換層 3 -> QuantModule_DiffAE_LoRA
2026-01-26 12:32:09,325 [INFO]   替換層 3 -> QuantModule_DiffAE_LoRA
2026-01-26 12:32:09,326 [INFO]   替換層 2 -> QuantModule_DiffAE_LoRA
2026-01-26 12:32:09,326 [INFO]   替換層 2 -> QuantModule_DiffAE_LoRA
2026-01-26 12:32:09,327 [INFO]   替換層 1 -> QuantModule_DiffAE_LoRA
2026-01-26 12:32:09,327 [INFO]   替換層 1 -> QuantModule_DiffAE_LoRA
2026-01-26 12:32:09,328 [INFO]   替換層 1 -> QuantModule_DiffAE_LoRA
2026-01-26 12:32:09,328 [INFO]   替換層 1 -> QuantModule_DiffAE_LoRA
2026-01-26 12:32:09,328 [INFO]   替換層 3 -> QuantModule_DiffAE_LoRA
2026-01-26 12:32:09,328 [INFO]   替換層 3 -> QuantModule_DiffAE_LoRA
2026-01-26 12:32:09,329 [INFO]   替換層 2 -> QuantModule_DiffAE_LoRA
2026-01-26 12:32:09,329 [INFO]   替換層 2 -> QuantModule_DiffAE_LoRA
2026-01-26 12:32:09,329 [INFO]   替換層 1 -> QuantModule_DiffAE_LoRA
2026-01-26 12:32:09,329 [INFO]   替換層 1 -> QuantModule_DiffAE_LoRA
2026-01-26 12:32:09,330 [INFO]   替換層 1 -> QuantModule_DiffAE_LoRA
2026-01-26 12:32:09,330 [INFO]   替換層 1 -> QuantModule_DiffAE_LoRA
2026-01-26 12:32:09,330 [INFO]   替換層 3 -> QuantModule_DiffAE_LoRA
2026-01-26 12:32:09,330 [INFO]   替換層 3 -> QuantModule_DiffAE_LoRA
2026-01-26 12:32:09,331 [INFO]   替換層 2 -> QuantModule_DiffAE_LoRA
2026-01-26 12:32:09,331 [INFO]   替換層 2 -> QuantModule_DiffAE_LoRA
2026-01-26 12:32:09,332 [INFO]   替換層 1 -> QuantModule_DiffAE_LoRA
2026-01-26 12:32:09,332 [INFO]   替換層 1 -> QuantModule_DiffAE_LoRA
2026-01-26 12:32:09,332 [INFO]   替換層 1 -> QuantModule_DiffAE_LoRA
2026-01-26 12:32:09,332 [INFO]   替換層 1 -> QuantModule_DiffAE_LoRA
2026-01-26 12:32:09,332 [INFO]   替換層 3 -> QuantModule_DiffAE_LoRA
2026-01-26 12:32:09,332 [INFO]   替換層 3 -> QuantModule_DiffAE_LoRA
2026-01-26 12:32:09,333 [INFO]   替換層 2 -> QuantModule_DiffAE_LoRA
2026-01-26 12:32:09,333 [INFO]   替換層 2 -> QuantModule_DiffAE_LoRA
2026-01-26 12:32:09,334 [INFO]   替換層 1 -> QuantModule_DiffAE_LoRA
2026-01-26 12:32:09,334 [INFO]   替換層 1 -> QuantModule_DiffAE_LoRA
2026-01-26 12:32:09,335 [INFO]   替換層 1 -> QuantModule_DiffAE_LoRA
2026-01-26 12:32:09,335 [INFO]   替換層 1 -> QuantModule_DiffAE_LoRA
2026-01-26 12:32:09,335 [INFO]   替換層 3 -> QuantModule_DiffAE_LoRA
2026-01-26 12:32:09,335 [INFO]   替換層 3 -> QuantModule_DiffAE_LoRA
2026-01-26 12:32:09,338 [INFO]   跳過量化 skip connection: skip_connection
2026-01-26 12:32:09,338 [INFO]   跳過量化 skip connection: skip_connection
2026-01-26 12:32:09,338 [INFO]   替換層 2 -> QuantModule_DiffAE_LoRA
2026-01-26 12:32:09,338 [INFO]   替換層 2 -> QuantModule_DiffAE_LoRA
2026-01-26 12:32:09,339 [INFO]   替換層 1 -> QuantModule_DiffAE_LoRA
2026-01-26 12:32:09,339 [INFO]   替換層 1 -> QuantModule_DiffAE_LoRA
2026-01-26 12:32:09,340 [INFO]   替換層 1 -> QuantModule_DiffAE_LoRA
2026-01-26 12:32:09,340 [INFO]   替換層 1 -> QuantModule_DiffAE_LoRA
2026-01-26 12:32:09,341 [INFO]   替換層 3 -> QuantModule_DiffAE_LoRA
2026-01-26 12:32:09,341 [INFO]   替換層 3 -> QuantModule_DiffAE_LoRA
2026-01-26 12:32:09,342 [INFO]   替換層 2 -> QuantModule_DiffAE_LoRA
2026-01-26 12:32:09,342 [INFO]   替換層 2 -> QuantModule_DiffAE_LoRA
2026-01-26 12:32:09,344 [INFO]   替換層 1 -> QuantModule_DiffAE_LoRA
2026-01-26 12:32:09,344 [INFO]   替換層 1 -> QuantModule_DiffAE_LoRA
2026-01-26 12:32:09,345 [INFO]   替換層 1 -> QuantModule_DiffAE_LoRA
2026-01-26 12:32:09,345 [INFO]   替換層 1 -> QuantModule_DiffAE_LoRA
2026-01-26 12:32:09,346 [INFO]   替換層 3 -> QuantModule_DiffAE_LoRA
2026-01-26 12:32:09,346 [INFO]   替換層 3 -> QuantModule_DiffAE_LoRA
2026-01-26 12:32:09,347 [INFO]   替換層 2 -> QuantModule_DiffAE_LoRA
2026-01-26 12:32:09,347 [INFO]   替換層 2 -> QuantModule_DiffAE_LoRA
2026-01-26 12:32:09,352 [INFO]   替換層 1 -> QuantModule_DiffAE_LoRA
2026-01-26 12:32:09,352 [INFO]   替換層 1 -> QuantModule_DiffAE_LoRA
2026-01-26 12:32:09,356 [INFO]   替換層 1 -> QuantModule_DiffAE_LoRA
2026-01-26 12:32:09,356 [INFO]   替換層 1 -> QuantModule_DiffAE_LoRA
2026-01-26 12:32:09,361 [INFO]   替換層 3 -> QuantModule_DiffAE_LoRA
2026-01-26 12:32:09,361 [INFO]   替換層 3 -> QuantModule_DiffAE_LoRA
2026-01-26 12:32:09,374 [INFO]   跳過量化 skip connection: skip_connection
2026-01-26 12:32:09,374 [INFO]   替換層 2 -> QuantModule_DiffAE_LoRA
2026-01-26 12:32:09,374 [INFO]   跳過量化 skip connection: skip_connection
2026-01-26 12:32:09,374 [INFO]   替換層 2 -> QuantModule_DiffAE_LoRA
2026-01-26 12:32:09,380 [INFO]   替換層 1 -> QuantModule_DiffAE_LoRA
2026-01-26 12:32:09,380 [INFO]   替換層 1 -> QuantModule_DiffAE_LoRA
2026-01-26 12:32:09,384 [INFO]   替換層 1 -> QuantModule_DiffAE_LoRA
2026-01-26 12:32:09,384 [INFO]   替換層 1 -> QuantModule_DiffAE_LoRA
2026-01-26 12:32:09,390 [INFO]   替換層 3 -> QuantModule_DiffAE_LoRA
2026-01-26 12:32:09,390 [INFO]   替換層 3 -> QuantModule_DiffAE_LoRA
2026-01-26 12:32:09,400 [INFO]   替換層 2 -> QuantModule_DiffAE_LoRA
2026-01-26 12:32:09,400 [INFO]   替換層 2 -> QuantModule_DiffAE_LoRA
2026-01-26 12:32:09,407 [INFO]   替換層 1 -> QuantModule_DiffAE_LoRA
2026-01-26 12:32:09,407 [INFO]   替換層 1 -> QuantModule_DiffAE_LoRA
2026-01-26 12:32:09,408 [INFO]   替換層 1 -> QuantModule_DiffAE_LoRA
2026-01-26 12:32:09,408 [INFO]   替換層 1 -> QuantModule_DiffAE_LoRA
2026-01-26 12:32:09,414 [INFO]   替換層 3 -> QuantModule_DiffAE_LoRA
2026-01-26 12:32:09,414 [INFO]   替換層 3 -> QuantModule_DiffAE_LoRA
2026-01-26 12:32:09,417 [INFO]   替換層 2 -> QuantModule_DiffAE_LoRA
2026-01-26 12:32:09,417 [INFO]   替換層 2 -> QuantModule_DiffAE_LoRA
2026-01-26 12:32:09,422 [INFO]   替換層 1 -> QuantModule_DiffAE_LoRA
2026-01-26 12:32:09,422 [INFO]   替換層 1 -> QuantModule_DiffAE_LoRA
2026-01-26 12:32:09,423 [INFO]   替換層 1 -> QuantModule_DiffAE_LoRA
2026-01-26 12:32:09,423 [INFO]   替換層 1 -> QuantModule_DiffAE_LoRA
2026-01-26 12:32:09,424 [INFO]   替換層 3 -> QuantModule_DiffAE_LoRA
2026-01-26 12:32:09,424 [INFO]   替換層 3 -> QuantModule_DiffAE_LoRA
2026-01-26 12:32:09,431 [INFO]   跳過量化 skip connection: skip_connection
2026-01-26 12:32:09,431 [INFO]   替換層 2 -> QuantModule_DiffAE_LoRA
2026-01-26 12:32:09,431 [INFO]   跳過量化 skip connection: skip_connection
2026-01-26 12:32:09,431 [INFO]   替換層 2 -> QuantModule_DiffAE_LoRA
2026-01-26 12:32:09,440 [INFO]   替換層 1 -> QuantModule_DiffAE_LoRA
2026-01-26 12:32:09,440 [INFO]   替換層 1 -> QuantModule_DiffAE_LoRA
2026-01-26 12:32:09,444 [INFO]   替換層 1 -> QuantModule_DiffAE_LoRA
2026-01-26 12:32:09,444 [INFO]   替換層 1 -> QuantModule_DiffAE_LoRA
2026-01-26 12:32:09,450 [INFO]   替換層 3 -> QuantModule_DiffAE_LoRA
2026-01-26 12:32:09,450 [INFO]   替換層 3 -> QuantModule_DiffAE_LoRA
2026-01-26 12:32:09,461 [INFO] 改造模組: middle_block
2026-01-26 12:32:09,461 [INFO] 改造模組: middle_block
2026-01-26 12:32:09,461 [INFO]   替換層 2 -> QuantModule_DiffAE_LoRA
2026-01-26 12:32:09,461 [INFO]   替換層 2 -> QuantModule_DiffAE_LoRA
2026-01-26 12:32:09,474 [INFO]   替換層 1 -> QuantModule_DiffAE_LoRA
2026-01-26 12:32:09,474 [INFO]   替換層 1 -> QuantModule_DiffAE_LoRA
2026-01-26 12:32:09,480 [INFO]   替換層 1 -> QuantModule_DiffAE_LoRA
2026-01-26 12:32:09,480 [INFO]   替換層 1 -> QuantModule_DiffAE_LoRA
2026-01-26 12:32:09,483 [INFO]   替換層 3 -> QuantModule_DiffAE_LoRA
2026-01-26 12:32:09,483 [INFO]   替換層 3 -> QuantModule_DiffAE_LoRA
2026-01-26 12:32:09,494 [INFO]   替換層 2 -> QuantModule_DiffAE_LoRA
2026-01-26 12:32:09,494 [INFO]   替換層 2 -> QuantModule_DiffAE_LoRA
2026-01-26 12:32:09,504 [INFO]   替換層 1 -> QuantModule_DiffAE_LoRA
2026-01-26 12:32:09,504 [INFO]   替換層 1 -> QuantModule_DiffAE_LoRA
2026-01-26 12:32:09,509 [INFO]   替換層 1 -> QuantModule_DiffAE_LoRA
2026-01-26 12:32:09,509 [INFO]   替換層 1 -> QuantModule_DiffAE_LoRA
2026-01-26 12:32:09,514 [INFO]   替換層 3 -> QuantModule_DiffAE_LoRA
2026-01-26 12:32:09,514 [INFO]   替換層 3 -> QuantModule_DiffAE_LoRA
2026-01-26 12:32:09,521 [INFO] 改造模組: output_blocks
2026-01-26 12:32:09,521 [INFO] 改造模組: output_blocks
2026-01-26 12:32:09,522 [INFO]   替換層 2 -> QuantModule_DiffAE_LoRA
2026-01-26 12:32:09,522 [INFO]   替換層 2 -> QuantModule_DiffAE_LoRA
2026-01-26 12:32:09,540 [INFO]   替換層 1 -> QuantModule_DiffAE_LoRA
2026-01-26 12:32:09,540 [INFO]   替換層 1 -> QuantModule_DiffAE_LoRA
2026-01-26 12:32:09,544 [INFO]   替換層 1 -> QuantModule_DiffAE_LoRA
2026-01-26 12:32:09,544 [INFO]   替換層 1 -> QuantModule_DiffAE_LoRA
2026-01-26 12:32:09,546 [INFO]   替換層 3 -> QuantModule_DiffAE_LoRA
2026-01-26 12:32:09,546 [INFO]   替換層 3 -> QuantModule_DiffAE_LoRA
2026-01-26 12:32:09,553 [INFO]   跳過量化 skip connection: skip_connection
2026-01-26 12:32:09,553 [INFO]   替換層 2 -> QuantModule_DiffAE_LoRA
2026-01-26 12:32:09,553 [INFO]   跳過量化 skip connection: skip_connection
2026-01-26 12:32:09,553 [INFO]   替換層 2 -> QuantModule_DiffAE_LoRA
2026-01-26 12:32:09,571 [INFO]   替換層 1 -> QuantModule_DiffAE_LoRA
2026-01-26 12:32:09,571 [INFO]   替換層 1 -> QuantModule_DiffAE_LoRA
2026-01-26 12:32:09,579 [INFO]   替換層 1 -> QuantModule_DiffAE_LoRA
2026-01-26 12:32:09,579 [INFO]   替換層 1 -> QuantModule_DiffAE_LoRA
2026-01-26 12:32:09,582 [INFO]   替換層 3 -> QuantModule_DiffAE_LoRA
2026-01-26 12:32:09,582 [INFO]   替換層 3 -> QuantModule_DiffAE_LoRA
2026-01-26 12:32:09,591 [INFO]   跳過量化 skip connection: skip_connection
2026-01-26 12:32:09,592 [INFO]   替換層 2 -> QuantModule_DiffAE_LoRA
2026-01-26 12:32:09,591 [INFO]   跳過量化 skip connection: skip_connection
2026-01-26 12:32:09,592 [INFO]   替換層 2 -> QuantModule_DiffAE_LoRA
2026-01-26 12:32:09,607 [INFO]   替換層 1 -> QuantModule_DiffAE_LoRA
2026-01-26 12:32:09,607 [INFO]   替換層 1 -> QuantModule_DiffAE_LoRA
2026-01-26 12:32:09,612 [INFO]   替換層 1 -> QuantModule_DiffAE_LoRA
2026-01-26 12:32:09,612 [INFO]   替換層 1 -> QuantModule_DiffAE_LoRA
2026-01-26 12:32:09,613 [INFO]   替換層 3 -> QuantModule_DiffAE_LoRA
2026-01-26 12:32:09,613 [INFO]   替換層 3 -> QuantModule_DiffAE_LoRA
2026-01-26 12:32:09,619 [INFO]   跳過量化 skip connection: skip_connection
2026-01-26 12:32:09,619 [INFO]   替換層 2 -> QuantModule_DiffAE_LoRA
2026-01-26 12:32:09,619 [INFO]   跳過量化 skip connection: skip_connection
2026-01-26 12:32:09,619 [INFO]   替換層 2 -> QuantModule_DiffAE_LoRA
2026-01-26 12:32:09,629 [INFO]   替換層 1 -> QuantModule_DiffAE_LoRA
2026-01-26 12:32:09,629 [INFO]   替換層 1 -> QuantModule_DiffAE_LoRA
2026-01-26 12:32:09,634 [INFO]   替換層 1 -> QuantModule_DiffAE_LoRA
2026-01-26 12:32:09,634 [INFO]   替換層 1 -> QuantModule_DiffAE_LoRA
2026-01-26 12:32:09,640 [INFO]   替換層 3 -> QuantModule_DiffAE_LoRA
2026-01-26 12:32:09,640 [INFO]   替換層 3 -> QuantModule_DiffAE_LoRA
2026-01-26 12:32:09,651 [INFO]   替換層 2 -> QuantModule_DiffAE_LoRA
2026-01-26 12:32:09,651 [INFO]   替換層 2 -> QuantModule_DiffAE_LoRA
2026-01-26 12:32:09,662 [INFO]   替換層 1 -> QuantModule_DiffAE_LoRA
2026-01-26 12:32:09,662 [INFO]   替換層 1 -> QuantModule_DiffAE_LoRA
2026-01-26 12:32:09,668 [INFO]   替換層 1 -> QuantModule_DiffAE_LoRA
2026-01-26 12:32:09,668 [INFO]   替換層 1 -> QuantModule_DiffAE_LoRA
2026-01-26 12:32:09,671 [INFO]   替換層 3 -> QuantModule_DiffAE_LoRA
2026-01-26 12:32:09,671 [INFO]   替換層 3 -> QuantModule_DiffAE_LoRA
2026-01-26 12:32:09,676 [INFO]   跳過量化 skip connection: skip_connection
2026-01-26 12:32:09,676 [INFO]   跳過量化 skip connection: skip_connection
2026-01-26 12:32:09,676 [INFO]   替換層 2 -> QuantModule_DiffAE_LoRA
2026-01-26 12:32:09,676 [INFO]   替換層 2 -> QuantModule_DiffAE_LoRA
2026-01-26 12:32:09,690 [INFO]   替換層 1 -> QuantModule_DiffAE_LoRA
2026-01-26 12:32:09,690 [INFO]   替換層 1 -> QuantModule_DiffAE_LoRA
2026-01-26 12:32:09,697 [INFO]   替換層 1 -> QuantModule_DiffAE_LoRA
2026-01-26 12:32:09,697 [INFO]   替換層 1 -> QuantModule_DiffAE_LoRA
2026-01-26 12:32:09,701 [INFO]   替換層 3 -> QuantModule_DiffAE_LoRA
2026-01-26 12:32:09,701 [INFO]   替換層 3 -> QuantModule_DiffAE_LoRA
2026-01-26 12:32:09,709 [INFO]   跳過量化 skip connection: skip_connection
2026-01-26 12:32:09,709 [INFO]   跳過量化 skip connection: skip_connection
2026-01-26 12:32:09,709 [INFO]   替換層 2 -> QuantModule_DiffAE_LoRA
2026-01-26 12:32:09,709 [INFO]   替換層 2 -> QuantModule_DiffAE_LoRA
2026-01-26 12:32:09,718 [INFO]   替換層 1 -> QuantModule_DiffAE_LoRA
2026-01-26 12:32:09,718 [INFO]   替換層 1 -> QuantModule_DiffAE_LoRA
2026-01-26 12:32:09,725 [INFO]   替換層 1 -> QuantModule_DiffAE_LoRA
2026-01-26 12:32:09,725 [INFO]   替換層 1 -> QuantModule_DiffAE_LoRA
2026-01-26 12:32:09,731 [INFO]   替換層 3 -> QuantModule_DiffAE_LoRA
2026-01-26 12:32:09,731 [INFO]   替換層 3 -> QuantModule_DiffAE_LoRA
2026-01-26 12:32:09,742 [INFO]   跳過量化 skip connection: skip_connection
2026-01-26 12:32:09,742 [INFO]   替換層 2 -> QuantModule_DiffAE_LoRA
2026-01-26 12:32:09,742 [INFO]   跳過量化 skip connection: skip_connection
2026-01-26 12:32:09,742 [INFO]   替換層 2 -> QuantModule_DiffAE_LoRA
2026-01-26 12:32:09,749 [INFO]   替換層 1 -> QuantModule_DiffAE_LoRA
2026-01-26 12:32:09,749 [INFO]   替換層 1 -> QuantModule_DiffAE_LoRA
2026-01-26 12:32:09,756 [INFO]   替換層 1 -> QuantModule_DiffAE_LoRA
2026-01-26 12:32:09,756 [INFO]   替換層 1 -> QuantModule_DiffAE_LoRA
2026-01-26 12:32:09,759 [INFO]   替換層 3 -> QuantModule_DiffAE_LoRA
2026-01-26 12:32:09,759 [INFO]   替換層 3 -> QuantModule_DiffAE_LoRA
2026-01-26 12:32:09,766 [INFO]   替換層 2 -> QuantModule_DiffAE_LoRA
2026-01-26 12:32:09,766 [INFO]   替換層 2 -> QuantModule_DiffAE_LoRA
2026-01-26 12:32:09,773 [INFO]   替換層 1 -> QuantModule_DiffAE_LoRA
2026-01-26 12:32:09,773 [INFO]   替換層 1 -> QuantModule_DiffAE_LoRA
2026-01-26 12:32:09,775 [INFO]   替換層 1 -> QuantModule_DiffAE_LoRA
2026-01-26 12:32:09,776 [INFO]   替換層 3 -> QuantModule_DiffAE_LoRA
2026-01-26 12:32:09,775 [INFO]   替換層 1 -> QuantModule_DiffAE_LoRA
2026-01-26 12:32:09,776 [INFO]   替換層 3 -> QuantModule_DiffAE_LoRA
2026-01-26 12:32:09,778 [INFO]   跳過量化 skip connection: skip_connection
2026-01-26 12:32:09,778 [INFO]   跳過量化 skip connection: skip_connection
2026-01-26 12:32:09,778 [INFO]   替換層 2 -> QuantModule_DiffAE_LoRA
2026-01-26 12:32:09,778 [INFO]   替換層 2 -> QuantModule_DiffAE_LoRA
2026-01-26 12:32:09,781 [INFO]   替換層 1 -> QuantModule_DiffAE_LoRA
2026-01-26 12:32:09,781 [INFO]   替換層 1 -> QuantModule_DiffAE_LoRA
2026-01-26 12:32:09,785 [INFO]   替換層 1 -> QuantModule_DiffAE_LoRA
2026-01-26 12:32:09,785 [INFO]   替換層 1 -> QuantModule_DiffAE_LoRA
2026-01-26 12:32:09,791 [INFO]   替換層 3 -> QuantModule_DiffAE_LoRA
2026-01-26 12:32:09,791 [INFO]   替換層 3 -> QuantModule_DiffAE_LoRA
2026-01-26 12:32:09,796 [INFO]   跳過量化 skip connection: skip_connection
2026-01-26 12:32:09,796 [INFO]   跳過量化 skip connection: skip_connection
2026-01-26 12:32:09,796 [INFO]   替換層 2 -> QuantModule_DiffAE_LoRA
2026-01-26 12:32:09,796 [INFO]   替換層 2 -> QuantModule_DiffAE_LoRA
2026-01-26 12:32:09,799 [INFO]   替換層 1 -> QuantModule_DiffAE_LoRA
2026-01-26 12:32:09,799 [INFO]   替換層 1 -> QuantModule_DiffAE_LoRA
2026-01-26 12:32:09,802 [INFO]   替換層 1 -> QuantModule_DiffAE_LoRA
2026-01-26 12:32:09,802 [INFO]   替換層 1 -> QuantModule_DiffAE_LoRA
2026-01-26 12:32:09,803 [INFO]   替換層 3 -> QuantModule_DiffAE_LoRA
2026-01-26 12:32:09,803 [INFO]   替換層 3 -> QuantModule_DiffAE_LoRA
2026-01-26 12:32:09,805 [INFO]   跳過量化 skip connection: skip_connection
2026-01-26 12:32:09,805 [INFO]   跳過量化 skip connection: skip_connection
2026-01-26 12:32:09,805 [INFO]   替換層 2 -> QuantModule_DiffAE_LoRA
2026-01-26 12:32:09,805 [INFO]   替換層 2 -> QuantModule_DiffAE_LoRA
2026-01-26 12:32:09,806 [INFO]   替換層 1 -> QuantModule_DiffAE_LoRA
2026-01-26 12:32:09,806 [INFO]   替換層 1 -> QuantModule_DiffAE_LoRA
2026-01-26 12:32:09,807 [INFO]   替換層 1 -> QuantModule_DiffAE_LoRA
2026-01-26 12:32:09,807 [INFO]   替換層 1 -> QuantModule_DiffAE_LoRA
2026-01-26 12:32:09,808 [INFO]   替換層 3 -> QuantModule_DiffAE_LoRA
2026-01-26 12:32:09,808 [INFO]   替換層 3 -> QuantModule_DiffAE_LoRA
2026-01-26 12:32:09,810 [INFO]   替換層 2 -> QuantModule_DiffAE_LoRA
2026-01-26 12:32:09,810 [INFO]   替換層 2 -> QuantModule_DiffAE_LoRA
2026-01-26 12:32:09,811 [INFO]   替換層 1 -> QuantModule_DiffAE_LoRA
2026-01-26 12:32:09,811 [INFO]   替換層 1 -> QuantModule_DiffAE_LoRA
2026-01-26 12:32:09,812 [INFO]   替換層 1 -> QuantModule_DiffAE_LoRA
2026-01-26 12:32:09,812 [INFO]   替換層 1 -> QuantModule_DiffAE_LoRA
2026-01-26 12:32:09,812 [INFO]   替換層 3 -> QuantModule_DiffAE_LoRA
2026-01-26 12:32:09,812 [INFO]   替換層 3 -> QuantModule_DiffAE_LoRA
2026-01-26 12:32:09,813 [INFO]   跳過量化 skip connection: skip_connection
2026-01-26 12:32:09,813 [INFO]   替換層 2 -> QuantModule_DiffAE_LoRA
2026-01-26 12:32:09,813 [INFO]   跳過量化 skip connection: skip_connection
2026-01-26 12:32:09,813 [INFO]   替換層 2 -> QuantModule_DiffAE_LoRA
2026-01-26 12:32:09,814 [INFO]   替換層 1 -> QuantModule_DiffAE_LoRA
2026-01-26 12:32:09,814 [INFO]   替換層 1 -> QuantModule_DiffAE_LoRA
2026-01-26 12:32:09,814 [INFO]   替換層 1 -> QuantModule_DiffAE_LoRA
2026-01-26 12:32:09,814 [INFO]   替換層 1 -> QuantModule_DiffAE_LoRA
2026-01-26 12:32:09,815 [INFO]   替換層 3 -> QuantModule_DiffAE_LoRA
2026-01-26 12:32:09,815 [INFO]   替換層 3 -> QuantModule_DiffAE_LoRA
2026-01-26 12:32:09,815 [INFO]   跳過量化 skip connection: skip_connection
2026-01-26 12:32:09,815 [INFO]   跳過量化 skip connection: skip_connection
2026-01-26 12:32:09,815 [INFO]   替換層 2 -> QuantModule_DiffAE_LoRA
2026-01-26 12:32:09,815 [INFO]   替換層 2 -> QuantModule_DiffAE_LoRA
2026-01-26 12:32:09,816 [INFO]   替換層 1 -> QuantModule_DiffAE_LoRA
2026-01-26 12:32:09,816 [INFO]   替換層 1 -> QuantModule_DiffAE_LoRA
2026-01-26 12:32:09,817 [INFO]   替換層 1 -> QuantModule_DiffAE_LoRA
2026-01-26 12:32:09,817 [INFO]   替換層 1 -> QuantModule_DiffAE_LoRA
2026-01-26 12:32:09,817 [INFO]   替換層 3 -> QuantModule_DiffAE_LoRA
2026-01-26 12:32:09,817 [INFO]   替換層 3 -> QuantModule_DiffAE_LoRA
2026-01-26 12:32:09,818 [INFO]   跳過量化 skip connection: skip_connection
2026-01-26 12:32:09,818 [INFO]   跳過量化 skip connection: skip_connection
2026-01-26 12:32:09,818 [INFO]   替換層 2 -> QuantModule_DiffAE_LoRA
2026-01-26 12:32:09,818 [INFO]   替換層 2 -> QuantModule_DiffAE_LoRA
2026-01-26 12:32:09,819 [INFO]   替換層 1 -> QuantModule_DiffAE_LoRA
2026-01-26 12:32:09,819 [INFO]   替換層 1 -> QuantModule_DiffAE_LoRA
2026-01-26 12:32:09,819 [INFO]   替換層 1 -> QuantModule_DiffAE_LoRA
2026-01-26 12:32:09,819 [INFO]   替換層 1 -> QuantModule_DiffAE_LoRA
2026-01-26 12:32:09,820 [INFO]   替換層 3 -> QuantModule_DiffAE_LoRA
2026-01-26 12:32:09,820 [INFO]   替換層 3 -> QuantModule_DiffAE_LoRA
2026-01-26 12:32:09,820 [INFO]   替換層 2 -> QuantModule_DiffAE_LoRA
2026-01-26 12:32:09,820 [INFO]   替換層 2 -> QuantModule_DiffAE_LoRA
2026-01-26 12:32:09,821 [INFO]   替換層 1 -> QuantModule_DiffAE_LoRA
2026-01-26 12:32:09,821 [INFO]   替換層 1 -> QuantModule_DiffAE_LoRA
2026-01-26 12:32:09,822 [INFO]   替換層 1 -> QuantModule_DiffAE_LoRA
2026-01-26 12:32:09,822 [INFO]   替換層 1 -> QuantModule_DiffAE_LoRA
2026-01-26 12:32:09,822 [INFO]   替換層 3 -> QuantModule_DiffAE_LoRA
2026-01-26 12:32:09,822 [INFO]   替換層 3 -> QuantModule_DiffAE_LoRA
2026-01-26 12:32:09,823 [INFO]   跳過量化 skip connection: skip_connection
2026-01-26 12:32:09,823 [INFO]   跳過量化 skip connection: skip_connection
2026-01-26 12:32:09,823 [INFO]   替換層 2 -> QuantModule_DiffAE_LoRA
2026-01-26 12:32:09,823 [INFO]   替換層 2 -> QuantModule_DiffAE_LoRA
2026-01-26 12:32:09,824 [INFO]   替換層 1 -> QuantModule_DiffAE_LoRA
2026-01-26 12:32:09,824 [INFO]   替換層 1 -> QuantModule_DiffAE_LoRA
2026-01-26 12:32:09,825 [INFO]   替換層 1 -> QuantModule_DiffAE_LoRA
2026-01-26 12:32:09,825 [INFO]   替換層 1 -> QuantModule_DiffAE_LoRA
2026-01-26 12:32:09,825 [INFO]   替換層 3 -> QuantModule_DiffAE_LoRA
2026-01-26 12:32:09,825 [INFO]   替換層 3 -> QuantModule_DiffAE_LoRA
2026-01-26 12:32:09,826 [INFO]   跳過量化 skip connection: skip_connection
2026-01-26 12:32:09,826 [INFO]   跳過量化 skip connection: skip_connection
2026-01-26 12:32:09,826 [INFO]   替換層 2 -> QuantModule_DiffAE_LoRA
2026-01-26 12:32:09,827 [INFO]   替換層 1 -> QuantModule_DiffAE_LoRA
2026-01-26 12:32:09,826 [INFO]   替換層 2 -> QuantModule_DiffAE_LoRA
2026-01-26 12:32:09,827 [INFO]   替換層 1 -> QuantModule_DiffAE_LoRA
2026-01-26 12:32:09,827 [INFO]   替換層 1 -> QuantModule_DiffAE_LoRA
2026-01-26 12:32:09,827 [INFO]   替換層 1 -> QuantModule_DiffAE_LoRA
2026-01-26 12:32:09,828 [INFO]   替換層 3 -> QuantModule_DiffAE_LoRA
2026-01-26 12:32:09,828 [INFO]   替換層 3 -> QuantModule_DiffAE_LoRA
2026-01-26 12:32:09,828 [INFO]   跳過量化 skip connection: skip_connection
2026-01-26 12:32:09,828 [INFO]   跳過量化 skip connection: skip_connection
2026-01-26 12:32:09,828 [INFO] 改造模組: out
2026-01-26 12:32:09,828 [INFO] 改造模組: out
2026-01-26 12:32:09,828 [INFO]   跳過量化特殊模組: 2
2026-01-26 12:32:09,828 [INFO]   跳過量化特殊模組: 2
2026-01-26 12:32:09,831 [INFO] 執行 'create_float_quantized_model' 完成，耗時: 0.64 秒
2026-01-26 12:32:09,831 [INFO] 執行 'create_float_quantized_model' 完成，耗時: 0.64 秒
2026-01-26 12:32:09,956 [INFO] 載入校準資料...
2026-01-26 12:32:09,956 [INFO] 載入校準資料...
2026-01-26 12:32:10,264 [INFO] ✅ 載入真實校準資料成功
2026-01-26 12:32:10,264 [INFO] ✅ 載入真實校準資料成功
2026-01-26 12:32:10,265 [INFO] ==================================================
2026-01-26 12:32:10,266 [INFO] 5. Setting first and last layers to 8-bit...
2026-01-26 12:32:10,265 [INFO] ==================================================
2026-01-26 12:32:10,266 [INFO] 5. Setting first and last layers to 8-bit...
2026-01-26 12:32:10,267 [INFO] 找到 144 個量化模組
2026-01-26 12:32:10,267 [INFO] 找到 144 個量化模組
2026-01-26 12:32:10,267 [INFO] ✅ 首尾層 8-bit 設定完成
2026-01-26 12:32:10,267 [INFO] ✅ 首尾層 8-bit 設定完成
2026-01-26 12:32:10,267 [INFO] ✅ 量化模型創建成功
2026-01-26 12:32:10,267 [INFO] ✅ 量化模型創建成功
2026-01-26 12:32:10,267 [INFO] set quant state to True, True for layer 1
2026-01-26 12:32:10,267 [INFO] set quant state to True, True for layer 1
2026-01-26 12:32:10,267 [INFO] set quant state to True, True for layer 2
2026-01-26 12:32:10,267 [INFO] set quant state to True, True for layer 2
2026-01-26 12:32:10,267 [INFO] set quant state to True, False for layer 3
2026-01-26 12:32:10,267 [INFO] set quant state to True, False for layer 3
2026-01-26 12:32:10,268 [INFO] set quant state to True, True for layer 144
2026-01-26 12:32:10,268 [INFO] set quant state to True, True for layer 144
2026-01-26 12:32:11,316 [INFO] ✅ 量化模型載入成功
2026-01-26 12:32:11,316 [INFO] === 初始化新功能模組 ===
2026-01-26 12:32:11,316 [INFO] ✅ 量化模型載入成功
2026-01-26 12:32:11,316 [INFO] === 初始化新功能模組 ===
local seed: 0
train data: 700012026-01-26 12:32:11,341 [INFO] ✅ 基礎模型設定完成

val data: 70001
2026-01-26 12:32:11,341 [INFO] ✅ 基礎模型設定完成
on train dataloader start ...
mean: tensor(-0.0606, device='cuda:0') std: tensor(0.0755, device='cuda:0')
2026-01-26 12:32:11,461 [INFO] ==================================================
2026-01-26 12:32:11,461 [INFO] 啟用 Similarity Analysis (L1/L2/Cosine)
2026-01-26 12:32:11,461 [INFO] FID 評估樣本數: 128
2026-01-26 12:32:11,462 [INFO] 實際收集樣本數: 20 (用於加速)
2026-01-26 12:32:11,461 [INFO] ==================================================
2026-01-26 12:32:11,461 [INFO] 啟用 Similarity Analysis (L1/L2/Cosine)
2026-01-26 12:32:11,461 [INFO] FID 評估樣本數: 128
2026-01-26 12:32:11,462 [INFO] 擴散步數: 100
2026-01-26 12:32:11,462 [INFO] 實際收集樣本數: 20 (用於加速)
2026-01-26 12:32:11,462 [INFO] 擴散步數: 100
2026-01-26 12:32:11,462 [INFO] ==================================================
2026-01-26 12:32:11,462 [INFO] ==================================================
2026-01-26 12:32:11,463 [INFO] [Similarity] 註冊 block hook: model.output_blocks.12
2026-01-26 12:32:11,463 [INFO] [Similarity] 註冊 block hook: model.output_blocks.12
2026-01-26 12:32:11,463 [INFO] [Similarity] 註冊 model step hook 完成
2026-01-26 12:32:11,463 [INFO] [Similarity] 註冊 model step hook 完成
generating images:   0%|          | 0/4 [00:00<?, ?it/s]/home/jimmy/diffae/./diffusion/base.py:329: FutureWarning: `torch.cuda.amp.autocast(args...)` is deprecated. Please use `torch.amp.autocast('cuda', args...)` instead.
  with autocast(self.conf.fp16):
2026-01-26 12:32:49,324 [INFO] [Similarity] Batch 0 完成，已收集 20 個樣本
2026-01-26 12:32:49,324 [INFO] [Similarity] Batch 0 完成，已收集 20 個樣本
generating images:  25%|██▌       | 1/4 [00:38<01:55, 38.42s/it]2026-01-26 12:33:27,568 [INFO] [Similarity] Batch 1 完成，已收集 20 個樣本
2026-01-26 12:33:27,568 [INFO] [Similarity] Batch 1 完成，已收集 20 個樣本
generating images:  50%|█████     | 2/4 [01:16<01:16, 38.35s/it]2026-01-26 12:34:05,876 [INFO] [Similarity] Batch 2 完成，已收集 20 個樣本
2026-01-26 12:34:05,876 [INFO] [Similarity] Batch 2 完成，已收集 20 個樣本
generating images:  75%|███████▌  | 3/4 [01:54<00:38, 38.32s/it]2026-01-26 12:34:22,134 [INFO] [Similarity] 已收集 80 个样本，停止数据收集（目标: 80）
2026-01-26 12:34:22,134 [INFO] [Similarity] 已收集 80 个样本，停止数据收集（目标: 80）
2026-01-26 12:34:44,131 [INFO] [Similarity] Batch 3 完成，已收集 20 個樣本
2026-01-26 12:34:44,131 [INFO] [Similarity] Batch 3 完成，已收集 20 個樣本
generating images: 100%|██████████| 4/4 [02:33<00:00, 38.30s/it]generating images: 100%|██████████| 4/4 [02:33<00:00, 38.32s/it]
2026-01-26 12:34:44,743 [INFO] [Similarity] FID@128 100 steps score: 0
2026-01-26 12:34:44,743 [INFO] [Similarity] FID@128 100 steps score: 0
2026-01-26 12:34:44,744 [INFO] [Similarity] model.output_blocks.12 cosine: min=0.086996, max=1.000000, diag_mean=1.000000, off_diag_mean=0.888398, off_diag_std=0.151302
2026-01-26 12:34:44,744 [INFO] [Similarity] model.output_blocks.12 cosine: min=0.086996, max=1.000000, diag_mean=1.000000, off_diag_mean=0.888398, off_diag_std=0.151302
2026-01-26 12:34:45,831 [INFO] ✅ Similarity Analysis 完成
2026-01-26 12:34:45,831 [INFO] ✅ Similarity Analysis 完成
2026-01-26 12:34:45,900 [INFO] 執行 'main_float_model' 完成，耗時: 159.58 秒
2026-01-26 12:34:45,900 [INFO] 執行 'main_float_model' 完成，耗時: 159.58 秒
/home/jimmy/anaconda3/envs/diffae_bw/lib/python3.10/site-packages/torchmetrics/utilities/imports.py:21: UserWarning: pkg_resources is deprecated as an API. See https://setuptools.pypa.io/en/latest/pkg_resources.html. The pkg_resources package is slated for removal as early as 2025-11-30. Refrain from using this package or pin to Setuptools<81.
  from pkg_resources import DistributionNotFound, get_distribution
使用自動混合精度: torch.bfloat16
[設定] Log 檔案已設為: QATcode/cache_method/L1_L2_cosine/logs/similarity_model_output_blocks_12.log
2026-03-20 19:38:30,603 [INFO] Using 100 steps
2026-03-20 19:38:30,603 [INFO] Using 100 steps
2026-03-20 19:38:30,603 [INFO] Using 50000 evaluation samples
2026-03-20 19:38:30,603 [INFO] Using 50000 evaluation samples
2026-03-20 19:38:30,603 [INFO] Cache enabled: False, method: Res, threshold: 0.1
2026-03-20 19:38:30,603 [INFO] Cache enabled: False, method: Res, threshold: 0.1
2026-03-20 19:38:30,603 [INFO] Quantitative analysis enabled: False, samples: 10
2026-03-20 19:38:30,603 [INFO] Quantitative analysis enabled: False, samples: 10
2026-03-20 19:38:30,603 [INFO] Log file: QATcode/cache_method/L1_L2_cosine/logs/similarity_model_output_blocks_12.log
2026-03-20 19:38:30,603 [INFO] Log file: QATcode/cache_method/L1_L2_cosine/logs/similarity_model_output_blocks_12.log
2026-03-20 19:38:30,603 [INFO] ==================================================
2026-03-20 19:38:30,603 [INFO] ==================================================
2026-03-20 19:38:30,603 [INFO] Diff-AE EfficientDM Step 7 : 生成圖片
2026-03-20 19:38:30,603 [INFO] Diff-AE EfficientDM Step 7 : 生成圖片
2026-03-20 19:38:30,603 [INFO] ==================================================
2026-03-20 19:38:30,603 [INFO] ==================================================
2026-03-20 19:38:30,603 [INFO] 使用設備: cuda
2026-03-20 19:38:30,603 [INFO] 使用設備: cuda
2026-03-20 19:38:30,603 [INFO] === 新功能狀態 ===
2026-03-20 19:38:30,603 [INFO] === 新功能狀態 ===
2026-03-20 19:38:30,603 [INFO] 載入 Diff-AE 模型: checkpoints/ffhq128_autoenc_latent/last.ckpt
2026-03-20 19:38:30,603 [INFO] 載入 Diff-AE 模型: checkpoints/ffhq128_autoenc_latent/last.ckpt
Global seed set to 0
2026-03-20 19:38:32,386 [INFO] Diff-AE 模型載入完成
2026-03-20 19:38:32,386 [INFO] Diff-AE 模型載入完成
2026-03-20 19:38:32,423 [INFO] 執行 'load_diffae_model' 完成，耗時: 1.82 秒
2026-03-20 19:38:32,423 [INFO] 執行 'load_diffae_model' 完成，耗時: 1.82 秒
2026-03-20 19:38:32,424 [INFO] ✅ Diff-AE 模型載入成功
2026-03-20 19:38:32,424 [INFO] ✅ Diff-AE 模型載入成功
2026-03-20 19:38:32,424 [INFO] base_model.conf.train_mode: TrainMode.latent_diffusion
2026-03-20 19:38:32,424 [INFO] base_model.conf.train_mode: TrainMode.latent_diffusion
2026-03-20 19:38:32,424 [INFO] === 創建 LoRA 量化模型 ===
2026-03-20 19:38:32,424 [INFO] === 創建 LoRA 量化模型 ===
2026-03-20 19:38:32,424 [INFO] === 開始 UNet LoRA 量化改造 ===
2026-03-20 19:38:32,424 [INFO] === 開始 UNet LoRA 量化改造 ===
2026-03-20 19:38:32,424 [INFO] 改造模組: time_embed
2026-03-20 19:38:32,424 [INFO] 改造模組: time_embed
2026-03-20 19:38:32,424 [INFO]   跳過量化特殊模組: 0
2026-03-20 19:38:32,424 [INFO]   跳過量化特殊模組: 0
2026-03-20 19:38:32,424 [INFO]   跳過量化特殊模組: 2
2026-03-20 19:38:32,424 [INFO]   跳過量化特殊模組: 2
2026-03-20 19:38:32,424 [INFO] 改造模組: input_blocks
2026-03-20 19:38:32,424 [INFO] 改造模組: input_blocks
2026-03-20 19:38:32,424 [INFO]   跳過量化特殊模組: 0
2026-03-20 19:38:32,424 [INFO]   跳過量化特殊模組: 0
2026-03-20 19:38:32,424 [INFO]   替換層 2 -> QuantModule_DiffAE_LoRA
2026-03-20 19:38:32,424 [INFO]   替換層 2 -> QuantModule_DiffAE_LoRA
2026-03-20 19:38:32,489 [INFO]   替換層 1 -> QuantModule_DiffAE_LoRA
2026-03-20 19:38:32,489 [INFO]   替換層 1 -> QuantModule_DiffAE_LoRA
2026-03-20 19:38:32,490 [INFO]   替換層 1 -> QuantModule_DiffAE_LoRA
2026-03-20 19:38:32,490 [INFO]   替換層 1 -> QuantModule_DiffAE_LoRA
2026-03-20 19:38:32,490 [INFO]   替換層 3 -> QuantModule_DiffAE_LoRA
2026-03-20 19:38:32,490 [INFO]   替換層 3 -> QuantModule_DiffAE_LoRA
2026-03-20 19:38:32,491 [INFO]   替換層 2 -> QuantModule_DiffAE_LoRA
2026-03-20 19:38:32,491 [INFO]   替換層 2 -> QuantModule_DiffAE_LoRA
2026-03-20 19:38:32,492 [INFO]   替換層 1 -> QuantModule_DiffAE_LoRA
2026-03-20 19:38:32,492 [INFO]   替換層 1 -> QuantModule_DiffAE_LoRA
2026-03-20 19:38:32,493 [INFO]   替換層 1 -> QuantModule_DiffAE_LoRA
2026-03-20 19:38:32,493 [INFO]   替換層 1 -> QuantModule_DiffAE_LoRA
2026-03-20 19:38:32,493 [INFO]   替換層 3 -> QuantModule_DiffAE_LoRA
2026-03-20 19:38:32,493 [INFO]   替換層 3 -> QuantModule_DiffAE_LoRA
2026-03-20 19:38:32,494 [INFO]   替換層 2 -> QuantModule_DiffAE_LoRA
2026-03-20 19:38:32,494 [INFO]   替換層 2 -> QuantModule_DiffAE_LoRA
2026-03-20 19:38:32,495 [INFO]   替換層 1 -> QuantModule_DiffAE_LoRA
2026-03-20 19:38:32,495 [INFO]   替換層 1 -> QuantModule_DiffAE_LoRA
2026-03-20 19:38:32,496 [INFO]   替換層 1 -> QuantModule_DiffAE_LoRA
2026-03-20 19:38:32,496 [INFO]   替換層 1 -> QuantModule_DiffAE_LoRA
2026-03-20 19:38:32,497 [INFO]   替換層 3 -> QuantModule_DiffAE_LoRA
2026-03-20 19:38:32,497 [INFO]   替換層 3 -> QuantModule_DiffAE_LoRA
2026-03-20 19:38:32,498 [INFO]   替換層 2 -> QuantModule_DiffAE_LoRA
2026-03-20 19:38:32,498 [INFO]   替換層 2 -> QuantModule_DiffAE_LoRA
2026-03-20 19:38:32,499 [INFO]   替換層 1 -> QuantModule_DiffAE_LoRA
2026-03-20 19:38:32,499 [INFO]   替換層 1 -> QuantModule_DiffAE_LoRA
2026-03-20 19:38:32,500 [INFO]   替換層 1 -> QuantModule_DiffAE_LoRA
2026-03-20 19:38:32,500 [INFO]   替換層 1 -> QuantModule_DiffAE_LoRA
2026-03-20 19:38:32,501 [INFO]   替換層 3 -> QuantModule_DiffAE_LoRA
2026-03-20 19:38:32,501 [INFO]   替換層 3 -> QuantModule_DiffAE_LoRA
2026-03-20 19:38:32,502 [INFO]   替換層 2 -> QuantModule_DiffAE_LoRA
2026-03-20 19:38:32,502 [INFO]   替換層 2 -> QuantModule_DiffAE_LoRA
2026-03-20 19:38:32,503 [INFO]   替換層 1 -> QuantModule_DiffAE_LoRA
2026-03-20 19:38:32,503 [INFO]   替換層 1 -> QuantModule_DiffAE_LoRA
2026-03-20 19:38:32,503 [INFO]   替換層 1 -> QuantModule_DiffAE_LoRA
2026-03-20 19:38:32,503 [INFO]   替換層 1 -> QuantModule_DiffAE_LoRA
2026-03-20 19:38:32,504 [INFO]   替換層 3 -> QuantModule_DiffAE_LoRA
2026-03-20 19:38:32,504 [INFO]   替換層 3 -> QuantModule_DiffAE_LoRA
2026-03-20 19:38:32,505 [INFO]   替換層 2 -> QuantModule_DiffAE_LoRA
2026-03-20 19:38:32,505 [INFO]   替換層 2 -> QuantModule_DiffAE_LoRA
2026-03-20 19:38:32,506 [INFO]   替換層 1 -> QuantModule_DiffAE_LoRA
2026-03-20 19:38:32,506 [INFO]   替換層 1 -> QuantModule_DiffAE_LoRA
2026-03-20 19:38:32,507 [INFO]   替換層 1 -> QuantModule_DiffAE_LoRA
2026-03-20 19:38:32,507 [INFO]   替換層 1 -> QuantModule_DiffAE_LoRA
2026-03-20 19:38:32,507 [INFO]   替換層 3 -> QuantModule_DiffAE_LoRA
2026-03-20 19:38:32,507 [INFO]   替換層 3 -> QuantModule_DiffAE_LoRA
2026-03-20 19:38:32,508 [INFO]   替換層 2 -> QuantModule_DiffAE_LoRA
2026-03-20 19:38:32,508 [INFO]   替換層 2 -> QuantModule_DiffAE_LoRA
2026-03-20 19:38:32,509 [INFO]   替換層 1 -> QuantModule_DiffAE_LoRA
2026-03-20 19:38:32,509 [INFO]   替換層 1 -> QuantModule_DiffAE_LoRA
2026-03-20 19:38:32,510 [INFO]   替換層 1 -> QuantModule_DiffAE_LoRA
2026-03-20 19:38:32,510 [INFO]   替換層 1 -> QuantModule_DiffAE_LoRA
2026-03-20 19:38:32,511 [INFO]   替換層 3 -> QuantModule_DiffAE_LoRA
2026-03-20 19:38:32,511 [INFO]   替換層 3 -> QuantModule_DiffAE_LoRA
2026-03-20 19:38:32,514 [INFO]   跳過量化 skip connection: skip_connection
2026-03-20 19:38:32,514 [INFO]   跳過量化 skip connection: skip_connection
2026-03-20 19:38:32,514 [INFO]   替換層 2 -> QuantModule_DiffAE_LoRA
2026-03-20 19:38:32,514 [INFO]   替換層 2 -> QuantModule_DiffAE_LoRA
2026-03-20 19:38:32,516 [INFO]   替換層 1 -> QuantModule_DiffAE_LoRA
2026-03-20 19:38:32,516 [INFO]   替換層 1 -> QuantModule_DiffAE_LoRA
2026-03-20 19:38:32,518 [INFO]   替換層 1 -> QuantModule_DiffAE_LoRA
2026-03-20 19:38:32,518 [INFO]   替換層 1 -> QuantModule_DiffAE_LoRA
2026-03-20 19:38:32,518 [INFO]   替換層 3 -> QuantModule_DiffAE_LoRA
2026-03-20 19:38:32,518 [INFO]   替換層 3 -> QuantModule_DiffAE_LoRA
2026-03-20 19:38:32,521 [INFO]   替換層 2 -> QuantModule_DiffAE_LoRA
2026-03-20 19:38:32,521 [INFO]   替換層 2 -> QuantModule_DiffAE_LoRA
2026-03-20 19:38:32,523 [INFO]   替換層 1 -> QuantModule_DiffAE_LoRA
2026-03-20 19:38:32,523 [INFO]   替換層 1 -> QuantModule_DiffAE_LoRA
2026-03-20 19:38:32,524 [INFO]   替換層 1 -> QuantModule_DiffAE_LoRA
2026-03-20 19:38:32,524 [INFO]   替換層 1 -> QuantModule_DiffAE_LoRA
2026-03-20 19:38:32,525 [INFO]   替換層 3 -> QuantModule_DiffAE_LoRA
2026-03-20 19:38:32,525 [INFO]   替換層 3 -> QuantModule_DiffAE_LoRA
2026-03-20 19:38:32,527 [INFO]   替換層 2 -> QuantModule_DiffAE_LoRA
2026-03-20 19:38:32,527 [INFO]   替換層 2 -> QuantModule_DiffAE_LoRA
2026-03-20 19:38:32,529 [INFO]   替換層 1 -> QuantModule_DiffAE_LoRA
2026-03-20 19:38:32,529 [INFO]   替換層 1 -> QuantModule_DiffAE_LoRA
2026-03-20 19:38:32,531 [INFO]   替換層 1 -> QuantModule_DiffAE_LoRA
2026-03-20 19:38:32,531 [INFO]   替換層 1 -> QuantModule_DiffAE_LoRA
2026-03-20 19:38:32,532 [INFO]   替換層 3 -> QuantModule_DiffAE_LoRA
2026-03-20 19:38:32,532 [INFO]   替換層 3 -> QuantModule_DiffAE_LoRA
2026-03-20 19:38:32,536 [INFO]   跳過量化 skip connection: skip_connection
2026-03-20 19:38:32,536 [INFO]   跳過量化 skip connection: skip_connection
2026-03-20 19:38:32,536 [INFO]   替換層 2 -> QuantModule_DiffAE_LoRA
2026-03-20 19:38:32,536 [INFO]   替換層 2 -> QuantModule_DiffAE_LoRA
2026-03-20 19:38:32,542 [INFO]   替換層 1 -> QuantModule_DiffAE_LoRA
2026-03-20 19:38:32,542 [INFO]   替換層 1 -> QuantModule_DiffAE_LoRA
2026-03-20 19:38:32,543 [INFO]   替換層 1 -> QuantModule_DiffAE_LoRA
2026-03-20 19:38:32,543 [INFO]   替換層 1 -> QuantModule_DiffAE_LoRA
2026-03-20 19:38:32,544 [INFO]   替換層 3 -> QuantModule_DiffAE_LoRA
2026-03-20 19:38:32,544 [INFO]   替換層 3 -> QuantModule_DiffAE_LoRA
2026-03-20 19:38:32,549 [INFO]   替換層 2 -> QuantModule_DiffAE_LoRA
2026-03-20 19:38:32,549 [INFO]   替換層 2 -> QuantModule_DiffAE_LoRA
2026-03-20 19:38:32,555 [INFO]   替換層 1 -> QuantModule_DiffAE_LoRA
2026-03-20 19:38:32,555 [INFO]   替換層 1 -> QuantModule_DiffAE_LoRA
2026-03-20 19:38:32,557 [INFO]   替換層 1 -> QuantModule_DiffAE_LoRA
2026-03-20 19:38:32,557 [INFO]   替換層 1 -> QuantModule_DiffAE_LoRA
2026-03-20 19:38:32,558 [INFO]   替換層 3 -> QuantModule_DiffAE_LoRA
2026-03-20 19:38:32,558 [INFO]   替換層 3 -> QuantModule_DiffAE_LoRA
2026-03-20 19:38:32,563 [INFO]   替換層 2 -> QuantModule_DiffAE_LoRA
2026-03-20 19:38:32,563 [INFO]   替換層 2 -> QuantModule_DiffAE_LoRA
2026-03-20 19:38:32,570 [INFO]   替換層 1 -> QuantModule_DiffAE_LoRA
2026-03-20 19:38:32,570 [INFO]   替換層 1 -> QuantModule_DiffAE_LoRA
2026-03-20 19:38:32,572 [INFO]   替換層 1 -> QuantModule_DiffAE_LoRA
2026-03-20 19:38:32,572 [INFO]   替換層 1 -> QuantModule_DiffAE_LoRA
2026-03-20 19:38:32,573 [INFO]   替換層 3 -> QuantModule_DiffAE_LoRA
2026-03-20 19:38:32,573 [INFO]   替換層 3 -> QuantModule_DiffAE_LoRA
2026-03-20 19:38:32,584 [INFO]   跳過量化 skip connection: skip_connection
2026-03-20 19:38:32,584 [INFO]   跳過量化 skip connection: skip_connection
2026-03-20 19:38:32,584 [INFO]   替換層 2 -> QuantModule_DiffAE_LoRA
2026-03-20 19:38:32,584 [INFO]   替換層 2 -> QuantModule_DiffAE_LoRA
2026-03-20 19:38:32,591 [INFO]   替換層 1 -> QuantModule_DiffAE_LoRA
2026-03-20 19:38:32,591 [INFO]   替換層 1 -> QuantModule_DiffAE_LoRA
2026-03-20 19:38:32,593 [INFO]   替換層 1 -> QuantModule_DiffAE_LoRA
2026-03-20 19:38:32,593 [INFO]   替換層 1 -> QuantModule_DiffAE_LoRA
2026-03-20 19:38:32,595 [INFO]   替換層 3 -> QuantModule_DiffAE_LoRA
2026-03-20 19:38:32,595 [INFO]   替換層 3 -> QuantModule_DiffAE_LoRA
2026-03-20 19:38:32,602 [INFO] 改造模組: middle_block
2026-03-20 19:38:32,602 [INFO] 改造模組: middle_block
2026-03-20 19:38:32,603 [INFO]   替換層 2 -> QuantModule_DiffAE_LoRA
2026-03-20 19:38:32,603 [INFO]   替換層 2 -> QuantModule_DiffAE_LoRA
2026-03-20 19:38:32,611 [INFO]   替換層 1 -> QuantModule_DiffAE_LoRA
2026-03-20 19:38:32,611 [INFO]   替換層 1 -> QuantModule_DiffAE_LoRA
2026-03-20 19:38:32,613 [INFO]   替換層 1 -> QuantModule_DiffAE_LoRA
2026-03-20 19:38:32,613 [INFO]   替換層 1 -> QuantModule_DiffAE_LoRA
2026-03-20 19:38:32,614 [INFO]   替換層 3 -> QuantModule_DiffAE_LoRA
2026-03-20 19:38:32,614 [INFO]   替換層 3 -> QuantModule_DiffAE_LoRA
2026-03-20 19:38:32,621 [INFO]   替換層 2 -> QuantModule_DiffAE_LoRA
2026-03-20 19:38:32,621 [INFO]   替換層 2 -> QuantModule_DiffAE_LoRA
2026-03-20 19:38:32,628 [INFO]   替換層 1 -> QuantModule_DiffAE_LoRA
2026-03-20 19:38:32,628 [INFO]   替換層 1 -> QuantModule_DiffAE_LoRA
2026-03-20 19:38:32,630 [INFO]   替換層 1 -> QuantModule_DiffAE_LoRA
2026-03-20 19:38:32,630 [INFO]   替換層 1 -> QuantModule_DiffAE_LoRA
2026-03-20 19:38:32,632 [INFO]   替換層 3 -> QuantModule_DiffAE_LoRA
2026-03-20 19:38:32,632 [INFO]   替換層 3 -> QuantModule_DiffAE_LoRA
2026-03-20 19:38:32,639 [INFO] 改造模組: output_blocks
2026-03-20 19:38:32,639 [INFO] 改造模組: output_blocks
2026-03-20 19:38:32,639 [INFO]   替換層 2 -> QuantModule_DiffAE_LoRA
2026-03-20 19:38:32,639 [INFO]   替換層 2 -> QuantModule_DiffAE_LoRA
2026-03-20 19:38:32,652 [INFO]   替換層 1 -> QuantModule_DiffAE_LoRA
2026-03-20 19:38:32,652 [INFO]   替換層 1 -> QuantModule_DiffAE_LoRA
2026-03-20 19:38:32,654 [INFO]   替換層 1 -> QuantModule_DiffAE_LoRA
2026-03-20 19:38:32,654 [INFO]   替換層 1 -> QuantModule_DiffAE_LoRA
2026-03-20 19:38:32,656 [INFO]   替換層 3 -> QuantModule_DiffAE_LoRA
2026-03-20 19:38:32,656 [INFO]   替換層 3 -> QuantModule_DiffAE_LoRA
2026-03-20 19:38:32,665 [INFO]   跳過量化 skip connection: skip_connection
2026-03-20 19:38:32,665 [INFO]   跳過量化 skip connection: skip_connection
2026-03-20 19:38:32,665 [INFO]   替換層 2 -> QuantModule_DiffAE_LoRA
2026-03-20 19:38:32,665 [INFO]   替換層 2 -> QuantModule_DiffAE_LoRA
2026-03-20 19:38:32,685 [INFO]   替換層 1 -> QuantModule_DiffAE_LoRA
2026-03-20 19:38:32,685 [INFO]   替換層 1 -> QuantModule_DiffAE_LoRA
2026-03-20 19:38:32,687 [INFO]   替換層 1 -> QuantModule_DiffAE_LoRA
2026-03-20 19:38:32,687 [INFO]   替換層 1 -> QuantModule_DiffAE_LoRA
2026-03-20 19:38:32,688 [INFO]   替換層 3 -> QuantModule_DiffAE_LoRA
2026-03-20 19:38:32,688 [INFO]   替換層 3 -> QuantModule_DiffAE_LoRA
2026-03-20 19:38:32,694 [INFO]   跳過量化 skip connection: skip_connection
2026-03-20 19:38:32,694 [INFO]   跳過量化 skip connection: skip_connection
2026-03-20 19:38:32,694 [INFO]   替換層 2 -> QuantModule_DiffAE_LoRA
2026-03-20 19:38:32,694 [INFO]   替換層 2 -> QuantModule_DiffAE_LoRA
2026-03-20 19:38:32,706 [INFO]   替換層 1 -> QuantModule_DiffAE_LoRA
2026-03-20 19:38:32,706 [INFO]   替換層 1 -> QuantModule_DiffAE_LoRA
2026-03-20 19:38:32,708 [INFO]   替換層 1 -> QuantModule_DiffAE_LoRA
2026-03-20 19:38:32,708 [INFO]   替換層 1 -> QuantModule_DiffAE_LoRA
2026-03-20 19:38:32,709 [INFO]   替換層 3 -> QuantModule_DiffAE_LoRA
2026-03-20 19:38:32,709 [INFO]   替換層 3 -> QuantModule_DiffAE_LoRA
2026-03-20 19:38:32,718 [INFO]   跳過量化 skip connection: skip_connection
2026-03-20 19:38:32,718 [INFO]   跳過量化 skip connection: skip_connection
2026-03-20 19:38:32,718 [INFO]   替換層 2 -> QuantModule_DiffAE_LoRA
2026-03-20 19:38:32,718 [INFO]   替換層 2 -> QuantModule_DiffAE_LoRA
2026-03-20 19:38:32,727 [INFO]   替換層 1 -> QuantModule_DiffAE_LoRA
2026-03-20 19:38:32,727 [INFO]   替換層 1 -> QuantModule_DiffAE_LoRA
2026-03-20 19:38:32,728 [INFO]   替換層 1 -> QuantModule_DiffAE_LoRA
2026-03-20 19:38:32,728 [INFO]   替換層 1 -> QuantModule_DiffAE_LoRA
2026-03-20 19:38:32,729 [INFO]   替換層 3 -> QuantModule_DiffAE_LoRA
2026-03-20 19:38:32,729 [INFO]   替換層 3 -> QuantModule_DiffAE_LoRA
2026-03-20 19:38:32,738 [INFO]   替換層 2 -> QuantModule_DiffAE_LoRA
2026-03-20 19:38:32,738 [INFO]   替換層 2 -> QuantModule_DiffAE_LoRA
2026-03-20 19:38:32,749 [INFO]   替換層 1 -> QuantModule_DiffAE_LoRA
2026-03-20 19:38:32,749 [INFO]   替換層 1 -> QuantModule_DiffAE_LoRA
2026-03-20 19:38:32,751 [INFO]   替換層 1 -> QuantModule_DiffAE_LoRA
2026-03-20 19:38:32,751 [INFO]   替換層 1 -> QuantModule_DiffAE_LoRA
2026-03-20 19:38:32,751 [INFO]   替換層 3 -> QuantModule_DiffAE_LoRA
2026-03-20 19:38:32,751 [INFO]   替換層 3 -> QuantModule_DiffAE_LoRA
2026-03-20 19:38:32,756 [INFO]   跳過量化 skip connection: skip_connection
2026-03-20 19:38:32,756 [INFO]   跳過量化 skip connection: skip_connection
2026-03-20 19:38:32,756 [INFO]   替換層 2 -> QuantModule_DiffAE_LoRA
2026-03-20 19:38:32,756 [INFO]   替換層 2 -> QuantModule_DiffAE_LoRA
2026-03-20 19:38:32,765 [INFO]   替換層 1 -> QuantModule_DiffAE_LoRA
2026-03-20 19:38:32,765 [INFO]   替換層 1 -> QuantModule_DiffAE_LoRA
2026-03-20 19:38:32,767 [INFO]   替換層 1 -> QuantModule_DiffAE_LoRA
2026-03-20 19:38:32,767 [INFO]   替換層 1 -> QuantModule_DiffAE_LoRA
2026-03-20 19:38:32,767 [INFO]   替換層 3 -> QuantModule_DiffAE_LoRA
2026-03-20 19:38:32,767 [INFO]   替換層 3 -> QuantModule_DiffAE_LoRA
2026-03-20 19:38:32,772 [INFO]   跳過量化 skip connection: skip_connection
2026-03-20 19:38:32,772 [INFO]   跳過量化 skip connection: skip_connection
2026-03-20 19:38:32,772 [INFO]   替換層 2 -> QuantModule_DiffAE_LoRA
2026-03-20 19:38:32,772 [INFO]   替換層 2 -> QuantModule_DiffAE_LoRA
2026-03-20 19:38:32,778 [INFO]   替換層 1 -> QuantModule_DiffAE_LoRA
2026-03-20 19:38:32,778 [INFO]   替換層 1 -> QuantModule_DiffAE_LoRA
2026-03-20 19:38:32,779 [INFO]   替換層 1 -> QuantModule_DiffAE_LoRA
2026-03-20 19:38:32,779 [INFO]   替換層 1 -> QuantModule_DiffAE_LoRA
2026-03-20 19:38:32,780 [INFO]   替換層 3 -> QuantModule_DiffAE_LoRA
2026-03-20 19:38:32,780 [INFO]   替換層 3 -> QuantModule_DiffAE_LoRA
2026-03-20 19:38:32,784 [INFO]   跳過量化 skip connection: skip_connection
2026-03-20 19:38:32,784 [INFO]   跳過量化 skip connection: skip_connection
2026-03-20 19:38:32,784 [INFO]   替換層 2 -> QuantModule_DiffAE_LoRA
2026-03-20 19:38:32,784 [INFO]   替換層 2 -> QuantModule_DiffAE_LoRA
2026-03-20 19:38:32,788 [INFO]   替換層 1 -> QuantModule_DiffAE_LoRA
2026-03-20 19:38:32,788 [INFO]   替換層 1 -> QuantModule_DiffAE_LoRA
2026-03-20 19:38:32,790 [INFO]   替換層 1 -> QuantModule_DiffAE_LoRA
2026-03-20 19:38:32,790 [INFO]   替換層 1 -> QuantModule_DiffAE_LoRA
2026-03-20 19:38:32,791 [INFO]   替換層 3 -> QuantModule_DiffAE_LoRA
2026-03-20 19:38:32,791 [INFO]   替換層 3 -> QuantModule_DiffAE_LoRA
2026-03-20 19:38:32,795 [INFO]   替換層 2 -> QuantModule_DiffAE_LoRA
2026-03-20 19:38:32,795 [INFO]   替換層 2 -> QuantModule_DiffAE_LoRA
2026-03-20 19:38:32,801 [INFO]   替換層 1 -> QuantModule_DiffAE_LoRA
2026-03-20 19:38:32,801 [INFO]   替換層 1 -> QuantModule_DiffAE_LoRA
2026-03-20 19:38:32,802 [INFO]   替換層 1 -> QuantModule_DiffAE_LoRA
2026-03-20 19:38:32,802 [INFO]   替換層 1 -> QuantModule_DiffAE_LoRA
2026-03-20 19:38:32,803 [INFO]   替換層 3 -> QuantModule_DiffAE_LoRA
2026-03-20 19:38:32,803 [INFO]   替換層 3 -> QuantModule_DiffAE_LoRA
2026-03-20 19:38:32,805 [INFO]   跳過量化 skip connection: skip_connection
2026-03-20 19:38:32,805 [INFO]   跳過量化 skip connection: skip_connection
2026-03-20 19:38:32,805 [INFO]   替換層 2 -> QuantModule_DiffAE_LoRA
2026-03-20 19:38:32,805 [INFO]   替換層 2 -> QuantModule_DiffAE_LoRA
2026-03-20 19:38:32,810 [INFO]   替換層 1 -> QuantModule_DiffAE_LoRA
2026-03-20 19:38:32,810 [INFO]   替換層 1 -> QuantModule_DiffAE_LoRA
2026-03-20 19:38:32,811 [INFO]   替換層 1 -> QuantModule_DiffAE_LoRA
2026-03-20 19:38:32,811 [INFO]   替換層 1 -> QuantModule_DiffAE_LoRA
2026-03-20 19:38:32,811 [INFO]   替換層 3 -> QuantModule_DiffAE_LoRA
2026-03-20 19:38:32,811 [INFO]   替換層 3 -> QuantModule_DiffAE_LoRA
2026-03-20 19:38:32,814 [INFO]   跳過量化 skip connection: skip_connection
2026-03-20 19:38:32,814 [INFO]   跳過量化 skip connection: skip_connection
2026-03-20 19:38:32,814 [INFO]   替換層 2 -> QuantModule_DiffAE_LoRA
2026-03-20 19:38:32,814 [INFO]   替換層 2 -> QuantModule_DiffAE_LoRA
2026-03-20 19:38:32,817 [INFO]   替換層 1 -> QuantModule_DiffAE_LoRA
2026-03-20 19:38:32,817 [INFO]   替換層 1 -> QuantModule_DiffAE_LoRA
2026-03-20 19:38:32,818 [INFO]   替換層 1 -> QuantModule_DiffAE_LoRA
2026-03-20 19:38:32,818 [INFO]   替換層 1 -> QuantModule_DiffAE_LoRA
2026-03-20 19:38:32,819 [INFO]   替換層 3 -> QuantModule_DiffAE_LoRA
2026-03-20 19:38:32,819 [INFO]   替換層 3 -> QuantModule_DiffAE_LoRA
2026-03-20 19:38:32,821 [INFO]   跳過量化 skip connection: skip_connection
2026-03-20 19:38:32,821 [INFO]   跳過量化 skip connection: skip_connection
2026-03-20 19:38:32,821 [INFO]   替換層 2 -> QuantModule_DiffAE_LoRA
2026-03-20 19:38:32,821 [INFO]   替換層 2 -> QuantModule_DiffAE_LoRA
2026-03-20 19:38:32,823 [INFO]   替換層 1 -> QuantModule_DiffAE_LoRA
2026-03-20 19:38:32,823 [INFO]   替換層 1 -> QuantModule_DiffAE_LoRA
2026-03-20 19:38:32,824 [INFO]   替換層 1 -> QuantModule_DiffAE_LoRA
2026-03-20 19:38:32,824 [INFO]   替換層 1 -> QuantModule_DiffAE_LoRA
2026-03-20 19:38:32,825 [INFO]   替換層 3 -> QuantModule_DiffAE_LoRA
2026-03-20 19:38:32,825 [INFO]   替換層 3 -> QuantModule_DiffAE_LoRA
2026-03-20 19:38:32,827 [INFO]   替換層 2 -> QuantModule_DiffAE_LoRA
2026-03-20 19:38:32,827 [INFO]   替換層 2 -> QuantModule_DiffAE_LoRA
2026-03-20 19:38:32,829 [INFO]   替換層 1 -> QuantModule_DiffAE_LoRA
2026-03-20 19:38:32,829 [INFO]   替換層 1 -> QuantModule_DiffAE_LoRA
2026-03-20 19:38:32,830 [INFO]   替換層 1 -> QuantModule_DiffAE_LoRA
2026-03-20 19:38:32,830 [INFO]   替換層 1 -> QuantModule_DiffAE_LoRA
2026-03-20 19:38:32,830 [INFO]   替換層 3 -> QuantModule_DiffAE_LoRA
2026-03-20 19:38:32,830 [INFO]   替換層 3 -> QuantModule_DiffAE_LoRA
2026-03-20 19:38:32,831 [INFO]   跳過量化 skip connection: skip_connection
2026-03-20 19:38:32,831 [INFO]   跳過量化 skip connection: skip_connection
2026-03-20 19:38:32,831 [INFO]   替換層 2 -> QuantModule_DiffAE_LoRA
2026-03-20 19:38:32,831 [INFO]   替換層 2 -> QuantModule_DiffAE_LoRA
2026-03-20 19:38:32,832 [INFO]   替換層 1 -> QuantModule_DiffAE_LoRA
2026-03-20 19:38:32,832 [INFO]   替換層 1 -> QuantModule_DiffAE_LoRA
2026-03-20 19:38:32,833 [INFO]   替換層 1 -> QuantModule_DiffAE_LoRA
2026-03-20 19:38:32,833 [INFO]   替換層 1 -> QuantModule_DiffAE_LoRA
2026-03-20 19:38:32,833 [INFO]   替換層 3 -> QuantModule_DiffAE_LoRA
2026-03-20 19:38:32,833 [INFO]   替換層 3 -> QuantModule_DiffAE_LoRA
2026-03-20 19:38:32,834 [INFO]   跳過量化 skip connection: skip_connection
2026-03-20 19:38:32,834 [INFO]   跳過量化 skip connection: skip_connection
2026-03-20 19:38:32,834 [INFO]   替換層 2 -> QuantModule_DiffAE_LoRA
2026-03-20 19:38:32,834 [INFO]   替換層 2 -> QuantModule_DiffAE_LoRA
2026-03-20 19:38:32,836 [INFO]   替換層 1 -> QuantModule_DiffAE_LoRA
2026-03-20 19:38:32,836 [INFO]   替換層 1 -> QuantModule_DiffAE_LoRA
2026-03-20 19:38:32,836 [INFO]   替換層 1 -> QuantModule_DiffAE_LoRA
2026-03-20 19:38:32,836 [INFO]   替換層 1 -> QuantModule_DiffAE_LoRA
2026-03-20 19:38:32,837 [INFO]   替換層 3 -> QuantModule_DiffAE_LoRA
2026-03-20 19:38:32,837 [INFO]   替換層 3 -> QuantModule_DiffAE_LoRA
2026-03-20 19:38:32,838 [INFO]   跳過量化 skip connection: skip_connection
2026-03-20 19:38:32,838 [INFO]   跳過量化 skip connection: skip_connection
2026-03-20 19:38:32,838 [INFO]   替換層 2 -> QuantModule_DiffAE_LoRA
2026-03-20 19:38:32,838 [INFO]   替換層 2 -> QuantModule_DiffAE_LoRA
2026-03-20 19:38:32,838 [INFO]   替換層 1 -> QuantModule_DiffAE_LoRA
2026-03-20 19:38:32,838 [INFO]   替換層 1 -> QuantModule_DiffAE_LoRA
2026-03-20 19:38:32,839 [INFO]   替換層 1 -> QuantModule_DiffAE_LoRA
2026-03-20 19:38:32,839 [INFO]   替換層 1 -> QuantModule_DiffAE_LoRA
2026-03-20 19:38:32,839 [INFO]   替換層 3 -> QuantModule_DiffAE_LoRA
2026-03-20 19:38:32,839 [INFO]   替換層 3 -> QuantModule_DiffAE_LoRA
2026-03-20 19:38:32,840 [INFO]   替換層 2 -> QuantModule_DiffAE_LoRA
2026-03-20 19:38:32,840 [INFO]   替換層 2 -> QuantModule_DiffAE_LoRA
2026-03-20 19:38:32,842 [INFO]   替換層 1 -> QuantModule_DiffAE_LoRA
2026-03-20 19:38:32,842 [INFO]   替換層 1 -> QuantModule_DiffAE_LoRA
2026-03-20 19:38:32,843 [INFO]   替換層 1 -> QuantModule_DiffAE_LoRA
2026-03-20 19:38:32,843 [INFO]   替換層 1 -> QuantModule_DiffAE_LoRA
2026-03-20 19:38:32,843 [INFO]   替換層 3 -> QuantModule_DiffAE_LoRA
2026-03-20 19:38:32,843 [INFO]   替換層 3 -> QuantModule_DiffAE_LoRA
2026-03-20 19:38:32,844 [INFO]   跳過量化 skip connection: skip_connection
2026-03-20 19:38:32,844 [INFO]   跳過量化 skip connection: skip_connection
2026-03-20 19:38:32,844 [INFO]   替換層 2 -> QuantModule_DiffAE_LoRA
2026-03-20 19:38:32,844 [INFO]   替換層 2 -> QuantModule_DiffAE_LoRA
2026-03-20 19:38:32,845 [INFO]   替換層 1 -> QuantModule_DiffAE_LoRA
2026-03-20 19:38:32,845 [INFO]   替換層 1 -> QuantModule_DiffAE_LoRA
2026-03-20 19:38:32,846 [INFO]   替換層 1 -> QuantModule_DiffAE_LoRA
2026-03-20 19:38:32,846 [INFO]   替換層 1 -> QuantModule_DiffAE_LoRA
2026-03-20 19:38:32,846 [INFO]   替換層 3 -> QuantModule_DiffAE_LoRA
2026-03-20 19:38:32,846 [INFO]   替換層 3 -> QuantModule_DiffAE_LoRA
2026-03-20 19:38:32,847 [INFO]   跳過量化 skip connection: skip_connection
2026-03-20 19:38:32,847 [INFO]   跳過量化 skip connection: skip_connection
2026-03-20 19:38:32,847 [INFO]   替換層 2 -> QuantModule_DiffAE_LoRA
2026-03-20 19:38:32,847 [INFO]   替換層 2 -> QuantModule_DiffAE_LoRA
2026-03-20 19:38:32,848 [INFO]   替換層 1 -> QuantModule_DiffAE_LoRA
2026-03-20 19:38:32,848 [INFO]   替換層 1 -> QuantModule_DiffAE_LoRA
2026-03-20 19:38:32,849 [INFO]   替換層 1 -> QuantModule_DiffAE_LoRA
2026-03-20 19:38:32,849 [INFO]   替換層 1 -> QuantModule_DiffAE_LoRA
2026-03-20 19:38:32,849 [INFO]   替換層 3 -> QuantModule_DiffAE_LoRA
2026-03-20 19:38:32,849 [INFO]   替換層 3 -> QuantModule_DiffAE_LoRA
2026-03-20 19:38:32,850 [INFO]   跳過量化 skip connection: skip_connection
2026-03-20 19:38:32,850 [INFO]   跳過量化 skip connection: skip_connection
2026-03-20 19:38:32,850 [INFO] 改造模組: out
2026-03-20 19:38:32,850 [INFO] 改造模組: out
2026-03-20 19:38:32,850 [INFO]   跳過量化特殊模組: 2
2026-03-20 19:38:32,850 [INFO]   跳過量化特殊模組: 2
2026-03-20 19:38:32,854 [INFO] 執行 'create_float_quantized_model' 完成，耗時: 0.43 秒
2026-03-20 19:38:32,854 [INFO] 執行 'create_float_quantized_model' 完成，耗時: 0.43 秒
2026-03-20 19:38:32,941 [INFO] 載入校準資料...
2026-03-20 19:38:32,941 [INFO] 載入校準資料...
2026-03-20 19:38:33,152 [INFO] ✅ 載入真實校準資料成功
2026-03-20 19:38:33,152 [INFO] ✅ 載入真實校準資料成功
2026-03-20 19:38:33,154 [INFO] ==================================================
2026-03-20 19:38:33,154 [INFO] ==================================================
2026-03-20 19:38:33,154 [INFO] 5. Setting first and last layers to 8-bit...
2026-03-20 19:38:33,154 [INFO] 5. Setting first and last layers to 8-bit...
2026-03-20 19:38:33,156 [INFO] 找到 144 個量化模組
2026-03-20 19:38:33,156 [INFO] 找到 144 個量化模組
2026-03-20 19:38:33,156 [INFO] ✅ 首尾層 8-bit 設定完成
2026-03-20 19:38:33,156 [INFO] ✅ 首尾層 8-bit 設定完成
2026-03-20 19:38:33,156 [INFO] ✅ 量化模型創建成功
2026-03-20 19:38:33,156 [INFO] ✅ 量化模型創建成功
2026-03-20 19:38:33,156 [INFO] set quant state to True, True for layer 1
2026-03-20 19:38:33,156 [INFO] set quant state to True, True for layer 1
2026-03-20 19:38:33,156 [INFO] set quant state to True, True for layer 2
2026-03-20 19:38:33,156 [INFO] set quant state to True, True for layer 2
2026-03-20 19:38:33,156 [INFO] set quant state to True, False for layer 3
2026-03-20 19:38:33,156 [INFO] set quant state to True, False for layer 3
2026-03-20 19:38:33,157 [INFO] set quant state to True, True for layer 144
2026-03-20 19:38:33,157 [INFO] set quant state to True, True for layer 144
2026-03-20 19:38:34,091 [INFO] EMA(load from ema_model.model.*): provided=1822 effective_loaded=1822 missing=280 unexpected=0
2026-03-20 19:38:34,091 [INFO] EMA(load from ema_model.model.*): provided=1822 effective_loaded=1822 missing=280 unexpected=0
2026-03-20 19:38:34,091 [WARNING] EMA missing keys (前10): ['model.input_blocks.1.0.in_layers.2.intn_dequantizer.delta', 'model.input_blocks.1.0.in_layers.2.intn_dequantizer.zero_point', 'model.input_blocks.1.0.emb_layers.1.intn_dequantizer.delta', 'model.input_blocks.1.0.emb_layers.1.intn_dequantizer.zero_point', 'model.input_blocks.1.0.cond_emb_layers.1.intn_dequantizer.delta', 'model.input_blocks.1.0.cond_emb_layers.1.intn_dequantizer.zero_point', 'model.input_blocks.1.0.out_layers.3.intn_dequantizer.delta', 'model.input_blocks.1.0.out_layers.3.intn_dequantizer.zero_point', 'model.input_blocks.2.0.in_layers.2.intn_dequantizer.delta', 'model.input_blocks.2.0.in_layers.2.intn_dequantizer.zero_point']
2026-03-20 19:38:34,091 [WARNING] EMA missing keys (前10): ['model.input_blocks.1.0.in_layers.2.intn_dequantizer.delta', 'model.input_blocks.1.0.in_layers.2.intn_dequantizer.zero_point', 'model.input_blocks.1.0.emb_layers.1.intn_dequantizer.delta', 'model.input_blocks.1.0.emb_layers.1.intn_dequantizer.zero_point', 'model.input_blocks.1.0.cond_emb_layers.1.intn_dequantizer.delta', 'model.input_blocks.1.0.cond_emb_layers.1.intn_dequantizer.zero_point', 'model.input_blocks.1.0.out_layers.3.intn_dequantizer.delta', 'model.input_blocks.1.0.out_layers.3.intn_dequantizer.zero_point', 'model.input_blocks.2.0.in_layers.2.intn_dequantizer.delta', 'model.input_blocks.2.0.in_layers.2.intn_dequantizer.zero_point']
2026-03-20 19:38:34,146 [INFO] MODEL(load from model.model.*): provided=1822 effective_loaded=1822 missing=280 unexpected=0
2026-03-20 19:38:34,146 [INFO] MODEL(load from model.model.*): provided=1822 effective_loaded=1822 missing=280 unexpected=0
2026-03-20 19:38:34,146 [INFO] ✅ 量化模型載入成功
2026-03-20 19:38:34,146 [INFO] ✅ 量化模型載入成功
2026-03-20 19:38:34,146 [INFO] === 初始化新功能模組 ===
2026-03-20 19:38:34,146 [INFO] === 初始化新功能模組 ===
2026-03-20 19:38:34,175 [INFO] ✅ 基礎模型設定完成
2026-03-20 19:38:34,175 [INFO] ✅ 基礎模型設定完成
2026-03-20 19:38:34,210 [INFO] ==================================================
2026-03-20 19:38:34,210 [INFO] ==================================================
2026-03-20 19:38:34,210 [INFO] 啟用 Similarity Analysis (L1/L2/Cosine)
2026-03-20 19:38:34,210 [INFO] 啟用 Similarity Analysis (L1/L2/Cosine)
2026-03-20 19:38:34,210 [INFO] FID 評估樣本數: 128
2026-03-20 19:38:34,210 [INFO] FID 評估樣本數: 128
2026-03-20 19:38:34,210 [INFO] 實際收集樣本數: 20 (用於加速)
2026-03-20 19:38:34,210 [INFO] 實際收集樣本數: 20 (用於加速)
2026-03-20 19:38:34,210 [INFO] 擴散步數: 100
2026-03-20 19:38:34,210 [INFO] 擴散步數: 100
2026-03-20 19:38:34,210 [INFO] ==================================================
2026-03-20 19:38:34,210 [INFO] ==================================================
2026-03-20 19:38:34,212 [INFO] [Similarity] 註冊 block hook: model.output_blocks.12
2026-03-20 19:38:34,212 [INFO] [Similarity] 註冊 block hook: model.output_blocks.12
2026-03-20 19:38:34,212 [INFO] [Similarity] 註冊 model step hook 完成
2026-03-20 19:38:34,212 [INFO] [Similarity] 註冊 model step hook 完成
Model params: 174.19 M
loading pretrain ... 130M
step: 1019986
loading latent stats ...
local seed: 0
train data: 70001
val data: 70001
on train dataloader start ...
mean: tensor(-0.0606, device='cuda:0') std: tensor(0.0755, device='cuda:0')
generating images:   0%|          | 0/4 [00:00<?, ?it/s]/home/jimmy/diffae/./diffusion/base.py:329: FutureWarning: `torch.cuda.amp.autocast(args...)` is deprecated. Please use `torch.amp.autocast('cuda', args...)` instead.
  with autocast(self.conf.fp16):
2026-03-20 19:39:12,063 [INFO] [Similarity] Batch 0 完成，已收集 20 個樣本
2026-03-20 19:39:12,063 [INFO] [Similarity] Batch 0 完成，已收集 20 個樣本
generating images:  25%|██▌       | 1/4 [00:38<01:54, 38.22s/it]2026-03-20 19:39:50,160 [INFO] [Similarity] Batch 1 完成，已收集 20 個樣本
2026-03-20 19:39:50,160 [INFO] [Similarity] Batch 1 完成，已收集 20 個樣本
generating images:  50%|█████     | 2/4 [01:16<01:16, 38.15s/it]2026-03-20 19:40:28,259 [INFO] [Similarity] Batch 2 完成，已收集 20 個樣本
2026-03-20 19:40:28,259 [INFO] [Similarity] Batch 2 完成，已收集 20 個樣本
generating images:  75%|███████▌  | 3/4 [01:54<00:38, 38.12s/it]2026-03-20 19:40:44,267 [INFO] [Similarity] 已收集 80 个样本，停止数据收集（目标: 80）
2026-03-20 19:40:44,267 [INFO] [Similarity] 已收集 80 个样本，停止数据收集（目标: 80）
2026-03-20 19:41:06,374 [INFO] [Similarity] Batch 3 完成，已收集 20 個樣本
2026-03-20 19:41:06,374 [INFO] [Similarity] Batch 3 完成，已收集 20 個樣本
generating images: 100%|██████████| 4/4 [02:32<00:00, 38.12s/it]generating images: 100%|██████████| 4/4 [02:32<00:00, 38.13s/it]
2026-03-20 19:41:06,737 [INFO] [Similarity] FID@128 100 steps score: 0
2026-03-20 19:41:06,737 [INFO] [Similarity] FID@128 100 steps score: 0
2026-03-20 19:41:06,738 [INFO] [Similarity] model.output_blocks.12 cosine: min=0.032312, max=1.000000, diag_mean=1.000000, off_diag_mean=0.886027, off_diag_std=0.156278
2026-03-20 19:41:06,738 [INFO] [Similarity] model.output_blocks.12 cosine: min=0.032312, max=1.000000, diag_mean=1.000000, off_diag_mean=0.886027, off_diag_std=0.156278
2026-03-20 19:41:07,703 [INFO] ✅ Similarity Analysis 完成
2026-03-20 19:41:07,703 [INFO] ✅ Similarity Analysis 完成
2026-03-20 19:41:07,777 [INFO] 執行 'main_float_model' 完成，耗時: 157.17 秒
2026-03-20 19:41:07,777 [INFO] 執行 'main_float_model' 完成，耗時: 157.17 秒
