/home/jimmy/anaconda3/envs/diffae_bw/lib/python3.10/site-packages/lightning_fabric/__init__.py:41: pkg_resources is deprecated as an API. See https://setuptools.pypa.io/en/latest/pkg_resources.html. The pkg_resources package is slated for removal as early as 2025-11-30. Refrain from using this package or pin to Setuptools<81.
使用自動混合精度: torch.bfloat16
[設定] Log 檔案已設為: QATcode/cache_method/L1_L2_cosine/logs/similarity_model_output_blocks_2.log
2026-01-26 12:16:20,930 [INFO] Using 100 steps
2026-01-26 12:16:20,930 [INFO] Using 50000 evaluation samples
2026-01-26 12:16:20,930 [INFO] Cache enabled: False, method: Res, threshold: 0.1
2026-01-26 12:16:20,930 [INFO] Quantitative analysis enabled: False, samples: 10
2026-01-26 12:16:20,930 [INFO] Log file: QATcode/cache_method/L1_L2_cosine/logs/similarity_model_output_blocks_2.log
2026-01-26 12:16:20,930 [INFO] Using 100 steps
2026-01-26 12:16:20,930 [INFO] Using 50000 evaluation samples
2026-01-26 12:16:20,930 [INFO] Cache enabled: False, method: Res, threshold: 0.1
2026-01-26 12:16:20,930 [INFO] Quantitative analysis enabled: False, samples: 10
2026-01-26 12:16:20,930 [INFO] Log file: QATcode/cache_method/L1_L2_cosine/logs/similarity_model_output_blocks_2.log
2026-01-26 12:16:20,930 [INFO] ==================================================
2026-01-26 12:16:20,930 [INFO] ==================================================
2026-01-26 12:16:20,930 [INFO] Diff-AE EfficientDM Step 7 : 生成圖片
2026-01-26 12:16:20,930 [INFO] Diff-AE EfficientDM Step 7 : 生成圖片
2026-01-26 12:16:20,930 [INFO] ==================================================
2026-01-26 12:16:20,930 [INFO] ==================================================
2026-01-26 12:16:20,931 [INFO] 使用設備: cuda
2026-01-26 12:16:20,931 [INFO] === 新功能狀態 ===
2026-01-26 12:16:20,931 [INFO] 載入 Diff-AE 模型: checkpoints/ffhq128_autoenc_latent/last.ckpt
2026-01-26 12:16:20,931 [INFO] 使用設備: cuda
2026-01-26 12:16:20,931 [INFO] === 新功能狀態 ===
2026-01-26 12:16:20,931 [INFO] 載入 Diff-AE 模型: checkpoints/ffhq128_autoenc_latent/last.ckpt
Seed set to 0
Model params: 174.19 M
loading pretrain ... 130M
step: 1019986
loading latent stats ...
2026-01-26 12:16:23,829 [INFO] Diff-AE 模型載入完成
2026-01-26 12:16:23,829 [INFO] Diff-AE 模型載入完成
2026-01-26 12:16:23,875 [INFO] 執行 'load_diffae_model' 完成，耗時: 2.94 秒
2026-01-26 12:16:23,875 [INFO] ✅ Diff-AE 模型載入成功
2026-01-26 12:16:23,875 [INFO] base_model.conf.train_mode: TrainMode.latent_diffusion
2026-01-26 12:16:23,875 [INFO] === 創建 LoRA 量化模型 ===
2026-01-26 12:16:23,875 [INFO] 執行 'load_diffae_model' 完成，耗時: 2.94 秒
2026-01-26 12:16:23,875 [INFO] ✅ Diff-AE 模型載入成功
2026-01-26 12:16:23,875 [INFO] base_model.conf.train_mode: TrainMode.latent_diffusion
2026-01-26 12:16:23,875 [INFO] === 創建 LoRA 量化模型 ===
2026-01-26 12:16:23,875 [INFO] === 開始 UNet LoRA 量化改造 ===
2026-01-26 12:16:23,875 [INFO] === 開始 UNet LoRA 量化改造 ===
2026-01-26 12:16:23,875 [INFO] 改造模組: time_embed
2026-01-26 12:16:23,875 [INFO]   跳過量化特殊模組: 0
2026-01-26 12:16:23,875 [INFO] 改造模組: time_embed
2026-01-26 12:16:23,875 [INFO]   跳過量化特殊模組: 0
2026-01-26 12:16:23,880 [INFO]   跳過量化特殊模組: 2
2026-01-26 12:16:23,880 [INFO]   跳過量化特殊模組: 2
2026-01-26 12:16:23,885 [INFO] 改造模組: input_blocks
2026-01-26 12:16:23,885 [INFO] 改造模組: input_blocks
2026-01-26 12:16:23,885 [INFO]   跳過量化特殊模組: 0
2026-01-26 12:16:23,885 [INFO]   跳過量化特殊模組: 0
2026-01-26 12:16:23,885 [INFO]   替換層 2 -> QuantModule_DiffAE_LoRA
2026-01-26 12:16:23,885 [INFO]   替換層 2 -> QuantModule_DiffAE_LoRA
2026-01-26 12:16:23,968 [INFO]   替換層 1 -> QuantModule_DiffAE_LoRA
2026-01-26 12:16:23,968 [INFO]   替換層 1 -> QuantModule_DiffAE_LoRA
2026-01-26 12:16:23,975 [INFO]   替換層 1 -> QuantModule_DiffAE_LoRA
2026-01-26 12:16:23,975 [INFO]   替換層 1 -> QuantModule_DiffAE_LoRA
2026-01-26 12:16:23,981 [INFO]   替換層 3 -> QuantModule_DiffAE_LoRA
2026-01-26 12:16:23,981 [INFO]   替換層 3 -> QuantModule_DiffAE_LoRA
2026-01-26 12:16:23,988 [INFO]   替換層 2 -> QuantModule_DiffAE_LoRA
2026-01-26 12:16:23,988 [INFO]   替換層 2 -> QuantModule_DiffAE_LoRA
2026-01-26 12:16:23,991 [INFO]   替換層 1 -> QuantModule_DiffAE_LoRA
2026-01-26 12:16:23,995 [INFO]   替換層 1 -> QuantModule_DiffAE_LoRA
2026-01-26 12:16:23,991 [INFO]   替換層 1 -> QuantModule_DiffAE_LoRA
2026-01-26 12:16:23,995 [INFO]   替換層 1 -> QuantModule_DiffAE_LoRA
2026-01-26 12:16:23,995 [INFO]   替換層 3 -> QuantModule_DiffAE_LoRA
2026-01-26 12:16:23,995 [INFO]   替換層 3 -> QuantModule_DiffAE_LoRA
2026-01-26 12:16:23,996 [INFO]   替換層 2 -> QuantModule_DiffAE_LoRA
2026-01-26 12:16:23,996 [INFO]   替換層 2 -> QuantModule_DiffAE_LoRA
2026-01-26 12:16:23,997 [INFO]   替換層 1 -> QuantModule_DiffAE_LoRA
2026-01-26 12:16:23,997 [INFO]   替換層 1 -> QuantModule_DiffAE_LoRA
2026-01-26 12:16:23,997 [INFO]   替換層 1 -> QuantModule_DiffAE_LoRA
2026-01-26 12:16:23,997 [INFO]   替換層 1 -> QuantModule_DiffAE_LoRA
2026-01-26 12:16:23,998 [INFO]   替換層 3 -> QuantModule_DiffAE_LoRA
2026-01-26 12:16:23,998 [INFO]   替換層 3 -> QuantModule_DiffAE_LoRA
2026-01-26 12:16:23,998 [INFO]   替換層 2 -> QuantModule_DiffAE_LoRA
2026-01-26 12:16:23,998 [INFO]   替換層 2 -> QuantModule_DiffAE_LoRA
2026-01-26 12:16:23,999 [INFO]   替換層 1 -> QuantModule_DiffAE_LoRA
2026-01-26 12:16:23,999 [INFO]   替換層 1 -> QuantModule_DiffAE_LoRA
2026-01-26 12:16:24,000 [INFO]   替換層 1 -> QuantModule_DiffAE_LoRA
2026-01-26 12:16:24,000 [INFO]   替換層 1 -> QuantModule_DiffAE_LoRA
2026-01-26 12:16:24,000 [INFO]   替換層 3 -> QuantModule_DiffAE_LoRA
2026-01-26 12:16:24,000 [INFO]   替換層 3 -> QuantModule_DiffAE_LoRA
2026-01-26 12:16:24,001 [INFO]   替換層 2 -> QuantModule_DiffAE_LoRA
2026-01-26 12:16:24,001 [INFO]   替換層 2 -> QuantModule_DiffAE_LoRA
2026-01-26 12:16:24,001 [INFO]   替換層 1 -> QuantModule_DiffAE_LoRA
2026-01-26 12:16:24,001 [INFO]   替換層 1 -> QuantModule_DiffAE_LoRA
2026-01-26 12:16:24,002 [INFO]   替換層 1 -> QuantModule_DiffAE_LoRA
2026-01-26 12:16:24,002 [INFO]   替換層 1 -> QuantModule_DiffAE_LoRA
2026-01-26 12:16:24,002 [INFO]   替換層 3 -> QuantModule_DiffAE_LoRA
2026-01-26 12:16:24,002 [INFO]   替換層 3 -> QuantModule_DiffAE_LoRA
2026-01-26 12:16:24,003 [INFO]   替換層 2 -> QuantModule_DiffAE_LoRA
2026-01-26 12:16:24,003 [INFO]   替換層 2 -> QuantModule_DiffAE_LoRA
2026-01-26 12:16:24,004 [INFO]   替換層 1 -> QuantModule_DiffAE_LoRA
2026-01-26 12:16:24,004 [INFO]   替換層 1 -> QuantModule_DiffAE_LoRA
2026-01-26 12:16:24,004 [INFO]   替換層 1 -> QuantModule_DiffAE_LoRA
2026-01-26 12:16:24,004 [INFO]   替換層 1 -> QuantModule_DiffAE_LoRA
2026-01-26 12:16:24,004 [INFO]   替換層 3 -> QuantModule_DiffAE_LoRA
2026-01-26 12:16:24,004 [INFO]   替換層 3 -> QuantModule_DiffAE_LoRA
2026-01-26 12:16:24,005 [INFO]   替換層 2 -> QuantModule_DiffAE_LoRA
2026-01-26 12:16:24,005 [INFO]   替換層 2 -> QuantModule_DiffAE_LoRA
2026-01-26 12:16:24,006 [INFO]   替換層 1 -> QuantModule_DiffAE_LoRA
2026-01-26 12:16:24,006 [INFO]   替換層 1 -> QuantModule_DiffAE_LoRA
2026-01-26 12:16:24,007 [INFO]   替換層 1 -> QuantModule_DiffAE_LoRA
2026-01-26 12:16:24,007 [INFO]   替換層 1 -> QuantModule_DiffAE_LoRA
2026-01-26 12:16:24,007 [INFO]   替換層 3 -> QuantModule_DiffAE_LoRA
2026-01-26 12:16:24,007 [INFO]   替換層 3 -> QuantModule_DiffAE_LoRA
2026-01-26 12:16:24,009 [INFO]   跳過量化 skip connection: skip_connection
2026-01-26 12:16:24,009 [INFO]   跳過量化 skip connection: skip_connection
2026-01-26 12:16:24,009 [INFO]   替換層 2 -> QuantModule_DiffAE_LoRA
2026-01-26 12:16:24,009 [INFO]   替換層 2 -> QuantModule_DiffAE_LoRA
2026-01-26 12:16:24,011 [INFO]   替換層 1 -> QuantModule_DiffAE_LoRA
2026-01-26 12:16:24,011 [INFO]   替換層 1 -> QuantModule_DiffAE_LoRA
2026-01-26 12:16:24,012 [INFO]   替換層 1 -> QuantModule_DiffAE_LoRA
2026-01-26 12:16:24,012 [INFO]   替換層 1 -> QuantModule_DiffAE_LoRA
2026-01-26 12:16:24,012 [INFO]   替換層 3 -> QuantModule_DiffAE_LoRA
2026-01-26 12:16:24,012 [INFO]   替換層 3 -> QuantModule_DiffAE_LoRA
2026-01-26 12:16:24,014 [INFO]   替換層 2 -> QuantModule_DiffAE_LoRA
2026-01-26 12:16:24,014 [INFO]   替換層 2 -> QuantModule_DiffAE_LoRA
2026-01-26 12:16:24,016 [INFO]   替換層 1 -> QuantModule_DiffAE_LoRA
2026-01-26 12:16:24,016 [INFO]   替換層 1 -> QuantModule_DiffAE_LoRA
2026-01-26 12:16:24,016 [INFO]   替換層 1 -> QuantModule_DiffAE_LoRA
2026-01-26 12:16:24,016 [INFO]   替換層 1 -> QuantModule_DiffAE_LoRA
2026-01-26 12:16:24,017 [INFO]   替換層 3 -> QuantModule_DiffAE_LoRA
2026-01-26 12:16:24,017 [INFO]   替換層 3 -> QuantModule_DiffAE_LoRA
2026-01-26 12:16:24,019 [INFO]   替換層 2 -> QuantModule_DiffAE_LoRA
2026-01-26 12:16:24,019 [INFO]   替換層 2 -> QuantModule_DiffAE_LoRA
2026-01-26 12:16:24,021 [INFO]   替換層 1 -> QuantModule_DiffAE_LoRA
2026-01-26 12:16:24,021 [INFO]   替換層 1 -> QuantModule_DiffAE_LoRA
2026-01-26 12:16:24,022 [INFO]   替換層 1 -> QuantModule_DiffAE_LoRA
2026-01-26 12:16:24,022 [INFO]   替換層 1 -> QuantModule_DiffAE_LoRA
2026-01-26 12:16:24,023 [INFO]   替換層 3 -> QuantModule_DiffAE_LoRA
2026-01-26 12:16:24,023 [INFO]   替換層 3 -> QuantModule_DiffAE_LoRA
2026-01-26 12:16:24,027 [INFO]   跳過量化 skip connection: skip_connection
2026-01-26 12:16:24,027 [INFO]   跳過量化 skip connection: skip_connection
2026-01-26 12:16:24,027 [INFO]   替換層 2 -> QuantModule_DiffAE_LoRA
2026-01-26 12:16:24,027 [INFO]   替換層 2 -> QuantModule_DiffAE_LoRA
2026-01-26 12:16:24,032 [INFO]   替換層 1 -> QuantModule_DiffAE_LoRA
2026-01-26 12:16:24,032 [INFO]   替換層 1 -> QuantModule_DiffAE_LoRA
2026-01-26 12:16:24,036 [INFO]   替換層 1 -> QuantModule_DiffAE_LoRA
2026-01-26 12:16:24,036 [INFO]   替換層 1 -> QuantModule_DiffAE_LoRA
2026-01-26 12:16:24,042 [INFO]   替換層 3 -> QuantModule_DiffAE_LoRA
2026-01-26 12:16:24,042 [INFO]   替換層 3 -> QuantModule_DiffAE_LoRA
2026-01-26 12:16:24,050 [INFO]   替換層 2 -> QuantModule_DiffAE_LoRA
2026-01-26 12:16:24,050 [INFO]   替換層 2 -> QuantModule_DiffAE_LoRA
2026-01-26 12:16:24,054 [INFO]   替換層 1 -> QuantModule_DiffAE_LoRA
2026-01-26 12:16:24,054 [INFO]   替換層 1 -> QuantModule_DiffAE_LoRA
2026-01-26 12:16:24,058 [INFO]   替換層 1 -> QuantModule_DiffAE_LoRA
2026-01-26 12:16:24,058 [INFO]   替換層 1 -> QuantModule_DiffAE_LoRA
2026-01-26 12:16:24,064 [INFO]   替換層 3 -> QuantModule_DiffAE_LoRA
2026-01-26 12:16:24,064 [INFO]   替換層 3 -> QuantModule_DiffAE_LoRA
2026-01-26 12:16:24,070 [INFO]   替換層 2 -> QuantModule_DiffAE_LoRA
2026-01-26 12:16:24,070 [INFO]   替換層 2 -> QuantModule_DiffAE_LoRA
2026-01-26 12:16:24,075 [INFO]   替換層 1 -> QuantModule_DiffAE_LoRA
2026-01-26 12:16:24,075 [INFO]   替換層 1 -> QuantModule_DiffAE_LoRA
2026-01-26 12:16:24,079 [INFO]   替換層 1 -> QuantModule_DiffAE_LoRA
2026-01-26 12:16:24,079 [INFO]   替換層 1 -> QuantModule_DiffAE_LoRA
2026-01-26 12:16:24,083 [INFO]   替換層 3 -> QuantModule_DiffAE_LoRA
2026-01-26 12:16:24,083 [INFO]   替換層 3 -> QuantModule_DiffAE_LoRA
2026-01-26 12:16:24,093 [INFO]   跳過量化 skip connection: skip_connection
2026-01-26 12:16:24,093 [INFO]   跳過量化 skip connection: skip_connection
2026-01-26 12:16:24,093 [INFO]   替換層 2 -> QuantModule_DiffAE_LoRA
2026-01-26 12:16:24,093 [INFO]   替換層 2 -> QuantModule_DiffAE_LoRA
2026-01-26 12:16:24,106 [INFO]   替換層 1 -> QuantModule_DiffAE_LoRA
2026-01-26 12:16:24,106 [INFO]   替換層 1 -> QuantModule_DiffAE_LoRA
2026-01-26 12:16:24,113 [INFO]   替換層 1 -> QuantModule_DiffAE_LoRA
2026-01-26 12:16:24,113 [INFO]   替換層 1 -> QuantModule_DiffAE_LoRA
2026-01-26 12:16:24,117 [INFO]   替換層 3 -> QuantModule_DiffAE_LoRA
2026-01-26 12:16:24,117 [INFO]   替換層 3 -> QuantModule_DiffAE_LoRA
2026-01-26 12:16:24,129 [INFO] 改造模組: middle_block
2026-01-26 12:16:24,129 [INFO]   替換層 2 -> QuantModule_DiffAE_LoRA
2026-01-26 12:16:24,129 [INFO] 改造模組: middle_block
2026-01-26 12:16:24,129 [INFO]   替換層 2 -> QuantModule_DiffAE_LoRA
2026-01-26 12:16:24,139 [INFO]   替換層 1 -> QuantModule_DiffAE_LoRA
2026-01-26 12:16:24,139 [INFO]   替換層 1 -> QuantModule_DiffAE_LoRA
2026-01-26 12:16:24,150 [INFO]   替換層 1 -> QuantModule_DiffAE_LoRA
2026-01-26 12:16:24,150 [INFO]   替換層 1 -> QuantModule_DiffAE_LoRA
2026-01-26 12:16:24,157 [INFO]   替換層 3 -> QuantModule_DiffAE_LoRA
2026-01-26 12:16:24,157 [INFO]   替換層 3 -> QuantModule_DiffAE_LoRA
2026-01-26 12:16:24,165 [INFO]   替換層 2 -> QuantModule_DiffAE_LoRA
2026-01-26 12:16:24,165 [INFO]   替換層 2 -> QuantModule_DiffAE_LoRA
2026-01-26 12:16:24,177 [INFO]   替換層 1 -> QuantModule_DiffAE_LoRA
2026-01-26 12:16:24,177 [INFO]   替換層 1 -> QuantModule_DiffAE_LoRA
2026-01-26 12:16:24,183 [INFO]   替換層 1 -> QuantModule_DiffAE_LoRA
2026-01-26 12:16:24,183 [INFO]   替換層 1 -> QuantModule_DiffAE_LoRA
2026-01-26 12:16:24,185 [INFO]   替換層 3 -> QuantModule_DiffAE_LoRA
2026-01-26 12:16:24,185 [INFO]   替換層 3 -> QuantModule_DiffAE_LoRA
2026-01-26 12:16:24,192 [INFO] 改造模組: output_blocks
2026-01-26 12:16:24,192 [INFO]   替換層 2 -> QuantModule_DiffAE_LoRA
2026-01-26 12:16:24,192 [INFO] 改造模組: output_blocks
2026-01-26 12:16:24,192 [INFO]   替換層 2 -> QuantModule_DiffAE_LoRA
2026-01-26 12:16:24,208 [INFO]   替換層 1 -> QuantModule_DiffAE_LoRA
2026-01-26 12:16:24,208 [INFO]   替換層 1 -> QuantModule_DiffAE_LoRA
2026-01-26 12:16:24,213 [INFO]   替換層 1 -> QuantModule_DiffAE_LoRA
2026-01-26 12:16:24,216 [INFO]   替換層 3 -> QuantModule_DiffAE_LoRA
2026-01-26 12:16:24,213 [INFO]   替換層 1 -> QuantModule_DiffAE_LoRA
2026-01-26 12:16:24,216 [INFO]   替換層 3 -> QuantModule_DiffAE_LoRA
2026-01-26 12:16:24,226 [INFO]   跳過量化 skip connection: skip_connection
2026-01-26 12:16:24,227 [INFO]   替換層 2 -> QuantModule_DiffAE_LoRA
2026-01-26 12:16:24,226 [INFO]   跳過量化 skip connection: skip_connection
2026-01-26 12:16:24,227 [INFO]   替換層 2 -> QuantModule_DiffAE_LoRA
2026-01-26 12:16:24,242 [INFO]   替換層 1 -> QuantModule_DiffAE_LoRA
2026-01-26 12:16:24,242 [INFO]   替換層 1 -> QuantModule_DiffAE_LoRA
2026-01-26 12:16:24,246 [INFO]   替換層 1 -> QuantModule_DiffAE_LoRA
2026-01-26 12:16:24,246 [INFO]   替換層 1 -> QuantModule_DiffAE_LoRA
2026-01-26 12:16:24,250 [INFO]   替換層 3 -> QuantModule_DiffAE_LoRA
2026-01-26 12:16:24,250 [INFO]   替換層 3 -> QuantModule_DiffAE_LoRA
2026-01-26 12:16:24,258 [INFO]   跳過量化 skip connection: skip_connection
2026-01-26 12:16:24,258 [INFO]   替換層 2 -> QuantModule_DiffAE_LoRA
2026-01-26 12:16:24,258 [INFO]   跳過量化 skip connection: skip_connection
2026-01-26 12:16:24,258 [INFO]   替換層 2 -> QuantModule_DiffAE_LoRA
2026-01-26 12:16:24,273 [INFO]   替換層 1 -> QuantModule_DiffAE_LoRA
2026-01-26 12:16:24,273 [INFO]   替換層 1 -> QuantModule_DiffAE_LoRA
2026-01-26 12:16:24,278 [INFO]   替換層 1 -> QuantModule_DiffAE_LoRA
2026-01-26 12:16:24,278 [INFO]   替換層 3 -> QuantModule_DiffAE_LoRA
2026-01-26 12:16:24,278 [INFO]   替換層 1 -> QuantModule_DiffAE_LoRA
2026-01-26 12:16:24,278 [INFO]   替換層 3 -> QuantModule_DiffAE_LoRA
2026-01-26 12:16:24,285 [INFO]   跳過量化 skip connection: skip_connection
2026-01-26 12:16:24,285 [INFO]   替換層 2 -> QuantModule_DiffAE_LoRA
2026-01-26 12:16:24,285 [INFO]   跳過量化 skip connection: skip_connection
2026-01-26 12:16:24,285 [INFO]   替換層 2 -> QuantModule_DiffAE_LoRA
2026-01-26 12:16:24,296 [INFO]   替換層 1 -> QuantModule_DiffAE_LoRA
2026-01-26 12:16:24,296 [INFO]   替換層 1 -> QuantModule_DiffAE_LoRA
2026-01-26 12:16:24,300 [INFO]   替換層 1 -> QuantModule_DiffAE_LoRA
2026-01-26 12:16:24,300 [INFO]   替換層 1 -> QuantModule_DiffAE_LoRA
2026-01-26 12:16:24,306 [INFO]   替換層 3 -> QuantModule_DiffAE_LoRA
2026-01-26 12:16:24,306 [INFO]   替換層 3 -> QuantModule_DiffAE_LoRA
2026-01-26 12:16:24,317 [INFO]   替換層 2 -> QuantModule_DiffAE_LoRA
2026-01-26 12:16:24,317 [INFO]   替換層 2 -> QuantModule_DiffAE_LoRA
2026-01-26 12:16:24,329 [INFO]   替換層 1 -> QuantModule_DiffAE_LoRA
2026-01-26 12:16:24,329 [INFO]   替換層 1 -> QuantModule_DiffAE_LoRA
2026-01-26 12:16:24,337 [INFO]   替換層 1 -> QuantModule_DiffAE_LoRA
2026-01-26 12:16:24,337 [INFO]   替換層 1 -> QuantModule_DiffAE_LoRA
2026-01-26 12:16:24,340 [INFO]   替換層 3 -> QuantModule_DiffAE_LoRA
2026-01-26 12:16:24,340 [INFO]   替換層 3 -> QuantModule_DiffAE_LoRA
2026-01-26 12:16:24,346 [INFO]   跳過量化 skip connection: skip_connection
2026-01-26 12:16:24,346 [INFO]   替換層 2 -> QuantModule_DiffAE_LoRA
2026-01-26 12:16:24,346 [INFO]   跳過量化 skip connection: skip_connection
2026-01-26 12:16:24,346 [INFO]   替換層 2 -> QuantModule_DiffAE_LoRA
2026-01-26 12:16:24,354 [INFO]   替換層 1 -> QuantModule_DiffAE_LoRA
2026-01-26 12:16:24,354 [INFO]   替換層 1 -> QuantModule_DiffAE_LoRA
2026-01-26 12:16:24,359 [INFO]   替換層 1 -> QuantModule_DiffAE_LoRA
2026-01-26 12:16:24,359 [INFO]   替換層 1 -> QuantModule_DiffAE_LoRA
2026-01-26 12:16:24,364 [INFO]   替換層 3 -> QuantModule_DiffAE_LoRA
2026-01-26 12:16:24,364 [INFO]   替換層 3 -> QuantModule_DiffAE_LoRA
2026-01-26 12:16:24,374 [INFO]   跳過量化 skip connection: skip_connection
2026-01-26 12:16:24,374 [INFO]   跳過量化 skip connection: skip_connection
2026-01-26 12:16:24,374 [INFO]   替換層 2 -> QuantModule_DiffAE_LoRA
2026-01-26 12:16:24,374 [INFO]   替換層 2 -> QuantModule_DiffAE_LoRA
2026-01-26 12:16:24,382 [INFO]   替換層 1 -> QuantModule_DiffAE_LoRA
2026-01-26 12:16:24,382 [INFO]   替換層 1 -> QuantModule_DiffAE_LoRA
2026-01-26 12:16:24,389 [INFO]   替換層 1 -> QuantModule_DiffAE_LoRA
2026-01-26 12:16:24,389 [INFO]   替換層 1 -> QuantModule_DiffAE_LoRA
2026-01-26 12:16:24,395 [INFO]   替換層 3 -> QuantModule_DiffAE_LoRA
2026-01-26 12:16:24,395 [INFO]   替換層 3 -> QuantModule_DiffAE_LoRA
2026-01-26 12:16:24,401 [INFO]   跳過量化 skip connection: skip_connection
2026-01-26 12:16:24,401 [INFO]   跳過量化 skip connection: skip_connection
2026-01-26 12:16:24,401 [INFO]   替換層 2 -> QuantModule_DiffAE_LoRA
2026-01-26 12:16:24,401 [INFO]   替換層 2 -> QuantModule_DiffAE_LoRA
2026-01-26 12:16:24,408 [INFO]   替換層 1 -> QuantModule_DiffAE_LoRA
2026-01-26 12:16:24,408 [INFO]   替換層 1 -> QuantModule_DiffAE_LoRA
2026-01-26 12:16:24,412 [INFO]   替換層 1 -> QuantModule_DiffAE_LoRA
2026-01-26 12:16:24,412 [INFO]   替換層 1 -> QuantModule_DiffAE_LoRA
2026-01-26 12:16:24,417 [INFO]   替換層 3 -> QuantModule_DiffAE_LoRA
2026-01-26 12:16:24,417 [INFO]   替換層 3 -> QuantModule_DiffAE_LoRA
2026-01-26 12:16:24,424 [INFO]   替換層 2 -> QuantModule_DiffAE_LoRA
2026-01-26 12:16:24,424 [INFO]   替換層 2 -> QuantModule_DiffAE_LoRA
2026-01-26 12:16:24,429 [INFO]   替換層 1 -> QuantModule_DiffAE_LoRA
2026-01-26 12:16:24,429 [INFO]   替換層 1 -> QuantModule_DiffAE_LoRA
2026-01-26 12:16:24,430 [INFO]   替換層 1 -> QuantModule_DiffAE_LoRA
2026-01-26 12:16:24,430 [INFO]   替換層 1 -> QuantModule_DiffAE_LoRA
2026-01-26 12:16:24,430 [INFO]   替換層 3 -> QuantModule_DiffAE_LoRA
2026-01-26 12:16:24,430 [INFO]   替換層 3 -> QuantModule_DiffAE_LoRA
2026-01-26 12:16:24,432 [INFO]   跳過量化 skip connection: skip_connection
2026-01-26 12:16:24,432 [INFO]   跳過量化 skip connection: skip_connection
2026-01-26 12:16:24,432 [INFO]   替換層 2 -> QuantModule_DiffAE_LoRA
2026-01-26 12:16:24,432 [INFO]   替換層 2 -> QuantModule_DiffAE_LoRA
2026-01-26 12:16:24,436 [INFO]   替換層 1 -> QuantModule_DiffAE_LoRA
2026-01-26 12:16:24,436 [INFO]   替換層 1 -> QuantModule_DiffAE_LoRA
2026-01-26 12:16:24,438 [INFO]   替換層 1 -> QuantModule_DiffAE_LoRA
2026-01-26 12:16:24,439 [INFO]   替換層 3 -> QuantModule_DiffAE_LoRA
2026-01-26 12:16:24,438 [INFO]   替換層 1 -> QuantModule_DiffAE_LoRA
2026-01-26 12:16:24,439 [INFO]   替換層 3 -> QuantModule_DiffAE_LoRA
2026-01-26 12:16:24,441 [INFO]   跳過量化 skip connection: skip_connection
2026-01-26 12:16:24,441 [INFO]   跳過量化 skip connection: skip_connection
2026-01-26 12:16:24,441 [INFO]   替換層 2 -> QuantModule_DiffAE_LoRA
2026-01-26 12:16:24,441 [INFO]   替換層 2 -> QuantModule_DiffAE_LoRA
2026-01-26 12:16:24,443 [INFO]   替換層 1 -> QuantModule_DiffAE_LoRA
2026-01-26 12:16:24,443 [INFO]   替換層 1 -> QuantModule_DiffAE_LoRA
2026-01-26 12:16:24,444 [INFO]   替換層 1 -> QuantModule_DiffAE_LoRA
2026-01-26 12:16:24,444 [INFO]   替換層 1 -> QuantModule_DiffAE_LoRA
2026-01-26 12:16:24,445 [INFO]   替換層 3 -> QuantModule_DiffAE_LoRA
2026-01-26 12:16:24,445 [INFO]   替換層 3 -> QuantModule_DiffAE_LoRA
2026-01-26 12:16:24,447 [INFO]   跳過量化 skip connection: skip_connection
2026-01-26 12:16:24,447 [INFO]   替換層 2 -> QuantModule_DiffAE_LoRA
2026-01-26 12:16:24,447 [INFO]   跳過量化 skip connection: skip_connection
2026-01-26 12:16:24,447 [INFO]   替換層 2 -> QuantModule_DiffAE_LoRA
2026-01-26 12:16:24,454 [INFO]   替換層 1 -> QuantModule_DiffAE_LoRA
2026-01-26 12:16:24,454 [INFO]   替換層 1 -> QuantModule_DiffAE_LoRA
2026-01-26 12:16:24,458 [INFO]   替換層 1 -> QuantModule_DiffAE_LoRA
2026-01-26 12:16:24,458 [INFO]   替換層 1 -> QuantModule_DiffAE_LoRA
2026-01-26 12:16:24,461 [INFO]   替換層 3 -> QuantModule_DiffAE_LoRA
2026-01-26 12:16:24,461 [INFO]   替換層 3 -> QuantModule_DiffAE_LoRA
2026-01-26 12:16:24,468 [INFO]   替換層 2 -> QuantModule_DiffAE_LoRA
2026-01-26 12:16:24,468 [INFO]   替換層 2 -> QuantModule_DiffAE_LoRA
2026-01-26 12:16:24,474 [INFO]   替換層 1 -> QuantModule_DiffAE_LoRA
2026-01-26 12:16:24,474 [INFO]   替換層 1 -> QuantModule_DiffAE_LoRA
2026-01-26 12:16:24,475 [INFO]   替換層 1 -> QuantModule_DiffAE_LoRA
2026-01-26 12:16:24,476 [INFO]   替換層 3 -> QuantModule_DiffAE_LoRA
2026-01-26 12:16:24,476 [INFO]   跳過量化 skip connection: skip_connection
2026-01-26 12:16:24,476 [INFO]   替換層 2 -> QuantModule_DiffAE_LoRA
2026-01-26 12:16:24,475 [INFO]   替換層 1 -> QuantModule_DiffAE_LoRA
2026-01-26 12:16:24,476 [INFO]   替換層 3 -> QuantModule_DiffAE_LoRA
2026-01-26 12:16:24,476 [INFO]   跳過量化 skip connection: skip_connection
2026-01-26 12:16:24,476 [INFO]   替換層 2 -> QuantModule_DiffAE_LoRA
2026-01-26 12:16:24,477 [INFO]   替換層 1 -> QuantModule_DiffAE_LoRA
2026-01-26 12:16:24,477 [INFO]   替換層 1 -> QuantModule_DiffAE_LoRA
2026-01-26 12:16:24,478 [INFO]   替換層 1 -> QuantModule_DiffAE_LoRA
2026-01-26 12:16:24,478 [INFO]   替換層 1 -> QuantModule_DiffAE_LoRA
2026-01-26 12:16:24,479 [INFO]   替換層 3 -> QuantModule_DiffAE_LoRA
2026-01-26 12:16:24,479 [INFO]   替換層 3 -> QuantModule_DiffAE_LoRA
2026-01-26 12:16:24,479 [INFO]   跳過量化 skip connection: skip_connection
2026-01-26 12:16:24,479 [INFO]   替換層 2 -> QuantModule_DiffAE_LoRA
2026-01-26 12:16:24,479 [INFO]   跳過量化 skip connection: skip_connection
2026-01-26 12:16:24,479 [INFO]   替換層 2 -> QuantModule_DiffAE_LoRA
2026-01-26 12:16:24,481 [INFO]   替換層 1 -> QuantModule_DiffAE_LoRA
2026-01-26 12:16:24,481 [INFO]   替換層 1 -> QuantModule_DiffAE_LoRA
2026-01-26 12:16:24,481 [INFO]   替換層 1 -> QuantModule_DiffAE_LoRA
2026-01-26 12:16:24,481 [INFO]   替換層 1 -> QuantModule_DiffAE_LoRA
2026-01-26 12:16:24,482 [INFO]   替換層 3 -> QuantModule_DiffAE_LoRA
2026-01-26 12:16:24,482 [INFO]   替換層 3 -> QuantModule_DiffAE_LoRA
2026-01-26 12:16:24,482 [INFO]   跳過量化 skip connection: skip_connection
2026-01-26 12:16:24,482 [INFO]   跳過量化 skip connection: skip_connection
2026-01-26 12:16:24,482 [INFO]   替換層 2 -> QuantModule_DiffAE_LoRA
2026-01-26 12:16:24,482 [INFO]   替換層 2 -> QuantModule_DiffAE_LoRA
2026-01-26 12:16:24,483 [INFO]   替換層 1 -> QuantModule_DiffAE_LoRA
2026-01-26 12:16:24,483 [INFO]   替換層 1 -> QuantModule_DiffAE_LoRA
2026-01-26 12:16:24,484 [INFO]   替換層 1 -> QuantModule_DiffAE_LoRA
2026-01-26 12:16:24,484 [INFO]   替換層 1 -> QuantModule_DiffAE_LoRA
2026-01-26 12:16:24,484 [INFO]   替換層 3 -> QuantModule_DiffAE_LoRA
2026-01-26 12:16:24,484 [INFO]   替換層 3 -> QuantModule_DiffAE_LoRA
2026-01-26 12:16:24,485 [INFO]   替換層 2 -> QuantModule_DiffAE_LoRA
2026-01-26 12:16:24,485 [INFO]   替換層 2 -> QuantModule_DiffAE_LoRA
2026-01-26 12:16:24,486 [INFO]   替換層 1 -> QuantModule_DiffAE_LoRA
2026-01-26 12:16:24,486 [INFO]   替換層 1 -> QuantModule_DiffAE_LoRA
2026-01-26 12:16:24,486 [INFO]   替換層 1 -> QuantModule_DiffAE_LoRA
2026-01-26 12:16:24,486 [INFO]   替換層 1 -> QuantModule_DiffAE_LoRA
2026-01-26 12:16:24,487 [INFO]   替換層 3 -> QuantModule_DiffAE_LoRA
2026-01-26 12:16:24,487 [INFO]   替換層 3 -> QuantModule_DiffAE_LoRA
2026-01-26 12:16:24,487 [INFO]   跳過量化 skip connection: skip_connection
2026-01-26 12:16:24,487 [INFO]   跳過量化 skip connection: skip_connection
2026-01-26 12:16:24,487 [INFO]   替換層 2 -> QuantModule_DiffAE_LoRA
2026-01-26 12:16:24,487 [INFO]   替換層 2 -> QuantModule_DiffAE_LoRA
2026-01-26 12:16:24,488 [INFO]   替換層 1 -> QuantModule_DiffAE_LoRA
2026-01-26 12:16:24,488 [INFO]   替換層 1 -> QuantModule_DiffAE_LoRA
2026-01-26 12:16:24,489 [INFO]   替換層 1 -> QuantModule_DiffAE_LoRA
2026-01-26 12:16:24,489 [INFO]   替換層 1 -> QuantModule_DiffAE_LoRA
2026-01-26 12:16:24,489 [INFO]   替換層 3 -> QuantModule_DiffAE_LoRA
2026-01-26 12:16:24,489 [INFO]   替換層 3 -> QuantModule_DiffAE_LoRA
2026-01-26 12:16:24,490 [INFO]   跳過量化 skip connection: skip_connection
2026-01-26 12:16:24,490 [INFO]   跳過量化 skip connection: skip_connection
2026-01-26 12:16:24,490 [INFO]   替換層 2 -> QuantModule_DiffAE_LoRA
2026-01-26 12:16:24,490 [INFO]   替換層 2 -> QuantModule_DiffAE_LoRA
2026-01-26 12:16:24,491 [INFO]   替換層 1 -> QuantModule_DiffAE_LoRA
2026-01-26 12:16:24,491 [INFO]   替換層 1 -> QuantModule_DiffAE_LoRA
2026-01-26 12:16:24,491 [INFO]   替換層 1 -> QuantModule_DiffAE_LoRA
2026-01-26 12:16:24,491 [INFO]   替換層 1 -> QuantModule_DiffAE_LoRA
2026-01-26 12:16:24,492 [INFO]   替換層 3 -> QuantModule_DiffAE_LoRA
2026-01-26 12:16:24,492 [INFO]   替換層 3 -> QuantModule_DiffAE_LoRA
2026-01-26 12:16:24,492 [INFO]   跳過量化 skip connection: skip_connection
2026-01-26 12:16:24,492 [INFO]   跳過量化 skip connection: skip_connection
2026-01-26 12:16:24,493 [INFO] 改造模組: out
2026-01-26 12:16:24,493 [INFO] 改造模組: out
2026-01-26 12:16:24,493 [INFO]   跳過量化特殊模組: 2
2026-01-26 12:16:24,493 [INFO]   跳過量化特殊模組: 2
2026-01-26 12:16:24,495 [INFO] 執行 'create_float_quantized_model' 完成，耗時: 0.62 秒
2026-01-26 12:16:24,495 [INFO] 執行 'create_float_quantized_model' 完成，耗時: 0.62 秒
2026-01-26 12:16:24,618 [INFO] 載入校準資料...
2026-01-26 12:16:24,618 [INFO] 載入校準資料...
2026-01-26 12:16:24,893 [INFO] ✅ 載入真實校準資料成功
2026-01-26 12:16:24,893 [INFO] ✅ 載入真實校準資料成功
2026-01-26 12:16:24,895 [INFO] ==================================================
2026-01-26 12:16:24,895 [INFO] ==================================================
2026-01-26 12:16:24,895 [INFO] 5. Setting first and last layers to 8-bit...
2026-01-26 12:16:24,895 [INFO] 5. Setting first and last layers to 8-bit...
2026-01-26 12:16:24,896 [INFO] 找到 144 個量化模組
2026-01-26 12:16:24,896 [INFO] ✅ 首尾層 8-bit 設定完成
2026-01-26 12:16:24,896 [INFO] ✅ 量化模型創建成功
2026-01-26 12:16:24,896 [INFO] set quant state to True, True for layer 1
2026-01-26 12:16:24,897 [INFO] set quant state to True, True for layer 2
2026-01-26 12:16:24,897 [INFO] set quant state to True, False for layer 3
2026-01-26 12:16:24,896 [INFO] 找到 144 個量化模組
2026-01-26 12:16:24,896 [INFO] ✅ 首尾層 8-bit 設定完成
2026-01-26 12:16:24,896 [INFO] ✅ 量化模型創建成功
2026-01-26 12:16:24,896 [INFO] set quant state to True, True for layer 1
2026-01-26 12:16:24,897 [INFO] set quant state to True, True for layer 2
2026-01-26 12:16:24,897 [INFO] set quant state to True, False for layer 3
2026-01-26 12:16:24,898 [INFO] set quant state to True, True for layer 144
2026-01-26 12:16:24,898 [INFO] set quant state to True, True for layer 144
2026-01-26 12:16:26,030 [INFO] ✅ 量化模型載入成功
2026-01-26 12:16:26,030 [INFO] === 初始化新功能模組 ===
2026-01-26 12:16:26,030 [INFO] ✅ 量化模型載入成功
2026-01-26 12:16:26,030 [INFO] === 初始化新功能模組 ===
local seed: 0
train data: 70001
val data: 70001
2026-01-26 12:16:26,055 [INFO] ✅ 基礎模型設定完成
2026-01-26 12:16:26,055 [INFO] ✅ 基礎模型設定完成
on train dataloader start ...
mean: tensor(-0.0606, device='cuda:0') std: tensor(0.0755, device='cuda:0')
2026-01-26 12:16:26,102 [INFO] ==================================================
2026-01-26 12:16:26,102 [INFO] 啟用 Similarity Analysis (L1/L2/Cosine)
2026-01-26 12:16:26,102 [INFO] FID 評估樣本數: 128
2026-01-26 12:16:26,102 [INFO] 實際收集樣本數: 20 (用於加速)
2026-01-26 12:16:26,102 [INFO] 擴散步數: 100
2026-01-26 12:16:26,102 [INFO] ==================================================
2026-01-26 12:16:26,102 [INFO] ==================================================
2026-01-26 12:16:26,102 [INFO] 啟用 Similarity Analysis (L1/L2/Cosine)
2026-01-26 12:16:26,102 [INFO] FID 評估樣本數: 128
2026-01-26 12:16:26,102 [INFO] 實際收集樣本數: 20 (用於加速)
2026-01-26 12:16:26,102 [INFO] 擴散步數: 100
2026-01-26 12:16:26,102 [INFO] ==================================================
2026-01-26 12:16:26,102 [INFO] [Similarity] 註冊 block hook: model.output_blocks.2
2026-01-26 12:16:26,102 [INFO] [Similarity] 註冊 block hook: model.output_blocks.2
2026-01-26 12:16:26,103 [INFO] [Similarity] 註冊 model step hook 完成
2026-01-26 12:16:26,103 [INFO] [Similarity] 註冊 model step hook 完成
generating images:   0%|          | 0/4 [00:00<?, ?it/s]/home/jimmy/diffae/./diffusion/base.py:329: FutureWarning: `torch.cuda.amp.autocast(args...)` is deprecated. Please use `torch.amp.autocast('cuda', args...)` instead.
  with autocast(self.conf.fp16):
2026-01-26 12:16:43,776 [INFO] [Similarity] Batch 0 完成，已收集 20 個樣本
2026-01-26 12:16:43,776 [INFO] [Similarity] Batch 0 完成，已收集 20 個樣本
generating images:  25%|██▌       | 1/4 [00:17<00:53, 17.95s/it]2026-01-26 12:17:01,497 [INFO] [Similarity] Batch 1 完成，已收集 20 個樣本
2026-01-26 12:17:01,497 [INFO] [Similarity] Batch 1 完成，已收集 20 個樣本
generating images:  50%|█████     | 2/4 [00:35<00:35, 17.90s/it]2026-01-26 12:17:19,372 [INFO] [Similarity] Batch 2 完成，已收集 20 個樣本
2026-01-26 12:17:19,372 [INFO] [Similarity] Batch 2 完成，已收集 20 個樣本
generating images:  75%|███████▌  | 3/4 [00:53<00:17, 17.87s/it]2026-01-26 12:17:35,419 [INFO] [Similarity] 已收集 80 个样本，停止数据收集（目标: 80）
2026-01-26 12:17:35,419 [INFO] [Similarity] 已收集 80 个样本，停止数据收集（目标: 80）
2026-01-26 12:17:37,210 [INFO] [Similarity] Batch 3 完成，已收集 20 個樣本
2026-01-26 12:17:37,210 [INFO] [Similarity] Batch 3 完成，已收集 20 個樣本
2026-01-26 12:17:37,509 [INFO] [Similarity] FID@128 100 steps score: 0
generating images: 100%|██████████| 4/4 [01:11<00:00, 17.82s/it]generating images: 100%|██████████| 4/4 [01:11<00:00, 17.85s/it]
2026-01-26 12:17:37,509 [INFO] [Similarity] FID@128 100 steps score: 0
2026-01-26 12:17:37,510 [INFO] [Similarity] model.output_blocks.2 cosine: min=0.802391, max=1.000000, diag_mean=1.000000, off_diag_mean=0.953817, off_diag_std=0.038782
2026-01-26 12:17:37,510 [INFO] [Similarity] model.output_blocks.2 cosine: min=0.802391, max=1.000000, diag_mean=1.000000, off_diag_mean=0.953817, off_diag_std=0.038782
2026-01-26 12:17:38,606 [INFO] ✅ Similarity Analysis 完成
2026-01-26 12:17:38,606 [INFO] ✅ Similarity Analysis 完成
2026-01-26 12:17:38,647 [INFO] 執行 'main_float_model' 完成，耗時: 77.72 秒
2026-01-26 12:17:38,647 [INFO] 執行 'main_float_model' 完成，耗時: 77.72 秒
/home/jimmy/anaconda3/envs/diffae_bw/lib/python3.10/site-packages/torchmetrics/utilities/imports.py:21: UserWarning: pkg_resources is deprecated as an API. See https://setuptools.pypa.io/en/latest/pkg_resources.html. The pkg_resources package is slated for removal as early as 2025-11-30. Refrain from using this package or pin to Setuptools<81.
  from pkg_resources import DistributionNotFound, get_distribution
使用自動混合精度: torch.bfloat16
[設定] Log 檔案已設為: QATcode/cache_method/L1_L2_cosine/logs/similarity_model_output_blocks_2.log
2026-03-20 19:23:09,578 [INFO] Using 100 steps
2026-03-20 19:23:09,578 [INFO] Using 100 steps
2026-03-20 19:23:09,579 [INFO] Using 50000 evaluation samples
2026-03-20 19:23:09,579 [INFO] Using 50000 evaluation samples
2026-03-20 19:23:09,579 [INFO] Cache enabled: False, method: Res, threshold: 0.1
2026-03-20 19:23:09,579 [INFO] Cache enabled: False, method: Res, threshold: 0.1
2026-03-20 19:23:09,579 [INFO] Quantitative analysis enabled: False, samples: 10
2026-03-20 19:23:09,579 [INFO] Quantitative analysis enabled: False, samples: 10
2026-03-20 19:23:09,579 [INFO] Log file: QATcode/cache_method/L1_L2_cosine/logs/similarity_model_output_blocks_2.log
2026-03-20 19:23:09,579 [INFO] Log file: QATcode/cache_method/L1_L2_cosine/logs/similarity_model_output_blocks_2.log
2026-03-20 19:23:09,579 [INFO] ==================================================
2026-03-20 19:23:09,579 [INFO] ==================================================
2026-03-20 19:23:09,579 [INFO] Diff-AE EfficientDM Step 7 : 生成圖片
2026-03-20 19:23:09,579 [INFO] Diff-AE EfficientDM Step 7 : 生成圖片
2026-03-20 19:23:09,579 [INFO] ==================================================
2026-03-20 19:23:09,579 [INFO] ==================================================
2026-03-20 19:23:09,579 [INFO] 使用設備: cuda
2026-03-20 19:23:09,579 [INFO] 使用設備: cuda
2026-03-20 19:23:09,579 [INFO] === 新功能狀態 ===
2026-03-20 19:23:09,579 [INFO] === 新功能狀態 ===
2026-03-20 19:23:09,579 [INFO] 載入 Diff-AE 模型: checkpoints/ffhq128_autoenc_latent/last.ckpt
2026-03-20 19:23:09,579 [INFO] 載入 Diff-AE 模型: checkpoints/ffhq128_autoenc_latent/last.ckpt
Global seed set to 0
2026-03-20 19:23:11,362 [INFO] Diff-AE 模型載入完成
2026-03-20 19:23:11,362 [INFO] Diff-AE 模型載入完成
2026-03-20 19:23:11,394 [INFO] 執行 'load_diffae_model' 完成，耗時: 1.82 秒
2026-03-20 19:23:11,394 [INFO] 執行 'load_diffae_model' 完成，耗時: 1.82 秒
2026-03-20 19:23:11,394 [INFO] ✅ Diff-AE 模型載入成功
2026-03-20 19:23:11,394 [INFO] ✅ Diff-AE 模型載入成功
2026-03-20 19:23:11,394 [INFO] base_model.conf.train_mode: TrainMode.latent_diffusion
2026-03-20 19:23:11,394 [INFO] base_model.conf.train_mode: TrainMode.latent_diffusion
2026-03-20 19:23:11,395 [INFO] === 創建 LoRA 量化模型 ===
2026-03-20 19:23:11,395 [INFO] === 創建 LoRA 量化模型 ===
2026-03-20 19:23:11,395 [INFO] === 開始 UNet LoRA 量化改造 ===
2026-03-20 19:23:11,395 [INFO] === 開始 UNet LoRA 量化改造 ===
2026-03-20 19:23:11,395 [INFO] 改造模組: time_embed
2026-03-20 19:23:11,395 [INFO] 改造模組: time_embed
2026-03-20 19:23:11,395 [INFO]   跳過量化特殊模組: 0
2026-03-20 19:23:11,395 [INFO]   跳過量化特殊模組: 0
2026-03-20 19:23:11,395 [INFO]   跳過量化特殊模組: 2
2026-03-20 19:23:11,395 [INFO]   跳過量化特殊模組: 2
2026-03-20 19:23:11,395 [INFO] 改造模組: input_blocks
2026-03-20 19:23:11,395 [INFO] 改造模組: input_blocks
2026-03-20 19:23:11,395 [INFO]   跳過量化特殊模組: 0
2026-03-20 19:23:11,395 [INFO]   跳過量化特殊模組: 0
2026-03-20 19:23:11,395 [INFO]   替換層 2 -> QuantModule_DiffAE_LoRA
2026-03-20 19:23:11,395 [INFO]   替換層 2 -> QuantModule_DiffAE_LoRA
2026-03-20 19:23:11,458 [INFO]   替換層 1 -> QuantModule_DiffAE_LoRA
2026-03-20 19:23:11,458 [INFO]   替換層 1 -> QuantModule_DiffAE_LoRA
2026-03-20 19:23:11,459 [INFO]   替換層 1 -> QuantModule_DiffAE_LoRA
2026-03-20 19:23:11,459 [INFO]   替換層 1 -> QuantModule_DiffAE_LoRA
2026-03-20 19:23:11,459 [INFO]   替換層 3 -> QuantModule_DiffAE_LoRA
2026-03-20 19:23:11,459 [INFO]   替換層 3 -> QuantModule_DiffAE_LoRA
2026-03-20 19:23:11,460 [INFO]   替換層 2 -> QuantModule_DiffAE_LoRA
2026-03-20 19:23:11,460 [INFO]   替換層 2 -> QuantModule_DiffAE_LoRA
2026-03-20 19:23:11,461 [INFO]   替換層 1 -> QuantModule_DiffAE_LoRA
2026-03-20 19:23:11,461 [INFO]   替換層 1 -> QuantModule_DiffAE_LoRA
2026-03-20 19:23:11,462 [INFO]   替換層 1 -> QuantModule_DiffAE_LoRA
2026-03-20 19:23:11,462 [INFO]   替換層 1 -> QuantModule_DiffAE_LoRA
2026-03-20 19:23:11,462 [INFO]   替換層 3 -> QuantModule_DiffAE_LoRA
2026-03-20 19:23:11,462 [INFO]   替換層 3 -> QuantModule_DiffAE_LoRA
2026-03-20 19:23:11,463 [INFO]   替換層 2 -> QuantModule_DiffAE_LoRA
2026-03-20 19:23:11,463 [INFO]   替換層 2 -> QuantModule_DiffAE_LoRA
2026-03-20 19:23:11,464 [INFO]   替換層 1 -> QuantModule_DiffAE_LoRA
2026-03-20 19:23:11,464 [INFO]   替換層 1 -> QuantModule_DiffAE_LoRA
2026-03-20 19:23:11,465 [INFO]   替換層 1 -> QuantModule_DiffAE_LoRA
2026-03-20 19:23:11,465 [INFO]   替換層 1 -> QuantModule_DiffAE_LoRA
2026-03-20 19:23:11,466 [INFO]   替換層 3 -> QuantModule_DiffAE_LoRA
2026-03-20 19:23:11,466 [INFO]   替換層 3 -> QuantModule_DiffAE_LoRA
2026-03-20 19:23:11,467 [INFO]   替換層 2 -> QuantModule_DiffAE_LoRA
2026-03-20 19:23:11,467 [INFO]   替換層 2 -> QuantModule_DiffAE_LoRA
2026-03-20 19:23:11,467 [INFO]   替換層 1 -> QuantModule_DiffAE_LoRA
2026-03-20 19:23:11,467 [INFO]   替換層 1 -> QuantModule_DiffAE_LoRA
2026-03-20 19:23:11,468 [INFO]   替換層 1 -> QuantModule_DiffAE_LoRA
2026-03-20 19:23:11,468 [INFO]   替換層 1 -> QuantModule_DiffAE_LoRA
2026-03-20 19:23:11,469 [INFO]   替換層 3 -> QuantModule_DiffAE_LoRA
2026-03-20 19:23:11,469 [INFO]   替換層 3 -> QuantModule_DiffAE_LoRA
2026-03-20 19:23:11,469 [INFO]   替換層 2 -> QuantModule_DiffAE_LoRA
2026-03-20 19:23:11,469 [INFO]   替換層 2 -> QuantModule_DiffAE_LoRA
2026-03-20 19:23:11,470 [INFO]   替換層 1 -> QuantModule_DiffAE_LoRA
2026-03-20 19:23:11,470 [INFO]   替換層 1 -> QuantModule_DiffAE_LoRA
2026-03-20 19:23:11,471 [INFO]   替換層 1 -> QuantModule_DiffAE_LoRA
2026-03-20 19:23:11,471 [INFO]   替換層 1 -> QuantModule_DiffAE_LoRA
2026-03-20 19:23:11,471 [INFO]   替換層 3 -> QuantModule_DiffAE_LoRA
2026-03-20 19:23:11,471 [INFO]   替換層 3 -> QuantModule_DiffAE_LoRA
2026-03-20 19:23:11,472 [INFO]   替換層 2 -> QuantModule_DiffAE_LoRA
2026-03-20 19:23:11,472 [INFO]   替換層 2 -> QuantModule_DiffAE_LoRA
2026-03-20 19:23:11,473 [INFO]   替換層 1 -> QuantModule_DiffAE_LoRA
2026-03-20 19:23:11,473 [INFO]   替換層 1 -> QuantModule_DiffAE_LoRA
2026-03-20 19:23:11,474 [INFO]   替換層 1 -> QuantModule_DiffAE_LoRA
2026-03-20 19:23:11,474 [INFO]   替換層 1 -> QuantModule_DiffAE_LoRA
2026-03-20 19:23:11,474 [INFO]   替換層 3 -> QuantModule_DiffAE_LoRA
2026-03-20 19:23:11,474 [INFO]   替換層 3 -> QuantModule_DiffAE_LoRA
2026-03-20 19:23:11,475 [INFO]   替換層 2 -> QuantModule_DiffAE_LoRA
2026-03-20 19:23:11,475 [INFO]   替換層 2 -> QuantModule_DiffAE_LoRA
2026-03-20 19:23:11,476 [INFO]   替換層 1 -> QuantModule_DiffAE_LoRA
2026-03-20 19:23:11,476 [INFO]   替換層 1 -> QuantModule_DiffAE_LoRA
2026-03-20 19:23:11,477 [INFO]   替換層 1 -> QuantModule_DiffAE_LoRA
2026-03-20 19:23:11,477 [INFO]   替換層 1 -> QuantModule_DiffAE_LoRA
2026-03-20 19:23:11,478 [INFO]   替換層 3 -> QuantModule_DiffAE_LoRA
2026-03-20 19:23:11,478 [INFO]   替換層 3 -> QuantModule_DiffAE_LoRA
2026-03-20 19:23:11,480 [INFO]   跳過量化 skip connection: skip_connection
2026-03-20 19:23:11,480 [INFO]   跳過量化 skip connection: skip_connection
2026-03-20 19:23:11,480 [INFO]   替換層 2 -> QuantModule_DiffAE_LoRA
2026-03-20 19:23:11,480 [INFO]   替換層 2 -> QuantModule_DiffAE_LoRA
2026-03-20 19:23:11,482 [INFO]   替換層 1 -> QuantModule_DiffAE_LoRA
2026-03-20 19:23:11,482 [INFO]   替換層 1 -> QuantModule_DiffAE_LoRA
2026-03-20 19:23:11,483 [INFO]   替換層 1 -> QuantModule_DiffAE_LoRA
2026-03-20 19:23:11,483 [INFO]   替換層 1 -> QuantModule_DiffAE_LoRA
2026-03-20 19:23:11,483 [INFO]   替換層 3 -> QuantModule_DiffAE_LoRA
2026-03-20 19:23:11,483 [INFO]   替換層 3 -> QuantModule_DiffAE_LoRA
2026-03-20 19:23:11,485 [INFO]   替換層 2 -> QuantModule_DiffAE_LoRA
2026-03-20 19:23:11,485 [INFO]   替換層 2 -> QuantModule_DiffAE_LoRA
2026-03-20 19:23:11,487 [INFO]   替換層 1 -> QuantModule_DiffAE_LoRA
2026-03-20 19:23:11,487 [INFO]   替換層 1 -> QuantModule_DiffAE_LoRA
2026-03-20 19:23:11,488 [INFO]   替換層 1 -> QuantModule_DiffAE_LoRA
2026-03-20 19:23:11,488 [INFO]   替換層 1 -> QuantModule_DiffAE_LoRA
2026-03-20 19:23:11,489 [INFO]   替換層 3 -> QuantModule_DiffAE_LoRA
2026-03-20 19:23:11,489 [INFO]   替換層 3 -> QuantModule_DiffAE_LoRA
2026-03-20 19:23:11,491 [INFO]   替換層 2 -> QuantModule_DiffAE_LoRA
2026-03-20 19:23:11,491 [INFO]   替換層 2 -> QuantModule_DiffAE_LoRA
2026-03-20 19:23:11,494 [INFO]   替換層 1 -> QuantModule_DiffAE_LoRA
2026-03-20 19:23:11,494 [INFO]   替換層 1 -> QuantModule_DiffAE_LoRA
2026-03-20 19:23:11,495 [INFO]   替換層 1 -> QuantModule_DiffAE_LoRA
2026-03-20 19:23:11,495 [INFO]   替換層 1 -> QuantModule_DiffAE_LoRA
2026-03-20 19:23:11,496 [INFO]   替換層 3 -> QuantModule_DiffAE_LoRA
2026-03-20 19:23:11,496 [INFO]   替換層 3 -> QuantModule_DiffAE_LoRA
2026-03-20 19:23:11,501 [INFO]   跳過量化 skip connection: skip_connection
2026-03-20 19:23:11,501 [INFO]   跳過量化 skip connection: skip_connection
2026-03-20 19:23:11,501 [INFO]   替換層 2 -> QuantModule_DiffAE_LoRA
2026-03-20 19:23:11,501 [INFO]   替換層 2 -> QuantModule_DiffAE_LoRA
2026-03-20 19:23:11,506 [INFO]   替換層 1 -> QuantModule_DiffAE_LoRA
2026-03-20 19:23:11,506 [INFO]   替換層 1 -> QuantModule_DiffAE_LoRA
2026-03-20 19:23:11,508 [INFO]   替換層 1 -> QuantModule_DiffAE_LoRA
2026-03-20 19:23:11,508 [INFO]   替換層 1 -> QuantModule_DiffAE_LoRA
2026-03-20 19:23:11,509 [INFO]   替換層 3 -> QuantModule_DiffAE_LoRA
2026-03-20 19:23:11,509 [INFO]   替換層 3 -> QuantModule_DiffAE_LoRA
2026-03-20 19:23:11,514 [INFO]   替換層 2 -> QuantModule_DiffAE_LoRA
2026-03-20 19:23:11,514 [INFO]   替換層 2 -> QuantModule_DiffAE_LoRA
2026-03-20 19:23:11,519 [INFO]   替換層 1 -> QuantModule_DiffAE_LoRA
2026-03-20 19:23:11,519 [INFO]   替換層 1 -> QuantModule_DiffAE_LoRA
2026-03-20 19:23:11,520 [INFO]   替換層 1 -> QuantModule_DiffAE_LoRA
2026-03-20 19:23:11,520 [INFO]   替換層 1 -> QuantModule_DiffAE_LoRA
2026-03-20 19:23:11,521 [INFO]   替換層 3 -> QuantModule_DiffAE_LoRA
2026-03-20 19:23:11,521 [INFO]   替換層 3 -> QuantModule_DiffAE_LoRA
2026-03-20 19:23:11,526 [INFO]   替換層 2 -> QuantModule_DiffAE_LoRA
2026-03-20 19:23:11,526 [INFO]   替換層 2 -> QuantModule_DiffAE_LoRA
2026-03-20 19:23:11,533 [INFO]   替換層 1 -> QuantModule_DiffAE_LoRA
2026-03-20 19:23:11,533 [INFO]   替換層 1 -> QuantModule_DiffAE_LoRA
2026-03-20 19:23:11,534 [INFO]   替換層 1 -> QuantModule_DiffAE_LoRA
2026-03-20 19:23:11,534 [INFO]   替換層 1 -> QuantModule_DiffAE_LoRA
2026-03-20 19:23:11,535 [INFO]   替換層 3 -> QuantModule_DiffAE_LoRA
2026-03-20 19:23:11,535 [INFO]   替換層 3 -> QuantModule_DiffAE_LoRA
2026-03-20 19:23:11,542 [INFO]   跳過量化 skip connection: skip_connection
2026-03-20 19:23:11,542 [INFO]   跳過量化 skip connection: skip_connection
2026-03-20 19:23:11,542 [INFO]   替換層 2 -> QuantModule_DiffAE_LoRA
2026-03-20 19:23:11,542 [INFO]   替換層 2 -> QuantModule_DiffAE_LoRA
2026-03-20 19:23:11,551 [INFO]   替換層 1 -> QuantModule_DiffAE_LoRA
2026-03-20 19:23:11,551 [INFO]   替換層 1 -> QuantModule_DiffAE_LoRA
2026-03-20 19:23:11,552 [INFO]   替換層 1 -> QuantModule_DiffAE_LoRA
2026-03-20 19:23:11,552 [INFO]   替換層 1 -> QuantModule_DiffAE_LoRA
2026-03-20 19:23:11,553 [INFO]   替換層 3 -> QuantModule_DiffAE_LoRA
2026-03-20 19:23:11,553 [INFO]   替換層 3 -> QuantModule_DiffAE_LoRA
2026-03-20 19:23:11,560 [INFO] 改造模組: middle_block
2026-03-20 19:23:11,560 [INFO] 改造模組: middle_block
2026-03-20 19:23:11,560 [INFO]   替換層 2 -> QuantModule_DiffAE_LoRA
2026-03-20 19:23:11,560 [INFO]   替換層 2 -> QuantModule_DiffAE_LoRA
2026-03-20 19:23:11,569 [INFO]   替換層 1 -> QuantModule_DiffAE_LoRA
2026-03-20 19:23:11,569 [INFO]   替換層 1 -> QuantModule_DiffAE_LoRA
2026-03-20 19:23:11,571 [INFO]   替換層 1 -> QuantModule_DiffAE_LoRA
2026-03-20 19:23:11,571 [INFO]   替換層 1 -> QuantModule_DiffAE_LoRA
2026-03-20 19:23:11,572 [INFO]   替換層 3 -> QuantModule_DiffAE_LoRA
2026-03-20 19:23:11,572 [INFO]   替換層 3 -> QuantModule_DiffAE_LoRA
2026-03-20 19:23:11,578 [INFO]   替換層 2 -> QuantModule_DiffAE_LoRA
2026-03-20 19:23:11,578 [INFO]   替換層 2 -> QuantModule_DiffAE_LoRA
2026-03-20 19:23:11,587 [INFO]   替換層 1 -> QuantModule_DiffAE_LoRA
2026-03-20 19:23:11,587 [INFO]   替換層 1 -> QuantModule_DiffAE_LoRA
2026-03-20 19:23:11,589 [INFO]   替換層 1 -> QuantModule_DiffAE_LoRA
2026-03-20 19:23:11,589 [INFO]   替換層 1 -> QuantModule_DiffAE_LoRA
2026-03-20 19:23:11,590 [INFO]   替換層 3 -> QuantModule_DiffAE_LoRA
2026-03-20 19:23:11,590 [INFO]   替換層 3 -> QuantModule_DiffAE_LoRA
2026-03-20 19:23:11,598 [INFO] 改造模組: output_blocks
2026-03-20 19:23:11,598 [INFO] 改造模組: output_blocks
2026-03-20 19:23:11,599 [INFO]   替換層 2 -> QuantModule_DiffAE_LoRA
2026-03-20 19:23:11,599 [INFO]   替換層 2 -> QuantModule_DiffAE_LoRA
2026-03-20 19:23:11,612 [INFO]   替換層 1 -> QuantModule_DiffAE_LoRA
2026-03-20 19:23:11,612 [INFO]   替換層 1 -> QuantModule_DiffAE_LoRA
2026-03-20 19:23:11,615 [INFO]   替換層 1 -> QuantModule_DiffAE_LoRA
2026-03-20 19:23:11,615 [INFO]   替換層 1 -> QuantModule_DiffAE_LoRA
2026-03-20 19:23:11,616 [INFO]   替換層 3 -> QuantModule_DiffAE_LoRA
2026-03-20 19:23:11,616 [INFO]   替換層 3 -> QuantModule_DiffAE_LoRA
2026-03-20 19:23:11,625 [INFO]   跳過量化 skip connection: skip_connection
2026-03-20 19:23:11,625 [INFO]   跳過量化 skip connection: skip_connection
2026-03-20 19:23:11,625 [INFO]   替換層 2 -> QuantModule_DiffAE_LoRA
2026-03-20 19:23:11,625 [INFO]   替換層 2 -> QuantModule_DiffAE_LoRA
2026-03-20 19:23:11,640 [INFO]   替換層 1 -> QuantModule_DiffAE_LoRA
2026-03-20 19:23:11,640 [INFO]   替換層 1 -> QuantModule_DiffAE_LoRA
2026-03-20 19:23:11,642 [INFO]   替換層 1 -> QuantModule_DiffAE_LoRA
2026-03-20 19:23:11,642 [INFO]   替換層 1 -> QuantModule_DiffAE_LoRA
2026-03-20 19:23:11,644 [INFO]   替換層 3 -> QuantModule_DiffAE_LoRA
2026-03-20 19:23:11,644 [INFO]   替換層 3 -> QuantModule_DiffAE_LoRA
2026-03-20 19:23:11,651 [INFO]   跳過量化 skip connection: skip_connection
2026-03-20 19:23:11,651 [INFO]   跳過量化 skip connection: skip_connection
2026-03-20 19:23:11,652 [INFO]   替換層 2 -> QuantModule_DiffAE_LoRA
2026-03-20 19:23:11,652 [INFO]   替換層 2 -> QuantModule_DiffAE_LoRA
2026-03-20 19:23:11,667 [INFO]   替換層 1 -> QuantModule_DiffAE_LoRA
2026-03-20 19:23:11,667 [INFO]   替換層 1 -> QuantModule_DiffAE_LoRA
2026-03-20 19:23:11,670 [INFO]   替換層 1 -> QuantModule_DiffAE_LoRA
2026-03-20 19:23:11,670 [INFO]   替換層 1 -> QuantModule_DiffAE_LoRA
2026-03-20 19:23:11,671 [INFO]   替換層 3 -> QuantModule_DiffAE_LoRA
2026-03-20 19:23:11,671 [INFO]   替換層 3 -> QuantModule_DiffAE_LoRA
2026-03-20 19:23:11,683 [INFO]   跳過量化 skip connection: skip_connection
2026-03-20 19:23:11,683 [INFO]   跳過量化 skip connection: skip_connection
2026-03-20 19:23:11,683 [INFO]   替換層 2 -> QuantModule_DiffAE_LoRA
2026-03-20 19:23:11,683 [INFO]   替換層 2 -> QuantModule_DiffAE_LoRA
2026-03-20 19:23:11,694 [INFO]   替換層 1 -> QuantModule_DiffAE_LoRA
2026-03-20 19:23:11,694 [INFO]   替換層 1 -> QuantModule_DiffAE_LoRA
2026-03-20 19:23:11,696 [INFO]   替換層 1 -> QuantModule_DiffAE_LoRA
2026-03-20 19:23:11,696 [INFO]   替換層 1 -> QuantModule_DiffAE_LoRA
2026-03-20 19:23:11,697 [INFO]   替換層 3 -> QuantModule_DiffAE_LoRA
2026-03-20 19:23:11,697 [INFO]   替換層 3 -> QuantModule_DiffAE_LoRA
2026-03-20 19:23:11,704 [INFO]   替換層 2 -> QuantModule_DiffAE_LoRA
2026-03-20 19:23:11,704 [INFO]   替換層 2 -> QuantModule_DiffAE_LoRA
2026-03-20 19:23:11,713 [INFO]   替換層 1 -> QuantModule_DiffAE_LoRA
2026-03-20 19:23:11,713 [INFO]   替換層 1 -> QuantModule_DiffAE_LoRA
2026-03-20 19:23:11,715 [INFO]   替換層 1 -> QuantModule_DiffAE_LoRA
2026-03-20 19:23:11,715 [INFO]   替換層 1 -> QuantModule_DiffAE_LoRA
2026-03-20 19:23:11,716 [INFO]   替換層 3 -> QuantModule_DiffAE_LoRA
2026-03-20 19:23:11,716 [INFO]   替換層 3 -> QuantModule_DiffAE_LoRA
2026-03-20 19:23:11,722 [INFO]   跳過量化 skip connection: skip_connection
2026-03-20 19:23:11,722 [INFO]   跳過量化 skip connection: skip_connection
2026-03-20 19:23:11,722 [INFO]   替換層 2 -> QuantModule_DiffAE_LoRA
2026-03-20 19:23:11,722 [INFO]   替換層 2 -> QuantModule_DiffAE_LoRA
2026-03-20 19:23:11,730 [INFO]   替換層 1 -> QuantModule_DiffAE_LoRA
2026-03-20 19:23:11,730 [INFO]   替換層 1 -> QuantModule_DiffAE_LoRA
2026-03-20 19:23:11,732 [INFO]   替換層 1 -> QuantModule_DiffAE_LoRA
2026-03-20 19:23:11,732 [INFO]   替換層 1 -> QuantModule_DiffAE_LoRA
2026-03-20 19:23:11,733 [INFO]   替換層 3 -> QuantModule_DiffAE_LoRA
2026-03-20 19:23:11,733 [INFO]   替換層 3 -> QuantModule_DiffAE_LoRA
2026-03-20 19:23:11,738 [INFO]   跳過量化 skip connection: skip_connection
2026-03-20 19:23:11,738 [INFO]   跳過量化 skip connection: skip_connection
2026-03-20 19:23:11,738 [INFO]   替換層 2 -> QuantModule_DiffAE_LoRA
2026-03-20 19:23:11,738 [INFO]   替換層 2 -> QuantModule_DiffAE_LoRA
2026-03-20 19:23:11,746 [INFO]   替換層 1 -> QuantModule_DiffAE_LoRA
2026-03-20 19:23:11,746 [INFO]   替換層 1 -> QuantModule_DiffAE_LoRA
2026-03-20 19:23:11,748 [INFO]   替換層 1 -> QuantModule_DiffAE_LoRA
2026-03-20 19:23:11,748 [INFO]   替換層 1 -> QuantModule_DiffAE_LoRA
2026-03-20 19:23:11,749 [INFO]   替換層 3 -> QuantModule_DiffAE_LoRA
2026-03-20 19:23:11,749 [INFO]   替換層 3 -> QuantModule_DiffAE_LoRA
2026-03-20 19:23:11,755 [INFO]   跳過量化 skip connection: skip_connection
2026-03-20 19:23:11,755 [INFO]   跳過量化 skip connection: skip_connection
2026-03-20 19:23:11,755 [INFO]   替換層 2 -> QuantModule_DiffAE_LoRA
2026-03-20 19:23:11,755 [INFO]   替換層 2 -> QuantModule_DiffAE_LoRA
2026-03-20 19:23:11,760 [INFO]   替換層 1 -> QuantModule_DiffAE_LoRA
2026-03-20 19:23:11,760 [INFO]   替換層 1 -> QuantModule_DiffAE_LoRA
2026-03-20 19:23:11,761 [INFO]   替換層 1 -> QuantModule_DiffAE_LoRA
2026-03-20 19:23:11,761 [INFO]   替換層 1 -> QuantModule_DiffAE_LoRA
2026-03-20 19:23:11,762 [INFO]   替換層 3 -> QuantModule_DiffAE_LoRA
2026-03-20 19:23:11,762 [INFO]   替換層 3 -> QuantModule_DiffAE_LoRA
2026-03-20 19:23:11,767 [INFO]   替換層 2 -> QuantModule_DiffAE_LoRA
2026-03-20 19:23:11,767 [INFO]   替換層 2 -> QuantModule_DiffAE_LoRA
2026-03-20 19:23:11,772 [INFO]   替換層 1 -> QuantModule_DiffAE_LoRA
2026-03-20 19:23:11,772 [INFO]   替換層 1 -> QuantModule_DiffAE_LoRA
2026-03-20 19:23:11,773 [INFO]   替換層 1 -> QuantModule_DiffAE_LoRA
2026-03-20 19:23:11,773 [INFO]   替換層 1 -> QuantModule_DiffAE_LoRA
2026-03-20 19:23:11,774 [INFO]   替換層 3 -> QuantModule_DiffAE_LoRA
2026-03-20 19:23:11,774 [INFO]   替換層 3 -> QuantModule_DiffAE_LoRA
2026-03-20 19:23:11,776 [INFO]   跳過量化 skip connection: skip_connection
2026-03-20 19:23:11,776 [INFO]   跳過量化 skip connection: skip_connection
2026-03-20 19:23:11,776 [INFO]   替換層 2 -> QuantModule_DiffAE_LoRA
2026-03-20 19:23:11,776 [INFO]   替換層 2 -> QuantModule_DiffAE_LoRA
2026-03-20 19:23:11,781 [INFO]   替換層 1 -> QuantModule_DiffAE_LoRA
2026-03-20 19:23:11,781 [INFO]   替換層 1 -> QuantModule_DiffAE_LoRA
2026-03-20 19:23:11,782 [INFO]   替換層 1 -> QuantModule_DiffAE_LoRA
2026-03-20 19:23:11,782 [INFO]   替換層 1 -> QuantModule_DiffAE_LoRA
2026-03-20 19:23:11,783 [INFO]   替換層 3 -> QuantModule_DiffAE_LoRA
2026-03-20 19:23:11,783 [INFO]   替換層 3 -> QuantModule_DiffAE_LoRA
2026-03-20 19:23:11,785 [INFO]   跳過量化 skip connection: skip_connection
2026-03-20 19:23:11,785 [INFO]   跳過量化 skip connection: skip_connection
2026-03-20 19:23:11,785 [INFO]   替換層 2 -> QuantModule_DiffAE_LoRA
2026-03-20 19:23:11,785 [INFO]   替換層 2 -> QuantModule_DiffAE_LoRA
2026-03-20 19:23:11,789 [INFO]   替換層 1 -> QuantModule_DiffAE_LoRA
2026-03-20 19:23:11,789 [INFO]   替換層 1 -> QuantModule_DiffAE_LoRA
2026-03-20 19:23:11,790 [INFO]   替換層 1 -> QuantModule_DiffAE_LoRA
2026-03-20 19:23:11,790 [INFO]   替換層 1 -> QuantModule_DiffAE_LoRA
2026-03-20 19:23:11,791 [INFO]   替換層 3 -> QuantModule_DiffAE_LoRA
2026-03-20 19:23:11,791 [INFO]   替換層 3 -> QuantModule_DiffAE_LoRA
2026-03-20 19:23:11,793 [INFO]   跳過量化 skip connection: skip_connection
2026-03-20 19:23:11,793 [INFO]   跳過量化 skip connection: skip_connection
2026-03-20 19:23:11,793 [INFO]   替換層 2 -> QuantModule_DiffAE_LoRA
2026-03-20 19:23:11,793 [INFO]   替換層 2 -> QuantModule_DiffAE_LoRA
2026-03-20 19:23:11,796 [INFO]   替換層 1 -> QuantModule_DiffAE_LoRA
2026-03-20 19:23:11,796 [INFO]   替換層 1 -> QuantModule_DiffAE_LoRA
2026-03-20 19:23:11,796 [INFO]   替換層 1 -> QuantModule_DiffAE_LoRA
2026-03-20 19:23:11,796 [INFO]   替換層 1 -> QuantModule_DiffAE_LoRA
2026-03-20 19:23:11,797 [INFO]   替換層 3 -> QuantModule_DiffAE_LoRA
2026-03-20 19:23:11,797 [INFO]   替換層 3 -> QuantModule_DiffAE_LoRA
2026-03-20 19:23:11,799 [INFO]   替換層 2 -> QuantModule_DiffAE_LoRA
2026-03-20 19:23:11,799 [INFO]   替換層 2 -> QuantModule_DiffAE_LoRA
2026-03-20 19:23:11,802 [INFO]   替換層 1 -> QuantModule_DiffAE_LoRA
2026-03-20 19:23:11,802 [INFO]   替換層 1 -> QuantModule_DiffAE_LoRA
2026-03-20 19:23:11,802 [INFO]   替換層 1 -> QuantModule_DiffAE_LoRA
2026-03-20 19:23:11,802 [INFO]   替換層 1 -> QuantModule_DiffAE_LoRA
2026-03-20 19:23:11,803 [INFO]   替換層 3 -> QuantModule_DiffAE_LoRA
2026-03-20 19:23:11,803 [INFO]   替換層 3 -> QuantModule_DiffAE_LoRA
2026-03-20 19:23:11,804 [INFO]   跳過量化 skip connection: skip_connection
2026-03-20 19:23:11,804 [INFO]   跳過量化 skip connection: skip_connection
2026-03-20 19:23:11,804 [INFO]   替換層 2 -> QuantModule_DiffAE_LoRA
2026-03-20 19:23:11,804 [INFO]   替換層 2 -> QuantModule_DiffAE_LoRA
2026-03-20 19:23:11,805 [INFO]   替換層 1 -> QuantModule_DiffAE_LoRA
2026-03-20 19:23:11,805 [INFO]   替換層 1 -> QuantModule_DiffAE_LoRA
2026-03-20 19:23:11,806 [INFO]   替換層 1 -> QuantModule_DiffAE_LoRA
2026-03-20 19:23:11,806 [INFO]   替換層 1 -> QuantModule_DiffAE_LoRA
2026-03-20 19:23:11,806 [INFO]   替換層 3 -> QuantModule_DiffAE_LoRA
2026-03-20 19:23:11,806 [INFO]   替換層 3 -> QuantModule_DiffAE_LoRA
2026-03-20 19:23:11,807 [INFO]   跳過量化 skip connection: skip_connection
2026-03-20 19:23:11,807 [INFO]   跳過量化 skip connection: skip_connection
2026-03-20 19:23:11,807 [INFO]   替換層 2 -> QuantModule_DiffAE_LoRA
2026-03-20 19:23:11,807 [INFO]   替換層 2 -> QuantModule_DiffAE_LoRA
2026-03-20 19:23:11,808 [INFO]   替換層 1 -> QuantModule_DiffAE_LoRA
2026-03-20 19:23:11,808 [INFO]   替換層 1 -> QuantModule_DiffAE_LoRA
2026-03-20 19:23:11,809 [INFO]   替換層 1 -> QuantModule_DiffAE_LoRA
2026-03-20 19:23:11,809 [INFO]   替換層 1 -> QuantModule_DiffAE_LoRA
2026-03-20 19:23:11,809 [INFO]   替換層 3 -> QuantModule_DiffAE_LoRA
2026-03-20 19:23:11,809 [INFO]   替換層 3 -> QuantModule_DiffAE_LoRA
2026-03-20 19:23:11,810 [INFO]   跳過量化 skip connection: skip_connection
2026-03-20 19:23:11,810 [INFO]   跳過量化 skip connection: skip_connection
2026-03-20 19:23:11,810 [INFO]   替換層 2 -> QuantModule_DiffAE_LoRA
2026-03-20 19:23:11,810 [INFO]   替換層 2 -> QuantModule_DiffAE_LoRA
2026-03-20 19:23:11,811 [INFO]   替換層 1 -> QuantModule_DiffAE_LoRA
2026-03-20 19:23:11,811 [INFO]   替換層 1 -> QuantModule_DiffAE_LoRA
2026-03-20 19:23:11,812 [INFO]   替換層 1 -> QuantModule_DiffAE_LoRA
2026-03-20 19:23:11,812 [INFO]   替換層 1 -> QuantModule_DiffAE_LoRA
2026-03-20 19:23:11,812 [INFO]   替換層 3 -> QuantModule_DiffAE_LoRA
2026-03-20 19:23:11,812 [INFO]   替換層 3 -> QuantModule_DiffAE_LoRA
2026-03-20 19:23:11,813 [INFO]   替換層 2 -> QuantModule_DiffAE_LoRA
2026-03-20 19:23:11,813 [INFO]   替換層 2 -> QuantModule_DiffAE_LoRA
2026-03-20 19:23:11,814 [INFO]   替換層 1 -> QuantModule_DiffAE_LoRA
2026-03-20 19:23:11,814 [INFO]   替換層 1 -> QuantModule_DiffAE_LoRA
2026-03-20 19:23:11,815 [INFO]   替換層 1 -> QuantModule_DiffAE_LoRA
2026-03-20 19:23:11,815 [INFO]   替換層 1 -> QuantModule_DiffAE_LoRA
2026-03-20 19:23:11,815 [INFO]   替換層 3 -> QuantModule_DiffAE_LoRA
2026-03-20 19:23:11,815 [INFO]   替換層 3 -> QuantModule_DiffAE_LoRA
2026-03-20 19:23:11,816 [INFO]   跳過量化 skip connection: skip_connection
2026-03-20 19:23:11,816 [INFO]   跳過量化 skip connection: skip_connection
2026-03-20 19:23:11,816 [INFO]   替換層 2 -> QuantModule_DiffAE_LoRA
2026-03-20 19:23:11,816 [INFO]   替換層 2 -> QuantModule_DiffAE_LoRA
2026-03-20 19:23:11,817 [INFO]   替換層 1 -> QuantModule_DiffAE_LoRA
2026-03-20 19:23:11,817 [INFO]   替換層 1 -> QuantModule_DiffAE_LoRA
2026-03-20 19:23:11,818 [INFO]   替換層 1 -> QuantModule_DiffAE_LoRA
2026-03-20 19:23:11,818 [INFO]   替換層 1 -> QuantModule_DiffAE_LoRA
2026-03-20 19:23:11,819 [INFO]   替換層 3 -> QuantModule_DiffAE_LoRA
2026-03-20 19:23:11,819 [INFO]   替換層 3 -> QuantModule_DiffAE_LoRA
2026-03-20 19:23:11,819 [INFO]   跳過量化 skip connection: skip_connection
2026-03-20 19:23:11,819 [INFO]   跳過量化 skip connection: skip_connection
2026-03-20 19:23:11,819 [INFO]   替換層 2 -> QuantModule_DiffAE_LoRA
2026-03-20 19:23:11,819 [INFO]   替換層 2 -> QuantModule_DiffAE_LoRA
2026-03-20 19:23:11,820 [INFO]   替換層 1 -> QuantModule_DiffAE_LoRA
2026-03-20 19:23:11,820 [INFO]   替換層 1 -> QuantModule_DiffAE_LoRA
2026-03-20 19:23:11,821 [INFO]   替換層 1 -> QuantModule_DiffAE_LoRA
2026-03-20 19:23:11,821 [INFO]   替換層 1 -> QuantModule_DiffAE_LoRA
2026-03-20 19:23:11,822 [INFO]   替換層 3 -> QuantModule_DiffAE_LoRA
2026-03-20 19:23:11,822 [INFO]   替換層 3 -> QuantModule_DiffAE_LoRA
2026-03-20 19:23:11,822 [INFO]   跳過量化 skip connection: skip_connection
2026-03-20 19:23:11,822 [INFO]   跳過量化 skip connection: skip_connection
2026-03-20 19:23:11,822 [INFO] 改造模組: out
2026-03-20 19:23:11,822 [INFO] 改造模組: out
2026-03-20 19:23:11,822 [INFO]   跳過量化特殊模組: 2
2026-03-20 19:23:11,822 [INFO]   跳過量化特殊模組: 2
2026-03-20 19:23:11,826 [INFO] 執行 'create_float_quantized_model' 完成，耗時: 0.43 秒
2026-03-20 19:23:11,826 [INFO] 執行 'create_float_quantized_model' 完成，耗時: 0.43 秒
2026-03-20 19:23:11,911 [INFO] 載入校準資料...
2026-03-20 19:23:11,911 [INFO] 載入校準資料...
2026-03-20 19:23:12,131 [INFO] ✅ 載入真實校準資料成功
2026-03-20 19:23:12,131 [INFO] ✅ 載入真實校準資料成功
2026-03-20 19:23:12,133 [INFO] ==================================================
2026-03-20 19:23:12,133 [INFO] ==================================================
2026-03-20 19:23:12,133 [INFO] 5. Setting first and last layers to 8-bit...
2026-03-20 19:23:12,133 [INFO] 5. Setting first and last layers to 8-bit...
2026-03-20 19:23:12,135 [INFO] 找到 144 個量化模組
2026-03-20 19:23:12,135 [INFO] 找到 144 個量化模組
2026-03-20 19:23:12,135 [INFO] ✅ 首尾層 8-bit 設定完成
2026-03-20 19:23:12,135 [INFO] ✅ 首尾層 8-bit 設定完成
2026-03-20 19:23:12,135 [INFO] ✅ 量化模型創建成功
2026-03-20 19:23:12,135 [INFO] ✅ 量化模型創建成功
2026-03-20 19:23:12,135 [INFO] set quant state to True, True for layer 1
2026-03-20 19:23:12,135 [INFO] set quant state to True, True for layer 1
2026-03-20 19:23:12,135 [INFO] set quant state to True, True for layer 2
2026-03-20 19:23:12,135 [INFO] set quant state to True, True for layer 2
2026-03-20 19:23:12,135 [INFO] set quant state to True, False for layer 3
2026-03-20 19:23:12,135 [INFO] set quant state to True, False for layer 3
2026-03-20 19:23:12,137 [INFO] set quant state to True, True for layer 144
2026-03-20 19:23:12,137 [INFO] set quant state to True, True for layer 144
2026-03-20 19:23:13,076 [INFO] EMA(load from ema_model.model.*): provided=1822 effective_loaded=1822 missing=280 unexpected=0
2026-03-20 19:23:13,076 [INFO] EMA(load from ema_model.model.*): provided=1822 effective_loaded=1822 missing=280 unexpected=0
2026-03-20 19:23:13,076 [WARNING] EMA missing keys (前10): ['model.input_blocks.1.0.in_layers.2.intn_dequantizer.delta', 'model.input_blocks.1.0.in_layers.2.intn_dequantizer.zero_point', 'model.input_blocks.1.0.emb_layers.1.intn_dequantizer.delta', 'model.input_blocks.1.0.emb_layers.1.intn_dequantizer.zero_point', 'model.input_blocks.1.0.cond_emb_layers.1.intn_dequantizer.delta', 'model.input_blocks.1.0.cond_emb_layers.1.intn_dequantizer.zero_point', 'model.input_blocks.1.0.out_layers.3.intn_dequantizer.delta', 'model.input_blocks.1.0.out_layers.3.intn_dequantizer.zero_point', 'model.input_blocks.2.0.in_layers.2.intn_dequantizer.delta', 'model.input_blocks.2.0.in_layers.2.intn_dequantizer.zero_point']
2026-03-20 19:23:13,076 [WARNING] EMA missing keys (前10): ['model.input_blocks.1.0.in_layers.2.intn_dequantizer.delta', 'model.input_blocks.1.0.in_layers.2.intn_dequantizer.zero_point', 'model.input_blocks.1.0.emb_layers.1.intn_dequantizer.delta', 'model.input_blocks.1.0.emb_layers.1.intn_dequantizer.zero_point', 'model.input_blocks.1.0.cond_emb_layers.1.intn_dequantizer.delta', 'model.input_blocks.1.0.cond_emb_layers.1.intn_dequantizer.zero_point', 'model.input_blocks.1.0.out_layers.3.intn_dequantizer.delta', 'model.input_blocks.1.0.out_layers.3.intn_dequantizer.zero_point', 'model.input_blocks.2.0.in_layers.2.intn_dequantizer.delta', 'model.input_blocks.2.0.in_layers.2.intn_dequantizer.zero_point']
2026-03-20 19:23:13,132 [INFO] MODEL(load from model.model.*): provided=1822 effective_loaded=1822 missing=280 unexpected=0
2026-03-20 19:23:13,132 [INFO] MODEL(load from model.model.*): provided=1822 effective_loaded=1822 missing=280 unexpected=0
2026-03-20 19:23:13,132 [INFO] ✅ 量化模型載入成功
2026-03-20 19:23:13,132 [INFO] ✅ 量化模型載入成功
2026-03-20 19:23:13,132 [INFO] === 初始化新功能模組 ===
2026-03-20 19:23:13,132 [INFO] === 初始化新功能模組 ===
2026-03-20 19:23:13,162 [INFO] ✅ 基礎模型設定完成
2026-03-20 19:23:13,162 [INFO] ✅ 基礎模型設定完成
2026-03-20 19:23:13,195 [INFO] ==================================================
2026-03-20 19:23:13,195 [INFO] ==================================================
2026-03-20 19:23:13,195 [INFO] 啟用 Similarity Analysis (L1/L2/Cosine)
2026-03-20 19:23:13,195 [INFO] 啟用 Similarity Analysis (L1/L2/Cosine)
2026-03-20 19:23:13,195 [INFO] FID 評估樣本數: 128
2026-03-20 19:23:13,195 [INFO] FID 評估樣本數: 128
2026-03-20 19:23:13,195 [INFO] 實際收集樣本數: 20 (用於加速)
2026-03-20 19:23:13,195 [INFO] 實際收集樣本數: 20 (用於加速)
2026-03-20 19:23:13,195 [INFO] 擴散步數: 100
2026-03-20 19:23:13,195 [INFO] 擴散步數: 100
2026-03-20 19:23:13,195 [INFO] ==================================================
2026-03-20 19:23:13,195 [INFO] ==================================================
2026-03-20 19:23:13,196 [INFO] [Similarity] 註冊 block hook: model.output_blocks.2
2026-03-20 19:23:13,196 [INFO] [Similarity] 註冊 block hook: model.output_blocks.2
2026-03-20 19:23:13,197 [INFO] [Similarity] 註冊 model step hook 完成
2026-03-20 19:23:13,197 [INFO] [Similarity] 註冊 model step hook 完成
Model params: 174.19 M
loading pretrain ... 130M
step: 1019986
loading latent stats ...
local seed: 0
train data: 70001
val data: 70001
on train dataloader start ...
mean: tensor(-0.0606, device='cuda:0') std: tensor(0.0755, device='cuda:0')
generating images:   0%|          | 0/4 [00:00<?, ?it/s]/home/jimmy/diffae/./diffusion/base.py:329: FutureWarning: `torch.cuda.amp.autocast(args...)` is deprecated. Please use `torch.amp.autocast('cuda', args...)` instead.
  with autocast(self.conf.fp16):
2026-03-20 19:23:30,677 [INFO] [Similarity] Batch 0 完成，已收集 20 個樣本
2026-03-20 19:23:30,677 [INFO] [Similarity] Batch 0 完成，已收集 20 個樣本
generating images:  25%|██▌       | 1/4 [00:17<00:52, 17.60s/it]2026-03-20 19:23:48,146 [INFO] [Similarity] Batch 1 完成，已收集 20 個樣本
2026-03-20 19:23:48,146 [INFO] [Similarity] Batch 1 完成，已收集 20 個樣本
generating images:  50%|█████     | 2/4 [00:35<00:35, 17.53s/it]2026-03-20 19:24:05,611 [INFO] [Similarity] Batch 2 完成，已收集 20 個樣本
2026-03-20 19:24:05,611 [INFO] [Similarity] Batch 2 完成，已收集 20 個樣本
generating images:  75%|███████▌  | 3/4 [00:52<00:17, 17.50s/it]2026-03-20 19:24:21,385 [INFO] [Similarity] 已收集 80 个样本，停止数据收集（目标: 80）
2026-03-20 19:24:21,385 [INFO] [Similarity] 已收集 80 个样本，停止数据收集（目标: 80）
2026-03-20 19:24:23,088 [INFO] [Similarity] Batch 3 完成，已收集 20 個樣本
2026-03-20 19:24:23,088 [INFO] [Similarity] Batch 3 完成，已收集 20 個樣本
generating images: 100%|██████████| 4/4 [01:10<00:00, 17.49s/it]generating images: 100%|██████████| 4/4 [01:10<00:00, 17.50s/it]
2026-03-20 19:24:23,215 [INFO] [Similarity] FID@128 100 steps score: 0
2026-03-20 19:24:23,215 [INFO] [Similarity] FID@128 100 steps score: 0
2026-03-20 19:24:23,216 [INFO] [Similarity] model.output_blocks.2 cosine: min=0.802672, max=1.000000, diag_mean=1.000000, off_diag_mean=0.954604, off_diag_std=0.038072
2026-03-20 19:24:23,216 [INFO] [Similarity] model.output_blocks.2 cosine: min=0.802672, max=1.000000, diag_mean=1.000000, off_diag_mean=0.954604, off_diag_std=0.038072
2026-03-20 19:24:24,236 [INFO] ✅ Similarity Analysis 完成
2026-03-20 19:24:24,236 [INFO] ✅ Similarity Analysis 完成
2026-03-20 19:24:24,276 [INFO] 執行 'main_float_model' 完成，耗時: 74.70 秒
2026-03-20 19:24:24,276 [INFO] 執行 'main_float_model' 完成，耗時: 74.70 秒
