/home/jimmy/anaconda3/envs/diffae_bw/lib/python3.10/site-packages/lightning_fabric/__init__.py:41: pkg_resources is deprecated as an API. See https://setuptools.pypa.io/en/latest/pkg_resources.html. The pkg_resources package is slated for removal as early as 2025-11-30. Refrain from using this package or pin to Setuptools<81.
使用自動混合精度: torch.bfloat16
[設定] Log 檔案已設為: QATcode/cache_method/L1_L2_cosine/logs/similarity_model_output_blocks_9.log
2026-01-26 12:26:23,459 [INFO] Using 100 steps
2026-01-26 12:26:23,459 [INFO] Using 50000 evaluation samples
2026-01-26 12:26:23,459 [INFO] Cache enabled: False, method: Res, threshold: 0.1
2026-01-26 12:26:23,459 [INFO] Quantitative analysis enabled: False, samples: 10
2026-01-26 12:26:23,459 [INFO] Log file: QATcode/cache_method/L1_L2_cosine/logs/similarity_model_output_blocks_9.log
2026-01-26 12:26:23,459 [INFO] ==================================================
2026-01-26 12:26:23,459 [INFO] Diff-AE EfficientDM Step 7 : 生成圖片
2026-01-26 12:26:23,459 [INFO] ==================================================
2026-01-26 12:26:23,459 [INFO] 使用設備: cuda
2026-01-26 12:26:23,459 [INFO] === 新功能狀態 ===
2026-01-26 12:26:23,459 [INFO] 載入 Diff-AE 模型: checkpoints/ffhq128_autoenc_latent/last.ckpt
2026-01-26 12:26:23,459 [INFO] Using 100 steps
2026-01-26 12:26:23,459 [INFO] Using 50000 evaluation samples
2026-01-26 12:26:23,459 [INFO] Cache enabled: False, method: Res, threshold: 0.1
2026-01-26 12:26:23,459 [INFO] Quantitative analysis enabled: False, samples: 10
2026-01-26 12:26:23,459 [INFO] Log file: QATcode/cache_method/L1_L2_cosine/logs/similarity_model_output_blocks_9.log
2026-01-26 12:26:23,459 [INFO] ==================================================
2026-01-26 12:26:23,459 [INFO] Diff-AE EfficientDM Step 7 : 生成圖片
2026-01-26 12:26:23,459 [INFO] ==================================================
2026-01-26 12:26:23,459 [INFO] 使用設備: cuda
2026-01-26 12:26:23,459 [INFO] === 新功能狀態 ===
2026-01-26 12:26:23,459 [INFO] 載入 Diff-AE 模型: checkpoints/ffhq128_autoenc_latent/last.ckpt
Seed set to 0
Model params: 174.19 M
loading pretrain ... 130M
step: 1019986
loading latent stats ...
2026-01-26 12:26:26,350 [INFO] Diff-AE 模型載入完成
2026-01-26 12:26:26,350 [INFO] Diff-AE 模型載入完成
2026-01-26 12:26:26,395 [INFO] 執行 'load_diffae_model' 完成，耗時: 2.94 秒
2026-01-26 12:26:26,395 [INFO] ✅ Diff-AE 模型載入成功
2026-01-26 12:26:26,395 [INFO] 執行 'load_diffae_model' 完成，耗時: 2.94 秒
2026-01-26 12:26:26,395 [INFO] ✅ Diff-AE 模型載入成功
2026-01-26 12:26:26,396 [INFO] base_model.conf.train_mode: TrainMode.latent_diffusion
2026-01-26 12:26:26,396 [INFO] base_model.conf.train_mode: TrainMode.latent_diffusion
2026-01-26 12:26:26,396 [INFO] === 創建 LoRA 量化模型 ===
2026-01-26 12:26:26,396 [INFO] === 創建 LoRA 量化模型 ===
2026-01-26 12:26:26,396 [INFO] === 開始 UNet LoRA 量化改造 ===
2026-01-26 12:26:26,396 [INFO] === 開始 UNet LoRA 量化改造 ===
2026-01-26 12:26:26,396 [INFO] 改造模組: time_embed
2026-01-26 12:26:26,396 [INFO] 改造模組: time_embed
2026-01-26 12:26:26,396 [INFO]   跳過量化特殊模組: 0
2026-01-26 12:26:26,396 [INFO]   跳過量化特殊模組: 0
2026-01-26 12:26:26,402 [INFO]   跳過量化特殊模組: 2
2026-01-26 12:26:26,402 [INFO]   跳過量化特殊模組: 2
2026-01-26 12:26:26,405 [INFO] 改造模組: input_blocks
2026-01-26 12:26:26,405 [INFO]   跳過量化特殊模組: 0
2026-01-26 12:26:26,405 [INFO]   替換層 2 -> QuantModule_DiffAE_LoRA
2026-01-26 12:26:26,405 [INFO] 改造模組: input_blocks
2026-01-26 12:26:26,405 [INFO]   跳過量化特殊模組: 0
2026-01-26 12:26:26,405 [INFO]   替換層 2 -> QuantModule_DiffAE_LoRA
2026-01-26 12:26:26,487 [INFO]   替換層 1 -> QuantModule_DiffAE_LoRA
2026-01-26 12:26:26,487 [INFO]   替換層 1 -> QuantModule_DiffAE_LoRA
2026-01-26 12:26:26,493 [INFO]   替換層 1 -> QuantModule_DiffAE_LoRA
2026-01-26 12:26:26,493 [INFO]   替換層 1 -> QuantModule_DiffAE_LoRA
2026-01-26 12:26:26,496 [INFO]   替換層 3 -> QuantModule_DiffAE_LoRA
2026-01-26 12:26:26,496 [INFO]   替換層 3 -> QuantModule_DiffAE_LoRA
2026-01-26 12:26:26,503 [INFO]   替換層 2 -> QuantModule_DiffAE_LoRA
2026-01-26 12:26:26,503 [INFO]   替換層 2 -> QuantModule_DiffAE_LoRA
2026-01-26 12:26:26,509 [INFO]   替換層 1 -> QuantModule_DiffAE_LoRA
2026-01-26 12:26:26,509 [INFO]   替換層 1 -> QuantModule_DiffAE_LoRA
2026-01-26 12:26:26,514 [INFO]   替換層 1 -> QuantModule_DiffAE_LoRA
2026-01-26 12:26:26,514 [INFO]   替換層 1 -> QuantModule_DiffAE_LoRA
2026-01-26 12:26:26,520 [INFO]   替換層 3 -> QuantModule_DiffAE_LoRA
2026-01-26 12:26:26,520 [INFO]   替換層 3 -> QuantModule_DiffAE_LoRA
2026-01-26 12:26:26,522 [INFO]   替換層 2 -> QuantModule_DiffAE_LoRA
2026-01-26 12:26:26,522 [INFO]   替換層 2 -> QuantModule_DiffAE_LoRA
2026-01-26 12:26:26,522 [INFO]   替換層 1 -> QuantModule_DiffAE_LoRA
2026-01-26 12:26:26,522 [INFO]   替換層 1 -> QuantModule_DiffAE_LoRA
2026-01-26 12:26:26,523 [INFO]   替換層 1 -> QuantModule_DiffAE_LoRA
2026-01-26 12:26:26,523 [INFO]   替換層 1 -> QuantModule_DiffAE_LoRA
2026-01-26 12:26:26,523 [INFO]   替換層 3 -> QuantModule_DiffAE_LoRA
2026-01-26 12:26:26,523 [INFO]   替換層 3 -> QuantModule_DiffAE_LoRA
2026-01-26 12:26:26,524 [INFO]   替換層 2 -> QuantModule_DiffAE_LoRA
2026-01-26 12:26:26,524 [INFO]   替換層 2 -> QuantModule_DiffAE_LoRA
2026-01-26 12:26:26,525 [INFO]   替換層 1 -> QuantModule_DiffAE_LoRA
2026-01-26 12:26:26,525 [INFO]   替換層 1 -> QuantModule_DiffAE_LoRA
2026-01-26 12:26:26,525 [INFO]   替換層 1 -> QuantModule_DiffAE_LoRA
2026-01-26 12:26:26,525 [INFO]   替換層 1 -> QuantModule_DiffAE_LoRA
2026-01-26 12:26:26,526 [INFO]   替換層 3 -> QuantModule_DiffAE_LoRA
2026-01-26 12:26:26,526 [INFO]   替換層 3 -> QuantModule_DiffAE_LoRA
2026-01-26 12:26:26,526 [INFO]   替換層 2 -> QuantModule_DiffAE_LoRA
2026-01-26 12:26:26,526 [INFO]   替換層 2 -> QuantModule_DiffAE_LoRA
2026-01-26 12:26:26,527 [INFO]   替換層 1 -> QuantModule_DiffAE_LoRA
2026-01-26 12:26:26,527 [INFO]   替換層 1 -> QuantModule_DiffAE_LoRA
2026-01-26 12:26:26,528 [INFO]   替換層 1 -> QuantModule_DiffAE_LoRA
2026-01-26 12:26:26,528 [INFO]   替換層 1 -> QuantModule_DiffAE_LoRA
2026-01-26 12:26:26,528 [INFO]   替換層 3 -> QuantModule_DiffAE_LoRA
2026-01-26 12:26:26,528 [INFO]   替換層 3 -> QuantModule_DiffAE_LoRA
2026-01-26 12:26:26,529 [INFO]   替換層 2 -> QuantModule_DiffAE_LoRA
2026-01-26 12:26:26,529 [INFO]   替換層 2 -> QuantModule_DiffAE_LoRA
2026-01-26 12:26:26,529 [INFO]   替換層 1 -> QuantModule_DiffAE_LoRA
2026-01-26 12:26:26,529 [INFO]   替換層 1 -> QuantModule_DiffAE_LoRA
2026-01-26 12:26:26,530 [INFO]   替換層 1 -> QuantModule_DiffAE_LoRA
2026-01-26 12:26:26,530 [INFO]   替換層 1 -> QuantModule_DiffAE_LoRA
2026-01-26 12:26:26,530 [INFO]   替換層 3 -> QuantModule_DiffAE_LoRA
2026-01-26 12:26:26,530 [INFO]   替換層 3 -> QuantModule_DiffAE_LoRA
2026-01-26 12:26:26,531 [INFO]   替換層 2 -> QuantModule_DiffAE_LoRA
2026-01-26 12:26:26,531 [INFO]   替換層 2 -> QuantModule_DiffAE_LoRA
2026-01-26 12:26:26,532 [INFO]   替換層 1 -> QuantModule_DiffAE_LoRA
2026-01-26 12:26:26,532 [INFO]   替換層 1 -> QuantModule_DiffAE_LoRA
2026-01-26 12:26:26,533 [INFO]   替換層 1 -> QuantModule_DiffAE_LoRA
2026-01-26 12:26:26,533 [INFO]   替換層 1 -> QuantModule_DiffAE_LoRA
2026-01-26 12:26:26,533 [INFO]   替換層 3 -> QuantModule_DiffAE_LoRA
2026-01-26 12:26:26,533 [INFO]   替換層 3 -> QuantModule_DiffAE_LoRA
2026-01-26 12:26:26,535 [INFO]   跳過量化 skip connection: skip_connection
2026-01-26 12:26:26,535 [INFO]   跳過量化 skip connection: skip_connection
2026-01-26 12:26:26,535 [INFO]   替換層 2 -> QuantModule_DiffAE_LoRA
2026-01-26 12:26:26,535 [INFO]   替換層 2 -> QuantModule_DiffAE_LoRA
2026-01-26 12:26:26,537 [INFO]   替換層 1 -> QuantModule_DiffAE_LoRA
2026-01-26 12:26:26,537 [INFO]   替換層 1 -> QuantModule_DiffAE_LoRA
2026-01-26 12:26:26,537 [INFO]   替換層 1 -> QuantModule_DiffAE_LoRA
2026-01-26 12:26:26,537 [INFO]   替換層 1 -> QuantModule_DiffAE_LoRA
2026-01-26 12:26:26,538 [INFO]   替換層 3 -> QuantModule_DiffAE_LoRA
2026-01-26 12:26:26,538 [INFO]   替換層 3 -> QuantModule_DiffAE_LoRA
2026-01-26 12:26:26,540 [INFO]   替換層 2 -> QuantModule_DiffAE_LoRA
2026-01-26 12:26:26,540 [INFO]   替換層 2 -> QuantModule_DiffAE_LoRA
2026-01-26 12:26:26,541 [INFO]   替換層 1 -> QuantModule_DiffAE_LoRA
2026-01-26 12:26:26,541 [INFO]   替換層 1 -> QuantModule_DiffAE_LoRA
2026-01-26 12:26:26,542 [INFO]   替換層 1 -> QuantModule_DiffAE_LoRA
2026-01-26 12:26:26,542 [INFO]   替換層 1 -> QuantModule_DiffAE_LoRA
2026-01-26 12:26:26,543 [INFO]   替換層 3 -> QuantModule_DiffAE_LoRA
2026-01-26 12:26:26,543 [INFO]   替換層 3 -> QuantModule_DiffAE_LoRA
2026-01-26 12:26:26,545 [INFO]   替換層 2 -> QuantModule_DiffAE_LoRA
2026-01-26 12:26:26,545 [INFO]   替換層 2 -> QuantModule_DiffAE_LoRA
2026-01-26 12:26:26,547 [INFO]   替換層 1 -> QuantModule_DiffAE_LoRA
2026-01-26 12:26:26,547 [INFO]   替換層 1 -> QuantModule_DiffAE_LoRA
2026-01-26 12:26:26,548 [INFO]   替換層 1 -> QuantModule_DiffAE_LoRA
2026-01-26 12:26:26,548 [INFO]   替換層 1 -> QuantModule_DiffAE_LoRA
2026-01-26 12:26:26,549 [INFO]   替換層 3 -> QuantModule_DiffAE_LoRA
2026-01-26 12:26:26,549 [INFO]   替換層 3 -> QuantModule_DiffAE_LoRA
2026-01-26 12:26:26,553 [INFO]   跳過量化 skip connection: skip_connection
2026-01-26 12:26:26,553 [INFO]   跳過量化 skip connection: skip_connection
2026-01-26 12:26:26,553 [INFO]   替換層 2 -> QuantModule_DiffAE_LoRA
2026-01-26 12:26:26,553 [INFO]   替換層 2 -> QuantModule_DiffAE_LoRA
2026-01-26 12:26:26,559 [INFO]   替換層 1 -> QuantModule_DiffAE_LoRA
2026-01-26 12:26:26,559 [INFO]   替換層 1 -> QuantModule_DiffAE_LoRA
2026-01-26 12:26:26,563 [INFO]   替換層 1 -> QuantModule_DiffAE_LoRA
2026-01-26 12:26:26,563 [INFO]   替換層 1 -> QuantModule_DiffAE_LoRA
2026-01-26 12:26:26,569 [INFO]   替換層 3 -> QuantModule_DiffAE_LoRA
2026-01-26 12:26:26,569 [INFO]   替換層 3 -> QuantModule_DiffAE_LoRA
2026-01-26 12:26:26,576 [INFO]   替換層 2 -> QuantModule_DiffAE_LoRA
2026-01-26 12:26:26,576 [INFO]   替換層 2 -> QuantModule_DiffAE_LoRA
2026-01-26 12:26:26,587 [INFO]   替換層 1 -> QuantModule_DiffAE_LoRA
2026-01-26 12:26:26,587 [INFO]   替換層 1 -> QuantModule_DiffAE_LoRA
2026-01-26 12:26:26,591 [INFO]   替換層 1 -> QuantModule_DiffAE_LoRA
2026-01-26 12:26:26,591 [INFO]   替換層 1 -> QuantModule_DiffAE_LoRA
2026-01-26 12:26:26,594 [INFO]   替換層 3 -> QuantModule_DiffAE_LoRA
2026-01-26 12:26:26,594 [INFO]   替換層 3 -> QuantModule_DiffAE_LoRA
2026-01-26 12:26:26,598 [INFO]   替換層 2 -> QuantModule_DiffAE_LoRA
2026-01-26 12:26:26,598 [INFO]   替換層 2 -> QuantModule_DiffAE_LoRA
2026-01-26 12:26:26,608 [INFO]   替換層 1 -> QuantModule_DiffAE_LoRA
2026-01-26 12:26:26,608 [INFO]   替換層 1 -> QuantModule_DiffAE_LoRA
2026-01-26 12:26:26,610 [INFO]   替換層 1 -> QuantModule_DiffAE_LoRA
2026-01-26 12:26:26,610 [INFO]   替換層 1 -> QuantModule_DiffAE_LoRA
2026-01-26 12:26:26,611 [INFO]   替換層 3 -> QuantModule_DiffAE_LoRA
2026-01-26 12:26:26,611 [INFO]   替換層 3 -> QuantModule_DiffAE_LoRA
2026-01-26 12:26:26,618 [INFO]   跳過量化 skip connection: skip_connection
2026-01-26 12:26:26,618 [INFO]   跳過量化 skip connection: skip_connection
2026-01-26 12:26:26,618 [INFO]   替換層 2 -> QuantModule_DiffAE_LoRA
2026-01-26 12:26:26,618 [INFO]   替換層 2 -> QuantModule_DiffAE_LoRA
2026-01-26 12:26:26,630 [INFO]   替換層 1 -> QuantModule_DiffAE_LoRA
2026-01-26 12:26:26,630 [INFO]   替換層 1 -> QuantModule_DiffAE_LoRA
2026-01-26 12:26:26,639 [INFO]   替換層 1 -> QuantModule_DiffAE_LoRA
2026-01-26 12:26:26,639 [INFO]   替換層 1 -> QuantModule_DiffAE_LoRA
2026-01-26 12:26:26,643 [INFO]   替換層 3 -> QuantModule_DiffAE_LoRA
2026-01-26 12:26:26,643 [INFO]   替換層 3 -> QuantModule_DiffAE_LoRA
2026-01-26 12:26:26,654 [INFO] 改造模組: middle_block
2026-01-26 12:26:26,654 [INFO] 改造模組: middle_block
2026-01-26 12:26:26,654 [INFO]   替換層 2 -> QuantModule_DiffAE_LoRA
2026-01-26 12:26:26,654 [INFO]   替換層 2 -> QuantModule_DiffAE_LoRA
2026-01-26 12:26:26,663 [INFO]   替換層 1 -> QuantModule_DiffAE_LoRA
2026-01-26 12:26:26,663 [INFO]   替換層 1 -> QuantModule_DiffAE_LoRA
2026-01-26 12:26:26,670 [INFO]   替換層 1 -> QuantModule_DiffAE_LoRA
2026-01-26 12:26:26,670 [INFO]   替換層 1 -> QuantModule_DiffAE_LoRA
2026-01-26 12:26:26,675 [INFO]   替換層 3 -> QuantModule_DiffAE_LoRA
2026-01-26 12:26:26,675 [INFO]   替換層 3 -> QuantModule_DiffAE_LoRA
2026-01-26 12:26:26,683 [INFO]   替換層 2 -> QuantModule_DiffAE_LoRA
2026-01-26 12:26:26,683 [INFO]   替換層 2 -> QuantModule_DiffAE_LoRA
2026-01-26 12:26:26,692 [INFO]   替換層 1 -> QuantModule_DiffAE_LoRA
2026-01-26 12:26:26,692 [INFO]   替換層 1 -> QuantModule_DiffAE_LoRA
2026-01-26 12:26:26,697 [INFO]   替換層 1 -> QuantModule_DiffAE_LoRA
2026-01-26 12:26:26,701 [INFO]   替換層 3 -> QuantModule_DiffAE_LoRA
2026-01-26 12:26:26,697 [INFO]   替換層 1 -> QuantModule_DiffAE_LoRA
2026-01-26 12:26:26,701 [INFO]   替換層 3 -> QuantModule_DiffAE_LoRA
2026-01-26 12:26:26,709 [INFO] 改造模組: output_blocks
2026-01-26 12:26:26,709 [INFO] 改造模組: output_blocks
2026-01-26 12:26:26,709 [INFO]   替換層 2 -> QuantModule_DiffAE_LoRA
2026-01-26 12:26:26,709 [INFO]   替換層 2 -> QuantModule_DiffAE_LoRA
2026-01-26 12:26:26,728 [INFO]   替換層 1 -> QuantModule_DiffAE_LoRA
2026-01-26 12:26:26,728 [INFO]   替換層 1 -> QuantModule_DiffAE_LoRA
2026-01-26 12:26:26,732 [INFO]   替換層 1 -> QuantModule_DiffAE_LoRA
2026-01-26 12:26:26,732 [INFO]   替換層 1 -> QuantModule_DiffAE_LoRA
2026-01-26 12:26:26,736 [INFO]   替換層 3 -> QuantModule_DiffAE_LoRA
2026-01-26 12:26:26,736 [INFO]   替換層 3 -> QuantModule_DiffAE_LoRA
2026-01-26 12:26:26,742 [INFO]   跳過量化 skip connection: skip_connection
2026-01-26 12:26:26,742 [INFO]   替換層 2 -> QuantModule_DiffAE_LoRA
2026-01-26 12:26:26,742 [INFO]   跳過量化 skip connection: skip_connection
2026-01-26 12:26:26,742 [INFO]   替換層 2 -> QuantModule_DiffAE_LoRA
2026-01-26 12:26:26,761 [INFO]   替換層 1 -> QuantModule_DiffAE_LoRA
2026-01-26 12:26:26,761 [INFO]   替換層 1 -> QuantModule_DiffAE_LoRA
2026-01-26 12:26:26,768 [INFO]   替換層 1 -> QuantModule_DiffAE_LoRA
2026-01-26 12:26:26,768 [INFO]   替換層 1 -> QuantModule_DiffAE_LoRA
2026-01-26 12:26:26,773 [INFO]   替換層 3 -> QuantModule_DiffAE_LoRA
2026-01-26 12:26:26,773 [INFO]   替換層 3 -> QuantModule_DiffAE_LoRA
2026-01-26 12:26:26,785 [INFO]   跳過量化 skip connection: skip_connection
2026-01-26 12:26:26,785 [INFO]   替換層 2 -> QuantModule_DiffAE_LoRA
2026-01-26 12:26:26,785 [INFO]   跳過量化 skip connection: skip_connection
2026-01-26 12:26:26,785 [INFO]   替換層 2 -> QuantModule_DiffAE_LoRA
2026-01-26 12:26:26,798 [INFO]   替換層 1 -> QuantModule_DiffAE_LoRA
2026-01-26 12:26:26,798 [INFO]   替換層 1 -> QuantModule_DiffAE_LoRA
2026-01-26 12:26:26,802 [INFO]   替換層 1 -> QuantModule_DiffAE_LoRA
2026-01-26 12:26:26,802 [INFO]   替換層 1 -> QuantModule_DiffAE_LoRA
2026-01-26 12:26:26,808 [INFO]   替換層 3 -> QuantModule_DiffAE_LoRA
2026-01-26 12:26:26,808 [INFO]   替換層 3 -> QuantModule_DiffAE_LoRA
2026-01-26 12:26:26,818 [INFO]   跳過量化 skip connection: skip_connection
2026-01-26 12:26:26,818 [INFO]   替換層 2 -> QuantModule_DiffAE_LoRA
2026-01-26 12:26:26,818 [INFO]   跳過量化 skip connection: skip_connection
2026-01-26 12:26:26,818 [INFO]   替換層 2 -> QuantModule_DiffAE_LoRA
2026-01-26 12:26:26,829 [INFO]   替換層 1 -> QuantModule_DiffAE_LoRA
2026-01-26 12:26:26,829 [INFO]   替換層 1 -> QuantModule_DiffAE_LoRA
2026-01-26 12:26:26,834 [INFO]   替換層 1 -> QuantModule_DiffAE_LoRA
2026-01-26 12:26:26,834 [INFO]   替換層 1 -> QuantModule_DiffAE_LoRA
2026-01-26 12:26:26,839 [INFO]   替換層 3 -> QuantModule_DiffAE_LoRA
2026-01-26 12:26:26,839 [INFO]   替換層 3 -> QuantModule_DiffAE_LoRA
2026-01-26 12:26:26,850 [INFO]   替換層 2 -> QuantModule_DiffAE_LoRA
2026-01-26 12:26:26,850 [INFO]   替換層 2 -> QuantModule_DiffAE_LoRA
2026-01-26 12:26:26,864 [INFO]   替換層 1 -> QuantModule_DiffAE_LoRA
2026-01-26 12:26:26,864 [INFO]   替換層 1 -> QuantModule_DiffAE_LoRA
2026-01-26 12:26:26,871 [INFO]   替換層 1 -> QuantModule_DiffAE_LoRA
2026-01-26 12:26:26,871 [INFO]   替換層 1 -> QuantModule_DiffAE_LoRA
2026-01-26 12:26:26,875 [INFO]   替換層 3 -> QuantModule_DiffAE_LoRA
2026-01-26 12:26:26,875 [INFO]   替換層 3 -> QuantModule_DiffAE_LoRA
2026-01-26 12:26:26,885 [INFO]   跳過量化 skip connection: skip_connection
2026-01-26 12:26:26,885 [INFO]   跳過量化 skip connection: skip_connection
2026-01-26 12:26:26,885 [INFO]   替換層 2 -> QuantModule_DiffAE_LoRA
2026-01-26 12:26:26,885 [INFO]   替換層 2 -> QuantModule_DiffAE_LoRA
2026-01-26 12:26:26,895 [INFO]   替換層 1 -> QuantModule_DiffAE_LoRA
2026-01-26 12:26:26,895 [INFO]   替換層 1 -> QuantModule_DiffAE_LoRA
2026-01-26 12:26:26,902 [INFO]   替換層 1 -> QuantModule_DiffAE_LoRA
2026-01-26 12:26:26,902 [INFO]   替換層 1 -> QuantModule_DiffAE_LoRA
2026-01-26 12:26:26,906 [INFO]   替換層 3 -> QuantModule_DiffAE_LoRA
2026-01-26 12:26:26,906 [INFO]   替換層 3 -> QuantModule_DiffAE_LoRA
2026-01-26 12:26:26,914 [INFO]   跳過量化 skip connection: skip_connection
2026-01-26 12:26:26,914 [INFO]   跳過量化 skip connection: skip_connection
2026-01-26 12:26:26,915 [INFO]   替換層 2 -> QuantModule_DiffAE_LoRA
2026-01-26 12:26:26,915 [INFO]   替換層 2 -> QuantModule_DiffAE_LoRA
2026-01-26 12:26:26,921 [INFO]   替換層 1 -> QuantModule_DiffAE_LoRA
2026-01-26 12:26:26,921 [INFO]   替換層 1 -> QuantModule_DiffAE_LoRA
2026-01-26 12:26:26,927 [INFO]   替換層 1 -> QuantModule_DiffAE_LoRA
2026-01-26 12:26:26,927 [INFO]   替換層 1 -> QuantModule_DiffAE_LoRA
2026-01-26 12:26:26,930 [INFO]   替換層 3 -> QuantModule_DiffAE_LoRA
2026-01-26 12:26:26,930 [INFO]   替換層 3 -> QuantModule_DiffAE_LoRA
2026-01-26 12:26:26,937 [INFO]   跳過量化 skip connection: skip_connection
2026-01-26 12:26:26,937 [INFO]   替換層 2 -> QuantModule_DiffAE_LoRA
2026-01-26 12:26:26,937 [INFO]   跳過量化 skip connection: skip_connection
2026-01-26 12:26:26,937 [INFO]   替換層 2 -> QuantModule_DiffAE_LoRA
2026-01-26 12:26:26,944 [INFO]   替換層 1 -> QuantModule_DiffAE_LoRA
2026-01-26 12:26:26,944 [INFO]   替換層 1 -> QuantModule_DiffAE_LoRA
2026-01-26 12:26:26,948 [INFO]   替換層 1 -> QuantModule_DiffAE_LoRA
2026-01-26 12:26:26,948 [INFO]   替換層 1 -> QuantModule_DiffAE_LoRA
2026-01-26 12:26:26,949 [INFO]   替換層 3 -> QuantModule_DiffAE_LoRA
2026-01-26 12:26:26,949 [INFO]   替換層 3 -> QuantModule_DiffAE_LoRA
2026-01-26 12:26:26,953 [INFO]   替換層 2 -> QuantModule_DiffAE_LoRA
2026-01-26 12:26:26,953 [INFO]   替換層 2 -> QuantModule_DiffAE_LoRA
2026-01-26 12:26:26,960 [INFO]   替換層 1 -> QuantModule_DiffAE_LoRA
2026-01-26 12:26:26,960 [INFO]   替換層 1 -> QuantModule_DiffAE_LoRA
2026-01-26 12:26:26,962 [INFO]   替換層 1 -> QuantModule_DiffAE_LoRA
2026-01-26 12:26:26,962 [INFO]   替換層 1 -> QuantModule_DiffAE_LoRA
2026-01-26 12:26:26,965 [INFO]   替換層 3 -> QuantModule_DiffAE_LoRA
2026-01-26 12:26:26,965 [INFO]   替換層 3 -> QuantModule_DiffAE_LoRA
2026-01-26 12:26:26,972 [INFO]   跳過量化 skip connection: skip_connection
2026-01-26 12:26:26,972 [INFO]   跳過量化 skip connection: skip_connection
2026-01-26 12:26:26,972 [INFO]   替換層 2 -> QuantModule_DiffAE_LoRA
2026-01-26 12:26:26,972 [INFO]   替換層 2 -> QuantModule_DiffAE_LoRA
2026-01-26 12:26:26,978 [INFO]   替換層 1 -> QuantModule_DiffAE_LoRA
2026-01-26 12:26:26,978 [INFO]   替換層 1 -> QuantModule_DiffAE_LoRA
2026-01-26 12:26:26,982 [INFO]   替換層 1 -> QuantModule_DiffAE_LoRA
2026-01-26 12:26:26,982 [INFO]   替換層 1 -> QuantModule_DiffAE_LoRA
2026-01-26 12:26:26,987 [INFO]   替換層 3 -> QuantModule_DiffAE_LoRA
2026-01-26 12:26:26,987 [INFO]   替換層 3 -> QuantModule_DiffAE_LoRA
2026-01-26 12:26:26,997 [INFO]   跳過量化 skip connection: skip_connection
2026-01-26 12:26:26,997 [INFO]   替換層 2 -> QuantModule_DiffAE_LoRA
2026-01-26 12:26:26,997 [INFO]   跳過量化 skip connection: skip_connection
2026-01-26 12:26:26,997 [INFO]   替換層 2 -> QuantModule_DiffAE_LoRA
2026-01-26 12:26:27,003 [INFO]   替換層 1 -> QuantModule_DiffAE_LoRA
2026-01-26 12:26:27,003 [INFO]   替換層 1 -> QuantModule_DiffAE_LoRA
2026-01-26 12:26:27,008 [INFO]   替換層 1 -> QuantModule_DiffAE_LoRA
2026-01-26 12:26:27,008 [INFO]   替換層 1 -> QuantModule_DiffAE_LoRA
2026-01-26 12:26:27,012 [INFO]   替換層 3 -> QuantModule_DiffAE_LoRA
2026-01-26 12:26:27,012 [INFO]   替換層 3 -> QuantModule_DiffAE_LoRA
2026-01-26 12:26:27,019 [INFO]   跳過量化 skip connection: skip_connection
2026-01-26 12:26:27,019 [INFO]   跳過量化 skip connection: skip_connection
2026-01-26 12:26:27,019 [INFO]   替換層 2 -> QuantModule_DiffAE_LoRA
2026-01-26 12:26:27,019 [INFO]   替換層 2 -> QuantModule_DiffAE_LoRA
2026-01-26 12:26:27,026 [INFO]   替換層 1 -> QuantModule_DiffAE_LoRA
2026-01-26 12:26:27,026 [INFO]   替換層 1 -> QuantModule_DiffAE_LoRA
2026-01-26 12:26:27,027 [INFO]   替換層 1 -> QuantModule_DiffAE_LoRA
2026-01-26 12:26:27,027 [INFO]   替換層 1 -> QuantModule_DiffAE_LoRA
2026-01-26 12:26:27,028 [INFO]   替換層 3 -> QuantModule_DiffAE_LoRA
2026-01-26 12:26:27,028 [INFO]   替換層 3 -> QuantModule_DiffAE_LoRA
2026-01-26 12:26:27,030 [INFO]   替換層 2 -> QuantModule_DiffAE_LoRA
2026-01-26 12:26:27,030 [INFO]   替換層 2 -> QuantModule_DiffAE_LoRA
2026-01-26 12:26:27,032 [INFO]   替換層 1 -> QuantModule_DiffAE_LoRA
2026-01-26 12:26:27,032 [INFO]   替換層 1 -> QuantModule_DiffAE_LoRA
2026-01-26 12:26:27,033 [INFO]   替換層 1 -> QuantModule_DiffAE_LoRA
2026-01-26 12:26:27,033 [INFO]   替換層 1 -> QuantModule_DiffAE_LoRA
2026-01-26 12:26:27,034 [INFO]   替換層 3 -> QuantModule_DiffAE_LoRA
2026-01-26 12:26:27,034 [INFO]   替換層 3 -> QuantModule_DiffAE_LoRA
2026-01-26 12:26:27,034 [INFO]   跳過量化 skip connection: skip_connection
2026-01-26 12:26:27,034 [INFO]   跳過量化 skip connection: skip_connection
2026-01-26 12:26:27,034 [INFO]   替換層 2 -> QuantModule_DiffAE_LoRA
2026-01-26 12:26:27,034 [INFO]   替換層 2 -> QuantModule_DiffAE_LoRA
2026-01-26 12:26:27,036 [INFO]   替換層 1 -> QuantModule_DiffAE_LoRA
2026-01-26 12:26:27,036 [INFO]   替換層 1 -> QuantModule_DiffAE_LoRA
2026-01-26 12:26:27,037 [INFO]   替換層 1 -> QuantModule_DiffAE_LoRA
2026-01-26 12:26:27,037 [INFO]   替換層 1 -> QuantModule_DiffAE_LoRA
2026-01-26 12:26:27,037 [INFO]   替換層 3 -> QuantModule_DiffAE_LoRA
2026-01-26 12:26:27,037 [INFO]   替換層 3 -> QuantModule_DiffAE_LoRA
2026-01-26 12:26:27,038 [INFO]   跳過量化 skip connection: skip_connection
2026-01-26 12:26:27,038 [INFO]   跳過量化 skip connection: skip_connection
2026-01-26 12:26:27,038 [INFO]   替換層 2 -> QuantModule_DiffAE_LoRA
2026-01-26 12:26:27,038 [INFO]   替換層 2 -> QuantModule_DiffAE_LoRA
2026-01-26 12:26:27,039 [INFO]   替換層 1 -> QuantModule_DiffAE_LoRA
2026-01-26 12:26:27,039 [INFO]   替換層 1 -> QuantModule_DiffAE_LoRA
2026-01-26 12:26:27,040 [INFO]   替換層 1 -> QuantModule_DiffAE_LoRA
2026-01-26 12:26:27,040 [INFO]   替換層 1 -> QuantModule_DiffAE_LoRA
2026-01-26 12:26:27,041 [INFO]   替換層 3 -> QuantModule_DiffAE_LoRA
2026-01-26 12:26:27,041 [INFO]   替換層 3 -> QuantModule_DiffAE_LoRA
2026-01-26 12:26:27,042 [INFO]   跳過量化 skip connection: skip_connection
2026-01-26 12:26:27,042 [INFO]   跳過量化 skip connection: skip_connection
2026-01-26 12:26:27,042 [INFO]   替換層 2 -> QuantModule_DiffAE_LoRA
2026-01-26 12:26:27,042 [INFO]   替換層 2 -> QuantModule_DiffAE_LoRA
2026-01-26 12:26:27,043 [INFO]   替換層 1 -> QuantModule_DiffAE_LoRA
2026-01-26 12:26:27,043 [INFO]   替換層 1 -> QuantModule_DiffAE_LoRA
2026-01-26 12:26:27,044 [INFO]   替換層 1 -> QuantModule_DiffAE_LoRA
2026-01-26 12:26:27,044 [INFO]   替換層 1 -> QuantModule_DiffAE_LoRA
2026-01-26 12:26:27,044 [INFO]   替換層 3 -> QuantModule_DiffAE_LoRA
2026-01-26 12:26:27,044 [INFO]   替換層 3 -> QuantModule_DiffAE_LoRA
2026-01-26 12:26:27,045 [INFO]   替換層 2 -> QuantModule_DiffAE_LoRA
2026-01-26 12:26:27,045 [INFO]   替換層 2 -> QuantModule_DiffAE_LoRA
2026-01-26 12:26:27,047 [INFO]   替換層 1 -> QuantModule_DiffAE_LoRA
2026-01-26 12:26:27,047 [INFO]   替換層 1 -> QuantModule_DiffAE_LoRA
2026-01-26 12:26:27,048 [INFO]   替換層 1 -> QuantModule_DiffAE_LoRA
2026-01-26 12:26:27,048 [INFO]   替換層 1 -> QuantModule_DiffAE_LoRA
2026-01-26 12:26:27,048 [INFO]   替換層 3 -> QuantModule_DiffAE_LoRA
2026-01-26 12:26:27,048 [INFO]   替換層 3 -> QuantModule_DiffAE_LoRA
2026-01-26 12:26:27,049 [INFO]   跳過量化 skip connection: skip_connection
2026-01-26 12:26:27,049 [INFO]   跳過量化 skip connection: skip_connection
2026-01-26 12:26:27,049 [INFO]   替換層 2 -> QuantModule_DiffAE_LoRA
2026-01-26 12:26:27,049 [INFO]   替換層 2 -> QuantModule_DiffAE_LoRA
2026-01-26 12:26:27,050 [INFO]   替換層 1 -> QuantModule_DiffAE_LoRA
2026-01-26 12:26:27,050 [INFO]   替換層 1 -> QuantModule_DiffAE_LoRA
2026-01-26 12:26:27,051 [INFO]   替換層 1 -> QuantModule_DiffAE_LoRA
2026-01-26 12:26:27,051 [INFO]   替換層 1 -> QuantModule_DiffAE_LoRA
2026-01-26 12:26:27,052 [INFO]   替換層 3 -> QuantModule_DiffAE_LoRA
2026-01-26 12:26:27,052 [INFO]   替換層 3 -> QuantModule_DiffAE_LoRA
2026-01-26 12:26:27,053 [INFO]   跳過量化 skip connection: skip_connection
2026-01-26 12:26:27,053 [INFO]   跳過量化 skip connection: skip_connection
2026-01-26 12:26:27,053 [INFO]   替換層 2 -> QuantModule_DiffAE_LoRA
2026-01-26 12:26:27,053 [INFO]   替換層 2 -> QuantModule_DiffAE_LoRA
2026-01-26 12:26:27,054 [INFO]   替換層 1 -> QuantModule_DiffAE_LoRA
2026-01-26 12:26:27,054 [INFO]   替換層 1 -> QuantModule_DiffAE_LoRA
2026-01-26 12:26:27,055 [INFO]   替換層 1 -> QuantModule_DiffAE_LoRA
2026-01-26 12:26:27,055 [INFO]   替換層 1 -> QuantModule_DiffAE_LoRA
2026-01-26 12:26:27,055 [INFO]   替換層 3 -> QuantModule_DiffAE_LoRA
2026-01-26 12:26:27,055 [INFO]   替換層 3 -> QuantModule_DiffAE_LoRA
2026-01-26 12:26:27,056 [INFO]   跳過量化 skip connection: skip_connection
2026-01-26 12:26:27,056 [INFO]   跳過量化 skip connection: skip_connection
2026-01-26 12:26:27,056 [INFO] 改造模組: out
2026-01-26 12:26:27,056 [INFO] 改造模組: out
2026-01-26 12:26:27,056 [INFO]   跳過量化特殊模組: 2
2026-01-26 12:26:27,056 [INFO]   跳過量化特殊模組: 2
2026-01-26 12:26:27,060 [INFO] 執行 'create_float_quantized_model' 完成，耗時: 0.66 秒
2026-01-26 12:26:27,060 [INFO] 執行 'create_float_quantized_model' 完成，耗時: 0.66 秒
2026-01-26 12:26:27,181 [INFO] 載入校準資料...
2026-01-26 12:26:27,181 [INFO] 載入校準資料...
2026-01-26 12:26:27,458 [INFO] ✅ 載入真實校準資料成功
2026-01-26 12:26:27,458 [INFO] ✅ 載入真實校準資料成功
2026-01-26 12:26:27,460 [INFO] ==================================================
2026-01-26 12:26:27,460 [INFO] 5. Setting first and last layers to 8-bit...
2026-01-26 12:26:27,460 [INFO] ==================================================
2026-01-26 12:26:27,460 [INFO] 5. Setting first and last layers to 8-bit...
2026-01-26 12:26:27,462 [INFO] 找到 144 個量化模組
2026-01-26 12:26:27,462 [INFO] 找到 144 個量化模組
2026-01-26 12:26:27,462 [INFO] ✅ 首尾層 8-bit 設定完成
2026-01-26 12:26:27,462 [INFO] ✅ 量化模型創建成功
2026-01-26 12:26:27,462 [INFO] set quant state to True, True for layer 1
2026-01-26 12:26:27,462 [INFO] set quant state to True, True for layer 2
2026-01-26 12:26:27,462 [INFO] ✅ 首尾層 8-bit 設定完成
2026-01-26 12:26:27,462 [INFO] ✅ 量化模型創建成功
2026-01-26 12:26:27,462 [INFO] set quant state to True, True for layer 1
2026-01-26 12:26:27,462 [INFO] set quant state to True, True for layer 2
2026-01-26 12:26:27,462 [INFO] set quant state to True, False for layer 3
2026-01-26 12:26:27,462 [INFO] set quant state to True, False for layer 3
2026-01-26 12:26:27,464 [INFO] set quant state to True, True for layer 144
2026-01-26 12:26:27,464 [INFO] set quant state to True, True for layer 144
2026-01-26 12:26:28,595 [INFO] ✅ 量化模型載入成功
2026-01-26 12:26:28,595 [INFO] ✅ 量化模型載入成功
2026-01-26 12:26:28,595 [INFO] === 初始化新功能模組 ===
2026-01-26 12:26:28,595 [INFO] === 初始化新功能模組 ===
local seed: 0
train data: 70001
val data: 70001
2026-01-26 12:26:28,620 [INFO] ✅ 基礎模型設定完成
2026-01-26 12:26:28,620 [INFO] ✅ 基礎模型設定完成
on train dataloader start ...
mean: tensor(-0.0606, device='cuda:0') std: tensor(0.0755, device='cuda:0')
2026-01-26 12:26:28,665 [INFO] ==================================================
2026-01-26 12:26:28,665 [INFO] 啟用 Similarity Analysis (L1/L2/Cosine)
2026-01-26 12:26:28,665 [INFO] FID 評估樣本數: 128
2026-01-26 12:26:28,665 [INFO] 實際收集樣本數: 20 (用於加速)
2026-01-26 12:26:28,665 [INFO] ==================================================
2026-01-26 12:26:28,665 [INFO] 啟用 Similarity Analysis (L1/L2/Cosine)
2026-01-26 12:26:28,665 [INFO] FID 評估樣本數: 128
2026-01-26 12:26:28,665 [INFO] 實際收集樣本數: 20 (用於加速)
2026-01-26 12:26:28,666 [INFO] 擴散步數: 100
2026-01-26 12:26:28,666 [INFO] 擴散步數: 100
2026-01-26 12:26:28,666 [INFO] ==================================================
2026-01-26 12:26:28,666 [INFO] ==================================================
2026-01-26 12:26:28,667 [INFO] [Similarity] 註冊 block hook: model.output_blocks.9
2026-01-26 12:26:28,667 [INFO] [Similarity] 註冊 block hook: model.output_blocks.9
2026-01-26 12:26:28,667 [INFO] [Similarity] 註冊 model step hook 完成
2026-01-26 12:26:28,667 [INFO] [Similarity] 註冊 model step hook 完成
generating images:   0%|          | 0/4 [00:00<?, ?it/s]/home/jimmy/diffae/./diffusion/base.py:329: FutureWarning: `torch.cuda.amp.autocast(args...)` is deprecated. Please use `torch.amp.autocast('cuda', args...)` instead.
  with autocast(self.conf.fp16):
2026-01-26 12:26:48,932 [INFO] [Similarity] Batch 0 完成，已收集 20 個樣本
2026-01-26 12:26:48,932 [INFO] [Similarity] Batch 0 完成，已收集 20 個樣本
generating images:  25%|██▌       | 1/4 [00:20<01:02, 20.75s/it]2026-01-26 12:27:09,458 [INFO] [Similarity] Batch 1 完成，已收集 20 個樣本
2026-01-26 12:27:09,458 [INFO] [Similarity] Batch 1 完成，已收集 20 個樣本
generating images:  50%|█████     | 2/4 [00:41<00:41, 20.53s/it]2026-01-26 12:27:29,839 [INFO] [Similarity] Batch 2 完成，已收集 20 個樣本
2026-01-26 12:27:29,839 [INFO] [Similarity] Batch 2 完成，已收集 20 個樣本
generating images:  75%|███████▌  | 3/4 [01:01<00:20, 20.44s/it]2026-01-26 12:27:45,796 [INFO] [Similarity] 已收集 80 个样本，停止数据收集（目标: 80）
2026-01-26 12:27:45,796 [INFO] [Similarity] 已收集 80 个样本，停止数据收集（目标: 80）
2026-01-26 12:27:50,199 [INFO] [Similarity] Batch 3 完成，已收集 20 個樣本
2026-01-26 12:27:50,199 [INFO] [Similarity] Batch 3 完成，已收集 20 個樣本
2026-01-26 12:27:50,606 [INFO] [Similarity] FID@128 100 steps score: 0
generating images: 100%|██████████| 4/4 [01:21<00:00, 20.45s/it]generating images: 100%|██████████| 4/4 [01:21<00:00, 20.48s/it]
2026-01-26 12:27:50,606 [INFO] [Similarity] FID@128 100 steps score: 0
2026-01-26 12:27:50,608 [INFO] [Similarity] model.output_blocks.9 cosine: min=-0.028435, max=1.000000, diag_mean=1.000000, off_diag_mean=0.837983, off_diag_std=0.167989
2026-01-26 12:27:50,608 [INFO] [Similarity] model.output_blocks.9 cosine: min=-0.028435, max=1.000000, diag_mean=1.000000, off_diag_mean=0.837983, off_diag_std=0.167989
2026-01-26 12:27:51,733 [INFO] ✅ Similarity Analysis 完成
2026-01-26 12:27:51,733 [INFO] ✅ Similarity Analysis 完成
2026-01-26 12:27:51,776 [INFO] 執行 'main_float_model' 完成，耗時: 88.32 秒
2026-01-26 12:27:51,776 [INFO] 執行 'main_float_model' 完成，耗時: 88.32 秒
/home/jimmy/anaconda3/envs/diffae_bw/lib/python3.10/site-packages/torchmetrics/utilities/imports.py:21: UserWarning: pkg_resources is deprecated as an API. See https://setuptools.pypa.io/en/latest/pkg_resources.html. The pkg_resources package is slated for removal as early as 2025-11-30. Refrain from using this package or pin to Setuptools<81.
  from pkg_resources import DistributionNotFound, get_distribution
使用自動混合精度: torch.bfloat16
[設定] Log 檔案已設為: QATcode/cache_method/L1_L2_cosine/logs/similarity_model_output_blocks_9.log
2026-03-20 19:32:55,694 [INFO] Using 100 steps
2026-03-20 19:32:55,694 [INFO] Using 100 steps
2026-03-20 19:32:55,694 [INFO] Using 50000 evaluation samples
2026-03-20 19:32:55,694 [INFO] Using 50000 evaluation samples
2026-03-20 19:32:55,694 [INFO] Cache enabled: False, method: Res, threshold: 0.1
2026-03-20 19:32:55,694 [INFO] Cache enabled: False, method: Res, threshold: 0.1
2026-03-20 19:32:55,694 [INFO] Quantitative analysis enabled: False, samples: 10
2026-03-20 19:32:55,694 [INFO] Quantitative analysis enabled: False, samples: 10
2026-03-20 19:32:55,694 [INFO] Log file: QATcode/cache_method/L1_L2_cosine/logs/similarity_model_output_blocks_9.log
2026-03-20 19:32:55,694 [INFO] Log file: QATcode/cache_method/L1_L2_cosine/logs/similarity_model_output_blocks_9.log
2026-03-20 19:32:55,694 [INFO] ==================================================
2026-03-20 19:32:55,694 [INFO] ==================================================
2026-03-20 19:32:55,694 [INFO] Diff-AE EfficientDM Step 7 : 生成圖片
2026-03-20 19:32:55,694 [INFO] Diff-AE EfficientDM Step 7 : 生成圖片
2026-03-20 19:32:55,694 [INFO] ==================================================
2026-03-20 19:32:55,694 [INFO] ==================================================
2026-03-20 19:32:55,694 [INFO] 使用設備: cuda
2026-03-20 19:32:55,694 [INFO] 使用設備: cuda
2026-03-20 19:32:55,694 [INFO] === 新功能狀態 ===
2026-03-20 19:32:55,694 [INFO] === 新功能狀態 ===
2026-03-20 19:32:55,694 [INFO] 載入 Diff-AE 模型: checkpoints/ffhq128_autoenc_latent/last.ckpt
2026-03-20 19:32:55,694 [INFO] 載入 Diff-AE 模型: checkpoints/ffhq128_autoenc_latent/last.ckpt
Global seed set to 0
2026-03-20 19:32:57,477 [INFO] Diff-AE 模型載入完成
2026-03-20 19:32:57,477 [INFO] Diff-AE 模型載入完成
2026-03-20 19:32:57,516 [INFO] 執行 'load_diffae_model' 完成，耗時: 1.82 秒
2026-03-20 19:32:57,516 [INFO] 執行 'load_diffae_model' 完成，耗時: 1.82 秒
2026-03-20 19:32:57,517 [INFO] ✅ Diff-AE 模型載入成功
2026-03-20 19:32:57,517 [INFO] ✅ Diff-AE 模型載入成功
2026-03-20 19:32:57,517 [INFO] base_model.conf.train_mode: TrainMode.latent_diffusion
2026-03-20 19:32:57,517 [INFO] base_model.conf.train_mode: TrainMode.latent_diffusion
2026-03-20 19:32:57,517 [INFO] === 創建 LoRA 量化模型 ===
2026-03-20 19:32:57,517 [INFO] === 創建 LoRA 量化模型 ===
2026-03-20 19:32:57,517 [INFO] === 開始 UNet LoRA 量化改造 ===
2026-03-20 19:32:57,517 [INFO] === 開始 UNet LoRA 量化改造 ===
2026-03-20 19:32:57,517 [INFO] 改造模組: time_embed
2026-03-20 19:32:57,517 [INFO] 改造模組: time_embed
2026-03-20 19:32:57,517 [INFO]   跳過量化特殊模組: 0
2026-03-20 19:32:57,517 [INFO]   跳過量化特殊模組: 0
2026-03-20 19:32:57,517 [INFO]   跳過量化特殊模組: 2
2026-03-20 19:32:57,517 [INFO]   跳過量化特殊模組: 2
2026-03-20 19:32:57,517 [INFO] 改造模組: input_blocks
2026-03-20 19:32:57,517 [INFO] 改造模組: input_blocks
2026-03-20 19:32:57,517 [INFO]   跳過量化特殊模組: 0
2026-03-20 19:32:57,517 [INFO]   跳過量化特殊模組: 0
2026-03-20 19:32:57,517 [INFO]   替換層 2 -> QuantModule_DiffAE_LoRA
2026-03-20 19:32:57,517 [INFO]   替換層 2 -> QuantModule_DiffAE_LoRA
2026-03-20 19:32:57,579 [INFO]   替換層 1 -> QuantModule_DiffAE_LoRA
2026-03-20 19:32:57,579 [INFO]   替換層 1 -> QuantModule_DiffAE_LoRA
2026-03-20 19:32:57,580 [INFO]   替換層 1 -> QuantModule_DiffAE_LoRA
2026-03-20 19:32:57,580 [INFO]   替換層 1 -> QuantModule_DiffAE_LoRA
2026-03-20 19:32:57,580 [INFO]   替換層 3 -> QuantModule_DiffAE_LoRA
2026-03-20 19:32:57,580 [INFO]   替換層 3 -> QuantModule_DiffAE_LoRA
2026-03-20 19:32:57,581 [INFO]   替換層 2 -> QuantModule_DiffAE_LoRA
2026-03-20 19:32:57,581 [INFO]   替換層 2 -> QuantModule_DiffAE_LoRA
2026-03-20 19:32:57,582 [INFO]   替換層 1 -> QuantModule_DiffAE_LoRA
2026-03-20 19:32:57,582 [INFO]   替換層 1 -> QuantModule_DiffAE_LoRA
2026-03-20 19:32:57,582 [INFO]   替換層 1 -> QuantModule_DiffAE_LoRA
2026-03-20 19:32:57,582 [INFO]   替換層 1 -> QuantModule_DiffAE_LoRA
2026-03-20 19:32:57,583 [INFO]   替換層 3 -> QuantModule_DiffAE_LoRA
2026-03-20 19:32:57,583 [INFO]   替換層 3 -> QuantModule_DiffAE_LoRA
2026-03-20 19:32:57,583 [INFO]   替換層 2 -> QuantModule_DiffAE_LoRA
2026-03-20 19:32:57,583 [INFO]   替換層 2 -> QuantModule_DiffAE_LoRA
2026-03-20 19:32:57,584 [INFO]   替換層 1 -> QuantModule_DiffAE_LoRA
2026-03-20 19:32:57,584 [INFO]   替換層 1 -> QuantModule_DiffAE_LoRA
2026-03-20 19:32:57,584 [INFO]   替換層 1 -> QuantModule_DiffAE_LoRA
2026-03-20 19:32:57,584 [INFO]   替換層 1 -> QuantModule_DiffAE_LoRA
2026-03-20 19:32:57,585 [INFO]   替換層 3 -> QuantModule_DiffAE_LoRA
2026-03-20 19:32:57,585 [INFO]   替換層 3 -> QuantModule_DiffAE_LoRA
2026-03-20 19:32:57,586 [INFO]   替換層 2 -> QuantModule_DiffAE_LoRA
2026-03-20 19:32:57,586 [INFO]   替換層 2 -> QuantModule_DiffAE_LoRA
2026-03-20 19:32:57,586 [INFO]   替換層 1 -> QuantModule_DiffAE_LoRA
2026-03-20 19:32:57,586 [INFO]   替換層 1 -> QuantModule_DiffAE_LoRA
2026-03-20 19:32:57,587 [INFO]   替換層 1 -> QuantModule_DiffAE_LoRA
2026-03-20 19:32:57,587 [INFO]   替換層 1 -> QuantModule_DiffAE_LoRA
2026-03-20 19:32:57,587 [INFO]   替換層 3 -> QuantModule_DiffAE_LoRA
2026-03-20 19:32:57,587 [INFO]   替換層 3 -> QuantModule_DiffAE_LoRA
2026-03-20 19:32:57,588 [INFO]   替換層 2 -> QuantModule_DiffAE_LoRA
2026-03-20 19:32:57,588 [INFO]   替換層 2 -> QuantModule_DiffAE_LoRA
2026-03-20 19:32:57,589 [INFO]   替換層 1 -> QuantModule_DiffAE_LoRA
2026-03-20 19:32:57,589 [INFO]   替換層 1 -> QuantModule_DiffAE_LoRA
2026-03-20 19:32:57,589 [INFO]   替換層 1 -> QuantModule_DiffAE_LoRA
2026-03-20 19:32:57,589 [INFO]   替換層 1 -> QuantModule_DiffAE_LoRA
2026-03-20 19:32:57,590 [INFO]   替換層 3 -> QuantModule_DiffAE_LoRA
2026-03-20 19:32:57,590 [INFO]   替換層 3 -> QuantModule_DiffAE_LoRA
2026-03-20 19:32:57,590 [INFO]   替換層 2 -> QuantModule_DiffAE_LoRA
2026-03-20 19:32:57,590 [INFO]   替換層 2 -> QuantModule_DiffAE_LoRA
2026-03-20 19:32:57,591 [INFO]   替換層 1 -> QuantModule_DiffAE_LoRA
2026-03-20 19:32:57,591 [INFO]   替換層 1 -> QuantModule_DiffAE_LoRA
2026-03-20 19:32:57,592 [INFO]   替換層 1 -> QuantModule_DiffAE_LoRA
2026-03-20 19:32:57,592 [INFO]   替換層 1 -> QuantModule_DiffAE_LoRA
2026-03-20 19:32:57,592 [INFO]   替換層 3 -> QuantModule_DiffAE_LoRA
2026-03-20 19:32:57,592 [INFO]   替換層 3 -> QuantModule_DiffAE_LoRA
2026-03-20 19:32:57,593 [INFO]   替換層 2 -> QuantModule_DiffAE_LoRA
2026-03-20 19:32:57,593 [INFO]   替換層 2 -> QuantModule_DiffAE_LoRA
2026-03-20 19:32:57,594 [INFO]   替換層 1 -> QuantModule_DiffAE_LoRA
2026-03-20 19:32:57,594 [INFO]   替換層 1 -> QuantModule_DiffAE_LoRA
2026-03-20 19:32:57,596 [INFO]   替換層 1 -> QuantModule_DiffAE_LoRA
2026-03-20 19:32:57,596 [INFO]   替換層 1 -> QuantModule_DiffAE_LoRA
2026-03-20 19:32:57,596 [INFO]   替換層 3 -> QuantModule_DiffAE_LoRA
2026-03-20 19:32:57,596 [INFO]   替換層 3 -> QuantModule_DiffAE_LoRA
2026-03-20 19:32:57,598 [INFO]   跳過量化 skip connection: skip_connection
2026-03-20 19:32:57,598 [INFO]   跳過量化 skip connection: skip_connection
2026-03-20 19:32:57,598 [INFO]   替換層 2 -> QuantModule_DiffAE_LoRA
2026-03-20 19:32:57,598 [INFO]   替換層 2 -> QuantModule_DiffAE_LoRA
2026-03-20 19:32:57,600 [INFO]   替換層 1 -> QuantModule_DiffAE_LoRA
2026-03-20 19:32:57,600 [INFO]   替換層 1 -> QuantModule_DiffAE_LoRA
2026-03-20 19:32:57,601 [INFO]   替換層 1 -> QuantModule_DiffAE_LoRA
2026-03-20 19:32:57,601 [INFO]   替換層 1 -> QuantModule_DiffAE_LoRA
2026-03-20 19:32:57,602 [INFO]   替換層 3 -> QuantModule_DiffAE_LoRA
2026-03-20 19:32:57,602 [INFO]   替換層 3 -> QuantModule_DiffAE_LoRA
2026-03-20 19:32:57,603 [INFO]   替換層 2 -> QuantModule_DiffAE_LoRA
2026-03-20 19:32:57,603 [INFO]   替換層 2 -> QuantModule_DiffAE_LoRA
2026-03-20 19:32:57,605 [INFO]   替換層 1 -> QuantModule_DiffAE_LoRA
2026-03-20 19:32:57,605 [INFO]   替換層 1 -> QuantModule_DiffAE_LoRA
2026-03-20 19:32:57,606 [INFO]   替換層 1 -> QuantModule_DiffAE_LoRA
2026-03-20 19:32:57,606 [INFO]   替換層 1 -> QuantModule_DiffAE_LoRA
2026-03-20 19:32:57,607 [INFO]   替換層 3 -> QuantModule_DiffAE_LoRA
2026-03-20 19:32:57,607 [INFO]   替換層 3 -> QuantModule_DiffAE_LoRA
2026-03-20 19:32:57,609 [INFO]   替換層 2 -> QuantModule_DiffAE_LoRA
2026-03-20 19:32:57,609 [INFO]   替換層 2 -> QuantModule_DiffAE_LoRA
2026-03-20 19:32:57,612 [INFO]   替換層 1 -> QuantModule_DiffAE_LoRA
2026-03-20 19:32:57,612 [INFO]   替換層 1 -> QuantModule_DiffAE_LoRA
2026-03-20 19:32:57,613 [INFO]   替換層 1 -> QuantModule_DiffAE_LoRA
2026-03-20 19:32:57,613 [INFO]   替換層 1 -> QuantModule_DiffAE_LoRA
2026-03-20 19:32:57,614 [INFO]   替換層 3 -> QuantModule_DiffAE_LoRA
2026-03-20 19:32:57,614 [INFO]   替換層 3 -> QuantModule_DiffAE_LoRA
2026-03-20 19:32:57,619 [INFO]   跳過量化 skip connection: skip_connection
2026-03-20 19:32:57,619 [INFO]   跳過量化 skip connection: skip_connection
2026-03-20 19:32:57,619 [INFO]   替換層 2 -> QuantModule_DiffAE_LoRA
2026-03-20 19:32:57,619 [INFO]   替換層 2 -> QuantModule_DiffAE_LoRA
2026-03-20 19:32:57,624 [INFO]   替換層 1 -> QuantModule_DiffAE_LoRA
2026-03-20 19:32:57,624 [INFO]   替換層 1 -> QuantModule_DiffAE_LoRA
2026-03-20 19:32:57,625 [INFO]   替換層 1 -> QuantModule_DiffAE_LoRA
2026-03-20 19:32:57,625 [INFO]   替換層 1 -> QuantModule_DiffAE_LoRA
2026-03-20 19:32:57,626 [INFO]   替換層 3 -> QuantModule_DiffAE_LoRA
2026-03-20 19:32:57,626 [INFO]   替換層 3 -> QuantModule_DiffAE_LoRA
2026-03-20 19:32:57,631 [INFO]   替換層 2 -> QuantModule_DiffAE_LoRA
2026-03-20 19:32:57,631 [INFO]   替換層 2 -> QuantModule_DiffAE_LoRA
2026-03-20 19:32:57,635 [INFO]   替換層 1 -> QuantModule_DiffAE_LoRA
2026-03-20 19:32:57,635 [INFO]   替換層 1 -> QuantModule_DiffAE_LoRA
2026-03-20 19:32:57,637 [INFO]   替換層 1 -> QuantModule_DiffAE_LoRA
2026-03-20 19:32:57,637 [INFO]   替換層 1 -> QuantModule_DiffAE_LoRA
2026-03-20 19:32:57,638 [INFO]   替換層 3 -> QuantModule_DiffAE_LoRA
2026-03-20 19:32:57,638 [INFO]   替換層 3 -> QuantModule_DiffAE_LoRA
2026-03-20 19:32:57,642 [INFO]   替換層 2 -> QuantModule_DiffAE_LoRA
2026-03-20 19:32:57,642 [INFO]   替換層 2 -> QuantModule_DiffAE_LoRA
2026-03-20 19:32:57,649 [INFO]   替換層 1 -> QuantModule_DiffAE_LoRA
2026-03-20 19:32:57,649 [INFO]   替換層 1 -> QuantModule_DiffAE_LoRA
2026-03-20 19:32:57,650 [INFO]   替換層 1 -> QuantModule_DiffAE_LoRA
2026-03-20 19:32:57,650 [INFO]   替換層 1 -> QuantModule_DiffAE_LoRA
2026-03-20 19:32:57,651 [INFO]   替換層 3 -> QuantModule_DiffAE_LoRA
2026-03-20 19:32:57,651 [INFO]   替換層 3 -> QuantModule_DiffAE_LoRA
2026-03-20 19:32:57,658 [INFO]   跳過量化 skip connection: skip_connection
2026-03-20 19:32:57,658 [INFO]   跳過量化 skip connection: skip_connection
2026-03-20 19:32:57,658 [INFO]   替換層 2 -> QuantModule_DiffAE_LoRA
2026-03-20 19:32:57,658 [INFO]   替換層 2 -> QuantModule_DiffAE_LoRA
2026-03-20 19:32:57,667 [INFO]   替換層 1 -> QuantModule_DiffAE_LoRA
2026-03-20 19:32:57,667 [INFO]   替換層 1 -> QuantModule_DiffAE_LoRA
2026-03-20 19:32:57,669 [INFO]   替換層 1 -> QuantModule_DiffAE_LoRA
2026-03-20 19:32:57,669 [INFO]   替換層 1 -> QuantModule_DiffAE_LoRA
2026-03-20 19:32:57,670 [INFO]   替換層 3 -> QuantModule_DiffAE_LoRA
2026-03-20 19:32:57,670 [INFO]   替換層 3 -> QuantModule_DiffAE_LoRA
2026-03-20 19:32:57,677 [INFO] 改造模組: middle_block
2026-03-20 19:32:57,677 [INFO] 改造模組: middle_block
2026-03-20 19:32:57,677 [INFO]   替換層 2 -> QuantModule_DiffAE_LoRA
2026-03-20 19:32:57,677 [INFO]   替換層 2 -> QuantModule_DiffAE_LoRA
2026-03-20 19:32:57,683 [INFO]   替換層 1 -> QuantModule_DiffAE_LoRA
2026-03-20 19:32:57,683 [INFO]   替換層 1 -> QuantModule_DiffAE_LoRA
2026-03-20 19:32:57,685 [INFO]   替換層 1 -> QuantModule_DiffAE_LoRA
2026-03-20 19:32:57,685 [INFO]   替換層 1 -> QuantModule_DiffAE_LoRA
2026-03-20 19:32:57,686 [INFO]   替換層 3 -> QuantModule_DiffAE_LoRA
2026-03-20 19:32:57,686 [INFO]   替換層 3 -> QuantModule_DiffAE_LoRA
2026-03-20 19:32:57,695 [INFO]   替換層 2 -> QuantModule_DiffAE_LoRA
2026-03-20 19:32:57,695 [INFO]   替換層 2 -> QuantModule_DiffAE_LoRA
2026-03-20 19:32:57,701 [INFO]   替換層 1 -> QuantModule_DiffAE_LoRA
2026-03-20 19:32:57,701 [INFO]   替換層 1 -> QuantModule_DiffAE_LoRA
2026-03-20 19:32:57,703 [INFO]   替換層 1 -> QuantModule_DiffAE_LoRA
2026-03-20 19:32:57,703 [INFO]   替換層 1 -> QuantModule_DiffAE_LoRA
2026-03-20 19:32:57,704 [INFO]   替換層 3 -> QuantModule_DiffAE_LoRA
2026-03-20 19:32:57,704 [INFO]   替換層 3 -> QuantModule_DiffAE_LoRA
2026-03-20 19:32:57,711 [INFO] 改造模組: output_blocks
2026-03-20 19:32:57,711 [INFO] 改造模組: output_blocks
2026-03-20 19:32:57,711 [INFO]   替換層 2 -> QuantModule_DiffAE_LoRA
2026-03-20 19:32:57,711 [INFO]   替換層 2 -> QuantModule_DiffAE_LoRA
2026-03-20 19:32:57,725 [INFO]   替換層 1 -> QuantModule_DiffAE_LoRA
2026-03-20 19:32:57,725 [INFO]   替換層 1 -> QuantModule_DiffAE_LoRA
2026-03-20 19:32:57,727 [INFO]   替換層 1 -> QuantModule_DiffAE_LoRA
2026-03-20 19:32:57,727 [INFO]   替換層 1 -> QuantModule_DiffAE_LoRA
2026-03-20 19:32:57,728 [INFO]   替換層 3 -> QuantModule_DiffAE_LoRA
2026-03-20 19:32:57,728 [INFO]   替換層 3 -> QuantModule_DiffAE_LoRA
2026-03-20 19:32:57,736 [INFO]   跳過量化 skip connection: skip_connection
2026-03-20 19:32:57,736 [INFO]   跳過量化 skip connection: skip_connection
2026-03-20 19:32:57,736 [INFO]   替換層 2 -> QuantModule_DiffAE_LoRA
2026-03-20 19:32:57,736 [INFO]   替換層 2 -> QuantModule_DiffAE_LoRA
2026-03-20 19:32:57,754 [INFO]   替換層 1 -> QuantModule_DiffAE_LoRA
2026-03-20 19:32:57,754 [INFO]   替換層 1 -> QuantModule_DiffAE_LoRA
2026-03-20 19:32:57,757 [INFO]   替換層 1 -> QuantModule_DiffAE_LoRA
2026-03-20 19:32:57,757 [INFO]   替換層 1 -> QuantModule_DiffAE_LoRA
2026-03-20 19:32:57,758 [INFO]   替換層 3 -> QuantModule_DiffAE_LoRA
2026-03-20 19:32:57,758 [INFO]   替換層 3 -> QuantModule_DiffAE_LoRA
2026-03-20 19:32:57,766 [INFO]   跳過量化 skip connection: skip_connection
2026-03-20 19:32:57,766 [INFO]   跳過量化 skip connection: skip_connection
2026-03-20 19:32:57,766 [INFO]   替換層 2 -> QuantModule_DiffAE_LoRA
2026-03-20 19:32:57,766 [INFO]   替換層 2 -> QuantModule_DiffAE_LoRA
2026-03-20 19:32:57,778 [INFO]   替換層 1 -> QuantModule_DiffAE_LoRA
2026-03-20 19:32:57,778 [INFO]   替換層 1 -> QuantModule_DiffAE_LoRA
2026-03-20 19:32:57,780 [INFO]   替換層 1 -> QuantModule_DiffAE_LoRA
2026-03-20 19:32:57,780 [INFO]   替換層 1 -> QuantModule_DiffAE_LoRA
2026-03-20 19:32:57,781 [INFO]   替換層 3 -> QuantModule_DiffAE_LoRA
2026-03-20 19:32:57,781 [INFO]   替換層 3 -> QuantModule_DiffAE_LoRA
2026-03-20 19:32:57,790 [INFO]   跳過量化 skip connection: skip_connection
2026-03-20 19:32:57,790 [INFO]   跳過量化 skip connection: skip_connection
2026-03-20 19:32:57,790 [INFO]   替換層 2 -> QuantModule_DiffAE_LoRA
2026-03-20 19:32:57,790 [INFO]   替換層 2 -> QuantModule_DiffAE_LoRA
2026-03-20 19:32:57,797 [INFO]   替換層 1 -> QuantModule_DiffAE_LoRA
2026-03-20 19:32:57,797 [INFO]   替換層 1 -> QuantModule_DiffAE_LoRA
2026-03-20 19:32:57,799 [INFO]   替換層 1 -> QuantModule_DiffAE_LoRA
2026-03-20 19:32:57,799 [INFO]   替換層 1 -> QuantModule_DiffAE_LoRA
2026-03-20 19:32:57,801 [INFO]   替換層 3 -> QuantModule_DiffAE_LoRA
2026-03-20 19:32:57,801 [INFO]   替換層 3 -> QuantModule_DiffAE_LoRA
2026-03-20 19:32:57,808 [INFO]   替換層 2 -> QuantModule_DiffAE_LoRA
2026-03-20 19:32:57,808 [INFO]   替換層 2 -> QuantModule_DiffAE_LoRA
2026-03-20 19:32:57,818 [INFO]   替換層 1 -> QuantModule_DiffAE_LoRA
2026-03-20 19:32:57,818 [INFO]   替換層 1 -> QuantModule_DiffAE_LoRA
2026-03-20 19:32:57,820 [INFO]   替換層 1 -> QuantModule_DiffAE_LoRA
2026-03-20 19:32:57,820 [INFO]   替換層 1 -> QuantModule_DiffAE_LoRA
2026-03-20 19:32:57,821 [INFO]   替換層 3 -> QuantModule_DiffAE_LoRA
2026-03-20 19:32:57,821 [INFO]   替換層 3 -> QuantModule_DiffAE_LoRA
2026-03-20 19:32:57,827 [INFO]   跳過量化 skip connection: skip_connection
2026-03-20 19:32:57,827 [INFO]   跳過量化 skip connection: skip_connection
2026-03-20 19:32:57,827 [INFO]   替換層 2 -> QuantModule_DiffAE_LoRA
2026-03-20 19:32:57,827 [INFO]   替換層 2 -> QuantModule_DiffAE_LoRA
2026-03-20 19:32:57,834 [INFO]   替換層 1 -> QuantModule_DiffAE_LoRA
2026-03-20 19:32:57,834 [INFO]   替換層 1 -> QuantModule_DiffAE_LoRA
2026-03-20 19:32:57,836 [INFO]   替換層 1 -> QuantModule_DiffAE_LoRA
2026-03-20 19:32:57,836 [INFO]   替換層 1 -> QuantModule_DiffAE_LoRA
2026-03-20 19:32:57,837 [INFO]   替換層 3 -> QuantModule_DiffAE_LoRA
2026-03-20 19:32:57,837 [INFO]   替換層 3 -> QuantModule_DiffAE_LoRA
2026-03-20 19:32:57,841 [INFO]   跳過量化 skip connection: skip_connection
2026-03-20 19:32:57,841 [INFO]   跳過量化 skip connection: skip_connection
2026-03-20 19:32:57,841 [INFO]   替換層 2 -> QuantModule_DiffAE_LoRA
2026-03-20 19:32:57,841 [INFO]   替換層 2 -> QuantModule_DiffAE_LoRA
2026-03-20 19:32:57,848 [INFO]   替換層 1 -> QuantModule_DiffAE_LoRA
2026-03-20 19:32:57,848 [INFO]   替換層 1 -> QuantModule_DiffAE_LoRA
2026-03-20 19:32:57,849 [INFO]   替換層 1 -> QuantModule_DiffAE_LoRA
2026-03-20 19:32:57,849 [INFO]   替換層 1 -> QuantModule_DiffAE_LoRA
2026-03-20 19:32:57,850 [INFO]   替換層 3 -> QuantModule_DiffAE_LoRA
2026-03-20 19:32:57,850 [INFO]   替換層 3 -> QuantModule_DiffAE_LoRA
2026-03-20 19:32:57,853 [INFO]   跳過量化 skip connection: skip_connection
2026-03-20 19:32:57,853 [INFO]   跳過量化 skip connection: skip_connection
2026-03-20 19:32:57,853 [INFO]   替換層 2 -> QuantModule_DiffAE_LoRA
2026-03-20 19:32:57,853 [INFO]   替換層 2 -> QuantModule_DiffAE_LoRA
2026-03-20 19:32:57,858 [INFO]   替換層 1 -> QuantModule_DiffAE_LoRA
2026-03-20 19:32:57,858 [INFO]   替換層 1 -> QuantModule_DiffAE_LoRA
2026-03-20 19:32:57,859 [INFO]   替換層 1 -> QuantModule_DiffAE_LoRA
2026-03-20 19:32:57,859 [INFO]   替換層 1 -> QuantModule_DiffAE_LoRA
2026-03-20 19:32:57,860 [INFO]   替換層 3 -> QuantModule_DiffAE_LoRA
2026-03-20 19:32:57,860 [INFO]   替換層 3 -> QuantModule_DiffAE_LoRA
2026-03-20 19:32:57,864 [INFO]   替換層 2 -> QuantModule_DiffAE_LoRA
2026-03-20 19:32:57,864 [INFO]   替換層 2 -> QuantModule_DiffAE_LoRA
2026-03-20 19:32:57,869 [INFO]   替換層 1 -> QuantModule_DiffAE_LoRA
2026-03-20 19:32:57,869 [INFO]   替換層 1 -> QuantModule_DiffAE_LoRA
2026-03-20 19:32:57,871 [INFO]   替換層 1 -> QuantModule_DiffAE_LoRA
2026-03-20 19:32:57,871 [INFO]   替換層 1 -> QuantModule_DiffAE_LoRA
2026-03-20 19:32:57,871 [INFO]   替換層 3 -> QuantModule_DiffAE_LoRA
2026-03-20 19:32:57,871 [INFO]   替換層 3 -> QuantModule_DiffAE_LoRA
2026-03-20 19:32:57,873 [INFO]   跳過量化 skip connection: skip_connection
2026-03-20 19:32:57,873 [INFO]   跳過量化 skip connection: skip_connection
2026-03-20 19:32:57,873 [INFO]   替換層 2 -> QuantModule_DiffAE_LoRA
2026-03-20 19:32:57,873 [INFO]   替換層 2 -> QuantModule_DiffAE_LoRA
2026-03-20 19:32:57,878 [INFO]   替換層 1 -> QuantModule_DiffAE_LoRA
2026-03-20 19:32:57,878 [INFO]   替換層 1 -> QuantModule_DiffAE_LoRA
2026-03-20 19:32:57,879 [INFO]   替換層 1 -> QuantModule_DiffAE_LoRA
2026-03-20 19:32:57,879 [INFO]   替換層 1 -> QuantModule_DiffAE_LoRA
2026-03-20 19:32:57,879 [INFO]   替換層 3 -> QuantModule_DiffAE_LoRA
2026-03-20 19:32:57,879 [INFO]   替換層 3 -> QuantModule_DiffAE_LoRA
2026-03-20 19:32:57,882 [INFO]   跳過量化 skip connection: skip_connection
2026-03-20 19:32:57,882 [INFO]   跳過量化 skip connection: skip_connection
2026-03-20 19:32:57,882 [INFO]   替換層 2 -> QuantModule_DiffAE_LoRA
2026-03-20 19:32:57,882 [INFO]   替換層 2 -> QuantModule_DiffAE_LoRA
2026-03-20 19:32:57,885 [INFO]   替換層 1 -> QuantModule_DiffAE_LoRA
2026-03-20 19:32:57,885 [INFO]   替換層 1 -> QuantModule_DiffAE_LoRA
2026-03-20 19:32:57,886 [INFO]   替換層 1 -> QuantModule_DiffAE_LoRA
2026-03-20 19:32:57,886 [INFO]   替換層 1 -> QuantModule_DiffAE_LoRA
2026-03-20 19:32:57,886 [INFO]   替換層 3 -> QuantModule_DiffAE_LoRA
2026-03-20 19:32:57,886 [INFO]   替換層 3 -> QuantModule_DiffAE_LoRA
2026-03-20 19:32:57,888 [INFO]   跳過量化 skip connection: skip_connection
2026-03-20 19:32:57,888 [INFO]   跳過量化 skip connection: skip_connection
2026-03-20 19:32:57,888 [INFO]   替換層 2 -> QuantModule_DiffAE_LoRA
2026-03-20 19:32:57,888 [INFO]   替換層 2 -> QuantModule_DiffAE_LoRA
2026-03-20 19:32:57,890 [INFO]   替換層 1 -> QuantModule_DiffAE_LoRA
2026-03-20 19:32:57,890 [INFO]   替換層 1 -> QuantModule_DiffAE_LoRA
2026-03-20 19:32:57,891 [INFO]   替換層 1 -> QuantModule_DiffAE_LoRA
2026-03-20 19:32:57,891 [INFO]   替換層 1 -> QuantModule_DiffAE_LoRA
2026-03-20 19:32:57,892 [INFO]   替換層 3 -> QuantModule_DiffAE_LoRA
2026-03-20 19:32:57,892 [INFO]   替換層 3 -> QuantModule_DiffAE_LoRA
2026-03-20 19:32:57,894 [INFO]   替換層 2 -> QuantModule_DiffAE_LoRA
2026-03-20 19:32:57,894 [INFO]   替換層 2 -> QuantModule_DiffAE_LoRA
2026-03-20 19:32:57,896 [INFO]   替換層 1 -> QuantModule_DiffAE_LoRA
2026-03-20 19:32:57,896 [INFO]   替換層 1 -> QuantModule_DiffAE_LoRA
2026-03-20 19:32:57,897 [INFO]   替換層 1 -> QuantModule_DiffAE_LoRA
2026-03-20 19:32:57,897 [INFO]   替換層 1 -> QuantModule_DiffAE_LoRA
2026-03-20 19:32:57,897 [INFO]   替換層 3 -> QuantModule_DiffAE_LoRA
2026-03-20 19:32:57,897 [INFO]   替換層 3 -> QuantModule_DiffAE_LoRA
2026-03-20 19:32:57,898 [INFO]   跳過量化 skip connection: skip_connection
2026-03-20 19:32:57,898 [INFO]   跳過量化 skip connection: skip_connection
2026-03-20 19:32:57,898 [INFO]   替換層 2 -> QuantModule_DiffAE_LoRA
2026-03-20 19:32:57,898 [INFO]   替換層 2 -> QuantModule_DiffAE_LoRA
2026-03-20 19:32:57,899 [INFO]   替換層 1 -> QuantModule_DiffAE_LoRA
2026-03-20 19:32:57,899 [INFO]   替換層 1 -> QuantModule_DiffAE_LoRA
2026-03-20 19:32:57,900 [INFO]   替換層 1 -> QuantModule_DiffAE_LoRA
2026-03-20 19:32:57,900 [INFO]   替換層 1 -> QuantModule_DiffAE_LoRA
2026-03-20 19:32:57,900 [INFO]   替換層 3 -> QuantModule_DiffAE_LoRA
2026-03-20 19:32:57,900 [INFO]   替換層 3 -> QuantModule_DiffAE_LoRA
2026-03-20 19:32:57,901 [INFO]   跳過量化 skip connection: skip_connection
2026-03-20 19:32:57,901 [INFO]   跳過量化 skip connection: skip_connection
2026-03-20 19:32:57,901 [INFO]   替換層 2 -> QuantModule_DiffAE_LoRA
2026-03-20 19:32:57,901 [INFO]   替換層 2 -> QuantModule_DiffAE_LoRA
2026-03-20 19:32:57,902 [INFO]   替換層 1 -> QuantModule_DiffAE_LoRA
2026-03-20 19:32:57,902 [INFO]   替換層 1 -> QuantModule_DiffAE_LoRA
2026-03-20 19:32:57,903 [INFO]   替換層 1 -> QuantModule_DiffAE_LoRA
2026-03-20 19:32:57,903 [INFO]   替換層 1 -> QuantModule_DiffAE_LoRA
2026-03-20 19:32:57,903 [INFO]   替換層 3 -> QuantModule_DiffAE_LoRA
2026-03-20 19:32:57,903 [INFO]   替換層 3 -> QuantModule_DiffAE_LoRA
2026-03-20 19:32:57,904 [INFO]   跳過量化 skip connection: skip_connection
2026-03-20 19:32:57,904 [INFO]   跳過量化 skip connection: skip_connection
2026-03-20 19:32:57,904 [INFO]   替換層 2 -> QuantModule_DiffAE_LoRA
2026-03-20 19:32:57,904 [INFO]   替換層 2 -> QuantModule_DiffAE_LoRA
2026-03-20 19:32:57,905 [INFO]   替換層 1 -> QuantModule_DiffAE_LoRA
2026-03-20 19:32:57,905 [INFO]   替換層 1 -> QuantModule_DiffAE_LoRA
2026-03-20 19:32:57,905 [INFO]   替換層 1 -> QuantModule_DiffAE_LoRA
2026-03-20 19:32:57,905 [INFO]   替換層 1 -> QuantModule_DiffAE_LoRA
2026-03-20 19:32:57,906 [INFO]   替換層 3 -> QuantModule_DiffAE_LoRA
2026-03-20 19:32:57,906 [INFO]   替換層 3 -> QuantModule_DiffAE_LoRA
2026-03-20 19:32:57,907 [INFO]   替換層 2 -> QuantModule_DiffAE_LoRA
2026-03-20 19:32:57,907 [INFO]   替換層 2 -> QuantModule_DiffAE_LoRA
2026-03-20 19:32:57,908 [INFO]   替換層 1 -> QuantModule_DiffAE_LoRA
2026-03-20 19:32:57,908 [INFO]   替換層 1 -> QuantModule_DiffAE_LoRA
2026-03-20 19:32:57,909 [INFO]   替換層 1 -> QuantModule_DiffAE_LoRA
2026-03-20 19:32:57,909 [INFO]   替換層 1 -> QuantModule_DiffAE_LoRA
2026-03-20 19:32:57,909 [INFO]   替換層 3 -> QuantModule_DiffAE_LoRA
2026-03-20 19:32:57,909 [INFO]   替換層 3 -> QuantModule_DiffAE_LoRA
2026-03-20 19:32:57,910 [INFO]   跳過量化 skip connection: skip_connection
2026-03-20 19:32:57,910 [INFO]   跳過量化 skip connection: skip_connection
2026-03-20 19:32:57,910 [INFO]   替換層 2 -> QuantModule_DiffAE_LoRA
2026-03-20 19:32:57,910 [INFO]   替換層 2 -> QuantModule_DiffAE_LoRA
2026-03-20 19:32:57,911 [INFO]   替換層 1 -> QuantModule_DiffAE_LoRA
2026-03-20 19:32:57,911 [INFO]   替換層 1 -> QuantModule_DiffAE_LoRA
2026-03-20 19:32:57,912 [INFO]   替換層 1 -> QuantModule_DiffAE_LoRA
2026-03-20 19:32:57,912 [INFO]   替換層 1 -> QuantModule_DiffAE_LoRA
2026-03-20 19:32:57,912 [INFO]   替換層 3 -> QuantModule_DiffAE_LoRA
2026-03-20 19:32:57,912 [INFO]   替換層 3 -> QuantModule_DiffAE_LoRA
2026-03-20 19:32:57,913 [INFO]   跳過量化 skip connection: skip_connection
2026-03-20 19:32:57,913 [INFO]   跳過量化 skip connection: skip_connection
2026-03-20 19:32:57,913 [INFO]   替換層 2 -> QuantModule_DiffAE_LoRA
2026-03-20 19:32:57,913 [INFO]   替換層 2 -> QuantModule_DiffAE_LoRA
2026-03-20 19:32:57,914 [INFO]   替換層 1 -> QuantModule_DiffAE_LoRA
2026-03-20 19:32:57,914 [INFO]   替換層 1 -> QuantModule_DiffAE_LoRA
2026-03-20 19:32:57,915 [INFO]   替換層 1 -> QuantModule_DiffAE_LoRA
2026-03-20 19:32:57,915 [INFO]   替換層 1 -> QuantModule_DiffAE_LoRA
2026-03-20 19:32:57,915 [INFO]   替換層 3 -> QuantModule_DiffAE_LoRA
2026-03-20 19:32:57,915 [INFO]   替換層 3 -> QuantModule_DiffAE_LoRA
2026-03-20 19:32:57,916 [INFO]   跳過量化 skip connection: skip_connection
2026-03-20 19:32:57,916 [INFO]   跳過量化 skip connection: skip_connection
2026-03-20 19:32:57,916 [INFO] 改造模組: out
2026-03-20 19:32:57,916 [INFO] 改造模組: out
2026-03-20 19:32:57,916 [INFO]   跳過量化特殊模組: 2
2026-03-20 19:32:57,916 [INFO]   跳過量化特殊模組: 2
2026-03-20 19:32:57,919 [INFO] 執行 'create_float_quantized_model' 完成，耗時: 0.40 秒
2026-03-20 19:32:57,919 [INFO] 執行 'create_float_quantized_model' 完成，耗時: 0.40 秒
2026-03-20 19:32:58,005 [INFO] 載入校準資料...
2026-03-20 19:32:58,005 [INFO] 載入校準資料...
2026-03-20 19:32:58,189 [INFO] ✅ 載入真實校準資料成功
2026-03-20 19:32:58,189 [INFO] ✅ 載入真實校準資料成功
2026-03-20 19:32:58,191 [INFO] ==================================================
2026-03-20 19:32:58,191 [INFO] ==================================================
2026-03-20 19:32:58,191 [INFO] 5. Setting first and last layers to 8-bit...
2026-03-20 19:32:58,191 [INFO] 5. Setting first and last layers to 8-bit...
2026-03-20 19:32:58,193 [INFO] 找到 144 個量化模組
2026-03-20 19:32:58,193 [INFO] 找到 144 個量化模組
2026-03-20 19:32:58,193 [INFO] ✅ 首尾層 8-bit 設定完成
2026-03-20 19:32:58,193 [INFO] ✅ 首尾層 8-bit 設定完成
2026-03-20 19:32:58,193 [INFO] ✅ 量化模型創建成功
2026-03-20 19:32:58,193 [INFO] ✅ 量化模型創建成功
2026-03-20 19:32:58,193 [INFO] set quant state to True, True for layer 1
2026-03-20 19:32:58,193 [INFO] set quant state to True, True for layer 1
2026-03-20 19:32:58,193 [INFO] set quant state to True, True for layer 2
2026-03-20 19:32:58,193 [INFO] set quant state to True, True for layer 2
2026-03-20 19:32:58,193 [INFO] set quant state to True, False for layer 3
2026-03-20 19:32:58,193 [INFO] set quant state to True, False for layer 3
2026-03-20 19:32:58,195 [INFO] set quant state to True, True for layer 144
2026-03-20 19:32:58,195 [INFO] set quant state to True, True for layer 144
2026-03-20 19:32:59,128 [INFO] EMA(load from ema_model.model.*): provided=1822 effective_loaded=1822 missing=280 unexpected=0
2026-03-20 19:32:59,128 [INFO] EMA(load from ema_model.model.*): provided=1822 effective_loaded=1822 missing=280 unexpected=0
2026-03-20 19:32:59,128 [WARNING] EMA missing keys (前10): ['model.input_blocks.1.0.in_layers.2.intn_dequantizer.delta', 'model.input_blocks.1.0.in_layers.2.intn_dequantizer.zero_point', 'model.input_blocks.1.0.emb_layers.1.intn_dequantizer.delta', 'model.input_blocks.1.0.emb_layers.1.intn_dequantizer.zero_point', 'model.input_blocks.1.0.cond_emb_layers.1.intn_dequantizer.delta', 'model.input_blocks.1.0.cond_emb_layers.1.intn_dequantizer.zero_point', 'model.input_blocks.1.0.out_layers.3.intn_dequantizer.delta', 'model.input_blocks.1.0.out_layers.3.intn_dequantizer.zero_point', 'model.input_blocks.2.0.in_layers.2.intn_dequantizer.delta', 'model.input_blocks.2.0.in_layers.2.intn_dequantizer.zero_point']
2026-03-20 19:32:59,128 [WARNING] EMA missing keys (前10): ['model.input_blocks.1.0.in_layers.2.intn_dequantizer.delta', 'model.input_blocks.1.0.in_layers.2.intn_dequantizer.zero_point', 'model.input_blocks.1.0.emb_layers.1.intn_dequantizer.delta', 'model.input_blocks.1.0.emb_layers.1.intn_dequantizer.zero_point', 'model.input_blocks.1.0.cond_emb_layers.1.intn_dequantizer.delta', 'model.input_blocks.1.0.cond_emb_layers.1.intn_dequantizer.zero_point', 'model.input_blocks.1.0.out_layers.3.intn_dequantizer.delta', 'model.input_blocks.1.0.out_layers.3.intn_dequantizer.zero_point', 'model.input_blocks.2.0.in_layers.2.intn_dequantizer.delta', 'model.input_blocks.2.0.in_layers.2.intn_dequantizer.zero_point']
2026-03-20 19:32:59,184 [INFO] MODEL(load from model.model.*): provided=1822 effective_loaded=1822 missing=280 unexpected=0
2026-03-20 19:32:59,184 [INFO] MODEL(load from model.model.*): provided=1822 effective_loaded=1822 missing=280 unexpected=0
2026-03-20 19:32:59,184 [INFO] ✅ 量化模型載入成功
2026-03-20 19:32:59,184 [INFO] ✅ 量化模型載入成功
2026-03-20 19:32:59,184 [INFO] === 初始化新功能模組 ===
2026-03-20 19:32:59,184 [INFO] === 初始化新功能模組 ===
2026-03-20 19:32:59,213 [INFO] ✅ 基礎模型設定完成
2026-03-20 19:32:59,213 [INFO] ✅ 基礎模型設定完成
2026-03-20 19:32:59,243 [INFO] ==================================================
2026-03-20 19:32:59,243 [INFO] ==================================================
2026-03-20 19:32:59,243 [INFO] 啟用 Similarity Analysis (L1/L2/Cosine)
2026-03-20 19:32:59,243 [INFO] 啟用 Similarity Analysis (L1/L2/Cosine)
2026-03-20 19:32:59,243 [INFO] FID 評估樣本數: 128
2026-03-20 19:32:59,243 [INFO] FID 評估樣本數: 128
2026-03-20 19:32:59,243 [INFO] 實際收集樣本數: 20 (用於加速)
2026-03-20 19:32:59,243 [INFO] 實際收集樣本數: 20 (用於加速)
2026-03-20 19:32:59,243 [INFO] 擴散步數: 100
2026-03-20 19:32:59,243 [INFO] 擴散步數: 100
2026-03-20 19:32:59,243 [INFO] ==================================================
2026-03-20 19:32:59,243 [INFO] ==================================================
2026-03-20 19:32:59,245 [INFO] [Similarity] 註冊 block hook: model.output_blocks.9
2026-03-20 19:32:59,245 [INFO] [Similarity] 註冊 block hook: model.output_blocks.9
2026-03-20 19:32:59,245 [INFO] [Similarity] 註冊 model step hook 完成
2026-03-20 19:32:59,245 [INFO] [Similarity] 註冊 model step hook 完成
Model params: 174.19 M
loading pretrain ... 130M
step: 1019986
loading latent stats ...
local seed: 0
train data: 70001
val data: 70001
on train dataloader start ...
mean: tensor(-0.0606, device='cuda:0') std: tensor(0.0755, device='cuda:0')
generating images:   0%|          | 0/4 [00:00<?, ?it/s]/home/jimmy/diffae/./diffusion/base.py:329: FutureWarning: `torch.cuda.amp.autocast(args...)` is deprecated. Please use `torch.amp.autocast('cuda', args...)` instead.
  with autocast(self.conf.fp16):
2026-03-20 19:33:19,409 [INFO] [Similarity] Batch 0 完成，已收集 20 個樣本
2026-03-20 19:33:19,409 [INFO] [Similarity] Batch 0 完成，已收集 20 個樣本
generating images:  25%|██▌       | 1/4 [00:20<01:00, 20.31s/it]2026-03-20 19:33:39,595 [INFO] [Similarity] Batch 1 完成，已收集 20 個樣本
2026-03-20 19:33:39,595 [INFO] [Similarity] Batch 1 完成，已收集 20 個樣本
generating images:  50%|█████     | 2/4 [00:40<00:40, 20.24s/it]2026-03-20 19:33:59,792 [INFO] [Similarity] Batch 2 完成，已收集 20 個樣本
2026-03-20 19:33:59,792 [INFO] [Similarity] Batch 2 完成，已收集 20 個樣本
generating images:  75%|███████▌  | 3/4 [01:00<00:20, 20.22s/it]2026-03-20 19:34:15,624 [INFO] [Similarity] 已收集 80 个样本，停止数据收集（目标: 80）
2026-03-20 19:34:15,624 [INFO] [Similarity] 已收集 80 个样本，停止数据收集（目标: 80）
2026-03-20 19:34:20,031 [INFO] [Similarity] Batch 3 完成，已收集 20 個樣本
2026-03-20 19:34:20,031 [INFO] [Similarity] Batch 3 完成，已收集 20 個樣本
generating images: 100%|██████████| 4/4 [01:20<00:00, 20.22s/it]generating images: 100%|██████████| 4/4 [01:20<00:00, 20.23s/it]
2026-03-20 19:34:20,177 [INFO] [Similarity] FID@128 100 steps score: 0
2026-03-20 19:34:20,177 [INFO] [Similarity] FID@128 100 steps score: 0
2026-03-20 19:34:20,178 [INFO] [Similarity] model.output_blocks.9 cosine: min=-0.065525, max=1.000000, diag_mean=1.000000, off_diag_mean=0.831438, off_diag_std=0.174609
2026-03-20 19:34:20,178 [INFO] [Similarity] model.output_blocks.9 cosine: min=-0.065525, max=1.000000, diag_mean=1.000000, off_diag_mean=0.831438, off_diag_std=0.174609
2026-03-20 19:34:21,230 [INFO] ✅ Similarity Analysis 完成
2026-03-20 19:34:21,230 [INFO] ✅ Similarity Analysis 完成
2026-03-20 19:34:21,276 [INFO] 執行 'main_float_model' 完成，耗時: 85.58 秒
2026-03-20 19:34:21,276 [INFO] 執行 'main_float_model' 完成，耗時: 85.58 秒
