2026-03-15 17:40:19,742 [INFO] ==================================================
2026-03-15 17:40:19,742 [INFO] Diff-AE EfficientDM Step 6: 量化感知微調 (QAT)
2026-03-15 17:40:19,742 [INFO] ==================================================
2026-03-15 17:40:19,742 [INFO] 訓練 log 檔案: QATcode/quantize_ver2/log/step6_train_TF.log
2026-03-15 17:40:19,742 [INFO] 使用設備: cuda
2026-03-15 17:40:19,742 [INFO] === 新功能狀態 ===
2026-03-15 17:40:19,742 [INFO] Layer-by-Layer 訓練: 關閉
2026-03-15 17:40:19,742 [INFO] 代理指標驗證: 關閉
2026-03-15 17:40:19,742 [INFO] 實驗目錄: runs/default
2026-03-15 17:40:19,742 [INFO] 量化更新診斷 interval: 8
2026-03-15 17:40:19,742 [INFO] 量化更新診斷 topk: 12
2026-03-15 17:40:19,742 [INFO] 量化更新診斷 root: QATcode/quantize_ver2/quant_diag_runs
2026-03-15 17:40:19,742 [INFO] 量化更新診斷輸出目錄: QATcode/quantize_ver2/quant_diag_runs/20260315_174019
2026-03-15 17:40:19,742 [INFO] 載入 Diff-AE 模型: checkpoints/ffhq128_autoenc_latent/last.ckpt
2026-03-15 17:40:21,485 [INFO] Diff-AE 模型載入完成
2026-03-15 17:40:21,515 [INFO] 執行 'load_diffae_model' 完成，耗時: 1.77 秒
2026-03-15 17:40:21,515 [INFO] ✅ Diff-AE 模型載入成功
2026-03-15 17:40:22,643 [INFO] ✅ FP Diff-AE 模型載入成功
2026-03-15 17:40:22,643 [INFO] base_model.conf.train_mode: TrainMode.latent_diffusion
2026-03-15 17:40:23,520 [INFO] === 創建 LoRA 量化模型 ===
2026-03-15 17:40:23,520 [INFO] === 開始 UNet LoRA 量化改造 ===
2026-03-15 17:40:23,520 [INFO] 改造模組: time_embed
2026-03-15 17:40:23,520 [INFO]   跳過量化特殊模組: 0
2026-03-15 17:40:23,521 [INFO]   跳過量化特殊模組: 2
2026-03-15 17:40:23,521 [INFO] 改造模組: input_blocks
2026-03-15 17:40:23,521 [INFO]   跳過量化特殊模組: 0
2026-03-15 17:40:23,521 [INFO]   替換層 2 -> QuantModule_DiffAE_LoRA
2026-03-15 17:40:23,522 [INFO]   替換層 1 -> QuantModule_DiffAE_LoRA
2026-03-15 17:40:23,522 [INFO]   替換層 1 -> QuantModule_DiffAE_LoRA
2026-03-15 17:40:23,523 [INFO]   替換層 3 -> QuantModule_DiffAE_LoRA
2026-03-15 17:40:23,523 [INFO]   替換層 2 -> QuantModule_DiffAE_LoRA
2026-03-15 17:40:23,524 [INFO]   替換層 1 -> QuantModule_DiffAE_LoRA
2026-03-15 17:40:23,524 [INFO]   替換層 1 -> QuantModule_DiffAE_LoRA
2026-03-15 17:40:23,525 [INFO]   替換層 3 -> QuantModule_DiffAE_LoRA
2026-03-15 17:40:23,525 [INFO]   替換層 2 -> QuantModule_DiffAE_LoRA
2026-03-15 17:40:23,526 [INFO]   替換層 1 -> QuantModule_DiffAE_LoRA
2026-03-15 17:40:23,526 [INFO]   替換層 1 -> QuantModule_DiffAE_LoRA
2026-03-15 17:40:23,527 [INFO]   替換層 3 -> QuantModule_DiffAE_LoRA
2026-03-15 17:40:23,527 [INFO]   替換層 2 -> QuantModule_DiffAE_LoRA
2026-03-15 17:40:23,528 [INFO]   替換層 1 -> QuantModule_DiffAE_LoRA
2026-03-15 17:40:23,528 [INFO]   替換層 1 -> QuantModule_DiffAE_LoRA
2026-03-15 17:40:23,529 [INFO]   替換層 3 -> QuantModule_DiffAE_LoRA
2026-03-15 17:40:23,529 [INFO]   替換層 2 -> QuantModule_DiffAE_LoRA
2026-03-15 17:40:23,530 [INFO]   替換層 1 -> QuantModule_DiffAE_LoRA
2026-03-15 17:40:23,530 [INFO]   替換層 1 -> QuantModule_DiffAE_LoRA
2026-03-15 17:40:23,531 [INFO]   替換層 3 -> QuantModule_DiffAE_LoRA
2026-03-15 17:40:23,531 [INFO]   替換層 2 -> QuantModule_DiffAE_LoRA
2026-03-15 17:40:23,532 [INFO]   替換層 1 -> QuantModule_DiffAE_LoRA
2026-03-15 17:40:23,532 [INFO]   替換層 1 -> QuantModule_DiffAE_LoRA
2026-03-15 17:40:23,533 [INFO]   替換層 3 -> QuantModule_DiffAE_LoRA
2026-03-15 17:40:23,533 [INFO]   替換層 2 -> QuantModule_DiffAE_LoRA
2026-03-15 17:40:23,534 [INFO]   替換層 1 -> QuantModule_DiffAE_LoRA
2026-03-15 17:40:23,535 [INFO]   替換層 1 -> QuantModule_DiffAE_LoRA
2026-03-15 17:40:23,535 [INFO]   替換層 3 -> QuantModule_DiffAE_LoRA
2026-03-15 17:40:23,537 [INFO]   跳過量化 skip connection: skip_connection
2026-03-15 17:40:23,537 [INFO]   替換層 2 -> QuantModule_DiffAE_LoRA
2026-03-15 17:40:23,539 [INFO]   替換層 1 -> QuantModule_DiffAE_LoRA
2026-03-15 17:40:23,539 [INFO]   替換層 1 -> QuantModule_DiffAE_LoRA
2026-03-15 17:40:23,540 [INFO]   替換層 3 -> QuantModule_DiffAE_LoRA
2026-03-15 17:40:23,542 [INFO]   替換層 2 -> QuantModule_DiffAE_LoRA
2026-03-15 17:40:23,544 [INFO]   替換層 1 -> QuantModule_DiffAE_LoRA
2026-03-15 17:40:23,544 [INFO]   替換層 1 -> QuantModule_DiffAE_LoRA
2026-03-15 17:40:23,545 [INFO]   替換層 3 -> QuantModule_DiffAE_LoRA
2026-03-15 17:40:23,547 [INFO]   替換層 2 -> QuantModule_DiffAE_LoRA
2026-03-15 17:40:23,549 [INFO]   替換層 1 -> QuantModule_DiffAE_LoRA
2026-03-15 17:40:23,550 [INFO]   替換層 1 -> QuantModule_DiffAE_LoRA
2026-03-15 17:40:23,550 [INFO]   替換層 3 -> QuantModule_DiffAE_LoRA
2026-03-15 17:40:23,553 [INFO]   跳過量化 skip connection: skip_connection
2026-03-15 17:40:23,553 [INFO]   替換層 2 -> QuantModule_DiffAE_LoRA
2026-03-15 17:40:23,557 [INFO]   替換層 1 -> QuantModule_DiffAE_LoRA
2026-03-15 17:40:23,558 [INFO]   替換層 1 -> QuantModule_DiffAE_LoRA
2026-03-15 17:40:23,559 [INFO]   替換層 3 -> QuantModule_DiffAE_LoRA
2026-03-15 17:40:23,562 [INFO]   替換層 2 -> QuantModule_DiffAE_LoRA
2026-03-15 17:40:23,565 [INFO]   替換層 1 -> QuantModule_DiffAE_LoRA
2026-03-15 17:40:23,566 [INFO]   替換層 1 -> QuantModule_DiffAE_LoRA
2026-03-15 17:40:23,567 [INFO]   替換層 3 -> QuantModule_DiffAE_LoRA
2026-03-15 17:40:23,570 [INFO]   替換層 2 -> QuantModule_DiffAE_LoRA
2026-03-15 17:40:23,574 [INFO]   替換層 1 -> QuantModule_DiffAE_LoRA
2026-03-15 17:40:23,576 [INFO]   替換層 1 -> QuantModule_DiffAE_LoRA
2026-03-15 17:40:23,576 [INFO]   替換層 3 -> QuantModule_DiffAE_LoRA
2026-03-15 17:40:23,582 [INFO]   跳過量化 skip connection: skip_connection
2026-03-15 17:40:23,582 [INFO]   替換層 2 -> QuantModule_DiffAE_LoRA
2026-03-15 17:40:23,587 [INFO]   替換層 1 -> QuantModule_DiffAE_LoRA
2026-03-15 17:40:23,589 [INFO]   替換層 1 -> QuantModule_DiffAE_LoRA
2026-03-15 17:40:23,589 [INFO]   替換層 3 -> QuantModule_DiffAE_LoRA
2026-03-15 17:40:23,595 [INFO] 改造模組: middle_block
2026-03-15 17:40:23,595 [INFO]   替換層 2 -> QuantModule_DiffAE_LoRA
2026-03-15 17:40:23,600 [INFO]   替換層 1 -> QuantModule_DiffAE_LoRA
2026-03-15 17:40:23,601 [INFO]   替換層 1 -> QuantModule_DiffAE_LoRA
2026-03-15 17:40:23,602 [INFO]   替換層 3 -> QuantModule_DiffAE_LoRA
2026-03-15 17:40:23,607 [INFO]   替換層 2 -> QuantModule_DiffAE_LoRA
2026-03-15 17:40:23,613 [INFO]   替換層 1 -> QuantModule_DiffAE_LoRA
2026-03-15 17:40:23,614 [INFO]   替換層 1 -> QuantModule_DiffAE_LoRA
2026-03-15 17:40:23,615 [INFO]   替換層 3 -> QuantModule_DiffAE_LoRA
2026-03-15 17:40:23,620 [INFO] 改造模組: output_blocks
2026-03-15 17:40:23,620 [INFO]   替換層 2 -> QuantModule_DiffAE_LoRA
2026-03-15 17:40:23,631 [INFO]   替換層 1 -> QuantModule_DiffAE_LoRA
2026-03-15 17:40:23,632 [INFO]   替換層 1 -> QuantModule_DiffAE_LoRA
2026-03-15 17:40:23,633 [INFO]   替換層 3 -> QuantModule_DiffAE_LoRA
2026-03-15 17:40:23,638 [INFO]   跳過量化 skip connection: skip_connection
2026-03-15 17:40:23,638 [INFO]   替換層 2 -> QuantModule_DiffAE_LoRA
2026-03-15 17:40:23,649 [INFO]   替換層 1 -> QuantModule_DiffAE_LoRA
2026-03-15 17:40:23,650 [INFO]   替換層 1 -> QuantModule_DiffAE_LoRA
2026-03-15 17:40:23,651 [INFO]   替換層 3 -> QuantModule_DiffAE_LoRA
2026-03-15 17:40:23,656 [INFO]   跳過量化 skip connection: skip_connection
2026-03-15 17:40:23,656 [INFO]   替換層 2 -> QuantModule_DiffAE_LoRA
2026-03-15 17:40:23,666 [INFO]   替換層 1 -> QuantModule_DiffAE_LoRA
2026-03-15 17:40:23,667 [INFO]   替換層 1 -> QuantModule_DiffAE_LoRA
2026-03-15 17:40:23,668 [INFO]   替換層 3 -> QuantModule_DiffAE_LoRA
2026-03-15 17:40:23,673 [INFO]   跳過量化 skip connection: skip_connection
2026-03-15 17:40:23,673 [INFO]   替換層 2 -> QuantModule_DiffAE_LoRA
2026-03-15 17:40:23,679 [INFO]   替換層 1 -> QuantModule_DiffAE_LoRA
2026-03-15 17:40:23,680 [INFO]   替換層 1 -> QuantModule_DiffAE_LoRA
2026-03-15 17:40:23,681 [INFO]   替換層 3 -> QuantModule_DiffAE_LoRA
2026-03-15 17:40:23,686 [INFO]   替換層 2 -> QuantModule_DiffAE_LoRA
2026-03-15 17:40:23,693 [INFO]   替換層 1 -> QuantModule_DiffAE_LoRA
2026-03-15 17:40:23,695 [INFO]   替換層 1 -> QuantModule_DiffAE_LoRA
2026-03-15 17:40:23,695 [INFO]   替換層 3 -> QuantModule_DiffAE_LoRA
2026-03-15 17:40:23,698 [INFO]   跳過量化 skip connection: skip_connection
2026-03-15 17:40:23,698 [INFO]   替換層 2 -> QuantModule_DiffAE_LoRA
2026-03-15 17:40:23,704 [INFO]   替換層 1 -> QuantModule_DiffAE_LoRA
2026-03-15 17:40:23,705 [INFO]   替換層 1 -> QuantModule_DiffAE_LoRA
2026-03-15 17:40:23,706 [INFO]   替換層 3 -> QuantModule_DiffAE_LoRA
2026-03-15 17:40:23,710 [INFO]   跳過量化 skip connection: skip_connection
2026-03-15 17:40:23,710 [INFO]   替換層 2 -> QuantModule_DiffAE_LoRA
2026-03-15 17:40:23,715 [INFO]   替換層 1 -> QuantModule_DiffAE_LoRA
2026-03-15 17:40:23,716 [INFO]   替換層 1 -> QuantModule_DiffAE_LoRA
2026-03-15 17:40:23,717 [INFO]   替換層 3 -> QuantModule_DiffAE_LoRA
2026-03-15 17:40:23,720 [INFO]   跳過量化 skip connection: skip_connection
2026-03-15 17:40:23,720 [INFO]   替換層 2 -> QuantModule_DiffAE_LoRA
2026-03-15 17:40:23,723 [INFO]   替換層 1 -> QuantModule_DiffAE_LoRA
2026-03-15 17:40:23,724 [INFO]   替換層 1 -> QuantModule_DiffAE_LoRA
2026-03-15 17:40:23,725 [INFO]   替換層 3 -> QuantModule_DiffAE_LoRA
2026-03-15 17:40:23,728 [INFO]   替換層 2 -> QuantModule_DiffAE_LoRA
2026-03-15 17:40:23,731 [INFO]   替換層 1 -> QuantModule_DiffAE_LoRA
2026-03-15 17:40:23,732 [INFO]   替換層 1 -> QuantModule_DiffAE_LoRA
2026-03-15 17:40:23,733 [INFO]   替換層 3 -> QuantModule_DiffAE_LoRA
2026-03-15 17:40:23,734 [INFO]   跳過量化 skip connection: skip_connection
2026-03-15 17:40:23,734 [INFO]   替換層 2 -> QuantModule_DiffAE_LoRA
2026-03-15 17:40:23,737 [INFO]   替換層 1 -> QuantModule_DiffAE_LoRA
2026-03-15 17:40:23,738 [INFO]   替換層 1 -> QuantModule_DiffAE_LoRA
2026-03-15 17:40:23,738 [INFO]   替換層 3 -> QuantModule_DiffAE_LoRA
2026-03-15 17:40:23,740 [INFO]   跳過量化 skip connection: skip_connection
2026-03-15 17:40:23,740 [INFO]   替換層 2 -> QuantModule_DiffAE_LoRA
2026-03-15 17:40:23,742 [INFO]   替換層 1 -> QuantModule_DiffAE_LoRA
2026-03-15 17:40:23,743 [INFO]   替換層 1 -> QuantModule_DiffAE_LoRA
2026-03-15 17:40:23,744 [INFO]   替換層 3 -> QuantModule_DiffAE_LoRA
2026-03-15 17:40:23,745 [INFO]   跳過量化 skip connection: skip_connection
2026-03-15 17:40:23,745 [INFO]   替換層 2 -> QuantModule_DiffAE_LoRA
2026-03-15 17:40:23,747 [INFO]   替換層 1 -> QuantModule_DiffAE_LoRA
2026-03-15 17:40:23,747 [INFO]   替換層 1 -> QuantModule_DiffAE_LoRA
2026-03-15 17:40:23,748 [INFO]   替換層 3 -> QuantModule_DiffAE_LoRA
2026-03-15 17:40:23,750 [INFO]   替換層 2 -> QuantModule_DiffAE_LoRA
2026-03-15 17:40:23,751 [INFO]   替換層 1 -> QuantModule_DiffAE_LoRA
2026-03-15 17:40:23,751 [INFO]   替換層 1 -> QuantModule_DiffAE_LoRA
2026-03-15 17:40:23,752 [INFO]   替換層 3 -> QuantModule_DiffAE_LoRA
2026-03-15 17:40:23,752 [INFO]   跳過量化 skip connection: skip_connection
2026-03-15 17:40:23,752 [INFO]   替換層 2 -> QuantModule_DiffAE_LoRA
2026-03-15 17:40:23,754 [INFO]   替換層 1 -> QuantModule_DiffAE_LoRA
2026-03-15 17:40:23,754 [INFO]   替換層 1 -> QuantModule_DiffAE_LoRA
2026-03-15 17:40:23,755 [INFO]   替換層 3 -> QuantModule_DiffAE_LoRA
2026-03-15 17:40:23,755 [INFO]   跳過量化 skip connection: skip_connection
2026-03-15 17:40:23,755 [INFO]   替換層 2 -> QuantModule_DiffAE_LoRA
2026-03-15 17:40:23,756 [INFO]   替換層 1 -> QuantModule_DiffAE_LoRA
2026-03-15 17:40:23,757 [INFO]   替換層 1 -> QuantModule_DiffAE_LoRA
2026-03-15 17:40:23,757 [INFO]   替換層 3 -> QuantModule_DiffAE_LoRA
2026-03-15 17:40:23,758 [INFO]   跳過量化 skip connection: skip_connection
2026-03-15 17:40:23,758 [INFO]   替換層 2 -> QuantModule_DiffAE_LoRA
2026-03-15 17:40:23,758 [INFO]   替換層 1 -> QuantModule_DiffAE_LoRA
2026-03-15 17:40:23,759 [INFO]   替換層 1 -> QuantModule_DiffAE_LoRA
2026-03-15 17:40:23,759 [INFO]   替換層 3 -> QuantModule_DiffAE_LoRA
2026-03-15 17:40:23,760 [INFO]   替換層 2 -> QuantModule_DiffAE_LoRA
2026-03-15 17:40:23,761 [INFO]   替換層 1 -> QuantModule_DiffAE_LoRA
2026-03-15 17:40:23,761 [INFO]   替換層 1 -> QuantModule_DiffAE_LoRA
2026-03-15 17:40:23,761 [INFO]   替換層 3 -> QuantModule_DiffAE_LoRA
2026-03-15 17:40:23,762 [INFO]   跳過量化 skip connection: skip_connection
2026-03-15 17:40:23,762 [INFO]   替換層 2 -> QuantModule_DiffAE_LoRA
2026-03-15 17:40:23,763 [INFO]   替換層 1 -> QuantModule_DiffAE_LoRA
2026-03-15 17:40:23,763 [INFO]   替換層 1 -> QuantModule_DiffAE_LoRA
2026-03-15 17:40:23,764 [INFO]   替換層 3 -> QuantModule_DiffAE_LoRA
2026-03-15 17:40:23,764 [INFO]   跳過量化 skip connection: skip_connection
2026-03-15 17:40:23,764 [INFO]   替換層 2 -> QuantModule_DiffAE_LoRA
2026-03-15 17:40:23,765 [INFO]   替換層 1 -> QuantModule_DiffAE_LoRA
2026-03-15 17:40:23,766 [INFO]   替換層 1 -> QuantModule_DiffAE_LoRA
2026-03-15 17:40:23,766 [INFO]   替換層 3 -> QuantModule_DiffAE_LoRA
2026-03-15 17:40:23,767 [INFO]   跳過量化 skip connection: skip_connection
2026-03-15 17:40:23,767 [INFO] 改造模組: out
2026-03-15 17:40:23,767 [INFO]   跳過量化特殊模組: 2
2026-03-15 17:40:24,432 [INFO] 執行 'create_quantized_model' 完成，耗時: 0.91 秒
2026-03-15 17:40:24,438 [INFO] 載入校準資料...
2026-03-15 17:40:24,688 [INFO] ✅ 載入真實校準資料成功
2026-03-15 17:40:24,690 [INFO] ==================================================
2026-03-15 17:40:24,690 [INFO] 5. Setting first and last layers to 8-bit...
2026-03-15 17:40:24,692 [INFO] 找到 144 個量化模組
2026-03-15 17:40:24,692 [INFO] ✅ 首尾層 8-bit 設定完成
2026-03-15 17:40:24,692 [INFO] ✅ 量化模型創建成功
2026-03-15 17:40:24,692 [INFO] set quant state to True, True for layer 1
2026-03-15 17:40:24,692 [INFO] set quant state to True, True for layer 2
2026-03-15 17:40:24,692 [INFO] set quant state to True, False for layer 3
2026-03-15 17:40:24,694 [INFO] set quant state to True, True for layer 144
2026-03-15 17:40:25,925 [INFO] ✅ 量化模型載入成功
2026-03-15 17:40:25,925 [INFO] === 初始化新功能模組 ===
2026-03-15 17:40:25,929 [INFO] 
=== 模型參數統計 ===
2026-03-15 17:40:25,930 [INFO] 可訓練參數: 9,803,440 || 總參數: 96,366,131 || 可訓練比例: 10.17%
2026-03-15 17:40:26,670 [INFO] ✅ 基礎模型設定完成
2026-03-15 17:40:26,670 [INFO] === 創建整合訓練器 ===
2026-03-15 17:40:26,679 [INFO] DDIM 時間步序列長度: 100
2026-03-15 17:40:26,679 [INFO] EMA 初始化完成
2026-03-15 17:40:26,679 [INFO] SpacedDiffusionBeatGans_Trainer 初始化完成
2026-03-15 17:40:26,679 [INFO] ✅ Diff-AE + EfficientDM 整合訓練器創建成功
2026-03-15 17:40:26,682 [INFO] DDIM 時間步序列長度: 100
2026-03-15 17:40:26,682 [INFO] EMA 初始化完成
2026-03-15 17:40:26,683 [INFO] SpacedDiffusionBeatGans_Trainer 初始化完成
2026-03-15 17:40:26,683 [INFO] ✅ Diff-AE + EfficientDM 整合訓練器創建成功
2026-03-15 17:40:26,683 [INFO] 
=== 開始 EfficientDM 風格訓練 (共 160 epoch) ===
2026-03-15 17:40:26,687 [INFO] 
--- Epoch 1/160 ---
2026-03-15 17:40:34,367 [INFO] Step 20 - DDIM step 80: Distill loss: 0.000352
2026-03-15 17:40:41,087 [INFO] Step 40 - DDIM step 60: Distill loss: 0.000356
2026-03-15 17:40:47,789 [INFO] Step 60 - DDIM step 40: Distill loss: 0.000389
2026-03-15 17:40:54,476 [INFO] Step 80 - DDIM step 20: Distill loss: 0.000471
2026-03-15 17:41:00,680 [INFO] Step 100 - DDIM step 0: Distill loss: 0.000722
2026-03-15 17:41:00,682 [INFO] 
Epoch 1/160 完成:
2026-03-15 17:41:00,682 [INFO]   平均損失: 0.000722
2026-03-15 17:41:00,682 [INFO]   時間: 34.00秒
2026-03-15 17:41:00,812 [INFO] [QuantUpdateDiag] Epoch 1/160 | layers=140 | weighted_changed_ratio(dynamic)=0.025648 | weighted_changed_ratio(same_scale)=0.024767 | mean|ΔW_fp|=1.030283e-04 | mean|ΔW_qnorm|=3.630925e-04
2026-03-15 17:41:00,813 [INFO] [QuantUpdateDiag] Top-12 layers by changed_ratio_dynamic:
2026-03-15 17:41:00,813 [INFO]   layer=model.output_blocks.14.0.cond_emb_layers.1 | ratio_dyn=0.086426 | ratio_same_scale=0.084091 | mean|ΔW_fp|=1.615454e-04 | mean|ΔW_qnorm|=6.805180e-04 | numel=65536
2026-03-15 17:41:00,813 [INFO]   layer=model.input_blocks.1.0.out_layers.3 | ratio_dyn=0.083964 | ratio_same_scale=0.082153 | mean|ΔW_fp|=2.422384e-04 | mean|ΔW_qnorm|=6.611875e-04 | numel=147456
2026-03-15 17:41:00,813 [INFO]   layer=model.output_blocks.5.0.cond_emb_layers.1 | ratio_dyn=0.080495 | ratio_same_scale=0.077545 | mean|ΔW_fp|=2.111043e-04 | mean|ΔW_qnorm|=6.341409e-04 | numel=196608
2026-03-15 17:41:00,813 [INFO]   layer=model.output_blocks.12.0.emb_layers.1 | ratio_dyn=0.079964 | ratio_same_scale=0.077141 | mean|ΔW_fp|=9.597078e-05 | mean|ΔW_qnorm|=6.300558e-04 | numel=131072
2026-03-15 17:41:00,813 [INFO]   layer=model.output_blocks.4.0.cond_emb_layers.1 | ratio_dyn=0.079890 | ratio_same_scale=0.077159 | mean|ΔW_fp|=2.188864e-04 | mean|ΔW_qnorm|=6.290947e-04 | numel=196608
2026-03-15 17:41:00,813 [INFO]   layer=model.input_blocks.1.0.cond_emb_layers.1 | ratio_dyn=0.079315 | ratio_same_scale=0.073990 | mean|ΔW_fp|=1.587974e-04 | mean|ΔW_qnorm|=6.246491e-04 | numel=65536
2026-03-15 17:41:00,813 [INFO]   layer=model.output_blocks.4.0.emb_layers.1 | ratio_dyn=0.079002 | ratio_same_scale=0.073085 | mean|ΔW_fp|=7.723587e-05 | mean|ΔW_qnorm|=6.223664e-04 | numel=393216
2026-03-15 17:41:00,813 [INFO]   layer=model.output_blocks.1.0.cond_emb_layers.1 | ratio_dyn=0.078297 | ratio_same_scale=0.075287 | mean|ΔW_fp|=2.282928e-04 | mean|ΔW_qnorm|=6.165692e-04 | numel=262144
2026-03-15 17:41:00,813 [INFO]   layer=model.output_blocks.3.0.emb_layers.1 | ratio_dyn=0.078247 | ratio_same_scale=0.073908 | mean|ΔW_fp|=7.372229e-05 | mean|ΔW_qnorm|=6.162989e-04 | numel=393216
2026-03-15 17:41:00,813 [INFO]   layer=model.output_blocks.13.0.emb_layers.1 | ratio_dyn=0.077354 | ratio_same_scale=0.072227 | mean|ΔW_fp|=8.829986e-05 | mean|ΔW_qnorm|=6.090900e-04 | numel=131072
2026-03-15 17:41:00,813 [INFO]   layer=model.output_blocks.2.0.cond_emb_layers.1 | ratio_dyn=0.076874 | ratio_same_scale=0.074341 | mean|ΔW_fp|=2.209412e-04 | mean|ΔW_qnorm|=6.053053e-04 | numel=262144
2026-03-15 17:41:00,813 [INFO]   layer=model.input_blocks.10.0.cond_emb_layers.1 | ratio_dyn=0.075862 | ratio_same_scale=0.073146 | mean|ΔW_fp|=2.153502e-04 | mean|ΔW_qnorm|=5.973355e-04 | numel=196608
2026-03-15 17:41:04,112 [INFO] 模型已保存: QATcode/quantize_ver2/checkpoints/diffae_step6_lora_best.pth (base=3321 keys, raw=1106 keys, ema=1106 keys)
2026-03-15 17:41:04,114 [INFO]   ✅ 新的最佳模型已保存 (Loss: 0.000722)
2026-03-15 17:41:04,114 [INFO] 
=== Epoch 1 驗證生成 (使用 EMA 模型) ===
2026-03-15 17:41:04,177 [INFO] EMA 權重應用完成，共應用 420 個參數
2026-03-15 17:41:04,177 [INFO] set quant state to True, True for layer 1
2026-03-15 17:41:04,177 [INFO] set quant state to True, True for layer 2
2026-03-15 17:41:04,177 [INFO] set quant state to True, False for layer 3
2026-03-15 17:41:04,178 [INFO] set quant state to True, True for layer 144
2026-03-15 17:41:04,181 [INFO] set quant state to True, True for layer 1
2026-03-15 17:41:04,181 [INFO] set quant state to True, True for layer 2
2026-03-15 17:41:04,181 [INFO] set quant state to True, False for layer 3
2026-03-15 17:41:04,182 [INFO] set quant state to True, True for layer 144
2026-03-15 17:41:23,130 [INFO] 生成圖像數值範圍: [-1.0000, 1.0000]
2026-03-15 17:41:23,130 [INFO] 生成圖像均值: -0.0347
2026-03-15 17:41:23,130 [INFO] 生成圖像標準差: 0.5098
2026-03-15 17:41:23,130 [INFO] 正規化後數值範圍: [0.0000, 1.0000]
2026-03-15 17:41:23,189 [INFO] ✅ Epoch 1 EMA 模型驗證生成完成:
2026-03-15 17:41:23,189 [INFO]   生成時間: 19.01秒
2026-03-15 17:41:23,189 [INFO]   圖像範圍: [-1.000, 1.000]
2026-03-15 17:41:23,189 [INFO]   保存路徑: QATcode/quantize_ver2/training_samples/
2026-03-15 17:41:23,189 [INFO] 驗證後量化器 current_step: 99
2026-03-15 17:41:23,217 [INFO] 
--- Epoch 2/160 ---
2026-03-15 17:41:32,904 [INFO] Step 20 - DDIM step 80: Distill loss: 0.000331
