2026-03-15 17:52:37,994 [INFO] ==================================================
2026-03-15 17:52:37,994 [INFO] Diff-AE EfficientDM Step 6: 量化感知微調 (QAT)
2026-03-15 17:52:37,994 [INFO] ==================================================
2026-03-15 17:52:37,994 [INFO] 訓練 log 檔案: QATcode/quantize_ver2/log/step6_train_TF_144FF.log
2026-03-15 17:52:37,994 [INFO] 使用設備: cuda
2026-03-15 17:52:37,994 [INFO] === 新功能狀態 ===
2026-03-15 17:52:37,994 [INFO] Layer-by-Layer 訓練: 關閉
2026-03-15 17:52:37,994 [INFO] 代理指標驗證: 關閉
2026-03-15 17:52:37,994 [INFO] 實驗目錄: runs/default
2026-03-15 17:52:37,994 [INFO] 量化更新診斷 interval: 8
2026-03-15 17:52:37,994 [INFO] 量化更新診斷 topk: 12
2026-03-15 17:52:37,994 [INFO] 量化更新診斷 root: QATcode/quantize_ver2/quant_diag_runs
2026-03-15 17:52:37,994 [INFO] 量化更新診斷輸出目錄: QATcode/quantize_ver2/quant_diag_runs/20260315_175237
2026-03-15 17:52:37,994 [INFO] 載入 Diff-AE 模型: checkpoints/ffhq128_autoenc_latent/last.ckpt
2026-03-15 17:52:39,775 [INFO] Diff-AE 模型載入完成
2026-03-15 17:52:39,810 [INFO] 執行 'load_diffae_model' 完成，耗時: 1.82 秒
2026-03-15 17:52:39,810 [INFO] ✅ Diff-AE 模型載入成功
2026-03-15 17:52:40,938 [INFO] ✅ FP Diff-AE 模型載入成功
2026-03-15 17:52:40,938 [INFO] base_model.conf.train_mode: TrainMode.latent_diffusion
2026-03-15 17:52:41,809 [INFO] === 創建 LoRA 量化模型 ===
2026-03-15 17:52:41,809 [INFO] === 開始 UNet LoRA 量化改造 ===
2026-03-15 17:52:41,809 [INFO] 改造模組: time_embed
2026-03-15 17:52:41,809 [INFO]   跳過量化特殊模組: 0
2026-03-15 17:52:41,809 [INFO]   跳過量化特殊模組: 2
2026-03-15 17:52:41,809 [INFO] 改造模組: input_blocks
2026-03-15 17:52:41,809 [INFO]   跳過量化特殊模組: 0
2026-03-15 17:52:41,809 [INFO]   替換層 2 -> QuantModule_DiffAE_LoRA
2026-03-15 17:52:41,810 [INFO]   替換層 1 -> QuantModule_DiffAE_LoRA
2026-03-15 17:52:41,811 [INFO]   替換層 1 -> QuantModule_DiffAE_LoRA
2026-03-15 17:52:41,811 [INFO]   替換層 3 -> QuantModule_DiffAE_LoRA
2026-03-15 17:52:41,812 [INFO]   替換層 2 -> QuantModule_DiffAE_LoRA
2026-03-15 17:52:41,812 [INFO]   替換層 1 -> QuantModule_DiffAE_LoRA
2026-03-15 17:52:41,813 [INFO]   替換層 1 -> QuantModule_DiffAE_LoRA
2026-03-15 17:52:41,813 [INFO]   替換層 3 -> QuantModule_DiffAE_LoRA
2026-03-15 17:52:41,814 [INFO]   替換層 2 -> QuantModule_DiffAE_LoRA
2026-03-15 17:52:41,814 [INFO]   替換層 1 -> QuantModule_DiffAE_LoRA
2026-03-15 17:52:41,815 [INFO]   替換層 1 -> QuantModule_DiffAE_LoRA
2026-03-15 17:52:41,815 [INFO]   替換層 3 -> QuantModule_DiffAE_LoRA
2026-03-15 17:52:41,816 [INFO]   替換層 2 -> QuantModule_DiffAE_LoRA
2026-03-15 17:52:41,817 [INFO]   替換層 1 -> QuantModule_DiffAE_LoRA
2026-03-15 17:52:41,817 [INFO]   替換層 1 -> QuantModule_DiffAE_LoRA
2026-03-15 17:52:41,817 [INFO]   替換層 3 -> QuantModule_DiffAE_LoRA
2026-03-15 17:52:41,818 [INFO]   替換層 2 -> QuantModule_DiffAE_LoRA
2026-03-15 17:52:41,819 [INFO]   替換層 1 -> QuantModule_DiffAE_LoRA
2026-03-15 17:52:41,819 [INFO]   替換層 1 -> QuantModule_DiffAE_LoRA
2026-03-15 17:52:41,819 [INFO]   替換層 3 -> QuantModule_DiffAE_LoRA
2026-03-15 17:52:41,820 [INFO]   替換層 2 -> QuantModule_DiffAE_LoRA
2026-03-15 17:52:41,820 [INFO]   替換層 1 -> QuantModule_DiffAE_LoRA
2026-03-15 17:52:41,821 [INFO]   替換層 1 -> QuantModule_DiffAE_LoRA
2026-03-15 17:52:41,821 [INFO]   替換層 3 -> QuantModule_DiffAE_LoRA
2026-03-15 17:52:41,822 [INFO]   替換層 2 -> QuantModule_DiffAE_LoRA
2026-03-15 17:52:41,823 [INFO]   替換層 1 -> QuantModule_DiffAE_LoRA
2026-03-15 17:52:41,823 [INFO]   替換層 1 -> QuantModule_DiffAE_LoRA
2026-03-15 17:52:41,824 [INFO]   替換層 3 -> QuantModule_DiffAE_LoRA
2026-03-15 17:52:41,825 [INFO]   跳過量化 skip connection: skip_connection
2026-03-15 17:52:41,826 [INFO]   替換層 2 -> QuantModule_DiffAE_LoRA
2026-03-15 17:52:41,827 [INFO]   替換層 1 -> QuantModule_DiffAE_LoRA
2026-03-15 17:52:41,828 [INFO]   替換層 1 -> QuantModule_DiffAE_LoRA
2026-03-15 17:52:41,828 [INFO]   替換層 3 -> QuantModule_DiffAE_LoRA
2026-03-15 17:52:41,830 [INFO]   替換層 2 -> QuantModule_DiffAE_LoRA
2026-03-15 17:52:41,832 [INFO]   替換層 1 -> QuantModule_DiffAE_LoRA
2026-03-15 17:52:41,833 [INFO]   替換層 1 -> QuantModule_DiffAE_LoRA
2026-03-15 17:52:41,833 [INFO]   替換層 3 -> QuantModule_DiffAE_LoRA
2026-03-15 17:52:41,835 [INFO]   替換層 2 -> QuantModule_DiffAE_LoRA
2026-03-15 17:52:41,837 [INFO]   替換層 1 -> QuantModule_DiffAE_LoRA
2026-03-15 17:52:41,838 [INFO]   替換層 1 -> QuantModule_DiffAE_LoRA
2026-03-15 17:52:41,838 [INFO]   替換層 3 -> QuantModule_DiffAE_LoRA
2026-03-15 17:52:41,842 [INFO]   跳過量化 skip connection: skip_connection
2026-03-15 17:52:41,842 [INFO]   替換層 2 -> QuantModule_DiffAE_LoRA
2026-03-15 17:52:41,845 [INFO]   替換層 1 -> QuantModule_DiffAE_LoRA
2026-03-15 17:52:41,846 [INFO]   替換層 1 -> QuantModule_DiffAE_LoRA
2026-03-15 17:52:41,846 [INFO]   替換層 3 -> QuantModule_DiffAE_LoRA
2026-03-15 17:52:41,850 [INFO]   替換層 2 -> QuantModule_DiffAE_LoRA
2026-03-15 17:52:41,853 [INFO]   替換層 1 -> QuantModule_DiffAE_LoRA
2026-03-15 17:52:41,854 [INFO]   替換層 1 -> QuantModule_DiffAE_LoRA
2026-03-15 17:52:41,854 [INFO]   替換層 3 -> QuantModule_DiffAE_LoRA
2026-03-15 17:52:41,858 [INFO]   替換層 2 -> QuantModule_DiffAE_LoRA
2026-03-15 17:52:41,862 [INFO]   替換層 1 -> QuantModule_DiffAE_LoRA
2026-03-15 17:52:41,863 [INFO]   替換層 1 -> QuantModule_DiffAE_LoRA
2026-03-15 17:52:41,864 [INFO]   替換層 3 -> QuantModule_DiffAE_LoRA
2026-03-15 17:52:41,869 [INFO]   跳過量化 skip connection: skip_connection
2026-03-15 17:52:41,869 [INFO]   替換層 2 -> QuantModule_DiffAE_LoRA
2026-03-15 17:52:41,875 [INFO]   替換層 1 -> QuantModule_DiffAE_LoRA
2026-03-15 17:52:41,876 [INFO]   替換層 1 -> QuantModule_DiffAE_LoRA
2026-03-15 17:52:41,877 [INFO]   替換層 3 -> QuantModule_DiffAE_LoRA
2026-03-15 17:52:41,882 [INFO] 改造模組: middle_block
2026-03-15 17:52:41,882 [INFO]   替換層 2 -> QuantModule_DiffAE_LoRA
2026-03-15 17:52:41,887 [INFO]   替換層 1 -> QuantModule_DiffAE_LoRA
2026-03-15 17:52:41,889 [INFO]   替換層 1 -> QuantModule_DiffAE_LoRA
2026-03-15 17:52:41,890 [INFO]   替換層 3 -> QuantModule_DiffAE_LoRA
2026-03-15 17:52:41,895 [INFO]   替換層 2 -> QuantModule_DiffAE_LoRA
2026-03-15 17:52:41,901 [INFO]   替換層 1 -> QuantModule_DiffAE_LoRA
2026-03-15 17:52:41,902 [INFO]   替換層 1 -> QuantModule_DiffAE_LoRA
2026-03-15 17:52:41,903 [INFO]   替換層 3 -> QuantModule_DiffAE_LoRA
2026-03-15 17:52:41,908 [INFO] 改造模組: output_blocks
2026-03-15 17:52:41,908 [INFO]   替換層 2 -> QuantModule_DiffAE_LoRA
2026-03-15 17:52:41,920 [INFO]   替換層 1 -> QuantModule_DiffAE_LoRA
2026-03-15 17:52:41,921 [INFO]   替換層 1 -> QuantModule_DiffAE_LoRA
2026-03-15 17:52:41,922 [INFO]   替換層 3 -> QuantModule_DiffAE_LoRA
2026-03-15 17:52:41,927 [INFO]   跳過量化 skip connection: skip_connection
2026-03-15 17:52:41,927 [INFO]   替換層 2 -> QuantModule_DiffAE_LoRA
2026-03-15 17:52:41,938 [INFO]   替換層 1 -> QuantModule_DiffAE_LoRA
2026-03-15 17:52:41,939 [INFO]   替換層 1 -> QuantModule_DiffAE_LoRA
2026-03-15 17:52:41,940 [INFO]   替換層 3 -> QuantModule_DiffAE_LoRA
2026-03-15 17:52:41,945 [INFO]   跳過量化 skip connection: skip_connection
2026-03-15 17:52:41,945 [INFO]   替換層 2 -> QuantModule_DiffAE_LoRA
2026-03-15 17:52:41,955 [INFO]   替換層 1 -> QuantModule_DiffAE_LoRA
2026-03-15 17:52:41,956 [INFO]   替換層 1 -> QuantModule_DiffAE_LoRA
2026-03-15 17:52:41,957 [INFO]   替換層 3 -> QuantModule_DiffAE_LoRA
2026-03-15 17:52:41,962 [INFO]   跳過量化 skip connection: skip_connection
2026-03-15 17:52:41,962 [INFO]   替換層 2 -> QuantModule_DiffAE_LoRA
2026-03-15 17:52:41,968 [INFO]   替換層 1 -> QuantModule_DiffAE_LoRA
2026-03-15 17:52:41,969 [INFO]   替換層 1 -> QuantModule_DiffAE_LoRA
2026-03-15 17:52:41,970 [INFO]   替換層 3 -> QuantModule_DiffAE_LoRA
2026-03-15 17:52:41,975 [INFO]   替換層 2 -> QuantModule_DiffAE_LoRA
2026-03-15 17:52:41,983 [INFO]   替換層 1 -> QuantModule_DiffAE_LoRA
2026-03-15 17:52:41,984 [INFO]   替換層 1 -> QuantModule_DiffAE_LoRA
2026-03-15 17:52:41,984 [INFO]   替換層 3 -> QuantModule_DiffAE_LoRA
2026-03-15 17:52:41,987 [INFO]   跳過量化 skip connection: skip_connection
2026-03-15 17:52:41,987 [INFO]   替換層 2 -> QuantModule_DiffAE_LoRA
2026-03-15 17:52:41,993 [INFO]   替換層 1 -> QuantModule_DiffAE_LoRA
2026-03-15 17:52:41,995 [INFO]   替換層 1 -> QuantModule_DiffAE_LoRA
2026-03-15 17:52:41,995 [INFO]   替換層 3 -> QuantModule_DiffAE_LoRA
2026-03-15 17:52:41,999 [INFO]   跳過量化 skip connection: skip_connection
2026-03-15 17:52:41,999 [INFO]   替換層 2 -> QuantModule_DiffAE_LoRA
2026-03-15 17:52:42,004 [INFO]   替換層 1 -> QuantModule_DiffAE_LoRA
2026-03-15 17:52:42,005 [INFO]   替換層 1 -> QuantModule_DiffAE_LoRA
2026-03-15 17:52:42,006 [INFO]   替換層 3 -> QuantModule_DiffAE_LoRA
2026-03-15 17:52:42,009 [INFO]   跳過量化 skip connection: skip_connection
2026-03-15 17:52:42,009 [INFO]   替換層 2 -> QuantModule_DiffAE_LoRA
2026-03-15 17:52:42,012 [INFO]   替換層 1 -> QuantModule_DiffAE_LoRA
2026-03-15 17:52:42,013 [INFO]   替換層 1 -> QuantModule_DiffAE_LoRA
2026-03-15 17:52:42,014 [INFO]   替換層 3 -> QuantModule_DiffAE_LoRA
2026-03-15 17:52:42,017 [INFO]   替換層 2 -> QuantModule_DiffAE_LoRA
2026-03-15 17:52:42,021 [INFO]   替換層 1 -> QuantModule_DiffAE_LoRA
2026-03-15 17:52:42,022 [INFO]   替換層 1 -> QuantModule_DiffAE_LoRA
2026-03-15 17:52:42,023 [INFO]   替換層 3 -> QuantModule_DiffAE_LoRA
2026-03-15 17:52:42,024 [INFO]   跳過量化 skip connection: skip_connection
2026-03-15 17:52:42,024 [INFO]   替換層 2 -> QuantModule_DiffAE_LoRA
2026-03-15 17:52:42,027 [INFO]   替換層 1 -> QuantModule_DiffAE_LoRA
2026-03-15 17:52:42,028 [INFO]   替換層 1 -> QuantModule_DiffAE_LoRA
2026-03-15 17:52:42,028 [INFO]   替換層 3 -> QuantModule_DiffAE_LoRA
2026-03-15 17:52:42,030 [INFO]   跳過量化 skip connection: skip_connection
2026-03-15 17:52:42,030 [INFO]   替換層 2 -> QuantModule_DiffAE_LoRA
2026-03-15 17:52:42,033 [INFO]   替換層 1 -> QuantModule_DiffAE_LoRA
2026-03-15 17:52:42,034 [INFO]   替換層 1 -> QuantModule_DiffAE_LoRA
2026-03-15 17:52:42,034 [INFO]   替換層 3 -> QuantModule_DiffAE_LoRA
2026-03-15 17:52:42,036 [INFO]   跳過量化 skip connection: skip_connection
2026-03-15 17:52:42,036 [INFO]   替換層 2 -> QuantModule_DiffAE_LoRA
2026-03-15 17:52:42,037 [INFO]   替換層 1 -> QuantModule_DiffAE_LoRA
2026-03-15 17:52:42,038 [INFO]   替換層 1 -> QuantModule_DiffAE_LoRA
2026-03-15 17:52:42,038 [INFO]   替換層 3 -> QuantModule_DiffAE_LoRA
2026-03-15 17:52:42,040 [INFO]   替換層 2 -> QuantModule_DiffAE_LoRA
2026-03-15 17:52:42,041 [INFO]   替換層 1 -> QuantModule_DiffAE_LoRA
2026-03-15 17:52:42,042 [INFO]   替換層 1 -> QuantModule_DiffAE_LoRA
2026-03-15 17:52:42,042 [INFO]   替換層 3 -> QuantModule_DiffAE_LoRA
2026-03-15 17:52:42,043 [INFO]   跳過量化 skip connection: skip_connection
2026-03-15 17:52:42,043 [INFO]   替換層 2 -> QuantModule_DiffAE_LoRA
2026-03-15 17:52:42,044 [INFO]   替換層 1 -> QuantModule_DiffAE_LoRA
2026-03-15 17:52:42,045 [INFO]   替換層 1 -> QuantModule_DiffAE_LoRA
2026-03-15 17:52:42,045 [INFO]   替換層 3 -> QuantModule_DiffAE_LoRA
2026-03-15 17:52:42,046 [INFO]   跳過量化 skip connection: skip_connection
2026-03-15 17:52:42,046 [INFO]   替換層 2 -> QuantModule_DiffAE_LoRA
2026-03-15 17:52:42,047 [INFO]   替換層 1 -> QuantModule_DiffAE_LoRA
2026-03-15 17:52:42,047 [INFO]   替換層 1 -> QuantModule_DiffAE_LoRA
2026-03-15 17:52:42,047 [INFO]   替換層 3 -> QuantModule_DiffAE_LoRA
2026-03-15 17:52:42,048 [INFO]   跳過量化 skip connection: skip_connection
2026-03-15 17:52:42,048 [INFO]   替換層 2 -> QuantModule_DiffAE_LoRA
2026-03-15 17:52:42,049 [INFO]   替換層 1 -> QuantModule_DiffAE_LoRA
2026-03-15 17:52:42,049 [INFO]   替換層 1 -> QuantModule_DiffAE_LoRA
2026-03-15 17:52:42,050 [INFO]   替換層 3 -> QuantModule_DiffAE_LoRA
2026-03-15 17:52:42,050 [INFO]   替換層 2 -> QuantModule_DiffAE_LoRA
2026-03-15 17:52:42,051 [INFO]   替換層 1 -> QuantModule_DiffAE_LoRA
2026-03-15 17:52:42,052 [INFO]   替換層 1 -> QuantModule_DiffAE_LoRA
2026-03-15 17:52:42,052 [INFO]   替換層 3 -> QuantModule_DiffAE_LoRA
2026-03-15 17:52:42,053 [INFO]   跳過量化 skip connection: skip_connection
2026-03-15 17:52:42,053 [INFO]   替換層 2 -> QuantModule_DiffAE_LoRA
2026-03-15 17:52:42,054 [INFO]   替換層 1 -> QuantModule_DiffAE_LoRA
2026-03-15 17:52:42,054 [INFO]   替換層 1 -> QuantModule_DiffAE_LoRA
2026-03-15 17:52:42,054 [INFO]   替換層 3 -> QuantModule_DiffAE_LoRA
2026-03-15 17:52:42,055 [INFO]   跳過量化 skip connection: skip_connection
2026-03-15 17:52:42,055 [INFO]   替換層 2 -> QuantModule_DiffAE_LoRA
2026-03-15 17:52:42,056 [INFO]   替換層 1 -> QuantModule_DiffAE_LoRA
2026-03-15 17:52:42,056 [INFO]   替換層 1 -> QuantModule_DiffAE_LoRA
2026-03-15 17:52:42,057 [INFO]   替換層 3 -> QuantModule_DiffAE_LoRA
2026-03-15 17:52:42,057 [INFO]   跳過量化 skip connection: skip_connection
2026-03-15 17:52:42,057 [INFO] 改造模組: out
2026-03-15 17:52:42,057 [INFO]   跳過量化特殊模組: 2
2026-03-15 17:52:42,729 [INFO] 執行 'create_quantized_model' 完成，耗時: 0.92 秒
2026-03-15 17:52:42,735 [INFO] 載入校準資料...
2026-03-15 17:52:42,986 [INFO] ✅ 載入真實校準資料成功
2026-03-15 17:52:42,988 [INFO] ==================================================
2026-03-15 17:52:42,989 [INFO] 5. Setting first and last layers to 8-bit...
2026-03-15 17:52:42,990 [INFO] 找到 144 個量化模組
2026-03-15 17:52:42,990 [INFO] ✅ 首尾層 8-bit 設定完成
2026-03-15 17:52:42,990 [INFO] ✅ 量化模型創建成功
2026-03-15 17:52:42,990 [INFO] set quant state to True, True for layer 1
2026-03-15 17:52:42,990 [INFO] set quant state to True, True for layer 2
2026-03-15 17:52:42,990 [INFO] set quant state to True, False for layer 3
2026-03-15 17:52:42,991 [INFO] set quant state to False, False for layer 144
2026-03-15 17:52:44,237 [INFO] ✅ 量化模型載入成功
2026-03-15 17:52:44,237 [INFO] === 初始化新功能模組 ===
2026-03-15 17:52:44,241 [INFO] 
=== 模型參數統計 ===
2026-03-15 17:52:44,242 [INFO] 可訓練參數: 9,803,440 || 總參數: 96,366,131 || 可訓練比例: 10.17%
2026-03-15 17:52:44,995 [INFO] ✅ 基礎模型設定完成
2026-03-15 17:52:44,995 [INFO] === 創建整合訓練器 ===
2026-03-15 17:52:45,005 [INFO] DDIM 時間步序列長度: 100
2026-03-15 17:52:45,005 [INFO] EMA 初始化完成
2026-03-15 17:52:45,005 [INFO] SpacedDiffusionBeatGans_Trainer 初始化完成
2026-03-15 17:52:45,005 [INFO] ✅ Diff-AE + EfficientDM 整合訓練器創建成功
2026-03-15 17:52:45,008 [INFO] DDIM 時間步序列長度: 100
2026-03-15 17:52:45,008 [INFO] EMA 初始化完成
2026-03-15 17:52:45,008 [INFO] SpacedDiffusionBeatGans_Trainer 初始化完成
2026-03-15 17:52:45,008 [INFO] ✅ Diff-AE + EfficientDM 整合訓練器創建成功
2026-03-15 17:52:45,008 [INFO] 
=== 開始 EfficientDM 風格訓練 (共 160 epoch) ===
2026-03-15 17:52:45,012 [INFO] 
--- Epoch 1/160 ---
2026-03-15 17:52:51,934 [INFO] Step 20 - DDIM step 80: Distill loss: 0.000030
2026-03-15 17:52:58,480 [INFO] Step 40 - DDIM step 60: Distill loss: 0.000036
2026-03-15 17:53:05,030 [INFO] Step 60 - DDIM step 40: Distill loss: 0.000077
2026-03-15 17:53:11,590 [INFO] Step 80 - DDIM step 20: Distill loss: 0.000166
2026-03-15 17:53:18,095 [INFO] Step 100 - DDIM step 0: Distill loss: 0.000421
2026-03-15 17:53:18,097 [INFO] 
Epoch 1/160 完成:
2026-03-15 17:53:18,097 [INFO]   平均損失: 0.000421
2026-03-15 17:53:18,097 [INFO]   時間: 33.09秒
2026-03-15 17:53:18,227 [INFO] [QuantUpdateDiag] Epoch 1/160 | layers=140 | weighted_changed_ratio(dynamic)=0.025123 | weighted_changed_ratio(same_scale)=0.024268 | mean|ΔW_fp|=9.822359e-05 | mean|ΔW_qnorm|=3.487434e-04
2026-03-15 17:53:18,227 [INFO] [QuantUpdateDiag] Top-12 layers by changed_ratio_dynamic:
2026-03-15 17:53:18,227 [INFO]   layer=model.output_blocks.4.0.cond_emb_layers.1 | ratio_dyn=0.079183 | ratio_same_scale=0.076396 | mean|ΔW_fp|=2.164369e-04 | mean|ΔW_qnorm|=6.235278e-04 | numel=196608
2026-03-15 17:53:18,227 [INFO]   layer=model.output_blocks.5.0.cond_emb_layers.1 | ratio_dyn=0.078913 | ratio_same_scale=0.076294 | mean|ΔW_fp|=2.071243e-04 | mean|ΔW_qnorm|=6.216855e-04 | numel=196608
2026-03-15 17:53:18,227 [INFO]   layer=model.output_blocks.1.0.cond_emb_layers.1 | ratio_dyn=0.077404 | ratio_same_scale=0.074333 | mean|ΔW_fp|=2.257630e-04 | mean|ΔW_qnorm|=6.095406e-04 | numel=262144
2026-03-15 17:53:18,227 [INFO]   layer=model.output_blocks.4.0.emb_layers.1 | ratio_dyn=0.076757 | ratio_same_scale=0.070958 | mean|ΔW_fp|=7.564142e-05 | mean|ΔW_qnorm|=6.045845e-04 | numel=393216
2026-03-15 17:53:18,227 [INFO]   layer=model.output_blocks.3.0.emb_layers.1 | ratio_dyn=0.076469 | ratio_same_scale=0.072240 | mean|ΔW_fp|=7.278827e-05 | mean|ΔW_qnorm|=6.023417e-04 | numel=393216
2026-03-15 17:53:18,227 [INFO]   layer=model.output_blocks.2.0.cond_emb_layers.1 | ratio_dyn=0.075962 | ratio_same_scale=0.073505 | mean|ΔW_fp|=2.185261e-04 | mean|ΔW_qnorm|=5.981266e-04 | numel=262144
2026-03-15 17:53:18,227 [INFO]   layer=model.input_blocks.10.0.cond_emb_layers.1 | ratio_dyn=0.075317 | ratio_same_scale=0.072591 | mean|ΔW_fp|=2.140231e-04 | mean|ΔW_qnorm|=5.930503e-04 | numel=196608
2026-03-15 17:53:18,227 [INFO]   layer=model.output_blocks.5.0.emb_layers.1 | ratio_dyn=0.074636 | ratio_same_scale=0.068161 | mean|ΔW_fp|=7.494312e-05 | mean|ΔW_qnorm|=5.877237e-04 | numel=393216
2026-03-15 17:53:18,227 [INFO]   layer=model.output_blocks.6.0.cond_emb_layers.1 | ratio_dyn=0.074448 | ratio_same_scale=0.073463 | mean|ΔW_fp|=1.912529e-04 | mean|ΔW_qnorm|=5.868025e-04 | numel=131072
2026-03-15 17:53:18,227 [INFO]   layer=model.output_blocks.3.0.cond_emb_layers.1 | ratio_dyn=0.074076 | ratio_same_scale=0.071548 | mean|ΔW_fp|=2.096048e-04 | mean|ΔW_qnorm|=5.832782e-04 | numel=196608
2026-03-15 17:53:18,227 [INFO]   layer=model.output_blocks.11.0.emb_layers.1 | ratio_dyn=0.074074 | ratio_same_scale=0.070900 | mean|ΔW_fp|=9.451927e-05 | mean|ΔW_qnorm|=5.834384e-04 | numel=131072
2026-03-15 17:53:18,227 [INFO]   layer=model.output_blocks.12.0.emb_layers.1 | ratio_dyn=0.073784 | ratio_same_scale=0.070709 | mean|ΔW_fp|=8.571219e-05 | mean|ΔW_qnorm|=5.810956e-04 | numel=131072
2026-03-15 17:53:20,800 [INFO] 模型已保存: QATcode/quantize_ver2/checkpoints/diffae_step6_lora_best.pth (base=3321 keys, raw=1106 keys, ema=1106 keys)
2026-03-15 17:53:20,802 [INFO]   ✅ 新的最佳模型已保存 (Loss: 0.000421)
2026-03-15 17:53:20,802 [INFO] 
=== Epoch 1 驗證生成 (使用 EMA 模型) ===
2026-03-15 17:53:20,861 [INFO] EMA 權重應用完成，共應用 420 個參數
2026-03-15 17:53:20,861 [INFO] set quant state to True, True for layer 1
2026-03-15 17:53:20,861 [INFO] set quant state to True, True for layer 2
2026-03-15 17:53:20,861 [INFO] set quant state to True, False for layer 3
2026-03-15 17:53:20,862 [INFO] set quant state to False, False for layer 144
2026-03-15 17:53:20,864 [INFO] set quant state to True, True for layer 1
2026-03-15 17:53:20,864 [INFO] set quant state to True, True for layer 2
2026-03-15 17:53:20,864 [INFO] set quant state to True, False for layer 3
2026-03-15 17:53:20,865 [INFO] set quant state to False, False for layer 144
