2026-03-15 17:41:44,944 [INFO] ==================================================
2026-03-15 17:41:44,944 [INFO] Diff-AE EfficientDM Step 6: 量化感知微調 (QAT)
2026-03-15 17:41:44,944 [INFO] ==================================================
2026-03-15 17:41:44,944 [INFO] 訓練 log 檔案: QATcode/quantize_ver2/log/step6_train_TT.log
2026-03-15 17:41:44,944 [INFO] 使用設備: cuda
2026-03-15 17:41:44,944 [INFO] === 新功能狀態 ===
2026-03-15 17:41:44,944 [INFO] Layer-by-Layer 訓練: 關閉
2026-03-15 17:41:44,944 [INFO] 代理指標驗證: 關閉
2026-03-15 17:41:44,944 [INFO] 實驗目錄: runs/default
2026-03-15 17:41:44,944 [INFO] 量化更新診斷 interval: 8
2026-03-15 17:41:44,944 [INFO] 量化更新診斷 topk: 12
2026-03-15 17:41:44,944 [INFO] 量化更新診斷 root: QATcode/quantize_ver2/quant_diag_runs
2026-03-15 17:41:44,944 [INFO] 量化更新診斷輸出目錄: QATcode/quantize_ver2/quant_diag_runs/20260315_174144
2026-03-15 17:41:44,944 [INFO] 載入 Diff-AE 模型: checkpoints/ffhq128_autoenc_latent/last.ckpt
2026-03-15 17:41:46,713 [INFO] Diff-AE 模型載入完成
2026-03-15 17:41:46,752 [INFO] 執行 'load_diffae_model' 完成，耗時: 1.81 秒
2026-03-15 17:41:46,752 [INFO] ✅ Diff-AE 模型載入成功
2026-03-15 17:41:47,862 [INFO] ✅ FP Diff-AE 模型載入成功
2026-03-15 17:41:47,862 [INFO] base_model.conf.train_mode: TrainMode.latent_diffusion
2026-03-15 17:41:48,744 [INFO] === 創建 LoRA 量化模型 ===
2026-03-15 17:41:48,744 [INFO] === 開始 UNet LoRA 量化改造 ===
2026-03-15 17:41:48,744 [INFO] 改造模組: time_embed
2026-03-15 17:41:48,744 [INFO]   跳過量化特殊模組: 0
2026-03-15 17:41:48,744 [INFO]   跳過量化特殊模組: 2
2026-03-15 17:41:48,744 [INFO] 改造模組: input_blocks
2026-03-15 17:41:48,744 [INFO]   跳過量化特殊模組: 0
2026-03-15 17:41:48,744 [INFO]   替換層 2 -> QuantModule_DiffAE_LoRA
2026-03-15 17:41:48,745 [INFO]   替換層 1 -> QuantModule_DiffAE_LoRA
2026-03-15 17:41:48,746 [INFO]   替換層 1 -> QuantModule_DiffAE_LoRA
2026-03-15 17:41:48,746 [INFO]   替換層 3 -> QuantModule_DiffAE_LoRA
2026-03-15 17:41:48,747 [INFO]   替換層 2 -> QuantModule_DiffAE_LoRA
2026-03-15 17:41:48,747 [INFO]   替換層 1 -> QuantModule_DiffAE_LoRA
2026-03-15 17:41:48,748 [INFO]   替換層 1 -> QuantModule_DiffAE_LoRA
2026-03-15 17:41:48,748 [INFO]   替換層 3 -> QuantModule_DiffAE_LoRA
2026-03-15 17:41:48,749 [INFO]   替換層 2 -> QuantModule_DiffAE_LoRA
2026-03-15 17:41:48,750 [INFO]   替換層 1 -> QuantModule_DiffAE_LoRA
2026-03-15 17:41:48,750 [INFO]   替換層 1 -> QuantModule_DiffAE_LoRA
2026-03-15 17:41:48,750 [INFO]   替換層 3 -> QuantModule_DiffAE_LoRA
2026-03-15 17:41:48,751 [INFO]   替換層 2 -> QuantModule_DiffAE_LoRA
2026-03-15 17:41:48,752 [INFO]   替換層 1 -> QuantModule_DiffAE_LoRA
2026-03-15 17:41:48,752 [INFO]   替換層 1 -> QuantModule_DiffAE_LoRA
2026-03-15 17:41:48,752 [INFO]   替換層 3 -> QuantModule_DiffAE_LoRA
2026-03-15 17:41:48,753 [INFO]   替換層 2 -> QuantModule_DiffAE_LoRA
2026-03-15 17:41:48,753 [INFO]   替換層 1 -> QuantModule_DiffAE_LoRA
2026-03-15 17:41:48,754 [INFO]   替換層 1 -> QuantModule_DiffAE_LoRA
2026-03-15 17:41:48,754 [INFO]   替換層 3 -> QuantModule_DiffAE_LoRA
2026-03-15 17:41:48,755 [INFO]   替換層 2 -> QuantModule_DiffAE_LoRA
2026-03-15 17:41:48,755 [INFO]   替換層 1 -> QuantModule_DiffAE_LoRA
2026-03-15 17:41:48,756 [INFO]   替換層 1 -> QuantModule_DiffAE_LoRA
2026-03-15 17:41:48,756 [INFO]   替換層 3 -> QuantModule_DiffAE_LoRA
2026-03-15 17:41:48,757 [INFO]   替換層 2 -> QuantModule_DiffAE_LoRA
2026-03-15 17:41:48,758 [INFO]   替換層 1 -> QuantModule_DiffAE_LoRA
2026-03-15 17:41:48,758 [INFO]   替換層 1 -> QuantModule_DiffAE_LoRA
2026-03-15 17:41:48,759 [INFO]   替換層 3 -> QuantModule_DiffAE_LoRA
2026-03-15 17:41:48,760 [INFO]   跳過量化 skip connection: skip_connection
2026-03-15 17:41:48,760 [INFO]   替換層 2 -> QuantModule_DiffAE_LoRA
2026-03-15 17:41:48,762 [INFO]   替換層 1 -> QuantModule_DiffAE_LoRA
2026-03-15 17:41:48,763 [INFO]   替換層 1 -> QuantModule_DiffAE_LoRA
2026-03-15 17:41:48,763 [INFO]   替換層 3 -> QuantModule_DiffAE_LoRA
2026-03-15 17:41:48,765 [INFO]   替換層 2 -> QuantModule_DiffAE_LoRA
2026-03-15 17:41:48,767 [INFO]   替換層 1 -> QuantModule_DiffAE_LoRA
2026-03-15 17:41:48,768 [INFO]   替換層 1 -> QuantModule_DiffAE_LoRA
2026-03-15 17:41:48,768 [INFO]   替換層 3 -> QuantModule_DiffAE_LoRA
2026-03-15 17:41:48,770 [INFO]   替換層 2 -> QuantModule_DiffAE_LoRA
2026-03-15 17:41:48,772 [INFO]   替換層 1 -> QuantModule_DiffAE_LoRA
2026-03-15 17:41:48,773 [INFO]   替換層 1 -> QuantModule_DiffAE_LoRA
2026-03-15 17:41:48,774 [INFO]   替換層 3 -> QuantModule_DiffAE_LoRA
2026-03-15 17:41:48,777 [INFO]   跳過量化 skip connection: skip_connection
2026-03-15 17:41:48,777 [INFO]   替換層 2 -> QuantModule_DiffAE_LoRA
2026-03-15 17:41:48,780 [INFO]   替換層 1 -> QuantModule_DiffAE_LoRA
2026-03-15 17:41:48,781 [INFO]   替換層 1 -> QuantModule_DiffAE_LoRA
2026-03-15 17:41:48,782 [INFO]   替換層 3 -> QuantModule_DiffAE_LoRA
2026-03-15 17:41:48,785 [INFO]   替換層 2 -> QuantModule_DiffAE_LoRA
2026-03-15 17:41:48,788 [INFO]   替換層 1 -> QuantModule_DiffAE_LoRA
2026-03-15 17:41:48,789 [INFO]   替換層 1 -> QuantModule_DiffAE_LoRA
2026-03-15 17:41:48,790 [INFO]   替換層 3 -> QuantModule_DiffAE_LoRA
2026-03-15 17:41:48,793 [INFO]   替換層 2 -> QuantModule_DiffAE_LoRA
2026-03-15 17:41:48,797 [INFO]   替換層 1 -> QuantModule_DiffAE_LoRA
2026-03-15 17:41:48,798 [INFO]   替換層 1 -> QuantModule_DiffAE_LoRA
2026-03-15 17:41:48,799 [INFO]   替換層 3 -> QuantModule_DiffAE_LoRA
2026-03-15 17:41:48,804 [INFO]   跳過量化 skip connection: skip_connection
2026-03-15 17:41:48,804 [INFO]   替換層 2 -> QuantModule_DiffAE_LoRA
2026-03-15 17:41:48,810 [INFO]   替換層 1 -> QuantModule_DiffAE_LoRA
2026-03-15 17:41:48,811 [INFO]   替換層 1 -> QuantModule_DiffAE_LoRA
2026-03-15 17:41:48,812 [INFO]   替換層 3 -> QuantModule_DiffAE_LoRA
2026-03-15 17:41:48,817 [INFO] 改造模組: middle_block
2026-03-15 17:41:48,817 [INFO]   替換層 2 -> QuantModule_DiffAE_LoRA
2026-03-15 17:41:48,823 [INFO]   替換層 1 -> QuantModule_DiffAE_LoRA
2026-03-15 17:41:48,824 [INFO]   替換層 1 -> QuantModule_DiffAE_LoRA
2026-03-15 17:41:48,825 [INFO]   替換層 3 -> QuantModule_DiffAE_LoRA
2026-03-15 17:41:48,830 [INFO]   替換層 2 -> QuantModule_DiffAE_LoRA
2026-03-15 17:41:48,836 [INFO]   替換層 1 -> QuantModule_DiffAE_LoRA
2026-03-15 17:41:48,837 [INFO]   替換層 1 -> QuantModule_DiffAE_LoRA
2026-03-15 17:41:48,838 [INFO]   替換層 3 -> QuantModule_DiffAE_LoRA
2026-03-15 17:41:48,843 [INFO] 改造模組: output_blocks
2026-03-15 17:41:48,843 [INFO]   替換層 2 -> QuantModule_DiffAE_LoRA
2026-03-15 17:41:48,854 [INFO]   替換層 1 -> QuantModule_DiffAE_LoRA
2026-03-15 17:41:48,855 [INFO]   替換層 1 -> QuantModule_DiffAE_LoRA
2026-03-15 17:41:48,856 [INFO]   替換層 3 -> QuantModule_DiffAE_LoRA
2026-03-15 17:41:48,861 [INFO]   跳過量化 skip connection: skip_connection
2026-03-15 17:41:48,861 [INFO]   替換層 2 -> QuantModule_DiffAE_LoRA
2026-03-15 17:41:48,872 [INFO]   替換層 1 -> QuantModule_DiffAE_LoRA
2026-03-15 17:41:48,873 [INFO]   替換層 1 -> QuantModule_DiffAE_LoRA
2026-03-15 17:41:48,874 [INFO]   替換層 3 -> QuantModule_DiffAE_LoRA
2026-03-15 17:41:48,879 [INFO]   跳過量化 skip connection: skip_connection
2026-03-15 17:41:48,880 [INFO]   替換層 2 -> QuantModule_DiffAE_LoRA
2026-03-15 17:41:48,889 [INFO]   替換層 1 -> QuantModule_DiffAE_LoRA
2026-03-15 17:41:48,890 [INFO]   替換層 1 -> QuantModule_DiffAE_LoRA
2026-03-15 17:41:48,891 [INFO]   替換層 3 -> QuantModule_DiffAE_LoRA
2026-03-15 17:41:48,896 [INFO]   跳過量化 skip connection: skip_connection
2026-03-15 17:41:48,897 [INFO]   替換層 2 -> QuantModule_DiffAE_LoRA
2026-03-15 17:41:48,902 [INFO]   替換層 1 -> QuantModule_DiffAE_LoRA
2026-03-15 17:41:48,903 [INFO]   替換層 1 -> QuantModule_DiffAE_LoRA
2026-03-15 17:41:48,904 [INFO]   替換層 3 -> QuantModule_DiffAE_LoRA
2026-03-15 17:41:48,909 [INFO]   替換層 2 -> QuantModule_DiffAE_LoRA
2026-03-15 17:41:48,916 [INFO]   替換層 1 -> QuantModule_DiffAE_LoRA
2026-03-15 17:41:48,918 [INFO]   替換層 1 -> QuantModule_DiffAE_LoRA
2026-03-15 17:41:48,918 [INFO]   替換層 3 -> QuantModule_DiffAE_LoRA
2026-03-15 17:41:48,922 [INFO]   跳過量化 skip connection: skip_connection
2026-03-15 17:41:48,922 [INFO]   替換層 2 -> QuantModule_DiffAE_LoRA
2026-03-15 17:41:48,928 [INFO]   替換層 1 -> QuantModule_DiffAE_LoRA
2026-03-15 17:41:48,929 [INFO]   替換層 1 -> QuantModule_DiffAE_LoRA
2026-03-15 17:41:48,929 [INFO]   替換層 3 -> QuantModule_DiffAE_LoRA
2026-03-15 17:41:48,933 [INFO]   跳過量化 skip connection: skip_connection
2026-03-15 17:41:48,933 [INFO]   替換層 2 -> QuantModule_DiffAE_LoRA
2026-03-15 17:41:48,938 [INFO]   替換層 1 -> QuantModule_DiffAE_LoRA
2026-03-15 17:41:48,939 [INFO]   替換層 1 -> QuantModule_DiffAE_LoRA
2026-03-15 17:41:48,939 [INFO]   替換層 3 -> QuantModule_DiffAE_LoRA
2026-03-15 17:41:48,943 [INFO]   跳過量化 skip connection: skip_connection
2026-03-15 17:41:48,943 [INFO]   替換層 2 -> QuantModule_DiffAE_LoRA
2026-03-15 17:41:48,946 [INFO]   替換層 1 -> QuantModule_DiffAE_LoRA
2026-03-15 17:41:48,947 [INFO]   替換層 1 -> QuantModule_DiffAE_LoRA
2026-03-15 17:41:48,947 [INFO]   替換層 3 -> QuantModule_DiffAE_LoRA
2026-03-15 17:41:48,951 [INFO]   替換層 2 -> QuantModule_DiffAE_LoRA
2026-03-15 17:41:48,955 [INFO]   替換層 1 -> QuantModule_DiffAE_LoRA
2026-03-15 17:41:48,955 [INFO]   替換層 1 -> QuantModule_DiffAE_LoRA
2026-03-15 17:41:48,956 [INFO]   替換層 3 -> QuantModule_DiffAE_LoRA
2026-03-15 17:41:48,957 [INFO]   跳過量化 skip connection: skip_connection
2026-03-15 17:41:48,957 [INFO]   替換層 2 -> QuantModule_DiffAE_LoRA
2026-03-15 17:41:48,960 [INFO]   替換層 1 -> QuantModule_DiffAE_LoRA
2026-03-15 17:41:48,961 [INFO]   替換層 1 -> QuantModule_DiffAE_LoRA
2026-03-15 17:41:48,962 [INFO]   替換層 3 -> QuantModule_DiffAE_LoRA
2026-03-15 17:41:48,963 [INFO]   跳過量化 skip connection: skip_connection
2026-03-15 17:41:48,963 [INFO]   替換層 2 -> QuantModule_DiffAE_LoRA
2026-03-15 17:41:48,966 [INFO]   替換層 1 -> QuantModule_DiffAE_LoRA
2026-03-15 17:41:48,967 [INFO]   替換層 1 -> QuantModule_DiffAE_LoRA
2026-03-15 17:41:48,967 [INFO]   替換層 3 -> QuantModule_DiffAE_LoRA
2026-03-15 17:41:48,969 [INFO]   跳過量化 skip connection: skip_connection
2026-03-15 17:41:48,969 [INFO]   替換層 2 -> QuantModule_DiffAE_LoRA
2026-03-15 17:41:48,970 [INFO]   替換層 1 -> QuantModule_DiffAE_LoRA
2026-03-15 17:41:48,971 [INFO]   替換層 1 -> QuantModule_DiffAE_LoRA
2026-03-15 17:41:48,971 [INFO]   替換層 3 -> QuantModule_DiffAE_LoRA
2026-03-15 17:41:48,973 [INFO]   替換層 2 -> QuantModule_DiffAE_LoRA
2026-03-15 17:41:48,974 [INFO]   替換層 1 -> QuantModule_DiffAE_LoRA
2026-03-15 17:41:48,975 [INFO]   替換層 1 -> QuantModule_DiffAE_LoRA
2026-03-15 17:41:48,975 [INFO]   替換層 3 -> QuantModule_DiffAE_LoRA
2026-03-15 17:41:48,976 [INFO]   跳過量化 skip connection: skip_connection
2026-03-15 17:41:48,976 [INFO]   替換層 2 -> QuantModule_DiffAE_LoRA
2026-03-15 17:41:48,977 [INFO]   替換層 1 -> QuantModule_DiffAE_LoRA
2026-03-15 17:41:48,978 [INFO]   替換層 1 -> QuantModule_DiffAE_LoRA
2026-03-15 17:41:48,978 [INFO]   替換層 3 -> QuantModule_DiffAE_LoRA
2026-03-15 17:41:48,979 [INFO]   跳過量化 skip connection: skip_connection
2026-03-15 17:41:48,979 [INFO]   替換層 2 -> QuantModule_DiffAE_LoRA
2026-03-15 17:41:48,980 [INFO]   替換層 1 -> QuantModule_DiffAE_LoRA
2026-03-15 17:41:48,980 [INFO]   替換層 1 -> QuantModule_DiffAE_LoRA
2026-03-15 17:41:48,981 [INFO]   替換層 3 -> QuantModule_DiffAE_LoRA
2026-03-15 17:41:48,981 [INFO]   跳過量化 skip connection: skip_connection
2026-03-15 17:41:48,981 [INFO]   替換層 2 -> QuantModule_DiffAE_LoRA
2026-03-15 17:41:48,982 [INFO]   替換層 1 -> QuantModule_DiffAE_LoRA
2026-03-15 17:41:48,982 [INFO]   替換層 1 -> QuantModule_DiffAE_LoRA
2026-03-15 17:41:48,983 [INFO]   替換層 3 -> QuantModule_DiffAE_LoRA
2026-03-15 17:41:48,983 [INFO]   替換層 2 -> QuantModule_DiffAE_LoRA
2026-03-15 17:41:48,984 [INFO]   替換層 1 -> QuantModule_DiffAE_LoRA
2026-03-15 17:41:48,985 [INFO]   替換層 1 -> QuantModule_DiffAE_LoRA
2026-03-15 17:41:48,985 [INFO]   替換層 3 -> QuantModule_DiffAE_LoRA
2026-03-15 17:41:48,986 [INFO]   跳過量化 skip connection: skip_connection
2026-03-15 17:41:48,986 [INFO]   替換層 2 -> QuantModule_DiffAE_LoRA
2026-03-15 17:41:48,987 [INFO]   替換層 1 -> QuantModule_DiffAE_LoRA
2026-03-15 17:41:48,987 [INFO]   替換層 1 -> QuantModule_DiffAE_LoRA
2026-03-15 17:41:48,987 [INFO]   替換層 3 -> QuantModule_DiffAE_LoRA
2026-03-15 17:41:48,988 [INFO]   跳過量化 skip connection: skip_connection
2026-03-15 17:41:48,988 [INFO]   替換層 2 -> QuantModule_DiffAE_LoRA
2026-03-15 17:41:48,989 [INFO]   替換層 1 -> QuantModule_DiffAE_LoRA
2026-03-15 17:41:48,990 [INFO]   替換層 1 -> QuantModule_DiffAE_LoRA
2026-03-15 17:41:48,990 [INFO]   替換層 3 -> QuantModule_DiffAE_LoRA
2026-03-15 17:41:48,990 [INFO]   跳過量化 skip connection: skip_connection
2026-03-15 17:41:48,990 [INFO] 改造模組: out
2026-03-15 17:41:48,990 [INFO]   跳過量化特殊模組: 2
2026-03-15 17:41:49,631 [INFO] 執行 'create_quantized_model' 完成，耗時: 0.89 秒
2026-03-15 17:41:49,637 [INFO] 載入校準資料...
2026-03-15 17:41:49,890 [INFO] ✅ 載入真實校準資料成功
2026-03-15 17:41:49,892 [INFO] ==================================================
2026-03-15 17:41:49,893 [INFO] 5. Setting first and last layers to 8-bit...
2026-03-15 17:41:49,894 [INFO] 找到 144 個量化模組
2026-03-15 17:41:49,894 [INFO] ✅ 首尾層 8-bit 設定完成
2026-03-15 17:41:49,894 [INFO] ✅ 量化模型創建成功
2026-03-15 17:41:49,894 [INFO] set quant state to True, True for layer 1
2026-03-15 17:41:49,894 [INFO] set quant state to True, True for layer 2
2026-03-15 17:41:49,894 [INFO] set quant state to True, False for layer 3
2026-03-15 17:41:49,895 [INFO] set quant state to True, True for layer 144
2026-03-15 17:41:51,161 [INFO] ✅ 量化模型載入成功
2026-03-15 17:41:51,162 [INFO] === 初始化新功能模組 ===
2026-03-15 17:41:51,165 [INFO] 
=== 模型參數統計 ===
2026-03-15 17:41:51,167 [INFO] 可訓練參數: 9,803,440 || 總參數: 96,366,131 || 可訓練比例: 10.17%
2026-03-15 17:41:51,901 [INFO] ✅ 基礎模型設定完成
2026-03-15 17:41:51,901 [INFO] === 創建整合訓練器 ===
2026-03-15 17:41:51,910 [INFO] DDIM 時間步序列長度: 100
2026-03-15 17:41:51,910 [INFO] EMA 初始化完成
2026-03-15 17:41:51,910 [INFO] SpacedDiffusionBeatGans_Trainer 初始化完成
2026-03-15 17:41:51,910 [INFO] ✅ Diff-AE + EfficientDM 整合訓練器創建成功
2026-03-15 17:41:51,914 [INFO] DDIM 時間步序列長度: 100
2026-03-15 17:41:51,914 [INFO] EMA 初始化完成
2026-03-15 17:41:51,914 [INFO] SpacedDiffusionBeatGans_Trainer 初始化完成
2026-03-15 17:41:51,914 [INFO] ✅ Diff-AE + EfficientDM 整合訓練器創建成功
2026-03-15 17:41:51,914 [INFO] 
=== 開始 EfficientDM 風格訓練 (共 160 epoch) ===
2026-03-15 17:41:51,918 [INFO] 
--- Epoch 1/160 ---
2026-03-15 17:42:04,903 [INFO] Step 20 - DDIM step 80: Distill loss: 0.000493
2026-03-15 17:42:13,720 [INFO] Step 40 - DDIM step 60: Distill loss: 0.000465
2026-03-15 17:42:23,952 [INFO] Step 60 - DDIM step 40: Distill loss: 0.000564
2026-03-15 17:42:34,174 [INFO] Step 80 - DDIM step 20: Distill loss: 0.000826
2026-03-15 17:42:42,491 [INFO] Step 100 - DDIM step 0: Distill loss: 0.001300
2026-03-15 17:42:42,498 [INFO] 
Epoch 1/160 完成:
2026-03-15 17:42:42,499 [INFO]   平均損失: 0.001300
2026-03-15 17:42:42,499 [INFO]   時間: 50.58秒
2026-03-15 17:42:43,593 [INFO] [QuantUpdateDiag] Epoch 1/160 | layers=140 | weighted_changed_ratio(dynamic)=0.057045 | weighted_changed_ratio(same_scale)=0.055375 | mean|ΔW_fp|=2.150588e-04 | mean|ΔW_qnorm|=7.435120e-04
2026-03-15 17:42:43,593 [INFO] [QuantUpdateDiag] Top-12 layers by changed_ratio_dynamic:
2026-03-15 17:42:43,594 [INFO]   layer=model.output_blocks.2.1.cond_emb_layers.1 | ratio_dyn=0.267258 | ratio_same_scale=0.260670 | mean|ΔW_fp|=8.172134e-04 | mean|ΔW_qnorm|=2.157317e-03 | numel=262144
2026-03-15 17:42:43,594 [INFO]   layer=model.output_blocks.2.0.cond_emb_layers.1 | ratio_dyn=0.260925 | ratio_same_scale=0.256184 | mean|ΔW_fp|=7.853518e-04 | mean|ΔW_qnorm|=2.109047e-03 | numel=262144
2026-03-15 17:42:43,594 [INFO]   layer=model.output_blocks.3.0.cond_emb_layers.1 | ratio_dyn=0.256571 | ratio_same_scale=0.250504 | mean|ΔW_fp|=7.393458e-04 | mean|ΔW_qnorm|=2.042155e-03 | numel=196608
2026-03-15 17:42:43,594 [INFO]   layer=model.output_blocks.4.0.cond_emb_layers.1 | ratio_dyn=0.231583 | ratio_same_scale=0.225444 | mean|ΔW_fp|=6.514873e-04 | mean|ΔW_qnorm|=1.837503e-03 | numel=196608
2026-03-15 17:42:43,594 [INFO]   layer=model.output_blocks.1.0.cond_emb_layers.1 | ratio_dyn=0.214581 | ratio_same_scale=0.210339 | mean|ΔW_fp|=6.418249e-04 | mean|ΔW_qnorm|=1.700994e-03 | numel=262144
2026-03-15 17:42:43,594 [INFO]   layer=model.output_blocks.3.0.emb_layers.1 | ratio_dyn=0.194402 | ratio_same_scale=0.187978 | mean|ΔW_fp|=1.875442e-04 | mean|ΔW_qnorm|=1.567470e-03 | numel=393216
2026-03-15 17:42:43,594 [INFO]   layer=model.output_blocks.5.0.cond_emb_layers.1 | ratio_dyn=0.190562 | ratio_same_scale=0.185994 | mean|ΔW_fp|=5.148378e-04 | mean|ΔW_qnorm|=1.509138e-03 | numel=196608
2026-03-15 17:42:43,594 [INFO]   layer=model.output_blocks.2.1.emb_layers.1 | ratio_dyn=0.189541 | ratio_same_scale=0.181171 | mean|ΔW_fp|=1.860054e-04 | mean|ΔW_qnorm|=1.521914e-03 | numel=524288
2026-03-15 17:42:43,594 [INFO]   layer=model.input_blocks.8.0.cond_emb_layers.1 | ratio_dyn=0.178093 | ratio_same_scale=0.173042 | mean|ΔW_fp|=4.357498e-04 | mean|ΔW_qnorm|=1.411438e-03 | numel=131072
2026-03-15 17:42:43,594 [INFO]   layer=model.output_blocks.6.0.cond_emb_layers.1 | ratio_dyn=0.177727 | ratio_same_scale=0.173538 | mean|ΔW_fp|=4.542851e-04 | mean|ΔW_qnorm|=1.408855e-03 | numel=131072
2026-03-15 17:42:43,594 [INFO]   layer=model.input_blocks.9.0.cond_emb_layers.1 | ratio_dyn=0.168289 | ratio_same_scale=0.164581 | mean|ΔW_fp|=4.413500e-04 | mean|ΔW_qnorm|=1.333402e-03 | numel=131072
2026-03-15 17:42:43,594 [INFO]   layer=model.input_blocks.10.0.cond_emb_layers.1 | ratio_dyn=0.167638 | ratio_same_scale=0.163122 | mean|ΔW_fp|=4.764849e-04 | mean|ΔW_qnorm|=1.325432e-03 | numel=196608
2026-03-15 17:42:46,356 [INFO] 模型已保存: QATcode/quantize_ver2/checkpoints/diffae_step6_lora_best.pth (base=3321 keys, raw=1106 keys, ema=1106 keys)
2026-03-15 17:42:46,357 [INFO]   ✅ 新的最佳模型已保存 (Loss: 0.001300)
2026-03-15 17:42:46,357 [INFO] 
=== Epoch 1 驗證生成 (使用 EMA 模型) ===
2026-03-15 17:42:46,416 [INFO] EMA 權重應用完成，共應用 420 個參數
2026-03-15 17:42:46,417 [INFO] set quant state to True, True for layer 1
2026-03-15 17:42:46,417 [INFO] set quant state to True, True for layer 2
2026-03-15 17:42:46,417 [INFO] set quant state to True, False for layer 3
2026-03-15 17:42:46,418 [INFO] set quant state to True, True for layer 144
2026-03-15 17:42:46,420 [INFO] set quant state to True, True for layer 1
2026-03-15 17:42:46,420 [INFO] set quant state to True, True for layer 2
2026-03-15 17:42:46,420 [INFO] set quant state to True, False for layer 3
2026-03-15 17:42:46,421 [INFO] set quant state to True, True for layer 144
2026-03-15 17:43:04,886 [INFO] 生成圖像數值範圍: [-1.0000, 1.0000]
2026-03-15 17:43:04,886 [INFO] 生成圖像均值: -0.0348
2026-03-15 17:43:04,886 [INFO] 生成圖像標準差: 0.5100
2026-03-15 17:43:04,886 [INFO] 正規化後數值範圍: [0.0000, 1.0000]
2026-03-15 17:43:04,944 [INFO] ✅ Epoch 1 EMA 模型驗證生成完成:
2026-03-15 17:43:04,944 [INFO]   生成時間: 18.52秒
2026-03-15 17:43:04,944 [INFO]   圖像範圍: [-1.000, 1.000]
2026-03-15 17:43:04,944 [INFO]   保存路徑: QATcode/quantize_ver2/training_samples/
2026-03-15 17:43:04,944 [INFO] 驗證後量化器 current_step: 99
2026-03-15 17:43:05,017 [INFO] 
--- Epoch 2/160 ---
