2026-03-15 17:51:35,942 [INFO] ==================================================
2026-03-15 17:51:35,942 [INFO] Diff-AE EfficientDM Step 6: 量化感知微調 (QAT)
2026-03-15 17:51:35,942 [INFO] ==================================================
2026-03-15 17:51:35,942 [INFO] 訓練 log 檔案: QATcode/quantize_ver2/log/step6_train_TF_144TF.log
2026-03-15 17:51:35,942 [INFO] 使用設備: cuda
2026-03-15 17:51:35,942 [INFO] === 新功能狀態 ===
2026-03-15 17:51:35,942 [INFO] Layer-by-Layer 訓練: 關閉
2026-03-15 17:51:35,942 [INFO] 代理指標驗證: 關閉
2026-03-15 17:51:35,942 [INFO] 實驗目錄: runs/default
2026-03-15 17:51:35,942 [INFO] 量化更新診斷 interval: 8
2026-03-15 17:51:35,942 [INFO] 量化更新診斷 topk: 12
2026-03-15 17:51:35,942 [INFO] 量化更新診斷 root: QATcode/quantize_ver2/quant_diag_runs
2026-03-15 17:51:35,943 [INFO] 量化更新診斷輸出目錄: QATcode/quantize_ver2/quant_diag_runs/20260315_175135
2026-03-15 17:51:35,943 [INFO] 載入 Diff-AE 模型: checkpoints/ffhq128_autoenc_latent/last.ckpt
2026-03-15 17:51:37,719 [INFO] Diff-AE 模型載入完成
2026-03-15 17:51:37,749 [INFO] 執行 'load_diffae_model' 完成，耗時: 1.81 秒
2026-03-15 17:51:37,749 [INFO] ✅ Diff-AE 模型載入成功
2026-03-15 17:51:38,898 [INFO] ✅ FP Diff-AE 模型載入成功
2026-03-15 17:51:38,898 [INFO] base_model.conf.train_mode: TrainMode.latent_diffusion
2026-03-15 17:51:39,223 [INFO] === 創建 LoRA 量化模型 ===
2026-03-15 17:51:39,223 [INFO] === 開始 UNet LoRA 量化改造 ===
2026-03-15 17:51:39,223 [INFO] 改造模組: time_embed
2026-03-15 17:51:39,223 [INFO]   跳過量化特殊模組: 0
2026-03-15 17:51:39,223 [INFO]   跳過量化特殊模組: 2
2026-03-15 17:51:39,223 [INFO] 改造模組: input_blocks
2026-03-15 17:51:39,223 [INFO]   跳過量化特殊模組: 0
2026-03-15 17:51:39,223 [INFO]   替換層 2 -> QuantModule_DiffAE_LoRA
2026-03-15 17:51:39,224 [INFO]   替換層 1 -> QuantModule_DiffAE_LoRA
2026-03-15 17:51:39,225 [INFO]   替換層 1 -> QuantModule_DiffAE_LoRA
2026-03-15 17:51:39,225 [INFO]   替換層 3 -> QuantModule_DiffAE_LoRA
2026-03-15 17:51:39,226 [INFO]   替換層 2 -> QuantModule_DiffAE_LoRA
2026-03-15 17:51:39,226 [INFO]   替換層 1 -> QuantModule_DiffAE_LoRA
2026-03-15 17:51:39,227 [INFO]   替換層 1 -> QuantModule_DiffAE_LoRA
2026-03-15 17:51:39,227 [INFO]   替換層 3 -> QuantModule_DiffAE_LoRA
2026-03-15 17:51:39,228 [INFO]   替換層 2 -> QuantModule_DiffAE_LoRA
2026-03-15 17:51:39,228 [INFO]   替換層 1 -> QuantModule_DiffAE_LoRA
2026-03-15 17:51:39,229 [INFO]   替換層 1 -> QuantModule_DiffAE_LoRA
2026-03-15 17:51:39,229 [INFO]   替換層 3 -> QuantModule_DiffAE_LoRA
2026-03-15 17:51:39,230 [INFO]   替換層 2 -> QuantModule_DiffAE_LoRA
2026-03-15 17:51:39,230 [INFO]   替換層 1 -> QuantModule_DiffAE_LoRA
2026-03-15 17:51:39,231 [INFO]   替換層 1 -> QuantModule_DiffAE_LoRA
2026-03-15 17:51:39,231 [INFO]   替換層 3 -> QuantModule_DiffAE_LoRA
2026-03-15 17:51:39,232 [INFO]   替換層 2 -> QuantModule_DiffAE_LoRA
2026-03-15 17:51:39,232 [INFO]   替換層 1 -> QuantModule_DiffAE_LoRA
2026-03-15 17:51:39,233 [INFO]   替換層 1 -> QuantModule_DiffAE_LoRA
2026-03-15 17:51:39,233 [INFO]   替換層 3 -> QuantModule_DiffAE_LoRA
2026-03-15 17:51:39,234 [INFO]   替換層 2 -> QuantModule_DiffAE_LoRA
2026-03-15 17:51:39,235 [INFO]   替換層 1 -> QuantModule_DiffAE_LoRA
2026-03-15 17:51:39,235 [INFO]   替換層 1 -> QuantModule_DiffAE_LoRA
2026-03-15 17:51:39,235 [INFO]   替換層 3 -> QuantModule_DiffAE_LoRA
2026-03-15 17:51:39,236 [INFO]   替換層 2 -> QuantModule_DiffAE_LoRA
2026-03-15 17:51:39,237 [INFO]   替換層 1 -> QuantModule_DiffAE_LoRA
2026-03-15 17:51:39,238 [INFO]   替換層 1 -> QuantModule_DiffAE_LoRA
2026-03-15 17:51:39,238 [INFO]   替換層 3 -> QuantModule_DiffAE_LoRA
2026-03-15 17:51:39,240 [INFO]   跳過量化 skip connection: skip_connection
2026-03-15 17:51:39,240 [INFO]   替換層 2 -> QuantModule_DiffAE_LoRA
2026-03-15 17:51:39,242 [INFO]   替換層 1 -> QuantModule_DiffAE_LoRA
2026-03-15 17:51:39,243 [INFO]   替換層 1 -> QuantModule_DiffAE_LoRA
2026-03-15 17:51:39,243 [INFO]   替換層 3 -> QuantModule_DiffAE_LoRA
2026-03-15 17:51:39,245 [INFO]   替換層 2 -> QuantModule_DiffAE_LoRA
2026-03-15 17:51:39,247 [INFO]   替換層 1 -> QuantModule_DiffAE_LoRA
2026-03-15 17:51:39,248 [INFO]   替換層 1 -> QuantModule_DiffAE_LoRA
2026-03-15 17:51:39,248 [INFO]   替換層 3 -> QuantModule_DiffAE_LoRA
2026-03-15 17:51:39,250 [INFO]   替換層 2 -> QuantModule_DiffAE_LoRA
2026-03-15 17:51:39,252 [INFO]   替換層 1 -> QuantModule_DiffAE_LoRA
2026-03-15 17:51:39,253 [INFO]   替換層 1 -> QuantModule_DiffAE_LoRA
2026-03-15 17:51:39,254 [INFO]   替換層 3 -> QuantModule_DiffAE_LoRA
2026-03-15 17:51:39,257 [INFO]   跳過量化 skip connection: skip_connection
2026-03-15 17:51:39,257 [INFO]   替換層 2 -> QuantModule_DiffAE_LoRA
2026-03-15 17:51:39,260 [INFO]   替換層 1 -> QuantModule_DiffAE_LoRA
2026-03-15 17:51:39,261 [INFO]   替換層 1 -> QuantModule_DiffAE_LoRA
2026-03-15 17:51:39,262 [INFO]   替換層 3 -> QuantModule_DiffAE_LoRA
2026-03-15 17:51:39,265 [INFO]   替換層 2 -> QuantModule_DiffAE_LoRA
2026-03-15 17:51:39,269 [INFO]   替換層 1 -> QuantModule_DiffAE_LoRA
2026-03-15 17:51:39,270 [INFO]   替換層 1 -> QuantModule_DiffAE_LoRA
2026-03-15 17:51:39,270 [INFO]   替換層 3 -> QuantModule_DiffAE_LoRA
2026-03-15 17:51:39,274 [INFO]   替換層 2 -> QuantModule_DiffAE_LoRA
2026-03-15 17:51:39,278 [INFO]   替換層 1 -> QuantModule_DiffAE_LoRA
2026-03-15 17:51:39,279 [INFO]   替換層 1 -> QuantModule_DiffAE_LoRA
2026-03-15 17:51:39,280 [INFO]   替換層 3 -> QuantModule_DiffAE_LoRA
2026-03-15 17:51:39,286 [INFO]   跳過量化 skip connection: skip_connection
2026-03-15 17:51:39,286 [INFO]   替換層 2 -> QuantModule_DiffAE_LoRA
2026-03-15 17:51:39,291 [INFO]   替換層 1 -> QuantModule_DiffAE_LoRA
2026-03-15 17:51:39,293 [INFO]   替換層 1 -> QuantModule_DiffAE_LoRA
2026-03-15 17:51:39,293 [INFO]   替換層 3 -> QuantModule_DiffAE_LoRA
2026-03-15 17:51:39,299 [INFO] 改造模組: middle_block
2026-03-15 17:51:39,299 [INFO]   替換層 2 -> QuantModule_DiffAE_LoRA
2026-03-15 17:51:39,304 [INFO]   替換層 1 -> QuantModule_DiffAE_LoRA
2026-03-15 17:51:39,306 [INFO]   替換層 1 -> QuantModule_DiffAE_LoRA
2026-03-15 17:51:39,306 [INFO]   替換層 3 -> QuantModule_DiffAE_LoRA
2026-03-15 17:51:39,312 [INFO]   替換層 2 -> QuantModule_DiffAE_LoRA
2026-03-15 17:51:39,318 [INFO]   替換層 1 -> QuantModule_DiffAE_LoRA
2026-03-15 17:51:39,319 [INFO]   替換層 1 -> QuantModule_DiffAE_LoRA
2026-03-15 17:51:39,320 [INFO]   替換層 3 -> QuantModule_DiffAE_LoRA
2026-03-15 17:51:39,325 [INFO] 改造模組: output_blocks
2026-03-15 17:51:39,325 [INFO]   替換層 2 -> QuantModule_DiffAE_LoRA
2026-03-15 17:51:39,336 [INFO]   替換層 1 -> QuantModule_DiffAE_LoRA
2026-03-15 17:51:39,337 [INFO]   替換層 1 -> QuantModule_DiffAE_LoRA
2026-03-15 17:51:39,338 [INFO]   替換層 3 -> QuantModule_DiffAE_LoRA
2026-03-15 17:51:39,343 [INFO]   跳過量化 skip connection: skip_connection
2026-03-15 17:51:39,344 [INFO]   替換層 2 -> QuantModule_DiffAE_LoRA
2026-03-15 17:51:39,354 [INFO]   替換層 1 -> QuantModule_DiffAE_LoRA
2026-03-15 17:51:39,356 [INFO]   替換層 1 -> QuantModule_DiffAE_LoRA
2026-03-15 17:51:39,357 [INFO]   替換層 3 -> QuantModule_DiffAE_LoRA
2026-03-15 17:51:39,362 [INFO]   跳過量化 skip connection: skip_connection
2026-03-15 17:51:39,362 [INFO]   替換層 2 -> QuantModule_DiffAE_LoRA
2026-03-15 17:51:39,372 [INFO]   替換層 1 -> QuantModule_DiffAE_LoRA
2026-03-15 17:51:39,373 [INFO]   替換層 1 -> QuantModule_DiffAE_LoRA
2026-03-15 17:51:39,374 [INFO]   替換層 3 -> QuantModule_DiffAE_LoRA
2026-03-15 17:51:39,380 [INFO]   跳過量化 skip connection: skip_connection
2026-03-15 17:51:39,380 [INFO]   替換層 2 -> QuantModule_DiffAE_LoRA
2026-03-15 17:51:39,386 [INFO]   替換層 1 -> QuantModule_DiffAE_LoRA
2026-03-15 17:51:39,387 [INFO]   替換層 1 -> QuantModule_DiffAE_LoRA
2026-03-15 17:51:39,388 [INFO]   替換層 3 -> QuantModule_DiffAE_LoRA
2026-03-15 17:51:39,393 [INFO]   替換層 2 -> QuantModule_DiffAE_LoRA
2026-03-15 17:51:39,400 [INFO]   替換層 1 -> QuantModule_DiffAE_LoRA
2026-03-15 17:51:39,401 [INFO]   替換層 1 -> QuantModule_DiffAE_LoRA
2026-03-15 17:51:39,402 [INFO]   替換層 3 -> QuantModule_DiffAE_LoRA
2026-03-15 17:51:39,405 [INFO]   跳過量化 skip connection: skip_connection
2026-03-15 17:51:39,405 [INFO]   替換層 2 -> QuantModule_DiffAE_LoRA
2026-03-15 17:51:39,411 [INFO]   替換層 1 -> QuantModule_DiffAE_LoRA
2026-03-15 17:51:39,412 [INFO]   替換層 1 -> QuantModule_DiffAE_LoRA
2026-03-15 17:51:39,413 [INFO]   替換層 3 -> QuantModule_DiffAE_LoRA
2026-03-15 17:51:39,416 [INFO]   跳過量化 skip connection: skip_connection
2026-03-15 17:51:39,416 [INFO]   替換層 2 -> QuantModule_DiffAE_LoRA
2026-03-15 17:51:39,422 [INFO]   替換層 1 -> QuantModule_DiffAE_LoRA
2026-03-15 17:51:39,423 [INFO]   替換層 1 -> QuantModule_DiffAE_LoRA
2026-03-15 17:51:39,423 [INFO]   替換層 3 -> QuantModule_DiffAE_LoRA
2026-03-15 17:51:39,427 [INFO]   跳過量化 skip connection: skip_connection
2026-03-15 17:51:39,427 [INFO]   替換層 2 -> QuantModule_DiffAE_LoRA
2026-03-15 17:51:39,430 [INFO]   替換層 1 -> QuantModule_DiffAE_LoRA
2026-03-15 17:51:39,431 [INFO]   替換層 1 -> QuantModule_DiffAE_LoRA
2026-03-15 17:51:39,432 [INFO]   替換層 3 -> QuantModule_DiffAE_LoRA
2026-03-15 17:51:39,435 [INFO]   替換層 2 -> QuantModule_DiffAE_LoRA
2026-03-15 17:51:39,439 [INFO]   替換層 1 -> QuantModule_DiffAE_LoRA
2026-03-15 17:51:39,440 [INFO]   替換層 1 -> QuantModule_DiffAE_LoRA
2026-03-15 17:51:39,440 [INFO]   替換層 3 -> QuantModule_DiffAE_LoRA
2026-03-15 17:51:39,442 [INFO]   跳過量化 skip connection: skip_connection
2026-03-15 17:51:39,442 [INFO]   替換層 2 -> QuantModule_DiffAE_LoRA
2026-03-15 17:51:39,445 [INFO]   替換層 1 -> QuantModule_DiffAE_LoRA
2026-03-15 17:51:39,445 [INFO]   替換層 1 -> QuantModule_DiffAE_LoRA
2026-03-15 17:51:39,446 [INFO]   替換層 3 -> QuantModule_DiffAE_LoRA
2026-03-15 17:51:39,448 [INFO]   跳過量化 skip connection: skip_connection
2026-03-15 17:51:39,448 [INFO]   替換層 2 -> QuantModule_DiffAE_LoRA
2026-03-15 17:51:39,450 [INFO]   替換層 1 -> QuantModule_DiffAE_LoRA
2026-03-15 17:51:39,451 [INFO]   替換層 1 -> QuantModule_DiffAE_LoRA
2026-03-15 17:51:39,451 [INFO]   替換層 3 -> QuantModule_DiffAE_LoRA
2026-03-15 17:51:39,453 [INFO]   跳過量化 skip connection: skip_connection
2026-03-15 17:51:39,453 [INFO]   替換層 2 -> QuantModule_DiffAE_LoRA
2026-03-15 17:51:39,455 [INFO]   替換層 1 -> QuantModule_DiffAE_LoRA
2026-03-15 17:51:39,455 [INFO]   替換層 1 -> QuantModule_DiffAE_LoRA
2026-03-15 17:51:39,456 [INFO]   替換層 3 -> QuantModule_DiffAE_LoRA
2026-03-15 17:51:39,457 [INFO]   替換層 2 -> QuantModule_DiffAE_LoRA
2026-03-15 17:51:39,459 [INFO]   替換層 1 -> QuantModule_DiffAE_LoRA
2026-03-15 17:51:39,459 [INFO]   替換層 1 -> QuantModule_DiffAE_LoRA
2026-03-15 17:51:39,460 [INFO]   替換層 3 -> QuantModule_DiffAE_LoRA
2026-03-15 17:51:39,460 [INFO]   跳過量化 skip connection: skip_connection
2026-03-15 17:51:39,460 [INFO]   替換層 2 -> QuantModule_DiffAE_LoRA
2026-03-15 17:51:39,462 [INFO]   替換層 1 -> QuantModule_DiffAE_LoRA
2026-03-15 17:51:39,462 [INFO]   替換層 1 -> QuantModule_DiffAE_LoRA
2026-03-15 17:51:39,463 [INFO]   替換層 3 -> QuantModule_DiffAE_LoRA
2026-03-15 17:51:39,463 [INFO]   跳過量化 skip connection: skip_connection
2026-03-15 17:51:39,463 [INFO]   替換層 2 -> QuantModule_DiffAE_LoRA
2026-03-15 17:51:39,465 [INFO]   替換層 1 -> QuantModule_DiffAE_LoRA
2026-03-15 17:51:39,465 [INFO]   替換層 1 -> QuantModule_DiffAE_LoRA
2026-03-15 17:51:39,465 [INFO]   替換層 3 -> QuantModule_DiffAE_LoRA
2026-03-15 17:51:39,466 [INFO]   跳過量化 skip connection: skip_connection
2026-03-15 17:51:39,466 [INFO]   替換層 2 -> QuantModule_DiffAE_LoRA
2026-03-15 17:51:39,467 [INFO]   替換層 1 -> QuantModule_DiffAE_LoRA
2026-03-15 17:51:39,468 [INFO]   替換層 1 -> QuantModule_DiffAE_LoRA
2026-03-15 17:51:39,468 [INFO]   替換層 3 -> QuantModule_DiffAE_LoRA
2026-03-15 17:51:39,469 [INFO]   替換層 2 -> QuantModule_DiffAE_LoRA
2026-03-15 17:51:39,470 [INFO]   替換層 1 -> QuantModule_DiffAE_LoRA
2026-03-15 17:51:39,470 [INFO]   替換層 1 -> QuantModule_DiffAE_LoRA
2026-03-15 17:51:39,470 [INFO]   替換層 3 -> QuantModule_DiffAE_LoRA
2026-03-15 17:51:39,471 [INFO]   跳過量化 skip connection: skip_connection
2026-03-15 17:51:39,471 [INFO]   替換層 2 -> QuantModule_DiffAE_LoRA
2026-03-15 17:51:39,472 [INFO]   替換層 1 -> QuantModule_DiffAE_LoRA
2026-03-15 17:51:39,472 [INFO]   替換層 1 -> QuantModule_DiffAE_LoRA
2026-03-15 17:51:39,473 [INFO]   替換層 3 -> QuantModule_DiffAE_LoRA
2026-03-15 17:51:39,473 [INFO]   跳過量化 skip connection: skip_connection
2026-03-15 17:51:39,473 [INFO]   替換層 2 -> QuantModule_DiffAE_LoRA
2026-03-15 17:51:39,474 [INFO]   替換層 1 -> QuantModule_DiffAE_LoRA
2026-03-15 17:51:39,475 [INFO]   替換層 1 -> QuantModule_DiffAE_LoRA
2026-03-15 17:51:39,475 [INFO]   替換層 3 -> QuantModule_DiffAE_LoRA
2026-03-15 17:51:39,476 [INFO]   跳過量化 skip connection: skip_connection
2026-03-15 17:51:39,476 [INFO] 改造模組: out
2026-03-15 17:51:39,476 [INFO]   跳過量化特殊模組: 2
2026-03-15 17:51:40,133 [INFO] 執行 'create_quantized_model' 完成，耗時: 0.91 秒
2026-03-15 17:51:40,139 [INFO] 載入校準資料...
2026-03-15 17:51:40,389 [INFO] ✅ 載入真實校準資料成功
2026-03-15 17:51:40,391 [INFO] ==================================================
2026-03-15 17:51:40,391 [INFO] 5. Setting first and last layers to 8-bit...
2026-03-15 17:51:40,393 [INFO] 找到 144 個量化模組
2026-03-15 17:51:40,393 [INFO] ✅ 首尾層 8-bit 設定完成
2026-03-15 17:51:40,393 [INFO] ✅ 量化模型創建成功
2026-03-15 17:51:40,393 [INFO] set quant state to True, True for layer 1
2026-03-15 17:51:40,393 [INFO] set quant state to True, True for layer 2
2026-03-15 17:51:40,393 [INFO] set quant state to True, False for layer 3
2026-03-15 17:51:40,395 [INFO] set quant state to True, False for layer 144
2026-03-15 17:51:41,646 [INFO] ✅ 量化模型載入成功
2026-03-15 17:51:41,646 [INFO] === 初始化新功能模組 ===
2026-03-15 17:51:41,650 [INFO] 
=== 模型參數統計 ===
2026-03-15 17:51:41,651 [INFO] 可訓練參數: 9,803,440 || 總參數: 96,366,131 || 可訓練比例: 10.17%
2026-03-15 17:51:42,387 [INFO] ✅ 基礎模型設定完成
2026-03-15 17:51:42,388 [INFO] === 創建整合訓練器 ===
2026-03-15 17:51:42,397 [INFO] DDIM 時間步序列長度: 100
2026-03-15 17:51:42,397 [INFO] EMA 初始化完成
2026-03-15 17:51:42,397 [INFO] SpacedDiffusionBeatGans_Trainer 初始化完成
2026-03-15 17:51:42,397 [INFO] ✅ Diff-AE + EfficientDM 整合訓練器創建成功
2026-03-15 17:51:42,400 [INFO] DDIM 時間步序列長度: 100
2026-03-15 17:51:42,400 [INFO] EMA 初始化完成
2026-03-15 17:51:42,400 [INFO] SpacedDiffusionBeatGans_Trainer 初始化完成
2026-03-15 17:51:42,400 [INFO] ✅ Diff-AE + EfficientDM 整合訓練器創建成功
2026-03-15 17:51:42,401 [INFO] 
=== 開始 EfficientDM 風格訓練 (共 160 epoch) ===
2026-03-15 17:51:42,404 [INFO] 
--- Epoch 1/160 ---
2026-03-15 17:51:52,258 [INFO] Step 20 - DDIM step 80: Distill loss: 0.000127
2026-03-15 17:51:58,915 [INFO] Step 40 - DDIM step 60: Distill loss: 0.000125
2026-03-15 17:52:05,529 [INFO] Step 60 - DDIM step 40: Distill loss: 0.000154
2026-03-15 17:52:10,198 [INFO] Step 80 - DDIM step 20: Distill loss: 0.000232
2026-03-15 17:52:16,749 [INFO] Step 100 - DDIM step 0: Distill loss: 0.000481
2026-03-15 17:52:16,757 [INFO] 
Epoch 1/160 完成:
2026-03-15 17:52:16,757 [INFO]   平均損失: 0.000481
2026-03-15 17:52:16,757 [INFO]   時間: 34.35秒
2026-03-15 17:52:17,848 [INFO] [QuantUpdateDiag] Epoch 1/160 | layers=140 | weighted_changed_ratio(dynamic)=0.025488 | weighted_changed_ratio(same_scale)=0.024623 | mean|ΔW_fp|=1.023412e-04 | mean|ΔW_qnorm|=3.612657e-04
2026-03-15 17:52:17,848 [INFO] [QuantUpdateDiag] Top-12 layers by changed_ratio_dynamic:
2026-03-15 17:52:17,848 [INFO]   layer=model.output_blocks.14.0.cond_emb_layers.1 | ratio_dyn=0.092911 | ratio_same_scale=0.091293 | mean|ΔW_fp|=1.709229e-04 | mean|ΔW_qnorm|=7.315808e-04 | numel=65536
2026-03-15 17:52:17,848 [INFO]   layer=model.input_blocks.1.0.out_layers.3 | ratio_dyn=0.084730 | ratio_same_scale=0.082798 | mean|ΔW_fp|=2.430350e-04 | mean|ΔW_qnorm|=6.671681e-04 | numel=147456
2026-03-15 17:52:17,848 [INFO]   layer=model.output_blocks.12.0.emb_layers.1 | ratio_dyn=0.080826 | ratio_same_scale=0.078094 | mean|ΔW_fp|=9.501728e-05 | mean|ΔW_qnorm|=6.367241e-04 | numel=131072
2026-03-15 17:52:17,848 [INFO]   layer=model.output_blocks.4.0.cond_emb_layers.1 | ratio_dyn=0.079732 | ratio_same_scale=0.076594 | mean|ΔW_fp|=2.181693e-04 | mean|ΔW_qnorm|=6.278531e-04 | numel=196608
2026-03-15 17:52:17,848 [INFO]   layer=model.output_blocks.5.0.cond_emb_layers.1 | ratio_dyn=0.079615 | ratio_same_scale=0.076909 | mean|ΔW_fp|=2.090651e-04 | mean|ΔW_qnorm|=6.272123e-04 | numel=196608
2026-03-15 17:52:17,848 [INFO]   layer=model.input_blocks.1.0.cond_emb_layers.1 | ratio_dyn=0.078842 | ratio_same_scale=0.074036 | mean|ΔW_fp|=1.606896e-04 | mean|ΔW_qnorm|=6.209245e-04 | numel=65536
2026-03-15 17:52:17,848 [INFO]   layer=model.output_blocks.4.0.emb_layers.1 | ratio_dyn=0.077858 | ratio_same_scale=0.072055 | mean|ΔW_fp|=7.649996e-05 | mean|ΔW_qnorm|=6.132952e-04 | numel=393216
2026-03-15 17:52:17,848 [INFO]   layer=model.output_blocks.1.0.cond_emb_layers.1 | ratio_dyn=0.077415 | ratio_same_scale=0.074245 | mean|ΔW_fp|=2.255779e-04 | mean|ΔW_qnorm|=6.096307e-04 | numel=262144
2026-03-15 17:52:17,848 [INFO]   layer=model.output_blocks.3.0.emb_layers.1 | ratio_dyn=0.076759 | ratio_same_scale=0.072792 | mean|ΔW_fp|=7.300606e-05 | mean|ΔW_qnorm|=6.045244e-04 | numel=393216
2026-03-15 17:52:17,848 [INFO]   layer=model.output_blocks.2.0.cond_emb_layers.1 | ratio_dyn=0.076385 | ratio_same_scale=0.073887 | mean|ΔW_fp|=2.198354e-04 | mean|ΔW_qnorm|=6.014606e-04 | numel=262144
2026-03-15 17:52:17,848 [INFO]   layer=model.output_blocks.5.0.emb_layers.1 | ratio_dyn=0.075317 | ratio_same_scale=0.068764 | mean|ΔW_fp|=7.565567e-05 | mean|ΔW_qnorm|=5.931304e-04 | numel=393216
2026-03-15 17:52:17,848 [INFO]   layer=model.input_blocks.10.0.cond_emb_layers.1 | ratio_dyn=0.075302 | ratio_same_scale=0.072912 | mean|ΔW_fp|=2.139172e-04 | mean|ΔW_qnorm|=5.929301e-04 | numel=196608
2026-03-15 17:52:20,460 [INFO] 模型已保存: QATcode/quantize_ver2/checkpoints/diffae_step6_lora_best.pth (base=3321 keys, raw=1106 keys, ema=1106 keys)
2026-03-15 17:52:20,462 [INFO]   ✅ 新的最佳模型已保存 (Loss: 0.000481)
2026-03-15 17:52:20,462 [INFO] 
=== Epoch 1 驗證生成 (使用 EMA 模型) ===
2026-03-15 17:52:20,522 [INFO] EMA 權重應用完成，共應用 420 個參數
2026-03-15 17:52:20,522 [INFO] set quant state to True, True for layer 1
2026-03-15 17:52:20,522 [INFO] set quant state to True, True for layer 2
2026-03-15 17:52:20,522 [INFO] set quant state to True, False for layer 3
2026-03-15 17:52:20,523 [INFO] set quant state to True, False for layer 144
2026-03-15 17:52:20,525 [INFO] set quant state to True, True for layer 1
2026-03-15 17:52:20,525 [INFO] set quant state to True, True for layer 2
2026-03-15 17:52:20,525 [INFO] set quant state to True, False for layer 3
2026-03-15 17:52:20,526 [INFO] set quant state to True, False for layer 144
