/home/jimmy/anaconda3/envs/diffae_bw/lib/python3.10/site-packages/lightning_fabric/__init__.py:41: pkg_resources is deprecated as an API. See https://setuptools.pypa.io/en/latest/pkg_resources.html. The pkg_resources package is slated for removal as early as 2025-11-30. Refrain from using this package or pin to Setuptools<81.
使用自動混合精度: torch.bfloat16
2026-02-03 00:52:37 [INFO] [SVD_Feature_Collector] [設定] Log 檔案: QATcode/cache_method/SVD/logs/svd_feature_model_input_blocks_13.log
2026-02-03 00:52:37 [INFO] [SVD_Feature_Collector] [設定] Log 檔案: QATcode/cache_method/SVD/logs/svd_feature_model_input_blocks_13.log
2026-02-03 00:52:37 [INFO] [SVD_Feature_Collector] ================================================================================
2026-02-03 00:52:37 [INFO] [SVD_Feature_Collector] ================================================================================
2026-02-03 00:52:37 [INFO] [SVD_Feature_Collector] SVD Feature 收集開始
2026-02-03 00:52:37 [INFO] [SVD_Feature_Collector] SVD Feature 收集開始
2026-02-03 00:52:37 [INFO] [SVD_Feature_Collector] ================================================================================
2026-02-03 00:52:37 [INFO] [SVD_Feature_Collector] ================================================================================
Seed set to 0
Model params: 174.19 M
loading pretrain ... 130M
step: 1019986
loading latent stats ...
2026-02-03 00:52:39 [INFO] [SVD_Feature_Collector] ✅ Diff-AE 模型載入成功
2026-02-03 00:52:39 [INFO] [SVD_Feature_Collector] ✅ Diff-AE 模型載入成功
2026-02-03 00:52:41 [INFO] [SVD_Feature_Collector] ✅ 量化模型載入成功
2026-02-03 00:52:41 [INFO] [SVD_Feature_Collector] ✅ 量化模型載入成功
local seed: 0
train data: 70001
val data: 70001
2026-02-03 00:52:41 [INFO] [SVD_Feature_Collector] ✅ 基礎模型設定完成
2026-02-03 00:52:41 [INFO] [SVD_Feature_Collector] ✅ 基礎模型設定完成
on train dataloader start ...
mean: tensor(-0.0606, device='cuda:0') std: tensor(0.0755, device='cuda:0')
2026-02-03 00:52:41 [INFO] [SVD_Feature_Collector] ==================================================
2026-02-03 00:52:41 [INFO] [SVD_Feature_Collector] ==================================================
2026-02-03 00:52:41 [INFO] [SVD_Feature_Collector] 啟用 SVD Feature 收集
2026-02-03 00:52:41 [INFO] [SVD_Feature_Collector] 啟用 SVD Feature 收集
2026-02-03 00:52:41 [INFO] [SVD_Feature_Collector] 目標 Block: model.input_blocks.13
2026-02-03 00:52:41 [INFO] [SVD_Feature_Collector] 目標 Block: model.input_blocks.13
2026-02-03 00:52:41 [INFO] [SVD_Feature_Collector] Target N: 32
2026-02-03 00:52:41 [INFO] [SVD_Feature_Collector] Target N: 32
2026-02-03 00:52:41 [INFO] [SVD_Feature_Collector] 擴散步數: 100
2026-02-03 00:52:41 [INFO] [SVD_Feature_Collector] 擴散步數: 100
2026-02-03 00:52:41 [INFO] [SVD_Feature_Collector] ==================================================
2026-02-03 00:52:41 [INFO] [SVD_Feature_Collector] ==================================================
2026-02-03 00:52:41 [INFO] [SVD_Feature_Collector] [SVD] 初始化 SvdFeatureCollector: block=model.input_blocks.13, target_N=32, T=100
2026-02-03 00:52:41 [INFO] [SVD_Feature_Collector] [SVD] 初始化 SvdFeatureCollector: block=model.input_blocks.13, target_N=32, T=100
2026-02-03 00:52:41 [INFO] [SVD_Feature_Collector] [SVD] 註冊 block hook: model.input_blocks.13
2026-02-03 00:52:41 [INFO] [SVD_Feature_Collector] [SVD] 註冊 block hook: model.input_blocks.13
2026-02-03 00:52:41 [INFO] [SVD_Feature_Collector] [SVD] 註冊 model step hook 完成
2026-02-03 00:52:41 [INFO] [SVD_Feature_Collector] [SVD] 註冊 model step hook 完成
2026-02-03 00:52:41 [INFO] [SVD_Feature_Collector] [SVD] eval_num_images 設為 32（1 batches）
2026-02-03 00:52:41 [INFO] [SVD_Feature_Collector] [SVD] eval_num_images 設為 32（1 batches）
2026-02-03 00:52:41 [INFO] [SVD_Feature_Collector] [SVD] 開始生成與收集...
2026-02-03 00:52:41 [INFO] [SVD_Feature_Collector] [SVD] 開始生成與收集...
generating images:   0%|          | 0/1 [00:00<?, ?it/s]/home/jimmy/diffae/diffusion/base.py:329: FutureWarning: `torch.cuda.amp.autocast(args...)` is deprecated. Please use `torch.amp.autocast('cuda', args...)` instead.
  with autocast(self.conf.fp16):
2026-02-03 00:52:41 [INFO] [SVD_Feature_Collector] [SVD] Feature shape: C=512, H=8, W=8
2026-02-03 00:52:41 [INFO] [SVD_Feature_Collector] [SVD] Feature shape: C=512, H=8, W=8
generating images: 100%|██████████| 1/1 [00:15<00:00, 15.90s/it]generating images: 100%|██████████| 1/1 [00:15<00:00, 15.90s/it]
2026-02-03 00:52:57 [INFO] [SVD_Feature_Collector] [SVD] FID@32 100 steps score: 0
2026-02-03 00:52:57 [INFO] [SVD_Feature_Collector] [SVD] FID@32 100 steps score: 0
2026-02-03 00:52:57 [INFO] [SVD_Feature_Collector] [SVD] Hook 已移除
2026-02-03 00:52:57 [INFO] [SVD_Feature_Collector] [SVD] Hook 已移除
2026-02-03 00:52:57 [INFO] [SVD_Feature_Collector] [SVD] 開始 finalize，目標目錄: QATcode/cache_method/SVD/svd_features/model_input_blocks_13
2026-02-03 00:52:57 [INFO] [SVD_Feature_Collector] [SVD] 開始 finalize，目標目錄: QATcode/cache_method/SVD/svd_features/model_input_blocks_13
Writing features:   0%|          | 0/100 [00:00<?, ?it/s]Writing features:  82%|████████▏ | 82/100 [00:00<00:00, 819.91it/s]Writing features: 100%|██████████| 100/100 [00:00<00:00, 837.97it/s]
2026-02-03 00:52:57 [INFO] [SVD_Feature_Collector] [SVD] Finalize 完成：N=32, T=100, C=512, H=8, W=8
2026-02-03 00:52:57 [INFO] [SVD_Feature_Collector] [SVD] Finalize 完成：N=32, T=100, C=512, H=8, W=8
2026-02-03 00:52:57 [INFO] [SVD_Feature_Collector] [SVD] 輸出目錄: QATcode/cache_method/SVD/svd_features/model_input_blocks_13
2026-02-03 00:52:57 [INFO] [SVD_Feature_Collector] [SVD] 輸出目錄: QATcode/cache_method/SVD/svd_features/model_input_blocks_13
2026-02-03 00:52:57 [INFO] [SVD_Feature_Collector] ✅ SVD Feature 收集完成
2026-02-03 00:52:57 [INFO] [SVD_Feature_Collector] ✅ SVD Feature 收集完成
/home/jimmy/anaconda3/envs/diffae_bw/lib/python3.10/site-packages/lightning_fabric/__init__.py:41: pkg_resources is deprecated as an API. See https://setuptools.pypa.io/en/latest/pkg_resources.html. The pkg_resources package is slated for removal as early as 2025-11-30. Refrain from using this package or pin to Setuptools<81.
使用自動混合精度: torch.bfloat16
2026-02-03 10:56:05 [INFO] [SVD_Feature_Collector] [設定] Log 檔案: QATcode/cache_method/SVD/logs/svd_feature_model_input_blocks_13.log
2026-02-03 10:56:05 [INFO] [SVD_Feature_Collector] [設定] Log 檔案: QATcode/cache_method/SVD/logs/svd_feature_model_input_blocks_13.log
2026-02-03 10:56:05 [INFO] [SVD_Feature_Collector] ================================================================================
2026-02-03 10:56:05 [INFO] [SVD_Feature_Collector] ================================================================================
2026-02-03 10:56:05 [INFO] [SVD_Feature_Collector] SVD Feature 收集開始
2026-02-03 10:56:05 [INFO] [SVD_Feature_Collector] SVD Feature 收集開始
2026-02-03 10:56:05 [INFO] [SVD_Feature_Collector] ================================================================================
2026-02-03 10:56:05 [INFO] [SVD_Feature_Collector] ================================================================================
Seed set to 0
Model params: 174.19 M
loading pretrain ... 130M
step: 1019986
loading latent stats ...
2026-02-03 10:56:07 [INFO] [SVD_Feature_Collector] ✅ Diff-AE 模型載入成功
2026-02-03 10:56:07 [INFO] [SVD_Feature_Collector] ✅ Diff-AE 模型載入成功
2026-02-03 10:56:09 [INFO] [SVD_Feature_Collector] ✅ 量化模型載入成功
2026-02-03 10:56:09 [INFO] [SVD_Feature_Collector] ✅ 量化模型載入成功
local seed: 0
train data: 70001
val data: 70001
2026-02-03 10:56:09 [INFO] [SVD_Feature_Collector] ✅ 基礎模型設定完成
2026-02-03 10:56:09 [INFO] [SVD_Feature_Collector] ✅ 基礎模型設定完成
on train dataloader start ...
mean: tensor(-0.0606, device='cuda:0') std: tensor(0.0755, device='cuda:0')
2026-02-03 10:56:09 [INFO] [SVD_Feature_Collector] ==================================================
2026-02-03 10:56:09 [INFO] [SVD_Feature_Collector] ==================================================
2026-02-03 10:56:09 [INFO] [SVD_Feature_Collector] 啟用 SVD Feature 收集
2026-02-03 10:56:09 [INFO] [SVD_Feature_Collector] 啟用 SVD Feature 收集
2026-02-03 10:56:09 [INFO] [SVD_Feature_Collector] 目標 Block: model.input_blocks.13
2026-02-03 10:56:09 [INFO] [SVD_Feature_Collector] 目標 Block: model.input_blocks.13
2026-02-03 10:56:09 [INFO] [SVD_Feature_Collector] Target N: 32
2026-02-03 10:56:09 [INFO] [SVD_Feature_Collector] Target N: 32
2026-02-03 10:56:09 [INFO] [SVD_Feature_Collector] 擴散步數: 100
2026-02-03 10:56:09 [INFO] [SVD_Feature_Collector] 擴散步數: 100
2026-02-03 10:56:09 [INFO] [SVD_Feature_Collector] ==================================================
2026-02-03 10:56:09 [INFO] [SVD_Feature_Collector] ==================================================
2026-02-03 10:56:09 [INFO] [SVD_Feature_Collector] [SVD] 初始化 SvdFeatureCollector: block=model.input_blocks.13, target_N=32, T=100
2026-02-03 10:56:09 [INFO] [SVD_Feature_Collector] [SVD] 初始化 SvdFeatureCollector: block=model.input_blocks.13, target_N=32, T=100
2026-02-03 10:56:09 [INFO] [SVD_Feature_Collector] [SVD] 註冊 block hook: model.input_blocks.13
2026-02-03 10:56:09 [INFO] [SVD_Feature_Collector] [SVD] 註冊 block hook: model.input_blocks.13
2026-02-03 10:56:09 [INFO] [SVD_Feature_Collector] [SVD] 註冊 model step hook 完成
2026-02-03 10:56:09 [INFO] [SVD_Feature_Collector] [SVD] 註冊 model step hook 完成
2026-02-03 10:56:09 [INFO] [SVD_Feature_Collector] [SVD] eval_num_images 設為 32（1 batches）
2026-02-03 10:56:09 [INFO] [SVD_Feature_Collector] [SVD] eval_num_images 設為 32（1 batches）
2026-02-03 10:56:09 [INFO] [SVD_Feature_Collector] [SVD] 開始生成與收集...
2026-02-03 10:56:09 [INFO] [SVD_Feature_Collector] [SVD] 開始生成與收集...
generating images:   0%|          | 0/1 [00:00<?, ?it/s]/home/jimmy/diffae/diffusion/base.py:329: FutureWarning: `torch.cuda.amp.autocast(args...)` is deprecated. Please use `torch.amp.autocast('cuda', args...)` instead.
  with autocast(self.conf.fp16):
2026-02-03 10:56:09 [INFO] [SVD_Feature_Collector] [SVD] Feature shape: C=512, H=8, W=8
2026-02-03 10:56:09 [INFO] [SVD_Feature_Collector] [SVD] Feature shape: C=512, H=8, W=8
generating images: 100%|██████████| 1/1 [00:15<00:00, 15.89s/it]generating images: 100%|██████████| 1/1 [00:15<00:00, 15.89s/it]
2026-02-03 10:56:25 [INFO] [SVD_Feature_Collector] [SVD] FID@32 100 steps score: 0
2026-02-03 10:56:25 [INFO] [SVD_Feature_Collector] [SVD] FID@32 100 steps score: 0
2026-02-03 10:56:25 [INFO] [SVD_Feature_Collector] [SVD] Hook 已移除
2026-02-03 10:56:25 [INFO] [SVD_Feature_Collector] [SVD] Hook 已移除
2026-02-03 10:56:25 [INFO] [SVD_Feature_Collector] [SVD] 開始 finalize，目標目錄: QATcode/cache_method/SVD/svd_features/model_input_blocks_13
2026-02-03 10:56:25 [INFO] [SVD_Feature_Collector] [SVD] 開始 finalize，目標目錄: QATcode/cache_method/SVD/svd_features/model_input_blocks_13
Writing features:   0%|          | 0/100 [00:00<?, ?it/s]Writing features:  86%|████████▌ | 86/100 [00:00<00:00, 852.04it/s]Writing features: 100%|██████████| 100/100 [00:00<00:00, 864.39it/s]
2026-02-03 10:56:25 [INFO] [SVD_Feature_Collector] [SVD] Finalize 完成：N=32, T=100, C=512, H=8, W=8
2026-02-03 10:56:25 [INFO] [SVD_Feature_Collector] [SVD] Finalize 完成：N=32, T=100, C=512, H=8, W=8
2026-02-03 10:56:25 [INFO] [SVD_Feature_Collector] [SVD] 輸出目錄: QATcode/cache_method/SVD/svd_features/model_input_blocks_13
2026-02-03 10:56:25 [INFO] [SVD_Feature_Collector] [SVD] 輸出目錄: QATcode/cache_method/SVD/svd_features/model_input_blocks_13
2026-02-03 10:56:25 [INFO] [SVD_Feature_Collector] ✅ SVD Feature 收集完成
2026-02-03 10:56:25 [INFO] [SVD_Feature_Collector] ✅ SVD Feature 收集完成
/home/jimmy/anaconda3/envs/diffae_bw/lib/python3.10/site-packages/lightning_fabric/__init__.py:41: pkg_resources is deprecated as an API. See https://setuptools.pypa.io/en/latest/pkg_resources.html. The pkg_resources package is slated for removal as early as 2025-11-30. Refrain from using this package or pin to Setuptools<81.
使用自動混合精度: torch.bfloat16
2026-02-09 11:33:07 [INFO] [SVD_Feature_Collector] [設定] Log 檔案: QATcode/cache_method/SVD/logs/svd_feature_model_input_blocks_13.log
2026-02-09 11:33:07 [INFO] [SVD_Feature_Collector] [設定] Log 檔案: QATcode/cache_method/SVD/logs/svd_feature_model_input_blocks_13.log
2026-02-09 11:33:07 [INFO] [SVD_Feature_Collector] ================================================================================
2026-02-09 11:33:07 [INFO] [SVD_Feature_Collector] ================================================================================
2026-02-09 11:33:07 [INFO] [SVD_Feature_Collector] SVD Feature 收集開始
2026-02-09 11:33:07 [INFO] [SVD_Feature_Collector] SVD Feature 收集開始
2026-02-09 11:33:07 [INFO] [SVD_Feature_Collector] ================================================================================
2026-02-09 11:33:07 [INFO] [SVD_Feature_Collector] ================================================================================
Seed set to 0
Model params: 174.19 M
loading pretrain ... 130M
step: 1019986
loading latent stats ...
2026-02-09 11:33:08 [INFO] [SVD_Feature_Collector] ✅ Diff-AE 模型載入成功
2026-02-09 11:33:08 [INFO] [SVD_Feature_Collector] ✅ Diff-AE 模型載入成功
2026-02-09 11:33:10 [INFO] [SVD_Feature_Collector] ✅ 量化模型載入成功
2026-02-09 11:33:10 [INFO] [SVD_Feature_Collector] ✅ 量化模型載入成功
local seed: 0
train data: 70001
val data: 70001
2026-02-09 11:33:10 [INFO] [SVD_Feature_Collector] ✅ 基礎模型設定完成
2026-02-09 11:33:10 [INFO] [SVD_Feature_Collector] ✅ 基礎模型設定完成
on train dataloader start ...
mean: tensor(-0.0606, device='cuda:0') std: tensor(0.0755, device='cuda:0')
2026-02-09 11:33:10 [INFO] [SVD_Feature_Collector] ==================================================
2026-02-09 11:33:10 [INFO] [SVD_Feature_Collector] ==================================================
2026-02-09 11:33:10 [INFO] [SVD_Feature_Collector] 啟用 SVD Feature 收集
2026-02-09 11:33:10 [INFO] [SVD_Feature_Collector] 啟用 SVD Feature 收集
2026-02-09 11:33:10 [INFO] [SVD_Feature_Collector] 目標 Block: model.input_blocks.13
2026-02-09 11:33:10 [INFO] [SVD_Feature_Collector] 目標 Block: model.input_blocks.13
2026-02-09 11:33:10 [INFO] [SVD_Feature_Collector] Target N: 32
2026-02-09 11:33:10 [INFO] [SVD_Feature_Collector] Target N: 32
2026-02-09 11:33:10 [INFO] [SVD_Feature_Collector] 擴散步數: 100
2026-02-09 11:33:10 [INFO] [SVD_Feature_Collector] 擴散步數: 100
2026-02-09 11:33:10 [INFO] [SVD_Feature_Collector] ==================================================
2026-02-09 11:33:10 [INFO] [SVD_Feature_Collector] ==================================================
2026-02-09 11:33:10 [INFO] [SVD_Feature_Collector] [SVD] 初始化 SvdFeatureCollector: block=model.input_blocks.13, target_N=32, T=100
2026-02-09 11:33:10 [INFO] [SVD_Feature_Collector] [SVD] 初始化 SvdFeatureCollector: block=model.input_blocks.13, target_N=32, T=100
2026-02-09 11:33:10 [INFO] [SVD_Feature_Collector] [SVD] 註冊 block hook: model.input_blocks.13
2026-02-09 11:33:10 [INFO] [SVD_Feature_Collector] [SVD] 註冊 block hook: model.input_blocks.13
2026-02-09 11:33:10 [INFO] [SVD_Feature_Collector] [SVD] 註冊 model step hook 完成
2026-02-09 11:33:10 [INFO] [SVD_Feature_Collector] [SVD] 註冊 model step hook 完成
2026-02-09 11:33:10 [INFO] [SVD_Feature_Collector] [SVD] eval_num_images 設為 32（1 batches）
2026-02-09 11:33:10 [INFO] [SVD_Feature_Collector] [SVD] eval_num_images 設為 32（1 batches）
2026-02-09 11:33:10 [INFO] [SVD_Feature_Collector] [SVD] 開始生成與收集...
2026-02-09 11:33:10 [INFO] [SVD_Feature_Collector] [SVD] 開始生成與收集...
generating images:   0%|          | 0/1 [00:00<?, ?it/s]/home/jimmy/diffae/diffusion/base.py:329: FutureWarning: `torch.cuda.amp.autocast(args...)` is deprecated. Please use `torch.amp.autocast('cuda', args...)` instead.
  with autocast(self.conf.fp16):
2026-02-09 11:33:10 [INFO] [SVD_Feature_Collector] [SVD] Feature shape: C=512, H=8, W=8
2026-02-09 11:33:10 [INFO] [SVD_Feature_Collector] [SVD] Feature shape: C=512, H=8, W=8
generating images: 100%|██████████| 1/1 [00:15<00:00, 15.88s/it]generating images: 100%|██████████| 1/1 [00:15<00:00, 15.88s/it]
2026-02-09 11:33:26 [INFO] [SVD_Feature_Collector] [SVD] FID@32 100 steps score: 0
2026-02-09 11:33:26 [INFO] [SVD_Feature_Collector] [SVD] FID@32 100 steps score: 0
2026-02-09 11:33:26 [INFO] [SVD_Feature_Collector] [SVD] Hook 已移除
2026-02-09 11:33:26 [INFO] [SVD_Feature_Collector] [SVD] Hook 已移除
2026-02-09 11:33:26 [INFO] [SVD_Feature_Collector] [SVD] 開始 finalize，目標目錄: QATcode/cache_method/SVD/svd_features/model_input_blocks_13
2026-02-09 11:33:26 [INFO] [SVD_Feature_Collector] [SVD] 開始 finalize，目標目錄: QATcode/cache_method/SVD/svd_features/model_input_blocks_13
Writing features:   0%|          | 0/100 [00:00<?, ?it/s]Writing features:  60%|██████    | 60/100 [00:00<00:00, 598.23it/s]Writing features: 100%|██████████| 100/100 [00:00<00:00, 695.88it/s]
2026-02-09 11:33:26 [INFO] [SVD_Feature_Collector] [SVD] Finalize 完成：N=32, T=100, C=512, H=8, W=8
2026-02-09 11:33:26 [INFO] [SVD_Feature_Collector] [SVD] Finalize 完成：N=32, T=100, C=512, H=8, W=8
2026-02-09 11:33:26 [INFO] [SVD_Feature_Collector] [SVD] 輸出目錄: QATcode/cache_method/SVD/svd_features/model_input_blocks_13
2026-02-09 11:33:26 [INFO] [SVD_Feature_Collector] [SVD] 輸出目錄: QATcode/cache_method/SVD/svd_features/model_input_blocks_13
2026-02-09 11:33:26 [INFO] [SVD_Feature_Collector] ✅ SVD Feature 收集完成
2026-02-09 11:33:26 [INFO] [SVD_Feature_Collector] ✅ SVD Feature 收集完成
2026-03-20 20:19:00 [INFO] [SVD_Feature_Collector] [設定] Log 檔案: QATcode/cache_method/SVD/logs/svd_feature_model_input_blocks_13.log
2026-03-20 20:19:00 [INFO] [SVD_Feature_Collector] ================================================================================
2026-03-20 20:19:00 [INFO] [SVD_Feature_Collector] SVD Feature 收集開始
2026-03-20 20:19:00 [INFO] [SVD_Feature_Collector] ================================================================================
2026-03-20 20:19:02 [INFO] [SVD_Feature_Collector] ✅ Diff-AE 模型載入成功
2026-03-20 20:19:03 [INFO] [SVD_Feature_Collector] ✅ 量化模型載入成功
2026-03-20 20:19:03 [INFO] [SVD_Feature_Collector] ✅ 基礎模型設定完成
2026-03-20 20:19:03 [INFO] [SVD_Feature_Collector] ==================================================
2026-03-20 20:19:03 [INFO] [SVD_Feature_Collector] 啟用 SVD Feature 收集
2026-03-20 20:19:03 [INFO] [SVD_Feature_Collector] 目標 Block: model.input_blocks.13
2026-03-20 20:19:03 [INFO] [SVD_Feature_Collector] Target N: 32
2026-03-20 20:19:03 [INFO] [SVD_Feature_Collector] 擴散步數: 100
2026-03-20 20:19:03 [INFO] [SVD_Feature_Collector] ==================================================
2026-03-20 20:19:03 [INFO] [SVD_Feature_Collector] [SVD] 初始化 SvdFeatureCollector: block=model.input_blocks.13, target_N=32, T=100
2026-03-20 20:19:03 [INFO] [SVD_Feature_Collector] [SVD] 註冊 block hook: model.input_blocks.13
2026-03-20 20:19:03 [INFO] [SVD_Feature_Collector] [SVD] 註冊 model step hook 完成
2026-03-20 20:19:03 [INFO] [SVD_Feature_Collector] [SVD] eval_num_images 設為 32（1 batches）
2026-03-20 20:19:03 [INFO] [SVD_Feature_Collector] [SVD] 開始生成與收集...
2026-03-20 20:19:04 [INFO] [SVD_Feature_Collector] [SVD] Feature shape: C=512, H=8, W=8
2026-03-20 20:19:19 [INFO] [SVD_Feature_Collector] [SVD] FID@32 100 steps score: 0
2026-03-20 20:19:19 [INFO] [SVD_Feature_Collector] [SVD] Hook 已移除
2026-03-20 20:19:19 [INFO] [SVD_Feature_Collector] [SVD] 啟用 in-memory pipeline：略過 t_{t}.pt 寫檔，直接計算 B/C
2026-03-20 20:19:20 [INFO] [SVD_Feature_Collector] [SVD] 階段 B 完成（in-memory）
2026-03-20 20:19:21 [INFO] [SVD_Feature_Collector] [SVD] 階段 C 完成（in-memory）
