2026-03-20 20:24:44 [INFO] [SVD_Feature_Collector] [設定] Log 檔案: QATcode/cache_method/SVD/logs/svd_feature_model_output_blocks_11.log
2026-03-20 20:24:44 [INFO] [SVD_Feature_Collector] ================================================================================
2026-03-20 20:24:44 [INFO] [SVD_Feature_Collector] SVD Feature 收集開始
2026-03-20 20:24:44 [INFO] [SVD_Feature_Collector] ================================================================================
2026-03-20 20:24:46 [INFO] [SVD_Feature_Collector] ✅ Diff-AE 模型載入成功
2026-03-20 20:24:48 [INFO] [SVD_Feature_Collector] ✅ 量化模型載入成功
2026-03-20 20:24:48 [INFO] [SVD_Feature_Collector] ✅ 基礎模型設定完成
2026-03-20 20:24:48 [INFO] [SVD_Feature_Collector] ==================================================
2026-03-20 20:24:48 [INFO] [SVD_Feature_Collector] 啟用 SVD Feature 收集
2026-03-20 20:24:48 [INFO] [SVD_Feature_Collector] 目標 Block: model.output_blocks.11
2026-03-20 20:24:48 [INFO] [SVD_Feature_Collector] Target N: 16
2026-03-20 20:24:48 [INFO] [SVD_Feature_Collector] 擴散步數: 100
2026-03-20 20:24:48 [INFO] [SVD_Feature_Collector] ==================================================
2026-03-20 20:24:48 [INFO] [SVD_Feature_Collector] [SVD] 初始化 SvdFeatureCollector: block=model.output_blocks.11, target_N=16, T=100
2026-03-20 20:24:48 [INFO] [SVD_Feature_Collector] [SVD] 註冊 block hook: model.output_blocks.11
2026-03-20 20:24:48 [INFO] [SVD_Feature_Collector] [SVD] 註冊 model step hook 完成
2026-03-20 20:24:48 [INFO] [SVD_Feature_Collector] [SVD] eval_num_images 設為 32（1 batches）
2026-03-20 20:24:48 [INFO] [SVD_Feature_Collector] [SVD] 開始生成與收集...
2026-03-20 20:24:48 [INFO] [SVD_Feature_Collector] [SVD] Feature shape: C=128, H=128, W=128
2026-03-20 20:25:09 [INFO] [SVD_Feature_Collector] [SVD] FID@32 100 steps score: 0
2026-03-20 20:25:09 [INFO] [SVD_Feature_Collector] [SVD] Hook 已移除
2026-03-20 20:25:09 [INFO] [SVD_Feature_Collector] [SVD] 啟用 in-memory pipeline：略過 t_{t}.pt 寫檔，直接計算 B/C
2026-03-20 20:38:25 [INFO] [SVD_Feature_Collector] [設定] Log 檔案: QATcode/cache_method/SVD/logs/svd_feature_model_output_blocks_11.log
2026-03-20 20:38:25 [INFO] [SVD_Feature_Collector] ================================================================================
2026-03-20 20:38:25 [INFO] [SVD_Feature_Collector] SVD Feature 收集開始
2026-03-20 20:38:25 [INFO] [SVD_Feature_Collector] ================================================================================
2026-03-20 20:38:30 [INFO] [SVD_Feature_Collector] ✅ Diff-AE 模型載入成功
2026-03-20 20:38:34 [INFO] [SVD_Feature_Collector] ✅ 量化模型載入成功
2026-03-20 20:38:34 [INFO] [SVD_Feature_Collector] ✅ 基礎模型設定完成
2026-03-20 20:38:34 [INFO] [SVD_Feature_Collector] ==================================================
2026-03-20 20:38:34 [INFO] [SVD_Feature_Collector] 啟用 SVD Feature 收集
2026-03-20 20:38:34 [INFO] [SVD_Feature_Collector] 目標 Block: model.output_blocks.11
2026-03-20 20:38:34 [INFO] [SVD_Feature_Collector] Target N: 16
2026-03-20 20:38:34 [INFO] [SVD_Feature_Collector] 擴散步數: 100
2026-03-20 20:38:34 [INFO] [SVD_Feature_Collector] ==================================================
2026-03-20 20:38:34 [INFO] [SVD_Feature_Collector] [SVD] 初始化 SvdFeatureCollector: block=model.output_blocks.11, target_N=16, T=100
2026-03-20 20:38:34 [INFO] [SVD_Feature_Collector] [SVD] 註冊 block hook: model.output_blocks.11
2026-03-20 20:38:34 [INFO] [SVD_Feature_Collector] [SVD] 註冊 model step hook 完成
2026-03-20 20:38:34 [INFO] [SVD_Feature_Collector] [SVD] eval_num_images 設為 32（1 batches）
2026-03-20 20:38:34 [INFO] [SVD_Feature_Collector] [SVD] 開始生成與收集...
2026-03-20 20:38:35 [INFO] [SVD_Feature_Collector] [SVD] Feature shape: C=128, H=128, W=128
2026-03-20 20:38:55 [INFO] [SVD_Feature_Collector] [SVD] FID@32 100 steps score: 0
2026-03-20 20:38:55 [INFO] [SVD_Feature_Collector] [SVD] Hook 已移除
2026-03-20 20:38:55 [INFO] [SVD_Feature_Collector] [SVD] 啟用 in-memory pipeline：略過 t_{t}.pt 寫檔，直接計算 B/C
2026-03-20 20:40:23 [INFO] [SVD_Feature_Collector] [設定] Log 檔案: QATcode/cache_method/SVD/logs/svd_feature_model_output_blocks_11.log
2026-03-20 20:40:23 [INFO] [SVD_Feature_Collector] ================================================================================
2026-03-20 20:40:23 [INFO] [SVD_Feature_Collector] SVD Feature 收集開始
2026-03-20 20:40:23 [INFO] [SVD_Feature_Collector] ================================================================================
2026-03-20 20:40:28 [INFO] [SVD_Feature_Collector] ✅ Diff-AE 模型載入成功
2026-03-20 20:40:32 [INFO] [SVD_Feature_Collector] ✅ 量化模型載入成功
2026-03-20 20:40:33 [INFO] [SVD_Feature_Collector] ✅ 基礎模型設定完成
2026-03-20 20:40:33 [INFO] [SVD_Feature_Collector] ==================================================
2026-03-20 20:40:33 [INFO] [SVD_Feature_Collector] 啟用 SVD Feature 收集
2026-03-20 20:40:33 [INFO] [SVD_Feature_Collector] 目標 Block: model.output_blocks.11
2026-03-20 20:40:33 [INFO] [SVD_Feature_Collector] Target N: 8
2026-03-20 20:40:33 [INFO] [SVD_Feature_Collector] 擴散步數: 100
2026-03-20 20:40:33 [INFO] [SVD_Feature_Collector] ==================================================
2026-03-20 20:40:33 [INFO] [SVD_Feature_Collector] [SVD] 初始化 SvdFeatureCollector: block=model.output_blocks.11, target_N=8, T=100
2026-03-20 20:40:33 [INFO] [SVD_Feature_Collector] [SVD] 註冊 block hook: model.output_blocks.11
2026-03-20 20:40:33 [INFO] [SVD_Feature_Collector] [SVD] 註冊 model step hook 完成
2026-03-20 20:40:33 [INFO] [SVD_Feature_Collector] [SVD] eval_num_images 設為 32（1 batches）
2026-03-20 20:40:33 [INFO] [SVD_Feature_Collector] [SVD] 開始生成與收集...
2026-03-20 20:40:33 [INFO] [SVD_Feature_Collector] [SVD] Feature shape: C=128, H=128, W=128
2026-03-20 20:40:54 [INFO] [SVD_Feature_Collector] [SVD] FID@32 100 steps score: 0
2026-03-20 20:40:54 [INFO] [SVD_Feature_Collector] [SVD] Hook 已移除
2026-03-20 20:40:54 [INFO] [SVD_Feature_Collector] [SVD] 啟用 in-memory pipeline：略過 t_{t}.pt 寫檔，直接計算 B/C
2026-03-20 20:41:03 [INFO] [SVD_Feature_Collector] [設定] Log 檔案: QATcode/cache_method/SVD/logs/svd_feature_model_output_blocks_11.log
2026-03-20 20:41:03 [INFO] [SVD_Feature_Collector] ================================================================================
2026-03-20 20:41:03 [INFO] [SVD_Feature_Collector] SVD Feature 收集開始
2026-03-20 20:41:03 [INFO] [SVD_Feature_Collector] ================================================================================
2026-03-20 20:41:08 [INFO] [SVD_Feature_Collector] ✅ Diff-AE 模型載入成功
2026-03-20 20:41:12 [INFO] [SVD_Feature_Collector] ✅ 量化模型載入成功
2026-03-20 20:41:12 [INFO] [SVD_Feature_Collector] ✅ 基礎模型設定完成
2026-03-20 20:41:12 [INFO] [SVD_Feature_Collector] ==================================================
2026-03-20 20:41:12 [INFO] [SVD_Feature_Collector] 啟用 SVD Feature 收集
2026-03-20 20:41:12 [INFO] [SVD_Feature_Collector] 目標 Block: model.output_blocks.11
2026-03-20 20:41:12 [INFO] [SVD_Feature_Collector] Target N: 6
2026-03-20 20:41:12 [INFO] [SVD_Feature_Collector] 擴散步數: 100
2026-03-20 20:41:12 [INFO] [SVD_Feature_Collector] ==================================================
2026-03-20 20:41:12 [INFO] [SVD_Feature_Collector] [SVD] 初始化 SvdFeatureCollector: block=model.output_blocks.11, target_N=6, T=100
2026-03-20 20:41:12 [INFO] [SVD_Feature_Collector] [SVD] 註冊 block hook: model.output_blocks.11
2026-03-20 20:41:12 [INFO] [SVD_Feature_Collector] [SVD] 註冊 model step hook 完成
2026-03-20 20:41:12 [INFO] [SVD_Feature_Collector] [SVD] eval_num_images 設為 32（1 batches）
2026-03-20 20:41:12 [INFO] [SVD_Feature_Collector] [SVD] 開始生成與收集...
2026-03-20 20:41:13 [INFO] [SVD_Feature_Collector] [SVD] Feature shape: C=128, H=128, W=128
2026-03-20 20:41:33 [INFO] [SVD_Feature_Collector] [SVD] FID@32 100 steps score: 0
2026-03-20 20:41:33 [INFO] [SVD_Feature_Collector] [SVD] Hook 已移除
2026-03-20 20:41:33 [INFO] [SVD_Feature_Collector] [SVD] 啟用 in-memory pipeline：略過 t_{t}.pt 寫檔，直接計算 B/C
2026-03-20 20:42:57 [INFO] [SVD_Feature_Collector] [設定] Log 檔案: QATcode/cache_method/SVD/logs/svd_feature_model_output_blocks_11.log
2026-03-20 20:42:57 [INFO] [SVD_Feature_Collector] ================================================================================
2026-03-20 20:42:57 [INFO] [SVD_Feature_Collector] SVD Feature 收集開始
2026-03-20 20:42:57 [INFO] [SVD_Feature_Collector] ================================================================================
2026-03-20 20:43:02 [INFO] [SVD_Feature_Collector] ✅ Diff-AE 模型載入成功
2026-03-20 20:43:06 [INFO] [SVD_Feature_Collector] ✅ 量化模型載入成功
2026-03-20 20:43:06 [INFO] [SVD_Feature_Collector] ✅ 基礎模型設定完成
2026-03-20 20:43:06 [INFO] [SVD_Feature_Collector] ==================================================
2026-03-20 20:43:06 [INFO] [SVD_Feature_Collector] 啟用 SVD Feature 收集
2026-03-20 20:43:06 [INFO] [SVD_Feature_Collector] 目標 Block: model.output_blocks.11
2026-03-20 20:43:06 [INFO] [SVD_Feature_Collector] Target N: 4
2026-03-20 20:43:06 [INFO] [SVD_Feature_Collector] 擴散步數: 100
2026-03-20 20:43:06 [INFO] [SVD_Feature_Collector] ==================================================
2026-03-20 20:43:06 [INFO] [SVD_Feature_Collector] [SVD] 初始化 SvdFeatureCollector: block=model.output_blocks.11, target_N=4, T=100
2026-03-20 20:43:06 [INFO] [SVD_Feature_Collector] [SVD] 註冊 block hook: model.output_blocks.11
2026-03-20 20:43:06 [INFO] [SVD_Feature_Collector] [SVD] 註冊 model step hook 完成
2026-03-20 20:43:06 [INFO] [SVD_Feature_Collector] [SVD] eval_num_images 設為 32（1 batches）
2026-03-20 20:43:06 [INFO] [SVD_Feature_Collector] [SVD] 開始生成與收集...
2026-03-20 20:43:06 [INFO] [SVD_Feature_Collector] [SVD] Feature shape: C=128, H=128, W=128
2026-03-20 20:43:27 [INFO] [SVD_Feature_Collector] [SVD] FID@32 100 steps score: 0
2026-03-20 20:43:27 [INFO] [SVD_Feature_Collector] [SVD] Hook 已移除
2026-03-20 20:43:27 [INFO] [SVD_Feature_Collector] [SVD] 啟用 in-memory pipeline：略過 t_{t}.pt 寫檔，直接計算 B/C
2026-03-20 20:47:20 [INFO] [SVD_Feature_Collector] [設定] Log 檔案: QATcode/cache_method/SVD/logs/svd_feature_model_output_blocks_11.log
2026-03-20 20:47:20 [INFO] [SVD_Feature_Collector] ================================================================================
2026-03-20 20:47:20 [INFO] [SVD_Feature_Collector] SVD Feature 收集開始
2026-03-20 20:47:20 [INFO] [SVD_Feature_Collector] ================================================================================
2026-03-20 20:47:26 [INFO] [SVD_Feature_Collector] ✅ Diff-AE 模型載入成功
2026-03-20 20:47:30 [INFO] [SVD_Feature_Collector] ✅ 量化模型載入成功
2026-03-20 20:47:30 [INFO] [SVD_Feature_Collector] ✅ 基礎模型設定完成
2026-03-20 20:47:30 [INFO] [SVD_Feature_Collector] ==================================================
2026-03-20 20:47:30 [INFO] [SVD_Feature_Collector] 啟用 SVD Feature 收集
2026-03-20 20:47:30 [INFO] [SVD_Feature_Collector] 目標 Block: model.output_blocks.11
2026-03-20 20:47:30 [INFO] [SVD_Feature_Collector] Target N: 16
2026-03-20 20:47:30 [INFO] [SVD_Feature_Collector] 擴散步數: 100
2026-03-20 20:47:30 [INFO] [SVD_Feature_Collector] ==================================================
2026-03-20 20:47:30 [INFO] [SVD_Feature_Collector] [SVD] 初始化 SvdFeatureCollector: block=model.output_blocks.11, target_N=16, T=100
2026-03-20 20:47:30 [INFO] [SVD_Feature_Collector] [SVD] 註冊 block hook: model.output_blocks.11
2026-03-20 20:47:30 [INFO] [SVD_Feature_Collector] [SVD] 註冊 model step hook 完成
2026-03-20 20:47:30 [INFO] [SVD_Feature_Collector] [SVD] eval_num_images 設為 32（1 batches）
2026-03-20 20:47:30 [INFO] [SVD_Feature_Collector] [SVD] 開始生成與收集...
2026-03-20 20:47:30 [INFO] [SVD_Feature_Collector] [SVD] Feature shape: C=128, H=128, W=128
2026-03-20 20:47:51 [INFO] [SVD_Feature_Collector] [SVD] FID@32 100 steps score: 0
2026-03-20 20:47:51 [INFO] [SVD_Feature_Collector] [SVD] Hook 已移除
2026-03-20 20:47:51 [INFO] [SVD_Feature_Collector] [SVD] 啟用 in-memory pipeline：略過 t_{t}.pt 寫檔，直接計算 B/C
2026-03-20 20:47:58 [INFO] [SVD_Feature_Collector] [SVD] 階段 B 完成（in-memory）
2026-03-20 20:47:58 [INFO] [SVD_Feature_Collector] [SVD] 階段 C 完成（in-memory）
2026-03-20 20:50:17 [INFO] [SVD_Feature_Collector] [設定] Log 檔案: QATcode/cache_method/SVD/logs/svd_feature_model_output_blocks_11.log
2026-03-20 20:50:17 [INFO] [SVD_Feature_Collector] ================================================================================
2026-03-20 20:50:17 [INFO] [SVD_Feature_Collector] SVD Feature 收集開始
2026-03-20 20:50:17 [INFO] [SVD_Feature_Collector] ================================================================================
2026-03-20 20:50:19 [INFO] [SVD_Feature_Collector] ✅ Diff-AE 模型載入成功
2026-03-20 20:50:20 [INFO] [SVD_Feature_Collector] ✅ 量化模型載入成功
2026-03-20 20:50:20 [INFO] [SVD_Feature_Collector] ✅ 基礎模型設定完成
2026-03-20 20:50:20 [INFO] [SVD_Feature_Collector] ==================================================
2026-03-20 20:50:20 [INFO] [SVD_Feature_Collector] 啟用 SVD Feature 收集
2026-03-20 20:50:20 [INFO] [SVD_Feature_Collector] 目標 Block: model.output_blocks.11
2026-03-20 20:50:20 [INFO] [SVD_Feature_Collector] Target N: 64
2026-03-20 20:50:20 [INFO] [SVD_Feature_Collector] 擴散步數: 100
2026-03-20 20:50:20 [INFO] [SVD_Feature_Collector] ==================================================
2026-03-20 20:50:20 [INFO] [SVD_Feature_Collector] [SVD] 初始化 SvdFeatureCollector: block=model.output_blocks.11, target_N=64, T=100
2026-03-20 20:50:20 [INFO] [SVD_Feature_Collector] [SVD] 註冊 block hook: model.output_blocks.11
2026-03-20 20:50:20 [INFO] [SVD_Feature_Collector] [SVD] 註冊 model step hook 完成
2026-03-20 20:50:20 [INFO] [SVD_Feature_Collector] [SVD] eval_num_images 設為 64（2 batches）
2026-03-20 20:50:20 [INFO] [SVD_Feature_Collector] [SVD] 開始生成與收集...
2026-03-20 20:50:21 [INFO] [SVD_Feature_Collector] [SVD] Feature shape: C=128, H=128, W=128
2026-03-20 20:53:16 [INFO] [SVD_Feature_Collector] [設定] Log 檔案: QATcode/cache_method/SVD/logs/svd_feature_model_output_blocks_11.log
2026-03-20 20:53:16 [INFO] [SVD_Feature_Collector] ================================================================================
2026-03-20 20:53:16 [INFO] [SVD_Feature_Collector] SVD Feature 收集開始
2026-03-20 20:53:16 [INFO] [SVD_Feature_Collector] ================================================================================
2026-03-20 20:53:17 [INFO] [SVD_Feature_Collector] ✅ Diff-AE 模型載入成功
2026-03-20 20:53:19 [INFO] [SVD_Feature_Collector] ✅ 量化模型載入成功
2026-03-20 20:53:19 [INFO] [SVD_Feature_Collector] ✅ 基礎模型設定完成
2026-03-20 20:53:19 [INFO] [SVD_Feature_Collector] ==================================================
2026-03-20 20:53:19 [INFO] [SVD_Feature_Collector] 啟用 SVD Feature 收集
2026-03-20 20:53:19 [INFO] [SVD_Feature_Collector] 目標 Block: model.output_blocks.11
2026-03-20 20:53:19 [INFO] [SVD_Feature_Collector] Target N: 32
2026-03-20 20:53:19 [INFO] [SVD_Feature_Collector] 擴散步數: 100
2026-03-20 20:53:19 [INFO] [SVD_Feature_Collector] ==================================================
2026-03-20 20:53:19 [INFO] [SVD_Feature_Collector] [SVD] 初始化 SvdFeatureCollector: block=model.output_blocks.11, target_N=32, T=100
2026-03-20 20:53:19 [INFO] [SVD_Feature_Collector] [SVD] 註冊 block hook: model.output_blocks.11
2026-03-20 20:53:19 [INFO] [SVD_Feature_Collector] [SVD] 註冊 model step hook 完成
2026-03-20 20:53:19 [INFO] [SVD_Feature_Collector] [SVD] eval_num_images 設為 32（1 batches）
2026-03-20 20:53:19 [INFO] [SVD_Feature_Collector] [SVD] 開始生成與收集...
2026-03-20 20:53:20 [INFO] [SVD_Feature_Collector] [SVD] Feature shape: C=128, H=128, W=128
2026-03-20 20:53:40 [INFO] [SVD_Feature_Collector] [SVD] FID@32 100 steps score: 0
2026-03-20 20:53:40 [INFO] [SVD_Feature_Collector] [SVD] Hook 已移除
2026-03-20 20:53:40 [INFO] [SVD_Feature_Collector] [SVD] 啟用 in-memory pipeline：略過 t_{t}.pt 寫檔，直接計算 B/C
2026-03-20 20:53:53 [INFO] [SVD_Feature_Collector] [SVD] 階段 B 完成（in-memory）
2026-03-20 20:53:54 [INFO] [SVD_Feature_Collector] [SVD] 階段 C 完成（in-memory）
