2026-04-02 18:44:42,769 [INFO] Using device: cuda
2026-04-02 18:44:42,769 [INFO] num_steps=100 eval_samples=5000 seed=0
2026-04-02 18:44:42,769 [INFO] quant-state=tt -> weight=True act=True
2026-04-02 18:44:42,769 [INFO] best_ckpt=QATcode/quantize_ver2/checkpoints/diffae_step6_lora_best.pth
2026-04-02 18:44:42,769 [INFO] use_cache_scheduler=True
2026-04-02 18:44:42,769 [INFO] cache_scheduler_json=/home/jimmy/diffae/QATcode/cache_method/Stage2/stage2_output/plan2_k25_sw2/baseline_908030/stage2_refined_scheduler_config.json
2026-04-02 18:44:42,770 [INFO] scheduler meta: T=100 shared_zones=16 blocks=31
2026-04-02 18:44:42,774 [INFO] ==================================================
2026-04-02 18:44:42,774 [INFO] Diff-AE sampling with optional Stage2 scheduler
2026-04-02 18:44:42,774 [INFO] ==================================================
2026-04-02 18:44:42,775 [INFO] 載入 Diff-AE 模型: checkpoints/ffhq128_autoenc_latent/last.ckpt
2026-04-02 18:44:43,565 [INFO] Global seed set to 0
2026-04-02 18:44:46,056 [INFO] Diff-AE 模型載入完成
2026-04-02 18:44:46,146 [INFO] 執行 'load_diffae_model' 完成，耗時: 3.37 秒
2026-04-02 18:44:46,146 [INFO] ✅ Diff-AE 模型載入成功
2026-04-02 18:44:46,146 [INFO] === 創建 LoRA 量化模型 ===
2026-04-02 18:44:46,146 [INFO] === 開始 UNet LoRA 量化改造 ===
2026-04-02 18:44:46,146 [INFO] 改造模組: time_embed
2026-04-02 18:44:46,146 [INFO]   跳過量化特殊模組: 0
2026-04-02 18:44:46,147 [INFO]   跳過量化特殊模組: 2
2026-04-02 18:44:46,147 [INFO] 改造模組: input_blocks
2026-04-02 18:44:46,147 [INFO]   跳過量化特殊模組: 0
2026-04-02 18:44:46,147 [INFO]   替換層 2 -> QuantModule_DiffAE_LoRA
2026-04-02 18:44:46,273 [INFO]   替換層 1 -> QuantModule_DiffAE_LoRA
2026-04-02 18:44:46,278 [INFO]   替換層 1 -> QuantModule_DiffAE_LoRA
2026-04-02 18:44:46,281 [INFO]   替換層 3 -> QuantModule_DiffAE_LoRA
2026-04-02 18:44:46,286 [INFO]   替換層 2 -> QuantModule_DiffAE_LoRA
2026-04-02 18:44:46,290 [INFO]   替換層 1 -> QuantModule_DiffAE_LoRA
2026-04-02 18:44:46,293 [INFO]   替換層 1 -> QuantModule_DiffAE_LoRA
2026-04-02 18:44:46,294 [INFO]   替換層 3 -> QuantModule_DiffAE_LoRA
2026-04-02 18:44:46,297 [INFO]   替換層 2 -> QuantModule_DiffAE_LoRA
2026-04-02 18:44:46,300 [INFO]   替換層 1 -> QuantModule_DiffAE_LoRA
2026-04-02 18:44:46,302 [INFO]   替換層 1 -> QuantModule_DiffAE_LoRA
2026-04-02 18:44:46,304 [INFO]   替換層 3 -> QuantModule_DiffAE_LoRA
2026-04-02 18:44:46,306 [INFO]   替換層 2 -> QuantModule_DiffAE_LoRA
2026-04-02 18:44:46,308 [INFO]   替換層 1 -> QuantModule_DiffAE_LoRA
2026-04-02 18:44:46,310 [INFO]   替換層 1 -> QuantModule_DiffAE_LoRA
2026-04-02 18:44:46,311 [INFO]   替換層 3 -> QuantModule_DiffAE_LoRA
2026-04-02 18:44:46,313 [INFO]   替換層 2 -> QuantModule_DiffAE_LoRA
2026-04-02 18:44:46,316 [INFO]   替換層 1 -> QuantModule_DiffAE_LoRA
2026-04-02 18:44:46,317 [INFO]   替換層 1 -> QuantModule_DiffAE_LoRA
2026-04-02 18:44:46,319 [INFO]   替換層 3 -> QuantModule_DiffAE_LoRA
2026-04-02 18:44:46,321 [INFO]   替換層 2 -> QuantModule_DiffAE_LoRA
2026-04-02 18:44:46,323 [INFO]   替換層 1 -> QuantModule_DiffAE_LoRA
2026-04-02 18:44:46,325 [INFO]   替換層 1 -> QuantModule_DiffAE_LoRA
2026-04-02 18:44:46,326 [INFO]   替換層 3 -> QuantModule_DiffAE_LoRA
2026-04-02 18:44:46,328 [INFO]   替換層 2 -> QuantModule_DiffAE_LoRA
2026-04-02 18:44:46,331 [INFO]   替換層 1 -> QuantModule_DiffAE_LoRA
2026-04-02 18:44:46,334 [INFO]   替換層 1 -> QuantModule_DiffAE_LoRA
2026-04-02 18:44:46,336 [INFO]   替換層 3 -> QuantModule_DiffAE_LoRA
2026-04-02 18:44:46,341 [INFO]   跳過量化 skip connection: skip_connection
2026-04-02 18:44:46,341 [INFO]   替換層 2 -> QuantModule_DiffAE_LoRA
2026-04-02 18:44:46,348 [INFO]   替換層 1 -> QuantModule_DiffAE_LoRA
2026-04-02 18:44:46,351 [INFO]   替換層 1 -> QuantModule_DiffAE_LoRA
2026-04-02 18:44:46,352 [INFO]   替換層 3 -> QuantModule_DiffAE_LoRA
2026-04-02 18:44:46,356 [INFO]   替換層 2 -> QuantModule_DiffAE_LoRA
2026-04-02 18:44:46,360 [INFO]   替換層 1 -> QuantModule_DiffAE_LoRA
2026-04-02 18:44:46,362 [INFO]   替換層 1 -> QuantModule_DiffAE_LoRA
2026-04-02 18:44:46,364 [INFO]   替換層 3 -> QuantModule_DiffAE_LoRA
2026-04-02 18:44:46,368 [INFO]   替換層 2 -> QuantModule_DiffAE_LoRA
2026-04-02 18:44:46,373 [INFO]   替換層 1 -> QuantModule_DiffAE_LoRA
2026-04-02 18:44:46,376 [INFO]   替換層 1 -> QuantModule_DiffAE_LoRA
2026-04-02 18:44:46,378 [INFO]   替換層 3 -> QuantModule_DiffAE_LoRA
2026-04-02 18:44:46,386 [INFO]   跳過量化 skip connection: skip_connection
2026-04-02 18:44:46,386 [INFO]   替換層 2 -> QuantModule_DiffAE_LoRA
2026-04-02 18:44:46,394 [INFO]   替換層 1 -> QuantModule_DiffAE_LoRA
2026-04-02 18:44:46,396 [INFO]   替換層 1 -> QuantModule_DiffAE_LoRA
2026-04-02 18:44:46,398 [INFO]   替換層 3 -> QuantModule_DiffAE_LoRA
2026-04-02 18:44:46,406 [INFO]   替換層 2 -> QuantModule_DiffAE_LoRA
2026-04-02 18:44:46,414 [INFO]   替換層 1 -> QuantModule_DiffAE_LoRA
2026-04-02 18:44:46,417 [INFO]   替換層 1 -> QuantModule_DiffAE_LoRA
2026-04-02 18:44:46,419 [INFO]   替換層 3 -> QuantModule_DiffAE_LoRA
2026-04-02 18:44:46,427 [INFO]   替換層 2 -> QuantModule_DiffAE_LoRA
2026-04-02 18:44:46,437 [INFO]   替換層 1 -> QuantModule_DiffAE_LoRA
2026-04-02 18:44:46,440 [INFO]   替換層 1 -> QuantModule_DiffAE_LoRA
2026-04-02 18:44:46,443 [INFO]   替換層 3 -> QuantModule_DiffAE_LoRA
2026-04-02 18:44:46,455 [INFO]   跳過量化 skip connection: skip_connection
2026-04-02 18:44:46,456 [INFO]   替換層 2 -> QuantModule_DiffAE_LoRA
2026-04-02 18:44:46,468 [INFO]   替換層 1 -> QuantModule_DiffAE_LoRA
2026-04-02 18:44:46,472 [INFO]   替換層 1 -> QuantModule_DiffAE_LoRA
2026-04-02 18:44:46,474 [INFO]   替換層 3 -> QuantModule_DiffAE_LoRA
2026-04-02 18:44:46,487 [INFO] 改造模組: middle_block
2026-04-02 18:44:46,487 [INFO]   替換層 2 -> QuantModule_DiffAE_LoRA
2026-04-02 18:44:46,501 [INFO]   替換層 1 -> QuantModule_DiffAE_LoRA
2026-04-02 18:44:46,504 [INFO]   替換層 1 -> QuantModule_DiffAE_LoRA
2026-04-02 18:44:46,506 [INFO]   替換層 3 -> QuantModule_DiffAE_LoRA
2026-04-02 18:44:46,520 [INFO]   替換層 2 -> QuantModule_DiffAE_LoRA
2026-04-02 18:44:46,533 [INFO]   替換層 1 -> QuantModule_DiffAE_LoRA
2026-04-02 18:44:46,537 [INFO]   替換層 1 -> QuantModule_DiffAE_LoRA
2026-04-02 18:44:46,539 [INFO]   替換層 3 -> QuantModule_DiffAE_LoRA
2026-04-02 18:44:46,553 [INFO] 改造模組: output_blocks
2026-04-02 18:44:46,553 [INFO]   替換層 2 -> QuantModule_DiffAE_LoRA
2026-04-02 18:44:46,578 [INFO]   替換層 1 -> QuantModule_DiffAE_LoRA
2026-04-02 18:44:46,581 [INFO]   替換層 1 -> QuantModule_DiffAE_LoRA
2026-04-02 18:44:46,584 [INFO]   替換層 3 -> QuantModule_DiffAE_LoRA
2026-04-02 18:44:46,597 [INFO]   跳過量化 skip connection: skip_connection
2026-04-02 18:44:46,597 [INFO]   替換層 2 -> QuantModule_DiffAE_LoRA
2026-04-02 18:44:46,622 [INFO]   替換層 1 -> QuantModule_DiffAE_LoRA
2026-04-02 18:44:46,626 [INFO]   替換層 1 -> QuantModule_DiffAE_LoRA
2026-04-02 18:44:46,628 [INFO]   替換層 3 -> QuantModule_DiffAE_LoRA
2026-04-02 18:44:46,642 [INFO]   跳過量化 skip connection: skip_connection
2026-04-02 18:44:46,642 [INFO]   替換層 2 -> QuantModule_DiffAE_LoRA
2026-04-02 18:44:46,665 [INFO]   替換層 1 -> QuantModule_DiffAE_LoRA
2026-04-02 18:44:46,668 [INFO]   替換層 1 -> QuantModule_DiffAE_LoRA
2026-04-02 18:44:46,670 [INFO]   替換層 3 -> QuantModule_DiffAE_LoRA
2026-04-02 18:44:46,684 [INFO]   跳過量化 skip connection: skip_connection
2026-04-02 18:44:46,684 [INFO]   替換層 2 -> QuantModule_DiffAE_LoRA
2026-04-02 18:44:46,698 [INFO]   替換層 1 -> QuantModule_DiffAE_LoRA
2026-04-02 18:44:46,701 [INFO]   替換層 1 -> QuantModule_DiffAE_LoRA
2026-04-02 18:44:46,704 [INFO]   替換層 3 -> QuantModule_DiffAE_LoRA
2026-04-02 18:44:46,717 [INFO]   替換層 2 -> QuantModule_DiffAE_LoRA
2026-04-02 18:44:46,735 [INFO]   替換層 1 -> QuantModule_DiffAE_LoRA
2026-04-02 18:44:46,738 [INFO]   替換層 1 -> QuantModule_DiffAE_LoRA
2026-04-02 18:44:46,740 [INFO]   替換層 3 -> QuantModule_DiffAE_LoRA
2026-04-02 18:44:46,748 [INFO]   跳過量化 skip connection: skip_connection
2026-04-02 18:44:46,748 [INFO]   替換層 2 -> QuantModule_DiffAE_LoRA
2026-04-02 18:44:46,763 [INFO]   替換層 1 -> QuantModule_DiffAE_LoRA
2026-04-02 18:44:46,766 [INFO]   替換層 1 -> QuantModule_DiffAE_LoRA
2026-04-02 18:44:46,768 [INFO]   替換層 3 -> QuantModule_DiffAE_LoRA
2026-04-02 18:44:46,777 [INFO]   跳過量化 skip connection: skip_connection
2026-04-02 18:44:46,777 [INFO]   替換層 2 -> QuantModule_DiffAE_LoRA
2026-04-02 18:44:46,790 [INFO]   替換層 1 -> QuantModule_DiffAE_LoRA
2026-04-02 18:44:46,793 [INFO]   替換層 1 -> QuantModule_DiffAE_LoRA
2026-04-02 18:44:46,795 [INFO]   替換層 3 -> QuantModule_DiffAE_LoRA
2026-04-02 18:44:46,803 [INFO]   跳過量化 skip connection: skip_connection
2026-04-02 18:44:46,803 [INFO]   替換層 2 -> QuantModule_DiffAE_LoRA
2026-04-02 18:44:46,812 [INFO]   替換層 1 -> QuantModule_DiffAE_LoRA
2026-04-02 18:44:46,815 [INFO]   替換層 1 -> QuantModule_DiffAE_LoRA
2026-04-02 18:44:46,817 [INFO]   替換層 3 -> QuantModule_DiffAE_LoRA
2026-04-02 18:44:46,825 [INFO]   替換層 2 -> QuantModule_DiffAE_LoRA
2026-04-02 18:44:46,834 [INFO]   替換層 1 -> QuantModule_DiffAE_LoRA
2026-04-02 18:44:46,836 [INFO]   替換層 1 -> QuantModule_DiffAE_LoRA
2026-04-02 18:44:46,838 [INFO]   替換層 3 -> QuantModule_DiffAE_LoRA
2026-04-02 18:44:46,842 [INFO]   跳過量化 skip connection: skip_connection
2026-04-02 18:44:46,842 [INFO]   替換層 2 -> QuantModule_DiffAE_LoRA
2026-04-02 18:44:46,850 [INFO]   替換層 1 -> QuantModule_DiffAE_LoRA
2026-04-02 18:44:46,852 [INFO]   替換層 1 -> QuantModule_DiffAE_LoRA
2026-04-02 18:44:46,854 [INFO]   替換層 3 -> QuantModule_DiffAE_LoRA
2026-04-02 18:44:46,858 [INFO]   跳過量化 skip connection: skip_connection
2026-04-02 18:44:46,858 [INFO]   替換層 2 -> QuantModule_DiffAE_LoRA
2026-04-02 18:44:46,864 [INFO]   替換層 1 -> QuantModule_DiffAE_LoRA
2026-04-02 18:44:46,867 [INFO]   替換層 1 -> QuantModule_DiffAE_LoRA
2026-04-02 18:44:46,869 [INFO]   替換層 3 -> QuantModule_DiffAE_LoRA
2026-04-02 18:44:46,873 [INFO]   跳過量化 skip connection: skip_connection
2026-04-02 18:44:46,873 [INFO]   替換層 2 -> QuantModule_DiffAE_LoRA
2026-04-02 18:44:46,877 [INFO]   替換層 1 -> QuantModule_DiffAE_LoRA
2026-04-02 18:44:46,879 [INFO]   替換層 1 -> QuantModule_DiffAE_LoRA
2026-04-02 18:44:46,881 [INFO]   替換層 3 -> QuantModule_DiffAE_LoRA
2026-04-02 18:44:46,885 [INFO]   替換層 2 -> QuantModule_DiffAE_LoRA
2026-04-02 18:44:46,889 [INFO]   替換層 1 -> QuantModule_DiffAE_LoRA
2026-04-02 18:44:46,890 [INFO]   替換層 1 -> QuantModule_DiffAE_LoRA
2026-04-02 18:44:46,892 [INFO]   替換層 3 -> QuantModule_DiffAE_LoRA
2026-04-02 18:44:46,893 [INFO]   跳過量化 skip connection: skip_connection
2026-04-02 18:44:46,893 [INFO]   替換層 2 -> QuantModule_DiffAE_LoRA
2026-04-02 18:44:46,896 [INFO]   替換層 1 -> QuantModule_DiffAE_LoRA
2026-04-02 18:44:46,898 [INFO]   替換層 1 -> QuantModule_DiffAE_LoRA
2026-04-02 18:44:46,899 [INFO]   替換層 3 -> QuantModule_DiffAE_LoRA
2026-04-02 18:44:46,901 [INFO]   跳過量化 skip connection: skip_connection
2026-04-02 18:44:46,901 [INFO]   替換層 2 -> QuantModule_DiffAE_LoRA
2026-04-02 18:44:46,904 [INFO]   替換層 1 -> QuantModule_DiffAE_LoRA
2026-04-02 18:44:46,905 [INFO]   替換層 1 -> QuantModule_DiffAE_LoRA
2026-04-02 18:44:46,906 [INFO]   替換層 3 -> QuantModule_DiffAE_LoRA
2026-04-02 18:44:46,908 [INFO]   跳過量化 skip connection: skip_connection
2026-04-02 18:44:46,908 [INFO]   替換層 2 -> QuantModule_DiffAE_LoRA
2026-04-02 18:44:46,910 [INFO]   替換層 1 -> QuantModule_DiffAE_LoRA
2026-04-02 18:44:46,911 [INFO]   替換層 1 -> QuantModule_DiffAE_LoRA
2026-04-02 18:44:46,912 [INFO]   替換層 3 -> QuantModule_DiffAE_LoRA
2026-04-02 18:44:46,914 [INFO]   替換層 2 -> QuantModule_DiffAE_LoRA
2026-04-02 18:44:46,917 [INFO]   替換層 1 -> QuantModule_DiffAE_LoRA
2026-04-02 18:44:46,918 [INFO]   替換層 1 -> QuantModule_DiffAE_LoRA
2026-04-02 18:44:46,919 [INFO]   替換層 3 -> QuantModule_DiffAE_LoRA
2026-04-02 18:44:46,921 [INFO]   跳過量化 skip connection: skip_connection
2026-04-02 18:44:46,921 [INFO]   替換層 2 -> QuantModule_DiffAE_LoRA
2026-04-02 18:44:46,924 [INFO]   替換層 1 -> QuantModule_DiffAE_LoRA
2026-04-02 18:44:46,926 [INFO]   替換層 1 -> QuantModule_DiffAE_LoRA
2026-04-02 18:44:46,927 [INFO]   替換層 3 -> QuantModule_DiffAE_LoRA
2026-04-02 18:44:46,929 [INFO]   跳過量化 skip connection: skip_connection
2026-04-02 18:44:46,929 [INFO]   替換層 2 -> QuantModule_DiffAE_LoRA
2026-04-02 18:44:46,931 [INFO]   替換層 1 -> QuantModule_DiffAE_LoRA
2026-04-02 18:44:46,933 [INFO]   替換層 1 -> QuantModule_DiffAE_LoRA
2026-04-02 18:44:46,934 [INFO]   替換層 3 -> QuantModule_DiffAE_LoRA
2026-04-02 18:44:46,936 [INFO]   跳過量化 skip connection: skip_connection
2026-04-02 18:44:46,936 [INFO] 改造模組: out
2026-04-02 18:44:46,936 [INFO]   跳過量化特殊模組: 2
2026-04-02 18:44:46,942 [INFO] 執行 'create_float_quantized_model' 完成，耗時: 0.80 秒
2026-04-02 18:44:47,119 [INFO] 載入校準資料...
2026-04-02 18:44:47,444 [INFO] ✅ 載入真實校準資料成功
2026-04-02 18:44:47,448 [INFO] ==================================================
2026-04-02 18:44:47,448 [INFO] 5. Setting first and last layers to 8-bit...
2026-04-02 18:44:47,450 [INFO] 找到 144 個量化模組
2026-04-02 18:44:47,451 [INFO] ✅ 首尾層 8-bit 設定完成
2026-04-02 18:44:47,451 [INFO] set quant state to True, True for layer 1
2026-04-02 18:44:47,451 [INFO] set quant state to True, True for layer 2
2026-04-02 18:44:47,451 [INFO] set quant state to True, False for layer 3
2026-04-02 18:44:47,454 [INFO] set quant state to False, False for layer 144
2026-04-02 18:44:49,274 [INFO] EMA(load from ema_model.model.*): provided=1106 effective_loaded=1106 missing=0 unexpected=0
2026-04-02 18:44:49,415 [INFO] MODEL(load from model.model.*): provided=1106 effective_loaded=1106 missing=0 unexpected=0
2026-04-02 18:44:49,418 [INFO] ✅ 量化模型權重載入成功
2026-04-02 18:44:49,499 [INFO] cache_scheduler runtime overrides: {'force_full_prefix_steps': 0, 'prefix_ddim_timesteps': [], 'force_full_runtime_blocks': [], 'first_input_runtime_block_name': 'encoder_layer_0', 'note': 'Overrides are unions on top of Stage1-expanded recompute sets; they do not replace the Stage1 scheduler JSON.', 'variant_label': 'baseline', 'force_full_runtime_blocks_effective': []}
2026-04-02 18:44:49,500 [INFO] ✅ Stage2 cache scheduler enabled: /home/jimmy/diffae/QATcode/cache_method/Stage2/stage2_output/plan2_k25_sw2/baseline_908030/stage2_refined_scheduler_config.json
2026-04-02 18:44:49,500 [INFO] scheduler blocks=31, T=100
2026-04-02 19:08:14,499 [INFO] FID@5000 T=100 score: 16.16924285888672
2026-04-02 19:08:14,500 [INFO] Output dir: mycache/gen_images/ffhq128_autoenc_latent_QAT_T100_cache_stage2
2026-04-02 19:08:14,502 [INFO] Wrote override run record: /home/jimmy/diffae/mycache/gen_images/ffhq128_autoenc_latent_QAT_T100_cache_stage2/cache_runtime_overrides_run.json
2026-04-02 19:08:14,511 [INFO] Run artifacts written to: QATcode/cache_method/results/plan2_k25_sw2/20260402/baseline_908030/0402_18_baseline_908030
